[2026-03-29T21:30:35.033+0000] {processor.py:161} INFO - Started process (PID=65) to work on /home/airflow/.local/lib/python3.12/site-packages/airflow/example_dags/example_branch_operator.py
[2026-03-29T21:30:35.045+0000] {processor.py:830} INFO - Processing file /home/airflow/.local/lib/python3.12/site-packages/airflow/example_dags/example_branch_operator.py for tasks to queue
[2026-03-29T21:30:35.052+0000] {logging_mixin.py:188} INFO - [2026-03-29T21:30:35.051+0000] {dagbag.py:545} INFO - Filling up the DagBag from /home/airflow/.local/lib/python3.12/site-packages/airflow/example_dags/example_branch_operator.py
[2026-03-29T21:30:35.150+0000] {processor.py:840} INFO - DAG(s) 'example_branch_operator' retrieved from /home/airflow/.local/lib/python3.12/site-packages/airflow/example_dags/example_branch_operator.py
[2026-03-29T21:30:35.205+0000] {logging_mixin.py:188} INFO - [2026-03-29T21:30:35.204+0000] {dag.py:3089} INFO - Sync 1 DAGs
[2026-03-29T21:30:35.339+0000] {logging_mixin.py:188} INFO - [2026-03-29T21:30:35.339+0000] {dag.py:3947} INFO - Setting next_dagrun for example_branch_operator to 2026-03-28 00:00:00+00:00, run_after=2026-03-29 00:00:00+00:00
[2026-03-29T21:30:35.413+0000] {processor.py:183} INFO - Processing /home/airflow/.local/lib/python3.12/site-packages/airflow/example_dags/example_branch_operator.py took 0.395 seconds
[2026-03-29T21:31:05.700+0000] {processor.py:161} INFO - Started process (PID=117) to work on /home/airflow/.local/lib/python3.12/site-packages/airflow/example_dags/example_branch_operator.py
[2026-03-29T21:31:05.705+0000] {processor.py:830} INFO - Processing file /home/airflow/.local/lib/python3.12/site-packages/airflow/example_dags/example_branch_operator.py for tasks to queue
[2026-03-29T21:31:05.710+0000] {logging_mixin.py:188} INFO - [2026-03-29T21:31:05.709+0000] {dagbag.py:545} INFO - Filling up the DagBag from /home/airflow/.local/lib/python3.12/site-packages/airflow/example_dags/example_branch_operator.py
[2026-03-29T21:31:05.753+0000] {processor.py:840} INFO - DAG(s) 'example_branch_operator' retrieved from /home/airflow/.local/lib/python3.12/site-packages/airflow/example_dags/example_branch_operator.py
[2026-03-29T21:31:06.007+0000] {logging_mixin.py:188} INFO - [2026-03-29T21:31:06.007+0000] {dag.py:3089} INFO - Sync 1 DAGs
[2026-03-29T21:31:06.050+0000] {logging_mixin.py:188} INFO - [2026-03-29T21:31:06.049+0000] {dag.py:3947} INFO - Setting next_dagrun for example_branch_operator to 2026-03-28 00:00:00+00:00, run_after=2026-03-29 00:00:00+00:00
[2026-03-29T21:31:06.081+0000] {processor.py:183} INFO - Processing /home/airflow/.local/lib/python3.12/site-packages/airflow/example_dags/example_branch_operator.py took 0.398 seconds
[2026-03-29T21:31:37.039+0000] {processor.py:161} INFO - Started process (PID=169) to work on /home/airflow/.local/lib/python3.12/site-packages/airflow/example_dags/example_branch_operator.py
[2026-03-29T21:31:37.043+0000] {processor.py:830} INFO - Processing file /home/airflow/.local/lib/python3.12/site-packages/airflow/example_dags/example_branch_operator.py for tasks to queue
[2026-03-29T21:31:37.053+0000] {logging_mixin.py:188} INFO - [2026-03-29T21:31:37.049+0000] {dagbag.py:545} INFO - Filling up the DagBag from /home/airflow/.local/lib/python3.12/site-packages/airflow/example_dags/example_branch_operator.py
[2026-03-29T21:31:37.075+0000] {processor.py:840} INFO - DAG(s) 'example_branch_operator' retrieved from /home/airflow/.local/lib/python3.12/site-packages/airflow/example_dags/example_branch_operator.py
[2026-03-29T21:31:37.109+0000] {logging_mixin.py:188} INFO - [2026-03-29T21:31:37.109+0000] {dag.py:3089} INFO - Sync 1 DAGs
[2026-03-29T21:31:37.135+0000] {logging_mixin.py:188} INFO - [2026-03-29T21:31:37.135+0000] {dag.py:3947} INFO - Setting next_dagrun for example_branch_operator to 2026-03-28 00:00:00+00:00, run_after=2026-03-29 00:00:00+00:00
[2026-03-29T21:31:37.153+0000] {processor.py:183} INFO - Processing /home/airflow/.local/lib/python3.12/site-packages/airflow/example_dags/example_branch_operator.py took 0.145 seconds
[2026-03-29T21:32:07.962+0000] {processor.py:161} INFO - Started process (PID=221) to work on /home/airflow/.local/lib/python3.12/site-packages/airflow/example_dags/example_branch_operator.py
[2026-03-29T21:32:07.963+0000] {processor.py:830} INFO - Processing file /home/airflow/.local/lib/python3.12/site-packages/airflow/example_dags/example_branch_operator.py for tasks to queue
[2026-03-29T21:32:07.965+0000] {logging_mixin.py:188} INFO - [2026-03-29T21:32:07.965+0000] {dagbag.py:545} INFO - Filling up the DagBag from /home/airflow/.local/lib/python3.12/site-packages/airflow/example_dags/example_branch_operator.py
[2026-03-29T21:32:07.983+0000] {processor.py:840} INFO - DAG(s) 'example_branch_operator' retrieved from /home/airflow/.local/lib/python3.12/site-packages/airflow/example_dags/example_branch_operator.py
[2026-03-29T21:32:08.013+0000] {logging_mixin.py:188} INFO - [2026-03-29T21:32:08.012+0000] {dag.py:3089} INFO - Sync 1 DAGs
[2026-03-29T21:32:08.032+0000] {logging_mixin.py:188} INFO - [2026-03-29T21:32:08.032+0000] {dag.py:3947} INFO - Setting next_dagrun for example_branch_operator to 2026-03-28 00:00:00+00:00, run_after=2026-03-29 00:00:00+00:00
[2026-03-29T21:32:08.052+0000] {processor.py:183} INFO - Processing /home/airflow/.local/lib/python3.12/site-packages/airflow/example_dags/example_branch_operator.py took 0.097 seconds
[2026-03-29T21:32:38.613+0000] {processor.py:161} INFO - Started process (PID=273) to work on /home/airflow/.local/lib/python3.12/site-packages/airflow/example_dags/example_branch_operator.py
[2026-03-29T21:32:38.616+0000] {processor.py:830} INFO - Processing file /home/airflow/.local/lib/python3.12/site-packages/airflow/example_dags/example_branch_operator.py for tasks to queue
[2026-03-29T21:32:38.619+0000] {logging_mixin.py:188} INFO - [2026-03-29T21:32:38.618+0000] {dagbag.py:545} INFO - Filling up the DagBag from /home/airflow/.local/lib/python3.12/site-packages/airflow/example_dags/example_branch_operator.py
[2026-03-29T21:32:38.634+0000] {processor.py:840} INFO - DAG(s) 'example_branch_operator' retrieved from /home/airflow/.local/lib/python3.12/site-packages/airflow/example_dags/example_branch_operator.py
[2026-03-29T21:32:38.656+0000] {logging_mixin.py:188} INFO - [2026-03-29T21:32:38.656+0000] {dag.py:3089} INFO - Sync 1 DAGs
[2026-03-29T21:32:38.670+0000] {logging_mixin.py:188} INFO - [2026-03-29T21:32:38.670+0000] {dag.py:3947} INFO - Setting next_dagrun for example_branch_operator to 2026-03-28 00:00:00+00:00, run_after=2026-03-29 00:00:00+00:00
[2026-03-29T21:32:38.689+0000] {processor.py:183} INFO - Processing /home/airflow/.local/lib/python3.12/site-packages/airflow/example_dags/example_branch_operator.py took 0.083 seconds
[2026-03-29T21:33:09.243+0000] {processor.py:161} INFO - Started process (PID=325) to work on /home/airflow/.local/lib/python3.12/site-packages/airflow/example_dags/example_branch_operator.py
[2026-03-29T21:33:09.244+0000] {processor.py:830} INFO - Processing file /home/airflow/.local/lib/python3.12/site-packages/airflow/example_dags/example_branch_operator.py for tasks to queue
[2026-03-29T21:33:09.246+0000] {logging_mixin.py:188} INFO - [2026-03-29T21:33:09.246+0000] {dagbag.py:545} INFO - Filling up the DagBag from /home/airflow/.local/lib/python3.12/site-packages/airflow/example_dags/example_branch_operator.py
[2026-03-29T21:33:09.263+0000] {processor.py:840} INFO - DAG(s) 'example_branch_operator' retrieved from /home/airflow/.local/lib/python3.12/site-packages/airflow/example_dags/example_branch_operator.py
[2026-03-29T21:33:09.284+0000] {logging_mixin.py:188} INFO - [2026-03-29T21:33:09.284+0000] {dag.py:3089} INFO - Sync 1 DAGs
[2026-03-29T21:33:09.301+0000] {logging_mixin.py:188} INFO - [2026-03-29T21:33:09.301+0000] {dag.py:3947} INFO - Setting next_dagrun for example_branch_operator to 2026-03-28 00:00:00+00:00, run_after=2026-03-29 00:00:00+00:00
[2026-03-29T21:33:09.321+0000] {processor.py:183} INFO - Processing /home/airflow/.local/lib/python3.12/site-packages/airflow/example_dags/example_branch_operator.py took 0.085 seconds
[2026-03-29T21:33:40.100+0000] {processor.py:161} INFO - Started process (PID=377) to work on /home/airflow/.local/lib/python3.12/site-packages/airflow/example_dags/example_branch_operator.py
[2026-03-29T21:33:40.102+0000] {processor.py:830} INFO - Processing file /home/airflow/.local/lib/python3.12/site-packages/airflow/example_dags/example_branch_operator.py for tasks to queue
[2026-03-29T21:33:40.105+0000] {logging_mixin.py:188} INFO - [2026-03-29T21:33:40.105+0000] {dagbag.py:545} INFO - Filling up the DagBag from /home/airflow/.local/lib/python3.12/site-packages/airflow/example_dags/example_branch_operator.py
[2026-03-29T21:33:40.136+0000] {processor.py:840} INFO - DAG(s) 'example_branch_operator' retrieved from /home/airflow/.local/lib/python3.12/site-packages/airflow/example_dags/example_branch_operator.py
[2026-03-29T21:33:40.182+0000] {logging_mixin.py:188} INFO - [2026-03-29T21:33:40.182+0000] {dag.py:3089} INFO - Sync 1 DAGs
[2026-03-29T21:33:40.237+0000] {logging_mixin.py:188} INFO - [2026-03-29T21:33:40.236+0000] {dag.py:3947} INFO - Setting next_dagrun for example_branch_operator to 2026-03-28 00:00:00+00:00, run_after=2026-03-29 00:00:00+00:00
[2026-03-29T21:33:40.300+0000] {processor.py:183} INFO - Processing /home/airflow/.local/lib/python3.12/site-packages/airflow/example_dags/example_branch_operator.py took 0.211 seconds
[2026-03-29T21:34:10.771+0000] {processor.py:161} INFO - Started process (PID=429) to work on /home/airflow/.local/lib/python3.12/site-packages/airflow/example_dags/example_branch_operator.py
[2026-03-29T21:34:10.772+0000] {processor.py:830} INFO - Processing file /home/airflow/.local/lib/python3.12/site-packages/airflow/example_dags/example_branch_operator.py for tasks to queue
[2026-03-29T21:34:10.775+0000] {logging_mixin.py:188} INFO - [2026-03-29T21:34:10.775+0000] {dagbag.py:545} INFO - Filling up the DagBag from /home/airflow/.local/lib/python3.12/site-packages/airflow/example_dags/example_branch_operator.py
[2026-03-29T21:34:10.804+0000] {processor.py:840} INFO - DAG(s) 'example_branch_operator' retrieved from /home/airflow/.local/lib/python3.12/site-packages/airflow/example_dags/example_branch_operator.py
[2026-03-29T21:34:10.961+0000] {logging_mixin.py:188} INFO - [2026-03-29T21:34:10.960+0000] {dag.py:3089} INFO - Sync 1 DAGs
[2026-03-29T21:34:11.031+0000] {logging_mixin.py:188} INFO - [2026-03-29T21:34:11.030+0000] {dag.py:3947} INFO - Setting next_dagrun for example_branch_operator to 2026-03-28 00:00:00+00:00, run_after=2026-03-29 00:00:00+00:00
[2026-03-29T21:34:11.100+0000] {processor.py:183} INFO - Processing /home/airflow/.local/lib/python3.12/site-packages/airflow/example_dags/example_branch_operator.py took 0.340 seconds
[2026-03-29T21:34:41.186+0000] {processor.py:161} INFO - Started process (PID=481) to work on /home/airflow/.local/lib/python3.12/site-packages/airflow/example_dags/example_branch_operator.py
[2026-03-29T21:34:41.188+0000] {processor.py:830} INFO - Processing file /home/airflow/.local/lib/python3.12/site-packages/airflow/example_dags/example_branch_operator.py for tasks to queue
[2026-03-29T21:34:41.190+0000] {logging_mixin.py:188} INFO - [2026-03-29T21:34:41.190+0000] {dagbag.py:545} INFO - Filling up the DagBag from /home/airflow/.local/lib/python3.12/site-packages/airflow/example_dags/example_branch_operator.py
[2026-03-29T21:34:41.212+0000] {processor.py:840} INFO - DAG(s) 'example_branch_operator' retrieved from /home/airflow/.local/lib/python3.12/site-packages/airflow/example_dags/example_branch_operator.py
[2026-03-29T21:34:41.237+0000] {logging_mixin.py:188} INFO - [2026-03-29T21:34:41.237+0000] {dag.py:3089} INFO - Sync 1 DAGs
[2026-03-29T21:34:41.255+0000] {logging_mixin.py:188} INFO - [2026-03-29T21:34:41.255+0000] {dag.py:3947} INFO - Setting next_dagrun for example_branch_operator to 2026-03-28 00:00:00+00:00, run_after=2026-03-29 00:00:00+00:00
[2026-03-29T21:34:41.276+0000] {processor.py:183} INFO - Processing /home/airflow/.local/lib/python3.12/site-packages/airflow/example_dags/example_branch_operator.py took 0.097 seconds
[2026-03-29T21:35:12.174+0000] {processor.py:161} INFO - Started process (PID=533) to work on /home/airflow/.local/lib/python3.12/site-packages/airflow/example_dags/example_branch_operator.py
[2026-03-29T21:35:12.175+0000] {processor.py:830} INFO - Processing file /home/airflow/.local/lib/python3.12/site-packages/airflow/example_dags/example_branch_operator.py for tasks to queue
[2026-03-29T21:35:12.177+0000] {logging_mixin.py:188} INFO - [2026-03-29T21:35:12.177+0000] {dagbag.py:545} INFO - Filling up the DagBag from /home/airflow/.local/lib/python3.12/site-packages/airflow/example_dags/example_branch_operator.py
[2026-03-29T21:35:12.204+0000] {processor.py:840} INFO - DAG(s) 'example_branch_operator' retrieved from /home/airflow/.local/lib/python3.12/site-packages/airflow/example_dags/example_branch_operator.py
[2026-03-29T21:35:12.245+0000] {logging_mixin.py:188} INFO - [2026-03-29T21:35:12.244+0000] {dag.py:3089} INFO - Sync 1 DAGs
[2026-03-29T21:35:12.264+0000] {logging_mixin.py:188} INFO - [2026-03-29T21:35:12.263+0000] {dag.py:3947} INFO - Setting next_dagrun for example_branch_operator to 2026-03-28 00:00:00+00:00, run_after=2026-03-29 00:00:00+00:00
[2026-03-29T21:35:12.285+0000] {processor.py:183} INFO - Processing /home/airflow/.local/lib/python3.12/site-packages/airflow/example_dags/example_branch_operator.py took 0.121 seconds
[2026-03-29T21:35:42.874+0000] {processor.py:161} INFO - Started process (PID=585) to work on /home/airflow/.local/lib/python3.12/site-packages/airflow/example_dags/example_branch_operator.py
[2026-03-29T21:35:42.875+0000] {processor.py:830} INFO - Processing file /home/airflow/.local/lib/python3.12/site-packages/airflow/example_dags/example_branch_operator.py for tasks to queue
[2026-03-29T21:35:42.877+0000] {logging_mixin.py:188} INFO - [2026-03-29T21:35:42.877+0000] {dagbag.py:545} INFO - Filling up the DagBag from /home/airflow/.local/lib/python3.12/site-packages/airflow/example_dags/example_branch_operator.py
[2026-03-29T21:35:42.894+0000] {processor.py:840} INFO - DAG(s) 'example_branch_operator' retrieved from /home/airflow/.local/lib/python3.12/site-packages/airflow/example_dags/example_branch_operator.py
[2026-03-29T21:35:42.916+0000] {logging_mixin.py:188} INFO - [2026-03-29T21:35:42.916+0000] {dag.py:3089} INFO - Sync 1 DAGs
[2026-03-29T21:35:42.936+0000] {logging_mixin.py:188} INFO - [2026-03-29T21:35:42.936+0000] {dag.py:3947} INFO - Setting next_dagrun for example_branch_operator to 2026-03-28 00:00:00+00:00, run_after=2026-03-29 00:00:00+00:00
[2026-03-29T21:35:42.951+0000] {processor.py:183} INFO - Processing /home/airflow/.local/lib/python3.12/site-packages/airflow/example_dags/example_branch_operator.py took 0.085 seconds
[2026-03-29T21:36:13.551+0000] {processor.py:161} INFO - Started process (PID=637) to work on /home/airflow/.local/lib/python3.12/site-packages/airflow/example_dags/example_branch_operator.py
[2026-03-29T21:36:13.553+0000] {processor.py:830} INFO - Processing file /home/airflow/.local/lib/python3.12/site-packages/airflow/example_dags/example_branch_operator.py for tasks to queue
[2026-03-29T21:36:13.557+0000] {logging_mixin.py:188} INFO - [2026-03-29T21:36:13.556+0000] {dagbag.py:545} INFO - Filling up the DagBag from /home/airflow/.local/lib/python3.12/site-packages/airflow/example_dags/example_branch_operator.py
[2026-03-29T21:36:13.576+0000] {processor.py:840} INFO - DAG(s) 'example_branch_operator' retrieved from /home/airflow/.local/lib/python3.12/site-packages/airflow/example_dags/example_branch_operator.py
[2026-03-29T21:36:13.597+0000] {logging_mixin.py:188} INFO - [2026-03-29T21:36:13.596+0000] {dag.py:3089} INFO - Sync 1 DAGs
[2026-03-29T21:36:13.615+0000] {logging_mixin.py:188} INFO - [2026-03-29T21:36:13.615+0000] {dag.py:3947} INFO - Setting next_dagrun for example_branch_operator to 2026-03-28 00:00:00+00:00, run_after=2026-03-29 00:00:00+00:00
[2026-03-29T21:36:13.631+0000] {processor.py:183} INFO - Processing /home/airflow/.local/lib/python3.12/site-packages/airflow/example_dags/example_branch_operator.py took 0.088 seconds
[2026-03-29T21:36:43.700+0000] {processor.py:161} INFO - Started process (PID=689) to work on /home/airflow/.local/lib/python3.12/site-packages/airflow/example_dags/example_branch_operator.py
[2026-03-29T21:36:43.701+0000] {processor.py:830} INFO - Processing file /home/airflow/.local/lib/python3.12/site-packages/airflow/example_dags/example_branch_operator.py for tasks to queue
[2026-03-29T21:36:43.702+0000] {logging_mixin.py:188} INFO - [2026-03-29T21:36:43.702+0000] {dagbag.py:545} INFO - Filling up the DagBag from /home/airflow/.local/lib/python3.12/site-packages/airflow/example_dags/example_branch_operator.py
[2026-03-29T21:36:43.714+0000] {processor.py:840} INFO - DAG(s) 'example_branch_operator' retrieved from /home/airflow/.local/lib/python3.12/site-packages/airflow/example_dags/example_branch_operator.py
[2026-03-29T21:36:43.732+0000] {logging_mixin.py:188} INFO - [2026-03-29T21:36:43.732+0000] {dag.py:3089} INFO - Sync 1 DAGs
[2026-03-29T21:36:43.746+0000] {logging_mixin.py:188} INFO - [2026-03-29T21:36:43.745+0000] {dag.py:3947} INFO - Setting next_dagrun for example_branch_operator to 2026-03-28 00:00:00+00:00, run_after=2026-03-29 00:00:00+00:00
[2026-03-29T21:36:43.758+0000] {processor.py:183} INFO - Processing /home/airflow/.local/lib/python3.12/site-packages/airflow/example_dags/example_branch_operator.py took 0.063 seconds
[2026-03-29T21:37:14.366+0000] {processor.py:161} INFO - Started process (PID=741) to work on /home/airflow/.local/lib/python3.12/site-packages/airflow/example_dags/example_branch_operator.py
[2026-03-29T21:37:14.367+0000] {processor.py:830} INFO - Processing file /home/airflow/.local/lib/python3.12/site-packages/airflow/example_dags/example_branch_operator.py for tasks to queue
[2026-03-29T21:37:14.369+0000] {logging_mixin.py:188} INFO - [2026-03-29T21:37:14.369+0000] {dagbag.py:545} INFO - Filling up the DagBag from /home/airflow/.local/lib/python3.12/site-packages/airflow/example_dags/example_branch_operator.py
[2026-03-29T21:37:14.384+0000] {processor.py:840} INFO - DAG(s) 'example_branch_operator' retrieved from /home/airflow/.local/lib/python3.12/site-packages/airflow/example_dags/example_branch_operator.py
[2026-03-29T21:37:14.414+0000] {logging_mixin.py:188} INFO - [2026-03-29T21:37:14.414+0000] {dag.py:3089} INFO - Sync 1 DAGs
[2026-03-29T21:37:14.431+0000] {logging_mixin.py:188} INFO - [2026-03-29T21:37:14.431+0000] {dag.py:3947} INFO - Setting next_dagrun for example_branch_operator to 2026-03-28 00:00:00+00:00, run_after=2026-03-29 00:00:00+00:00
[2026-03-29T21:37:14.450+0000] {processor.py:183} INFO - Processing /home/airflow/.local/lib/python3.12/site-packages/airflow/example_dags/example_branch_operator.py took 0.090 seconds
[2026-03-29T21:37:44.819+0000] {processor.py:161} INFO - Started process (PID=793) to work on /home/airflow/.local/lib/python3.12/site-packages/airflow/example_dags/example_branch_operator.py
[2026-03-29T21:37:44.821+0000] {processor.py:830} INFO - Processing file /home/airflow/.local/lib/python3.12/site-packages/airflow/example_dags/example_branch_operator.py for tasks to queue
[2026-03-29T21:37:44.823+0000] {logging_mixin.py:188} INFO - [2026-03-29T21:37:44.823+0000] {dagbag.py:545} INFO - Filling up the DagBag from /home/airflow/.local/lib/python3.12/site-packages/airflow/example_dags/example_branch_operator.py
[2026-03-29T21:37:44.845+0000] {processor.py:840} INFO - DAG(s) 'example_branch_operator' retrieved from /home/airflow/.local/lib/python3.12/site-packages/airflow/example_dags/example_branch_operator.py
[2026-03-29T21:37:44.881+0000] {logging_mixin.py:188} INFO - [2026-03-29T21:37:44.881+0000] {dag.py:3089} INFO - Sync 1 DAGs
[2026-03-29T21:37:44.920+0000] {logging_mixin.py:188} INFO - [2026-03-29T21:37:44.920+0000] {dag.py:3947} INFO - Setting next_dagrun for example_branch_operator to 2026-03-28 00:00:00+00:00, run_after=2026-03-29 00:00:00+00:00
[2026-03-29T21:37:44.947+0000] {processor.py:183} INFO - Processing /home/airflow/.local/lib/python3.12/site-packages/airflow/example_dags/example_branch_operator.py took 0.136 seconds
[2026-03-29T21:38:15.052+0000] {processor.py:161} INFO - Started process (PID=845) to work on /home/airflow/.local/lib/python3.12/site-packages/airflow/example_dags/example_branch_operator.py
[2026-03-29T21:38:15.053+0000] {processor.py:830} INFO - Processing file /home/airflow/.local/lib/python3.12/site-packages/airflow/example_dags/example_branch_operator.py for tasks to queue
[2026-03-29T21:38:15.056+0000] {logging_mixin.py:188} INFO - [2026-03-29T21:38:15.055+0000] {dagbag.py:545} INFO - Filling up the DagBag from /home/airflow/.local/lib/python3.12/site-packages/airflow/example_dags/example_branch_operator.py
[2026-03-29T21:38:15.072+0000] {processor.py:840} INFO - DAG(s) 'example_branch_operator' retrieved from /home/airflow/.local/lib/python3.12/site-packages/airflow/example_dags/example_branch_operator.py
[2026-03-29T21:38:15.096+0000] {logging_mixin.py:188} INFO - [2026-03-29T21:38:15.095+0000] {dag.py:3089} INFO - Sync 1 DAGs
[2026-03-29T21:38:15.114+0000] {logging_mixin.py:188} INFO - [2026-03-29T21:38:15.113+0000] {dag.py:3947} INFO - Setting next_dagrun for example_branch_operator to 2026-03-28 00:00:00+00:00, run_after=2026-03-29 00:00:00+00:00
[2026-03-29T21:38:15.131+0000] {processor.py:183} INFO - Processing /home/airflow/.local/lib/python3.12/site-packages/airflow/example_dags/example_branch_operator.py took 0.086 seconds
[2026-03-29T21:38:45.718+0000] {processor.py:161} INFO - Started process (PID=897) to work on /home/airflow/.local/lib/python3.12/site-packages/airflow/example_dags/example_branch_operator.py
[2026-03-29T21:38:45.719+0000] {processor.py:830} INFO - Processing file /home/airflow/.local/lib/python3.12/site-packages/airflow/example_dags/example_branch_operator.py for tasks to queue
[2026-03-29T21:38:45.721+0000] {logging_mixin.py:188} INFO - [2026-03-29T21:38:45.720+0000] {dagbag.py:545} INFO - Filling up the DagBag from /home/airflow/.local/lib/python3.12/site-packages/airflow/example_dags/example_branch_operator.py
[2026-03-29T21:38:45.739+0000] {processor.py:840} INFO - DAG(s) 'example_branch_operator' retrieved from /home/airflow/.local/lib/python3.12/site-packages/airflow/example_dags/example_branch_operator.py
[2026-03-29T21:38:45.761+0000] {logging_mixin.py:188} INFO - [2026-03-29T21:38:45.761+0000] {dag.py:3089} INFO - Sync 1 DAGs
[2026-03-29T21:38:45.780+0000] {logging_mixin.py:188} INFO - [2026-03-29T21:38:45.780+0000] {dag.py:3947} INFO - Setting next_dagrun for example_branch_operator to 2026-03-28 00:00:00+00:00, run_after=2026-03-29 00:00:00+00:00
[2026-03-29T21:38:45.794+0000] {processor.py:183} INFO - Processing /home/airflow/.local/lib/python3.12/site-packages/airflow/example_dags/example_branch_operator.py took 0.082 seconds
[2026-03-29T21:39:16.159+0000] {processor.py:161} INFO - Started process (PID=949) to work on /home/airflow/.local/lib/python3.12/site-packages/airflow/example_dags/example_branch_operator.py
[2026-03-29T21:39:16.160+0000] {processor.py:830} INFO - Processing file /home/airflow/.local/lib/python3.12/site-packages/airflow/example_dags/example_branch_operator.py for tasks to queue
[2026-03-29T21:39:16.162+0000] {logging_mixin.py:188} INFO - [2026-03-29T21:39:16.162+0000] {dagbag.py:545} INFO - Filling up the DagBag from /home/airflow/.local/lib/python3.12/site-packages/airflow/example_dags/example_branch_operator.py
[2026-03-29T21:39:16.177+0000] {processor.py:840} INFO - DAG(s) 'example_branch_operator' retrieved from /home/airflow/.local/lib/python3.12/site-packages/airflow/example_dags/example_branch_operator.py
[2026-03-29T21:39:16.198+0000] {logging_mixin.py:188} INFO - [2026-03-29T21:39:16.198+0000] {dag.py:3089} INFO - Sync 1 DAGs
[2026-03-29T21:39:16.215+0000] {logging_mixin.py:188} INFO - [2026-03-29T21:39:16.214+0000] {dag.py:3947} INFO - Setting next_dagrun for example_branch_operator to 2026-03-28 00:00:00+00:00, run_after=2026-03-29 00:00:00+00:00
[2026-03-29T21:39:16.227+0000] {processor.py:183} INFO - Processing /home/airflow/.local/lib/python3.12/site-packages/airflow/example_dags/example_branch_operator.py took 0.076 seconds
[2026-03-29T21:39:46.754+0000] {processor.py:161} INFO - Started process (PID=1001) to work on /home/airflow/.local/lib/python3.12/site-packages/airflow/example_dags/example_branch_operator.py
[2026-03-29T21:39:46.756+0000] {processor.py:830} INFO - Processing file /home/airflow/.local/lib/python3.12/site-packages/airflow/example_dags/example_branch_operator.py for tasks to queue
[2026-03-29T21:39:46.759+0000] {logging_mixin.py:188} INFO - [2026-03-29T21:39:46.759+0000] {dagbag.py:545} INFO - Filling up the DagBag from /home/airflow/.local/lib/python3.12/site-packages/airflow/example_dags/example_branch_operator.py
[2026-03-29T21:39:46.784+0000] {processor.py:840} INFO - DAG(s) 'example_branch_operator' retrieved from /home/airflow/.local/lib/python3.12/site-packages/airflow/example_dags/example_branch_operator.py
[2026-03-29T21:39:46.835+0000] {logging_mixin.py:188} INFO - [2026-03-29T21:39:46.834+0000] {dag.py:3089} INFO - Sync 1 DAGs
[2026-03-29T21:39:46.874+0000] {logging_mixin.py:188} INFO - [2026-03-29T21:39:46.874+0000] {dag.py:3947} INFO - Setting next_dagrun for example_branch_operator to 2026-03-28 00:00:00+00:00, run_after=2026-03-29 00:00:00+00:00
[2026-03-29T21:39:46.905+0000] {processor.py:183} INFO - Processing /home/airflow/.local/lib/python3.12/site-packages/airflow/example_dags/example_branch_operator.py took 0.165 seconds
[2026-03-29T21:40:17.434+0000] {processor.py:161} INFO - Started process (PID=1053) to work on /home/airflow/.local/lib/python3.12/site-packages/airflow/example_dags/example_branch_operator.py
[2026-03-29T21:40:17.436+0000] {processor.py:830} INFO - Processing file /home/airflow/.local/lib/python3.12/site-packages/airflow/example_dags/example_branch_operator.py for tasks to queue
[2026-03-29T21:40:17.441+0000] {logging_mixin.py:188} INFO - [2026-03-29T21:40:17.439+0000] {dagbag.py:545} INFO - Filling up the DagBag from /home/airflow/.local/lib/python3.12/site-packages/airflow/example_dags/example_branch_operator.py
[2026-03-29T21:40:17.459+0000] {processor.py:840} INFO - DAG(s) 'example_branch_operator' retrieved from /home/airflow/.local/lib/python3.12/site-packages/airflow/example_dags/example_branch_operator.py
[2026-03-29T21:40:17.486+0000] {logging_mixin.py:188} INFO - [2026-03-29T21:40:17.486+0000] {dag.py:3089} INFO - Sync 1 DAGs
[2026-03-29T21:40:17.510+0000] {logging_mixin.py:188} INFO - [2026-03-29T21:40:17.510+0000] {dag.py:3947} INFO - Setting next_dagrun for example_branch_operator to 2026-03-28 00:00:00+00:00, run_after=2026-03-29 00:00:00+00:00
[2026-03-29T21:40:17.530+0000] {processor.py:183} INFO - Processing /home/airflow/.local/lib/python3.12/site-packages/airflow/example_dags/example_branch_operator.py took 0.102 seconds
[2026-03-29T21:40:47.782+0000] {processor.py:161} INFO - Started process (PID=1105) to work on /home/airflow/.local/lib/python3.12/site-packages/airflow/example_dags/example_branch_operator.py
[2026-03-29T21:40:47.783+0000] {processor.py:830} INFO - Processing file /home/airflow/.local/lib/python3.12/site-packages/airflow/example_dags/example_branch_operator.py for tasks to queue
[2026-03-29T21:40:47.786+0000] {logging_mixin.py:188} INFO - [2026-03-29T21:40:47.785+0000] {dagbag.py:545} INFO - Filling up the DagBag from /home/airflow/.local/lib/python3.12/site-packages/airflow/example_dags/example_branch_operator.py
[2026-03-29T21:40:47.801+0000] {processor.py:840} INFO - DAG(s) 'example_branch_operator' retrieved from /home/airflow/.local/lib/python3.12/site-packages/airflow/example_dags/example_branch_operator.py
[2026-03-29T21:40:47.838+0000] {logging_mixin.py:188} INFO - [2026-03-29T21:40:47.837+0000] {dag.py:3089} INFO - Sync 1 DAGs
[2026-03-29T21:40:47.861+0000] {logging_mixin.py:188} INFO - [2026-03-29T21:40:47.861+0000] {dag.py:3947} INFO - Setting next_dagrun for example_branch_operator to 2026-03-28 00:00:00+00:00, run_after=2026-03-29 00:00:00+00:00
[2026-03-29T21:40:47.878+0000] {processor.py:183} INFO - Processing /home/airflow/.local/lib/python3.12/site-packages/airflow/example_dags/example_branch_operator.py took 0.101 seconds
[2026-03-29T21:41:18.565+0000] {processor.py:161} INFO - Started process (PID=1157) to work on /home/airflow/.local/lib/python3.12/site-packages/airflow/example_dags/example_branch_operator.py
[2026-03-29T21:41:18.566+0000] {processor.py:830} INFO - Processing file /home/airflow/.local/lib/python3.12/site-packages/airflow/example_dags/example_branch_operator.py for tasks to queue
[2026-03-29T21:41:18.568+0000] {logging_mixin.py:188} INFO - [2026-03-29T21:41:18.567+0000] {dagbag.py:545} INFO - Filling up the DagBag from /home/airflow/.local/lib/python3.12/site-packages/airflow/example_dags/example_branch_operator.py
[2026-03-29T21:41:18.581+0000] {processor.py:840} INFO - DAG(s) 'example_branch_operator' retrieved from /home/airflow/.local/lib/python3.12/site-packages/airflow/example_dags/example_branch_operator.py
[2026-03-29T21:41:18.603+0000] {logging_mixin.py:188} INFO - [2026-03-29T21:41:18.603+0000] {dag.py:3089} INFO - Sync 1 DAGs
[2026-03-29T21:41:18.618+0000] {logging_mixin.py:188} INFO - [2026-03-29T21:41:18.618+0000] {dag.py:3947} INFO - Setting next_dagrun for example_branch_operator to 2026-03-28 00:00:00+00:00, run_after=2026-03-29 00:00:00+00:00
[2026-03-29T21:41:18.637+0000] {processor.py:183} INFO - Processing /home/airflow/.local/lib/python3.12/site-packages/airflow/example_dags/example_branch_operator.py took 0.077 seconds
[2026-03-29T21:41:49.558+0000] {processor.py:161} INFO - Started process (PID=1209) to work on /home/airflow/.local/lib/python3.12/site-packages/airflow/example_dags/example_branch_operator.py
[2026-03-29T21:41:49.560+0000] {processor.py:830} INFO - Processing file /home/airflow/.local/lib/python3.12/site-packages/airflow/example_dags/example_branch_operator.py for tasks to queue
[2026-03-29T21:41:49.562+0000] {logging_mixin.py:188} INFO - [2026-03-29T21:41:49.561+0000] {dagbag.py:545} INFO - Filling up the DagBag from /home/airflow/.local/lib/python3.12/site-packages/airflow/example_dags/example_branch_operator.py
[2026-03-29T21:41:49.578+0000] {processor.py:840} INFO - DAG(s) 'example_branch_operator' retrieved from /home/airflow/.local/lib/python3.12/site-packages/airflow/example_dags/example_branch_operator.py
[2026-03-29T21:41:49.600+0000] {logging_mixin.py:188} INFO - [2026-03-29T21:41:49.599+0000] {dag.py:3089} INFO - Sync 1 DAGs
[2026-03-29T21:41:49.618+0000] {logging_mixin.py:188} INFO - [2026-03-29T21:41:49.618+0000] {dag.py:3947} INFO - Setting next_dagrun for example_branch_operator to 2026-03-28 00:00:00+00:00, run_after=2026-03-29 00:00:00+00:00
[2026-03-29T21:41:49.640+0000] {processor.py:183} INFO - Processing /home/airflow/.local/lib/python3.12/site-packages/airflow/example_dags/example_branch_operator.py took 0.087 seconds
[2026-03-29T21:42:19.685+0000] {processor.py:161} INFO - Started process (PID=1261) to work on /home/airflow/.local/lib/python3.12/site-packages/airflow/example_dags/example_branch_operator.py
[2026-03-29T21:42:19.686+0000] {processor.py:830} INFO - Processing file /home/airflow/.local/lib/python3.12/site-packages/airflow/example_dags/example_branch_operator.py for tasks to queue
[2026-03-29T21:42:19.687+0000] {logging_mixin.py:188} INFO - [2026-03-29T21:42:19.687+0000] {dagbag.py:545} INFO - Filling up the DagBag from /home/airflow/.local/lib/python3.12/site-packages/airflow/example_dags/example_branch_operator.py
[2026-03-29T21:42:19.701+0000] {processor.py:840} INFO - DAG(s) 'example_branch_operator' retrieved from /home/airflow/.local/lib/python3.12/site-packages/airflow/example_dags/example_branch_operator.py
[2026-03-29T21:42:19.727+0000] {logging_mixin.py:188} INFO - [2026-03-29T21:42:19.727+0000] {dag.py:3089} INFO - Sync 1 DAGs
[2026-03-29T21:42:19.747+0000] {logging_mixin.py:188} INFO - [2026-03-29T21:42:19.746+0000] {dag.py:3947} INFO - Setting next_dagrun for example_branch_operator to 2026-03-28 00:00:00+00:00, run_after=2026-03-29 00:00:00+00:00
[2026-03-29T21:42:19.768+0000] {processor.py:183} INFO - Processing /home/airflow/.local/lib/python3.12/site-packages/airflow/example_dags/example_branch_operator.py took 0.088 seconds
[2026-03-29T21:42:51.188+0000] {processor.py:161} INFO - Started process (PID=1313) to work on /home/airflow/.local/lib/python3.12/site-packages/airflow/example_dags/example_branch_operator.py
[2026-03-29T21:42:51.189+0000] {processor.py:830} INFO - Processing file /home/airflow/.local/lib/python3.12/site-packages/airflow/example_dags/example_branch_operator.py for tasks to queue
[2026-03-29T21:42:51.191+0000] {logging_mixin.py:188} INFO - [2026-03-29T21:42:51.191+0000] {dagbag.py:545} INFO - Filling up the DagBag from /home/airflow/.local/lib/python3.12/site-packages/airflow/example_dags/example_branch_operator.py
[2026-03-29T21:42:51.207+0000] {processor.py:840} INFO - DAG(s) 'example_branch_operator' retrieved from /home/airflow/.local/lib/python3.12/site-packages/airflow/example_dags/example_branch_operator.py
[2026-03-29T21:42:51.228+0000] {logging_mixin.py:188} INFO - [2026-03-29T21:42:51.228+0000] {dag.py:3089} INFO - Sync 1 DAGs
[2026-03-29T21:42:51.246+0000] {logging_mixin.py:188} INFO - [2026-03-29T21:42:51.245+0000] {dag.py:3947} INFO - Setting next_dagrun for example_branch_operator to 2026-03-28 00:00:00+00:00, run_after=2026-03-29 00:00:00+00:00
[2026-03-29T21:42:51.261+0000] {processor.py:183} INFO - Processing /home/airflow/.local/lib/python3.12/site-packages/airflow/example_dags/example_branch_operator.py took 0.078 seconds
[2026-03-29T21:43:22.650+0000] {processor.py:161} INFO - Started process (PID=1365) to work on /home/airflow/.local/lib/python3.12/site-packages/airflow/example_dags/example_branch_operator.py
[2026-03-29T21:43:22.652+0000] {processor.py:830} INFO - Processing file /home/airflow/.local/lib/python3.12/site-packages/airflow/example_dags/example_branch_operator.py for tasks to queue
[2026-03-29T21:43:22.655+0000] {logging_mixin.py:188} INFO - [2026-03-29T21:43:22.654+0000] {dagbag.py:545} INFO - Filling up the DagBag from /home/airflow/.local/lib/python3.12/site-packages/airflow/example_dags/example_branch_operator.py
[2026-03-29T21:43:22.673+0000] {processor.py:840} INFO - DAG(s) 'example_branch_operator' retrieved from /home/airflow/.local/lib/python3.12/site-packages/airflow/example_dags/example_branch_operator.py
[2026-03-29T21:43:22.702+0000] {logging_mixin.py:188} INFO - [2026-03-29T21:43:22.702+0000] {dag.py:3089} INFO - Sync 1 DAGs
[2026-03-29T21:43:22.719+0000] {logging_mixin.py:188} INFO - [2026-03-29T21:43:22.719+0000] {dag.py:3947} INFO - Setting next_dagrun for example_branch_operator to 2026-03-28 00:00:00+00:00, run_after=2026-03-29 00:00:00+00:00
[2026-03-29T21:43:22.734+0000] {processor.py:183} INFO - Processing /home/airflow/.local/lib/python3.12/site-packages/airflow/example_dags/example_branch_operator.py took 0.089 seconds
[2026-03-29T21:43:53.813+0000] {processor.py:161} INFO - Started process (PID=1417) to work on /home/airflow/.local/lib/python3.12/site-packages/airflow/example_dags/example_branch_operator.py
[2026-03-29T21:43:53.817+0000] {processor.py:830} INFO - Processing file /home/airflow/.local/lib/python3.12/site-packages/airflow/example_dags/example_branch_operator.py for tasks to queue
[2026-03-29T21:43:53.818+0000] {logging_mixin.py:188} INFO - [2026-03-29T21:43:53.818+0000] {dagbag.py:545} INFO - Filling up the DagBag from /home/airflow/.local/lib/python3.12/site-packages/airflow/example_dags/example_branch_operator.py
[2026-03-29T21:43:53.835+0000] {processor.py:840} INFO - DAG(s) 'example_branch_operator' retrieved from /home/airflow/.local/lib/python3.12/site-packages/airflow/example_dags/example_branch_operator.py
[2026-03-29T21:43:53.872+0000] {logging_mixin.py:188} INFO - [2026-03-29T21:43:53.872+0000] {dag.py:3089} INFO - Sync 1 DAGs
[2026-03-29T21:43:53.897+0000] {logging_mixin.py:188} INFO - [2026-03-29T21:43:53.897+0000] {dag.py:3947} INFO - Setting next_dagrun for example_branch_operator to 2026-03-28 00:00:00+00:00, run_after=2026-03-29 00:00:00+00:00
[2026-03-29T21:43:53.919+0000] {processor.py:183} INFO - Processing /home/airflow/.local/lib/python3.12/site-packages/airflow/example_dags/example_branch_operator.py took 0.112 seconds
[2026-03-29T21:44:24.680+0000] {processor.py:161} INFO - Started process (PID=1469) to work on /home/airflow/.local/lib/python3.12/site-packages/airflow/example_dags/example_branch_operator.py
[2026-03-29T21:44:24.685+0000] {processor.py:830} INFO - Processing file /home/airflow/.local/lib/python3.12/site-packages/airflow/example_dags/example_branch_operator.py for tasks to queue
[2026-03-29T21:44:24.686+0000] {logging_mixin.py:188} INFO - [2026-03-29T21:44:24.686+0000] {dagbag.py:545} INFO - Filling up the DagBag from /home/airflow/.local/lib/python3.12/site-packages/airflow/example_dags/example_branch_operator.py
[2026-03-29T21:44:24.702+0000] {processor.py:840} INFO - DAG(s) 'example_branch_operator' retrieved from /home/airflow/.local/lib/python3.12/site-packages/airflow/example_dags/example_branch_operator.py
[2026-03-29T21:44:24.729+0000] {logging_mixin.py:188} INFO - [2026-03-29T21:44:24.729+0000] {dag.py:3089} INFO - Sync 1 DAGs
[2026-03-29T21:44:24.761+0000] {logging_mixin.py:188} INFO - [2026-03-29T21:44:24.761+0000] {dag.py:3947} INFO - Setting next_dagrun for example_branch_operator to 2026-03-28 00:00:00+00:00, run_after=2026-03-29 00:00:00+00:00
[2026-03-29T21:44:24.788+0000] {processor.py:183} INFO - Processing /home/airflow/.local/lib/python3.12/site-packages/airflow/example_dags/example_branch_operator.py took 0.114 seconds
[2026-03-29T21:44:55.210+0000] {processor.py:161} INFO - Started process (PID=1521) to work on /home/airflow/.local/lib/python3.12/site-packages/airflow/example_dags/example_branch_operator.py
[2026-03-29T21:44:55.212+0000] {processor.py:830} INFO - Processing file /home/airflow/.local/lib/python3.12/site-packages/airflow/example_dags/example_branch_operator.py for tasks to queue
[2026-03-29T21:44:55.213+0000] {logging_mixin.py:188} INFO - [2026-03-29T21:44:55.212+0000] {dagbag.py:545} INFO - Filling up the DagBag from /home/airflow/.local/lib/python3.12/site-packages/airflow/example_dags/example_branch_operator.py
[2026-03-29T21:44:55.227+0000] {processor.py:840} INFO - DAG(s) 'example_branch_operator' retrieved from /home/airflow/.local/lib/python3.12/site-packages/airflow/example_dags/example_branch_operator.py
[2026-03-29T21:44:55.248+0000] {logging_mixin.py:188} INFO - [2026-03-29T21:44:55.248+0000] {dag.py:3089} INFO - Sync 1 DAGs
[2026-03-29T21:44:55.266+0000] {logging_mixin.py:188} INFO - [2026-03-29T21:44:55.266+0000] {dag.py:3947} INFO - Setting next_dagrun for example_branch_operator to 2026-03-28 00:00:00+00:00, run_after=2026-03-29 00:00:00+00:00
[2026-03-29T21:44:55.279+0000] {processor.py:183} INFO - Processing /home/airflow/.local/lib/python3.12/site-packages/airflow/example_dags/example_branch_operator.py took 0.074 seconds
[2026-03-29T21:45:26.437+0000] {processor.py:161} INFO - Started process (PID=1573) to work on /home/airflow/.local/lib/python3.12/site-packages/airflow/example_dags/example_branch_operator.py
[2026-03-29T21:45:26.438+0000] {processor.py:830} INFO - Processing file /home/airflow/.local/lib/python3.12/site-packages/airflow/example_dags/example_branch_operator.py for tasks to queue
[2026-03-29T21:45:26.439+0000] {logging_mixin.py:188} INFO - [2026-03-29T21:45:26.439+0000] {dagbag.py:545} INFO - Filling up the DagBag from /home/airflow/.local/lib/python3.12/site-packages/airflow/example_dags/example_branch_operator.py
[2026-03-29T21:45:26.455+0000] {processor.py:840} INFO - DAG(s) 'example_branch_operator' retrieved from /home/airflow/.local/lib/python3.12/site-packages/airflow/example_dags/example_branch_operator.py
[2026-03-29T21:45:26.487+0000] {logging_mixin.py:188} INFO - [2026-03-29T21:45:26.487+0000] {dag.py:3089} INFO - Sync 1 DAGs
[2026-03-29T21:45:26.511+0000] {logging_mixin.py:188} INFO - [2026-03-29T21:45:26.511+0000] {dag.py:3947} INFO - Setting next_dagrun for example_branch_operator to 2026-03-28 00:00:00+00:00, run_after=2026-03-29 00:00:00+00:00
[2026-03-29T21:45:26.525+0000] {processor.py:183} INFO - Processing /home/airflow/.local/lib/python3.12/site-packages/airflow/example_dags/example_branch_operator.py took 0.095 seconds
[2026-03-29T21:45:57.757+0000] {processor.py:161} INFO - Started process (PID=1625) to work on /home/airflow/.local/lib/python3.12/site-packages/airflow/example_dags/example_branch_operator.py
[2026-03-29T21:45:57.758+0000] {processor.py:830} INFO - Processing file /home/airflow/.local/lib/python3.12/site-packages/airflow/example_dags/example_branch_operator.py for tasks to queue
[2026-03-29T21:45:57.759+0000] {logging_mixin.py:188} INFO - [2026-03-29T21:45:57.759+0000] {dagbag.py:545} INFO - Filling up the DagBag from /home/airflow/.local/lib/python3.12/site-packages/airflow/example_dags/example_branch_operator.py
[2026-03-29T21:45:57.771+0000] {processor.py:840} INFO - DAG(s) 'example_branch_operator' retrieved from /home/airflow/.local/lib/python3.12/site-packages/airflow/example_dags/example_branch_operator.py
[2026-03-29T21:45:57.793+0000] {logging_mixin.py:188} INFO - [2026-03-29T21:45:57.793+0000] {dag.py:3089} INFO - Sync 1 DAGs
[2026-03-29T21:45:57.818+0000] {logging_mixin.py:188} INFO - [2026-03-29T21:45:57.818+0000] {dag.py:3947} INFO - Setting next_dagrun for example_branch_operator to 2026-03-28 00:00:00+00:00, run_after=2026-03-29 00:00:00+00:00
[2026-03-29T21:45:57.836+0000] {processor.py:183} INFO - Processing /home/airflow/.local/lib/python3.12/site-packages/airflow/example_dags/example_branch_operator.py took 0.084 seconds
[2026-03-29T21:46:28.711+0000] {processor.py:161} INFO - Started process (PID=1677) to work on /home/airflow/.local/lib/python3.12/site-packages/airflow/example_dags/example_branch_operator.py
[2026-03-29T21:46:28.712+0000] {processor.py:830} INFO - Processing file /home/airflow/.local/lib/python3.12/site-packages/airflow/example_dags/example_branch_operator.py for tasks to queue
[2026-03-29T21:46:28.714+0000] {logging_mixin.py:188} INFO - [2026-03-29T21:46:28.714+0000] {dagbag.py:545} INFO - Filling up the DagBag from /home/airflow/.local/lib/python3.12/site-packages/airflow/example_dags/example_branch_operator.py
[2026-03-29T21:46:28.728+0000] {processor.py:840} INFO - DAG(s) 'example_branch_operator' retrieved from /home/airflow/.local/lib/python3.12/site-packages/airflow/example_dags/example_branch_operator.py
[2026-03-29T21:46:28.747+0000] {logging_mixin.py:188} INFO - [2026-03-29T21:46:28.746+0000] {dag.py:3089} INFO - Sync 1 DAGs
[2026-03-29T21:46:28.766+0000] {logging_mixin.py:188} INFO - [2026-03-29T21:46:28.765+0000] {dag.py:3947} INFO - Setting next_dagrun for example_branch_operator to 2026-03-28 00:00:00+00:00, run_after=2026-03-29 00:00:00+00:00
[2026-03-29T21:46:28.782+0000] {processor.py:183} INFO - Processing /home/airflow/.local/lib/python3.12/site-packages/airflow/example_dags/example_branch_operator.py took 0.076 seconds
[2026-03-29T21:46:59.752+0000] {processor.py:161} INFO - Started process (PID=1729) to work on /home/airflow/.local/lib/python3.12/site-packages/airflow/example_dags/example_branch_operator.py
[2026-03-29T21:46:59.753+0000] {processor.py:830} INFO - Processing file /home/airflow/.local/lib/python3.12/site-packages/airflow/example_dags/example_branch_operator.py for tasks to queue
[2026-03-29T21:46:59.754+0000] {logging_mixin.py:188} INFO - [2026-03-29T21:46:59.754+0000] {dagbag.py:545} INFO - Filling up the DagBag from /home/airflow/.local/lib/python3.12/site-packages/airflow/example_dags/example_branch_operator.py
[2026-03-29T21:46:59.767+0000] {processor.py:840} INFO - DAG(s) 'example_branch_operator' retrieved from /home/airflow/.local/lib/python3.12/site-packages/airflow/example_dags/example_branch_operator.py
[2026-03-29T21:46:59.788+0000] {logging_mixin.py:188} INFO - [2026-03-29T21:46:59.788+0000] {dag.py:3089} INFO - Sync 1 DAGs
[2026-03-29T21:46:59.803+0000] {logging_mixin.py:188} INFO - [2026-03-29T21:46:59.803+0000] {dag.py:3947} INFO - Setting next_dagrun for example_branch_operator to 2026-03-28 00:00:00+00:00, run_after=2026-03-29 00:00:00+00:00
[2026-03-29T21:46:59.819+0000] {processor.py:183} INFO - Processing /home/airflow/.local/lib/python3.12/site-packages/airflow/example_dags/example_branch_operator.py took 0.072 seconds
[2026-03-29T21:47:30.824+0000] {processor.py:161} INFO - Started process (PID=1781) to work on /home/airflow/.local/lib/python3.12/site-packages/airflow/example_dags/example_branch_operator.py
[2026-03-29T21:47:30.825+0000] {processor.py:830} INFO - Processing file /home/airflow/.local/lib/python3.12/site-packages/airflow/example_dags/example_branch_operator.py for tasks to queue
[2026-03-29T21:47:30.827+0000] {logging_mixin.py:188} INFO - [2026-03-29T21:47:30.826+0000] {dagbag.py:545} INFO - Filling up the DagBag from /home/airflow/.local/lib/python3.12/site-packages/airflow/example_dags/example_branch_operator.py
[2026-03-29T21:47:30.840+0000] {processor.py:840} INFO - DAG(s) 'example_branch_operator' retrieved from /home/airflow/.local/lib/python3.12/site-packages/airflow/example_dags/example_branch_operator.py
[2026-03-29T21:47:30.998+0000] {logging_mixin.py:188} INFO - [2026-03-29T21:47:30.998+0000] {dag.py:3089} INFO - Sync 1 DAGs
[2026-03-29T21:47:31.021+0000] {logging_mixin.py:188} INFO - [2026-03-29T21:47:31.021+0000] {dag.py:3947} INFO - Setting next_dagrun for example_branch_operator to 2026-03-28 00:00:00+00:00, run_after=2026-03-29 00:00:00+00:00
[2026-03-29T21:47:31.037+0000] {processor.py:183} INFO - Processing /home/airflow/.local/lib/python3.12/site-packages/airflow/example_dags/example_branch_operator.py took 0.219 seconds
[2026-03-29T21:48:01.290+0000] {processor.py:161} INFO - Started process (PID=1833) to work on /home/airflow/.local/lib/python3.12/site-packages/airflow/example_dags/example_branch_operator.py
[2026-03-29T21:48:01.292+0000] {processor.py:830} INFO - Processing file /home/airflow/.local/lib/python3.12/site-packages/airflow/example_dags/example_branch_operator.py for tasks to queue
[2026-03-29T21:48:01.296+0000] {logging_mixin.py:188} INFO - [2026-03-29T21:48:01.296+0000] {dagbag.py:545} INFO - Filling up the DagBag from /home/airflow/.local/lib/python3.12/site-packages/airflow/example_dags/example_branch_operator.py
[2026-03-29T21:48:01.314+0000] {processor.py:840} INFO - DAG(s) 'example_branch_operator' retrieved from /home/airflow/.local/lib/python3.12/site-packages/airflow/example_dags/example_branch_operator.py
[2026-03-29T21:48:01.345+0000] {logging_mixin.py:188} INFO - [2026-03-29T21:48:01.344+0000] {dag.py:3089} INFO - Sync 1 DAGs
[2026-03-29T21:48:01.378+0000] {logging_mixin.py:188} INFO - [2026-03-29T21:48:01.378+0000] {dag.py:3947} INFO - Setting next_dagrun for example_branch_operator to 2026-03-28 00:00:00+00:00, run_after=2026-03-29 00:00:00+00:00
[2026-03-29T21:48:01.527+0000] {processor.py:183} INFO - Processing /home/airflow/.local/lib/python3.12/site-packages/airflow/example_dags/example_branch_operator.py took 0.247 seconds
[2026-03-29T21:48:31.927+0000] {processor.py:161} INFO - Started process (PID=1885) to work on /home/airflow/.local/lib/python3.12/site-packages/airflow/example_dags/example_branch_operator.py
[2026-03-29T21:48:31.928+0000] {processor.py:830} INFO - Processing file /home/airflow/.local/lib/python3.12/site-packages/airflow/example_dags/example_branch_operator.py for tasks to queue
[2026-03-29T21:48:31.930+0000] {logging_mixin.py:188} INFO - [2026-03-29T21:48:31.929+0000] {dagbag.py:545} INFO - Filling up the DagBag from /home/airflow/.local/lib/python3.12/site-packages/airflow/example_dags/example_branch_operator.py
[2026-03-29T21:48:31.945+0000] {processor.py:840} INFO - DAG(s) 'example_branch_operator' retrieved from /home/airflow/.local/lib/python3.12/site-packages/airflow/example_dags/example_branch_operator.py
[2026-03-29T21:48:31.970+0000] {logging_mixin.py:188} INFO - [2026-03-29T21:48:31.970+0000] {dag.py:3089} INFO - Sync 1 DAGs
[2026-03-29T21:48:31.992+0000] {logging_mixin.py:188} INFO - [2026-03-29T21:48:31.992+0000] {dag.py:3947} INFO - Setting next_dagrun for example_branch_operator to 2026-03-28 00:00:00+00:00, run_after=2026-03-29 00:00:00+00:00
[2026-03-29T21:48:32.012+0000] {processor.py:183} INFO - Processing /home/airflow/.local/lib/python3.12/site-packages/airflow/example_dags/example_branch_operator.py took 0.089 seconds
[2026-03-29T21:49:02.750+0000] {processor.py:161} INFO - Started process (PID=1937) to work on /home/airflow/.local/lib/python3.12/site-packages/airflow/example_dags/example_branch_operator.py
[2026-03-29T21:49:02.754+0000] {processor.py:830} INFO - Processing file /home/airflow/.local/lib/python3.12/site-packages/airflow/example_dags/example_branch_operator.py for tasks to queue
[2026-03-29T21:49:02.759+0000] {logging_mixin.py:188} INFO - [2026-03-29T21:49:02.759+0000] {dagbag.py:545} INFO - Filling up the DagBag from /home/airflow/.local/lib/python3.12/site-packages/airflow/example_dags/example_branch_operator.py
[2026-03-29T21:49:02.786+0000] {processor.py:840} INFO - DAG(s) 'example_branch_operator' retrieved from /home/airflow/.local/lib/python3.12/site-packages/airflow/example_dags/example_branch_operator.py
[2026-03-29T21:49:02.863+0000] {logging_mixin.py:188} INFO - [2026-03-29T21:49:02.863+0000] {dag.py:3089} INFO - Sync 1 DAGs
[2026-03-29T21:49:02.920+0000] {logging_mixin.py:188} INFO - [2026-03-29T21:49:02.920+0000] {dag.py:3947} INFO - Setting next_dagrun for example_branch_operator to 2026-03-28 00:00:00+00:00, run_after=2026-03-29 00:00:00+00:00
[2026-03-29T21:49:02.952+0000] {processor.py:183} INFO - Processing /home/airflow/.local/lib/python3.12/site-packages/airflow/example_dags/example_branch_operator.py took 0.213 seconds
[2026-03-29T21:49:33.718+0000] {processor.py:161} INFO - Started process (PID=1989) to work on /home/airflow/.local/lib/python3.12/site-packages/airflow/example_dags/example_branch_operator.py
[2026-03-29T21:49:33.719+0000] {processor.py:830} INFO - Processing file /home/airflow/.local/lib/python3.12/site-packages/airflow/example_dags/example_branch_operator.py for tasks to queue
[2026-03-29T21:49:33.720+0000] {logging_mixin.py:188} INFO - [2026-03-29T21:49:33.720+0000] {dagbag.py:545} INFO - Filling up the DagBag from /home/airflow/.local/lib/python3.12/site-packages/airflow/example_dags/example_branch_operator.py
[2026-03-29T21:49:33.734+0000] {processor.py:840} INFO - DAG(s) 'example_branch_operator' retrieved from /home/airflow/.local/lib/python3.12/site-packages/airflow/example_dags/example_branch_operator.py
[2026-03-29T21:49:33.763+0000] {logging_mixin.py:188} INFO - [2026-03-29T21:49:33.763+0000] {dag.py:3089} INFO - Sync 1 DAGs
[2026-03-29T21:49:33.780+0000] {logging_mixin.py:188} INFO - [2026-03-29T21:49:33.780+0000] {dag.py:3947} INFO - Setting next_dagrun for example_branch_operator to 2026-03-28 00:00:00+00:00, run_after=2026-03-29 00:00:00+00:00
[2026-03-29T21:49:33.800+0000] {processor.py:183} INFO - Processing /home/airflow/.local/lib/python3.12/site-packages/airflow/example_dags/example_branch_operator.py took 0.087 seconds
