[2026-03-29T21:30:33.122+0000] {processor.py:161} INFO - Started process (PID=55) to work on /home/airflow/.local/lib/python3.12/site-packages/airflow/example_dags/example_skip_dag.py
[2026-03-29T21:30:33.126+0000] {processor.py:830} INFO - Processing file /home/airflow/.local/lib/python3.12/site-packages/airflow/example_dags/example_skip_dag.py for tasks to queue
[2026-03-29T21:30:33.132+0000] {logging_mixin.py:188} INFO - [2026-03-29T21:30:33.131+0000] {dagbag.py:545} INFO - Filling up the DagBag from /home/airflow/.local/lib/python3.12/site-packages/airflow/example_dags/example_skip_dag.py
[2026-03-29T21:30:33.143+0000] {processor.py:840} INFO - DAG(s) 'example_skip_dag' retrieved from /home/airflow/.local/lib/python3.12/site-packages/airflow/example_dags/example_skip_dag.py
[2026-03-29T21:30:33.166+0000] {logging_mixin.py:188} INFO - [2026-03-29T21:30:33.166+0000] {dag.py:3089} INFO - Sync 1 DAGs
[2026-03-29T21:30:33.213+0000] {logging_mixin.py:188} INFO - [2026-03-29T21:30:33.212+0000] {dag.py:3947} INFO - Setting next_dagrun for example_skip_dag to 2026-03-28 00:00:00+00:00, run_after=2026-03-29 00:00:00+00:00
[2026-03-29T21:30:33.263+0000] {processor.py:183} INFO - Processing /home/airflow/.local/lib/python3.12/site-packages/airflow/example_dags/example_skip_dag.py took 0.158 seconds
[2026-03-29T21:31:04.275+0000] {processor.py:161} INFO - Started process (PID=107) to work on /home/airflow/.local/lib/python3.12/site-packages/airflow/example_dags/example_skip_dag.py
[2026-03-29T21:31:04.276+0000] {processor.py:830} INFO - Processing file /home/airflow/.local/lib/python3.12/site-packages/airflow/example_dags/example_skip_dag.py for tasks to queue
[2026-03-29T21:31:04.279+0000] {logging_mixin.py:188} INFO - [2026-03-29T21:31:04.278+0000] {dagbag.py:545} INFO - Filling up the DagBag from /home/airflow/.local/lib/python3.12/site-packages/airflow/example_dags/example_skip_dag.py
[2026-03-29T21:31:04.294+0000] {processor.py:840} INFO - DAG(s) 'example_skip_dag' retrieved from /home/airflow/.local/lib/python3.12/site-packages/airflow/example_dags/example_skip_dag.py
[2026-03-29T21:31:04.448+0000] {logging_mixin.py:188} INFO - [2026-03-29T21:31:04.448+0000] {dag.py:3089} INFO - Sync 1 DAGs
[2026-03-29T21:31:04.482+0000] {logging_mixin.py:188} INFO - [2026-03-29T21:31:04.481+0000] {dag.py:3947} INFO - Setting next_dagrun for example_skip_dag to 2026-03-28 00:00:00+00:00, run_after=2026-03-29 00:00:00+00:00
[2026-03-29T21:31:04.516+0000] {processor.py:183} INFO - Processing /home/airflow/.local/lib/python3.12/site-packages/airflow/example_dags/example_skip_dag.py took 0.250 seconds
[2026-03-29T21:31:35.483+0000] {processor.py:161} INFO - Started process (PID=159) to work on /home/airflow/.local/lib/python3.12/site-packages/airflow/example_dags/example_skip_dag.py
[2026-03-29T21:31:35.485+0000] {processor.py:830} INFO - Processing file /home/airflow/.local/lib/python3.12/site-packages/airflow/example_dags/example_skip_dag.py for tasks to queue
[2026-03-29T21:31:35.487+0000] {logging_mixin.py:188} INFO - [2026-03-29T21:31:35.487+0000] {dagbag.py:545} INFO - Filling up the DagBag from /home/airflow/.local/lib/python3.12/site-packages/airflow/example_dags/example_skip_dag.py
[2026-03-29T21:31:35.495+0000] {processor.py:840} INFO - DAG(s) 'example_skip_dag' retrieved from /home/airflow/.local/lib/python3.12/site-packages/airflow/example_dags/example_skip_dag.py
[2026-03-29T21:31:35.516+0000] {logging_mixin.py:188} INFO - [2026-03-29T21:31:35.516+0000] {dag.py:3089} INFO - Sync 1 DAGs
[2026-03-29T21:31:35.535+0000] {logging_mixin.py:188} INFO - [2026-03-29T21:31:35.535+0000] {dag.py:3947} INFO - Setting next_dagrun for example_skip_dag to 2026-03-28 00:00:00+00:00, run_after=2026-03-29 00:00:00+00:00
[2026-03-29T21:31:35.561+0000] {processor.py:183} INFO - Processing /home/airflow/.local/lib/python3.12/site-packages/airflow/example_dags/example_skip_dag.py took 0.089 seconds
[2026-03-29T21:32:06.089+0000] {processor.py:161} INFO - Started process (PID=211) to work on /home/airflow/.local/lib/python3.12/site-packages/airflow/example_dags/example_skip_dag.py
[2026-03-29T21:32:06.091+0000] {processor.py:830} INFO - Processing file /home/airflow/.local/lib/python3.12/site-packages/airflow/example_dags/example_skip_dag.py for tasks to queue
[2026-03-29T21:32:06.094+0000] {logging_mixin.py:188} INFO - [2026-03-29T21:32:06.093+0000] {dagbag.py:545} INFO - Filling up the DagBag from /home/airflow/.local/lib/python3.12/site-packages/airflow/example_dags/example_skip_dag.py
[2026-03-29T21:32:06.101+0000] {processor.py:840} INFO - DAG(s) 'example_skip_dag' retrieved from /home/airflow/.local/lib/python3.12/site-packages/airflow/example_dags/example_skip_dag.py
[2026-03-29T21:32:06.125+0000] {logging_mixin.py:188} INFO - [2026-03-29T21:32:06.125+0000] {dag.py:3089} INFO - Sync 1 DAGs
[2026-03-29T21:32:06.151+0000] {logging_mixin.py:188} INFO - [2026-03-29T21:32:06.151+0000] {dag.py:3947} INFO - Setting next_dagrun for example_skip_dag to 2026-03-28 00:00:00+00:00, run_after=2026-03-29 00:00:00+00:00
[2026-03-29T21:32:06.175+0000] {processor.py:183} INFO - Processing /home/airflow/.local/lib/python3.12/site-packages/airflow/example_dags/example_skip_dag.py took 0.094 seconds
[2026-03-29T21:32:36.203+0000] {processor.py:161} INFO - Started process (PID=263) to work on /home/airflow/.local/lib/python3.12/site-packages/airflow/example_dags/example_skip_dag.py
[2026-03-29T21:32:36.204+0000] {processor.py:830} INFO - Processing file /home/airflow/.local/lib/python3.12/site-packages/airflow/example_dags/example_skip_dag.py for tasks to queue
[2026-03-29T21:32:36.206+0000] {logging_mixin.py:188} INFO - [2026-03-29T21:32:36.206+0000] {dagbag.py:545} INFO - Filling up the DagBag from /home/airflow/.local/lib/python3.12/site-packages/airflow/example_dags/example_skip_dag.py
[2026-03-29T21:32:36.213+0000] {processor.py:840} INFO - DAG(s) 'example_skip_dag' retrieved from /home/airflow/.local/lib/python3.12/site-packages/airflow/example_dags/example_skip_dag.py
[2026-03-29T21:32:36.228+0000] {logging_mixin.py:188} INFO - [2026-03-29T21:32:36.228+0000] {dag.py:3089} INFO - Sync 1 DAGs
[2026-03-29T21:32:36.247+0000] {logging_mixin.py:188} INFO - [2026-03-29T21:32:36.247+0000] {dag.py:3947} INFO - Setting next_dagrun for example_skip_dag to 2026-03-28 00:00:00+00:00, run_after=2026-03-29 00:00:00+00:00
[2026-03-29T21:32:36.261+0000] {processor.py:183} INFO - Processing /home/airflow/.local/lib/python3.12/site-packages/airflow/example_dags/example_skip_dag.py took 0.064 seconds
[2026-03-29T21:33:06.750+0000] {processor.py:161} INFO - Started process (PID=315) to work on /home/airflow/.local/lib/python3.12/site-packages/airflow/example_dags/example_skip_dag.py
[2026-03-29T21:33:06.751+0000] {processor.py:830} INFO - Processing file /home/airflow/.local/lib/python3.12/site-packages/airflow/example_dags/example_skip_dag.py for tasks to queue
[2026-03-29T21:33:06.754+0000] {logging_mixin.py:188} INFO - [2026-03-29T21:33:06.754+0000] {dagbag.py:545} INFO - Filling up the DagBag from /home/airflow/.local/lib/python3.12/site-packages/airflow/example_dags/example_skip_dag.py
[2026-03-29T21:33:06.763+0000] {processor.py:840} INFO - DAG(s) 'example_skip_dag' retrieved from /home/airflow/.local/lib/python3.12/site-packages/airflow/example_dags/example_skip_dag.py
[2026-03-29T21:33:06.784+0000] {logging_mixin.py:188} INFO - [2026-03-29T21:33:06.784+0000] {dag.py:3089} INFO - Sync 1 DAGs
[2026-03-29T21:33:06.802+0000] {logging_mixin.py:188} INFO - [2026-03-29T21:33:06.802+0000] {dag.py:3947} INFO - Setting next_dagrun for example_skip_dag to 2026-03-28 00:00:00+00:00, run_after=2026-03-29 00:00:00+00:00
[2026-03-29T21:33:06.824+0000] {processor.py:183} INFO - Processing /home/airflow/.local/lib/python3.12/site-packages/airflow/example_dags/example_skip_dag.py took 0.078 seconds
[2026-03-29T21:33:37.419+0000] {processor.py:161} INFO - Started process (PID=367) to work on /home/airflow/.local/lib/python3.12/site-packages/airflow/example_dags/example_skip_dag.py
[2026-03-29T21:33:37.422+0000] {processor.py:830} INFO - Processing file /home/airflow/.local/lib/python3.12/site-packages/airflow/example_dags/example_skip_dag.py for tasks to queue
[2026-03-29T21:33:37.424+0000] {logging_mixin.py:188} INFO - [2026-03-29T21:33:37.424+0000] {dagbag.py:545} INFO - Filling up the DagBag from /home/airflow/.local/lib/python3.12/site-packages/airflow/example_dags/example_skip_dag.py
[2026-03-29T21:33:37.430+0000] {processor.py:840} INFO - DAG(s) 'example_skip_dag' retrieved from /home/airflow/.local/lib/python3.12/site-packages/airflow/example_dags/example_skip_dag.py
[2026-03-29T21:33:37.456+0000] {logging_mixin.py:188} INFO - [2026-03-29T21:33:37.455+0000] {dag.py:3089} INFO - Sync 1 DAGs
[2026-03-29T21:33:37.479+0000] {logging_mixin.py:188} INFO - [2026-03-29T21:33:37.479+0000] {dag.py:3947} INFO - Setting next_dagrun for example_skip_dag to 2026-03-28 00:00:00+00:00, run_after=2026-03-29 00:00:00+00:00
[2026-03-29T21:33:37.497+0000] {processor.py:183} INFO - Processing /home/airflow/.local/lib/python3.12/site-packages/airflow/example_dags/example_skip_dag.py took 0.083 seconds
[2026-03-29T21:34:08.094+0000] {processor.py:161} INFO - Started process (PID=419) to work on /home/airflow/.local/lib/python3.12/site-packages/airflow/example_dags/example_skip_dag.py
[2026-03-29T21:34:08.096+0000] {processor.py:830} INFO - Processing file /home/airflow/.local/lib/python3.12/site-packages/airflow/example_dags/example_skip_dag.py for tasks to queue
[2026-03-29T21:34:08.098+0000] {logging_mixin.py:188} INFO - [2026-03-29T21:34:08.098+0000] {dagbag.py:545} INFO - Filling up the DagBag from /home/airflow/.local/lib/python3.12/site-packages/airflow/example_dags/example_skip_dag.py
[2026-03-29T21:34:08.105+0000] {processor.py:840} INFO - DAG(s) 'example_skip_dag' retrieved from /home/airflow/.local/lib/python3.12/site-packages/airflow/example_dags/example_skip_dag.py
[2026-03-29T21:34:08.129+0000] {logging_mixin.py:188} INFO - [2026-03-29T21:34:08.128+0000] {dag.py:3089} INFO - Sync 1 DAGs
[2026-03-29T21:34:08.147+0000] {logging_mixin.py:188} INFO - [2026-03-29T21:34:08.147+0000] {dag.py:3947} INFO - Setting next_dagrun for example_skip_dag to 2026-03-28 00:00:00+00:00, run_after=2026-03-29 00:00:00+00:00
[2026-03-29T21:34:08.166+0000] {processor.py:183} INFO - Processing /home/airflow/.local/lib/python3.12/site-packages/airflow/example_dags/example_skip_dag.py took 0.077 seconds
[2026-03-29T21:34:38.549+0000] {processor.py:161} INFO - Started process (PID=471) to work on /home/airflow/.local/lib/python3.12/site-packages/airflow/example_dags/example_skip_dag.py
[2026-03-29T21:34:38.554+0000] {processor.py:830} INFO - Processing file /home/airflow/.local/lib/python3.12/site-packages/airflow/example_dags/example_skip_dag.py for tasks to queue
[2026-03-29T21:34:38.556+0000] {logging_mixin.py:188} INFO - [2026-03-29T21:34:38.556+0000] {dagbag.py:545} INFO - Filling up the DagBag from /home/airflow/.local/lib/python3.12/site-packages/airflow/example_dags/example_skip_dag.py
[2026-03-29T21:34:38.563+0000] {processor.py:840} INFO - DAG(s) 'example_skip_dag' retrieved from /home/airflow/.local/lib/python3.12/site-packages/airflow/example_dags/example_skip_dag.py
[2026-03-29T21:34:38.590+0000] {logging_mixin.py:188} INFO - [2026-03-29T21:34:38.590+0000] {dag.py:3089} INFO - Sync 1 DAGs
[2026-03-29T21:34:38.622+0000] {logging_mixin.py:188} INFO - [2026-03-29T21:34:38.621+0000] {dag.py:3947} INFO - Setting next_dagrun for example_skip_dag to 2026-03-28 00:00:00+00:00, run_after=2026-03-29 00:00:00+00:00
[2026-03-29T21:34:38.646+0000] {processor.py:183} INFO - Processing /home/airflow/.local/lib/python3.12/site-packages/airflow/example_dags/example_skip_dag.py took 0.106 seconds
[2026-03-29T21:35:09.564+0000] {processor.py:161} INFO - Started process (PID=523) to work on /home/airflow/.local/lib/python3.12/site-packages/airflow/example_dags/example_skip_dag.py
[2026-03-29T21:35:09.565+0000] {processor.py:830} INFO - Processing file /home/airflow/.local/lib/python3.12/site-packages/airflow/example_dags/example_skip_dag.py for tasks to queue
[2026-03-29T21:35:09.567+0000] {logging_mixin.py:188} INFO - [2026-03-29T21:35:09.567+0000] {dagbag.py:545} INFO - Filling up the DagBag from /home/airflow/.local/lib/python3.12/site-packages/airflow/example_dags/example_skip_dag.py
[2026-03-29T21:35:09.574+0000] {processor.py:840} INFO - DAG(s) 'example_skip_dag' retrieved from /home/airflow/.local/lib/python3.12/site-packages/airflow/example_dags/example_skip_dag.py
[2026-03-29T21:35:09.607+0000] {logging_mixin.py:188} INFO - [2026-03-29T21:35:09.606+0000] {dag.py:3089} INFO - Sync 1 DAGs
[2026-03-29T21:35:09.630+0000] {logging_mixin.py:188} INFO - [2026-03-29T21:35:09.630+0000] {dag.py:3947} INFO - Setting next_dagrun for example_skip_dag to 2026-03-28 00:00:00+00:00, run_after=2026-03-29 00:00:00+00:00
[2026-03-29T21:35:09.652+0000] {processor.py:183} INFO - Processing /home/airflow/.local/lib/python3.12/site-packages/airflow/example_dags/example_skip_dag.py took 0.093 seconds
[2026-03-29T21:35:40.439+0000] {processor.py:161} INFO - Started process (PID=575) to work on /home/airflow/.local/lib/python3.12/site-packages/airflow/example_dags/example_skip_dag.py
[2026-03-29T21:35:40.440+0000] {processor.py:830} INFO - Processing file /home/airflow/.local/lib/python3.12/site-packages/airflow/example_dags/example_skip_dag.py for tasks to queue
[2026-03-29T21:35:40.441+0000] {logging_mixin.py:188} INFO - [2026-03-29T21:35:40.441+0000] {dagbag.py:545} INFO - Filling up the DagBag from /home/airflow/.local/lib/python3.12/site-packages/airflow/example_dags/example_skip_dag.py
[2026-03-29T21:35:40.447+0000] {processor.py:840} INFO - DAG(s) 'example_skip_dag' retrieved from /home/airflow/.local/lib/python3.12/site-packages/airflow/example_dags/example_skip_dag.py
[2026-03-29T21:35:40.463+0000] {logging_mixin.py:188} INFO - [2026-03-29T21:35:40.462+0000] {dag.py:3089} INFO - Sync 1 DAGs
[2026-03-29T21:35:40.479+0000] {logging_mixin.py:188} INFO - [2026-03-29T21:35:40.479+0000] {dag.py:3947} INFO - Setting next_dagrun for example_skip_dag to 2026-03-28 00:00:00+00:00, run_after=2026-03-29 00:00:00+00:00
[2026-03-29T21:35:40.493+0000] {processor.py:183} INFO - Processing /home/airflow/.local/lib/python3.12/site-packages/airflow/example_dags/example_skip_dag.py took 0.059 seconds
[2026-03-29T21:36:11.025+0000] {processor.py:161} INFO - Started process (PID=627) to work on /home/airflow/.local/lib/python3.12/site-packages/airflow/example_dags/example_skip_dag.py
[2026-03-29T21:36:11.026+0000] {processor.py:830} INFO - Processing file /home/airflow/.local/lib/python3.12/site-packages/airflow/example_dags/example_skip_dag.py for tasks to queue
[2026-03-29T21:36:11.027+0000] {logging_mixin.py:188} INFO - [2026-03-29T21:36:11.027+0000] {dagbag.py:545} INFO - Filling up the DagBag from /home/airflow/.local/lib/python3.12/site-packages/airflow/example_dags/example_skip_dag.py
[2026-03-29T21:36:11.037+0000] {processor.py:840} INFO - DAG(s) 'example_skip_dag' retrieved from /home/airflow/.local/lib/python3.12/site-packages/airflow/example_dags/example_skip_dag.py
[2026-03-29T21:36:11.061+0000] {logging_mixin.py:188} INFO - [2026-03-29T21:36:11.061+0000] {dag.py:3089} INFO - Sync 1 DAGs
[2026-03-29T21:36:11.087+0000] {logging_mixin.py:188} INFO - [2026-03-29T21:36:11.086+0000] {dag.py:3947} INFO - Setting next_dagrun for example_skip_dag to 2026-03-28 00:00:00+00:00, run_after=2026-03-29 00:00:00+00:00
[2026-03-29T21:36:11.105+0000] {processor.py:183} INFO - Processing /home/airflow/.local/lib/python3.12/site-packages/airflow/example_dags/example_skip_dag.py took 0.087 seconds
[2026-03-29T21:36:41.233+0000] {processor.py:161} INFO - Started process (PID=679) to work on /home/airflow/.local/lib/python3.12/site-packages/airflow/example_dags/example_skip_dag.py
[2026-03-29T21:36:41.234+0000] {processor.py:830} INFO - Processing file /home/airflow/.local/lib/python3.12/site-packages/airflow/example_dags/example_skip_dag.py for tasks to queue
[2026-03-29T21:36:41.237+0000] {logging_mixin.py:188} INFO - [2026-03-29T21:36:41.237+0000] {dagbag.py:545} INFO - Filling up the DagBag from /home/airflow/.local/lib/python3.12/site-packages/airflow/example_dags/example_skip_dag.py
[2026-03-29T21:36:41.242+0000] {processor.py:840} INFO - DAG(s) 'example_skip_dag' retrieved from /home/airflow/.local/lib/python3.12/site-packages/airflow/example_dags/example_skip_dag.py
[2026-03-29T21:36:41.259+0000] {logging_mixin.py:188} INFO - [2026-03-29T21:36:41.259+0000] {dag.py:3089} INFO - Sync 1 DAGs
[2026-03-29T21:36:41.275+0000] {logging_mixin.py:188} INFO - [2026-03-29T21:36:41.275+0000] {dag.py:3947} INFO - Setting next_dagrun for example_skip_dag to 2026-03-28 00:00:00+00:00, run_after=2026-03-29 00:00:00+00:00
[2026-03-29T21:36:41.289+0000] {processor.py:183} INFO - Processing /home/airflow/.local/lib/python3.12/site-packages/airflow/example_dags/example_skip_dag.py took 0.060 seconds
[2026-03-29T21:37:11.968+0000] {processor.py:161} INFO - Started process (PID=731) to work on /home/airflow/.local/lib/python3.12/site-packages/airflow/example_dags/example_skip_dag.py
[2026-03-29T21:37:11.969+0000] {processor.py:830} INFO - Processing file /home/airflow/.local/lib/python3.12/site-packages/airflow/example_dags/example_skip_dag.py for tasks to queue
[2026-03-29T21:37:11.971+0000] {logging_mixin.py:188} INFO - [2026-03-29T21:37:11.971+0000] {dagbag.py:545} INFO - Filling up the DagBag from /home/airflow/.local/lib/python3.12/site-packages/airflow/example_dags/example_skip_dag.py
[2026-03-29T21:37:11.978+0000] {processor.py:840} INFO - DAG(s) 'example_skip_dag' retrieved from /home/airflow/.local/lib/python3.12/site-packages/airflow/example_dags/example_skip_dag.py
[2026-03-29T21:37:11.994+0000] {logging_mixin.py:188} INFO - [2026-03-29T21:37:11.994+0000] {dag.py:3089} INFO - Sync 1 DAGs
[2026-03-29T21:37:12.015+0000] {logging_mixin.py:188} INFO - [2026-03-29T21:37:12.015+0000] {dag.py:3947} INFO - Setting next_dagrun for example_skip_dag to 2026-03-28 00:00:00+00:00, run_after=2026-03-29 00:00:00+00:00
[2026-03-29T21:37:12.031+0000] {processor.py:183} INFO - Processing /home/airflow/.local/lib/python3.12/site-packages/airflow/example_dags/example_skip_dag.py took 0.069 seconds
[2026-03-29T21:37:42.399+0000] {processor.py:161} INFO - Started process (PID=783) to work on /home/airflow/.local/lib/python3.12/site-packages/airflow/example_dags/example_skip_dag.py
[2026-03-29T21:37:42.401+0000] {processor.py:830} INFO - Processing file /home/airflow/.local/lib/python3.12/site-packages/airflow/example_dags/example_skip_dag.py for tasks to queue
[2026-03-29T21:37:42.402+0000] {logging_mixin.py:188} INFO - [2026-03-29T21:37:42.402+0000] {dagbag.py:545} INFO - Filling up the DagBag from /home/airflow/.local/lib/python3.12/site-packages/airflow/example_dags/example_skip_dag.py
[2026-03-29T21:37:42.407+0000] {processor.py:840} INFO - DAG(s) 'example_skip_dag' retrieved from /home/airflow/.local/lib/python3.12/site-packages/airflow/example_dags/example_skip_dag.py
[2026-03-29T21:37:42.423+0000] {logging_mixin.py:188} INFO - [2026-03-29T21:37:42.423+0000] {dag.py:3089} INFO - Sync 1 DAGs
[2026-03-29T21:37:42.446+0000] {logging_mixin.py:188} INFO - [2026-03-29T21:37:42.446+0000] {dag.py:3947} INFO - Setting next_dagrun for example_skip_dag to 2026-03-28 00:00:00+00:00, run_after=2026-03-29 00:00:00+00:00
[2026-03-29T21:37:42.461+0000] {processor.py:183} INFO - Processing /home/airflow/.local/lib/python3.12/site-packages/airflow/example_dags/example_skip_dag.py took 0.066 seconds
[2026-03-29T21:38:12.669+0000] {processor.py:161} INFO - Started process (PID=835) to work on /home/airflow/.local/lib/python3.12/site-packages/airflow/example_dags/example_skip_dag.py
[2026-03-29T21:38:12.670+0000] {processor.py:830} INFO - Processing file /home/airflow/.local/lib/python3.12/site-packages/airflow/example_dags/example_skip_dag.py for tasks to queue
[2026-03-29T21:38:12.671+0000] {logging_mixin.py:188} INFO - [2026-03-29T21:38:12.671+0000] {dagbag.py:545} INFO - Filling up the DagBag from /home/airflow/.local/lib/python3.12/site-packages/airflow/example_dags/example_skip_dag.py
[2026-03-29T21:38:12.676+0000] {processor.py:840} INFO - DAG(s) 'example_skip_dag' retrieved from /home/airflow/.local/lib/python3.12/site-packages/airflow/example_dags/example_skip_dag.py
[2026-03-29T21:38:12.695+0000] {logging_mixin.py:188} INFO - [2026-03-29T21:38:12.694+0000] {dag.py:3089} INFO - Sync 1 DAGs
[2026-03-29T21:38:12.714+0000] {logging_mixin.py:188} INFO - [2026-03-29T21:38:12.714+0000] {dag.py:3947} INFO - Setting next_dagrun for example_skip_dag to 2026-03-28 00:00:00+00:00, run_after=2026-03-29 00:00:00+00:00
[2026-03-29T21:38:12.730+0000] {processor.py:183} INFO - Processing /home/airflow/.local/lib/python3.12/site-packages/airflow/example_dags/example_skip_dag.py took 0.066 seconds
[2026-03-29T21:38:43.296+0000] {processor.py:161} INFO - Started process (PID=887) to work on /home/airflow/.local/lib/python3.12/site-packages/airflow/example_dags/example_skip_dag.py
[2026-03-29T21:38:43.297+0000] {processor.py:830} INFO - Processing file /home/airflow/.local/lib/python3.12/site-packages/airflow/example_dags/example_skip_dag.py for tasks to queue
[2026-03-29T21:38:43.299+0000] {logging_mixin.py:188} INFO - [2026-03-29T21:38:43.299+0000] {dagbag.py:545} INFO - Filling up the DagBag from /home/airflow/.local/lib/python3.12/site-packages/airflow/example_dags/example_skip_dag.py
[2026-03-29T21:38:43.304+0000] {processor.py:840} INFO - DAG(s) 'example_skip_dag' retrieved from /home/airflow/.local/lib/python3.12/site-packages/airflow/example_dags/example_skip_dag.py
[2026-03-29T21:38:43.320+0000] {logging_mixin.py:188} INFO - [2026-03-29T21:38:43.319+0000] {dag.py:3089} INFO - Sync 1 DAGs
[2026-03-29T21:38:43.340+0000] {logging_mixin.py:188} INFO - [2026-03-29T21:38:43.340+0000] {dag.py:3947} INFO - Setting next_dagrun for example_skip_dag to 2026-03-28 00:00:00+00:00, run_after=2026-03-29 00:00:00+00:00
[2026-03-29T21:38:43.354+0000] {processor.py:183} INFO - Processing /home/airflow/.local/lib/python3.12/site-packages/airflow/example_dags/example_skip_dag.py took 0.064 seconds
[2026-03-29T21:39:13.727+0000] {processor.py:161} INFO - Started process (PID=939) to work on /home/airflow/.local/lib/python3.12/site-packages/airflow/example_dags/example_skip_dag.py
[2026-03-29T21:39:13.728+0000] {processor.py:830} INFO - Processing file /home/airflow/.local/lib/python3.12/site-packages/airflow/example_dags/example_skip_dag.py for tasks to queue
[2026-03-29T21:39:13.730+0000] {logging_mixin.py:188} INFO - [2026-03-29T21:39:13.729+0000] {dagbag.py:545} INFO - Filling up the DagBag from /home/airflow/.local/lib/python3.12/site-packages/airflow/example_dags/example_skip_dag.py
[2026-03-29T21:39:13.734+0000] {processor.py:840} INFO - DAG(s) 'example_skip_dag' retrieved from /home/airflow/.local/lib/python3.12/site-packages/airflow/example_dags/example_skip_dag.py
[2026-03-29T21:39:13.752+0000] {logging_mixin.py:188} INFO - [2026-03-29T21:39:13.752+0000] {dag.py:3089} INFO - Sync 1 DAGs
[2026-03-29T21:39:13.769+0000] {logging_mixin.py:188} INFO - [2026-03-29T21:39:13.769+0000] {dag.py:3947} INFO - Setting next_dagrun for example_skip_dag to 2026-03-28 00:00:00+00:00, run_after=2026-03-29 00:00:00+00:00
[2026-03-29T21:39:13.783+0000] {processor.py:183} INFO - Processing /home/airflow/.local/lib/python3.12/site-packages/airflow/example_dags/example_skip_dag.py took 0.062 seconds
[2026-03-29T21:39:44.694+0000] {processor.py:161} INFO - Started process (PID=991) to work on /home/airflow/.local/lib/python3.12/site-packages/airflow/example_dags/example_skip_dag.py
[2026-03-29T21:39:44.696+0000] {processor.py:830} INFO - Processing file /home/airflow/.local/lib/python3.12/site-packages/airflow/example_dags/example_skip_dag.py for tasks to queue
[2026-03-29T21:39:44.699+0000] {logging_mixin.py:188} INFO - [2026-03-29T21:39:44.699+0000] {dagbag.py:545} INFO - Filling up the DagBag from /home/airflow/.local/lib/python3.12/site-packages/airflow/example_dags/example_skip_dag.py
[2026-03-29T21:39:44.705+0000] {processor.py:840} INFO - DAG(s) 'example_skip_dag' retrieved from /home/airflow/.local/lib/python3.12/site-packages/airflow/example_dags/example_skip_dag.py
[2026-03-29T21:39:44.723+0000] {logging_mixin.py:188} INFO - [2026-03-29T21:39:44.723+0000] {dag.py:3089} INFO - Sync 1 DAGs
[2026-03-29T21:39:44.749+0000] {logging_mixin.py:188} INFO - [2026-03-29T21:39:44.749+0000] {dag.py:3947} INFO - Setting next_dagrun for example_skip_dag to 2026-03-28 00:00:00+00:00, run_after=2026-03-29 00:00:00+00:00
[2026-03-29T21:39:44.767+0000] {processor.py:183} INFO - Processing /home/airflow/.local/lib/python3.12/site-packages/airflow/example_dags/example_skip_dag.py took 0.078 seconds
[2026-03-29T21:40:15.677+0000] {processor.py:161} INFO - Started process (PID=1043) to work on /home/airflow/.local/lib/python3.12/site-packages/airflow/example_dags/example_skip_dag.py
[2026-03-29T21:40:15.679+0000] {processor.py:830} INFO - Processing file /home/airflow/.local/lib/python3.12/site-packages/airflow/example_dags/example_skip_dag.py for tasks to queue
[2026-03-29T21:40:15.681+0000] {logging_mixin.py:188} INFO - [2026-03-29T21:40:15.681+0000] {dagbag.py:545} INFO - Filling up the DagBag from /home/airflow/.local/lib/python3.12/site-packages/airflow/example_dags/example_skip_dag.py
[2026-03-29T21:40:15.686+0000] {processor.py:840} INFO - DAG(s) 'example_skip_dag' retrieved from /home/airflow/.local/lib/python3.12/site-packages/airflow/example_dags/example_skip_dag.py
[2026-03-29T21:40:15.706+0000] {logging_mixin.py:188} INFO - [2026-03-29T21:40:15.706+0000] {dag.py:3089} INFO - Sync 1 DAGs
[2026-03-29T21:40:15.726+0000] {logging_mixin.py:188} INFO - [2026-03-29T21:40:15.725+0000] {dag.py:3947} INFO - Setting next_dagrun for example_skip_dag to 2026-03-28 00:00:00+00:00, run_after=2026-03-29 00:00:00+00:00
[2026-03-29T21:40:15.739+0000] {processor.py:183} INFO - Processing /home/airflow/.local/lib/python3.12/site-packages/airflow/example_dags/example_skip_dag.py took 0.072 seconds
[2026-03-29T21:40:46.139+0000] {processor.py:161} INFO - Started process (PID=1095) to work on /home/airflow/.local/lib/python3.12/site-packages/airflow/example_dags/example_skip_dag.py
[2026-03-29T21:40:46.140+0000] {processor.py:830} INFO - Processing file /home/airflow/.local/lib/python3.12/site-packages/airflow/example_dags/example_skip_dag.py for tasks to queue
[2026-03-29T21:40:46.142+0000] {logging_mixin.py:188} INFO - [2026-03-29T21:40:46.142+0000] {dagbag.py:545} INFO - Filling up the DagBag from /home/airflow/.local/lib/python3.12/site-packages/airflow/example_dags/example_skip_dag.py
[2026-03-29T21:40:46.149+0000] {processor.py:840} INFO - DAG(s) 'example_skip_dag' retrieved from /home/airflow/.local/lib/python3.12/site-packages/airflow/example_dags/example_skip_dag.py
[2026-03-29T21:40:46.171+0000] {logging_mixin.py:188} INFO - [2026-03-29T21:40:46.171+0000] {dag.py:3089} INFO - Sync 1 DAGs
[2026-03-29T21:40:46.190+0000] {logging_mixin.py:188} INFO - [2026-03-29T21:40:46.190+0000] {dag.py:3947} INFO - Setting next_dagrun for example_skip_dag to 2026-03-28 00:00:00+00:00, run_after=2026-03-29 00:00:00+00:00
[2026-03-29T21:40:46.205+0000] {processor.py:183} INFO - Processing /home/airflow/.local/lib/python3.12/site-packages/airflow/example_dags/example_skip_dag.py took 0.072 seconds
[2026-03-29T21:41:17.024+0000] {processor.py:161} INFO - Started process (PID=1147) to work on /home/airflow/.local/lib/python3.12/site-packages/airflow/example_dags/example_skip_dag.py
[2026-03-29T21:41:17.027+0000] {processor.py:830} INFO - Processing file /home/airflow/.local/lib/python3.12/site-packages/airflow/example_dags/example_skip_dag.py for tasks to queue
[2026-03-29T21:41:17.028+0000] {logging_mixin.py:188} INFO - [2026-03-29T21:41:17.028+0000] {dagbag.py:545} INFO - Filling up the DagBag from /home/airflow/.local/lib/python3.12/site-packages/airflow/example_dags/example_skip_dag.py
[2026-03-29T21:41:17.036+0000] {processor.py:840} INFO - DAG(s) 'example_skip_dag' retrieved from /home/airflow/.local/lib/python3.12/site-packages/airflow/example_dags/example_skip_dag.py
[2026-03-29T21:41:17.058+0000] {logging_mixin.py:188} INFO - [2026-03-29T21:41:17.057+0000] {dag.py:3089} INFO - Sync 1 DAGs
[2026-03-29T21:41:17.075+0000] {logging_mixin.py:188} INFO - [2026-03-29T21:41:17.075+0000] {dag.py:3947} INFO - Setting next_dagrun for example_skip_dag to 2026-03-28 00:00:00+00:00, run_after=2026-03-29 00:00:00+00:00
[2026-03-29T21:41:17.089+0000] {processor.py:183} INFO - Processing /home/airflow/.local/lib/python3.12/site-packages/airflow/example_dags/example_skip_dag.py took 0.069 seconds
[2026-03-29T21:41:47.972+0000] {processor.py:161} INFO - Started process (PID=1199) to work on /home/airflow/.local/lib/python3.12/site-packages/airflow/example_dags/example_skip_dag.py
[2026-03-29T21:41:47.973+0000] {processor.py:830} INFO - Processing file /home/airflow/.local/lib/python3.12/site-packages/airflow/example_dags/example_skip_dag.py for tasks to queue
[2026-03-29T21:41:47.974+0000] {logging_mixin.py:188} INFO - [2026-03-29T21:41:47.974+0000] {dagbag.py:545} INFO - Filling up the DagBag from /home/airflow/.local/lib/python3.12/site-packages/airflow/example_dags/example_skip_dag.py
[2026-03-29T21:41:47.979+0000] {processor.py:840} INFO - DAG(s) 'example_skip_dag' retrieved from /home/airflow/.local/lib/python3.12/site-packages/airflow/example_dags/example_skip_dag.py
[2026-03-29T21:41:47.993+0000] {logging_mixin.py:188} INFO - [2026-03-29T21:41:47.993+0000] {dag.py:3089} INFO - Sync 1 DAGs
[2026-03-29T21:41:48.012+0000] {logging_mixin.py:188} INFO - [2026-03-29T21:41:48.012+0000] {dag.py:3947} INFO - Setting next_dagrun for example_skip_dag to 2026-03-28 00:00:00+00:00, run_after=2026-03-29 00:00:00+00:00
[2026-03-29T21:41:48.028+0000] {processor.py:183} INFO - Processing /home/airflow/.local/lib/python3.12/site-packages/airflow/example_dags/example_skip_dag.py took 0.061 seconds
[2026-03-29T21:42:19.138+0000] {processor.py:161} INFO - Started process (PID=1251) to work on /home/airflow/.local/lib/python3.12/site-packages/airflow/example_dags/example_skip_dag.py
[2026-03-29T21:42:19.139+0000] {processor.py:830} INFO - Processing file /home/airflow/.local/lib/python3.12/site-packages/airflow/example_dags/example_skip_dag.py for tasks to queue
[2026-03-29T21:42:19.142+0000] {logging_mixin.py:188} INFO - [2026-03-29T21:42:19.142+0000] {dagbag.py:545} INFO - Filling up the DagBag from /home/airflow/.local/lib/python3.12/site-packages/airflow/example_dags/example_skip_dag.py
[2026-03-29T21:42:19.147+0000] {processor.py:840} INFO - DAG(s) 'example_skip_dag' retrieved from /home/airflow/.local/lib/python3.12/site-packages/airflow/example_dags/example_skip_dag.py
[2026-03-29T21:42:19.166+0000] {logging_mixin.py:188} INFO - [2026-03-29T21:42:19.166+0000] {dag.py:3089} INFO - Sync 1 DAGs
[2026-03-29T21:42:19.183+0000] {logging_mixin.py:188} INFO - [2026-03-29T21:42:19.183+0000] {dag.py:3947} INFO - Setting next_dagrun for example_skip_dag to 2026-03-28 00:00:00+00:00, run_after=2026-03-29 00:00:00+00:00
[2026-03-29T21:42:19.202+0000] {processor.py:183} INFO - Processing /home/airflow/.local/lib/python3.12/site-packages/airflow/example_dags/example_skip_dag.py took 0.068 seconds
[2026-03-29T21:42:50.580+0000] {processor.py:161} INFO - Started process (PID=1303) to work on /home/airflow/.local/lib/python3.12/site-packages/airflow/example_dags/example_skip_dag.py
[2026-03-29T21:42:50.581+0000] {processor.py:830} INFO - Processing file /home/airflow/.local/lib/python3.12/site-packages/airflow/example_dags/example_skip_dag.py for tasks to queue
[2026-03-29T21:42:50.582+0000] {logging_mixin.py:188} INFO - [2026-03-29T21:42:50.582+0000] {dagbag.py:545} INFO - Filling up the DagBag from /home/airflow/.local/lib/python3.12/site-packages/airflow/example_dags/example_skip_dag.py
[2026-03-29T21:42:50.586+0000] {processor.py:840} INFO - DAG(s) 'example_skip_dag' retrieved from /home/airflow/.local/lib/python3.12/site-packages/airflow/example_dags/example_skip_dag.py
[2026-03-29T21:42:50.603+0000] {logging_mixin.py:188} INFO - [2026-03-29T21:42:50.602+0000] {dag.py:3089} INFO - Sync 1 DAGs
[2026-03-29T21:42:50.620+0000] {logging_mixin.py:188} INFO - [2026-03-29T21:42:50.620+0000] {dag.py:3947} INFO - Setting next_dagrun for example_skip_dag to 2026-03-28 00:00:00+00:00, run_after=2026-03-29 00:00:00+00:00
[2026-03-29T21:42:50.639+0000] {processor.py:183} INFO - Processing /home/airflow/.local/lib/python3.12/site-packages/airflow/example_dags/example_skip_dag.py took 0.064 seconds
[2026-03-29T21:43:22.205+0000] {processor.py:161} INFO - Started process (PID=1355) to work on /home/airflow/.local/lib/python3.12/site-packages/airflow/example_dags/example_skip_dag.py
[2026-03-29T21:43:22.207+0000] {processor.py:830} INFO - Processing file /home/airflow/.local/lib/python3.12/site-packages/airflow/example_dags/example_skip_dag.py for tasks to queue
[2026-03-29T21:43:22.210+0000] {logging_mixin.py:188} INFO - [2026-03-29T21:43:22.209+0000] {dagbag.py:545} INFO - Filling up the DagBag from /home/airflow/.local/lib/python3.12/site-packages/airflow/example_dags/example_skip_dag.py
[2026-03-29T21:43:22.218+0000] {processor.py:840} INFO - DAG(s) 'example_skip_dag' retrieved from /home/airflow/.local/lib/python3.12/site-packages/airflow/example_dags/example_skip_dag.py
[2026-03-29T21:43:22.245+0000] {logging_mixin.py:188} INFO - [2026-03-29T21:43:22.245+0000] {dag.py:3089} INFO - Sync 1 DAGs
[2026-03-29T21:43:22.266+0000] {logging_mixin.py:188} INFO - [2026-03-29T21:43:22.266+0000] {dag.py:3947} INFO - Setting next_dagrun for example_skip_dag to 2026-03-28 00:00:00+00:00, run_after=2026-03-29 00:00:00+00:00
[2026-03-29T21:43:22.281+0000] {processor.py:183} INFO - Processing /home/airflow/.local/lib/python3.12/site-packages/airflow/example_dags/example_skip_dag.py took 0.088 seconds
[2026-03-29T21:43:53.002+0000] {processor.py:161} INFO - Started process (PID=1407) to work on /home/airflow/.local/lib/python3.12/site-packages/airflow/example_dags/example_skip_dag.py
[2026-03-29T21:43:53.006+0000] {processor.py:830} INFO - Processing file /home/airflow/.local/lib/python3.12/site-packages/airflow/example_dags/example_skip_dag.py for tasks to queue
[2026-03-29T21:43:53.012+0000] {logging_mixin.py:188} INFO - [2026-03-29T21:43:53.011+0000] {dagbag.py:545} INFO - Filling up the DagBag from /home/airflow/.local/lib/python3.12/site-packages/airflow/example_dags/example_skip_dag.py
[2026-03-29T21:43:53.023+0000] {processor.py:840} INFO - DAG(s) 'example_skip_dag' retrieved from /home/airflow/.local/lib/python3.12/site-packages/airflow/example_dags/example_skip_dag.py
[2026-03-29T21:43:53.066+0000] {logging_mixin.py:188} INFO - [2026-03-29T21:43:53.065+0000] {dag.py:3089} INFO - Sync 1 DAGs
[2026-03-29T21:43:53.111+0000] {logging_mixin.py:188} INFO - [2026-03-29T21:43:53.110+0000] {dag.py:3947} INFO - Setting next_dagrun for example_skip_dag to 2026-03-28 00:00:00+00:00, run_after=2026-03-29 00:00:00+00:00
[2026-03-29T21:43:53.135+0000] {processor.py:183} INFO - Processing /home/airflow/.local/lib/python3.12/site-packages/airflow/example_dags/example_skip_dag.py took 0.165 seconds
[2026-03-29T21:44:23.947+0000] {processor.py:161} INFO - Started process (PID=1459) to work on /home/airflow/.local/lib/python3.12/site-packages/airflow/example_dags/example_skip_dag.py
[2026-03-29T21:44:23.949+0000] {processor.py:830} INFO - Processing file /home/airflow/.local/lib/python3.12/site-packages/airflow/example_dags/example_skip_dag.py for tasks to queue
[2026-03-29T21:44:23.954+0000] {logging_mixin.py:188} INFO - [2026-03-29T21:44:23.953+0000] {dagbag.py:545} INFO - Filling up the DagBag from /home/airflow/.local/lib/python3.12/site-packages/airflow/example_dags/example_skip_dag.py
[2026-03-29T21:44:23.976+0000] {processor.py:840} INFO - DAG(s) 'example_skip_dag' retrieved from /home/airflow/.local/lib/python3.12/site-packages/airflow/example_dags/example_skip_dag.py
[2026-03-29T21:44:24.046+0000] {logging_mixin.py:188} INFO - [2026-03-29T21:44:24.046+0000] {dag.py:3089} INFO - Sync 1 DAGs
[2026-03-29T21:44:24.088+0000] {logging_mixin.py:188} INFO - [2026-03-29T21:44:24.088+0000] {dag.py:3947} INFO - Setting next_dagrun for example_skip_dag to 2026-03-28 00:00:00+00:00, run_after=2026-03-29 00:00:00+00:00
[2026-03-29T21:44:24.115+0000] {processor.py:183} INFO - Processing /home/airflow/.local/lib/python3.12/site-packages/airflow/example_dags/example_skip_dag.py took 0.185 seconds
[2026-03-29T21:44:54.442+0000] {processor.py:161} INFO - Started process (PID=1511) to work on /home/airflow/.local/lib/python3.12/site-packages/airflow/example_dags/example_skip_dag.py
[2026-03-29T21:44:54.444+0000] {processor.py:830} INFO - Processing file /home/airflow/.local/lib/python3.12/site-packages/airflow/example_dags/example_skip_dag.py for tasks to queue
[2026-03-29T21:44:54.448+0000] {logging_mixin.py:188} INFO - [2026-03-29T21:44:54.447+0000] {dagbag.py:545} INFO - Filling up the DagBag from /home/airflow/.local/lib/python3.12/site-packages/airflow/example_dags/example_skip_dag.py
[2026-03-29T21:44:54.461+0000] {processor.py:840} INFO - DAG(s) 'example_skip_dag' retrieved from /home/airflow/.local/lib/python3.12/site-packages/airflow/example_dags/example_skip_dag.py
[2026-03-29T21:44:54.490+0000] {logging_mixin.py:188} INFO - [2026-03-29T21:44:54.490+0000] {dag.py:3089} INFO - Sync 1 DAGs
[2026-03-29T21:44:54.507+0000] {logging_mixin.py:188} INFO - [2026-03-29T21:44:54.507+0000] {dag.py:3947} INFO - Setting next_dagrun for example_skip_dag to 2026-03-28 00:00:00+00:00, run_after=2026-03-29 00:00:00+00:00
[2026-03-29T21:44:54.522+0000] {processor.py:183} INFO - Processing /home/airflow/.local/lib/python3.12/site-packages/airflow/example_dags/example_skip_dag.py took 0.088 seconds
[2026-03-29T21:45:25.934+0000] {processor.py:161} INFO - Started process (PID=1563) to work on /home/airflow/.local/lib/python3.12/site-packages/airflow/example_dags/example_skip_dag.py
[2026-03-29T21:45:25.935+0000] {processor.py:830} INFO - Processing file /home/airflow/.local/lib/python3.12/site-packages/airflow/example_dags/example_skip_dag.py for tasks to queue
[2026-03-29T21:45:25.939+0000] {logging_mixin.py:188} INFO - [2026-03-29T21:45:25.939+0000] {dagbag.py:545} INFO - Filling up the DagBag from /home/airflow/.local/lib/python3.12/site-packages/airflow/example_dags/example_skip_dag.py
[2026-03-29T21:45:25.950+0000] {processor.py:840} INFO - DAG(s) 'example_skip_dag' retrieved from /home/airflow/.local/lib/python3.12/site-packages/airflow/example_dags/example_skip_dag.py
[2026-03-29T21:45:25.982+0000] {logging_mixin.py:188} INFO - [2026-03-29T21:45:25.982+0000] {dag.py:3089} INFO - Sync 1 DAGs
[2026-03-29T21:45:26.012+0000] {logging_mixin.py:188} INFO - [2026-03-29T21:45:26.012+0000] {dag.py:3947} INFO - Setting next_dagrun for example_skip_dag to 2026-03-28 00:00:00+00:00, run_after=2026-03-29 00:00:00+00:00
[2026-03-29T21:45:26.042+0000] {processor.py:183} INFO - Processing /home/airflow/.local/lib/python3.12/site-packages/airflow/example_dags/example_skip_dag.py took 0.116 seconds
[2026-03-29T21:45:56.844+0000] {processor.py:161} INFO - Started process (PID=1615) to work on /home/airflow/.local/lib/python3.12/site-packages/airflow/example_dags/example_skip_dag.py
[2026-03-29T21:45:56.845+0000] {processor.py:830} INFO - Processing file /home/airflow/.local/lib/python3.12/site-packages/airflow/example_dags/example_skip_dag.py for tasks to queue
[2026-03-29T21:45:56.847+0000] {logging_mixin.py:188} INFO - [2026-03-29T21:45:56.846+0000] {dagbag.py:545} INFO - Filling up the DagBag from /home/airflow/.local/lib/python3.12/site-packages/airflow/example_dags/example_skip_dag.py
[2026-03-29T21:45:56.851+0000] {processor.py:840} INFO - DAG(s) 'example_skip_dag' retrieved from /home/airflow/.local/lib/python3.12/site-packages/airflow/example_dags/example_skip_dag.py
[2026-03-29T21:45:56.868+0000] {logging_mixin.py:188} INFO - [2026-03-29T21:45:56.868+0000] {dag.py:3089} INFO - Sync 1 DAGs
[2026-03-29T21:45:56.891+0000] {logging_mixin.py:188} INFO - [2026-03-29T21:45:56.890+0000] {dag.py:3947} INFO - Setting next_dagrun for example_skip_dag to 2026-03-28 00:00:00+00:00, run_after=2026-03-29 00:00:00+00:00
[2026-03-29T21:45:56.911+0000] {processor.py:183} INFO - Processing /home/airflow/.local/lib/python3.12/site-packages/airflow/example_dags/example_skip_dag.py took 0.071 seconds
[2026-03-29T21:46:27.115+0000] {processor.py:161} INFO - Started process (PID=1666) to work on /home/airflow/.local/lib/python3.12/site-packages/airflow/example_dags/example_skip_dag.py
[2026-03-29T21:46:27.116+0000] {processor.py:830} INFO - Processing file /home/airflow/.local/lib/python3.12/site-packages/airflow/example_dags/example_skip_dag.py for tasks to queue
[2026-03-29T21:46:27.122+0000] {logging_mixin.py:188} INFO - [2026-03-29T21:46:27.121+0000] {dagbag.py:545} INFO - Filling up the DagBag from /home/airflow/.local/lib/python3.12/site-packages/airflow/example_dags/example_skip_dag.py
[2026-03-29T21:46:27.128+0000] {processor.py:840} INFO - DAG(s) 'example_skip_dag' retrieved from /home/airflow/.local/lib/python3.12/site-packages/airflow/example_dags/example_skip_dag.py
[2026-03-29T21:46:27.152+0000] {logging_mixin.py:188} INFO - [2026-03-29T21:46:27.151+0000] {dag.py:3089} INFO - Sync 1 DAGs
[2026-03-29T21:46:27.176+0000] {logging_mixin.py:188} INFO - [2026-03-29T21:46:27.175+0000] {dag.py:3947} INFO - Setting next_dagrun for example_skip_dag to 2026-03-28 00:00:00+00:00, run_after=2026-03-29 00:00:00+00:00
[2026-03-29T21:46:27.196+0000] {processor.py:183} INFO - Processing /home/airflow/.local/lib/python3.12/site-packages/airflow/example_dags/example_skip_dag.py took 0.089 seconds
[2026-03-29T21:46:57.920+0000] {processor.py:161} INFO - Started process (PID=1718) to work on /home/airflow/.local/lib/python3.12/site-packages/airflow/example_dags/example_skip_dag.py
[2026-03-29T21:46:57.922+0000] {processor.py:830} INFO - Processing file /home/airflow/.local/lib/python3.12/site-packages/airflow/example_dags/example_skip_dag.py for tasks to queue
[2026-03-29T21:46:57.926+0000] {logging_mixin.py:188} INFO - [2026-03-29T21:46:57.926+0000] {dagbag.py:545} INFO - Filling up the DagBag from /home/airflow/.local/lib/python3.12/site-packages/airflow/example_dags/example_skip_dag.py
[2026-03-29T21:46:57.935+0000] {processor.py:840} INFO - DAG(s) 'example_skip_dag' retrieved from /home/airflow/.local/lib/python3.12/site-packages/airflow/example_dags/example_skip_dag.py
[2026-03-29T21:46:57.973+0000] {logging_mixin.py:188} INFO - [2026-03-29T21:46:57.973+0000] {dag.py:3089} INFO - Sync 1 DAGs
[2026-03-29T21:46:58.004+0000] {logging_mixin.py:188} INFO - [2026-03-29T21:46:58.004+0000] {dag.py:3947} INFO - Setting next_dagrun for example_skip_dag to 2026-03-28 00:00:00+00:00, run_after=2026-03-29 00:00:00+00:00
[2026-03-29T21:46:58.036+0000] {processor.py:183} INFO - Processing /home/airflow/.local/lib/python3.12/site-packages/airflow/example_dags/example_skip_dag.py took 0.123 seconds
[2026-03-29T21:47:28.328+0000] {processor.py:161} INFO - Started process (PID=1770) to work on /home/airflow/.local/lib/python3.12/site-packages/airflow/example_dags/example_skip_dag.py
[2026-03-29T21:47:28.330+0000] {processor.py:830} INFO - Processing file /home/airflow/.local/lib/python3.12/site-packages/airflow/example_dags/example_skip_dag.py for tasks to queue
[2026-03-29T21:47:28.335+0000] {logging_mixin.py:188} INFO - [2026-03-29T21:47:28.334+0000] {dagbag.py:545} INFO - Filling up the DagBag from /home/airflow/.local/lib/python3.12/site-packages/airflow/example_dags/example_skip_dag.py
[2026-03-29T21:47:28.344+0000] {processor.py:840} INFO - DAG(s) 'example_skip_dag' retrieved from /home/airflow/.local/lib/python3.12/site-packages/airflow/example_dags/example_skip_dag.py
[2026-03-29T21:47:28.362+0000] {logging_mixin.py:188} INFO - [2026-03-29T21:47:28.361+0000] {dag.py:3089} INFO - Sync 1 DAGs
[2026-03-29T21:47:28.384+0000] {logging_mixin.py:188} INFO - [2026-03-29T21:47:28.384+0000] {dag.py:3947} INFO - Setting next_dagrun for example_skip_dag to 2026-03-28 00:00:00+00:00, run_after=2026-03-29 00:00:00+00:00
[2026-03-29T21:47:28.515+0000] {processor.py:183} INFO - Processing /home/airflow/.local/lib/python3.12/site-packages/airflow/example_dags/example_skip_dag.py took 0.193 seconds
[2026-03-29T21:47:58.894+0000] {processor.py:161} INFO - Started process (PID=1822) to work on /home/airflow/.local/lib/python3.12/site-packages/airflow/example_dags/example_skip_dag.py
[2026-03-29T21:47:58.897+0000] {processor.py:830} INFO - Processing file /home/airflow/.local/lib/python3.12/site-packages/airflow/example_dags/example_skip_dag.py for tasks to queue
[2026-03-29T21:47:58.902+0000] {logging_mixin.py:188} INFO - [2026-03-29T21:47:58.901+0000] {dagbag.py:545} INFO - Filling up the DagBag from /home/airflow/.local/lib/python3.12/site-packages/airflow/example_dags/example_skip_dag.py
[2026-03-29T21:47:58.923+0000] {processor.py:840} INFO - DAG(s) 'example_skip_dag' retrieved from /home/airflow/.local/lib/python3.12/site-packages/airflow/example_dags/example_skip_dag.py
[2026-03-29T21:47:58.958+0000] {logging_mixin.py:188} INFO - [2026-03-29T21:47:58.958+0000] {dag.py:3089} INFO - Sync 1 DAGs
[2026-03-29T21:47:58.979+0000] {logging_mixin.py:188} INFO - [2026-03-29T21:47:58.979+0000] {dag.py:3947} INFO - Setting next_dagrun for example_skip_dag to 2026-03-28 00:00:00+00:00, run_after=2026-03-29 00:00:00+00:00
[2026-03-29T21:47:59.000+0000] {processor.py:183} INFO - Processing /home/airflow/.local/lib/python3.12/site-packages/airflow/example_dags/example_skip_dag.py took 0.112 seconds
[2026-03-29T21:48:29.242+0000] {processor.py:161} INFO - Started process (PID=1874) to work on /home/airflow/.local/lib/python3.12/site-packages/airflow/example_dags/example_skip_dag.py
[2026-03-29T21:48:29.245+0000] {processor.py:830} INFO - Processing file /home/airflow/.local/lib/python3.12/site-packages/airflow/example_dags/example_skip_dag.py for tasks to queue
[2026-03-29T21:48:29.248+0000] {logging_mixin.py:188} INFO - [2026-03-29T21:48:29.247+0000] {dagbag.py:545} INFO - Filling up the DagBag from /home/airflow/.local/lib/python3.12/site-packages/airflow/example_dags/example_skip_dag.py
[2026-03-29T21:48:29.253+0000] {processor.py:840} INFO - DAG(s) 'example_skip_dag' retrieved from /home/airflow/.local/lib/python3.12/site-packages/airflow/example_dags/example_skip_dag.py
[2026-03-29T21:48:29.272+0000] {logging_mixin.py:188} INFO - [2026-03-29T21:48:29.272+0000] {dag.py:3089} INFO - Sync 1 DAGs
[2026-03-29T21:48:29.288+0000] {logging_mixin.py:188} INFO - [2026-03-29T21:48:29.288+0000] {dag.py:3947} INFO - Setting next_dagrun for example_skip_dag to 2026-03-28 00:00:00+00:00, run_after=2026-03-29 00:00:00+00:00
[2026-03-29T21:48:29.305+0000] {processor.py:183} INFO - Processing /home/airflow/.local/lib/python3.12/site-packages/airflow/example_dags/example_skip_dag.py took 0.070 seconds
[2026-03-29T21:48:59.631+0000] {processor.py:161} INFO - Started process (PID=1926) to work on /home/airflow/.local/lib/python3.12/site-packages/airflow/example_dags/example_skip_dag.py
[2026-03-29T21:48:59.632+0000] {processor.py:830} INFO - Processing file /home/airflow/.local/lib/python3.12/site-packages/airflow/example_dags/example_skip_dag.py for tasks to queue
[2026-03-29T21:48:59.635+0000] {logging_mixin.py:188} INFO - [2026-03-29T21:48:59.635+0000] {dagbag.py:545} INFO - Filling up the DagBag from /home/airflow/.local/lib/python3.12/site-packages/airflow/example_dags/example_skip_dag.py
[2026-03-29T21:48:59.645+0000] {processor.py:840} INFO - DAG(s) 'example_skip_dag' retrieved from /home/airflow/.local/lib/python3.12/site-packages/airflow/example_dags/example_skip_dag.py
[2026-03-29T21:48:59.680+0000] {logging_mixin.py:188} INFO - [2026-03-29T21:48:59.679+0000] {dag.py:3089} INFO - Sync 1 DAGs
[2026-03-29T21:48:59.707+0000] {logging_mixin.py:188} INFO - [2026-03-29T21:48:59.707+0000] {dag.py:3947} INFO - Setting next_dagrun for example_skip_dag to 2026-03-28 00:00:00+00:00, run_after=2026-03-29 00:00:00+00:00
[2026-03-29T21:48:59.730+0000] {processor.py:183} INFO - Processing /home/airflow/.local/lib/python3.12/site-packages/airflow/example_dags/example_skip_dag.py took 0.105 seconds
[2026-03-29T21:49:30.924+0000] {processor.py:161} INFO - Started process (PID=1976) to work on /home/airflow/.local/lib/python3.12/site-packages/airflow/example_dags/example_skip_dag.py
[2026-03-29T21:49:30.925+0000] {processor.py:830} INFO - Processing file /home/airflow/.local/lib/python3.12/site-packages/airflow/example_dags/example_skip_dag.py for tasks to queue
[2026-03-29T21:49:30.928+0000] {logging_mixin.py:188} INFO - [2026-03-29T21:49:30.928+0000] {dagbag.py:545} INFO - Filling up the DagBag from /home/airflow/.local/lib/python3.12/site-packages/airflow/example_dags/example_skip_dag.py
[2026-03-29T21:49:30.936+0000] {processor.py:840} INFO - DAG(s) 'example_skip_dag' retrieved from /home/airflow/.local/lib/python3.12/site-packages/airflow/example_dags/example_skip_dag.py
[2026-03-29T21:49:31.085+0000] {logging_mixin.py:188} INFO - [2026-03-29T21:49:31.085+0000] {dag.py:3089} INFO - Sync 1 DAGs
[2026-03-29T21:49:31.104+0000] {logging_mixin.py:188} INFO - [2026-03-29T21:49:31.104+0000] {dag.py:3947} INFO - Setting next_dagrun for example_skip_dag to 2026-03-28 00:00:00+00:00, run_after=2026-03-29 00:00:00+00:00
[2026-03-29T21:49:31.120+0000] {processor.py:183} INFO - Processing /home/airflow/.local/lib/python3.12/site-packages/airflow/example_dags/example_skip_dag.py took 0.201 seconds
