[2026-03-29T21:30:34.041+0000] {processor.py:161} INFO - Started process (PID=62) to work on /home/airflow/.local/lib/python3.12/site-packages/airflow/example_dags/example_branch_datetime_operator.py
[2026-03-29T21:30:34.050+0000] {processor.py:830} INFO - Processing file /home/airflow/.local/lib/python3.12/site-packages/airflow/example_dags/example_branch_datetime_operator.py for tasks to queue
[2026-03-29T21:30:34.062+0000] {logging_mixin.py:188} INFO - [2026-03-29T21:30:34.061+0000] {dagbag.py:545} INFO - Filling up the DagBag from /home/airflow/.local/lib/python3.12/site-packages/airflow/example_dags/example_branch_datetime_operator.py
[2026-03-29T21:30:34.134+0000] {processor.py:840} INFO - DAG(s) 'example_branch_datetime_operator_3', 'example_branch_datetime_operator_2', 'example_branch_datetime_operator' retrieved from /home/airflow/.local/lib/python3.12/site-packages/airflow/example_dags/example_branch_datetime_operator.py
[2026-03-29T21:30:34.168+0000] {logging_mixin.py:188} INFO - [2026-03-29T21:30:34.168+0000] {dag.py:3089} INFO - Sync 3 DAGs
[2026-03-29T21:30:34.231+0000] {logging_mixin.py:188} INFO - [2026-03-29T21:30:34.230+0000] {dag.py:3947} INFO - Setting next_dagrun for example_branch_datetime_operator to 2026-03-28 00:00:00+00:00, run_after=2026-03-29 00:00:00+00:00
[2026-03-29T21:30:34.248+0000] {logging_mixin.py:188} INFO - [2026-03-29T21:30:34.247+0000] {dag.py:3947} INFO - Setting next_dagrun for example_branch_datetime_operator_2 to 2026-03-28 00:00:00+00:00, run_after=2026-03-29 00:00:00+00:00
[2026-03-29T21:30:34.256+0000] {logging_mixin.py:188} INFO - [2026-03-29T21:30:34.255+0000] {dag.py:3947} INFO - Setting next_dagrun for example_branch_datetime_operator_3 to 2026-03-28 00:00:00+00:00, run_after=2026-03-29 00:00:00+00:00
[2026-03-29T21:30:34.309+0000] {processor.py:183} INFO - Processing /home/airflow/.local/lib/python3.12/site-packages/airflow/example_dags/example_branch_datetime_operator.py took 0.302 seconds
[2026-03-29T21:31:05.126+0000] {processor.py:161} INFO - Started process (PID=114) to work on /home/airflow/.local/lib/python3.12/site-packages/airflow/example_dags/example_branch_datetime_operator.py
[2026-03-29T21:31:05.128+0000] {processor.py:830} INFO - Processing file /home/airflow/.local/lib/python3.12/site-packages/airflow/example_dags/example_branch_datetime_operator.py for tasks to queue
[2026-03-29T21:31:05.130+0000] {logging_mixin.py:188} INFO - [2026-03-29T21:31:05.129+0000] {dagbag.py:545} INFO - Filling up the DagBag from /home/airflow/.local/lib/python3.12/site-packages/airflow/example_dags/example_branch_datetime_operator.py
[2026-03-29T21:31:05.142+0000] {processor.py:840} INFO - DAG(s) 'example_branch_datetime_operator_2', 'example_branch_datetime_operator_3', 'example_branch_datetime_operator' retrieved from /home/airflow/.local/lib/python3.12/site-packages/airflow/example_dags/example_branch_datetime_operator.py
[2026-03-29T21:31:05.340+0000] {logging_mixin.py:188} INFO - [2026-03-29T21:31:05.340+0000] {dag.py:3089} INFO - Sync 3 DAGs
[2026-03-29T21:31:05.391+0000] {logging_mixin.py:188} INFO - [2026-03-29T21:31:05.390+0000] {dag.py:3947} INFO - Setting next_dagrun for example_branch_datetime_operator to 2026-03-28 00:00:00+00:00, run_after=2026-03-29 00:00:00+00:00
[2026-03-29T21:31:05.397+0000] {logging_mixin.py:188} INFO - [2026-03-29T21:31:05.397+0000] {dag.py:3947} INFO - Setting next_dagrun for example_branch_datetime_operator_2 to 2026-03-28 00:00:00+00:00, run_after=2026-03-29 00:00:00+00:00
[2026-03-29T21:31:05.402+0000] {logging_mixin.py:188} INFO - [2026-03-29T21:31:05.402+0000] {dag.py:3947} INFO - Setting next_dagrun for example_branch_datetime_operator_3 to 2026-03-28 00:00:00+00:00, run_after=2026-03-29 00:00:00+00:00
[2026-03-29T21:31:05.442+0000] {processor.py:183} INFO - Processing /home/airflow/.local/lib/python3.12/site-packages/airflow/example_dags/example_branch_datetime_operator.py took 0.323 seconds
[2026-03-29T21:31:35.831+0000] {processor.py:161} INFO - Started process (PID=166) to work on /home/airflow/.local/lib/python3.12/site-packages/airflow/example_dags/example_branch_datetime_operator.py
[2026-03-29T21:31:35.832+0000] {processor.py:830} INFO - Processing file /home/airflow/.local/lib/python3.12/site-packages/airflow/example_dags/example_branch_datetime_operator.py for tasks to queue
[2026-03-29T21:31:35.833+0000] {logging_mixin.py:188} INFO - [2026-03-29T21:31:35.833+0000] {dagbag.py:545} INFO - Filling up the DagBag from /home/airflow/.local/lib/python3.12/site-packages/airflow/example_dags/example_branch_datetime_operator.py
[2026-03-29T21:31:35.840+0000] {processor.py:840} INFO - DAG(s) 'example_branch_datetime_operator_3', 'example_branch_datetime_operator_2', 'example_branch_datetime_operator' retrieved from /home/airflow/.local/lib/python3.12/site-packages/airflow/example_dags/example_branch_datetime_operator.py
[2026-03-29T21:31:35.858+0000] {logging_mixin.py:188} INFO - [2026-03-29T21:31:35.858+0000] {dag.py:3089} INFO - Sync 3 DAGs
[2026-03-29T21:31:35.875+0000] {logging_mixin.py:188} INFO - [2026-03-29T21:31:35.875+0000] {dag.py:3947} INFO - Setting next_dagrun for example_branch_datetime_operator to 2026-03-28 00:00:00+00:00, run_after=2026-03-29 00:00:00+00:00
[2026-03-29T21:31:35.879+0000] {logging_mixin.py:188} INFO - [2026-03-29T21:31:35.879+0000] {dag.py:3947} INFO - Setting next_dagrun for example_branch_datetime_operator_2 to 2026-03-28 00:00:00+00:00, run_after=2026-03-29 00:00:00+00:00
[2026-03-29T21:31:35.880+0000] {logging_mixin.py:188} INFO - [2026-03-29T21:31:35.880+0000] {dag.py:3947} INFO - Setting next_dagrun for example_branch_datetime_operator_3 to 2026-03-28 00:00:00+00:00, run_after=2026-03-29 00:00:00+00:00
[2026-03-29T21:31:35.890+0000] {processor.py:183} INFO - Processing /home/airflow/.local/lib/python3.12/site-packages/airflow/example_dags/example_branch_datetime_operator.py took 0.064 seconds
[2026-03-29T21:32:06.597+0000] {processor.py:161} INFO - Started process (PID=218) to work on /home/airflow/.local/lib/python3.12/site-packages/airflow/example_dags/example_branch_datetime_operator.py
[2026-03-29T21:32:06.599+0000] {processor.py:830} INFO - Processing file /home/airflow/.local/lib/python3.12/site-packages/airflow/example_dags/example_branch_datetime_operator.py for tasks to queue
[2026-03-29T21:32:06.603+0000] {logging_mixin.py:188} INFO - [2026-03-29T21:32:06.602+0000] {dagbag.py:545} INFO - Filling up the DagBag from /home/airflow/.local/lib/python3.12/site-packages/airflow/example_dags/example_branch_datetime_operator.py
[2026-03-29T21:32:06.628+0000] {processor.py:840} INFO - DAG(s) 'example_branch_datetime_operator', 'example_branch_datetime_operator_2', 'example_branch_datetime_operator_3' retrieved from /home/airflow/.local/lib/python3.12/site-packages/airflow/example_dags/example_branch_datetime_operator.py
[2026-03-29T21:32:06.759+0000] {logging_mixin.py:188} INFO - [2026-03-29T21:32:06.758+0000] {dag.py:3089} INFO - Sync 3 DAGs
[2026-03-29T21:32:06.805+0000] {logging_mixin.py:188} INFO - [2026-03-29T21:32:06.805+0000] {dag.py:3947} INFO - Setting next_dagrun for example_branch_datetime_operator to 2026-03-28 00:00:00+00:00, run_after=2026-03-29 00:00:00+00:00
[2026-03-29T21:32:06.811+0000] {logging_mixin.py:188} INFO - [2026-03-29T21:32:06.811+0000] {dag.py:3947} INFO - Setting next_dagrun for example_branch_datetime_operator_2 to 2026-03-28 00:00:00+00:00, run_after=2026-03-29 00:00:00+00:00
[2026-03-29T21:32:06.815+0000] {logging_mixin.py:188} INFO - [2026-03-29T21:32:06.814+0000] {dag.py:3947} INFO - Setting next_dagrun for example_branch_datetime_operator_3 to 2026-03-28 00:00:00+00:00, run_after=2026-03-29 00:00:00+00:00
[2026-03-29T21:32:06.845+0000] {processor.py:183} INFO - Processing /home/airflow/.local/lib/python3.12/site-packages/airflow/example_dags/example_branch_datetime_operator.py took 0.258 seconds
[2026-03-29T21:32:37.508+0000] {processor.py:161} INFO - Started process (PID=270) to work on /home/airflow/.local/lib/python3.12/site-packages/airflow/example_dags/example_branch_datetime_operator.py
[2026-03-29T21:32:37.509+0000] {processor.py:830} INFO - Processing file /home/airflow/.local/lib/python3.12/site-packages/airflow/example_dags/example_branch_datetime_operator.py for tasks to queue
[2026-03-29T21:32:37.510+0000] {logging_mixin.py:188} INFO - [2026-03-29T21:32:37.510+0000] {dagbag.py:545} INFO - Filling up the DagBag from /home/airflow/.local/lib/python3.12/site-packages/airflow/example_dags/example_branch_datetime_operator.py
[2026-03-29T21:32:37.517+0000] {processor.py:840} INFO - DAG(s) 'example_branch_datetime_operator_2', 'example_branch_datetime_operator', 'example_branch_datetime_operator_3' retrieved from /home/airflow/.local/lib/python3.12/site-packages/airflow/example_dags/example_branch_datetime_operator.py
[2026-03-29T21:32:37.541+0000] {logging_mixin.py:188} INFO - [2026-03-29T21:32:37.541+0000] {dag.py:3089} INFO - Sync 3 DAGs
[2026-03-29T21:32:37.559+0000] {logging_mixin.py:188} INFO - [2026-03-29T21:32:37.559+0000] {dag.py:3947} INFO - Setting next_dagrun for example_branch_datetime_operator to 2026-03-28 00:00:00+00:00, run_after=2026-03-29 00:00:00+00:00
[2026-03-29T21:32:37.563+0000] {logging_mixin.py:188} INFO - [2026-03-29T21:32:37.563+0000] {dag.py:3947} INFO - Setting next_dagrun for example_branch_datetime_operator_2 to 2026-03-28 00:00:00+00:00, run_after=2026-03-29 00:00:00+00:00
[2026-03-29T21:32:37.566+0000] {logging_mixin.py:188} INFO - [2026-03-29T21:32:37.566+0000] {dag.py:3947} INFO - Setting next_dagrun for example_branch_datetime_operator_3 to 2026-03-28 00:00:00+00:00, run_after=2026-03-29 00:00:00+00:00
[2026-03-29T21:32:37.579+0000] {processor.py:183} INFO - Processing /home/airflow/.local/lib/python3.12/site-packages/airflow/example_dags/example_branch_datetime_operator.py took 0.075 seconds
[2026-03-29T21:33:08.116+0000] {processor.py:161} INFO - Started process (PID=322) to work on /home/airflow/.local/lib/python3.12/site-packages/airflow/example_dags/example_branch_datetime_operator.py
[2026-03-29T21:33:08.117+0000] {processor.py:830} INFO - Processing file /home/airflow/.local/lib/python3.12/site-packages/airflow/example_dags/example_branch_datetime_operator.py for tasks to queue
[2026-03-29T21:33:08.119+0000] {logging_mixin.py:188} INFO - [2026-03-29T21:33:08.119+0000] {dagbag.py:545} INFO - Filling up the DagBag from /home/airflow/.local/lib/python3.12/site-packages/airflow/example_dags/example_branch_datetime_operator.py
[2026-03-29T21:33:08.128+0000] {processor.py:840} INFO - DAG(s) 'example_branch_datetime_operator_3', 'example_branch_datetime_operator', 'example_branch_datetime_operator_2' retrieved from /home/airflow/.local/lib/python3.12/site-packages/airflow/example_dags/example_branch_datetime_operator.py
[2026-03-29T21:33:08.153+0000] {logging_mixin.py:188} INFO - [2026-03-29T21:33:08.153+0000] {dag.py:3089} INFO - Sync 3 DAGs
[2026-03-29T21:33:08.177+0000] {logging_mixin.py:188} INFO - [2026-03-29T21:33:08.177+0000] {dag.py:3947} INFO - Setting next_dagrun for example_branch_datetime_operator to 2026-03-28 00:00:00+00:00, run_after=2026-03-29 00:00:00+00:00
[2026-03-29T21:33:08.183+0000] {logging_mixin.py:188} INFO - [2026-03-29T21:33:08.183+0000] {dag.py:3947} INFO - Setting next_dagrun for example_branch_datetime_operator_2 to 2026-03-28 00:00:00+00:00, run_after=2026-03-29 00:00:00+00:00
[2026-03-29T21:33:08.186+0000] {logging_mixin.py:188} INFO - [2026-03-29T21:33:08.186+0000] {dag.py:3947} INFO - Setting next_dagrun for example_branch_datetime_operator_3 to 2026-03-28 00:00:00+00:00, run_after=2026-03-29 00:00:00+00:00
[2026-03-29T21:33:08.206+0000] {processor.py:183} INFO - Processing /home/airflow/.local/lib/python3.12/site-packages/airflow/example_dags/example_branch_datetime_operator.py took 0.095 seconds
[2026-03-29T21:33:38.898+0000] {processor.py:161} INFO - Started process (PID=374) to work on /home/airflow/.local/lib/python3.12/site-packages/airflow/example_dags/example_branch_datetime_operator.py
[2026-03-29T21:33:38.901+0000] {processor.py:830} INFO - Processing file /home/airflow/.local/lib/python3.12/site-packages/airflow/example_dags/example_branch_datetime_operator.py for tasks to queue
[2026-03-29T21:33:38.906+0000] {logging_mixin.py:188} INFO - [2026-03-29T21:33:38.905+0000] {dagbag.py:545} INFO - Filling up the DagBag from /home/airflow/.local/lib/python3.12/site-packages/airflow/example_dags/example_branch_datetime_operator.py
[2026-03-29T21:33:38.932+0000] {processor.py:840} INFO - DAG(s) 'example_branch_datetime_operator_2', 'example_branch_datetime_operator', 'example_branch_datetime_operator_3' retrieved from /home/airflow/.local/lib/python3.12/site-packages/airflow/example_dags/example_branch_datetime_operator.py
[2026-03-29T21:33:38.969+0000] {logging_mixin.py:188} INFO - [2026-03-29T21:33:38.969+0000] {dag.py:3089} INFO - Sync 3 DAGs
[2026-03-29T21:33:38.998+0000] {logging_mixin.py:188} INFO - [2026-03-29T21:33:38.998+0000] {dag.py:3947} INFO - Setting next_dagrun for example_branch_datetime_operator to 2026-03-28 00:00:00+00:00, run_after=2026-03-29 00:00:00+00:00
[2026-03-29T21:33:39.009+0000] {logging_mixin.py:188} INFO - [2026-03-29T21:33:39.008+0000] {dag.py:3947} INFO - Setting next_dagrun for example_branch_datetime_operator_2 to 2026-03-28 00:00:00+00:00, run_after=2026-03-29 00:00:00+00:00
[2026-03-29T21:33:39.012+0000] {logging_mixin.py:188} INFO - [2026-03-29T21:33:39.012+0000] {dag.py:3947} INFO - Setting next_dagrun for example_branch_datetime_operator_3 to 2026-03-28 00:00:00+00:00, run_after=2026-03-29 00:00:00+00:00
[2026-03-29T21:33:39.041+0000] {processor.py:183} INFO - Processing /home/airflow/.local/lib/python3.12/site-packages/airflow/example_dags/example_branch_datetime_operator.py took 0.161 seconds
[2026-03-29T21:34:09.455+0000] {processor.py:161} INFO - Started process (PID=426) to work on /home/airflow/.local/lib/python3.12/site-packages/airflow/example_dags/example_branch_datetime_operator.py
[2026-03-29T21:34:09.457+0000] {processor.py:830} INFO - Processing file /home/airflow/.local/lib/python3.12/site-packages/airflow/example_dags/example_branch_datetime_operator.py for tasks to queue
[2026-03-29T21:34:09.459+0000] {logging_mixin.py:188} INFO - [2026-03-29T21:34:09.459+0000] {dagbag.py:545} INFO - Filling up the DagBag from /home/airflow/.local/lib/python3.12/site-packages/airflow/example_dags/example_branch_datetime_operator.py
[2026-03-29T21:34:09.474+0000] {processor.py:840} INFO - DAG(s) 'example_branch_datetime_operator_3', 'example_branch_datetime_operator_2', 'example_branch_datetime_operator' retrieved from /home/airflow/.local/lib/python3.12/site-packages/airflow/example_dags/example_branch_datetime_operator.py
[2026-03-29T21:34:09.504+0000] {logging_mixin.py:188} INFO - [2026-03-29T21:34:09.504+0000] {dag.py:3089} INFO - Sync 3 DAGs
[2026-03-29T21:34:09.534+0000] {logging_mixin.py:188} INFO - [2026-03-29T21:34:09.533+0000] {dag.py:3947} INFO - Setting next_dagrun for example_branch_datetime_operator to 2026-03-28 00:00:00+00:00, run_after=2026-03-29 00:00:00+00:00
[2026-03-29T21:34:09.544+0000] {logging_mixin.py:188} INFO - [2026-03-29T21:34:09.544+0000] {dag.py:3947} INFO - Setting next_dagrun for example_branch_datetime_operator_2 to 2026-03-28 00:00:00+00:00, run_after=2026-03-29 00:00:00+00:00
[2026-03-29T21:34:09.546+0000] {logging_mixin.py:188} INFO - [2026-03-29T21:34:09.546+0000] {dag.py:3947} INFO - Setting next_dagrun for example_branch_datetime_operator_3 to 2026-03-28 00:00:00+00:00, run_after=2026-03-29 00:00:00+00:00
[2026-03-29T21:34:09.573+0000] {processor.py:183} INFO - Processing /home/airflow/.local/lib/python3.12/site-packages/airflow/example_dags/example_branch_datetime_operator.py took 0.125 seconds
[2026-03-29T21:34:40.065+0000] {processor.py:161} INFO - Started process (PID=478) to work on /home/airflow/.local/lib/python3.12/site-packages/airflow/example_dags/example_branch_datetime_operator.py
[2026-03-29T21:34:40.067+0000] {processor.py:830} INFO - Processing file /home/airflow/.local/lib/python3.12/site-packages/airflow/example_dags/example_branch_datetime_operator.py for tasks to queue
[2026-03-29T21:34:40.068+0000] {logging_mixin.py:188} INFO - [2026-03-29T21:34:40.068+0000] {dagbag.py:545} INFO - Filling up the DagBag from /home/airflow/.local/lib/python3.12/site-packages/airflow/example_dags/example_branch_datetime_operator.py
[2026-03-29T21:34:40.077+0000] {processor.py:840} INFO - DAG(s) 'example_branch_datetime_operator_2', 'example_branch_datetime_operator', 'example_branch_datetime_operator_3' retrieved from /home/airflow/.local/lib/python3.12/site-packages/airflow/example_dags/example_branch_datetime_operator.py
[2026-03-29T21:34:40.102+0000] {logging_mixin.py:188} INFO - [2026-03-29T21:34:40.101+0000] {dag.py:3089} INFO - Sync 3 DAGs
[2026-03-29T21:34:40.123+0000] {logging_mixin.py:188} INFO - [2026-03-29T21:34:40.123+0000] {dag.py:3947} INFO - Setting next_dagrun for example_branch_datetime_operator to 2026-03-28 00:00:00+00:00, run_after=2026-03-29 00:00:00+00:00
[2026-03-29T21:34:40.128+0000] {logging_mixin.py:188} INFO - [2026-03-29T21:34:40.128+0000] {dag.py:3947} INFO - Setting next_dagrun for example_branch_datetime_operator_2 to 2026-03-28 00:00:00+00:00, run_after=2026-03-29 00:00:00+00:00
[2026-03-29T21:34:40.132+0000] {logging_mixin.py:188} INFO - [2026-03-29T21:34:40.132+0000] {dag.py:3947} INFO - Setting next_dagrun for example_branch_datetime_operator_3 to 2026-03-28 00:00:00+00:00, run_after=2026-03-29 00:00:00+00:00
[2026-03-29T21:34:40.147+0000] {processor.py:183} INFO - Processing /home/airflow/.local/lib/python3.12/site-packages/airflow/example_dags/example_branch_datetime_operator.py took 0.087 seconds
[2026-03-29T21:35:11.025+0000] {processor.py:161} INFO - Started process (PID=530) to work on /home/airflow/.local/lib/python3.12/site-packages/airflow/example_dags/example_branch_datetime_operator.py
[2026-03-29T21:35:11.027+0000] {processor.py:830} INFO - Processing file /home/airflow/.local/lib/python3.12/site-packages/airflow/example_dags/example_branch_datetime_operator.py for tasks to queue
[2026-03-29T21:35:11.029+0000] {logging_mixin.py:188} INFO - [2026-03-29T21:35:11.028+0000] {dagbag.py:545} INFO - Filling up the DagBag from /home/airflow/.local/lib/python3.12/site-packages/airflow/example_dags/example_branch_datetime_operator.py
[2026-03-29T21:35:11.040+0000] {processor.py:840} INFO - DAG(s) 'example_branch_datetime_operator', 'example_branch_datetime_operator_2', 'example_branch_datetime_operator_3' retrieved from /home/airflow/.local/lib/python3.12/site-packages/airflow/example_dags/example_branch_datetime_operator.py
[2026-03-29T21:35:11.079+0000] {logging_mixin.py:188} INFO - [2026-03-29T21:35:11.079+0000] {dag.py:3089} INFO - Sync 3 DAGs
[2026-03-29T21:35:11.103+0000] {logging_mixin.py:188} INFO - [2026-03-29T21:35:11.103+0000] {dag.py:3947} INFO - Setting next_dagrun for example_branch_datetime_operator to 2026-03-28 00:00:00+00:00, run_after=2026-03-29 00:00:00+00:00
[2026-03-29T21:35:11.109+0000] {logging_mixin.py:188} INFO - [2026-03-29T21:35:11.109+0000] {dag.py:3947} INFO - Setting next_dagrun for example_branch_datetime_operator_2 to 2026-03-28 00:00:00+00:00, run_after=2026-03-29 00:00:00+00:00
[2026-03-29T21:35:11.111+0000] {logging_mixin.py:188} INFO - [2026-03-29T21:35:11.111+0000] {dag.py:3947} INFO - Setting next_dagrun for example_branch_datetime_operator_3 to 2026-03-28 00:00:00+00:00, run_after=2026-03-29 00:00:00+00:00
[2026-03-29T21:35:11.131+0000] {processor.py:183} INFO - Processing /home/airflow/.local/lib/python3.12/site-packages/airflow/example_dags/example_branch_datetime_operator.py took 0.117 seconds
[2026-03-29T21:35:41.749+0000] {processor.py:161} INFO - Started process (PID=582) to work on /home/airflow/.local/lib/python3.12/site-packages/airflow/example_dags/example_branch_datetime_operator.py
[2026-03-29T21:35:41.750+0000] {processor.py:830} INFO - Processing file /home/airflow/.local/lib/python3.12/site-packages/airflow/example_dags/example_branch_datetime_operator.py for tasks to queue
[2026-03-29T21:35:41.751+0000] {logging_mixin.py:188} INFO - [2026-03-29T21:35:41.751+0000] {dagbag.py:545} INFO - Filling up the DagBag from /home/airflow/.local/lib/python3.12/site-packages/airflow/example_dags/example_branch_datetime_operator.py
[2026-03-29T21:35:41.758+0000] {processor.py:840} INFO - DAG(s) 'example_branch_datetime_operator_2', 'example_branch_datetime_operator_3', 'example_branch_datetime_operator' retrieved from /home/airflow/.local/lib/python3.12/site-packages/airflow/example_dags/example_branch_datetime_operator.py
[2026-03-29T21:35:41.781+0000] {logging_mixin.py:188} INFO - [2026-03-29T21:35:41.781+0000] {dag.py:3089} INFO - Sync 3 DAGs
[2026-03-29T21:35:41.805+0000] {logging_mixin.py:188} INFO - [2026-03-29T21:35:41.804+0000] {dag.py:3947} INFO - Setting next_dagrun for example_branch_datetime_operator to 2026-03-28 00:00:00+00:00, run_after=2026-03-29 00:00:00+00:00
[2026-03-29T21:35:41.809+0000] {logging_mixin.py:188} INFO - [2026-03-29T21:35:41.809+0000] {dag.py:3947} INFO - Setting next_dagrun for example_branch_datetime_operator_2 to 2026-03-28 00:00:00+00:00, run_after=2026-03-29 00:00:00+00:00
[2026-03-29T21:35:41.811+0000] {logging_mixin.py:188} INFO - [2026-03-29T21:35:41.810+0000] {dag.py:3947} INFO - Setting next_dagrun for example_branch_datetime_operator_3 to 2026-03-28 00:00:00+00:00, run_after=2026-03-29 00:00:00+00:00
[2026-03-29T21:35:41.827+0000] {processor.py:183} INFO - Processing /home/airflow/.local/lib/python3.12/site-packages/airflow/example_dags/example_branch_datetime_operator.py took 0.083 seconds
[2026-03-29T21:36:12.422+0000] {processor.py:161} INFO - Started process (PID=634) to work on /home/airflow/.local/lib/python3.12/site-packages/airflow/example_dags/example_branch_datetime_operator.py
[2026-03-29T21:36:12.424+0000] {processor.py:830} INFO - Processing file /home/airflow/.local/lib/python3.12/site-packages/airflow/example_dags/example_branch_datetime_operator.py for tasks to queue
[2026-03-29T21:36:12.427+0000] {logging_mixin.py:188} INFO - [2026-03-29T21:36:12.427+0000] {dagbag.py:545} INFO - Filling up the DagBag from /home/airflow/.local/lib/python3.12/site-packages/airflow/example_dags/example_branch_datetime_operator.py
[2026-03-29T21:36:12.441+0000] {processor.py:840} INFO - DAG(s) 'example_branch_datetime_operator_2', 'example_branch_datetime_operator', 'example_branch_datetime_operator_3' retrieved from /home/airflow/.local/lib/python3.12/site-packages/airflow/example_dags/example_branch_datetime_operator.py
[2026-03-29T21:36:12.466+0000] {logging_mixin.py:188} INFO - [2026-03-29T21:36:12.466+0000] {dag.py:3089} INFO - Sync 3 DAGs
[2026-03-29T21:36:12.486+0000] {logging_mixin.py:188} INFO - [2026-03-29T21:36:12.486+0000] {dag.py:3947} INFO - Setting next_dagrun for example_branch_datetime_operator to 2026-03-28 00:00:00+00:00, run_after=2026-03-29 00:00:00+00:00
[2026-03-29T21:36:12.491+0000] {logging_mixin.py:188} INFO - [2026-03-29T21:36:12.490+0000] {dag.py:3947} INFO - Setting next_dagrun for example_branch_datetime_operator_2 to 2026-03-28 00:00:00+00:00, run_after=2026-03-29 00:00:00+00:00
[2026-03-29T21:36:12.493+0000] {logging_mixin.py:188} INFO - [2026-03-29T21:36:12.493+0000] {dag.py:3947} INFO - Setting next_dagrun for example_branch_datetime_operator_3 to 2026-03-28 00:00:00+00:00, run_after=2026-03-29 00:00:00+00:00
[2026-03-29T21:36:12.507+0000] {processor.py:183} INFO - Processing /home/airflow/.local/lib/python3.12/site-packages/airflow/example_dags/example_branch_datetime_operator.py took 0.095 seconds
[2026-03-29T21:36:42.531+0000] {processor.py:161} INFO - Started process (PID=686) to work on /home/airflow/.local/lib/python3.12/site-packages/airflow/example_dags/example_branch_datetime_operator.py
[2026-03-29T21:36:42.531+0000] {processor.py:830} INFO - Processing file /home/airflow/.local/lib/python3.12/site-packages/airflow/example_dags/example_branch_datetime_operator.py for tasks to queue
[2026-03-29T21:36:42.533+0000] {logging_mixin.py:188} INFO - [2026-03-29T21:36:42.533+0000] {dagbag.py:545} INFO - Filling up the DagBag from /home/airflow/.local/lib/python3.12/site-packages/airflow/example_dags/example_branch_datetime_operator.py
[2026-03-29T21:36:42.540+0000] {processor.py:840} INFO - DAG(s) 'example_branch_datetime_operator_2', 'example_branch_datetime_operator_3', 'example_branch_datetime_operator' retrieved from /home/airflow/.local/lib/python3.12/site-packages/airflow/example_dags/example_branch_datetime_operator.py
[2026-03-29T21:36:42.558+0000] {logging_mixin.py:188} INFO - [2026-03-29T21:36:42.558+0000] {dag.py:3089} INFO - Sync 3 DAGs
[2026-03-29T21:36:42.573+0000] {logging_mixin.py:188} INFO - [2026-03-29T21:36:42.573+0000] {dag.py:3947} INFO - Setting next_dagrun for example_branch_datetime_operator to 2026-03-28 00:00:00+00:00, run_after=2026-03-29 00:00:00+00:00
[2026-03-29T21:36:42.576+0000] {logging_mixin.py:188} INFO - [2026-03-29T21:36:42.576+0000] {dag.py:3947} INFO - Setting next_dagrun for example_branch_datetime_operator_2 to 2026-03-28 00:00:00+00:00, run_after=2026-03-29 00:00:00+00:00
[2026-03-29T21:36:42.578+0000] {logging_mixin.py:188} INFO - [2026-03-29T21:36:42.578+0000] {dag.py:3947} INFO - Setting next_dagrun for example_branch_datetime_operator_3 to 2026-03-28 00:00:00+00:00, run_after=2026-03-29 00:00:00+00:00
[2026-03-29T21:36:42.590+0000] {processor.py:183} INFO - Processing /home/airflow/.local/lib/python3.12/site-packages/airflow/example_dags/example_branch_datetime_operator.py took 0.064 seconds
[2026-03-29T21:37:13.254+0000] {processor.py:161} INFO - Started process (PID=738) to work on /home/airflow/.local/lib/python3.12/site-packages/airflow/example_dags/example_branch_datetime_operator.py
[2026-03-29T21:37:13.256+0000] {processor.py:830} INFO - Processing file /home/airflow/.local/lib/python3.12/site-packages/airflow/example_dags/example_branch_datetime_operator.py for tasks to queue
[2026-03-29T21:37:13.260+0000] {logging_mixin.py:188} INFO - [2026-03-29T21:37:13.256+0000] {dagbag.py:545} INFO - Filling up the DagBag from /home/airflow/.local/lib/python3.12/site-packages/airflow/example_dags/example_branch_datetime_operator.py
[2026-03-29T21:37:13.269+0000] {processor.py:840} INFO - DAG(s) 'example_branch_datetime_operator_3', 'example_branch_datetime_operator', 'example_branch_datetime_operator_2' retrieved from /home/airflow/.local/lib/python3.12/site-packages/airflow/example_dags/example_branch_datetime_operator.py
[2026-03-29T21:37:13.288+0000] {logging_mixin.py:188} INFO - [2026-03-29T21:37:13.288+0000] {dag.py:3089} INFO - Sync 3 DAGs
[2026-03-29T21:37:13.304+0000] {logging_mixin.py:188} INFO - [2026-03-29T21:37:13.304+0000] {dag.py:3947} INFO - Setting next_dagrun for example_branch_datetime_operator to 2026-03-28 00:00:00+00:00, run_after=2026-03-29 00:00:00+00:00
[2026-03-29T21:37:13.308+0000] {logging_mixin.py:188} INFO - [2026-03-29T21:37:13.308+0000] {dag.py:3947} INFO - Setting next_dagrun for example_branch_datetime_operator_2 to 2026-03-28 00:00:00+00:00, run_after=2026-03-29 00:00:00+00:00
[2026-03-29T21:37:13.310+0000] {logging_mixin.py:188} INFO - [2026-03-29T21:37:13.310+0000] {dag.py:3947} INFO - Setting next_dagrun for example_branch_datetime_operator_3 to 2026-03-28 00:00:00+00:00, run_after=2026-03-29 00:00:00+00:00
[2026-03-29T21:37:13.322+0000] {processor.py:183} INFO - Processing /home/airflow/.local/lib/python3.12/site-packages/airflow/example_dags/example_branch_datetime_operator.py took 0.072 seconds
[2026-03-29T21:37:43.768+0000] {processor.py:161} INFO - Started process (PID=790) to work on /home/airflow/.local/lib/python3.12/site-packages/airflow/example_dags/example_branch_datetime_operator.py
[2026-03-29T21:37:43.769+0000] {processor.py:830} INFO - Processing file /home/airflow/.local/lib/python3.12/site-packages/airflow/example_dags/example_branch_datetime_operator.py for tasks to queue
[2026-03-29T21:37:43.771+0000] {logging_mixin.py:188} INFO - [2026-03-29T21:37:43.771+0000] {dagbag.py:545} INFO - Filling up the DagBag from /home/airflow/.local/lib/python3.12/site-packages/airflow/example_dags/example_branch_datetime_operator.py
[2026-03-29T21:37:43.779+0000] {processor.py:840} INFO - DAG(s) 'example_branch_datetime_operator_3', 'example_branch_datetime_operator', 'example_branch_datetime_operator_2' retrieved from /home/airflow/.local/lib/python3.12/site-packages/airflow/example_dags/example_branch_datetime_operator.py
[2026-03-29T21:37:43.800+0000] {logging_mixin.py:188} INFO - [2026-03-29T21:37:43.800+0000] {dag.py:3089} INFO - Sync 3 DAGs
[2026-03-29T21:37:43.817+0000] {logging_mixin.py:188} INFO - [2026-03-29T21:37:43.817+0000] {dag.py:3947} INFO - Setting next_dagrun for example_branch_datetime_operator to 2026-03-28 00:00:00+00:00, run_after=2026-03-29 00:00:00+00:00
[2026-03-29T21:37:43.821+0000] {logging_mixin.py:188} INFO - [2026-03-29T21:37:43.821+0000] {dag.py:3947} INFO - Setting next_dagrun for example_branch_datetime_operator_2 to 2026-03-28 00:00:00+00:00, run_after=2026-03-29 00:00:00+00:00
[2026-03-29T21:37:43.823+0000] {logging_mixin.py:188} INFO - [2026-03-29T21:37:43.823+0000] {dag.py:3947} INFO - Setting next_dagrun for example_branch_datetime_operator_3 to 2026-03-28 00:00:00+00:00, run_after=2026-03-29 00:00:00+00:00
[2026-03-29T21:37:43.834+0000] {processor.py:183} INFO - Processing /home/airflow/.local/lib/python3.12/site-packages/airflow/example_dags/example_branch_datetime_operator.py took 0.070 seconds
[2026-03-29T21:38:13.994+0000] {processor.py:161} INFO - Started process (PID=842) to work on /home/airflow/.local/lib/python3.12/site-packages/airflow/example_dags/example_branch_datetime_operator.py
[2026-03-29T21:38:13.995+0000] {processor.py:830} INFO - Processing file /home/airflow/.local/lib/python3.12/site-packages/airflow/example_dags/example_branch_datetime_operator.py for tasks to queue
[2026-03-29T21:38:13.997+0000] {logging_mixin.py:188} INFO - [2026-03-29T21:38:13.997+0000] {dagbag.py:545} INFO - Filling up the DagBag from /home/airflow/.local/lib/python3.12/site-packages/airflow/example_dags/example_branch_datetime_operator.py
[2026-03-29T21:38:14.007+0000] {processor.py:840} INFO - DAG(s) 'example_branch_datetime_operator_2', 'example_branch_datetime_operator', 'example_branch_datetime_operator_3' retrieved from /home/airflow/.local/lib/python3.12/site-packages/airflow/example_dags/example_branch_datetime_operator.py
[2026-03-29T21:38:14.029+0000] {logging_mixin.py:188} INFO - [2026-03-29T21:38:14.029+0000] {dag.py:3089} INFO - Sync 3 DAGs
[2026-03-29T21:38:14.047+0000] {logging_mixin.py:188} INFO - [2026-03-29T21:38:14.047+0000] {dag.py:3947} INFO - Setting next_dagrun for example_branch_datetime_operator to 2026-03-28 00:00:00+00:00, run_after=2026-03-29 00:00:00+00:00
[2026-03-29T21:38:14.051+0000] {logging_mixin.py:188} INFO - [2026-03-29T21:38:14.051+0000] {dag.py:3947} INFO - Setting next_dagrun for example_branch_datetime_operator_2 to 2026-03-28 00:00:00+00:00, run_after=2026-03-29 00:00:00+00:00
[2026-03-29T21:38:14.053+0000] {logging_mixin.py:188} INFO - [2026-03-29T21:38:14.053+0000] {dag.py:3947} INFO - Setting next_dagrun for example_branch_datetime_operator_3 to 2026-03-28 00:00:00+00:00, run_after=2026-03-29 00:00:00+00:00
[2026-03-29T21:38:14.064+0000] {processor.py:183} INFO - Processing /home/airflow/.local/lib/python3.12/site-packages/airflow/example_dags/example_branch_datetime_operator.py took 0.075 seconds
[2026-03-29T21:38:44.585+0000] {processor.py:161} INFO - Started process (PID=894) to work on /home/airflow/.local/lib/python3.12/site-packages/airflow/example_dags/example_branch_datetime_operator.py
[2026-03-29T21:38:44.586+0000] {processor.py:830} INFO - Processing file /home/airflow/.local/lib/python3.12/site-packages/airflow/example_dags/example_branch_datetime_operator.py for tasks to queue
[2026-03-29T21:38:44.588+0000] {logging_mixin.py:188} INFO - [2026-03-29T21:38:44.588+0000] {dagbag.py:545} INFO - Filling up the DagBag from /home/airflow/.local/lib/python3.12/site-packages/airflow/example_dags/example_branch_datetime_operator.py
[2026-03-29T21:38:44.597+0000] {processor.py:840} INFO - DAG(s) 'example_branch_datetime_operator_3', 'example_branch_datetime_operator', 'example_branch_datetime_operator_2' retrieved from /home/airflow/.local/lib/python3.12/site-packages/airflow/example_dags/example_branch_datetime_operator.py
[2026-03-29T21:38:44.622+0000] {logging_mixin.py:188} INFO - [2026-03-29T21:38:44.622+0000] {dag.py:3089} INFO - Sync 3 DAGs
[2026-03-29T21:38:44.643+0000] {logging_mixin.py:188} INFO - [2026-03-29T21:38:44.643+0000] {dag.py:3947} INFO - Setting next_dagrun for example_branch_datetime_operator to 2026-03-28 00:00:00+00:00, run_after=2026-03-29 00:00:00+00:00
[2026-03-29T21:38:44.649+0000] {logging_mixin.py:188} INFO - [2026-03-29T21:38:44.649+0000] {dag.py:3947} INFO - Setting next_dagrun for example_branch_datetime_operator_2 to 2026-03-28 00:00:00+00:00, run_after=2026-03-29 00:00:00+00:00
[2026-03-29T21:38:44.651+0000] {logging_mixin.py:188} INFO - [2026-03-29T21:38:44.650+0000] {dag.py:3947} INFO - Setting next_dagrun for example_branch_datetime_operator_3 to 2026-03-28 00:00:00+00:00, run_after=2026-03-29 00:00:00+00:00
[2026-03-29T21:38:44.662+0000] {processor.py:183} INFO - Processing /home/airflow/.local/lib/python3.12/site-packages/airflow/example_dags/example_branch_datetime_operator.py took 0.083 seconds
[2026-03-29T21:39:15.015+0000] {processor.py:161} INFO - Started process (PID=946) to work on /home/airflow/.local/lib/python3.12/site-packages/airflow/example_dags/example_branch_datetime_operator.py
[2026-03-29T21:39:15.016+0000] {processor.py:830} INFO - Processing file /home/airflow/.local/lib/python3.12/site-packages/airflow/example_dags/example_branch_datetime_operator.py for tasks to queue
[2026-03-29T21:39:15.018+0000] {logging_mixin.py:188} INFO - [2026-03-29T21:39:15.017+0000] {dagbag.py:545} INFO - Filling up the DagBag from /home/airflow/.local/lib/python3.12/site-packages/airflow/example_dags/example_branch_datetime_operator.py
[2026-03-29T21:39:15.027+0000] {processor.py:840} INFO - DAG(s) 'example_branch_datetime_operator_2', 'example_branch_datetime_operator_3', 'example_branch_datetime_operator' retrieved from /home/airflow/.local/lib/python3.12/site-packages/airflow/example_dags/example_branch_datetime_operator.py
[2026-03-29T21:39:15.050+0000] {logging_mixin.py:188} INFO - [2026-03-29T21:39:15.050+0000] {dag.py:3089} INFO - Sync 3 DAGs
[2026-03-29T21:39:15.073+0000] {logging_mixin.py:188} INFO - [2026-03-29T21:39:15.073+0000] {dag.py:3947} INFO - Setting next_dagrun for example_branch_datetime_operator to 2026-03-28 00:00:00+00:00, run_after=2026-03-29 00:00:00+00:00
[2026-03-29T21:39:15.079+0000] {logging_mixin.py:188} INFO - [2026-03-29T21:39:15.079+0000] {dag.py:3947} INFO - Setting next_dagrun for example_branch_datetime_operator_2 to 2026-03-28 00:00:00+00:00, run_after=2026-03-29 00:00:00+00:00
[2026-03-29T21:39:15.081+0000] {logging_mixin.py:188} INFO - [2026-03-29T21:39:15.081+0000] {dag.py:3947} INFO - Setting next_dagrun for example_branch_datetime_operator_3 to 2026-03-28 00:00:00+00:00, run_after=2026-03-29 00:00:00+00:00
[2026-03-29T21:39:15.097+0000] {processor.py:183} INFO - Processing /home/airflow/.local/lib/python3.12/site-packages/airflow/example_dags/example_branch_datetime_operator.py took 0.088 seconds
[2026-03-29T21:39:46.568+0000] {processor.py:161} INFO - Started process (PID=998) to work on /home/airflow/.local/lib/python3.12/site-packages/airflow/example_dags/example_branch_datetime_operator.py
[2026-03-29T21:39:46.570+0000] {processor.py:830} INFO - Processing file /home/airflow/.local/lib/python3.12/site-packages/airflow/example_dags/example_branch_datetime_operator.py for tasks to queue
[2026-03-29T21:39:46.572+0000] {logging_mixin.py:188} INFO - [2026-03-29T21:39:46.572+0000] {dagbag.py:545} INFO - Filling up the DagBag from /home/airflow/.local/lib/python3.12/site-packages/airflow/example_dags/example_branch_datetime_operator.py
[2026-03-29T21:39:46.584+0000] {processor.py:840} INFO - DAG(s) 'example_branch_datetime_operator_2', 'example_branch_datetime_operator_3', 'example_branch_datetime_operator' retrieved from /home/airflow/.local/lib/python3.12/site-packages/airflow/example_dags/example_branch_datetime_operator.py
[2026-03-29T21:39:46.618+0000] {logging_mixin.py:188} INFO - [2026-03-29T21:39:46.618+0000] {dag.py:3089} INFO - Sync 3 DAGs
[2026-03-29T21:39:46.648+0000] {logging_mixin.py:188} INFO - [2026-03-29T21:39:46.648+0000] {dag.py:3947} INFO - Setting next_dagrun for example_branch_datetime_operator to 2026-03-28 00:00:00+00:00, run_after=2026-03-29 00:00:00+00:00
[2026-03-29T21:39:46.654+0000] {logging_mixin.py:188} INFO - [2026-03-29T21:39:46.654+0000] {dag.py:3947} INFO - Setting next_dagrun for example_branch_datetime_operator_2 to 2026-03-28 00:00:00+00:00, run_after=2026-03-29 00:00:00+00:00
[2026-03-29T21:39:46.657+0000] {logging_mixin.py:188} INFO - [2026-03-29T21:39:46.656+0000] {dag.py:3947} INFO - Setting next_dagrun for example_branch_datetime_operator_3 to 2026-03-28 00:00:00+00:00, run_after=2026-03-29 00:00:00+00:00
[2026-03-29T21:39:46.677+0000] {processor.py:183} INFO - Processing /home/airflow/.local/lib/python3.12/site-packages/airflow/example_dags/example_branch_datetime_operator.py took 0.115 seconds
[2026-03-29T21:40:17.164+0000] {processor.py:161} INFO - Started process (PID=1050) to work on /home/airflow/.local/lib/python3.12/site-packages/airflow/example_dags/example_branch_datetime_operator.py
[2026-03-29T21:40:17.165+0000] {processor.py:830} INFO - Processing file /home/airflow/.local/lib/python3.12/site-packages/airflow/example_dags/example_branch_datetime_operator.py for tasks to queue
[2026-03-29T21:40:17.168+0000] {logging_mixin.py:188} INFO - [2026-03-29T21:40:17.167+0000] {dagbag.py:545} INFO - Filling up the DagBag from /home/airflow/.local/lib/python3.12/site-packages/airflow/example_dags/example_branch_datetime_operator.py
[2026-03-29T21:40:17.184+0000] {processor.py:840} INFO - DAG(s) 'example_branch_datetime_operator', 'example_branch_datetime_operator_3', 'example_branch_datetime_operator_2' retrieved from /home/airflow/.local/lib/python3.12/site-packages/airflow/example_dags/example_branch_datetime_operator.py
[2026-03-29T21:40:17.260+0000] {logging_mixin.py:188} INFO - [2026-03-29T21:40:17.259+0000] {dag.py:3089} INFO - Sync 3 DAGs
[2026-03-29T21:40:17.313+0000] {logging_mixin.py:188} INFO - [2026-03-29T21:40:17.312+0000] {dag.py:3947} INFO - Setting next_dagrun for example_branch_datetime_operator to 2026-03-28 00:00:00+00:00, run_after=2026-03-29 00:00:00+00:00
[2026-03-29T21:40:17.321+0000] {logging_mixin.py:188} INFO - [2026-03-29T21:40:17.319+0000] {dag.py:3947} INFO - Setting next_dagrun for example_branch_datetime_operator_2 to 2026-03-28 00:00:00+00:00, run_after=2026-03-29 00:00:00+00:00
[2026-03-29T21:40:17.325+0000] {logging_mixin.py:188} INFO - [2026-03-29T21:40:17.325+0000] {dag.py:3947} INFO - Setting next_dagrun for example_branch_datetime_operator_3 to 2026-03-28 00:00:00+00:00, run_after=2026-03-29 00:00:00+00:00
[2026-03-29T21:40:17.354+0000] {processor.py:183} INFO - Processing /home/airflow/.local/lib/python3.12/site-packages/airflow/example_dags/example_branch_datetime_operator.py took 0.199 seconds
[2026-03-29T21:40:47.606+0000] {processor.py:161} INFO - Started process (PID=1102) to work on /home/airflow/.local/lib/python3.12/site-packages/airflow/example_dags/example_branch_datetime_operator.py
[2026-03-29T21:40:47.608+0000] {processor.py:830} INFO - Processing file /home/airflow/.local/lib/python3.12/site-packages/airflow/example_dags/example_branch_datetime_operator.py for tasks to queue
[2026-03-29T21:40:47.611+0000] {logging_mixin.py:188} INFO - [2026-03-29T21:40:47.610+0000] {dagbag.py:545} INFO - Filling up the DagBag from /home/airflow/.local/lib/python3.12/site-packages/airflow/example_dags/example_branch_datetime_operator.py
[2026-03-29T21:40:47.625+0000] {processor.py:840} INFO - DAG(s) 'example_branch_datetime_operator_2', 'example_branch_datetime_operator', 'example_branch_datetime_operator_3' retrieved from /home/airflow/.local/lib/python3.12/site-packages/airflow/example_dags/example_branch_datetime_operator.py
[2026-03-29T21:40:47.655+0000] {logging_mixin.py:188} INFO - [2026-03-29T21:40:47.654+0000] {dag.py:3089} INFO - Sync 3 DAGs
[2026-03-29T21:40:47.683+0000] {logging_mixin.py:188} INFO - [2026-03-29T21:40:47.682+0000] {dag.py:3947} INFO - Setting next_dagrun for example_branch_datetime_operator to 2026-03-28 00:00:00+00:00, run_after=2026-03-29 00:00:00+00:00
[2026-03-29T21:40:47.689+0000] {logging_mixin.py:188} INFO - [2026-03-29T21:40:47.689+0000] {dag.py:3947} INFO - Setting next_dagrun for example_branch_datetime_operator_2 to 2026-03-28 00:00:00+00:00, run_after=2026-03-29 00:00:00+00:00
[2026-03-29T21:40:47.692+0000] {logging_mixin.py:188} INFO - [2026-03-29T21:40:47.691+0000] {dag.py:3947} INFO - Setting next_dagrun for example_branch_datetime_operator_3 to 2026-03-28 00:00:00+00:00, run_after=2026-03-29 00:00:00+00:00
[2026-03-29T21:40:47.710+0000] {processor.py:183} INFO - Processing /home/airflow/.local/lib/python3.12/site-packages/airflow/example_dags/example_branch_datetime_operator.py took 0.113 seconds
[2026-03-29T21:41:18.401+0000] {processor.py:161} INFO - Started process (PID=1154) to work on /home/airflow/.local/lib/python3.12/site-packages/airflow/example_dags/example_branch_datetime_operator.py
[2026-03-29T21:41:18.402+0000] {processor.py:830} INFO - Processing file /home/airflow/.local/lib/python3.12/site-packages/airflow/example_dags/example_branch_datetime_operator.py for tasks to queue
[2026-03-29T21:41:18.404+0000] {logging_mixin.py:188} INFO - [2026-03-29T21:41:18.403+0000] {dagbag.py:545} INFO - Filling up the DagBag from /home/airflow/.local/lib/python3.12/site-packages/airflow/example_dags/example_branch_datetime_operator.py
[2026-03-29T21:41:18.412+0000] {processor.py:840} INFO - DAG(s) 'example_branch_datetime_operator_2', 'example_branch_datetime_operator_3', 'example_branch_datetime_operator' retrieved from /home/airflow/.local/lib/python3.12/site-packages/airflow/example_dags/example_branch_datetime_operator.py
[2026-03-29T21:41:18.434+0000] {logging_mixin.py:188} INFO - [2026-03-29T21:41:18.434+0000] {dag.py:3089} INFO - Sync 3 DAGs
[2026-03-29T21:41:18.454+0000] {logging_mixin.py:188} INFO - [2026-03-29T21:41:18.454+0000] {dag.py:3947} INFO - Setting next_dagrun for example_branch_datetime_operator to 2026-03-28 00:00:00+00:00, run_after=2026-03-29 00:00:00+00:00
[2026-03-29T21:41:18.459+0000] {logging_mixin.py:188} INFO - [2026-03-29T21:41:18.459+0000] {dag.py:3947} INFO - Setting next_dagrun for example_branch_datetime_operator_2 to 2026-03-28 00:00:00+00:00, run_after=2026-03-29 00:00:00+00:00
[2026-03-29T21:41:18.461+0000] {logging_mixin.py:188} INFO - [2026-03-29T21:41:18.461+0000] {dag.py:3947} INFO - Setting next_dagrun for example_branch_datetime_operator_3 to 2026-03-28 00:00:00+00:00, run_after=2026-03-29 00:00:00+00:00
[2026-03-29T21:41:18.478+0000] {processor.py:183} INFO - Processing /home/airflow/.local/lib/python3.12/site-packages/airflow/example_dags/example_branch_datetime_operator.py took 0.081 seconds
[2026-03-29T21:41:49.377+0000] {processor.py:161} INFO - Started process (PID=1206) to work on /home/airflow/.local/lib/python3.12/site-packages/airflow/example_dags/example_branch_datetime_operator.py
[2026-03-29T21:41:49.378+0000] {processor.py:830} INFO - Processing file /home/airflow/.local/lib/python3.12/site-packages/airflow/example_dags/example_branch_datetime_operator.py for tasks to queue
[2026-03-29T21:41:49.380+0000] {logging_mixin.py:188} INFO - [2026-03-29T21:41:49.380+0000] {dagbag.py:545} INFO - Filling up the DagBag from /home/airflow/.local/lib/python3.12/site-packages/airflow/example_dags/example_branch_datetime_operator.py
[2026-03-29T21:41:49.388+0000] {processor.py:840} INFO - DAG(s) 'example_branch_datetime_operator_3', 'example_branch_datetime_operator_2', 'example_branch_datetime_operator' retrieved from /home/airflow/.local/lib/python3.12/site-packages/airflow/example_dags/example_branch_datetime_operator.py
[2026-03-29T21:41:49.411+0000] {logging_mixin.py:188} INFO - [2026-03-29T21:41:49.411+0000] {dag.py:3089} INFO - Sync 3 DAGs
[2026-03-29T21:41:49.429+0000] {logging_mixin.py:188} INFO - [2026-03-29T21:41:49.429+0000] {dag.py:3947} INFO - Setting next_dagrun for example_branch_datetime_operator to 2026-03-28 00:00:00+00:00, run_after=2026-03-29 00:00:00+00:00
[2026-03-29T21:41:49.434+0000] {logging_mixin.py:188} INFO - [2026-03-29T21:41:49.434+0000] {dag.py:3947} INFO - Setting next_dagrun for example_branch_datetime_operator_2 to 2026-03-28 00:00:00+00:00, run_after=2026-03-29 00:00:00+00:00
[2026-03-29T21:41:49.436+0000] {logging_mixin.py:188} INFO - [2026-03-29T21:41:49.436+0000] {dag.py:3947} INFO - Setting next_dagrun for example_branch_datetime_operator_3 to 2026-03-28 00:00:00+00:00, run_after=2026-03-29 00:00:00+00:00
[2026-03-29T21:41:49.453+0000] {processor.py:183} INFO - Processing /home/airflow/.local/lib/python3.12/site-packages/airflow/example_dags/example_branch_datetime_operator.py took 0.081 seconds
[2026-03-29T21:42:19.521+0000] {processor.py:161} INFO - Started process (PID=1258) to work on /home/airflow/.local/lib/python3.12/site-packages/airflow/example_dags/example_branch_datetime_operator.py
[2026-03-29T21:42:19.522+0000] {processor.py:830} INFO - Processing file /home/airflow/.local/lib/python3.12/site-packages/airflow/example_dags/example_branch_datetime_operator.py for tasks to queue
[2026-03-29T21:42:19.523+0000] {logging_mixin.py:188} INFO - [2026-03-29T21:42:19.523+0000] {dagbag.py:545} INFO - Filling up the DagBag from /home/airflow/.local/lib/python3.12/site-packages/airflow/example_dags/example_branch_datetime_operator.py
[2026-03-29T21:42:19.531+0000] {processor.py:840} INFO - DAG(s) 'example_branch_datetime_operator', 'example_branch_datetime_operator_3', 'example_branch_datetime_operator_2' retrieved from /home/airflow/.local/lib/python3.12/site-packages/airflow/example_dags/example_branch_datetime_operator.py
[2026-03-29T21:42:19.556+0000] {logging_mixin.py:188} INFO - [2026-03-29T21:42:19.556+0000] {dag.py:3089} INFO - Sync 3 DAGs
[2026-03-29T21:42:19.575+0000] {logging_mixin.py:188} INFO - [2026-03-29T21:42:19.575+0000] {dag.py:3947} INFO - Setting next_dagrun for example_branch_datetime_operator to 2026-03-28 00:00:00+00:00, run_after=2026-03-29 00:00:00+00:00
[2026-03-29T21:42:19.582+0000] {logging_mixin.py:188} INFO - [2026-03-29T21:42:19.581+0000] {dag.py:3947} INFO - Setting next_dagrun for example_branch_datetime_operator_2 to 2026-03-28 00:00:00+00:00, run_after=2026-03-29 00:00:00+00:00
[2026-03-29T21:42:19.583+0000] {logging_mixin.py:188} INFO - [2026-03-29T21:42:19.583+0000] {dag.py:3947} INFO - Setting next_dagrun for example_branch_datetime_operator_3 to 2026-03-28 00:00:00+00:00, run_after=2026-03-29 00:00:00+00:00
[2026-03-29T21:42:19.597+0000] {processor.py:183} INFO - Processing /home/airflow/.local/lib/python3.12/site-packages/airflow/example_dags/example_branch_datetime_operator.py took 0.081 seconds
[2026-03-29T21:42:50.995+0000] {processor.py:161} INFO - Started process (PID=1310) to work on /home/airflow/.local/lib/python3.12/site-packages/airflow/example_dags/example_branch_datetime_operator.py
[2026-03-29T21:42:50.996+0000] {processor.py:830} INFO - Processing file /home/airflow/.local/lib/python3.12/site-packages/airflow/example_dags/example_branch_datetime_operator.py for tasks to queue
[2026-03-29T21:42:50.998+0000] {logging_mixin.py:188} INFO - [2026-03-29T21:42:50.998+0000] {dagbag.py:545} INFO - Filling up the DagBag from /home/airflow/.local/lib/python3.12/site-packages/airflow/example_dags/example_branch_datetime_operator.py
[2026-03-29T21:42:51.009+0000] {processor.py:840} INFO - DAG(s) 'example_branch_datetime_operator_3', 'example_branch_datetime_operator', 'example_branch_datetime_operator_2' retrieved from /home/airflow/.local/lib/python3.12/site-packages/airflow/example_dags/example_branch_datetime_operator.py
[2026-03-29T21:42:51.037+0000] {logging_mixin.py:188} INFO - [2026-03-29T21:42:51.036+0000] {dag.py:3089} INFO - Sync 3 DAGs
[2026-03-29T21:42:51.060+0000] {logging_mixin.py:188} INFO - [2026-03-29T21:42:51.060+0000] {dag.py:3947} INFO - Setting next_dagrun for example_branch_datetime_operator to 2026-03-28 00:00:00+00:00, run_after=2026-03-29 00:00:00+00:00
[2026-03-29T21:42:51.068+0000] {logging_mixin.py:188} INFO - [2026-03-29T21:42:51.068+0000] {dag.py:3947} INFO - Setting next_dagrun for example_branch_datetime_operator_2 to 2026-03-28 00:00:00+00:00, run_after=2026-03-29 00:00:00+00:00
[2026-03-29T21:42:51.069+0000] {logging_mixin.py:188} INFO - [2026-03-29T21:42:51.069+0000] {dag.py:3947} INFO - Setting next_dagrun for example_branch_datetime_operator_3 to 2026-03-28 00:00:00+00:00, run_after=2026-03-29 00:00:00+00:00
[2026-03-29T21:42:51.084+0000] {processor.py:183} INFO - Processing /home/airflow/.local/lib/python3.12/site-packages/airflow/example_dags/example_branch_datetime_operator.py took 0.096 seconds
[2026-03-29T21:43:22.511+0000] {processor.py:161} INFO - Started process (PID=1362) to work on /home/airflow/.local/lib/python3.12/site-packages/airflow/example_dags/example_branch_datetime_operator.py
[2026-03-29T21:43:22.513+0000] {processor.py:830} INFO - Processing file /home/airflow/.local/lib/python3.12/site-packages/airflow/example_dags/example_branch_datetime_operator.py for tasks to queue
[2026-03-29T21:43:22.515+0000] {logging_mixin.py:188} INFO - [2026-03-29T21:43:22.515+0000] {dagbag.py:545} INFO - Filling up the DagBag from /home/airflow/.local/lib/python3.12/site-packages/airflow/example_dags/example_branch_datetime_operator.py
[2026-03-29T21:43:22.526+0000] {processor.py:840} INFO - DAG(s) 'example_branch_datetime_operator_3', 'example_branch_datetime_operator_2', 'example_branch_datetime_operator' retrieved from /home/airflow/.local/lib/python3.12/site-packages/airflow/example_dags/example_branch_datetime_operator.py
[2026-03-29T21:43:22.555+0000] {logging_mixin.py:188} INFO - [2026-03-29T21:43:22.554+0000] {dag.py:3089} INFO - Sync 3 DAGs
[2026-03-29T21:43:22.576+0000] {logging_mixin.py:188} INFO - [2026-03-29T21:43:22.575+0000] {dag.py:3947} INFO - Setting next_dagrun for example_branch_datetime_operator to 2026-03-28 00:00:00+00:00, run_after=2026-03-29 00:00:00+00:00
[2026-03-29T21:43:22.580+0000] {logging_mixin.py:188} INFO - [2026-03-29T21:43:22.579+0000] {dag.py:3947} INFO - Setting next_dagrun for example_branch_datetime_operator_2 to 2026-03-28 00:00:00+00:00, run_after=2026-03-29 00:00:00+00:00
[2026-03-29T21:43:22.582+0000] {logging_mixin.py:188} INFO - [2026-03-29T21:43:22.581+0000] {dag.py:3947} INFO - Setting next_dagrun for example_branch_datetime_operator_3 to 2026-03-28 00:00:00+00:00, run_after=2026-03-29 00:00:00+00:00
[2026-03-29T21:43:22.601+0000] {processor.py:183} INFO - Processing /home/airflow/.local/lib/python3.12/site-packages/airflow/example_dags/example_branch_datetime_operator.py took 0.094 seconds
[2026-03-29T21:43:53.657+0000] {processor.py:161} INFO - Started process (PID=1414) to work on /home/airflow/.local/lib/python3.12/site-packages/airflow/example_dags/example_branch_datetime_operator.py
[2026-03-29T21:43:53.658+0000] {processor.py:830} INFO - Processing file /home/airflow/.local/lib/python3.12/site-packages/airflow/example_dags/example_branch_datetime_operator.py for tasks to queue
[2026-03-29T21:43:53.662+0000] {logging_mixin.py:188} INFO - [2026-03-29T21:43:53.662+0000] {dagbag.py:545} INFO - Filling up the DagBag from /home/airflow/.local/lib/python3.12/site-packages/airflow/example_dags/example_branch_datetime_operator.py
[2026-03-29T21:43:53.676+0000] {processor.py:840} INFO - DAG(s) 'example_branch_datetime_operator', 'example_branch_datetime_operator_3', 'example_branch_datetime_operator_2' retrieved from /home/airflow/.local/lib/python3.12/site-packages/airflow/example_dags/example_branch_datetime_operator.py
[2026-03-29T21:43:53.705+0000] {logging_mixin.py:188} INFO - [2026-03-29T21:43:53.704+0000] {dag.py:3089} INFO - Sync 3 DAGs
[2026-03-29T21:43:53.732+0000] {logging_mixin.py:188} INFO - [2026-03-29T21:43:53.731+0000] {dag.py:3947} INFO - Setting next_dagrun for example_branch_datetime_operator to 2026-03-28 00:00:00+00:00, run_after=2026-03-29 00:00:00+00:00
[2026-03-29T21:43:53.738+0000] {logging_mixin.py:188} INFO - [2026-03-29T21:43:53.738+0000] {dag.py:3947} INFO - Setting next_dagrun for example_branch_datetime_operator_2 to 2026-03-28 00:00:00+00:00, run_after=2026-03-29 00:00:00+00:00
[2026-03-29T21:43:53.741+0000] {logging_mixin.py:188} INFO - [2026-03-29T21:43:53.740+0000] {dag.py:3947} INFO - Setting next_dagrun for example_branch_datetime_operator_3 to 2026-03-28 00:00:00+00:00, run_after=2026-03-29 00:00:00+00:00
[2026-03-29T21:43:53.763+0000] {processor.py:183} INFO - Processing /home/airflow/.local/lib/python3.12/site-packages/airflow/example_dags/example_branch_datetime_operator.py took 0.114 seconds
[2026-03-29T21:44:24.464+0000] {processor.py:161} INFO - Started process (PID=1466) to work on /home/airflow/.local/lib/python3.12/site-packages/airflow/example_dags/example_branch_datetime_operator.py
[2026-03-29T21:44:24.464+0000] {processor.py:830} INFO - Processing file /home/airflow/.local/lib/python3.12/site-packages/airflow/example_dags/example_branch_datetime_operator.py for tasks to queue
[2026-03-29T21:44:24.466+0000] {logging_mixin.py:188} INFO - [2026-03-29T21:44:24.466+0000] {dagbag.py:545} INFO - Filling up the DagBag from /home/airflow/.local/lib/python3.12/site-packages/airflow/example_dags/example_branch_datetime_operator.py
[2026-03-29T21:44:24.474+0000] {processor.py:840} INFO - DAG(s) 'example_branch_datetime_operator_2', 'example_branch_datetime_operator', 'example_branch_datetime_operator_3' retrieved from /home/airflow/.local/lib/python3.12/site-packages/airflow/example_dags/example_branch_datetime_operator.py
[2026-03-29T21:44:24.513+0000] {logging_mixin.py:188} INFO - [2026-03-29T21:44:24.512+0000] {dag.py:3089} INFO - Sync 3 DAGs
[2026-03-29T21:44:24.542+0000] {logging_mixin.py:188} INFO - [2026-03-29T21:44:24.542+0000] {dag.py:3947} INFO - Setting next_dagrun for example_branch_datetime_operator to 2026-03-28 00:00:00+00:00, run_after=2026-03-29 00:00:00+00:00
[2026-03-29T21:44:24.550+0000] {logging_mixin.py:188} INFO - [2026-03-29T21:44:24.550+0000] {dag.py:3947} INFO - Setting next_dagrun for example_branch_datetime_operator_2 to 2026-03-28 00:00:00+00:00, run_after=2026-03-29 00:00:00+00:00
[2026-03-29T21:44:24.552+0000] {logging_mixin.py:188} INFO - [2026-03-29T21:44:24.552+0000] {dag.py:3947} INFO - Setting next_dagrun for example_branch_datetime_operator_3 to 2026-03-28 00:00:00+00:00, run_after=2026-03-29 00:00:00+00:00
[2026-03-29T21:44:24.575+0000] {processor.py:183} INFO - Processing /home/airflow/.local/lib/python3.12/site-packages/airflow/example_dags/example_branch_datetime_operator.py took 0.116 seconds
[2026-03-29T21:44:55.100+0000] {processor.py:161} INFO - Started process (PID=1518) to work on /home/airflow/.local/lib/python3.12/site-packages/airflow/example_dags/example_branch_datetime_operator.py
[2026-03-29T21:44:55.102+0000] {processor.py:830} INFO - Processing file /home/airflow/.local/lib/python3.12/site-packages/airflow/example_dags/example_branch_datetime_operator.py for tasks to queue
[2026-03-29T21:44:55.105+0000] {logging_mixin.py:188} INFO - [2026-03-29T21:44:55.104+0000] {dagbag.py:545} INFO - Filling up the DagBag from /home/airflow/.local/lib/python3.12/site-packages/airflow/example_dags/example_branch_datetime_operator.py
[2026-03-29T21:44:55.113+0000] {processor.py:840} INFO - DAG(s) 'example_branch_datetime_operator_3', 'example_branch_datetime_operator_2', 'example_branch_datetime_operator' retrieved from /home/airflow/.local/lib/python3.12/site-packages/airflow/example_dags/example_branch_datetime_operator.py
[2026-03-29T21:44:55.137+0000] {logging_mixin.py:188} INFO - [2026-03-29T21:44:55.137+0000] {dag.py:3089} INFO - Sync 3 DAGs
[2026-03-29T21:44:55.156+0000] {logging_mixin.py:188} INFO - [2026-03-29T21:44:55.156+0000] {dag.py:3947} INFO - Setting next_dagrun for example_branch_datetime_operator to 2026-03-28 00:00:00+00:00, run_after=2026-03-29 00:00:00+00:00
[2026-03-29T21:44:55.160+0000] {logging_mixin.py:188} INFO - [2026-03-29T21:44:55.160+0000] {dag.py:3947} INFO - Setting next_dagrun for example_branch_datetime_operator_2 to 2026-03-28 00:00:00+00:00, run_after=2026-03-29 00:00:00+00:00
[2026-03-29T21:44:55.162+0000] {logging_mixin.py:188} INFO - [2026-03-29T21:44:55.162+0000] {dag.py:3947} INFO - Setting next_dagrun for example_branch_datetime_operator_3 to 2026-03-28 00:00:00+00:00, run_after=2026-03-29 00:00:00+00:00
[2026-03-29T21:44:55.176+0000] {processor.py:183} INFO - Processing /home/airflow/.local/lib/python3.12/site-packages/airflow/example_dags/example_branch_datetime_operator.py took 0.081 seconds
[2026-03-29T21:45:26.314+0000] {processor.py:161} INFO - Started process (PID=1570) to work on /home/airflow/.local/lib/python3.12/site-packages/airflow/example_dags/example_branch_datetime_operator.py
[2026-03-29T21:45:26.316+0000] {processor.py:830} INFO - Processing file /home/airflow/.local/lib/python3.12/site-packages/airflow/example_dags/example_branch_datetime_operator.py for tasks to queue
[2026-03-29T21:45:26.319+0000] {logging_mixin.py:188} INFO - [2026-03-29T21:45:26.318+0000] {dagbag.py:545} INFO - Filling up the DagBag from /home/airflow/.local/lib/python3.12/site-packages/airflow/example_dags/example_branch_datetime_operator.py
[2026-03-29T21:45:26.327+0000] {processor.py:840} INFO - DAG(s) 'example_branch_datetime_operator_3', 'example_branch_datetime_operator_2', 'example_branch_datetime_operator' retrieved from /home/airflow/.local/lib/python3.12/site-packages/airflow/example_dags/example_branch_datetime_operator.py
[2026-03-29T21:45:26.354+0000] {logging_mixin.py:188} INFO - [2026-03-29T21:45:26.354+0000] {dag.py:3089} INFO - Sync 3 DAGs
[2026-03-29T21:45:26.374+0000] {logging_mixin.py:188} INFO - [2026-03-29T21:45:26.373+0000] {dag.py:3947} INFO - Setting next_dagrun for example_branch_datetime_operator to 2026-03-28 00:00:00+00:00, run_after=2026-03-29 00:00:00+00:00
[2026-03-29T21:45:26.379+0000] {logging_mixin.py:188} INFO - [2026-03-29T21:45:26.379+0000] {dag.py:3947} INFO - Setting next_dagrun for example_branch_datetime_operator_2 to 2026-03-28 00:00:00+00:00, run_after=2026-03-29 00:00:00+00:00
[2026-03-29T21:45:26.382+0000] {logging_mixin.py:188} INFO - [2026-03-29T21:45:26.381+0000] {dag.py:3947} INFO - Setting next_dagrun for example_branch_datetime_operator_3 to 2026-03-28 00:00:00+00:00, run_after=2026-03-29 00:00:00+00:00
[2026-03-29T21:45:26.396+0000] {processor.py:183} INFO - Processing /home/airflow/.local/lib/python3.12/site-packages/airflow/example_dags/example_branch_datetime_operator.py took 0.090 seconds
[2026-03-29T21:45:57.496+0000] {processor.py:161} INFO - Started process (PID=1622) to work on /home/airflow/.local/lib/python3.12/site-packages/airflow/example_dags/example_branch_datetime_operator.py
[2026-03-29T21:45:57.498+0000] {processor.py:830} INFO - Processing file /home/airflow/.local/lib/python3.12/site-packages/airflow/example_dags/example_branch_datetime_operator.py for tasks to queue
[2026-03-29T21:45:57.500+0000] {logging_mixin.py:188} INFO - [2026-03-29T21:45:57.500+0000] {dagbag.py:545} INFO - Filling up the DagBag from /home/airflow/.local/lib/python3.12/site-packages/airflow/example_dags/example_branch_datetime_operator.py
[2026-03-29T21:45:57.508+0000] {processor.py:840} INFO - DAG(s) 'example_branch_datetime_operator_3', 'example_branch_datetime_operator_2', 'example_branch_datetime_operator' retrieved from /home/airflow/.local/lib/python3.12/site-packages/airflow/example_dags/example_branch_datetime_operator.py
[2026-03-29T21:45:57.528+0000] {logging_mixin.py:188} INFO - [2026-03-29T21:45:57.528+0000] {dag.py:3089} INFO - Sync 3 DAGs
[2026-03-29T21:45:57.545+0000] {logging_mixin.py:188} INFO - [2026-03-29T21:45:57.544+0000] {dag.py:3947} INFO - Setting next_dagrun for example_branch_datetime_operator to 2026-03-28 00:00:00+00:00, run_after=2026-03-29 00:00:00+00:00
[2026-03-29T21:45:57.549+0000] {logging_mixin.py:188} INFO - [2026-03-29T21:45:57.549+0000] {dag.py:3947} INFO - Setting next_dagrun for example_branch_datetime_operator_2 to 2026-03-28 00:00:00+00:00, run_after=2026-03-29 00:00:00+00:00
[2026-03-29T21:45:57.551+0000] {logging_mixin.py:188} INFO - [2026-03-29T21:45:57.551+0000] {dag.py:3947} INFO - Setting next_dagrun for example_branch_datetime_operator_3 to 2026-03-28 00:00:00+00:00, run_after=2026-03-29 00:00:00+00:00
[2026-03-29T21:45:57.729+0000] {processor.py:183} INFO - Processing /home/airflow/.local/lib/python3.12/site-packages/airflow/example_dags/example_branch_datetime_operator.py took 0.238 seconds
[2026-03-29T21:46:28.605+0000] {processor.py:161} INFO - Started process (PID=1674) to work on /home/airflow/.local/lib/python3.12/site-packages/airflow/example_dags/example_branch_datetime_operator.py
[2026-03-29T21:46:28.606+0000] {processor.py:830} INFO - Processing file /home/airflow/.local/lib/python3.12/site-packages/airflow/example_dags/example_branch_datetime_operator.py for tasks to queue
[2026-03-29T21:46:28.607+0000] {logging_mixin.py:188} INFO - [2026-03-29T21:46:28.607+0000] {dagbag.py:545} INFO - Filling up the DagBag from /home/airflow/.local/lib/python3.12/site-packages/airflow/example_dags/example_branch_datetime_operator.py
[2026-03-29T21:46:28.615+0000] {processor.py:840} INFO - DAG(s) 'example_branch_datetime_operator_2', 'example_branch_datetime_operator', 'example_branch_datetime_operator_3' retrieved from /home/airflow/.local/lib/python3.12/site-packages/airflow/example_dags/example_branch_datetime_operator.py
[2026-03-29T21:46:28.635+0000] {logging_mixin.py:188} INFO - [2026-03-29T21:46:28.635+0000] {dag.py:3089} INFO - Sync 3 DAGs
[2026-03-29T21:46:28.656+0000] {logging_mixin.py:188} INFO - [2026-03-29T21:46:28.656+0000] {dag.py:3947} INFO - Setting next_dagrun for example_branch_datetime_operator to 2026-03-28 00:00:00+00:00, run_after=2026-03-29 00:00:00+00:00
[2026-03-29T21:46:28.661+0000] {logging_mixin.py:188} INFO - [2026-03-29T21:46:28.661+0000] {dag.py:3947} INFO - Setting next_dagrun for example_branch_datetime_operator_2 to 2026-03-28 00:00:00+00:00, run_after=2026-03-29 00:00:00+00:00
[2026-03-29T21:46:28.664+0000] {logging_mixin.py:188} INFO - [2026-03-29T21:46:28.664+0000] {dag.py:3947} INFO - Setting next_dagrun for example_branch_datetime_operator_3 to 2026-03-28 00:00:00+00:00, run_after=2026-03-29 00:00:00+00:00
[2026-03-29T21:46:28.683+0000] {processor.py:183} INFO - Processing /home/airflow/.local/lib/python3.12/site-packages/airflow/example_dags/example_branch_datetime_operator.py took 0.083 seconds
[2026-03-29T21:46:59.573+0000] {processor.py:161} INFO - Started process (PID=1726) to work on /home/airflow/.local/lib/python3.12/site-packages/airflow/example_dags/example_branch_datetime_operator.py
[2026-03-29T21:46:59.574+0000] {processor.py:830} INFO - Processing file /home/airflow/.local/lib/python3.12/site-packages/airflow/example_dags/example_branch_datetime_operator.py for tasks to queue
[2026-03-29T21:46:59.575+0000] {logging_mixin.py:188} INFO - [2026-03-29T21:46:59.575+0000] {dagbag.py:545} INFO - Filling up the DagBag from /home/airflow/.local/lib/python3.12/site-packages/airflow/example_dags/example_branch_datetime_operator.py
[2026-03-29T21:46:59.583+0000] {processor.py:840} INFO - DAG(s) 'example_branch_datetime_operator_3', 'example_branch_datetime_operator', 'example_branch_datetime_operator_2' retrieved from /home/airflow/.local/lib/python3.12/site-packages/airflow/example_dags/example_branch_datetime_operator.py
[2026-03-29T21:46:59.609+0000] {logging_mixin.py:188} INFO - [2026-03-29T21:46:59.609+0000] {dag.py:3089} INFO - Sync 3 DAGs
[2026-03-29T21:46:59.629+0000] {logging_mixin.py:188} INFO - [2026-03-29T21:46:59.629+0000] {dag.py:3947} INFO - Setting next_dagrun for example_branch_datetime_operator to 2026-03-28 00:00:00+00:00, run_after=2026-03-29 00:00:00+00:00
[2026-03-29T21:46:59.636+0000] {logging_mixin.py:188} INFO - [2026-03-29T21:46:59.635+0000] {dag.py:3947} INFO - Setting next_dagrun for example_branch_datetime_operator_2 to 2026-03-28 00:00:00+00:00, run_after=2026-03-29 00:00:00+00:00
[2026-03-29T21:46:59.637+0000] {logging_mixin.py:188} INFO - [2026-03-29T21:46:59.637+0000] {dag.py:3947} INFO - Setting next_dagrun for example_branch_datetime_operator_3 to 2026-03-28 00:00:00+00:00, run_after=2026-03-29 00:00:00+00:00
[2026-03-29T21:46:59.655+0000] {processor.py:183} INFO - Processing /home/airflow/.local/lib/python3.12/site-packages/airflow/example_dags/example_branch_datetime_operator.py took 0.088 seconds
[2026-03-29T21:47:30.473+0000] {processor.py:161} INFO - Started process (PID=1778) to work on /home/airflow/.local/lib/python3.12/site-packages/airflow/example_dags/example_branch_datetime_operator.py
[2026-03-29T21:47:30.474+0000] {processor.py:830} INFO - Processing file /home/airflow/.local/lib/python3.12/site-packages/airflow/example_dags/example_branch_datetime_operator.py for tasks to queue
[2026-03-29T21:47:30.475+0000] {logging_mixin.py:188} INFO - [2026-03-29T21:47:30.475+0000] {dagbag.py:545} INFO - Filling up the DagBag from /home/airflow/.local/lib/python3.12/site-packages/airflow/example_dags/example_branch_datetime_operator.py
[2026-03-29T21:47:30.483+0000] {processor.py:840} INFO - DAG(s) 'example_branch_datetime_operator_3', 'example_branch_datetime_operator_2', 'example_branch_datetime_operator' retrieved from /home/airflow/.local/lib/python3.12/site-packages/airflow/example_dags/example_branch_datetime_operator.py
[2026-03-29T21:47:30.512+0000] {logging_mixin.py:188} INFO - [2026-03-29T21:47:30.512+0000] {dag.py:3089} INFO - Sync 3 DAGs
[2026-03-29T21:47:30.654+0000] {logging_mixin.py:188} INFO - [2026-03-29T21:47:30.654+0000] {dag.py:3947} INFO - Setting next_dagrun for example_branch_datetime_operator to 2026-03-28 00:00:00+00:00, run_after=2026-03-29 00:00:00+00:00
[2026-03-29T21:47:30.659+0000] {logging_mixin.py:188} INFO - [2026-03-29T21:47:30.658+0000] {dag.py:3947} INFO - Setting next_dagrun for example_branch_datetime_operator_2 to 2026-03-28 00:00:00+00:00, run_after=2026-03-29 00:00:00+00:00
[2026-03-29T21:47:30.663+0000] {logging_mixin.py:188} INFO - [2026-03-29T21:47:30.663+0000] {dag.py:3947} INFO - Setting next_dagrun for example_branch_datetime_operator_3 to 2026-03-28 00:00:00+00:00, run_after=2026-03-29 00:00:00+00:00
[2026-03-29T21:47:30.682+0000] {processor.py:183} INFO - Processing /home/airflow/.local/lib/python3.12/site-packages/airflow/example_dags/example_branch_datetime_operator.py took 0.214 seconds
[2026-03-29T21:48:01.144+0000] {processor.py:161} INFO - Started process (PID=1830) to work on /home/airflow/.local/lib/python3.12/site-packages/airflow/example_dags/example_branch_datetime_operator.py
[2026-03-29T21:48:01.146+0000] {processor.py:830} INFO - Processing file /home/airflow/.local/lib/python3.12/site-packages/airflow/example_dags/example_branch_datetime_operator.py for tasks to queue
[2026-03-29T21:48:01.148+0000] {logging_mixin.py:188} INFO - [2026-03-29T21:48:01.147+0000] {dagbag.py:545} INFO - Filling up the DagBag from /home/airflow/.local/lib/python3.12/site-packages/airflow/example_dags/example_branch_datetime_operator.py
[2026-03-29T21:48:01.163+0000] {processor.py:840} INFO - DAG(s) 'example_branch_datetime_operator_3', 'example_branch_datetime_operator_2', 'example_branch_datetime_operator' retrieved from /home/airflow/.local/lib/python3.12/site-packages/airflow/example_dags/example_branch_datetime_operator.py
[2026-03-29T21:48:01.193+0000] {logging_mixin.py:188} INFO - [2026-03-29T21:48:01.193+0000] {dag.py:3089} INFO - Sync 3 DAGs
[2026-03-29T21:48:01.220+0000] {logging_mixin.py:188} INFO - [2026-03-29T21:48:01.219+0000] {dag.py:3947} INFO - Setting next_dagrun for example_branch_datetime_operator to 2026-03-28 00:00:00+00:00, run_after=2026-03-29 00:00:00+00:00
[2026-03-29T21:48:01.231+0000] {logging_mixin.py:188} INFO - [2026-03-29T21:48:01.231+0000] {dag.py:3947} INFO - Setting next_dagrun for example_branch_datetime_operator_2 to 2026-03-28 00:00:00+00:00, run_after=2026-03-29 00:00:00+00:00
[2026-03-29T21:48:01.234+0000] {logging_mixin.py:188} INFO - [2026-03-29T21:48:01.234+0000] {dag.py:3947} INFO - Setting next_dagrun for example_branch_datetime_operator_3 to 2026-03-28 00:00:00+00:00, run_after=2026-03-29 00:00:00+00:00
[2026-03-29T21:48:01.253+0000] {processor.py:183} INFO - Processing /home/airflow/.local/lib/python3.12/site-packages/airflow/example_dags/example_branch_datetime_operator.py took 0.117 seconds
[2026-03-29T21:48:31.667+0000] {processor.py:161} INFO - Started process (PID=1882) to work on /home/airflow/.local/lib/python3.12/site-packages/airflow/example_dags/example_branch_datetime_operator.py
[2026-03-29T21:48:31.668+0000] {processor.py:830} INFO - Processing file /home/airflow/.local/lib/python3.12/site-packages/airflow/example_dags/example_branch_datetime_operator.py for tasks to queue
[2026-03-29T21:48:31.670+0000] {logging_mixin.py:188} INFO - [2026-03-29T21:48:31.669+0000] {dagbag.py:545} INFO - Filling up the DagBag from /home/airflow/.local/lib/python3.12/site-packages/airflow/example_dags/example_branch_datetime_operator.py
[2026-03-29T21:48:31.679+0000] {processor.py:840} INFO - DAG(s) 'example_branch_datetime_operator_3', 'example_branch_datetime_operator', 'example_branch_datetime_operator_2' retrieved from /home/airflow/.local/lib/python3.12/site-packages/airflow/example_dags/example_branch_datetime_operator.py
[2026-03-29T21:48:31.704+0000] {logging_mixin.py:188} INFO - [2026-03-29T21:48:31.703+0000] {dag.py:3089} INFO - Sync 3 DAGs
[2026-03-29T21:48:31.724+0000] {logging_mixin.py:188} INFO - [2026-03-29T21:48:31.724+0000] {dag.py:3947} INFO - Setting next_dagrun for example_branch_datetime_operator to 2026-03-28 00:00:00+00:00, run_after=2026-03-29 00:00:00+00:00
[2026-03-29T21:48:31.728+0000] {logging_mixin.py:188} INFO - [2026-03-29T21:48:31.728+0000] {dag.py:3947} INFO - Setting next_dagrun for example_branch_datetime_operator_2 to 2026-03-28 00:00:00+00:00, run_after=2026-03-29 00:00:00+00:00
[2026-03-29T21:48:31.730+0000] {logging_mixin.py:188} INFO - [2026-03-29T21:48:31.730+0000] {dag.py:3947} INFO - Setting next_dagrun for example_branch_datetime_operator_3 to 2026-03-28 00:00:00+00:00, run_after=2026-03-29 00:00:00+00:00
[2026-03-29T21:48:31.744+0000] {processor.py:183} INFO - Processing /home/airflow/.local/lib/python3.12/site-packages/airflow/example_dags/example_branch_datetime_operator.py took 0.082 seconds
[2026-03-29T21:49:02.355+0000] {processor.py:161} INFO - Started process (PID=1934) to work on /home/airflow/.local/lib/python3.12/site-packages/airflow/example_dags/example_branch_datetime_operator.py
[2026-03-29T21:49:02.357+0000] {processor.py:830} INFO - Processing file /home/airflow/.local/lib/python3.12/site-packages/airflow/example_dags/example_branch_datetime_operator.py for tasks to queue
[2026-03-29T21:49:02.359+0000] {logging_mixin.py:188} INFO - [2026-03-29T21:49:02.359+0000] {dagbag.py:545} INFO - Filling up the DagBag from /home/airflow/.local/lib/python3.12/site-packages/airflow/example_dags/example_branch_datetime_operator.py
[2026-03-29T21:49:02.377+0000] {processor.py:840} INFO - DAG(s) 'example_branch_datetime_operator', 'example_branch_datetime_operator_3', 'example_branch_datetime_operator_2' retrieved from /home/airflow/.local/lib/python3.12/site-packages/airflow/example_dags/example_branch_datetime_operator.py
[2026-03-29T21:49:02.415+0000] {logging_mixin.py:188} INFO - [2026-03-29T21:49:02.415+0000] {dag.py:3089} INFO - Sync 3 DAGs
[2026-03-29T21:49:02.455+0000] {logging_mixin.py:188} INFO - [2026-03-29T21:49:02.455+0000] {dag.py:3947} INFO - Setting next_dagrun for example_branch_datetime_operator to 2026-03-28 00:00:00+00:00, run_after=2026-03-29 00:00:00+00:00
[2026-03-29T21:49:02.461+0000] {logging_mixin.py:188} INFO - [2026-03-29T21:49:02.460+0000] {dag.py:3947} INFO - Setting next_dagrun for example_branch_datetime_operator_2 to 2026-03-28 00:00:00+00:00, run_after=2026-03-29 00:00:00+00:00
[2026-03-29T21:49:02.463+0000] {logging_mixin.py:188} INFO - [2026-03-29T21:49:02.463+0000] {dag.py:3947} INFO - Setting next_dagrun for example_branch_datetime_operator_3 to 2026-03-28 00:00:00+00:00, run_after=2026-03-29 00:00:00+00:00
[2026-03-29T21:49:02.481+0000] {processor.py:183} INFO - Processing /home/airflow/.local/lib/python3.12/site-packages/airflow/example_dags/example_branch_datetime_operator.py took 0.141 seconds
[2026-03-29T21:49:33.142+0000] {processor.py:161} INFO - Started process (PID=1986) to work on /home/airflow/.local/lib/python3.12/site-packages/airflow/example_dags/example_branch_datetime_operator.py
[2026-03-29T21:49:33.143+0000] {processor.py:830} INFO - Processing file /home/airflow/.local/lib/python3.12/site-packages/airflow/example_dags/example_branch_datetime_operator.py for tasks to queue
[2026-03-29T21:49:33.146+0000] {logging_mixin.py:188} INFO - [2026-03-29T21:49:33.146+0000] {dagbag.py:545} INFO - Filling up the DagBag from /home/airflow/.local/lib/python3.12/site-packages/airflow/example_dags/example_branch_datetime_operator.py
[2026-03-29T21:49:33.368+0000] {processor.py:840} INFO - DAG(s) 'example_branch_datetime_operator_3', 'example_branch_datetime_operator_2', 'example_branch_datetime_operator' retrieved from /home/airflow/.local/lib/python3.12/site-packages/airflow/example_dags/example_branch_datetime_operator.py
[2026-03-29T21:49:33.398+0000] {logging_mixin.py:188} INFO - [2026-03-29T21:49:33.398+0000] {dag.py:3089} INFO - Sync 3 DAGs
[2026-03-29T21:49:33.417+0000] {logging_mixin.py:188} INFO - [2026-03-29T21:49:33.417+0000] {dag.py:3947} INFO - Setting next_dagrun for example_branch_datetime_operator to 2026-03-28 00:00:00+00:00, run_after=2026-03-29 00:00:00+00:00
[2026-03-29T21:49:33.421+0000] {logging_mixin.py:188} INFO - [2026-03-29T21:49:33.421+0000] {dag.py:3947} INFO - Setting next_dagrun for example_branch_datetime_operator_2 to 2026-03-28 00:00:00+00:00, run_after=2026-03-29 00:00:00+00:00
[2026-03-29T21:49:33.423+0000] {logging_mixin.py:188} INFO - [2026-03-29T21:49:33.423+0000] {dag.py:3947} INFO - Setting next_dagrun for example_branch_datetime_operator_3 to 2026-03-28 00:00:00+00:00, run_after=2026-03-29 00:00:00+00:00
[2026-03-29T21:49:33.437+0000] {processor.py:183} INFO - Processing /home/airflow/.local/lib/python3.12/site-packages/airflow/example_dags/example_branch_datetime_operator.py took 0.304 seconds
