[2026-03-29T21:30:31.909+0000] {processor.py:161} INFO - Started process (PID=46) to work on /home/airflow/.local/lib/python3.12/site-packages/airflow/example_dags/example_branch_operator_decorator.py
[2026-03-29T21:30:31.914+0000] {processor.py:830} INFO - Processing file /home/airflow/.local/lib/python3.12/site-packages/airflow/example_dags/example_branch_operator_decorator.py for tasks to queue
[2026-03-29T21:30:31.922+0000] {logging_mixin.py:188} INFO - [2026-03-29T21:30:31.921+0000] {dagbag.py:545} INFO - Filling up the DagBag from /home/airflow/.local/lib/python3.12/site-packages/airflow/example_dags/example_branch_operator_decorator.py
[2026-03-29T21:30:31.985+0000] {processor.py:840} INFO - DAG(s) 'example_branch_python_operator_decorator' retrieved from /home/airflow/.local/lib/python3.12/site-packages/airflow/example_dags/example_branch_operator_decorator.py
[2026-03-29T21:30:32.025+0000] {logging_mixin.py:188} INFO - [2026-03-29T21:30:32.024+0000] {dag.py:3089} INFO - Sync 1 DAGs
[2026-03-29T21:30:32.086+0000] {logging_mixin.py:188} INFO - [2026-03-29T21:30:32.085+0000] {dag.py:3947} INFO - Setting next_dagrun for example_branch_python_operator_decorator to 2026-03-28 00:00:00+00:00, run_after=2026-03-29 00:00:00+00:00
[2026-03-29T21:30:32.140+0000] {processor.py:183} INFO - Processing /home/airflow/.local/lib/python3.12/site-packages/airflow/example_dags/example_branch_operator_decorator.py took 0.247 seconds
[2026-03-29T21:31:02.677+0000] {processor.py:161} INFO - Started process (PID=98) to work on /home/airflow/.local/lib/python3.12/site-packages/airflow/example_dags/example_branch_operator_decorator.py
[2026-03-29T21:31:02.680+0000] {processor.py:830} INFO - Processing file /home/airflow/.local/lib/python3.12/site-packages/airflow/example_dags/example_branch_operator_decorator.py for tasks to queue
[2026-03-29T21:31:02.684+0000] {logging_mixin.py:188} INFO - [2026-03-29T21:31:02.684+0000] {dagbag.py:545} INFO - Filling up the DagBag from /home/airflow/.local/lib/python3.12/site-packages/airflow/example_dags/example_branch_operator_decorator.py
[2026-03-29T21:31:02.734+0000] {processor.py:840} INFO - DAG(s) 'example_branch_python_operator_decorator' retrieved from /home/airflow/.local/lib/python3.12/site-packages/airflow/example_dags/example_branch_operator_decorator.py
[2026-03-29T21:31:02.987+0000] {logging_mixin.py:188} INFO - [2026-03-29T21:31:02.987+0000] {dag.py:3089} INFO - Sync 1 DAGs
[2026-03-29T21:31:03.032+0000] {logging_mixin.py:188} INFO - [2026-03-29T21:31:03.032+0000] {dag.py:3947} INFO - Setting next_dagrun for example_branch_python_operator_decorator to 2026-03-28 00:00:00+00:00, run_after=2026-03-29 00:00:00+00:00
[2026-03-29T21:31:03.073+0000] {processor.py:183} INFO - Processing /home/airflow/.local/lib/python3.12/site-packages/airflow/example_dags/example_branch_operator_decorator.py took 0.410 seconds
[2026-03-29T21:31:33.903+0000] {processor.py:161} INFO - Started process (PID=150) to work on /home/airflow/.local/lib/python3.12/site-packages/airflow/example_dags/example_branch_operator_decorator.py
[2026-03-29T21:31:33.905+0000] {processor.py:830} INFO - Processing file /home/airflow/.local/lib/python3.12/site-packages/airflow/example_dags/example_branch_operator_decorator.py for tasks to queue
[2026-03-29T21:31:33.908+0000] {logging_mixin.py:188} INFO - [2026-03-29T21:31:33.907+0000] {dagbag.py:545} INFO - Filling up the DagBag from /home/airflow/.local/lib/python3.12/site-packages/airflow/example_dags/example_branch_operator_decorator.py
[2026-03-29T21:31:33.927+0000] {processor.py:840} INFO - DAG(s) 'example_branch_python_operator_decorator' retrieved from /home/airflow/.local/lib/python3.12/site-packages/airflow/example_dags/example_branch_operator_decorator.py
[2026-03-29T21:31:33.958+0000] {logging_mixin.py:188} INFO - [2026-03-29T21:31:33.957+0000] {dag.py:3089} INFO - Sync 1 DAGs
[2026-03-29T21:31:33.981+0000] {logging_mixin.py:188} INFO - [2026-03-29T21:31:33.981+0000] {dag.py:3947} INFO - Setting next_dagrun for example_branch_python_operator_decorator to 2026-03-28 00:00:00+00:00, run_after=2026-03-29 00:00:00+00:00
[2026-03-29T21:31:34.000+0000] {processor.py:183} INFO - Processing /home/airflow/.local/lib/python3.12/site-packages/airflow/example_dags/example_branch_operator_decorator.py took 0.103 seconds
[2026-03-29T21:32:05.060+0000] {processor.py:161} INFO - Started process (PID=202) to work on /home/airflow/.local/lib/python3.12/site-packages/airflow/example_dags/example_branch_operator_decorator.py
[2026-03-29T21:32:05.064+0000] {processor.py:830} INFO - Processing file /home/airflow/.local/lib/python3.12/site-packages/airflow/example_dags/example_branch_operator_decorator.py for tasks to queue
[2026-03-29T21:32:05.070+0000] {logging_mixin.py:188} INFO - [2026-03-29T21:32:05.068+0000] {dagbag.py:545} INFO - Filling up the DagBag from /home/airflow/.local/lib/python3.12/site-packages/airflow/example_dags/example_branch_operator_decorator.py
[2026-03-29T21:32:05.144+0000] {processor.py:840} INFO - DAG(s) 'example_branch_python_operator_decorator' retrieved from /home/airflow/.local/lib/python3.12/site-packages/airflow/example_dags/example_branch_operator_decorator.py
[2026-03-29T21:32:05.240+0000] {logging_mixin.py:188} INFO - [2026-03-29T21:32:05.240+0000] {dag.py:3089} INFO - Sync 1 DAGs
[2026-03-29T21:32:05.328+0000] {logging_mixin.py:188} INFO - [2026-03-29T21:32:05.328+0000] {dag.py:3947} INFO - Setting next_dagrun for example_branch_python_operator_decorator to 2026-03-28 00:00:00+00:00, run_after=2026-03-29 00:00:00+00:00
[2026-03-29T21:32:05.408+0000] {processor.py:183} INFO - Processing /home/airflow/.local/lib/python3.12/site-packages/airflow/example_dags/example_branch_operator_decorator.py took 0.367 seconds
[2026-03-29T21:32:35.817+0000] {processor.py:161} INFO - Started process (PID=254) to work on /home/airflow/.local/lib/python3.12/site-packages/airflow/example_dags/example_branch_operator_decorator.py
[2026-03-29T21:32:35.819+0000] {processor.py:830} INFO - Processing file /home/airflow/.local/lib/python3.12/site-packages/airflow/example_dags/example_branch_operator_decorator.py for tasks to queue
[2026-03-29T21:32:35.820+0000] {logging_mixin.py:188} INFO - [2026-03-29T21:32:35.820+0000] {dagbag.py:545} INFO - Filling up the DagBag from /home/airflow/.local/lib/python3.12/site-packages/airflow/example_dags/example_branch_operator_decorator.py
[2026-03-29T21:32:35.835+0000] {processor.py:840} INFO - DAG(s) 'example_branch_python_operator_decorator' retrieved from /home/airflow/.local/lib/python3.12/site-packages/airflow/example_dags/example_branch_operator_decorator.py
[2026-03-29T21:32:35.857+0000] {logging_mixin.py:188} INFO - [2026-03-29T21:32:35.857+0000] {dag.py:3089} INFO - Sync 1 DAGs
[2026-03-29T21:32:35.875+0000] {logging_mixin.py:188} INFO - [2026-03-29T21:32:35.875+0000] {dag.py:3947} INFO - Setting next_dagrun for example_branch_python_operator_decorator to 2026-03-28 00:00:00+00:00, run_after=2026-03-29 00:00:00+00:00
[2026-03-29T21:32:35.892+0000] {processor.py:183} INFO - Processing /home/airflow/.local/lib/python3.12/site-packages/airflow/example_dags/example_branch_operator_decorator.py took 0.080 seconds
[2026-03-29T21:33:06.231+0000] {processor.py:161} INFO - Started process (PID=306) to work on /home/airflow/.local/lib/python3.12/site-packages/airflow/example_dags/example_branch_operator_decorator.py
[2026-03-29T21:33:06.233+0000] {processor.py:830} INFO - Processing file /home/airflow/.local/lib/python3.12/site-packages/airflow/example_dags/example_branch_operator_decorator.py for tasks to queue
[2026-03-29T21:33:06.234+0000] {logging_mixin.py:188} INFO - [2026-03-29T21:33:06.234+0000] {dagbag.py:545} INFO - Filling up the DagBag from /home/airflow/.local/lib/python3.12/site-packages/airflow/example_dags/example_branch_operator_decorator.py
[2026-03-29T21:33:06.251+0000] {processor.py:840} INFO - DAG(s) 'example_branch_python_operator_decorator' retrieved from /home/airflow/.local/lib/python3.12/site-packages/airflow/example_dags/example_branch_operator_decorator.py
[2026-03-29T21:33:06.280+0000] {logging_mixin.py:188} INFO - [2026-03-29T21:33:06.280+0000] {dag.py:3089} INFO - Sync 1 DAGs
[2026-03-29T21:33:06.304+0000] {logging_mixin.py:188} INFO - [2026-03-29T21:33:06.303+0000] {dag.py:3947} INFO - Setting next_dagrun for example_branch_python_operator_decorator to 2026-03-28 00:00:00+00:00, run_after=2026-03-29 00:00:00+00:00
[2026-03-29T21:33:06.322+0000] {processor.py:183} INFO - Processing /home/airflow/.local/lib/python3.12/site-packages/airflow/example_dags/example_branch_operator_decorator.py took 0.096 seconds
[2026-03-29T21:33:36.771+0000] {processor.py:161} INFO - Started process (PID=358) to work on /home/airflow/.local/lib/python3.12/site-packages/airflow/example_dags/example_branch_operator_decorator.py
[2026-03-29T21:33:36.773+0000] {processor.py:830} INFO - Processing file /home/airflow/.local/lib/python3.12/site-packages/airflow/example_dags/example_branch_operator_decorator.py for tasks to queue
[2026-03-29T21:33:36.776+0000] {logging_mixin.py:188} INFO - [2026-03-29T21:33:36.775+0000] {dagbag.py:545} INFO - Filling up the DagBag from /home/airflow/.local/lib/python3.12/site-packages/airflow/example_dags/example_branch_operator_decorator.py
[2026-03-29T21:33:36.815+0000] {processor.py:840} INFO - DAG(s) 'example_branch_python_operator_decorator' retrieved from /home/airflow/.local/lib/python3.12/site-packages/airflow/example_dags/example_branch_operator_decorator.py
[2026-03-29T21:33:36.862+0000] {logging_mixin.py:188} INFO - [2026-03-29T21:33:36.861+0000] {dag.py:3089} INFO - Sync 1 DAGs
[2026-03-29T21:33:36.897+0000] {logging_mixin.py:188} INFO - [2026-03-29T21:33:36.897+0000] {dag.py:3947} INFO - Setting next_dagrun for example_branch_python_operator_decorator to 2026-03-28 00:00:00+00:00, run_after=2026-03-29 00:00:00+00:00
[2026-03-29T21:33:36.935+0000] {processor.py:183} INFO - Processing /home/airflow/.local/lib/python3.12/site-packages/airflow/example_dags/example_branch_operator_decorator.py took 0.172 seconds
[2026-03-29T21:34:07.648+0000] {processor.py:161} INFO - Started process (PID=410) to work on /home/airflow/.local/lib/python3.12/site-packages/airflow/example_dags/example_branch_operator_decorator.py
[2026-03-29T21:34:07.649+0000] {processor.py:830} INFO - Processing file /home/airflow/.local/lib/python3.12/site-packages/airflow/example_dags/example_branch_operator_decorator.py for tasks to queue
[2026-03-29T21:34:07.651+0000] {logging_mixin.py:188} INFO - [2026-03-29T21:34:07.650+0000] {dagbag.py:545} INFO - Filling up the DagBag from /home/airflow/.local/lib/python3.12/site-packages/airflow/example_dags/example_branch_operator_decorator.py
[2026-03-29T21:34:07.674+0000] {processor.py:840} INFO - DAG(s) 'example_branch_python_operator_decorator' retrieved from /home/airflow/.local/lib/python3.12/site-packages/airflow/example_dags/example_branch_operator_decorator.py
[2026-03-29T21:34:07.705+0000] {logging_mixin.py:188} INFO - [2026-03-29T21:34:07.704+0000] {dag.py:3089} INFO - Sync 1 DAGs
[2026-03-29T21:34:07.726+0000] {logging_mixin.py:188} INFO - [2026-03-29T21:34:07.726+0000] {dag.py:3947} INFO - Setting next_dagrun for example_branch_python_operator_decorator to 2026-03-28 00:00:00+00:00, run_after=2026-03-29 00:00:00+00:00
[2026-03-29T21:34:07.744+0000] {processor.py:183} INFO - Processing /home/airflow/.local/lib/python3.12/site-packages/airflow/example_dags/example_branch_operator_decorator.py took 0.101 seconds
[2026-03-29T21:34:38.034+0000] {processor.py:161} INFO - Started process (PID=462) to work on /home/airflow/.local/lib/python3.12/site-packages/airflow/example_dags/example_branch_operator_decorator.py
[2026-03-29T21:34:38.036+0000] {processor.py:830} INFO - Processing file /home/airflow/.local/lib/python3.12/site-packages/airflow/example_dags/example_branch_operator_decorator.py for tasks to queue
[2026-03-29T21:34:38.043+0000] {logging_mixin.py:188} INFO - [2026-03-29T21:34:38.042+0000] {dagbag.py:545} INFO - Filling up the DagBag from /home/airflow/.local/lib/python3.12/site-packages/airflow/example_dags/example_branch_operator_decorator.py
[2026-03-29T21:34:38.062+0000] {processor.py:840} INFO - DAG(s) 'example_branch_python_operator_decorator' retrieved from /home/airflow/.local/lib/python3.12/site-packages/airflow/example_dags/example_branch_operator_decorator.py
[2026-03-29T21:34:38.094+0000] {logging_mixin.py:188} INFO - [2026-03-29T21:34:38.093+0000] {dag.py:3089} INFO - Sync 1 DAGs
[2026-03-29T21:34:38.123+0000] {logging_mixin.py:188} INFO - [2026-03-29T21:34:38.122+0000] {dag.py:3947} INFO - Setting next_dagrun for example_branch_python_operator_decorator to 2026-03-28 00:00:00+00:00, run_after=2026-03-29 00:00:00+00:00
[2026-03-29T21:34:38.139+0000] {processor.py:183} INFO - Processing /home/airflow/.local/lib/python3.12/site-packages/airflow/example_dags/example_branch_operator_decorator.py took 0.110 seconds
[2026-03-29T21:35:09.114+0000] {processor.py:161} INFO - Started process (PID=514) to work on /home/airflow/.local/lib/python3.12/site-packages/airflow/example_dags/example_branch_operator_decorator.py
[2026-03-29T21:35:09.115+0000] {processor.py:830} INFO - Processing file /home/airflow/.local/lib/python3.12/site-packages/airflow/example_dags/example_branch_operator_decorator.py for tasks to queue
[2026-03-29T21:35:09.116+0000] {logging_mixin.py:188} INFO - [2026-03-29T21:35:09.116+0000] {dagbag.py:545} INFO - Filling up the DagBag from /home/airflow/.local/lib/python3.12/site-packages/airflow/example_dags/example_branch_operator_decorator.py
[2026-03-29T21:35:09.134+0000] {processor.py:840} INFO - DAG(s) 'example_branch_python_operator_decorator' retrieved from /home/airflow/.local/lib/python3.12/site-packages/airflow/example_dags/example_branch_operator_decorator.py
[2026-03-29T21:35:09.163+0000] {logging_mixin.py:188} INFO - [2026-03-29T21:35:09.162+0000] {dag.py:3089} INFO - Sync 1 DAGs
[2026-03-29T21:35:09.182+0000] {logging_mixin.py:188} INFO - [2026-03-29T21:35:09.181+0000] {dag.py:3947} INFO - Setting next_dagrun for example_branch_python_operator_decorator to 2026-03-28 00:00:00+00:00, run_after=2026-03-29 00:00:00+00:00
[2026-03-29T21:35:09.205+0000] {processor.py:183} INFO - Processing /home/airflow/.local/lib/python3.12/site-packages/airflow/example_dags/example_branch_operator_decorator.py took 0.096 seconds
[2026-03-29T21:35:40.039+0000] {processor.py:161} INFO - Started process (PID=566) to work on /home/airflow/.local/lib/python3.12/site-packages/airflow/example_dags/example_branch_operator_decorator.py
[2026-03-29T21:35:40.042+0000] {processor.py:830} INFO - Processing file /home/airflow/.local/lib/python3.12/site-packages/airflow/example_dags/example_branch_operator_decorator.py for tasks to queue
[2026-03-29T21:35:40.045+0000] {logging_mixin.py:188} INFO - [2026-03-29T21:35:40.045+0000] {dagbag.py:545} INFO - Filling up the DagBag from /home/airflow/.local/lib/python3.12/site-packages/airflow/example_dags/example_branch_operator_decorator.py
[2026-03-29T21:35:40.064+0000] {processor.py:840} INFO - DAG(s) 'example_branch_python_operator_decorator' retrieved from /home/airflow/.local/lib/python3.12/site-packages/airflow/example_dags/example_branch_operator_decorator.py
[2026-03-29T21:35:40.090+0000] {logging_mixin.py:188} INFO - [2026-03-29T21:35:40.090+0000] {dag.py:3089} INFO - Sync 1 DAGs
[2026-03-29T21:35:40.112+0000] {logging_mixin.py:188} INFO - [2026-03-29T21:35:40.112+0000] {dag.py:3947} INFO - Setting next_dagrun for example_branch_python_operator_decorator to 2026-03-28 00:00:00+00:00, run_after=2026-03-29 00:00:00+00:00
[2026-03-29T21:35:40.128+0000] {processor.py:183} INFO - Processing /home/airflow/.local/lib/python3.12/site-packages/airflow/example_dags/example_branch_operator_decorator.py took 0.101 seconds
[2026-03-29T21:36:10.656+0000] {processor.py:161} INFO - Started process (PID=618) to work on /home/airflow/.local/lib/python3.12/site-packages/airflow/example_dags/example_branch_operator_decorator.py
[2026-03-29T21:36:10.657+0000] {processor.py:830} INFO - Processing file /home/airflow/.local/lib/python3.12/site-packages/airflow/example_dags/example_branch_operator_decorator.py for tasks to queue
[2026-03-29T21:36:10.659+0000] {logging_mixin.py:188} INFO - [2026-03-29T21:36:10.659+0000] {dagbag.py:545} INFO - Filling up the DagBag from /home/airflow/.local/lib/python3.12/site-packages/airflow/example_dags/example_branch_operator_decorator.py
[2026-03-29T21:36:10.674+0000] {processor.py:840} INFO - DAG(s) 'example_branch_python_operator_decorator' retrieved from /home/airflow/.local/lib/python3.12/site-packages/airflow/example_dags/example_branch_operator_decorator.py
[2026-03-29T21:36:10.696+0000] {logging_mixin.py:188} INFO - [2026-03-29T21:36:10.696+0000] {dag.py:3089} INFO - Sync 1 DAGs
[2026-03-29T21:36:10.712+0000] {logging_mixin.py:188} INFO - [2026-03-29T21:36:10.711+0000] {dag.py:3947} INFO - Setting next_dagrun for example_branch_python_operator_decorator to 2026-03-28 00:00:00+00:00, run_after=2026-03-29 00:00:00+00:00
[2026-03-29T21:36:10.725+0000] {processor.py:183} INFO - Processing /home/airflow/.local/lib/python3.12/site-packages/airflow/example_dags/example_branch_operator_decorator.py took 0.073 seconds
[2026-03-29T21:36:40.888+0000] {processor.py:161} INFO - Started process (PID=670) to work on /home/airflow/.local/lib/python3.12/site-packages/airflow/example_dags/example_branch_operator_decorator.py
[2026-03-29T21:36:40.891+0000] {processor.py:830} INFO - Processing file /home/airflow/.local/lib/python3.12/site-packages/airflow/example_dags/example_branch_operator_decorator.py for tasks to queue
[2026-03-29T21:36:40.893+0000] {logging_mixin.py:188} INFO - [2026-03-29T21:36:40.893+0000] {dagbag.py:545} INFO - Filling up the DagBag from /home/airflow/.local/lib/python3.12/site-packages/airflow/example_dags/example_branch_operator_decorator.py
[2026-03-29T21:36:40.914+0000] {processor.py:840} INFO - DAG(s) 'example_branch_python_operator_decorator' retrieved from /home/airflow/.local/lib/python3.12/site-packages/airflow/example_dags/example_branch_operator_decorator.py
[2026-03-29T21:36:40.936+0000] {logging_mixin.py:188} INFO - [2026-03-29T21:36:40.935+0000] {dag.py:3089} INFO - Sync 1 DAGs
[2026-03-29T21:36:40.952+0000] {logging_mixin.py:188} INFO - [2026-03-29T21:36:40.952+0000] {dag.py:3947} INFO - Setting next_dagrun for example_branch_python_operator_decorator to 2026-03-28 00:00:00+00:00, run_after=2026-03-29 00:00:00+00:00
[2026-03-29T21:36:40.964+0000] {processor.py:183} INFO - Processing /home/airflow/.local/lib/python3.12/site-packages/airflow/example_dags/example_branch_operator_decorator.py took 0.086 seconds
[2026-03-29T21:37:11.560+0000] {processor.py:161} INFO - Started process (PID=722) to work on /home/airflow/.local/lib/python3.12/site-packages/airflow/example_dags/example_branch_operator_decorator.py
[2026-03-29T21:37:11.563+0000] {processor.py:830} INFO - Processing file /home/airflow/.local/lib/python3.12/site-packages/airflow/example_dags/example_branch_operator_decorator.py for tasks to queue
[2026-03-29T21:37:11.564+0000] {logging_mixin.py:188} INFO - [2026-03-29T21:37:11.564+0000] {dagbag.py:545} INFO - Filling up the DagBag from /home/airflow/.local/lib/python3.12/site-packages/airflow/example_dags/example_branch_operator_decorator.py
[2026-03-29T21:37:11.579+0000] {processor.py:840} INFO - DAG(s) 'example_branch_python_operator_decorator' retrieved from /home/airflow/.local/lib/python3.12/site-packages/airflow/example_dags/example_branch_operator_decorator.py
[2026-03-29T21:37:11.600+0000] {logging_mixin.py:188} INFO - [2026-03-29T21:37:11.600+0000] {dag.py:3089} INFO - Sync 1 DAGs
[2026-03-29T21:37:11.620+0000] {logging_mixin.py:188} INFO - [2026-03-29T21:37:11.620+0000] {dag.py:3947} INFO - Setting next_dagrun for example_branch_python_operator_decorator to 2026-03-28 00:00:00+00:00, run_after=2026-03-29 00:00:00+00:00
[2026-03-29T21:37:11.639+0000] {processor.py:183} INFO - Processing /home/airflow/.local/lib/python3.12/site-packages/airflow/example_dags/example_branch_operator_decorator.py took 0.083 seconds
[2026-03-29T21:37:41.981+0000] {processor.py:161} INFO - Started process (PID=774) to work on /home/airflow/.local/lib/python3.12/site-packages/airflow/example_dags/example_branch_operator_decorator.py
[2026-03-29T21:37:41.982+0000] {processor.py:830} INFO - Processing file /home/airflow/.local/lib/python3.12/site-packages/airflow/example_dags/example_branch_operator_decorator.py for tasks to queue
[2026-03-29T21:37:41.983+0000] {logging_mixin.py:188} INFO - [2026-03-29T21:37:41.983+0000] {dagbag.py:545} INFO - Filling up the DagBag from /home/airflow/.local/lib/python3.12/site-packages/airflow/example_dags/example_branch_operator_decorator.py
[2026-03-29T21:37:42.002+0000] {processor.py:840} INFO - DAG(s) 'example_branch_python_operator_decorator' retrieved from /home/airflow/.local/lib/python3.12/site-packages/airflow/example_dags/example_branch_operator_decorator.py
[2026-03-29T21:37:42.027+0000] {logging_mixin.py:188} INFO - [2026-03-29T21:37:42.026+0000] {dag.py:3089} INFO - Sync 1 DAGs
[2026-03-29T21:37:42.048+0000] {logging_mixin.py:188} INFO - [2026-03-29T21:37:42.048+0000] {dag.py:3947} INFO - Setting next_dagrun for example_branch_python_operator_decorator to 2026-03-28 00:00:00+00:00, run_after=2026-03-29 00:00:00+00:00
[2026-03-29T21:37:42.065+0000] {processor.py:183} INFO - Processing /home/airflow/.local/lib/python3.12/site-packages/airflow/example_dags/example_branch_operator_decorator.py took 0.089 seconds
[2026-03-29T21:38:12.296+0000] {processor.py:161} INFO - Started process (PID=826) to work on /home/airflow/.local/lib/python3.12/site-packages/airflow/example_dags/example_branch_operator_decorator.py
[2026-03-29T21:38:12.297+0000] {processor.py:830} INFO - Processing file /home/airflow/.local/lib/python3.12/site-packages/airflow/example_dags/example_branch_operator_decorator.py for tasks to queue
[2026-03-29T21:38:12.298+0000] {logging_mixin.py:188} INFO - [2026-03-29T21:38:12.298+0000] {dagbag.py:545} INFO - Filling up the DagBag from /home/airflow/.local/lib/python3.12/site-packages/airflow/example_dags/example_branch_operator_decorator.py
[2026-03-29T21:38:12.312+0000] {processor.py:840} INFO - DAG(s) 'example_branch_python_operator_decorator' retrieved from /home/airflow/.local/lib/python3.12/site-packages/airflow/example_dags/example_branch_operator_decorator.py
[2026-03-29T21:38:12.332+0000] {logging_mixin.py:188} INFO - [2026-03-29T21:38:12.331+0000] {dag.py:3089} INFO - Sync 1 DAGs
[2026-03-29T21:38:12.349+0000] {logging_mixin.py:188} INFO - [2026-03-29T21:38:12.349+0000] {dag.py:3947} INFO - Setting next_dagrun for example_branch_python_operator_decorator to 2026-03-28 00:00:00+00:00, run_after=2026-03-29 00:00:00+00:00
[2026-03-29T21:38:12.363+0000] {processor.py:183} INFO - Processing /home/airflow/.local/lib/python3.12/site-packages/airflow/example_dags/example_branch_operator_decorator.py took 0.071 seconds
[2026-03-29T21:38:42.921+0000] {processor.py:161} INFO - Started process (PID=878) to work on /home/airflow/.local/lib/python3.12/site-packages/airflow/example_dags/example_branch_operator_decorator.py
[2026-03-29T21:38:42.922+0000] {processor.py:830} INFO - Processing file /home/airflow/.local/lib/python3.12/site-packages/airflow/example_dags/example_branch_operator_decorator.py for tasks to queue
[2026-03-29T21:38:42.924+0000] {logging_mixin.py:188} INFO - [2026-03-29T21:38:42.923+0000] {dagbag.py:545} INFO - Filling up the DagBag from /home/airflow/.local/lib/python3.12/site-packages/airflow/example_dags/example_branch_operator_decorator.py
[2026-03-29T21:38:42.937+0000] {processor.py:840} INFO - DAG(s) 'example_branch_python_operator_decorator' retrieved from /home/airflow/.local/lib/python3.12/site-packages/airflow/example_dags/example_branch_operator_decorator.py
[2026-03-29T21:38:42.956+0000] {logging_mixin.py:188} INFO - [2026-03-29T21:38:42.956+0000] {dag.py:3089} INFO - Sync 1 DAGs
[2026-03-29T21:38:42.972+0000] {logging_mixin.py:188} INFO - [2026-03-29T21:38:42.972+0000] {dag.py:3947} INFO - Setting next_dagrun for example_branch_python_operator_decorator to 2026-03-28 00:00:00+00:00, run_after=2026-03-29 00:00:00+00:00
[2026-03-29T21:38:42.985+0000] {processor.py:183} INFO - Processing /home/airflow/.local/lib/python3.12/site-packages/airflow/example_dags/example_branch_operator_decorator.py took 0.068 seconds
[2026-03-29T21:39:13.407+0000] {processor.py:161} INFO - Started process (PID=930) to work on /home/airflow/.local/lib/python3.12/site-packages/airflow/example_dags/example_branch_operator_decorator.py
[2026-03-29T21:39:13.408+0000] {processor.py:830} INFO - Processing file /home/airflow/.local/lib/python3.12/site-packages/airflow/example_dags/example_branch_operator_decorator.py for tasks to queue
[2026-03-29T21:39:13.409+0000] {logging_mixin.py:188} INFO - [2026-03-29T21:39:13.409+0000] {dagbag.py:545} INFO - Filling up the DagBag from /home/airflow/.local/lib/python3.12/site-packages/airflow/example_dags/example_branch_operator_decorator.py
[2026-03-29T21:39:13.422+0000] {processor.py:840} INFO - DAG(s) 'example_branch_python_operator_decorator' retrieved from /home/airflow/.local/lib/python3.12/site-packages/airflow/example_dags/example_branch_operator_decorator.py
[2026-03-29T21:39:13.441+0000] {logging_mixin.py:188} INFO - [2026-03-29T21:39:13.441+0000] {dag.py:3089} INFO - Sync 1 DAGs
[2026-03-29T21:39:13.457+0000] {logging_mixin.py:188} INFO - [2026-03-29T21:39:13.456+0000] {dag.py:3947} INFO - Setting next_dagrun for example_branch_python_operator_decorator to 2026-03-28 00:00:00+00:00, run_after=2026-03-29 00:00:00+00:00
[2026-03-29T21:39:13.468+0000] {processor.py:183} INFO - Processing /home/airflow/.local/lib/python3.12/site-packages/airflow/example_dags/example_branch_operator_decorator.py took 0.066 seconds
[2026-03-29T21:39:44.166+0000] {processor.py:161} INFO - Started process (PID=982) to work on /home/airflow/.local/lib/python3.12/site-packages/airflow/example_dags/example_branch_operator_decorator.py
[2026-03-29T21:39:44.167+0000] {processor.py:830} INFO - Processing file /home/airflow/.local/lib/python3.12/site-packages/airflow/example_dags/example_branch_operator_decorator.py for tasks to queue
[2026-03-29T21:39:44.170+0000] {logging_mixin.py:188} INFO - [2026-03-29T21:39:44.169+0000] {dagbag.py:545} INFO - Filling up the DagBag from /home/airflow/.local/lib/python3.12/site-packages/airflow/example_dags/example_branch_operator_decorator.py
[2026-03-29T21:39:44.206+0000] {processor.py:840} INFO - DAG(s) 'example_branch_python_operator_decorator' retrieved from /home/airflow/.local/lib/python3.12/site-packages/airflow/example_dags/example_branch_operator_decorator.py
[2026-03-29T21:39:44.248+0000] {logging_mixin.py:188} INFO - [2026-03-29T21:39:44.248+0000] {dag.py:3089} INFO - Sync 1 DAGs
[2026-03-29T21:39:44.280+0000] {logging_mixin.py:188} INFO - [2026-03-29T21:39:44.280+0000] {dag.py:3947} INFO - Setting next_dagrun for example_branch_python_operator_decorator to 2026-03-28 00:00:00+00:00, run_after=2026-03-29 00:00:00+00:00
[2026-03-29T21:39:44.303+0000] {processor.py:183} INFO - Processing /home/airflow/.local/lib/python3.12/site-packages/airflow/example_dags/example_branch_operator_decorator.py took 0.147 seconds
[2026-03-29T21:40:15.122+0000] {processor.py:161} INFO - Started process (PID=1034) to work on /home/airflow/.local/lib/python3.12/site-packages/airflow/example_dags/example_branch_operator_decorator.py
[2026-03-29T21:40:15.123+0000] {processor.py:830} INFO - Processing file /home/airflow/.local/lib/python3.12/site-packages/airflow/example_dags/example_branch_operator_decorator.py for tasks to queue
[2026-03-29T21:40:15.124+0000] {logging_mixin.py:188} INFO - [2026-03-29T21:40:15.124+0000] {dagbag.py:545} INFO - Filling up the DagBag from /home/airflow/.local/lib/python3.12/site-packages/airflow/example_dags/example_branch_operator_decorator.py
[2026-03-29T21:40:15.138+0000] {processor.py:840} INFO - DAG(s) 'example_branch_python_operator_decorator' retrieved from /home/airflow/.local/lib/python3.12/site-packages/airflow/example_dags/example_branch_operator_decorator.py
[2026-03-29T21:40:15.159+0000] {logging_mixin.py:188} INFO - [2026-03-29T21:40:15.159+0000] {dag.py:3089} INFO - Sync 1 DAGs
[2026-03-29T21:40:15.177+0000] {logging_mixin.py:188} INFO - [2026-03-29T21:40:15.177+0000] {dag.py:3947} INFO - Setting next_dagrun for example_branch_python_operator_decorator to 2026-03-28 00:00:00+00:00, run_after=2026-03-29 00:00:00+00:00
[2026-03-29T21:40:15.190+0000] {processor.py:183} INFO - Processing /home/airflow/.local/lib/python3.12/site-packages/airflow/example_dags/example_branch_operator_decorator.py took 0.075 seconds
[2026-03-29T21:40:45.769+0000] {processor.py:161} INFO - Started process (PID=1086) to work on /home/airflow/.local/lib/python3.12/site-packages/airflow/example_dags/example_branch_operator_decorator.py
[2026-03-29T21:40:45.771+0000] {processor.py:830} INFO - Processing file /home/airflow/.local/lib/python3.12/site-packages/airflow/example_dags/example_branch_operator_decorator.py for tasks to queue
[2026-03-29T21:40:45.773+0000] {logging_mixin.py:188} INFO - [2026-03-29T21:40:45.772+0000] {dagbag.py:545} INFO - Filling up the DagBag from /home/airflow/.local/lib/python3.12/site-packages/airflow/example_dags/example_branch_operator_decorator.py
[2026-03-29T21:40:45.789+0000] {processor.py:840} INFO - DAG(s) 'example_branch_python_operator_decorator' retrieved from /home/airflow/.local/lib/python3.12/site-packages/airflow/example_dags/example_branch_operator_decorator.py
[2026-03-29T21:40:45.818+0000] {logging_mixin.py:188} INFO - [2026-03-29T21:40:45.817+0000] {dag.py:3089} INFO - Sync 1 DAGs
[2026-03-29T21:40:45.836+0000] {logging_mixin.py:188} INFO - [2026-03-29T21:40:45.836+0000] {dag.py:3947} INFO - Setting next_dagrun for example_branch_python_operator_decorator to 2026-03-28 00:00:00+00:00, run_after=2026-03-29 00:00:00+00:00
[2026-03-29T21:40:45.849+0000] {processor.py:183} INFO - Processing /home/airflow/.local/lib/python3.12/site-packages/airflow/example_dags/example_branch_operator_decorator.py took 0.087 seconds
[2026-03-29T21:41:16.677+0000] {processor.py:161} INFO - Started process (PID=1138) to work on /home/airflow/.local/lib/python3.12/site-packages/airflow/example_dags/example_branch_operator_decorator.py
[2026-03-29T21:41:16.677+0000] {processor.py:830} INFO - Processing file /home/airflow/.local/lib/python3.12/site-packages/airflow/example_dags/example_branch_operator_decorator.py for tasks to queue
[2026-03-29T21:41:16.679+0000] {logging_mixin.py:188} INFO - [2026-03-29T21:41:16.679+0000] {dagbag.py:545} INFO - Filling up the DagBag from /home/airflow/.local/lib/python3.12/site-packages/airflow/example_dags/example_branch_operator_decorator.py
[2026-03-29T21:41:16.693+0000] {processor.py:840} INFO - DAG(s) 'example_branch_python_operator_decorator' retrieved from /home/airflow/.local/lib/python3.12/site-packages/airflow/example_dags/example_branch_operator_decorator.py
[2026-03-29T21:41:16.720+0000] {logging_mixin.py:188} INFO - [2026-03-29T21:41:16.720+0000] {dag.py:3089} INFO - Sync 1 DAGs
[2026-03-29T21:41:16.735+0000] {logging_mixin.py:188} INFO - [2026-03-29T21:41:16.735+0000] {dag.py:3947} INFO - Setting next_dagrun for example_branch_python_operator_decorator to 2026-03-28 00:00:00+00:00, run_after=2026-03-29 00:00:00+00:00
[2026-03-29T21:41:16.753+0000] {processor.py:183} INFO - Processing /home/airflow/.local/lib/python3.12/site-packages/airflow/example_dags/example_branch_operator_decorator.py took 0.083 seconds
[2026-03-29T21:41:47.603+0000] {processor.py:161} INFO - Started process (PID=1190) to work on /home/airflow/.local/lib/python3.12/site-packages/airflow/example_dags/example_branch_operator_decorator.py
[2026-03-29T21:41:47.604+0000] {processor.py:830} INFO - Processing file /home/airflow/.local/lib/python3.12/site-packages/airflow/example_dags/example_branch_operator_decorator.py for tasks to queue
[2026-03-29T21:41:47.606+0000] {logging_mixin.py:188} INFO - [2026-03-29T21:41:47.606+0000] {dagbag.py:545} INFO - Filling up the DagBag from /home/airflow/.local/lib/python3.12/site-packages/airflow/example_dags/example_branch_operator_decorator.py
[2026-03-29T21:41:47.628+0000] {processor.py:840} INFO - DAG(s) 'example_branch_python_operator_decorator' retrieved from /home/airflow/.local/lib/python3.12/site-packages/airflow/example_dags/example_branch_operator_decorator.py
[2026-03-29T21:41:47.653+0000] {logging_mixin.py:188} INFO - [2026-03-29T21:41:47.653+0000] {dag.py:3089} INFO - Sync 1 DAGs
[2026-03-29T21:41:47.674+0000] {logging_mixin.py:188} INFO - [2026-03-29T21:41:47.674+0000] {dag.py:3947} INFO - Setting next_dagrun for example_branch_python_operator_decorator to 2026-03-28 00:00:00+00:00, run_after=2026-03-29 00:00:00+00:00
[2026-03-29T21:41:47.691+0000] {processor.py:183} INFO - Processing /home/airflow/.local/lib/python3.12/site-packages/airflow/example_dags/example_branch_operator_decorator.py took 0.095 seconds
[2026-03-29T21:42:18.726+0000] {processor.py:161} INFO - Started process (PID=1242) to work on /home/airflow/.local/lib/python3.12/site-packages/airflow/example_dags/example_branch_operator_decorator.py
[2026-03-29T21:42:18.727+0000] {processor.py:830} INFO - Processing file /home/airflow/.local/lib/python3.12/site-packages/airflow/example_dags/example_branch_operator_decorator.py for tasks to queue
[2026-03-29T21:42:18.728+0000] {logging_mixin.py:188} INFO - [2026-03-29T21:42:18.728+0000] {dagbag.py:545} INFO - Filling up the DagBag from /home/airflow/.local/lib/python3.12/site-packages/airflow/example_dags/example_branch_operator_decorator.py
[2026-03-29T21:42:18.746+0000] {processor.py:840} INFO - DAG(s) 'example_branch_python_operator_decorator' retrieved from /home/airflow/.local/lib/python3.12/site-packages/airflow/example_dags/example_branch_operator_decorator.py
[2026-03-29T21:42:18.769+0000] {logging_mixin.py:188} INFO - [2026-03-29T21:42:18.769+0000] {dag.py:3089} INFO - Sync 1 DAGs
[2026-03-29T21:42:18.791+0000] {logging_mixin.py:188} INFO - [2026-03-29T21:42:18.790+0000] {dag.py:3947} INFO - Setting next_dagrun for example_branch_python_operator_decorator to 2026-03-28 00:00:00+00:00, run_after=2026-03-29 00:00:00+00:00
[2026-03-29T21:42:18.807+0000] {processor.py:183} INFO - Processing /home/airflow/.local/lib/python3.12/site-packages/airflow/example_dags/example_branch_operator_decorator.py took 0.089 seconds
[2026-03-29T21:42:49.776+0000] {processor.py:161} INFO - Started process (PID=1294) to work on /home/airflow/.local/lib/python3.12/site-packages/airflow/example_dags/example_branch_operator_decorator.py
[2026-03-29T21:42:49.778+0000] {processor.py:830} INFO - Processing file /home/airflow/.local/lib/python3.12/site-packages/airflow/example_dags/example_branch_operator_decorator.py for tasks to queue
[2026-03-29T21:42:49.781+0000] {logging_mixin.py:188} INFO - [2026-03-29T21:42:49.781+0000] {dagbag.py:545} INFO - Filling up the DagBag from /home/airflow/.local/lib/python3.12/site-packages/airflow/example_dags/example_branch_operator_decorator.py
[2026-03-29T21:42:49.797+0000] {processor.py:840} INFO - DAG(s) 'example_branch_python_operator_decorator' retrieved from /home/airflow/.local/lib/python3.12/site-packages/airflow/example_dags/example_branch_operator_decorator.py
[2026-03-29T21:42:49.818+0000] {logging_mixin.py:188} INFO - [2026-03-29T21:42:49.818+0000] {dag.py:3089} INFO - Sync 1 DAGs
[2026-03-29T21:42:49.837+0000] {logging_mixin.py:188} INFO - [2026-03-29T21:42:49.836+0000] {dag.py:3947} INFO - Setting next_dagrun for example_branch_python_operator_decorator to 2026-03-28 00:00:00+00:00, run_after=2026-03-29 00:00:00+00:00
[2026-03-29T21:42:49.853+0000] {processor.py:183} INFO - Processing /home/airflow/.local/lib/python3.12/site-packages/airflow/example_dags/example_branch_operator_decorator.py took 0.085 seconds
[2026-03-29T21:43:19.988+0000] {processor.py:161} INFO - Started process (PID=1345) to work on /home/airflow/.local/lib/python3.12/site-packages/airflow/example_dags/example_branch_operator_decorator.py
[2026-03-29T21:43:19.990+0000] {processor.py:830} INFO - Processing file /home/airflow/.local/lib/python3.12/site-packages/airflow/example_dags/example_branch_operator_decorator.py for tasks to queue
[2026-03-29T21:43:19.992+0000] {logging_mixin.py:188} INFO - [2026-03-29T21:43:19.991+0000] {dagbag.py:545} INFO - Filling up the DagBag from /home/airflow/.local/lib/python3.12/site-packages/airflow/example_dags/example_branch_operator_decorator.py
[2026-03-29T21:43:20.036+0000] {processor.py:840} INFO - DAG(s) 'example_branch_python_operator_decorator' retrieved from /home/airflow/.local/lib/python3.12/site-packages/airflow/example_dags/example_branch_operator_decorator.py
[2026-03-29T21:43:20.073+0000] {logging_mixin.py:188} INFO - [2026-03-29T21:43:20.073+0000] {dag.py:3089} INFO - Sync 1 DAGs
[2026-03-29T21:43:20.121+0000] {logging_mixin.py:188} INFO - [2026-03-29T21:43:20.121+0000] {dag.py:3947} INFO - Setting next_dagrun for example_branch_python_operator_decorator to 2026-03-28 00:00:00+00:00, run_after=2026-03-29 00:00:00+00:00
[2026-03-29T21:43:20.140+0000] {processor.py:183} INFO - Processing /home/airflow/.local/lib/python3.12/site-packages/airflow/example_dags/example_branch_operator_decorator.py took 0.167 seconds
[2026-03-29T21:43:50.175+0000] {processor.py:161} INFO - Started process (PID=1397) to work on /home/airflow/.local/lib/python3.12/site-packages/airflow/example_dags/example_branch_operator_decorator.py
[2026-03-29T21:43:50.176+0000] {processor.py:830} INFO - Processing file /home/airflow/.local/lib/python3.12/site-packages/airflow/example_dags/example_branch_operator_decorator.py for tasks to queue
[2026-03-29T21:43:50.177+0000] {logging_mixin.py:188} INFO - [2026-03-29T21:43:50.177+0000] {dagbag.py:545} INFO - Filling up the DagBag from /home/airflow/.local/lib/python3.12/site-packages/airflow/example_dags/example_branch_operator_decorator.py
[2026-03-29T21:43:50.194+0000] {processor.py:840} INFO - DAG(s) 'example_branch_python_operator_decorator' retrieved from /home/airflow/.local/lib/python3.12/site-packages/airflow/example_dags/example_branch_operator_decorator.py
[2026-03-29T21:43:50.218+0000] {logging_mixin.py:188} INFO - [2026-03-29T21:43:50.218+0000] {dag.py:3089} INFO - Sync 1 DAGs
[2026-03-29T21:43:50.237+0000] {logging_mixin.py:188} INFO - [2026-03-29T21:43:50.237+0000] {dag.py:3947} INFO - Setting next_dagrun for example_branch_python_operator_decorator to 2026-03-28 00:00:00+00:00, run_after=2026-03-29 00:00:00+00:00
[2026-03-29T21:43:50.251+0000] {processor.py:183} INFO - Processing /home/airflow/.local/lib/python3.12/site-packages/airflow/example_dags/example_branch_operator_decorator.py took 0.083 seconds
[2026-03-29T21:44:20.424+0000] {processor.py:161} INFO - Started process (PID=1449) to work on /home/airflow/.local/lib/python3.12/site-packages/airflow/example_dags/example_branch_operator_decorator.py
[2026-03-29T21:44:20.426+0000] {processor.py:830} INFO - Processing file /home/airflow/.local/lib/python3.12/site-packages/airflow/example_dags/example_branch_operator_decorator.py for tasks to queue
[2026-03-29T21:44:20.430+0000] {logging_mixin.py:188} INFO - [2026-03-29T21:44:20.430+0000] {dagbag.py:545} INFO - Filling up the DagBag from /home/airflow/.local/lib/python3.12/site-packages/airflow/example_dags/example_branch_operator_decorator.py
[2026-03-29T21:44:20.465+0000] {processor.py:840} INFO - DAG(s) 'example_branch_python_operator_decorator' retrieved from /home/airflow/.local/lib/python3.12/site-packages/airflow/example_dags/example_branch_operator_decorator.py
[2026-03-29T21:44:20.503+0000] {logging_mixin.py:188} INFO - [2026-03-29T21:44:20.503+0000] {dag.py:3089} INFO - Sync 1 DAGs
[2026-03-29T21:44:20.536+0000] {logging_mixin.py:188} INFO - [2026-03-29T21:44:20.536+0000] {dag.py:3947} INFO - Setting next_dagrun for example_branch_python_operator_decorator to 2026-03-28 00:00:00+00:00, run_after=2026-03-29 00:00:00+00:00
[2026-03-29T21:44:20.559+0000] {processor.py:183} INFO - Processing /home/airflow/.local/lib/python3.12/site-packages/airflow/example_dags/example_branch_operator_decorator.py took 0.148 seconds
[2026-03-29T21:44:51.266+0000] {processor.py:161} INFO - Started process (PID=1501) to work on /home/airflow/.local/lib/python3.12/site-packages/airflow/example_dags/example_branch_operator_decorator.py
[2026-03-29T21:44:51.276+0000] {processor.py:830} INFO - Processing file /home/airflow/.local/lib/python3.12/site-packages/airflow/example_dags/example_branch_operator_decorator.py for tasks to queue
[2026-03-29T21:44:51.294+0000] {logging_mixin.py:188} INFO - [2026-03-29T21:44:51.291+0000] {dagbag.py:545} INFO - Filling up the DagBag from /home/airflow/.local/lib/python3.12/site-packages/airflow/example_dags/example_branch_operator_decorator.py
[2026-03-29T21:44:51.377+0000] {processor.py:840} INFO - DAG(s) 'example_branch_python_operator_decorator' retrieved from /home/airflow/.local/lib/python3.12/site-packages/airflow/example_dags/example_branch_operator_decorator.py
[2026-03-29T21:44:51.428+0000] {logging_mixin.py:188} INFO - [2026-03-29T21:44:51.428+0000] {dag.py:3089} INFO - Sync 1 DAGs
[2026-03-29T21:44:51.468+0000] {logging_mixin.py:188} INFO - [2026-03-29T21:44:51.467+0000] {dag.py:3947} INFO - Setting next_dagrun for example_branch_python_operator_decorator to 2026-03-28 00:00:00+00:00, run_after=2026-03-29 00:00:00+00:00
[2026-03-29T21:44:51.506+0000] {processor.py:183} INFO - Processing /home/airflow/.local/lib/python3.12/site-packages/airflow/example_dags/example_branch_operator_decorator.py took 0.299 seconds
[2026-03-29T21:45:21.772+0000] {processor.py:161} INFO - Started process (PID=1553) to work on /home/airflow/.local/lib/python3.12/site-packages/airflow/example_dags/example_branch_operator_decorator.py
[2026-03-29T21:45:21.773+0000] {processor.py:830} INFO - Processing file /home/airflow/.local/lib/python3.12/site-packages/airflow/example_dags/example_branch_operator_decorator.py for tasks to queue
[2026-03-29T21:45:21.775+0000] {logging_mixin.py:188} INFO - [2026-03-29T21:45:21.775+0000] {dagbag.py:545} INFO - Filling up the DagBag from /home/airflow/.local/lib/python3.12/site-packages/airflow/example_dags/example_branch_operator_decorator.py
[2026-03-29T21:45:21.796+0000] {processor.py:840} INFO - DAG(s) 'example_branch_python_operator_decorator' retrieved from /home/airflow/.local/lib/python3.12/site-packages/airflow/example_dags/example_branch_operator_decorator.py
[2026-03-29T21:45:21.831+0000] {logging_mixin.py:188} INFO - [2026-03-29T21:45:21.830+0000] {dag.py:3089} INFO - Sync 1 DAGs
[2026-03-29T21:45:21.852+0000] {logging_mixin.py:188} INFO - [2026-03-29T21:45:21.852+0000] {dag.py:3947} INFO - Setting next_dagrun for example_branch_python_operator_decorator to 2026-03-28 00:00:00+00:00, run_after=2026-03-29 00:00:00+00:00
[2026-03-29T21:45:22.105+0000] {processor.py:183} INFO - Processing /home/airflow/.local/lib/python3.12/site-packages/airflow/example_dags/example_branch_operator_decorator.py took 0.344 seconds
[2026-03-29T21:45:52.174+0000] {processor.py:161} INFO - Started process (PID=1607) to work on /home/airflow/.local/lib/python3.12/site-packages/airflow/example_dags/example_branch_operator_decorator.py
[2026-03-29T21:45:52.176+0000] {processor.py:830} INFO - Processing file /home/airflow/.local/lib/python3.12/site-packages/airflow/example_dags/example_branch_operator_decorator.py for tasks to queue
[2026-03-29T21:45:52.179+0000] {logging_mixin.py:188} INFO - [2026-03-29T21:45:52.178+0000] {dagbag.py:545} INFO - Filling up the DagBag from /home/airflow/.local/lib/python3.12/site-packages/airflow/example_dags/example_branch_operator_decorator.py
[2026-03-29T21:45:52.198+0000] {processor.py:840} INFO - DAG(s) 'example_branch_python_operator_decorator' retrieved from /home/airflow/.local/lib/python3.12/site-packages/airflow/example_dags/example_branch_operator_decorator.py
[2026-03-29T21:45:52.229+0000] {logging_mixin.py:188} INFO - [2026-03-29T21:45:52.228+0000] {dag.py:3089} INFO - Sync 1 DAGs
[2026-03-29T21:45:52.256+0000] {logging_mixin.py:188} INFO - [2026-03-29T21:45:52.255+0000] {dag.py:3947} INFO - Setting next_dagrun for example_branch_python_operator_decorator to 2026-03-28 00:00:00+00:00, run_after=2026-03-29 00:00:00+00:00
[2026-03-29T21:45:52.436+0000] {processor.py:183} INFO - Processing /home/airflow/.local/lib/python3.12/site-packages/airflow/example_dags/example_branch_operator_decorator.py took 0.270 seconds
[2026-03-29T21:46:22.532+0000] {processor.py:161} INFO - Started process (PID=1655) to work on /home/airflow/.local/lib/python3.12/site-packages/airflow/example_dags/example_branch_operator_decorator.py
[2026-03-29T21:46:22.534+0000] {processor.py:830} INFO - Processing file /home/airflow/.local/lib/python3.12/site-packages/airflow/example_dags/example_branch_operator_decorator.py for tasks to queue
[2026-03-29T21:46:22.539+0000] {logging_mixin.py:188} INFO - [2026-03-29T21:46:22.538+0000] {dagbag.py:545} INFO - Filling up the DagBag from /home/airflow/.local/lib/python3.12/site-packages/airflow/example_dags/example_branch_operator_decorator.py
[2026-03-29T21:46:22.557+0000] {processor.py:840} INFO - DAG(s) 'example_branch_python_operator_decorator' retrieved from /home/airflow/.local/lib/python3.12/site-packages/airflow/example_dags/example_branch_operator_decorator.py
[2026-03-29T21:46:22.583+0000] {logging_mixin.py:188} INFO - [2026-03-29T21:46:22.583+0000] {dag.py:3089} INFO - Sync 1 DAGs
[2026-03-29T21:46:22.605+0000] {logging_mixin.py:188} INFO - [2026-03-29T21:46:22.604+0000] {dag.py:3947} INFO - Setting next_dagrun for example_branch_python_operator_decorator to 2026-03-28 00:00:00+00:00, run_after=2026-03-29 00:00:00+00:00
[2026-03-29T21:46:22.622+0000] {processor.py:183} INFO - Processing /home/airflow/.local/lib/python3.12/site-packages/airflow/example_dags/example_branch_operator_decorator.py took 0.096 seconds
[2026-03-29T21:46:53.353+0000] {processor.py:161} INFO - Started process (PID=1707) to work on /home/airflow/.local/lib/python3.12/site-packages/airflow/example_dags/example_branch_operator_decorator.py
[2026-03-29T21:46:53.354+0000] {processor.py:830} INFO - Processing file /home/airflow/.local/lib/python3.12/site-packages/airflow/example_dags/example_branch_operator_decorator.py for tasks to queue
[2026-03-29T21:46:53.357+0000] {logging_mixin.py:188} INFO - [2026-03-29T21:46:53.357+0000] {dagbag.py:545} INFO - Filling up the DagBag from /home/airflow/.local/lib/python3.12/site-packages/airflow/example_dags/example_branch_operator_decorator.py
[2026-03-29T21:46:53.375+0000] {processor.py:840} INFO - DAG(s) 'example_branch_python_operator_decorator' retrieved from /home/airflow/.local/lib/python3.12/site-packages/airflow/example_dags/example_branch_operator_decorator.py
[2026-03-29T21:46:53.402+0000] {logging_mixin.py:188} INFO - [2026-03-29T21:46:53.401+0000] {dag.py:3089} INFO - Sync 1 DAGs
[2026-03-29T21:46:53.423+0000] {logging_mixin.py:188} INFO - [2026-03-29T21:46:53.422+0000] {dag.py:3947} INFO - Setting next_dagrun for example_branch_python_operator_decorator to 2026-03-28 00:00:00+00:00, run_after=2026-03-29 00:00:00+00:00
[2026-03-29T21:46:53.439+0000] {processor.py:183} INFO - Processing /home/airflow/.local/lib/python3.12/site-packages/airflow/example_dags/example_branch_operator_decorator.py took 0.091 seconds
[2026-03-29T21:47:23.951+0000] {processor.py:161} INFO - Started process (PID=1759) to work on /home/airflow/.local/lib/python3.12/site-packages/airflow/example_dags/example_branch_operator_decorator.py
[2026-03-29T21:47:23.952+0000] {processor.py:830} INFO - Processing file /home/airflow/.local/lib/python3.12/site-packages/airflow/example_dags/example_branch_operator_decorator.py for tasks to queue
[2026-03-29T21:47:23.954+0000] {logging_mixin.py:188} INFO - [2026-03-29T21:47:23.954+0000] {dagbag.py:545} INFO - Filling up the DagBag from /home/airflow/.local/lib/python3.12/site-packages/airflow/example_dags/example_branch_operator_decorator.py
[2026-03-29T21:47:23.967+0000] {processor.py:840} INFO - DAG(s) 'example_branch_python_operator_decorator' retrieved from /home/airflow/.local/lib/python3.12/site-packages/airflow/example_dags/example_branch_operator_decorator.py
[2026-03-29T21:47:23.989+0000] {logging_mixin.py:188} INFO - [2026-03-29T21:47:23.989+0000] {dag.py:3089} INFO - Sync 1 DAGs
[2026-03-29T21:47:24.133+0000] {logging_mixin.py:188} INFO - [2026-03-29T21:47:24.133+0000] {dag.py:3947} INFO - Setting next_dagrun for example_branch_python_operator_decorator to 2026-03-28 00:00:00+00:00, run_after=2026-03-29 00:00:00+00:00
[2026-03-29T21:47:24.150+0000] {processor.py:183} INFO - Processing /home/airflow/.local/lib/python3.12/site-packages/airflow/example_dags/example_branch_operator_decorator.py took 0.204 seconds
[2026-03-29T21:47:54.892+0000] {processor.py:161} INFO - Started process (PID=1811) to work on /home/airflow/.local/lib/python3.12/site-packages/airflow/example_dags/example_branch_operator_decorator.py
[2026-03-29T21:47:54.893+0000] {processor.py:830} INFO - Processing file /home/airflow/.local/lib/python3.12/site-packages/airflow/example_dags/example_branch_operator_decorator.py for tasks to queue
[2026-03-29T21:47:54.896+0000] {logging_mixin.py:188} INFO - [2026-03-29T21:47:54.895+0000] {dagbag.py:545} INFO - Filling up the DagBag from /home/airflow/.local/lib/python3.12/site-packages/airflow/example_dags/example_branch_operator_decorator.py
[2026-03-29T21:47:54.908+0000] {processor.py:840} INFO - DAG(s) 'example_branch_python_operator_decorator' retrieved from /home/airflow/.local/lib/python3.12/site-packages/airflow/example_dags/example_branch_operator_decorator.py
[2026-03-29T21:47:54.934+0000] {logging_mixin.py:188} INFO - [2026-03-29T21:47:54.933+0000] {dag.py:3089} INFO - Sync 1 DAGs
[2026-03-29T21:47:54.960+0000] {logging_mixin.py:188} INFO - [2026-03-29T21:47:54.960+0000] {dag.py:3947} INFO - Setting next_dagrun for example_branch_python_operator_decorator to 2026-03-28 00:00:00+00:00, run_after=2026-03-29 00:00:00+00:00
[2026-03-29T21:47:54.980+0000] {processor.py:183} INFO - Processing /home/airflow/.local/lib/python3.12/site-packages/airflow/example_dags/example_branch_operator_decorator.py took 0.094 seconds
[2026-03-29T21:48:25.837+0000] {processor.py:161} INFO - Started process (PID=1863) to work on /home/airflow/.local/lib/python3.12/site-packages/airflow/example_dags/example_branch_operator_decorator.py
[2026-03-29T21:48:25.838+0000] {processor.py:830} INFO - Processing file /home/airflow/.local/lib/python3.12/site-packages/airflow/example_dags/example_branch_operator_decorator.py for tasks to queue
[2026-03-29T21:48:25.839+0000] {logging_mixin.py:188} INFO - [2026-03-29T21:48:25.839+0000] {dagbag.py:545} INFO - Filling up the DagBag from /home/airflow/.local/lib/python3.12/site-packages/airflow/example_dags/example_branch_operator_decorator.py
[2026-03-29T21:48:25.858+0000] {processor.py:840} INFO - DAG(s) 'example_branch_python_operator_decorator' retrieved from /home/airflow/.local/lib/python3.12/site-packages/airflow/example_dags/example_branch_operator_decorator.py
[2026-03-29T21:48:25.886+0000] {logging_mixin.py:188} INFO - [2026-03-29T21:48:25.886+0000] {dag.py:3089} INFO - Sync 1 DAGs
[2026-03-29T21:48:25.904+0000] {logging_mixin.py:188} INFO - [2026-03-29T21:48:25.904+0000] {dag.py:3947} INFO - Setting next_dagrun for example_branch_python_operator_decorator to 2026-03-28 00:00:00+00:00, run_after=2026-03-29 00:00:00+00:00
[2026-03-29T21:48:25.917+0000] {processor.py:183} INFO - Processing /home/airflow/.local/lib/python3.12/site-packages/airflow/example_dags/example_branch_operator_decorator.py took 0.087 seconds
[2026-03-29T21:48:58.925+0000] {processor.py:161} INFO - Started process (PID=1915) to work on /home/airflow/.local/lib/python3.12/site-packages/airflow/example_dags/example_branch_operator_decorator.py
[2026-03-29T21:48:58.926+0000] {processor.py:830} INFO - Processing file /home/airflow/.local/lib/python3.12/site-packages/airflow/example_dags/example_branch_operator_decorator.py for tasks to queue
[2026-03-29T21:48:58.928+0000] {logging_mixin.py:188} INFO - [2026-03-29T21:48:58.927+0000] {dagbag.py:545} INFO - Filling up the DagBag from /home/airflow/.local/lib/python3.12/site-packages/airflow/example_dags/example_branch_operator_decorator.py
[2026-03-29T21:48:58.946+0000] {processor.py:840} INFO - DAG(s) 'example_branch_python_operator_decorator' retrieved from /home/airflow/.local/lib/python3.12/site-packages/airflow/example_dags/example_branch_operator_decorator.py
[2026-03-29T21:48:58.980+0000] {logging_mixin.py:188} INFO - [2026-03-29T21:48:58.980+0000] {dag.py:3089} INFO - Sync 1 DAGs
[2026-03-29T21:48:59.005+0000] {logging_mixin.py:188} INFO - [2026-03-29T21:48:59.005+0000] {dag.py:3947} INFO - Setting next_dagrun for example_branch_python_operator_decorator to 2026-03-28 00:00:00+00:00, run_after=2026-03-29 00:00:00+00:00
[2026-03-29T21:48:59.022+0000] {processor.py:183} INFO - Processing /home/airflow/.local/lib/python3.12/site-packages/airflow/example_dags/example_branch_operator_decorator.py took 0.103 seconds
[2026-03-29T21:49:29.990+0000] {processor.py:161} INFO - Started process (PID=1967) to work on /home/airflow/.local/lib/python3.12/site-packages/airflow/example_dags/example_branch_operator_decorator.py
[2026-03-29T21:49:29.991+0000] {processor.py:830} INFO - Processing file /home/airflow/.local/lib/python3.12/site-packages/airflow/example_dags/example_branch_operator_decorator.py for tasks to queue
[2026-03-29T21:49:29.993+0000] {logging_mixin.py:188} INFO - [2026-03-29T21:49:29.993+0000] {dagbag.py:545} INFO - Filling up the DagBag from /home/airflow/.local/lib/python3.12/site-packages/airflow/example_dags/example_branch_operator_decorator.py
[2026-03-29T21:49:30.179+0000] {processor.py:840} INFO - DAG(s) 'example_branch_python_operator_decorator' retrieved from /home/airflow/.local/lib/python3.12/site-packages/airflow/example_dags/example_branch_operator_decorator.py
[2026-03-29T21:49:30.208+0000] {logging_mixin.py:188} INFO - [2026-03-29T21:49:30.208+0000] {dag.py:3089} INFO - Sync 1 DAGs
[2026-03-29T21:49:30.226+0000] {logging_mixin.py:188} INFO - [2026-03-29T21:49:30.226+0000] {dag.py:3947} INFO - Setting next_dagrun for example_branch_python_operator_decorator to 2026-03-28 00:00:00+00:00, run_after=2026-03-29 00:00:00+00:00
[2026-03-29T21:49:30.249+0000] {processor.py:183} INFO - Processing /home/airflow/.local/lib/python3.12/site-packages/airflow/example_dags/example_branch_operator_decorator.py took 0.262 seconds
[2026-03-29T21:50:00.657+0000] {processor.py:161} INFO - Started process (PID=2019) to work on /home/airflow/.local/lib/python3.12/site-packages/airflow/example_dags/example_branch_operator_decorator.py
[2026-03-29T21:50:00.659+0000] {processor.py:830} INFO - Processing file /home/airflow/.local/lib/python3.12/site-packages/airflow/example_dags/example_branch_operator_decorator.py for tasks to queue
[2026-03-29T21:50:00.662+0000] {logging_mixin.py:188} INFO - [2026-03-29T21:50:00.662+0000] {dagbag.py:545} INFO - Filling up the DagBag from /home/airflow/.local/lib/python3.12/site-packages/airflow/example_dags/example_branch_operator_decorator.py
[2026-03-29T21:50:00.680+0000] {processor.py:840} INFO - DAG(s) 'example_branch_python_operator_decorator' retrieved from /home/airflow/.local/lib/python3.12/site-packages/airflow/example_dags/example_branch_operator_decorator.py
[2026-03-29T21:50:00.704+0000] {logging_mixin.py:188} INFO - [2026-03-29T21:50:00.704+0000] {dag.py:3089} INFO - Sync 1 DAGs
[2026-03-29T21:50:00.723+0000] {logging_mixin.py:188} INFO - [2026-03-29T21:50:00.722+0000] {dag.py:3947} INFO - Setting next_dagrun for example_branch_python_operator_decorator to 2026-03-28 00:00:00+00:00, run_after=2026-03-29 00:00:00+00:00
[2026-03-29T21:50:00.741+0000] {processor.py:183} INFO - Processing /home/airflow/.local/lib/python3.12/site-packages/airflow/example_dags/example_branch_operator_decorator.py took 0.092 seconds
[2026-03-29T21:50:30.816+0000] {processor.py:161} INFO - Started process (PID=2071) to work on /home/airflow/.local/lib/python3.12/site-packages/airflow/example_dags/example_branch_operator_decorator.py
[2026-03-29T21:50:30.817+0000] {processor.py:830} INFO - Processing file /home/airflow/.local/lib/python3.12/site-packages/airflow/example_dags/example_branch_operator_decorator.py for tasks to queue
[2026-03-29T21:50:30.820+0000] {logging_mixin.py:188} INFO - [2026-03-29T21:50:30.820+0000] {dagbag.py:545} INFO - Filling up the DagBag from /home/airflow/.local/lib/python3.12/site-packages/airflow/example_dags/example_branch_operator_decorator.py
[2026-03-29T21:50:30.844+0000] {processor.py:840} INFO - DAG(s) 'example_branch_python_operator_decorator' retrieved from /home/airflow/.local/lib/python3.12/site-packages/airflow/example_dags/example_branch_operator_decorator.py
[2026-03-29T21:50:30.869+0000] {logging_mixin.py:188} INFO - [2026-03-29T21:50:30.869+0000] {dag.py:3089} INFO - Sync 1 DAGs
[2026-03-29T21:50:30.892+0000] {logging_mixin.py:188} INFO - [2026-03-29T21:50:30.892+0000] {dag.py:3947} INFO - Setting next_dagrun for example_branch_python_operator_decorator to 2026-03-28 00:00:00+00:00, run_after=2026-03-29 00:00:00+00:00
[2026-03-29T21:50:30.908+0000] {processor.py:183} INFO - Processing /home/airflow/.local/lib/python3.12/site-packages/airflow/example_dags/example_branch_operator_decorator.py took 0.098 seconds
[2026-03-29T21:51:01.003+0000] {processor.py:161} INFO - Started process (PID=2123) to work on /home/airflow/.local/lib/python3.12/site-packages/airflow/example_dags/example_branch_operator_decorator.py
[2026-03-29T21:51:01.004+0000] {processor.py:830} INFO - Processing file /home/airflow/.local/lib/python3.12/site-packages/airflow/example_dags/example_branch_operator_decorator.py for tasks to queue
[2026-03-29T21:51:01.005+0000] {logging_mixin.py:188} INFO - [2026-03-29T21:51:01.005+0000] {dagbag.py:545} INFO - Filling up the DagBag from /home/airflow/.local/lib/python3.12/site-packages/airflow/example_dags/example_branch_operator_decorator.py
[2026-03-29T21:51:01.021+0000] {processor.py:840} INFO - DAG(s) 'example_branch_python_operator_decorator' retrieved from /home/airflow/.local/lib/python3.12/site-packages/airflow/example_dags/example_branch_operator_decorator.py
[2026-03-29T21:51:01.043+0000] {logging_mixin.py:188} INFO - [2026-03-29T21:51:01.043+0000] {dag.py:3089} INFO - Sync 1 DAGs
[2026-03-29T21:51:01.062+0000] {logging_mixin.py:188} INFO - [2026-03-29T21:51:01.062+0000] {dag.py:3947} INFO - Setting next_dagrun for example_branch_python_operator_decorator to 2026-03-28 00:00:00+00:00, run_after=2026-03-29 00:00:00+00:00
[2026-03-29T21:51:01.078+0000] {processor.py:183} INFO - Processing /home/airflow/.local/lib/python3.12/site-packages/airflow/example_dags/example_branch_operator_decorator.py took 0.080 seconds
[2026-03-29T21:51:31.189+0000] {processor.py:161} INFO - Started process (PID=2175) to work on /home/airflow/.local/lib/python3.12/site-packages/airflow/example_dags/example_branch_operator_decorator.py
[2026-03-29T21:51:31.190+0000] {processor.py:830} INFO - Processing file /home/airflow/.local/lib/python3.12/site-packages/airflow/example_dags/example_branch_operator_decorator.py for tasks to queue
[2026-03-29T21:51:31.191+0000] {logging_mixin.py:188} INFO - [2026-03-29T21:51:31.191+0000] {dagbag.py:545} INFO - Filling up the DagBag from /home/airflow/.local/lib/python3.12/site-packages/airflow/example_dags/example_branch_operator_decorator.py
[2026-03-29T21:51:31.216+0000] {processor.py:840} INFO - DAG(s) 'example_branch_python_operator_decorator' retrieved from /home/airflow/.local/lib/python3.12/site-packages/airflow/example_dags/example_branch_operator_decorator.py
[2026-03-29T21:51:31.248+0000] {logging_mixin.py:188} INFO - [2026-03-29T21:51:31.248+0000] {dag.py:3089} INFO - Sync 1 DAGs
[2026-03-29T21:51:31.269+0000] {logging_mixin.py:188} INFO - [2026-03-29T21:51:31.268+0000] {dag.py:3947} INFO - Setting next_dagrun for example_branch_python_operator_decorator to 2026-03-28 00:00:00+00:00, run_after=2026-03-29 00:00:00+00:00
[2026-03-29T21:51:31.286+0000] {processor.py:183} INFO - Processing /home/airflow/.local/lib/python3.12/site-packages/airflow/example_dags/example_branch_operator_decorator.py took 0.103 seconds
[2026-03-29T21:52:01.442+0000] {processor.py:161} INFO - Started process (PID=2227) to work on /home/airflow/.local/lib/python3.12/site-packages/airflow/example_dags/example_branch_operator_decorator.py
[2026-03-29T21:52:01.443+0000] {processor.py:830} INFO - Processing file /home/airflow/.local/lib/python3.12/site-packages/airflow/example_dags/example_branch_operator_decorator.py for tasks to queue
[2026-03-29T21:52:01.445+0000] {logging_mixin.py:188} INFO - [2026-03-29T21:52:01.444+0000] {dagbag.py:545} INFO - Filling up the DagBag from /home/airflow/.local/lib/python3.12/site-packages/airflow/example_dags/example_branch_operator_decorator.py
[2026-03-29T21:52:01.459+0000] {processor.py:840} INFO - DAG(s) 'example_branch_python_operator_decorator' retrieved from /home/airflow/.local/lib/python3.12/site-packages/airflow/example_dags/example_branch_operator_decorator.py
[2026-03-29T21:52:01.486+0000] {logging_mixin.py:188} INFO - [2026-03-29T21:52:01.486+0000] {dag.py:3089} INFO - Sync 1 DAGs
[2026-03-29T21:52:01.516+0000] {logging_mixin.py:188} INFO - [2026-03-29T21:52:01.516+0000] {dag.py:3947} INFO - Setting next_dagrun for example_branch_python_operator_decorator to 2026-03-28 00:00:00+00:00, run_after=2026-03-29 00:00:00+00:00
[2026-03-29T21:52:01.530+0000] {processor.py:183} INFO - Processing /home/airflow/.local/lib/python3.12/site-packages/airflow/example_dags/example_branch_operator_decorator.py took 0.094 seconds
[2026-03-29T21:52:31.872+0000] {processor.py:161} INFO - Started process (PID=2279) to work on /home/airflow/.local/lib/python3.12/site-packages/airflow/example_dags/example_branch_operator_decorator.py
[2026-03-29T21:52:31.873+0000] {processor.py:830} INFO - Processing file /home/airflow/.local/lib/python3.12/site-packages/airflow/example_dags/example_branch_operator_decorator.py for tasks to queue
[2026-03-29T21:52:31.874+0000] {logging_mixin.py:188} INFO - [2026-03-29T21:52:31.874+0000] {dagbag.py:545} INFO - Filling up the DagBag from /home/airflow/.local/lib/python3.12/site-packages/airflow/example_dags/example_branch_operator_decorator.py
[2026-03-29T21:52:31.888+0000] {processor.py:840} INFO - DAG(s) 'example_branch_python_operator_decorator' retrieved from /home/airflow/.local/lib/python3.12/site-packages/airflow/example_dags/example_branch_operator_decorator.py
[2026-03-29T21:52:31.914+0000] {logging_mixin.py:188} INFO - [2026-03-29T21:52:31.914+0000] {dag.py:3089} INFO - Sync 1 DAGs
[2026-03-29T21:52:31.944+0000] {logging_mixin.py:188} INFO - [2026-03-29T21:52:31.943+0000] {dag.py:3947} INFO - Setting next_dagrun for example_branch_python_operator_decorator to 2026-03-28 00:00:00+00:00, run_after=2026-03-29 00:00:00+00:00
[2026-03-29T21:52:31.969+0000] {processor.py:183} INFO - Processing /home/airflow/.local/lib/python3.12/site-packages/airflow/example_dags/example_branch_operator_decorator.py took 0.102 seconds
[2026-03-29T21:53:02.661+0000] {processor.py:161} INFO - Started process (PID=2331) to work on /home/airflow/.local/lib/python3.12/site-packages/airflow/example_dags/example_branch_operator_decorator.py
[2026-03-29T21:53:02.662+0000] {processor.py:830} INFO - Processing file /home/airflow/.local/lib/python3.12/site-packages/airflow/example_dags/example_branch_operator_decorator.py for tasks to queue
[2026-03-29T21:53:02.665+0000] {logging_mixin.py:188} INFO - [2026-03-29T21:53:02.664+0000] {dagbag.py:545} INFO - Filling up the DagBag from /home/airflow/.local/lib/python3.12/site-packages/airflow/example_dags/example_branch_operator_decorator.py
[2026-03-29T21:53:02.680+0000] {processor.py:840} INFO - DAG(s) 'example_branch_python_operator_decorator' retrieved from /home/airflow/.local/lib/python3.12/site-packages/airflow/example_dags/example_branch_operator_decorator.py
[2026-03-29T21:53:02.703+0000] {logging_mixin.py:188} INFO - [2026-03-29T21:53:02.702+0000] {dag.py:3089} INFO - Sync 1 DAGs
[2026-03-29T21:53:02.727+0000] {logging_mixin.py:188} INFO - [2026-03-29T21:53:02.726+0000] {dag.py:3947} INFO - Setting next_dagrun for example_branch_python_operator_decorator to 2026-03-28 00:00:00+00:00, run_after=2026-03-29 00:00:00+00:00
[2026-03-29T21:53:02.747+0000] {processor.py:183} INFO - Processing /home/airflow/.local/lib/python3.12/site-packages/airflow/example_dags/example_branch_operator_decorator.py took 0.091 seconds
[2026-03-29T21:53:32.898+0000] {processor.py:161} INFO - Started process (PID=2383) to work on /home/airflow/.local/lib/python3.12/site-packages/airflow/example_dags/example_branch_operator_decorator.py
[2026-03-29T21:53:32.901+0000] {processor.py:830} INFO - Processing file /home/airflow/.local/lib/python3.12/site-packages/airflow/example_dags/example_branch_operator_decorator.py for tasks to queue
[2026-03-29T21:53:32.902+0000] {logging_mixin.py:188} INFO - [2026-03-29T21:53:32.902+0000] {dagbag.py:545} INFO - Filling up the DagBag from /home/airflow/.local/lib/python3.12/site-packages/airflow/example_dags/example_branch_operator_decorator.py
[2026-03-29T21:53:32.916+0000] {processor.py:840} INFO - DAG(s) 'example_branch_python_operator_decorator' retrieved from /home/airflow/.local/lib/python3.12/site-packages/airflow/example_dags/example_branch_operator_decorator.py
[2026-03-29T21:53:32.936+0000] {logging_mixin.py:188} INFO - [2026-03-29T21:53:32.936+0000] {dag.py:3089} INFO - Sync 1 DAGs
[2026-03-29T21:53:32.954+0000] {logging_mixin.py:188} INFO - [2026-03-29T21:53:32.954+0000] {dag.py:3947} INFO - Setting next_dagrun for example_branch_python_operator_decorator to 2026-03-28 00:00:00+00:00, run_after=2026-03-29 00:00:00+00:00
[2026-03-29T21:53:32.971+0000] {processor.py:183} INFO - Processing /home/airflow/.local/lib/python3.12/site-packages/airflow/example_dags/example_branch_operator_decorator.py took 0.079 seconds
[2026-03-29T21:54:04.213+0000] {processor.py:161} INFO - Started process (PID=2435) to work on /home/airflow/.local/lib/python3.12/site-packages/airflow/example_dags/example_branch_operator_decorator.py
[2026-03-29T21:54:04.214+0000] {processor.py:830} INFO - Processing file /home/airflow/.local/lib/python3.12/site-packages/airflow/example_dags/example_branch_operator_decorator.py for tasks to queue
[2026-03-29T21:54:04.216+0000] {logging_mixin.py:188} INFO - [2026-03-29T21:54:04.215+0000] {dagbag.py:545} INFO - Filling up the DagBag from /home/airflow/.local/lib/python3.12/site-packages/airflow/example_dags/example_branch_operator_decorator.py
[2026-03-29T21:54:04.232+0000] {processor.py:840} INFO - DAG(s) 'example_branch_python_operator_decorator' retrieved from /home/airflow/.local/lib/python3.12/site-packages/airflow/example_dags/example_branch_operator_decorator.py
[2026-03-29T21:54:04.255+0000] {logging_mixin.py:188} INFO - [2026-03-29T21:54:04.255+0000] {dag.py:3089} INFO - Sync 1 DAGs
[2026-03-29T21:54:04.274+0000] {logging_mixin.py:188} INFO - [2026-03-29T21:54:04.273+0000] {dag.py:3947} INFO - Setting next_dagrun for example_branch_python_operator_decorator to 2026-03-28 00:00:00+00:00, run_after=2026-03-29 00:00:00+00:00
[2026-03-29T21:54:04.291+0000] {processor.py:183} INFO - Processing /home/airflow/.local/lib/python3.12/site-packages/airflow/example_dags/example_branch_operator_decorator.py took 0.083 seconds
[2026-03-29T21:54:34.647+0000] {processor.py:161} INFO - Started process (PID=2487) to work on /home/airflow/.local/lib/python3.12/site-packages/airflow/example_dags/example_branch_operator_decorator.py
[2026-03-29T21:54:34.648+0000] {processor.py:830} INFO - Processing file /home/airflow/.local/lib/python3.12/site-packages/airflow/example_dags/example_branch_operator_decorator.py for tasks to queue
[2026-03-29T21:54:34.650+0000] {logging_mixin.py:188} INFO - [2026-03-29T21:54:34.650+0000] {dagbag.py:545} INFO - Filling up the DagBag from /home/airflow/.local/lib/python3.12/site-packages/airflow/example_dags/example_branch_operator_decorator.py
[2026-03-29T21:54:34.663+0000] {processor.py:840} INFO - DAG(s) 'example_branch_python_operator_decorator' retrieved from /home/airflow/.local/lib/python3.12/site-packages/airflow/example_dags/example_branch_operator_decorator.py
[2026-03-29T21:54:34.691+0000] {logging_mixin.py:188} INFO - [2026-03-29T21:54:34.691+0000] {dag.py:3089} INFO - Sync 1 DAGs
[2026-03-29T21:54:34.711+0000] {logging_mixin.py:188} INFO - [2026-03-29T21:54:34.711+0000] {dag.py:3947} INFO - Setting next_dagrun for example_branch_python_operator_decorator to 2026-03-28 00:00:00+00:00, run_after=2026-03-29 00:00:00+00:00
[2026-03-29T21:54:34.724+0000] {processor.py:183} INFO - Processing /home/airflow/.local/lib/python3.12/site-packages/airflow/example_dags/example_branch_operator_decorator.py took 0.084 seconds
[2026-03-29T21:55:05.075+0000] {processor.py:161} INFO - Started process (PID=2539) to work on /home/airflow/.local/lib/python3.12/site-packages/airflow/example_dags/example_branch_operator_decorator.py
[2026-03-29T21:55:05.078+0000] {processor.py:830} INFO - Processing file /home/airflow/.local/lib/python3.12/site-packages/airflow/example_dags/example_branch_operator_decorator.py for tasks to queue
[2026-03-29T21:55:05.080+0000] {logging_mixin.py:188} INFO - [2026-03-29T21:55:05.080+0000] {dagbag.py:545} INFO - Filling up the DagBag from /home/airflow/.local/lib/python3.12/site-packages/airflow/example_dags/example_branch_operator_decorator.py
[2026-03-29T21:55:05.099+0000] {processor.py:840} INFO - DAG(s) 'example_branch_python_operator_decorator' retrieved from /home/airflow/.local/lib/python3.12/site-packages/airflow/example_dags/example_branch_operator_decorator.py
[2026-03-29T21:55:05.128+0000] {logging_mixin.py:188} INFO - [2026-03-29T21:55:05.128+0000] {dag.py:3089} INFO - Sync 1 DAGs
[2026-03-29T21:55:05.149+0000] {logging_mixin.py:188} INFO - [2026-03-29T21:55:05.149+0000] {dag.py:3947} INFO - Setting next_dagrun for example_branch_python_operator_decorator to 2026-03-28 00:00:00+00:00, run_after=2026-03-29 00:00:00+00:00
[2026-03-29T21:55:05.168+0000] {processor.py:183} INFO - Processing /home/airflow/.local/lib/python3.12/site-packages/airflow/example_dags/example_branch_operator_decorator.py took 0.098 seconds
[2026-03-29T21:55:35.801+0000] {processor.py:161} INFO - Started process (PID=2591) to work on /home/airflow/.local/lib/python3.12/site-packages/airflow/example_dags/example_branch_operator_decorator.py
[2026-03-29T21:55:35.803+0000] {processor.py:830} INFO - Processing file /home/airflow/.local/lib/python3.12/site-packages/airflow/example_dags/example_branch_operator_decorator.py for tasks to queue
[2026-03-29T21:55:35.805+0000] {logging_mixin.py:188} INFO - [2026-03-29T21:55:35.805+0000] {dagbag.py:545} INFO - Filling up the DagBag from /home/airflow/.local/lib/python3.12/site-packages/airflow/example_dags/example_branch_operator_decorator.py
[2026-03-29T21:55:35.821+0000] {processor.py:840} INFO - DAG(s) 'example_branch_python_operator_decorator' retrieved from /home/airflow/.local/lib/python3.12/site-packages/airflow/example_dags/example_branch_operator_decorator.py
[2026-03-29T21:55:35.845+0000] {logging_mixin.py:188} INFO - [2026-03-29T21:55:35.845+0000] {dag.py:3089} INFO - Sync 1 DAGs
[2026-03-29T21:55:35.866+0000] {logging_mixin.py:188} INFO - [2026-03-29T21:55:35.866+0000] {dag.py:3947} INFO - Setting next_dagrun for example_branch_python_operator_decorator to 2026-03-28 00:00:00+00:00, run_after=2026-03-29 00:00:00+00:00
[2026-03-29T21:55:35.885+0000] {processor.py:183} INFO - Processing /home/airflow/.local/lib/python3.12/site-packages/airflow/example_dags/example_branch_operator_decorator.py took 0.088 seconds
[2026-03-29T21:56:06.162+0000] {processor.py:161} INFO - Started process (PID=2643) to work on /home/airflow/.local/lib/python3.12/site-packages/airflow/example_dags/example_branch_operator_decorator.py
[2026-03-29T21:56:06.164+0000] {processor.py:830} INFO - Processing file /home/airflow/.local/lib/python3.12/site-packages/airflow/example_dags/example_branch_operator_decorator.py for tasks to queue
[2026-03-29T21:56:06.166+0000] {logging_mixin.py:188} INFO - [2026-03-29T21:56:06.165+0000] {dagbag.py:545} INFO - Filling up the DagBag from /home/airflow/.local/lib/python3.12/site-packages/airflow/example_dags/example_branch_operator_decorator.py
[2026-03-29T21:56:06.182+0000] {processor.py:840} INFO - DAG(s) 'example_branch_python_operator_decorator' retrieved from /home/airflow/.local/lib/python3.12/site-packages/airflow/example_dags/example_branch_operator_decorator.py
[2026-03-29T21:56:06.202+0000] {logging_mixin.py:188} INFO - [2026-03-29T21:56:06.202+0000] {dag.py:3089} INFO - Sync 1 DAGs
[2026-03-29T21:56:06.223+0000] {logging_mixin.py:188} INFO - [2026-03-29T21:56:06.223+0000] {dag.py:3947} INFO - Setting next_dagrun for example_branch_python_operator_decorator to 2026-03-28 00:00:00+00:00, run_after=2026-03-29 00:00:00+00:00
[2026-03-29T21:56:06.248+0000] {processor.py:183} INFO - Processing /home/airflow/.local/lib/python3.12/site-packages/airflow/example_dags/example_branch_operator_decorator.py took 0.090 seconds
[2026-03-29T21:56:36.982+0000] {processor.py:161} INFO - Started process (PID=2695) to work on /home/airflow/.local/lib/python3.12/site-packages/airflow/example_dags/example_branch_operator_decorator.py
[2026-03-29T21:56:36.984+0000] {processor.py:830} INFO - Processing file /home/airflow/.local/lib/python3.12/site-packages/airflow/example_dags/example_branch_operator_decorator.py for tasks to queue
[2026-03-29T21:56:36.986+0000] {logging_mixin.py:188} INFO - [2026-03-29T21:56:36.985+0000] {dagbag.py:545} INFO - Filling up the DagBag from /home/airflow/.local/lib/python3.12/site-packages/airflow/example_dags/example_branch_operator_decorator.py
[2026-03-29T21:56:37.006+0000] {processor.py:840} INFO - DAG(s) 'example_branch_python_operator_decorator' retrieved from /home/airflow/.local/lib/python3.12/site-packages/airflow/example_dags/example_branch_operator_decorator.py
[2026-03-29T21:56:37.033+0000] {logging_mixin.py:188} INFO - [2026-03-29T21:56:37.033+0000] {dag.py:3089} INFO - Sync 1 DAGs
[2026-03-29T21:56:37.058+0000] {logging_mixin.py:188} INFO - [2026-03-29T21:56:37.058+0000] {dag.py:3947} INFO - Setting next_dagrun for example_branch_python_operator_decorator to 2026-03-28 00:00:00+00:00, run_after=2026-03-29 00:00:00+00:00
[2026-03-29T21:56:37.082+0000] {processor.py:183} INFO - Processing /home/airflow/.local/lib/python3.12/site-packages/airflow/example_dags/example_branch_operator_decorator.py took 0.105 seconds
[2026-03-29T21:57:07.778+0000] {processor.py:161} INFO - Started process (PID=2747) to work on /home/airflow/.local/lib/python3.12/site-packages/airflow/example_dags/example_branch_operator_decorator.py
[2026-03-29T21:57:07.780+0000] {processor.py:830} INFO - Processing file /home/airflow/.local/lib/python3.12/site-packages/airflow/example_dags/example_branch_operator_decorator.py for tasks to queue
[2026-03-29T21:57:07.783+0000] {logging_mixin.py:188} INFO - [2026-03-29T21:57:07.782+0000] {dagbag.py:545} INFO - Filling up the DagBag from /home/airflow/.local/lib/python3.12/site-packages/airflow/example_dags/example_branch_operator_decorator.py
[2026-03-29T21:57:07.800+0000] {processor.py:840} INFO - DAG(s) 'example_branch_python_operator_decorator' retrieved from /home/airflow/.local/lib/python3.12/site-packages/airflow/example_dags/example_branch_operator_decorator.py
[2026-03-29T21:57:07.825+0000] {logging_mixin.py:188} INFO - [2026-03-29T21:57:07.824+0000] {dag.py:3089} INFO - Sync 1 DAGs
[2026-03-29T21:57:07.844+0000] {logging_mixin.py:188} INFO - [2026-03-29T21:57:07.844+0000] {dag.py:3947} INFO - Setting next_dagrun for example_branch_python_operator_decorator to 2026-03-28 00:00:00+00:00, run_after=2026-03-29 00:00:00+00:00
[2026-03-29T21:57:07.859+0000] {processor.py:183} INFO - Processing /home/airflow/.local/lib/python3.12/site-packages/airflow/example_dags/example_branch_operator_decorator.py took 0.087 seconds
[2026-03-29T21:57:37.951+0000] {processor.py:161} INFO - Started process (PID=2799) to work on /home/airflow/.local/lib/python3.12/site-packages/airflow/example_dags/example_branch_operator_decorator.py
[2026-03-29T21:57:37.953+0000] {processor.py:830} INFO - Processing file /home/airflow/.local/lib/python3.12/site-packages/airflow/example_dags/example_branch_operator_decorator.py for tasks to queue
[2026-03-29T21:57:37.955+0000] {logging_mixin.py:188} INFO - [2026-03-29T21:57:37.954+0000] {dagbag.py:545} INFO - Filling up the DagBag from /home/airflow/.local/lib/python3.12/site-packages/airflow/example_dags/example_branch_operator_decorator.py
[2026-03-29T21:57:37.969+0000] {processor.py:840} INFO - DAG(s) 'example_branch_python_operator_decorator' retrieved from /home/airflow/.local/lib/python3.12/site-packages/airflow/example_dags/example_branch_operator_decorator.py
[2026-03-29T21:57:37.997+0000] {logging_mixin.py:188} INFO - [2026-03-29T21:57:37.997+0000] {dag.py:3089} INFO - Sync 1 DAGs
[2026-03-29T21:57:38.019+0000] {logging_mixin.py:188} INFO - [2026-03-29T21:57:38.019+0000] {dag.py:3947} INFO - Setting next_dagrun for example_branch_python_operator_decorator to 2026-03-28 00:00:00+00:00, run_after=2026-03-29 00:00:00+00:00
[2026-03-29T21:57:38.039+0000] {processor.py:183} INFO - Processing /home/airflow/.local/lib/python3.12/site-packages/airflow/example_dags/example_branch_operator_decorator.py took 0.096 seconds
[2026-03-29T21:58:08.834+0000] {processor.py:161} INFO - Started process (PID=2851) to work on /home/airflow/.local/lib/python3.12/site-packages/airflow/example_dags/example_branch_operator_decorator.py
[2026-03-29T21:58:08.835+0000] {processor.py:830} INFO - Processing file /home/airflow/.local/lib/python3.12/site-packages/airflow/example_dags/example_branch_operator_decorator.py for tasks to queue
[2026-03-29T21:58:08.837+0000] {logging_mixin.py:188} INFO - [2026-03-29T21:58:08.837+0000] {dagbag.py:545} INFO - Filling up the DagBag from /home/airflow/.local/lib/python3.12/site-packages/airflow/example_dags/example_branch_operator_decorator.py
[2026-03-29T21:58:08.851+0000] {processor.py:840} INFO - DAG(s) 'example_branch_python_operator_decorator' retrieved from /home/airflow/.local/lib/python3.12/site-packages/airflow/example_dags/example_branch_operator_decorator.py
[2026-03-29T21:58:08.872+0000] {logging_mixin.py:188} INFO - [2026-03-29T21:58:08.872+0000] {dag.py:3089} INFO - Sync 1 DAGs
[2026-03-29T21:58:08.892+0000] {logging_mixin.py:188} INFO - [2026-03-29T21:58:08.892+0000] {dag.py:3947} INFO - Setting next_dagrun for example_branch_python_operator_decorator to 2026-03-28 00:00:00+00:00, run_after=2026-03-29 00:00:00+00:00
[2026-03-29T21:58:08.914+0000] {processor.py:183} INFO - Processing /home/airflow/.local/lib/python3.12/site-packages/airflow/example_dags/example_branch_operator_decorator.py took 0.085 seconds
[2026-03-29T21:58:39.529+0000] {processor.py:161} INFO - Started process (PID=2903) to work on /home/airflow/.local/lib/python3.12/site-packages/airflow/example_dags/example_branch_operator_decorator.py
[2026-03-29T21:58:39.530+0000] {processor.py:830} INFO - Processing file /home/airflow/.local/lib/python3.12/site-packages/airflow/example_dags/example_branch_operator_decorator.py for tasks to queue
[2026-03-29T21:58:39.532+0000] {logging_mixin.py:188} INFO - [2026-03-29T21:58:39.532+0000] {dagbag.py:545} INFO - Filling up the DagBag from /home/airflow/.local/lib/python3.12/site-packages/airflow/example_dags/example_branch_operator_decorator.py
[2026-03-29T21:58:39.548+0000] {processor.py:840} INFO - DAG(s) 'example_branch_python_operator_decorator' retrieved from /home/airflow/.local/lib/python3.12/site-packages/airflow/example_dags/example_branch_operator_decorator.py
[2026-03-29T21:58:39.578+0000] {logging_mixin.py:188} INFO - [2026-03-29T21:58:39.577+0000] {dag.py:3089} INFO - Sync 1 DAGs
[2026-03-29T21:58:39.601+0000] {logging_mixin.py:188} INFO - [2026-03-29T21:58:39.601+0000] {dag.py:3947} INFO - Setting next_dagrun for example_branch_python_operator_decorator to 2026-03-28 00:00:00+00:00, run_after=2026-03-29 00:00:00+00:00
[2026-03-29T21:58:39.616+0000] {processor.py:183} INFO - Processing /home/airflow/.local/lib/python3.12/site-packages/airflow/example_dags/example_branch_operator_decorator.py took 0.092 seconds
[2026-03-29T21:59:09.966+0000] {processor.py:161} INFO - Started process (PID=2955) to work on /home/airflow/.local/lib/python3.12/site-packages/airflow/example_dags/example_branch_operator_decorator.py
[2026-03-29T21:59:09.967+0000] {processor.py:830} INFO - Processing file /home/airflow/.local/lib/python3.12/site-packages/airflow/example_dags/example_branch_operator_decorator.py for tasks to queue
[2026-03-29T21:59:09.968+0000] {logging_mixin.py:188} INFO - [2026-03-29T21:59:09.968+0000] {dagbag.py:545} INFO - Filling up the DagBag from /home/airflow/.local/lib/python3.12/site-packages/airflow/example_dags/example_branch_operator_decorator.py
[2026-03-29T21:59:09.985+0000] {processor.py:840} INFO - DAG(s) 'example_branch_python_operator_decorator' retrieved from /home/airflow/.local/lib/python3.12/site-packages/airflow/example_dags/example_branch_operator_decorator.py
[2026-03-29T21:59:10.017+0000] {logging_mixin.py:188} INFO - [2026-03-29T21:59:10.016+0000] {dag.py:3089} INFO - Sync 1 DAGs
[2026-03-29T21:59:10.036+0000] {logging_mixin.py:188} INFO - [2026-03-29T21:59:10.036+0000] {dag.py:3947} INFO - Setting next_dagrun for example_branch_python_operator_decorator to 2026-03-28 00:00:00+00:00, run_after=2026-03-29 00:00:00+00:00
[2026-03-29T21:59:10.051+0000] {processor.py:183} INFO - Processing /home/airflow/.local/lib/python3.12/site-packages/airflow/example_dags/example_branch_operator_decorator.py took 0.089 seconds
[2026-03-29T21:59:40.422+0000] {processor.py:161} INFO - Started process (PID=3007) to work on /home/airflow/.local/lib/python3.12/site-packages/airflow/example_dags/example_branch_operator_decorator.py
[2026-03-29T21:59:40.423+0000] {processor.py:830} INFO - Processing file /home/airflow/.local/lib/python3.12/site-packages/airflow/example_dags/example_branch_operator_decorator.py for tasks to queue
[2026-03-29T21:59:40.425+0000] {logging_mixin.py:188} INFO - [2026-03-29T21:59:40.425+0000] {dagbag.py:545} INFO - Filling up the DagBag from /home/airflow/.local/lib/python3.12/site-packages/airflow/example_dags/example_branch_operator_decorator.py
[2026-03-29T21:59:40.443+0000] {processor.py:840} INFO - DAG(s) 'example_branch_python_operator_decorator' retrieved from /home/airflow/.local/lib/python3.12/site-packages/airflow/example_dags/example_branch_operator_decorator.py
[2026-03-29T21:59:40.469+0000] {logging_mixin.py:188} INFO - [2026-03-29T21:59:40.469+0000] {dag.py:3089} INFO - Sync 1 DAGs
[2026-03-29T21:59:40.491+0000] {logging_mixin.py:188} INFO - [2026-03-29T21:59:40.491+0000] {dag.py:3947} INFO - Setting next_dagrun for example_branch_python_operator_decorator to 2026-03-28 00:00:00+00:00, run_after=2026-03-29 00:00:00+00:00
[2026-03-29T21:59:40.510+0000] {processor.py:183} INFO - Processing /home/airflow/.local/lib/python3.12/site-packages/airflow/example_dags/example_branch_operator_decorator.py took 0.095 seconds
[2026-03-29T22:00:10.790+0000] {processor.py:161} INFO - Started process (PID=3059) to work on /home/airflow/.local/lib/python3.12/site-packages/airflow/example_dags/example_branch_operator_decorator.py
[2026-03-29T22:00:10.791+0000] {processor.py:830} INFO - Processing file /home/airflow/.local/lib/python3.12/site-packages/airflow/example_dags/example_branch_operator_decorator.py for tasks to queue
[2026-03-29T22:00:10.793+0000] {logging_mixin.py:188} INFO - [2026-03-29T22:00:10.792+0000] {dagbag.py:545} INFO - Filling up the DagBag from /home/airflow/.local/lib/python3.12/site-packages/airflow/example_dags/example_branch_operator_decorator.py
[2026-03-29T22:00:10.811+0000] {processor.py:840} INFO - DAG(s) 'example_branch_python_operator_decorator' retrieved from /home/airflow/.local/lib/python3.12/site-packages/airflow/example_dags/example_branch_operator_decorator.py
[2026-03-29T22:00:10.836+0000] {logging_mixin.py:188} INFO - [2026-03-29T22:00:10.835+0000] {dag.py:3089} INFO - Sync 1 DAGs
[2026-03-29T22:00:10.854+0000] {logging_mixin.py:188} INFO - [2026-03-29T22:00:10.854+0000] {dag.py:3947} INFO - Setting next_dagrun for example_branch_python_operator_decorator to 2026-03-28 00:00:00+00:00, run_after=2026-03-29 00:00:00+00:00
[2026-03-29T22:00:10.873+0000] {processor.py:183} INFO - Processing /home/airflow/.local/lib/python3.12/site-packages/airflow/example_dags/example_branch_operator_decorator.py took 0.089 seconds
[2026-03-29T22:00:41.597+0000] {processor.py:161} INFO - Started process (PID=3111) to work on /home/airflow/.local/lib/python3.12/site-packages/airflow/example_dags/example_branch_operator_decorator.py
[2026-03-29T22:00:41.599+0000] {processor.py:830} INFO - Processing file /home/airflow/.local/lib/python3.12/site-packages/airflow/example_dags/example_branch_operator_decorator.py for tasks to queue
[2026-03-29T22:00:41.601+0000] {logging_mixin.py:188} INFO - [2026-03-29T22:00:41.601+0000] {dagbag.py:545} INFO - Filling up the DagBag from /home/airflow/.local/lib/python3.12/site-packages/airflow/example_dags/example_branch_operator_decorator.py
[2026-03-29T22:00:41.618+0000] {processor.py:840} INFO - DAG(s) 'example_branch_python_operator_decorator' retrieved from /home/airflow/.local/lib/python3.12/site-packages/airflow/example_dags/example_branch_operator_decorator.py
[2026-03-29T22:00:41.641+0000] {logging_mixin.py:188} INFO - [2026-03-29T22:00:41.641+0000] {dag.py:3089} INFO - Sync 1 DAGs
[2026-03-29T22:00:41.659+0000] {logging_mixin.py:188} INFO - [2026-03-29T22:00:41.659+0000] {dag.py:3947} INFO - Setting next_dagrun for example_branch_python_operator_decorator to 2026-03-28 00:00:00+00:00, run_after=2026-03-29 00:00:00+00:00
[2026-03-29T22:00:41.677+0000] {processor.py:183} INFO - Processing /home/airflow/.local/lib/python3.12/site-packages/airflow/example_dags/example_branch_operator_decorator.py took 0.085 seconds
[2026-03-29T22:01:12.525+0000] {processor.py:161} INFO - Started process (PID=3163) to work on /home/airflow/.local/lib/python3.12/site-packages/airflow/example_dags/example_branch_operator_decorator.py
[2026-03-29T22:01:12.526+0000] {processor.py:830} INFO - Processing file /home/airflow/.local/lib/python3.12/site-packages/airflow/example_dags/example_branch_operator_decorator.py for tasks to queue
[2026-03-29T22:01:12.528+0000] {logging_mixin.py:188} INFO - [2026-03-29T22:01:12.528+0000] {dagbag.py:545} INFO - Filling up the DagBag from /home/airflow/.local/lib/python3.12/site-packages/airflow/example_dags/example_branch_operator_decorator.py
[2026-03-29T22:01:12.544+0000] {processor.py:840} INFO - DAG(s) 'example_branch_python_operator_decorator' retrieved from /home/airflow/.local/lib/python3.12/site-packages/airflow/example_dags/example_branch_operator_decorator.py
[2026-03-29T22:01:12.568+0000] {logging_mixin.py:188} INFO - [2026-03-29T22:01:12.568+0000] {dag.py:3089} INFO - Sync 1 DAGs
[2026-03-29T22:01:12.590+0000] {logging_mixin.py:188} INFO - [2026-03-29T22:01:12.590+0000] {dag.py:3947} INFO - Setting next_dagrun for example_branch_python_operator_decorator to 2026-03-28 00:00:00+00:00, run_after=2026-03-29 00:00:00+00:00
[2026-03-29T22:01:12.603+0000] {processor.py:183} INFO - Processing /home/airflow/.local/lib/python3.12/site-packages/airflow/example_dags/example_branch_operator_decorator.py took 0.086 seconds
[2026-03-29T22:01:43.598+0000] {processor.py:161} INFO - Started process (PID=3215) to work on /home/airflow/.local/lib/python3.12/site-packages/airflow/example_dags/example_branch_operator_decorator.py
[2026-03-29T22:01:43.600+0000] {processor.py:830} INFO - Processing file /home/airflow/.local/lib/python3.12/site-packages/airflow/example_dags/example_branch_operator_decorator.py for tasks to queue
[2026-03-29T22:01:43.604+0000] {logging_mixin.py:188} INFO - [2026-03-29T22:01:43.603+0000] {dagbag.py:545} INFO - Filling up the DagBag from /home/airflow/.local/lib/python3.12/site-packages/airflow/example_dags/example_branch_operator_decorator.py
[2026-03-29T22:01:43.623+0000] {processor.py:840} INFO - DAG(s) 'example_branch_python_operator_decorator' retrieved from /home/airflow/.local/lib/python3.12/site-packages/airflow/example_dags/example_branch_operator_decorator.py
[2026-03-29T22:01:43.660+0000] {logging_mixin.py:188} INFO - [2026-03-29T22:01:43.660+0000] {dag.py:3089} INFO - Sync 1 DAGs
[2026-03-29T22:01:43.686+0000] {logging_mixin.py:188} INFO - [2026-03-29T22:01:43.686+0000] {dag.py:3947} INFO - Setting next_dagrun for example_branch_python_operator_decorator to 2026-03-28 00:00:00+00:00, run_after=2026-03-29 00:00:00+00:00
[2026-03-29T22:01:43.713+0000] {processor.py:183} INFO - Processing /home/airflow/.local/lib/python3.12/site-packages/airflow/example_dags/example_branch_operator_decorator.py took 0.122 seconds
[2026-03-29T22:02:13.738+0000] {processor.py:161} INFO - Started process (PID=3267) to work on /home/airflow/.local/lib/python3.12/site-packages/airflow/example_dags/example_branch_operator_decorator.py
[2026-03-29T22:02:13.739+0000] {processor.py:830} INFO - Processing file /home/airflow/.local/lib/python3.12/site-packages/airflow/example_dags/example_branch_operator_decorator.py for tasks to queue
[2026-03-29T22:02:13.740+0000] {logging_mixin.py:188} INFO - [2026-03-29T22:02:13.740+0000] {dagbag.py:545} INFO - Filling up the DagBag from /home/airflow/.local/lib/python3.12/site-packages/airflow/example_dags/example_branch_operator_decorator.py
[2026-03-29T22:02:13.756+0000] {processor.py:840} INFO - DAG(s) 'example_branch_python_operator_decorator' retrieved from /home/airflow/.local/lib/python3.12/site-packages/airflow/example_dags/example_branch_operator_decorator.py
[2026-03-29T22:02:13.780+0000] {logging_mixin.py:188} INFO - [2026-03-29T22:02:13.780+0000] {dag.py:3089} INFO - Sync 1 DAGs
[2026-03-29T22:02:13.800+0000] {logging_mixin.py:188} INFO - [2026-03-29T22:02:13.799+0000] {dag.py:3947} INFO - Setting next_dagrun for example_branch_python_operator_decorator to 2026-03-28 00:00:00+00:00, run_after=2026-03-29 00:00:00+00:00
[2026-03-29T22:02:13.812+0000] {processor.py:183} INFO - Processing /home/airflow/.local/lib/python3.12/site-packages/airflow/example_dags/example_branch_operator_decorator.py took 0.079 seconds
[2026-03-29T22:02:44.714+0000] {processor.py:161} INFO - Started process (PID=3319) to work on /home/airflow/.local/lib/python3.12/site-packages/airflow/example_dags/example_branch_operator_decorator.py
[2026-03-29T22:02:44.715+0000] {processor.py:830} INFO - Processing file /home/airflow/.local/lib/python3.12/site-packages/airflow/example_dags/example_branch_operator_decorator.py for tasks to queue
[2026-03-29T22:02:44.716+0000] {logging_mixin.py:188} INFO - [2026-03-29T22:02:44.716+0000] {dagbag.py:545} INFO - Filling up the DagBag from /home/airflow/.local/lib/python3.12/site-packages/airflow/example_dags/example_branch_operator_decorator.py
[2026-03-29T22:02:44.730+0000] {processor.py:840} INFO - DAG(s) 'example_branch_python_operator_decorator' retrieved from /home/airflow/.local/lib/python3.12/site-packages/airflow/example_dags/example_branch_operator_decorator.py
[2026-03-29T22:02:44.749+0000] {logging_mixin.py:188} INFO - [2026-03-29T22:02:44.749+0000] {dag.py:3089} INFO - Sync 1 DAGs
[2026-03-29T22:02:44.764+0000] {logging_mixin.py:188} INFO - [2026-03-29T22:02:44.764+0000] {dag.py:3947} INFO - Setting next_dagrun for example_branch_python_operator_decorator to 2026-03-28 00:00:00+00:00, run_after=2026-03-29 00:00:00+00:00
[2026-03-29T22:02:44.775+0000] {processor.py:183} INFO - Processing /home/airflow/.local/lib/python3.12/site-packages/airflow/example_dags/example_branch_operator_decorator.py took 0.066 seconds
