[2026-03-29T21:30:33.362+0000] {processor.py:161} INFO - Started process (PID=58) to work on /home/airflow/.local/lib/python3.12/site-packages/airflow/example_dags/example_task_group.py
[2026-03-29T21:30:33.365+0000] {processor.py:830} INFO - Processing file /home/airflow/.local/lib/python3.12/site-packages/airflow/example_dags/example_task_group.py for tasks to queue
[2026-03-29T21:30:33.372+0000] {logging_mixin.py:188} INFO - [2026-03-29T21:30:33.371+0000] {dagbag.py:545} INFO - Filling up the DagBag from /home/airflow/.local/lib/python3.12/site-packages/airflow/example_dags/example_task_group.py
[2026-03-29T21:30:33.396+0000] {processor.py:840} INFO - DAG(s) 'example_task_group' retrieved from /home/airflow/.local/lib/python3.12/site-packages/airflow/example_dags/example_task_group.py
[2026-03-29T21:30:33.459+0000] {logging_mixin.py:188} INFO - [2026-03-29T21:30:33.459+0000] {dag.py:3089} INFO - Sync 1 DAGs
[2026-03-29T21:30:33.525+0000] {logging_mixin.py:188} INFO - [2026-03-29T21:30:33.525+0000] {dag.py:3947} INFO - Setting next_dagrun for example_task_group to 2026-03-28 00:00:00+00:00, run_after=2026-03-29 00:00:00+00:00
[2026-03-29T21:30:33.577+0000] {processor.py:183} INFO - Processing /home/airflow/.local/lib/python3.12/site-packages/airflow/example_dags/example_task_group.py took 0.229 seconds
[2026-03-29T21:31:04.623+0000] {processor.py:161} INFO - Started process (PID=110) to work on /home/airflow/.local/lib/python3.12/site-packages/airflow/example_dags/example_task_group.py
[2026-03-29T21:31:04.626+0000] {processor.py:830} INFO - Processing file /home/airflow/.local/lib/python3.12/site-packages/airflow/example_dags/example_task_group.py for tasks to queue
[2026-03-29T21:31:04.629+0000] {logging_mixin.py:188} INFO - [2026-03-29T21:31:04.628+0000] {dagbag.py:545} INFO - Filling up the DagBag from /home/airflow/.local/lib/python3.12/site-packages/airflow/example_dags/example_task_group.py
[2026-03-29T21:31:04.637+0000] {processor.py:840} INFO - DAG(s) 'example_task_group' retrieved from /home/airflow/.local/lib/python3.12/site-packages/airflow/example_dags/example_task_group.py
[2026-03-29T21:31:04.790+0000] {logging_mixin.py:188} INFO - [2026-03-29T21:31:04.790+0000] {dag.py:3089} INFO - Sync 1 DAGs
[2026-03-29T21:31:04.825+0000] {logging_mixin.py:188} INFO - [2026-03-29T21:31:04.825+0000] {dag.py:3947} INFO - Setting next_dagrun for example_task_group to 2026-03-28 00:00:00+00:00, run_after=2026-03-29 00:00:00+00:00
[2026-03-29T21:31:04.852+0000] {processor.py:183} INFO - Processing /home/airflow/.local/lib/python3.12/site-packages/airflow/example_dags/example_task_group.py took 0.239 seconds
[2026-03-29T21:31:35.593+0000] {processor.py:161} INFO - Started process (PID=162) to work on /home/airflow/.local/lib/python3.12/site-packages/airflow/example_dags/example_task_group.py
[2026-03-29T21:31:35.595+0000] {processor.py:830} INFO - Processing file /home/airflow/.local/lib/python3.12/site-packages/airflow/example_dags/example_task_group.py for tasks to queue
[2026-03-29T21:31:35.597+0000] {logging_mixin.py:188} INFO - [2026-03-29T21:31:35.597+0000] {dagbag.py:545} INFO - Filling up the DagBag from /home/airflow/.local/lib/python3.12/site-packages/airflow/example_dags/example_task_group.py
[2026-03-29T21:31:35.605+0000] {processor.py:840} INFO - DAG(s) 'example_task_group' retrieved from /home/airflow/.local/lib/python3.12/site-packages/airflow/example_dags/example_task_group.py
[2026-03-29T21:31:35.631+0000] {logging_mixin.py:188} INFO - [2026-03-29T21:31:35.631+0000] {dag.py:3089} INFO - Sync 1 DAGs
[2026-03-29T21:31:35.657+0000] {logging_mixin.py:188} INFO - [2026-03-29T21:31:35.656+0000] {dag.py:3947} INFO - Setting next_dagrun for example_task_group to 2026-03-28 00:00:00+00:00, run_after=2026-03-29 00:00:00+00:00
[2026-03-29T21:31:35.674+0000] {processor.py:183} INFO - Processing /home/airflow/.local/lib/python3.12/site-packages/airflow/example_dags/example_task_group.py took 0.087 seconds
[2026-03-29T21:32:06.241+0000] {processor.py:161} INFO - Started process (PID=214) to work on /home/airflow/.local/lib/python3.12/site-packages/airflow/example_dags/example_task_group.py
[2026-03-29T21:32:06.244+0000] {processor.py:830} INFO - Processing file /home/airflow/.local/lib/python3.12/site-packages/airflow/example_dags/example_task_group.py for tasks to queue
[2026-03-29T21:32:06.247+0000] {logging_mixin.py:188} INFO - [2026-03-29T21:32:06.247+0000] {dagbag.py:545} INFO - Filling up the DagBag from /home/airflow/.local/lib/python3.12/site-packages/airflow/example_dags/example_task_group.py
[2026-03-29T21:32:06.259+0000] {processor.py:840} INFO - DAG(s) 'example_task_group' retrieved from /home/airflow/.local/lib/python3.12/site-packages/airflow/example_dags/example_task_group.py
[2026-03-29T21:32:06.293+0000] {logging_mixin.py:188} INFO - [2026-03-29T21:32:06.293+0000] {dag.py:3089} INFO - Sync 1 DAGs
[2026-03-29T21:32:06.330+0000] {logging_mixin.py:188} INFO - [2026-03-29T21:32:06.330+0000] {dag.py:3947} INFO - Setting next_dagrun for example_task_group to 2026-03-28 00:00:00+00:00, run_after=2026-03-29 00:00:00+00:00
[2026-03-29T21:32:06.361+0000] {processor.py:183} INFO - Processing /home/airflow/.local/lib/python3.12/site-packages/airflow/example_dags/example_task_group.py took 0.127 seconds
[2026-03-29T21:32:37.300+0000] {processor.py:161} INFO - Started process (PID=266) to work on /home/airflow/.local/lib/python3.12/site-packages/airflow/example_dags/example_task_group.py
[2026-03-29T21:32:37.302+0000] {processor.py:830} INFO - Processing file /home/airflow/.local/lib/python3.12/site-packages/airflow/example_dags/example_task_group.py for tasks to queue
[2026-03-29T21:32:37.306+0000] {logging_mixin.py:188} INFO - [2026-03-29T21:32:37.305+0000] {dagbag.py:545} INFO - Filling up the DagBag from /home/airflow/.local/lib/python3.12/site-packages/airflow/example_dags/example_task_group.py
[2026-03-29T21:32:37.312+0000] {processor.py:840} INFO - DAG(s) 'example_task_group' retrieved from /home/airflow/.local/lib/python3.12/site-packages/airflow/example_dags/example_task_group.py
[2026-03-29T21:32:37.335+0000] {logging_mixin.py:188} INFO - [2026-03-29T21:32:37.334+0000] {dag.py:3089} INFO - Sync 1 DAGs
[2026-03-29T21:32:37.351+0000] {logging_mixin.py:188} INFO - [2026-03-29T21:32:37.350+0000] {dag.py:3947} INFO - Setting next_dagrun for example_task_group to 2026-03-28 00:00:00+00:00, run_after=2026-03-29 00:00:00+00:00
[2026-03-29T21:32:37.367+0000] {processor.py:183} INFO - Processing /home/airflow/.local/lib/python3.12/site-packages/airflow/example_dags/example_task_group.py took 0.072 seconds
[2026-03-29T21:33:07.865+0000] {processor.py:161} INFO - Started process (PID=318) to work on /home/airflow/.local/lib/python3.12/site-packages/airflow/example_dags/example_task_group.py
[2026-03-29T21:33:07.869+0000] {processor.py:830} INFO - Processing file /home/airflow/.local/lib/python3.12/site-packages/airflow/example_dags/example_task_group.py for tasks to queue
[2026-03-29T21:33:07.870+0000] {logging_mixin.py:188} INFO - [2026-03-29T21:33:07.870+0000] {dagbag.py:545} INFO - Filling up the DagBag from /home/airflow/.local/lib/python3.12/site-packages/airflow/example_dags/example_task_group.py
[2026-03-29T21:33:07.880+0000] {processor.py:840} INFO - DAG(s) 'example_task_group' retrieved from /home/airflow/.local/lib/python3.12/site-packages/airflow/example_dags/example_task_group.py
[2026-03-29T21:33:07.903+0000] {logging_mixin.py:188} INFO - [2026-03-29T21:33:07.903+0000] {dag.py:3089} INFO - Sync 1 DAGs
[2026-03-29T21:33:07.924+0000] {logging_mixin.py:188} INFO - [2026-03-29T21:33:07.924+0000] {dag.py:3947} INFO - Setting next_dagrun for example_task_group to 2026-03-28 00:00:00+00:00, run_after=2026-03-29 00:00:00+00:00
[2026-03-29T21:33:07.944+0000] {processor.py:183} INFO - Processing /home/airflow/.local/lib/python3.12/site-packages/airflow/example_dags/example_task_group.py took 0.086 seconds
[2026-03-29T21:33:38.541+0000] {processor.py:161} INFO - Started process (PID=370) to work on /home/airflow/.local/lib/python3.12/site-packages/airflow/example_dags/example_task_group.py
[2026-03-29T21:33:38.543+0000] {processor.py:830} INFO - Processing file /home/airflow/.local/lib/python3.12/site-packages/airflow/example_dags/example_task_group.py for tasks to queue
[2026-03-29T21:33:38.547+0000] {logging_mixin.py:188} INFO - [2026-03-29T21:33:38.547+0000] {dagbag.py:545} INFO - Filling up the DagBag from /home/airflow/.local/lib/python3.12/site-packages/airflow/example_dags/example_task_group.py
[2026-03-29T21:33:38.557+0000] {processor.py:840} INFO - DAG(s) 'example_task_group' retrieved from /home/airflow/.local/lib/python3.12/site-packages/airflow/example_dags/example_task_group.py
[2026-03-29T21:33:38.584+0000] {logging_mixin.py:188} INFO - [2026-03-29T21:33:38.584+0000] {dag.py:3089} INFO - Sync 1 DAGs
[2026-03-29T21:33:38.606+0000] {logging_mixin.py:188} INFO - [2026-03-29T21:33:38.606+0000] {dag.py:3947} INFO - Setting next_dagrun for example_task_group to 2026-03-28 00:00:00+00:00, run_after=2026-03-29 00:00:00+00:00
[2026-03-29T21:33:38.627+0000] {processor.py:183} INFO - Processing /home/airflow/.local/lib/python3.12/site-packages/airflow/example_dags/example_task_group.py took 0.093 seconds
[2026-03-29T21:34:09.216+0000] {processor.py:161} INFO - Started process (PID=422) to work on /home/airflow/.local/lib/python3.12/site-packages/airflow/example_dags/example_task_group.py
[2026-03-29T21:34:09.218+0000] {processor.py:830} INFO - Processing file /home/airflow/.local/lib/python3.12/site-packages/airflow/example_dags/example_task_group.py for tasks to queue
[2026-03-29T21:34:09.223+0000] {logging_mixin.py:188} INFO - [2026-03-29T21:34:09.223+0000] {dagbag.py:545} INFO - Filling up the DagBag from /home/airflow/.local/lib/python3.12/site-packages/airflow/example_dags/example_task_group.py
[2026-03-29T21:34:09.230+0000] {processor.py:840} INFO - DAG(s) 'example_task_group' retrieved from /home/airflow/.local/lib/python3.12/site-packages/airflow/example_dags/example_task_group.py
[2026-03-29T21:34:09.257+0000] {logging_mixin.py:188} INFO - [2026-03-29T21:34:09.256+0000] {dag.py:3089} INFO - Sync 1 DAGs
[2026-03-29T21:34:09.283+0000] {logging_mixin.py:188} INFO - [2026-03-29T21:34:09.282+0000] {dag.py:3947} INFO - Setting next_dagrun for example_task_group to 2026-03-28 00:00:00+00:00, run_after=2026-03-29 00:00:00+00:00
[2026-03-29T21:34:09.312+0000] {processor.py:183} INFO - Processing /home/airflow/.local/lib/python3.12/site-packages/airflow/example_dags/example_task_group.py took 0.105 seconds
[2026-03-29T21:34:39.712+0000] {processor.py:161} INFO - Started process (PID=474) to work on /home/airflow/.local/lib/python3.12/site-packages/airflow/example_dags/example_task_group.py
[2026-03-29T21:34:39.714+0000] {processor.py:830} INFO - Processing file /home/airflow/.local/lib/python3.12/site-packages/airflow/example_dags/example_task_group.py for tasks to queue
[2026-03-29T21:34:39.717+0000] {logging_mixin.py:188} INFO - [2026-03-29T21:34:39.717+0000] {dagbag.py:545} INFO - Filling up the DagBag from /home/airflow/.local/lib/python3.12/site-packages/airflow/example_dags/example_task_group.py
[2026-03-29T21:34:39.732+0000] {processor.py:840} INFO - DAG(s) 'example_task_group' retrieved from /home/airflow/.local/lib/python3.12/site-packages/airflow/example_dags/example_task_group.py
[2026-03-29T21:34:39.775+0000] {logging_mixin.py:188} INFO - [2026-03-29T21:34:39.775+0000] {dag.py:3089} INFO - Sync 1 DAGs
[2026-03-29T21:34:39.805+0000] {logging_mixin.py:188} INFO - [2026-03-29T21:34:39.805+0000] {dag.py:3947} INFO - Setting next_dagrun for example_task_group to 2026-03-28 00:00:00+00:00, run_after=2026-03-29 00:00:00+00:00
[2026-03-29T21:34:39.836+0000] {processor.py:183} INFO - Processing /home/airflow/.local/lib/python3.12/site-packages/airflow/example_dags/example_task_group.py took 0.136 seconds
[2026-03-29T21:35:10.714+0000] {processor.py:161} INFO - Started process (PID=526) to work on /home/airflow/.local/lib/python3.12/site-packages/airflow/example_dags/example_task_group.py
[2026-03-29T21:35:10.715+0000] {processor.py:830} INFO - Processing file /home/airflow/.local/lib/python3.12/site-packages/airflow/example_dags/example_task_group.py for tasks to queue
[2026-03-29T21:35:10.718+0000] {logging_mixin.py:188} INFO - [2026-03-29T21:35:10.717+0000] {dagbag.py:545} INFO - Filling up the DagBag from /home/airflow/.local/lib/python3.12/site-packages/airflow/example_dags/example_task_group.py
[2026-03-29T21:35:10.727+0000] {processor.py:840} INFO - DAG(s) 'example_task_group' retrieved from /home/airflow/.local/lib/python3.12/site-packages/airflow/example_dags/example_task_group.py
[2026-03-29T21:35:10.753+0000] {logging_mixin.py:188} INFO - [2026-03-29T21:35:10.752+0000] {dag.py:3089} INFO - Sync 1 DAGs
[2026-03-29T21:35:10.773+0000] {logging_mixin.py:188} INFO - [2026-03-29T21:35:10.773+0000] {dag.py:3947} INFO - Setting next_dagrun for example_task_group to 2026-03-28 00:00:00+00:00, run_after=2026-03-29 00:00:00+00:00
[2026-03-29T21:35:10.794+0000] {processor.py:183} INFO - Processing /home/airflow/.local/lib/python3.12/site-packages/airflow/example_dags/example_task_group.py took 0.088 seconds
[2026-03-29T21:35:41.542+0000] {processor.py:161} INFO - Started process (PID=578) to work on /home/airflow/.local/lib/python3.12/site-packages/airflow/example_dags/example_task_group.py
[2026-03-29T21:35:41.544+0000] {processor.py:830} INFO - Processing file /home/airflow/.local/lib/python3.12/site-packages/airflow/example_dags/example_task_group.py for tasks to queue
[2026-03-29T21:35:41.549+0000] {logging_mixin.py:188} INFO - [2026-03-29T21:35:41.548+0000] {dagbag.py:545} INFO - Filling up the DagBag from /home/airflow/.local/lib/python3.12/site-packages/airflow/example_dags/example_task_group.py
[2026-03-29T21:35:41.558+0000] {processor.py:840} INFO - DAG(s) 'example_task_group' retrieved from /home/airflow/.local/lib/python3.12/site-packages/airflow/example_dags/example_task_group.py
[2026-03-29T21:35:41.576+0000] {logging_mixin.py:188} INFO - [2026-03-29T21:35:41.575+0000] {dag.py:3089} INFO - Sync 1 DAGs
[2026-03-29T21:35:41.589+0000] {logging_mixin.py:188} INFO - [2026-03-29T21:35:41.589+0000] {dag.py:3947} INFO - Setting next_dagrun for example_task_group to 2026-03-28 00:00:00+00:00, run_after=2026-03-29 00:00:00+00:00
[2026-03-29T21:35:41.602+0000] {processor.py:183} INFO - Processing /home/airflow/.local/lib/python3.12/site-packages/airflow/example_dags/example_task_group.py took 0.067 seconds
[2026-03-29T21:36:12.141+0000] {processor.py:161} INFO - Started process (PID=630) to work on /home/airflow/.local/lib/python3.12/site-packages/airflow/example_dags/example_task_group.py
[2026-03-29T21:36:12.142+0000] {processor.py:830} INFO - Processing file /home/airflow/.local/lib/python3.12/site-packages/airflow/example_dags/example_task_group.py for tasks to queue
[2026-03-29T21:36:12.143+0000] {logging_mixin.py:188} INFO - [2026-03-29T21:36:12.143+0000] {dagbag.py:545} INFO - Filling up the DagBag from /home/airflow/.local/lib/python3.12/site-packages/airflow/example_dags/example_task_group.py
[2026-03-29T21:36:12.149+0000] {processor.py:840} INFO - DAG(s) 'example_task_group' retrieved from /home/airflow/.local/lib/python3.12/site-packages/airflow/example_dags/example_task_group.py
[2026-03-29T21:36:12.169+0000] {logging_mixin.py:188} INFO - [2026-03-29T21:36:12.169+0000] {dag.py:3089} INFO - Sync 1 DAGs
[2026-03-29T21:36:12.192+0000] {logging_mixin.py:188} INFO - [2026-03-29T21:36:12.192+0000] {dag.py:3947} INFO - Setting next_dagrun for example_task_group to 2026-03-28 00:00:00+00:00, run_after=2026-03-29 00:00:00+00:00
[2026-03-29T21:36:12.212+0000] {processor.py:183} INFO - Processing /home/airflow/.local/lib/python3.12/site-packages/airflow/example_dags/example_task_group.py took 0.078 seconds
[2026-03-29T21:36:42.334+0000] {processor.py:161} INFO - Started process (PID=682) to work on /home/airflow/.local/lib/python3.12/site-packages/airflow/example_dags/example_task_group.py
[2026-03-29T21:36:42.335+0000] {processor.py:830} INFO - Processing file /home/airflow/.local/lib/python3.12/site-packages/airflow/example_dags/example_task_group.py for tasks to queue
[2026-03-29T21:36:42.337+0000] {logging_mixin.py:188} INFO - [2026-03-29T21:36:42.337+0000] {dagbag.py:545} INFO - Filling up the DagBag from /home/airflow/.local/lib/python3.12/site-packages/airflow/example_dags/example_task_group.py
[2026-03-29T21:36:42.344+0000] {processor.py:840} INFO - DAG(s) 'example_task_group' retrieved from /home/airflow/.local/lib/python3.12/site-packages/airflow/example_dags/example_task_group.py
[2026-03-29T21:36:42.360+0000] {logging_mixin.py:188} INFO - [2026-03-29T21:36:42.360+0000] {dag.py:3089} INFO - Sync 1 DAGs
[2026-03-29T21:36:42.377+0000] {logging_mixin.py:188} INFO - [2026-03-29T21:36:42.377+0000] {dag.py:3947} INFO - Setting next_dagrun for example_task_group to 2026-03-28 00:00:00+00:00, run_after=2026-03-29 00:00:00+00:00
[2026-03-29T21:36:42.392+0000] {processor.py:183} INFO - Processing /home/airflow/.local/lib/python3.12/site-packages/airflow/example_dags/example_task_group.py took 0.065 seconds
[2026-03-29T21:37:13.073+0000] {processor.py:161} INFO - Started process (PID=734) to work on /home/airflow/.local/lib/python3.12/site-packages/airflow/example_dags/example_task_group.py
[2026-03-29T21:37:13.075+0000] {processor.py:830} INFO - Processing file /home/airflow/.local/lib/python3.12/site-packages/airflow/example_dags/example_task_group.py for tasks to queue
[2026-03-29T21:37:13.076+0000] {logging_mixin.py:188} INFO - [2026-03-29T21:37:13.076+0000] {dagbag.py:545} INFO - Filling up the DagBag from /home/airflow/.local/lib/python3.12/site-packages/airflow/example_dags/example_task_group.py
[2026-03-29T21:37:13.083+0000] {processor.py:840} INFO - DAG(s) 'example_task_group' retrieved from /home/airflow/.local/lib/python3.12/site-packages/airflow/example_dags/example_task_group.py
[2026-03-29T21:37:13.100+0000] {logging_mixin.py:188} INFO - [2026-03-29T21:37:13.100+0000] {dag.py:3089} INFO - Sync 1 DAGs
[2026-03-29T21:37:13.114+0000] {logging_mixin.py:188} INFO - [2026-03-29T21:37:13.114+0000] {dag.py:3947} INFO - Setting next_dagrun for example_task_group to 2026-03-28 00:00:00+00:00, run_after=2026-03-29 00:00:00+00:00
[2026-03-29T21:37:13.126+0000] {processor.py:183} INFO - Processing /home/airflow/.local/lib/python3.12/site-packages/airflow/example_dags/example_task_group.py took 0.060 seconds
[2026-03-29T21:37:43.510+0000] {processor.py:161} INFO - Started process (PID=786) to work on /home/airflow/.local/lib/python3.12/site-packages/airflow/example_dags/example_task_group.py
[2026-03-29T21:37:43.511+0000] {processor.py:830} INFO - Processing file /home/airflow/.local/lib/python3.12/site-packages/airflow/example_dags/example_task_group.py for tasks to queue
[2026-03-29T21:37:43.513+0000] {logging_mixin.py:188} INFO - [2026-03-29T21:37:43.513+0000] {dagbag.py:545} INFO - Filling up the DagBag from /home/airflow/.local/lib/python3.12/site-packages/airflow/example_dags/example_task_group.py
[2026-03-29T21:37:43.523+0000] {processor.py:840} INFO - DAG(s) 'example_task_group' retrieved from /home/airflow/.local/lib/python3.12/site-packages/airflow/example_dags/example_task_group.py
[2026-03-29T21:37:43.545+0000] {logging_mixin.py:188} INFO - [2026-03-29T21:37:43.545+0000] {dag.py:3089} INFO - Sync 1 DAGs
[2026-03-29T21:37:43.565+0000] {logging_mixin.py:188} INFO - [2026-03-29T21:37:43.565+0000] {dag.py:3947} INFO - Setting next_dagrun for example_task_group to 2026-03-28 00:00:00+00:00, run_after=2026-03-29 00:00:00+00:00
[2026-03-29T21:37:43.582+0000] {processor.py:183} INFO - Processing /home/airflow/.local/lib/python3.12/site-packages/airflow/example_dags/example_task_group.py took 0.081 seconds
[2026-03-29T21:38:13.767+0000] {processor.py:161} INFO - Started process (PID=838) to work on /home/airflow/.local/lib/python3.12/site-packages/airflow/example_dags/example_task_group.py
[2026-03-29T21:38:13.768+0000] {processor.py:830} INFO - Processing file /home/airflow/.local/lib/python3.12/site-packages/airflow/example_dags/example_task_group.py for tasks to queue
[2026-03-29T21:38:13.771+0000] {logging_mixin.py:188} INFO - [2026-03-29T21:38:13.771+0000] {dagbag.py:545} INFO - Filling up the DagBag from /home/airflow/.local/lib/python3.12/site-packages/airflow/example_dags/example_task_group.py
[2026-03-29T21:38:13.778+0000] {processor.py:840} INFO - DAG(s) 'example_task_group' retrieved from /home/airflow/.local/lib/python3.12/site-packages/airflow/example_dags/example_task_group.py
[2026-03-29T21:38:13.796+0000] {logging_mixin.py:188} INFO - [2026-03-29T21:38:13.796+0000] {dag.py:3089} INFO - Sync 1 DAGs
[2026-03-29T21:38:13.822+0000] {logging_mixin.py:188} INFO - [2026-03-29T21:38:13.822+0000] {dag.py:3947} INFO - Setting next_dagrun for example_task_group to 2026-03-28 00:00:00+00:00, run_after=2026-03-29 00:00:00+00:00
[2026-03-29T21:38:13.842+0000] {processor.py:183} INFO - Processing /home/airflow/.local/lib/python3.12/site-packages/airflow/example_dags/example_task_group.py took 0.083 seconds
[2026-03-29T21:38:44.399+0000] {processor.py:161} INFO - Started process (PID=890) to work on /home/airflow/.local/lib/python3.12/site-packages/airflow/example_dags/example_task_group.py
[2026-03-29T21:38:44.401+0000] {processor.py:830} INFO - Processing file /home/airflow/.local/lib/python3.12/site-packages/airflow/example_dags/example_task_group.py for tasks to queue
[2026-03-29T21:38:44.403+0000] {logging_mixin.py:188} INFO - [2026-03-29T21:38:44.403+0000] {dagbag.py:545} INFO - Filling up the DagBag from /home/airflow/.local/lib/python3.12/site-packages/airflow/example_dags/example_task_group.py
[2026-03-29T21:38:44.412+0000] {processor.py:840} INFO - DAG(s) 'example_task_group' retrieved from /home/airflow/.local/lib/python3.12/site-packages/airflow/example_dags/example_task_group.py
[2026-03-29T21:38:44.438+0000] {logging_mixin.py:188} INFO - [2026-03-29T21:38:44.437+0000] {dag.py:3089} INFO - Sync 1 DAGs
[2026-03-29T21:38:44.457+0000] {logging_mixin.py:188} INFO - [2026-03-29T21:38:44.456+0000] {dag.py:3947} INFO - Setting next_dagrun for example_task_group to 2026-03-28 00:00:00+00:00, run_after=2026-03-29 00:00:00+00:00
[2026-03-29T21:38:44.472+0000] {processor.py:183} INFO - Processing /home/airflow/.local/lib/python3.12/site-packages/airflow/example_dags/example_task_group.py took 0.081 seconds
[2026-03-29T21:39:14.822+0000] {processor.py:161} INFO - Started process (PID=942) to work on /home/airflow/.local/lib/python3.12/site-packages/airflow/example_dags/example_task_group.py
[2026-03-29T21:39:14.823+0000] {processor.py:830} INFO - Processing file /home/airflow/.local/lib/python3.12/site-packages/airflow/example_dags/example_task_group.py for tasks to queue
[2026-03-29T21:39:14.825+0000] {logging_mixin.py:188} INFO - [2026-03-29T21:39:14.825+0000] {dagbag.py:545} INFO - Filling up the DagBag from /home/airflow/.local/lib/python3.12/site-packages/airflow/example_dags/example_task_group.py
[2026-03-29T21:39:14.833+0000] {processor.py:840} INFO - DAG(s) 'example_task_group' retrieved from /home/airflow/.local/lib/python3.12/site-packages/airflow/example_dags/example_task_group.py
[2026-03-29T21:39:14.852+0000] {logging_mixin.py:188} INFO - [2026-03-29T21:39:14.852+0000] {dag.py:3089} INFO - Sync 1 DAGs
[2026-03-29T21:39:14.874+0000] {logging_mixin.py:188} INFO - [2026-03-29T21:39:14.874+0000] {dag.py:3947} INFO - Setting next_dagrun for example_task_group to 2026-03-28 00:00:00+00:00, run_after=2026-03-29 00:00:00+00:00
[2026-03-29T21:39:14.890+0000] {processor.py:183} INFO - Processing /home/airflow/.local/lib/python3.12/site-packages/airflow/example_dags/example_task_group.py took 0.074 seconds
[2026-03-29T21:39:45.988+0000] {processor.py:161} INFO - Started process (PID=994) to work on /home/airflow/.local/lib/python3.12/site-packages/airflow/example_dags/example_task_group.py
[2026-03-29T21:39:45.991+0000] {processor.py:830} INFO - Processing file /home/airflow/.local/lib/python3.12/site-packages/airflow/example_dags/example_task_group.py for tasks to queue
[2026-03-29T21:39:46.000+0000] {logging_mixin.py:188} INFO - [2026-03-29T21:39:45.998+0000] {dagbag.py:545} INFO - Filling up the DagBag from /home/airflow/.local/lib/python3.12/site-packages/airflow/example_dags/example_task_group.py
[2026-03-29T21:39:46.044+0000] {processor.py:840} INFO - DAG(s) 'example_task_group' retrieved from /home/airflow/.local/lib/python3.12/site-packages/airflow/example_dags/example_task_group.py
[2026-03-29T21:39:46.114+0000] {logging_mixin.py:188} INFO - [2026-03-29T21:39:46.114+0000] {dag.py:3089} INFO - Sync 1 DAGs
[2026-03-29T21:39:46.165+0000] {logging_mixin.py:188} INFO - [2026-03-29T21:39:46.165+0000] {dag.py:3947} INFO - Setting next_dagrun for example_task_group to 2026-03-28 00:00:00+00:00, run_after=2026-03-29 00:00:00+00:00
[2026-03-29T21:39:46.220+0000] {processor.py:183} INFO - Processing /home/airflow/.local/lib/python3.12/site-packages/airflow/example_dags/example_task_group.py took 0.393 seconds
[2026-03-29T21:40:16.804+0000] {processor.py:161} INFO - Started process (PID=1046) to work on /home/airflow/.local/lib/python3.12/site-packages/airflow/example_dags/example_task_group.py
[2026-03-29T21:40:16.807+0000] {processor.py:830} INFO - Processing file /home/airflow/.local/lib/python3.12/site-packages/airflow/example_dags/example_task_group.py for tasks to queue
[2026-03-29T21:40:16.809+0000] {logging_mixin.py:188} INFO - [2026-03-29T21:40:16.809+0000] {dagbag.py:545} INFO - Filling up the DagBag from /home/airflow/.local/lib/python3.12/site-packages/airflow/example_dags/example_task_group.py
[2026-03-29T21:40:16.819+0000] {processor.py:840} INFO - DAG(s) 'example_task_group' retrieved from /home/airflow/.local/lib/python3.12/site-packages/airflow/example_dags/example_task_group.py
[2026-03-29T21:40:16.843+0000] {logging_mixin.py:188} INFO - [2026-03-29T21:40:16.842+0000] {dag.py:3089} INFO - Sync 1 DAGs
[2026-03-29T21:40:16.866+0000] {logging_mixin.py:188} INFO - [2026-03-29T21:40:16.866+0000] {dag.py:3947} INFO - Setting next_dagrun for example_task_group to 2026-03-28 00:00:00+00:00, run_after=2026-03-29 00:00:00+00:00
[2026-03-29T21:40:16.888+0000] {processor.py:183} INFO - Processing /home/airflow/.local/lib/python3.12/site-packages/airflow/example_dags/example_task_group.py took 0.092 seconds
[2026-03-29T21:40:47.257+0000] {processor.py:161} INFO - Started process (PID=1098) to work on /home/airflow/.local/lib/python3.12/site-packages/airflow/example_dags/example_task_group.py
[2026-03-29T21:40:47.258+0000] {processor.py:830} INFO - Processing file /home/airflow/.local/lib/python3.12/site-packages/airflow/example_dags/example_task_group.py for tasks to queue
[2026-03-29T21:40:47.262+0000] {logging_mixin.py:188} INFO - [2026-03-29T21:40:47.262+0000] {dagbag.py:545} INFO - Filling up the DagBag from /home/airflow/.local/lib/python3.12/site-packages/airflow/example_dags/example_task_group.py
[2026-03-29T21:40:47.280+0000] {processor.py:840} INFO - DAG(s) 'example_task_group' retrieved from /home/airflow/.local/lib/python3.12/site-packages/airflow/example_dags/example_task_group.py
[2026-03-29T21:40:47.323+0000] {logging_mixin.py:188} INFO - [2026-03-29T21:40:47.322+0000] {dag.py:3089} INFO - Sync 1 DAGs
[2026-03-29T21:40:47.363+0000] {logging_mixin.py:188} INFO - [2026-03-29T21:40:47.362+0000] {dag.py:3947} INFO - Setting next_dagrun for example_task_group to 2026-03-28 00:00:00+00:00, run_after=2026-03-29 00:00:00+00:00
[2026-03-29T21:40:47.393+0000] {processor.py:183} INFO - Processing /home/airflow/.local/lib/python3.12/site-packages/airflow/example_dags/example_task_group.py took 0.146 seconds
[2026-03-29T21:41:18.143+0000] {processor.py:161} INFO - Started process (PID=1150) to work on /home/airflow/.local/lib/python3.12/site-packages/airflow/example_dags/example_task_group.py
[2026-03-29T21:41:18.144+0000] {processor.py:830} INFO - Processing file /home/airflow/.local/lib/python3.12/site-packages/airflow/example_dags/example_task_group.py for tasks to queue
[2026-03-29T21:41:18.146+0000] {logging_mixin.py:188} INFO - [2026-03-29T21:41:18.146+0000] {dagbag.py:545} INFO - Filling up the DagBag from /home/airflow/.local/lib/python3.12/site-packages/airflow/example_dags/example_task_group.py
[2026-03-29T21:41:18.152+0000] {processor.py:840} INFO - DAG(s) 'example_task_group' retrieved from /home/airflow/.local/lib/python3.12/site-packages/airflow/example_dags/example_task_group.py
[2026-03-29T21:41:18.173+0000] {logging_mixin.py:188} INFO - [2026-03-29T21:41:18.172+0000] {dag.py:3089} INFO - Sync 1 DAGs
[2026-03-29T21:41:18.191+0000] {logging_mixin.py:188} INFO - [2026-03-29T21:41:18.191+0000] {dag.py:3947} INFO - Setting next_dagrun for example_task_group to 2026-03-28 00:00:00+00:00, run_after=2026-03-29 00:00:00+00:00
[2026-03-29T21:41:18.208+0000] {processor.py:183} INFO - Processing /home/airflow/.local/lib/python3.12/site-packages/airflow/example_dags/example_task_group.py took 0.072 seconds
[2026-03-29T21:41:49.116+0000] {processor.py:161} INFO - Started process (PID=1202) to work on /home/airflow/.local/lib/python3.12/site-packages/airflow/example_dags/example_task_group.py
[2026-03-29T21:41:49.118+0000] {processor.py:830} INFO - Processing file /home/airflow/.local/lib/python3.12/site-packages/airflow/example_dags/example_task_group.py for tasks to queue
[2026-03-29T21:41:49.121+0000] {logging_mixin.py:188} INFO - [2026-03-29T21:41:49.121+0000] {dagbag.py:545} INFO - Filling up the DagBag from /home/airflow/.local/lib/python3.12/site-packages/airflow/example_dags/example_task_group.py
[2026-03-29T21:41:49.128+0000] {processor.py:840} INFO - DAG(s) 'example_task_group' retrieved from /home/airflow/.local/lib/python3.12/site-packages/airflow/example_dags/example_task_group.py
[2026-03-29T21:41:49.147+0000] {logging_mixin.py:188} INFO - [2026-03-29T21:41:49.147+0000] {dag.py:3089} INFO - Sync 1 DAGs
[2026-03-29T21:41:49.167+0000] {logging_mixin.py:188} INFO - [2026-03-29T21:41:49.167+0000] {dag.py:3947} INFO - Setting next_dagrun for example_task_group to 2026-03-28 00:00:00+00:00, run_after=2026-03-29 00:00:00+00:00
[2026-03-29T21:41:49.187+0000] {processor.py:183} INFO - Processing /home/airflow/.local/lib/python3.12/site-packages/airflow/example_dags/example_task_group.py took 0.077 seconds
[2026-03-29T21:42:19.266+0000] {processor.py:161} INFO - Started process (PID=1254) to work on /home/airflow/.local/lib/python3.12/site-packages/airflow/example_dags/example_task_group.py
[2026-03-29T21:42:19.267+0000] {processor.py:830} INFO - Processing file /home/airflow/.local/lib/python3.12/site-packages/airflow/example_dags/example_task_group.py for tasks to queue
[2026-03-29T21:42:19.270+0000] {logging_mixin.py:188} INFO - [2026-03-29T21:42:19.270+0000] {dagbag.py:545} INFO - Filling up the DagBag from /home/airflow/.local/lib/python3.12/site-packages/airflow/example_dags/example_task_group.py
[2026-03-29T21:42:19.277+0000] {processor.py:840} INFO - DAG(s) 'example_task_group' retrieved from /home/airflow/.local/lib/python3.12/site-packages/airflow/example_dags/example_task_group.py
[2026-03-29T21:42:19.295+0000] {logging_mixin.py:188} INFO - [2026-03-29T21:42:19.295+0000] {dag.py:3089} INFO - Sync 1 DAGs
[2026-03-29T21:42:19.312+0000] {logging_mixin.py:188} INFO - [2026-03-29T21:42:19.312+0000] {dag.py:3947} INFO - Setting next_dagrun for example_task_group to 2026-03-28 00:00:00+00:00, run_after=2026-03-29 00:00:00+00:00
[2026-03-29T21:42:19.329+0000] {processor.py:183} INFO - Processing /home/airflow/.local/lib/python3.12/site-packages/airflow/example_dags/example_task_group.py took 0.068 seconds
[2026-03-29T21:42:50.728+0000] {processor.py:161} INFO - Started process (PID=1306) to work on /home/airflow/.local/lib/python3.12/site-packages/airflow/example_dags/example_task_group.py
[2026-03-29T21:42:50.730+0000] {processor.py:830} INFO - Processing file /home/airflow/.local/lib/python3.12/site-packages/airflow/example_dags/example_task_group.py for tasks to queue
[2026-03-29T21:42:50.732+0000] {logging_mixin.py:188} INFO - [2026-03-29T21:42:50.732+0000] {dagbag.py:545} INFO - Filling up the DagBag from /home/airflow/.local/lib/python3.12/site-packages/airflow/example_dags/example_task_group.py
[2026-03-29T21:42:50.737+0000] {processor.py:840} INFO - DAG(s) 'example_task_group' retrieved from /home/airflow/.local/lib/python3.12/site-packages/airflow/example_dags/example_task_group.py
[2026-03-29T21:42:50.754+0000] {logging_mixin.py:188} INFO - [2026-03-29T21:42:50.754+0000] {dag.py:3089} INFO - Sync 1 DAGs
[2026-03-29T21:42:50.772+0000] {logging_mixin.py:188} INFO - [2026-03-29T21:42:50.771+0000] {dag.py:3947} INFO - Setting next_dagrun for example_task_group to 2026-03-28 00:00:00+00:00, run_after=2026-03-29 00:00:00+00:00
[2026-03-29T21:42:50.788+0000] {processor.py:183} INFO - Processing /home/airflow/.local/lib/python3.12/site-packages/airflow/example_dags/example_task_group.py took 0.064 seconds
[2026-03-29T21:43:22.358+0000] {processor.py:161} INFO - Started process (PID=1358) to work on /home/airflow/.local/lib/python3.12/site-packages/airflow/example_dags/example_task_group.py
[2026-03-29T21:43:22.360+0000] {processor.py:830} INFO - Processing file /home/airflow/.local/lib/python3.12/site-packages/airflow/example_dags/example_task_group.py for tasks to queue
[2026-03-29T21:43:22.361+0000] {logging_mixin.py:188} INFO - [2026-03-29T21:43:22.361+0000] {dagbag.py:545} INFO - Filling up the DagBag from /home/airflow/.local/lib/python3.12/site-packages/airflow/example_dags/example_task_group.py
[2026-03-29T21:43:22.366+0000] {processor.py:840} INFO - DAG(s) 'example_task_group' retrieved from /home/airflow/.local/lib/python3.12/site-packages/airflow/example_dags/example_task_group.py
[2026-03-29T21:43:22.383+0000] {logging_mixin.py:188} INFO - [2026-03-29T21:43:22.383+0000] {dag.py:3089} INFO - Sync 1 DAGs
[2026-03-29T21:43:22.401+0000] {logging_mixin.py:188} INFO - [2026-03-29T21:43:22.401+0000] {dag.py:3947} INFO - Setting next_dagrun for example_task_group to 2026-03-28 00:00:00+00:00, run_after=2026-03-29 00:00:00+00:00
[2026-03-29T21:43:22.423+0000] {processor.py:183} INFO - Processing /home/airflow/.local/lib/python3.12/site-packages/airflow/example_dags/example_task_group.py took 0.069 seconds
[2026-03-29T21:43:53.228+0000] {processor.py:161} INFO - Started process (PID=1410) to work on /home/airflow/.local/lib/python3.12/site-packages/airflow/example_dags/example_task_group.py
[2026-03-29T21:43:53.229+0000] {processor.py:830} INFO - Processing file /home/airflow/.local/lib/python3.12/site-packages/airflow/example_dags/example_task_group.py for tasks to queue
[2026-03-29T21:43:53.232+0000] {logging_mixin.py:188} INFO - [2026-03-29T21:43:53.232+0000] {dagbag.py:545} INFO - Filling up the DagBag from /home/airflow/.local/lib/python3.12/site-packages/airflow/example_dags/example_task_group.py
[2026-03-29T21:43:53.241+0000] {processor.py:840} INFO - DAG(s) 'example_task_group' retrieved from /home/airflow/.local/lib/python3.12/site-packages/airflow/example_dags/example_task_group.py
[2026-03-29T21:43:53.272+0000] {logging_mixin.py:188} INFO - [2026-03-29T21:43:53.271+0000] {dag.py:3089} INFO - Sync 1 DAGs
[2026-03-29T21:43:53.300+0000] {logging_mixin.py:188} INFO - [2026-03-29T21:43:53.300+0000] {dag.py:3947} INFO - Setting next_dagrun for example_task_group to 2026-03-28 00:00:00+00:00, run_after=2026-03-29 00:00:00+00:00
[2026-03-29T21:43:53.392+0000] {processor.py:183} INFO - Processing /home/airflow/.local/lib/python3.12/site-packages/airflow/example_dags/example_task_group.py took 0.171 seconds
[2026-03-29T21:44:24.237+0000] {processor.py:161} INFO - Started process (PID=1462) to work on /home/airflow/.local/lib/python3.12/site-packages/airflow/example_dags/example_task_group.py
[2026-03-29T21:44:24.238+0000] {processor.py:830} INFO - Processing file /home/airflow/.local/lib/python3.12/site-packages/airflow/example_dags/example_task_group.py for tasks to queue
[2026-03-29T21:44:24.240+0000] {logging_mixin.py:188} INFO - [2026-03-29T21:44:24.240+0000] {dagbag.py:545} INFO - Filling up the DagBag from /home/airflow/.local/lib/python3.12/site-packages/airflow/example_dags/example_task_group.py
[2026-03-29T21:44:24.249+0000] {processor.py:840} INFO - DAG(s) 'example_task_group' retrieved from /home/airflow/.local/lib/python3.12/site-packages/airflow/example_dags/example_task_group.py
[2026-03-29T21:44:24.281+0000] {logging_mixin.py:188} INFO - [2026-03-29T21:44:24.281+0000] {dag.py:3089} INFO - Sync 1 DAGs
[2026-03-29T21:44:24.315+0000] {logging_mixin.py:188} INFO - [2026-03-29T21:44:24.315+0000] {dag.py:3947} INFO - Setting next_dagrun for example_task_group to 2026-03-28 00:00:00+00:00, run_after=2026-03-29 00:00:00+00:00
[2026-03-29T21:44:24.349+0000] {processor.py:183} INFO - Processing /home/airflow/.local/lib/python3.12/site-packages/airflow/example_dags/example_task_group.py took 0.122 seconds
[2026-03-29T21:44:54.821+0000] {processor.py:161} INFO - Started process (PID=1514) to work on /home/airflow/.local/lib/python3.12/site-packages/airflow/example_dags/example_task_group.py
[2026-03-29T21:44:54.823+0000] {processor.py:830} INFO - Processing file /home/airflow/.local/lib/python3.12/site-packages/airflow/example_dags/example_task_group.py for tasks to queue
[2026-03-29T21:44:54.825+0000] {logging_mixin.py:188} INFO - [2026-03-29T21:44:54.824+0000] {dagbag.py:545} INFO - Filling up the DagBag from /home/airflow/.local/lib/python3.12/site-packages/airflow/example_dags/example_task_group.py
[2026-03-29T21:44:54.831+0000] {processor.py:840} INFO - DAG(s) 'example_task_group' retrieved from /home/airflow/.local/lib/python3.12/site-packages/airflow/example_dags/example_task_group.py
[2026-03-29T21:44:54.854+0000] {logging_mixin.py:188} INFO - [2026-03-29T21:44:54.854+0000] {dag.py:3089} INFO - Sync 1 DAGs
[2026-03-29T21:44:54.875+0000] {logging_mixin.py:188} INFO - [2026-03-29T21:44:54.875+0000] {dag.py:3947} INFO - Setting next_dagrun for example_task_group to 2026-03-28 00:00:00+00:00, run_after=2026-03-29 00:00:00+00:00
[2026-03-29T21:44:54.894+0000] {processor.py:183} INFO - Processing /home/airflow/.local/lib/python3.12/site-packages/airflow/example_dags/example_task_group.py took 0.078 seconds
[2026-03-29T21:45:26.127+0000] {processor.py:161} INFO - Started process (PID=1566) to work on /home/airflow/.local/lib/python3.12/site-packages/airflow/example_dags/example_task_group.py
[2026-03-29T21:45:26.128+0000] {processor.py:830} INFO - Processing file /home/airflow/.local/lib/python3.12/site-packages/airflow/example_dags/example_task_group.py for tasks to queue
[2026-03-29T21:45:26.131+0000] {logging_mixin.py:188} INFO - [2026-03-29T21:45:26.130+0000] {dagbag.py:545} INFO - Filling up the DagBag from /home/airflow/.local/lib/python3.12/site-packages/airflow/example_dags/example_task_group.py
[2026-03-29T21:45:26.137+0000] {processor.py:840} INFO - DAG(s) 'example_task_group' retrieved from /home/airflow/.local/lib/python3.12/site-packages/airflow/example_dags/example_task_group.py
[2026-03-29T21:45:26.156+0000] {logging_mixin.py:188} INFO - [2026-03-29T21:45:26.155+0000] {dag.py:3089} INFO - Sync 1 DAGs
[2026-03-29T21:45:26.175+0000] {logging_mixin.py:188} INFO - [2026-03-29T21:45:26.175+0000] {dag.py:3947} INFO - Setting next_dagrun for example_task_group to 2026-03-28 00:00:00+00:00, run_after=2026-03-29 00:00:00+00:00
[2026-03-29T21:45:26.198+0000] {processor.py:183} INFO - Processing /home/airflow/.local/lib/python3.12/site-packages/airflow/example_dags/example_task_group.py took 0.081 seconds
[2026-03-29T21:45:57.285+0000] {processor.py:161} INFO - Started process (PID=1618) to work on /home/airflow/.local/lib/python3.12/site-packages/airflow/example_dags/example_task_group.py
[2026-03-29T21:45:57.286+0000] {processor.py:830} INFO - Processing file /home/airflow/.local/lib/python3.12/site-packages/airflow/example_dags/example_task_group.py for tasks to queue
[2026-03-29T21:45:57.288+0000] {logging_mixin.py:188} INFO - [2026-03-29T21:45:57.287+0000] {dagbag.py:545} INFO - Filling up the DagBag from /home/airflow/.local/lib/python3.12/site-packages/airflow/example_dags/example_task_group.py
[2026-03-29T21:45:57.294+0000] {processor.py:840} INFO - DAG(s) 'example_task_group' retrieved from /home/airflow/.local/lib/python3.12/site-packages/airflow/example_dags/example_task_group.py
[2026-03-29T21:45:57.311+0000] {logging_mixin.py:188} INFO - [2026-03-29T21:45:57.311+0000] {dag.py:3089} INFO - Sync 1 DAGs
[2026-03-29T21:45:57.329+0000] {logging_mixin.py:188} INFO - [2026-03-29T21:45:57.329+0000] {dag.py:3947} INFO - Setting next_dagrun for example_task_group to 2026-03-28 00:00:00+00:00, run_after=2026-03-29 00:00:00+00:00
[2026-03-29T21:45:57.473+0000] {processor.py:183} INFO - Processing /home/airflow/.local/lib/python3.12/site-packages/airflow/example_dags/example_task_group.py took 0.192 seconds
[2026-03-29T21:46:28.334+0000] {processor.py:161} INFO - Started process (PID=1670) to work on /home/airflow/.local/lib/python3.12/site-packages/airflow/example_dags/example_task_group.py
[2026-03-29T21:46:28.335+0000] {processor.py:830} INFO - Processing file /home/airflow/.local/lib/python3.12/site-packages/airflow/example_dags/example_task_group.py for tasks to queue
[2026-03-29T21:46:28.337+0000] {logging_mixin.py:188} INFO - [2026-03-29T21:46:28.336+0000] {dagbag.py:545} INFO - Filling up the DagBag from /home/airflow/.local/lib/python3.12/site-packages/airflow/example_dags/example_task_group.py
[2026-03-29T21:46:28.343+0000] {processor.py:840} INFO - DAG(s) 'example_task_group' retrieved from /home/airflow/.local/lib/python3.12/site-packages/airflow/example_dags/example_task_group.py
[2026-03-29T21:46:28.362+0000] {logging_mixin.py:188} INFO - [2026-03-29T21:46:28.362+0000] {dag.py:3089} INFO - Sync 1 DAGs
[2026-03-29T21:46:28.380+0000] {logging_mixin.py:188} INFO - [2026-03-29T21:46:28.380+0000] {dag.py:3947} INFO - Setting next_dagrun for example_task_group to 2026-03-28 00:00:00+00:00, run_after=2026-03-29 00:00:00+00:00
[2026-03-29T21:46:28.396+0000] {processor.py:183} INFO - Processing /home/airflow/.local/lib/python3.12/site-packages/airflow/example_dags/example_task_group.py took 0.068 seconds
[2026-03-29T21:46:59.209+0000] {processor.py:161} INFO - Started process (PID=1722) to work on /home/airflow/.local/lib/python3.12/site-packages/airflow/example_dags/example_task_group.py
[2026-03-29T21:46:59.211+0000] {processor.py:830} INFO - Processing file /home/airflow/.local/lib/python3.12/site-packages/airflow/example_dags/example_task_group.py for tasks to queue
[2026-03-29T21:46:59.213+0000] {logging_mixin.py:188} INFO - [2026-03-29T21:46:59.212+0000] {dagbag.py:545} INFO - Filling up the DagBag from /home/airflow/.local/lib/python3.12/site-packages/airflow/example_dags/example_task_group.py
[2026-03-29T21:46:59.219+0000] {processor.py:840} INFO - DAG(s) 'example_task_group' retrieved from /home/airflow/.local/lib/python3.12/site-packages/airflow/example_dags/example_task_group.py
[2026-03-29T21:46:59.243+0000] {logging_mixin.py:188} INFO - [2026-03-29T21:46:59.243+0000] {dag.py:3089} INFO - Sync 1 DAGs
[2026-03-29T21:46:59.262+0000] {logging_mixin.py:188} INFO - [2026-03-29T21:46:59.262+0000] {dag.py:3947} INFO - Setting next_dagrun for example_task_group to 2026-03-28 00:00:00+00:00, run_after=2026-03-29 00:00:00+00:00
[2026-03-29T21:46:59.280+0000] {processor.py:183} INFO - Processing /home/airflow/.local/lib/python3.12/site-packages/airflow/example_dags/example_task_group.py took 0.080 seconds
[2026-03-29T21:47:29.565+0000] {processor.py:161} INFO - Started process (PID=1773) to work on /home/airflow/.local/lib/python3.12/site-packages/airflow/example_dags/example_task_group.py
[2026-03-29T21:47:29.566+0000] {processor.py:830} INFO - Processing file /home/airflow/.local/lib/python3.12/site-packages/airflow/example_dags/example_task_group.py for tasks to queue
[2026-03-29T21:47:29.569+0000] {logging_mixin.py:188} INFO - [2026-03-29T21:47:29.568+0000] {dagbag.py:545} INFO - Filling up the DagBag from /home/airflow/.local/lib/python3.12/site-packages/airflow/example_dags/example_task_group.py
[2026-03-29T21:47:29.576+0000] {processor.py:840} INFO - DAG(s) 'example_task_group' retrieved from /home/airflow/.local/lib/python3.12/site-packages/airflow/example_dags/example_task_group.py
[2026-03-29T21:47:29.603+0000] {logging_mixin.py:188} INFO - [2026-03-29T21:47:29.603+0000] {dag.py:3089} INFO - Sync 1 DAGs
[2026-03-29T21:47:29.755+0000] {logging_mixin.py:188} INFO - [2026-03-29T21:47:29.755+0000] {dag.py:3947} INFO - Setting next_dagrun for example_task_group to 2026-03-28 00:00:00+00:00, run_after=2026-03-29 00:00:00+00:00
[2026-03-29T21:47:29.772+0000] {processor.py:183} INFO - Processing /home/airflow/.local/lib/python3.12/site-packages/airflow/example_dags/example_task_group.py took 0.214 seconds
[2026-03-29T21:48:00.066+0000] {processor.py:161} INFO - Started process (PID=1825) to work on /home/airflow/.local/lib/python3.12/site-packages/airflow/example_dags/example_task_group.py
[2026-03-29T21:48:00.068+0000] {processor.py:830} INFO - Processing file /home/airflow/.local/lib/python3.12/site-packages/airflow/example_dags/example_task_group.py for tasks to queue
[2026-03-29T21:48:00.072+0000] {logging_mixin.py:188} INFO - [2026-03-29T21:48:00.070+0000] {dagbag.py:545} INFO - Filling up the DagBag from /home/airflow/.local/lib/python3.12/site-packages/airflow/example_dags/example_task_group.py
[2026-03-29T21:48:00.097+0000] {processor.py:840} INFO - DAG(s) 'example_task_group' retrieved from /home/airflow/.local/lib/python3.12/site-packages/airflow/example_dags/example_task_group.py
[2026-03-29T21:48:00.184+0000] {logging_mixin.py:188} INFO - [2026-03-29T21:48:00.183+0000] {dag.py:3089} INFO - Sync 1 DAGs
[2026-03-29T21:48:00.237+0000] {logging_mixin.py:188} INFO - [2026-03-29T21:48:00.237+0000] {dag.py:3947} INFO - Setting next_dagrun for example_task_group to 2026-03-28 00:00:00+00:00, run_after=2026-03-29 00:00:00+00:00
[2026-03-29T21:48:00.275+0000] {processor.py:183} INFO - Processing /home/airflow/.local/lib/python3.12/site-packages/airflow/example_dags/example_task_group.py took 0.217 seconds
[2026-03-29T21:48:30.373+0000] {processor.py:161} INFO - Started process (PID=1877) to work on /home/airflow/.local/lib/python3.12/site-packages/airflow/example_dags/example_task_group.py
[2026-03-29T21:48:30.376+0000] {processor.py:830} INFO - Processing file /home/airflow/.local/lib/python3.12/site-packages/airflow/example_dags/example_task_group.py for tasks to queue
[2026-03-29T21:48:30.378+0000] {logging_mixin.py:188} INFO - [2026-03-29T21:48:30.378+0000] {dagbag.py:545} INFO - Filling up the DagBag from /home/airflow/.local/lib/python3.12/site-packages/airflow/example_dags/example_task_group.py
[2026-03-29T21:48:30.390+0000] {processor.py:840} INFO - DAG(s) 'example_task_group' retrieved from /home/airflow/.local/lib/python3.12/site-packages/airflow/example_dags/example_task_group.py
[2026-03-29T21:48:30.417+0000] {logging_mixin.py:188} INFO - [2026-03-29T21:48:30.417+0000] {dag.py:3089} INFO - Sync 1 DAGs
[2026-03-29T21:48:30.436+0000] {logging_mixin.py:188} INFO - [2026-03-29T21:48:30.436+0000] {dag.py:3947} INFO - Setting next_dagrun for example_task_group to 2026-03-28 00:00:00+00:00, run_after=2026-03-29 00:00:00+00:00
[2026-03-29T21:48:30.458+0000] {processor.py:183} INFO - Processing /home/airflow/.local/lib/python3.12/site-packages/airflow/example_dags/example_task_group.py took 0.092 seconds
[2026-03-29T21:49:00.902+0000] {processor.py:161} INFO - Started process (PID=1929) to work on /home/airflow/.local/lib/python3.12/site-packages/airflow/example_dags/example_task_group.py
[2026-03-29T21:49:00.903+0000] {processor.py:830} INFO - Processing file /home/airflow/.local/lib/python3.12/site-packages/airflow/example_dags/example_task_group.py for tasks to queue
[2026-03-29T21:49:00.905+0000] {logging_mixin.py:188} INFO - [2026-03-29T21:49:00.905+0000] {dagbag.py:545} INFO - Filling up the DagBag from /home/airflow/.local/lib/python3.12/site-packages/airflow/example_dags/example_task_group.py
[2026-03-29T21:49:00.915+0000] {processor.py:840} INFO - DAG(s) 'example_task_group' retrieved from /home/airflow/.local/lib/python3.12/site-packages/airflow/example_dags/example_task_group.py
[2026-03-29T21:49:00.960+0000] {logging_mixin.py:188} INFO - [2026-03-29T21:49:00.959+0000] {dag.py:3089} INFO - Sync 1 DAGs
[2026-03-29T21:49:00.984+0000] {logging_mixin.py:188} INFO - [2026-03-29T21:49:00.984+0000] {dag.py:3947} INFO - Setting next_dagrun for example_task_group to 2026-03-28 00:00:00+00:00, run_after=2026-03-29 00:00:00+00:00
[2026-03-29T21:49:01.003+0000] {processor.py:183} INFO - Processing /home/airflow/.local/lib/python3.12/site-packages/airflow/example_dags/example_task_group.py took 0.110 seconds
[2026-03-29T21:49:31.524+0000] {processor.py:161} INFO - Started process (PID=1981) to work on /home/airflow/.local/lib/python3.12/site-packages/airflow/example_dags/example_task_group.py
[2026-03-29T21:49:31.526+0000] {processor.py:830} INFO - Processing file /home/airflow/.local/lib/python3.12/site-packages/airflow/example_dags/example_task_group.py for tasks to queue
[2026-03-29T21:49:31.528+0000] {logging_mixin.py:188} INFO - [2026-03-29T21:49:31.527+0000] {dagbag.py:545} INFO - Filling up the DagBag from /home/airflow/.local/lib/python3.12/site-packages/airflow/example_dags/example_task_group.py
[2026-03-29T21:49:31.666+0000] {processor.py:840} INFO - DAG(s) 'example_task_group' retrieved from /home/airflow/.local/lib/python3.12/site-packages/airflow/example_dags/example_task_group.py
[2026-03-29T21:49:31.680+0000] {logging_mixin.py:188} INFO - [2026-03-29T21:49:31.680+0000] {dag.py:3089} INFO - Sync 1 DAGs
[2026-03-29T21:49:31.694+0000] {logging_mixin.py:188} INFO - [2026-03-29T21:49:31.694+0000] {dag.py:3947} INFO - Setting next_dagrun for example_task_group to 2026-03-28 00:00:00+00:00, run_after=2026-03-29 00:00:00+00:00
[2026-03-29T21:49:31.706+0000] {processor.py:183} INFO - Processing /home/airflow/.local/lib/python3.12/site-packages/airflow/example_dags/example_task_group.py took 0.188 seconds
