[2026-03-29T21:30:32.457+0000] {processor.py:161} INFO - Started process (PID=50) to work on /home/airflow/.local/lib/python3.12/site-packages/airflow/example_dags/example_short_circuit_operator.py
[2026-03-29T21:30:32.462+0000] {processor.py:830} INFO - Processing file /home/airflow/.local/lib/python3.12/site-packages/airflow/example_dags/example_short_circuit_operator.py for tasks to queue
[2026-03-29T21:30:32.467+0000] {logging_mixin.py:188} INFO - [2026-03-29T21:30:32.467+0000] {dagbag.py:545} INFO - Filling up the DagBag from /home/airflow/.local/lib/python3.12/site-packages/airflow/example_dags/example_short_circuit_operator.py
[2026-03-29T21:30:32.497+0000] {processor.py:840} INFO - DAG(s) 'example_short_circuit_operator' retrieved from /home/airflow/.local/lib/python3.12/site-packages/airflow/example_dags/example_short_circuit_operator.py
[2026-03-29T21:30:32.538+0000] {logging_mixin.py:188} INFO - [2026-03-29T21:30:32.538+0000] {dag.py:3089} INFO - Sync 1 DAGs
[2026-03-29T21:30:32.627+0000] {logging_mixin.py:188} INFO - [2026-03-29T21:30:32.626+0000] {dag.py:3947} INFO - Setting next_dagrun for example_short_circuit_operator to 2026-03-28 00:00:00+00:00, run_after=2026-03-29 00:00:00+00:00
[2026-03-29T21:30:32.666+0000] {processor.py:183} INFO - Processing /home/airflow/.local/lib/python3.12/site-packages/airflow/example_dags/example_short_circuit_operator.py took 0.226 seconds
[2026-03-29T21:31:03.460+0000] {processor.py:161} INFO - Started process (PID=102) to work on /home/airflow/.local/lib/python3.12/site-packages/airflow/example_dags/example_short_circuit_operator.py
[2026-03-29T21:31:03.465+0000] {processor.py:830} INFO - Processing file /home/airflow/.local/lib/python3.12/site-packages/airflow/example_dags/example_short_circuit_operator.py for tasks to queue
[2026-03-29T21:31:03.469+0000] {logging_mixin.py:188} INFO - [2026-03-29T21:31:03.468+0000] {dagbag.py:545} INFO - Filling up the DagBag from /home/airflow/.local/lib/python3.12/site-packages/airflow/example_dags/example_short_circuit_operator.py
[2026-03-29T21:31:03.482+0000] {processor.py:840} INFO - DAG(s) 'example_short_circuit_operator' retrieved from /home/airflow/.local/lib/python3.12/site-packages/airflow/example_dags/example_short_circuit_operator.py
[2026-03-29T21:31:03.662+0000] {logging_mixin.py:188} INFO - [2026-03-29T21:31:03.662+0000] {dag.py:3089} INFO - Sync 1 DAGs
[2026-03-29T21:31:03.702+0000] {logging_mixin.py:188} INFO - [2026-03-29T21:31:03.701+0000] {dag.py:3947} INFO - Setting next_dagrun for example_short_circuit_operator to 2026-03-28 00:00:00+00:00, run_after=2026-03-29 00:00:00+00:00
[2026-03-29T21:31:03.745+0000] {processor.py:183} INFO - Processing /home/airflow/.local/lib/python3.12/site-packages/airflow/example_dags/example_short_circuit_operator.py took 0.294 seconds
[2026-03-29T21:31:34.136+0000] {processor.py:161} INFO - Started process (PID=154) to work on /home/airflow/.local/lib/python3.12/site-packages/airflow/example_dags/example_short_circuit_operator.py
[2026-03-29T21:31:34.138+0000] {processor.py:830} INFO - Processing file /home/airflow/.local/lib/python3.12/site-packages/airflow/example_dags/example_short_circuit_operator.py for tasks to queue
[2026-03-29T21:31:34.139+0000] {logging_mixin.py:188} INFO - [2026-03-29T21:31:34.139+0000] {dagbag.py:545} INFO - Filling up the DagBag from /home/airflow/.local/lib/python3.12/site-packages/airflow/example_dags/example_short_circuit_operator.py
[2026-03-29T21:31:34.150+0000] {processor.py:840} INFO - DAG(s) 'example_short_circuit_operator' retrieved from /home/airflow/.local/lib/python3.12/site-packages/airflow/example_dags/example_short_circuit_operator.py
[2026-03-29T21:31:34.183+0000] {logging_mixin.py:188} INFO - [2026-03-29T21:31:34.183+0000] {dag.py:3089} INFO - Sync 1 DAGs
[2026-03-29T21:31:34.222+0000] {logging_mixin.py:188} INFO - [2026-03-29T21:31:34.221+0000] {dag.py:3947} INFO - Setting next_dagrun for example_short_circuit_operator to 2026-03-28 00:00:00+00:00, run_after=2026-03-29 00:00:00+00:00
[2026-03-29T21:31:34.251+0000] {processor.py:183} INFO - Processing /home/airflow/.local/lib/python3.12/site-packages/airflow/example_dags/example_short_circuit_operator.py took 0.122 seconds
[2026-03-29T21:32:05.736+0000] {processor.py:161} INFO - Started process (PID=206) to work on /home/airflow/.local/lib/python3.12/site-packages/airflow/example_dags/example_short_circuit_operator.py
[2026-03-29T21:32:05.737+0000] {processor.py:830} INFO - Processing file /home/airflow/.local/lib/python3.12/site-packages/airflow/example_dags/example_short_circuit_operator.py for tasks to queue
[2026-03-29T21:32:05.742+0000] {logging_mixin.py:188} INFO - [2026-03-29T21:32:05.741+0000] {dagbag.py:545} INFO - Filling up the DagBag from /home/airflow/.local/lib/python3.12/site-packages/airflow/example_dags/example_short_circuit_operator.py
[2026-03-29T21:32:05.757+0000] {processor.py:840} INFO - DAG(s) 'example_short_circuit_operator' retrieved from /home/airflow/.local/lib/python3.12/site-packages/airflow/example_dags/example_short_circuit_operator.py
[2026-03-29T21:32:05.803+0000] {logging_mixin.py:188} INFO - [2026-03-29T21:32:05.802+0000] {dag.py:3089} INFO - Sync 1 DAGs
[2026-03-29T21:32:05.833+0000] {logging_mixin.py:188} INFO - [2026-03-29T21:32:05.833+0000] {dag.py:3947} INFO - Setting next_dagrun for example_short_circuit_operator to 2026-03-28 00:00:00+00:00, run_after=2026-03-29 00:00:00+00:00
[2026-03-29T21:32:05.865+0000] {processor.py:183} INFO - Processing /home/airflow/.local/lib/python3.12/site-packages/airflow/example_dags/example_short_circuit_operator.py took 0.137 seconds
[2026-03-29T21:32:35.988+0000] {processor.py:161} INFO - Started process (PID=258) to work on /home/airflow/.local/lib/python3.12/site-packages/airflow/example_dags/example_short_circuit_operator.py
[2026-03-29T21:32:35.990+0000] {processor.py:830} INFO - Processing file /home/airflow/.local/lib/python3.12/site-packages/airflow/example_dags/example_short_circuit_operator.py for tasks to queue
[2026-03-29T21:32:35.993+0000] {logging_mixin.py:188} INFO - [2026-03-29T21:32:35.993+0000] {dagbag.py:545} INFO - Filling up the DagBag from /home/airflow/.local/lib/python3.12/site-packages/airflow/example_dags/example_short_circuit_operator.py
[2026-03-29T21:32:35.999+0000] {processor.py:840} INFO - DAG(s) 'example_short_circuit_operator' retrieved from /home/airflow/.local/lib/python3.12/site-packages/airflow/example_dags/example_short_circuit_operator.py
[2026-03-29T21:32:36.016+0000] {logging_mixin.py:188} INFO - [2026-03-29T21:32:36.016+0000] {dag.py:3089} INFO - Sync 1 DAGs
[2026-03-29T21:32:36.032+0000] {logging_mixin.py:188} INFO - [2026-03-29T21:32:36.032+0000] {dag.py:3947} INFO - Setting next_dagrun for example_short_circuit_operator to 2026-03-28 00:00:00+00:00, run_after=2026-03-29 00:00:00+00:00
[2026-03-29T21:32:36.051+0000] {processor.py:183} INFO - Processing /home/airflow/.local/lib/python3.12/site-packages/airflow/example_dags/example_short_circuit_operator.py took 0.068 seconds
[2026-03-29T21:33:06.436+0000] {processor.py:161} INFO - Started process (PID=310) to work on /home/airflow/.local/lib/python3.12/site-packages/airflow/example_dags/example_short_circuit_operator.py
[2026-03-29T21:33:06.438+0000] {processor.py:830} INFO - Processing file /home/airflow/.local/lib/python3.12/site-packages/airflow/example_dags/example_short_circuit_operator.py for tasks to queue
[2026-03-29T21:33:06.441+0000] {logging_mixin.py:188} INFO - [2026-03-29T21:33:06.441+0000] {dagbag.py:545} INFO - Filling up the DagBag from /home/airflow/.local/lib/python3.12/site-packages/airflow/example_dags/example_short_circuit_operator.py
[2026-03-29T21:33:06.448+0000] {processor.py:840} INFO - DAG(s) 'example_short_circuit_operator' retrieved from /home/airflow/.local/lib/python3.12/site-packages/airflow/example_dags/example_short_circuit_operator.py
[2026-03-29T21:33:06.471+0000] {logging_mixin.py:188} INFO - [2026-03-29T21:33:06.471+0000] {dag.py:3089} INFO - Sync 1 DAGs
[2026-03-29T21:33:06.492+0000] {logging_mixin.py:188} INFO - [2026-03-29T21:33:06.492+0000] {dag.py:3947} INFO - Setting next_dagrun for example_short_circuit_operator to 2026-03-28 00:00:00+00:00, run_after=2026-03-29 00:00:00+00:00
[2026-03-29T21:33:06.515+0000] {processor.py:183} INFO - Processing /home/airflow/.local/lib/python3.12/site-packages/airflow/example_dags/example_short_circuit_operator.py took 0.086 seconds
[2026-03-29T21:33:37.163+0000] {processor.py:161} INFO - Started process (PID=362) to work on /home/airflow/.local/lib/python3.12/site-packages/airflow/example_dags/example_short_circuit_operator.py
[2026-03-29T21:33:37.165+0000] {processor.py:830} INFO - Processing file /home/airflow/.local/lib/python3.12/site-packages/airflow/example_dags/example_short_circuit_operator.py for tasks to queue
[2026-03-29T21:33:37.167+0000] {logging_mixin.py:188} INFO - [2026-03-29T21:33:37.167+0000] {dagbag.py:545} INFO - Filling up the DagBag from /home/airflow/.local/lib/python3.12/site-packages/airflow/example_dags/example_short_circuit_operator.py
[2026-03-29T21:33:37.176+0000] {processor.py:840} INFO - DAG(s) 'example_short_circuit_operator' retrieved from /home/airflow/.local/lib/python3.12/site-packages/airflow/example_dags/example_short_circuit_operator.py
[2026-03-29T21:33:37.200+0000] {logging_mixin.py:188} INFO - [2026-03-29T21:33:37.200+0000] {dag.py:3089} INFO - Sync 1 DAGs
[2026-03-29T21:33:37.225+0000] {logging_mixin.py:188} INFO - [2026-03-29T21:33:37.225+0000] {dag.py:3947} INFO - Setting next_dagrun for example_short_circuit_operator to 2026-03-28 00:00:00+00:00, run_after=2026-03-29 00:00:00+00:00
[2026-03-29T21:33:37.248+0000] {processor.py:183} INFO - Processing /home/airflow/.local/lib/python3.12/site-packages/airflow/example_dags/example_short_circuit_operator.py took 0.091 seconds
[2026-03-29T21:34:07.878+0000] {processor.py:161} INFO - Started process (PID=414) to work on /home/airflow/.local/lib/python3.12/site-packages/airflow/example_dags/example_short_circuit_operator.py
[2026-03-29T21:34:07.880+0000] {processor.py:830} INFO - Processing file /home/airflow/.local/lib/python3.12/site-packages/airflow/example_dags/example_short_circuit_operator.py for tasks to queue
[2026-03-29T21:34:07.882+0000] {logging_mixin.py:188} INFO - [2026-03-29T21:34:07.881+0000] {dagbag.py:545} INFO - Filling up the DagBag from /home/airflow/.local/lib/python3.12/site-packages/airflow/example_dags/example_short_circuit_operator.py
[2026-03-29T21:34:07.888+0000] {processor.py:840} INFO - DAG(s) 'example_short_circuit_operator' retrieved from /home/airflow/.local/lib/python3.12/site-packages/airflow/example_dags/example_short_circuit_operator.py
[2026-03-29T21:34:07.914+0000] {logging_mixin.py:188} INFO - [2026-03-29T21:34:07.913+0000] {dag.py:3089} INFO - Sync 1 DAGs
[2026-03-29T21:34:07.934+0000] {logging_mixin.py:188} INFO - [2026-03-29T21:34:07.934+0000] {dag.py:3947} INFO - Setting next_dagrun for example_short_circuit_operator to 2026-03-28 00:00:00+00:00, run_after=2026-03-29 00:00:00+00:00
[2026-03-29T21:34:07.959+0000] {processor.py:183} INFO - Processing /home/airflow/.local/lib/python3.12/site-packages/airflow/example_dags/example_short_circuit_operator.py took 0.087 seconds
[2026-03-29T21:34:38.281+0000] {processor.py:161} INFO - Started process (PID=466) to work on /home/airflow/.local/lib/python3.12/site-packages/airflow/example_dags/example_short_circuit_operator.py
[2026-03-29T21:34:38.284+0000] {processor.py:830} INFO - Processing file /home/airflow/.local/lib/python3.12/site-packages/airflow/example_dags/example_short_circuit_operator.py for tasks to queue
[2026-03-29T21:34:38.285+0000] {logging_mixin.py:188} INFO - [2026-03-29T21:34:38.285+0000] {dagbag.py:545} INFO - Filling up the DagBag from /home/airflow/.local/lib/python3.12/site-packages/airflow/example_dags/example_short_circuit_operator.py
[2026-03-29T21:34:38.293+0000] {processor.py:840} INFO - DAG(s) 'example_short_circuit_operator' retrieved from /home/airflow/.local/lib/python3.12/site-packages/airflow/example_dags/example_short_circuit_operator.py
[2026-03-29T21:34:38.322+0000] {logging_mixin.py:188} INFO - [2026-03-29T21:34:38.321+0000] {dag.py:3089} INFO - Sync 1 DAGs
[2026-03-29T21:34:38.345+0000] {logging_mixin.py:188} INFO - [2026-03-29T21:34:38.345+0000] {dag.py:3947} INFO - Setting next_dagrun for example_short_circuit_operator to 2026-03-28 00:00:00+00:00, run_after=2026-03-29 00:00:00+00:00
[2026-03-29T21:34:38.374+0000] {processor.py:183} INFO - Processing /home/airflow/.local/lib/python3.12/site-packages/airflow/example_dags/example_short_circuit_operator.py took 0.099 seconds
[2026-03-29T21:35:09.328+0000] {processor.py:161} INFO - Started process (PID=518) to work on /home/airflow/.local/lib/python3.12/site-packages/airflow/example_dags/example_short_circuit_operator.py
[2026-03-29T21:35:09.330+0000] {processor.py:830} INFO - Processing file /home/airflow/.local/lib/python3.12/site-packages/airflow/example_dags/example_short_circuit_operator.py for tasks to queue
[2026-03-29T21:35:09.331+0000] {logging_mixin.py:188} INFO - [2026-03-29T21:35:09.331+0000] {dagbag.py:545} INFO - Filling up the DagBag from /home/airflow/.local/lib/python3.12/site-packages/airflow/example_dags/example_short_circuit_operator.py
[2026-03-29T21:35:09.337+0000] {processor.py:840} INFO - DAG(s) 'example_short_circuit_operator' retrieved from /home/airflow/.local/lib/python3.12/site-packages/airflow/example_dags/example_short_circuit_operator.py
[2026-03-29T21:35:09.363+0000] {logging_mixin.py:188} INFO - [2026-03-29T21:35:09.363+0000] {dag.py:3089} INFO - Sync 1 DAGs
[2026-03-29T21:35:09.390+0000] {logging_mixin.py:188} INFO - [2026-03-29T21:35:09.390+0000] {dag.py:3947} INFO - Setting next_dagrun for example_short_circuit_operator to 2026-03-28 00:00:00+00:00, run_after=2026-03-29 00:00:00+00:00
[2026-03-29T21:35:09.417+0000] {processor.py:183} INFO - Processing /home/airflow/.local/lib/python3.12/site-packages/airflow/example_dags/example_short_circuit_operator.py took 0.094 seconds
[2026-03-29T21:35:40.246+0000] {processor.py:161} INFO - Started process (PID=570) to work on /home/airflow/.local/lib/python3.12/site-packages/airflow/example_dags/example_short_circuit_operator.py
[2026-03-29T21:35:40.247+0000] {processor.py:830} INFO - Processing file /home/airflow/.local/lib/python3.12/site-packages/airflow/example_dags/example_short_circuit_operator.py for tasks to queue
[2026-03-29T21:35:40.250+0000] {logging_mixin.py:188} INFO - [2026-03-29T21:35:40.249+0000] {dagbag.py:545} INFO - Filling up the DagBag from /home/airflow/.local/lib/python3.12/site-packages/airflow/example_dags/example_short_circuit_operator.py
[2026-03-29T21:35:40.256+0000] {processor.py:840} INFO - DAG(s) 'example_short_circuit_operator' retrieved from /home/airflow/.local/lib/python3.12/site-packages/airflow/example_dags/example_short_circuit_operator.py
[2026-03-29T21:35:40.276+0000] {logging_mixin.py:188} INFO - [2026-03-29T21:35:40.275+0000] {dag.py:3089} INFO - Sync 1 DAGs
[2026-03-29T21:35:40.300+0000] {logging_mixin.py:188} INFO - [2026-03-29T21:35:40.300+0000] {dag.py:3947} INFO - Setting next_dagrun for example_short_circuit_operator to 2026-03-28 00:00:00+00:00, run_after=2026-03-29 00:00:00+00:00
[2026-03-29T21:35:40.316+0000] {processor.py:183} INFO - Processing /home/airflow/.local/lib/python3.12/site-packages/airflow/example_dags/example_short_circuit_operator.py took 0.075 seconds
[2026-03-29T21:36:10.822+0000] {processor.py:161} INFO - Started process (PID=622) to work on /home/airflow/.local/lib/python3.12/site-packages/airflow/example_dags/example_short_circuit_operator.py
[2026-03-29T21:36:10.823+0000] {processor.py:830} INFO - Processing file /home/airflow/.local/lib/python3.12/site-packages/airflow/example_dags/example_short_circuit_operator.py for tasks to queue
[2026-03-29T21:36:10.826+0000] {logging_mixin.py:188} INFO - [2026-03-29T21:36:10.825+0000] {dagbag.py:545} INFO - Filling up the DagBag from /home/airflow/.local/lib/python3.12/site-packages/airflow/example_dags/example_short_circuit_operator.py
[2026-03-29T21:36:10.833+0000] {processor.py:840} INFO - DAG(s) 'example_short_circuit_operator' retrieved from /home/airflow/.local/lib/python3.12/site-packages/airflow/example_dags/example_short_circuit_operator.py
[2026-03-29T21:36:10.853+0000] {logging_mixin.py:188} INFO - [2026-03-29T21:36:10.853+0000] {dag.py:3089} INFO - Sync 1 DAGs
[2026-03-29T21:36:10.870+0000] {logging_mixin.py:188} INFO - [2026-03-29T21:36:10.870+0000] {dag.py:3947} INFO - Setting next_dagrun for example_short_circuit_operator to 2026-03-28 00:00:00+00:00, run_after=2026-03-29 00:00:00+00:00
[2026-03-29T21:36:10.882+0000] {processor.py:183} INFO - Processing /home/airflow/.local/lib/python3.12/site-packages/airflow/example_dags/example_short_circuit_operator.py took 0.066 seconds
[2026-03-29T21:36:41.063+0000] {processor.py:161} INFO - Started process (PID=674) to work on /home/airflow/.local/lib/python3.12/site-packages/airflow/example_dags/example_short_circuit_operator.py
[2026-03-29T21:36:41.064+0000] {processor.py:830} INFO - Processing file /home/airflow/.local/lib/python3.12/site-packages/airflow/example_dags/example_short_circuit_operator.py for tasks to queue
[2026-03-29T21:36:41.066+0000] {logging_mixin.py:188} INFO - [2026-03-29T21:36:41.066+0000] {dagbag.py:545} INFO - Filling up the DagBag from /home/airflow/.local/lib/python3.12/site-packages/airflow/example_dags/example_short_circuit_operator.py
[2026-03-29T21:36:41.072+0000] {processor.py:840} INFO - DAG(s) 'example_short_circuit_operator' retrieved from /home/airflow/.local/lib/python3.12/site-packages/airflow/example_dags/example_short_circuit_operator.py
[2026-03-29T21:36:41.092+0000] {logging_mixin.py:188} INFO - [2026-03-29T21:36:41.092+0000] {dag.py:3089} INFO - Sync 1 DAGs
[2026-03-29T21:36:41.107+0000] {logging_mixin.py:188} INFO - [2026-03-29T21:36:41.107+0000] {dag.py:3947} INFO - Setting next_dagrun for example_short_circuit_operator to 2026-03-28 00:00:00+00:00, run_after=2026-03-29 00:00:00+00:00
[2026-03-29T21:36:41.119+0000] {processor.py:183} INFO - Processing /home/airflow/.local/lib/python3.12/site-packages/airflow/example_dags/example_short_circuit_operator.py took 0.060 seconds
[2026-03-29T21:37:11.769+0000] {processor.py:161} INFO - Started process (PID=726) to work on /home/airflow/.local/lib/python3.12/site-packages/airflow/example_dags/example_short_circuit_operator.py
[2026-03-29T21:37:11.770+0000] {processor.py:830} INFO - Processing file /home/airflow/.local/lib/python3.12/site-packages/airflow/example_dags/example_short_circuit_operator.py for tasks to queue
[2026-03-29T21:37:11.773+0000] {logging_mixin.py:188} INFO - [2026-03-29T21:37:11.773+0000] {dagbag.py:545} INFO - Filling up the DagBag from /home/airflow/.local/lib/python3.12/site-packages/airflow/example_dags/example_short_circuit_operator.py
[2026-03-29T21:37:11.780+0000] {processor.py:840} INFO - DAG(s) 'example_short_circuit_operator' retrieved from /home/airflow/.local/lib/python3.12/site-packages/airflow/example_dags/example_short_circuit_operator.py
[2026-03-29T21:37:11.803+0000] {logging_mixin.py:188} INFO - [2026-03-29T21:37:11.803+0000] {dag.py:3089} INFO - Sync 1 DAGs
[2026-03-29T21:37:11.823+0000] {logging_mixin.py:188} INFO - [2026-03-29T21:37:11.823+0000] {dag.py:3947} INFO - Setting next_dagrun for example_short_circuit_operator to 2026-03-28 00:00:00+00:00, run_after=2026-03-29 00:00:00+00:00
[2026-03-29T21:37:11.838+0000] {processor.py:183} INFO - Processing /home/airflow/.local/lib/python3.12/site-packages/airflow/example_dags/example_short_circuit_operator.py took 0.074 seconds
[2026-03-29T21:37:42.195+0000] {processor.py:161} INFO - Started process (PID=778) to work on /home/airflow/.local/lib/python3.12/site-packages/airflow/example_dags/example_short_circuit_operator.py
[2026-03-29T21:37:42.197+0000] {processor.py:830} INFO - Processing file /home/airflow/.local/lib/python3.12/site-packages/airflow/example_dags/example_short_circuit_operator.py for tasks to queue
[2026-03-29T21:37:42.198+0000] {logging_mixin.py:188} INFO - [2026-03-29T21:37:42.198+0000] {dagbag.py:545} INFO - Filling up the DagBag from /home/airflow/.local/lib/python3.12/site-packages/airflow/example_dags/example_short_circuit_operator.py
[2026-03-29T21:37:42.206+0000] {processor.py:840} INFO - DAG(s) 'example_short_circuit_operator' retrieved from /home/airflow/.local/lib/python3.12/site-packages/airflow/example_dags/example_short_circuit_operator.py
[2026-03-29T21:37:42.230+0000] {logging_mixin.py:188} INFO - [2026-03-29T21:37:42.230+0000] {dag.py:3089} INFO - Sync 1 DAGs
[2026-03-29T21:37:42.248+0000] {logging_mixin.py:188} INFO - [2026-03-29T21:37:42.248+0000] {dag.py:3947} INFO - Setting next_dagrun for example_short_circuit_operator to 2026-03-28 00:00:00+00:00, run_after=2026-03-29 00:00:00+00:00
[2026-03-29T21:37:42.265+0000] {processor.py:183} INFO - Processing /home/airflow/.local/lib/python3.12/site-packages/airflow/example_dags/example_short_circuit_operator.py took 0.075 seconds
[2026-03-29T21:38:12.472+0000] {processor.py:161} INFO - Started process (PID=830) to work on /home/airflow/.local/lib/python3.12/site-packages/airflow/example_dags/example_short_circuit_operator.py
[2026-03-29T21:38:12.473+0000] {processor.py:830} INFO - Processing file /home/airflow/.local/lib/python3.12/site-packages/airflow/example_dags/example_short_circuit_operator.py for tasks to queue
[2026-03-29T21:38:12.476+0000] {logging_mixin.py:188} INFO - [2026-03-29T21:38:12.475+0000] {dagbag.py:545} INFO - Filling up the DagBag from /home/airflow/.local/lib/python3.12/site-packages/airflow/example_dags/example_short_circuit_operator.py
[2026-03-29T21:38:12.483+0000] {processor.py:840} INFO - DAG(s) 'example_short_circuit_operator' retrieved from /home/airflow/.local/lib/python3.12/site-packages/airflow/example_dags/example_short_circuit_operator.py
[2026-03-29T21:38:12.508+0000] {logging_mixin.py:188} INFO - [2026-03-29T21:38:12.508+0000] {dag.py:3089} INFO - Sync 1 DAGs
[2026-03-29T21:38:12.533+0000] {logging_mixin.py:188} INFO - [2026-03-29T21:38:12.533+0000] {dag.py:3947} INFO - Setting next_dagrun for example_short_circuit_operator to 2026-03-28 00:00:00+00:00, run_after=2026-03-29 00:00:00+00:00
[2026-03-29T21:38:12.547+0000] {processor.py:183} INFO - Processing /home/airflow/.local/lib/python3.12/site-packages/airflow/example_dags/example_short_circuit_operator.py took 0.081 seconds
[2026-03-29T21:38:43.083+0000] {processor.py:161} INFO - Started process (PID=882) to work on /home/airflow/.local/lib/python3.12/site-packages/airflow/example_dags/example_short_circuit_operator.py
[2026-03-29T21:38:43.084+0000] {processor.py:830} INFO - Processing file /home/airflow/.local/lib/python3.12/site-packages/airflow/example_dags/example_short_circuit_operator.py for tasks to queue
[2026-03-29T21:38:43.086+0000] {logging_mixin.py:188} INFO - [2026-03-29T21:38:43.085+0000] {dagbag.py:545} INFO - Filling up the DagBag from /home/airflow/.local/lib/python3.12/site-packages/airflow/example_dags/example_short_circuit_operator.py
[2026-03-29T21:38:43.092+0000] {processor.py:840} INFO - DAG(s) 'example_short_circuit_operator' retrieved from /home/airflow/.local/lib/python3.12/site-packages/airflow/example_dags/example_short_circuit_operator.py
[2026-03-29T21:38:43.110+0000] {logging_mixin.py:188} INFO - [2026-03-29T21:38:43.110+0000] {dag.py:3089} INFO - Sync 1 DAGs
[2026-03-29T21:38:43.125+0000] {logging_mixin.py:188} INFO - [2026-03-29T21:38:43.125+0000] {dag.py:3947} INFO - Setting next_dagrun for example_short_circuit_operator to 2026-03-28 00:00:00+00:00, run_after=2026-03-29 00:00:00+00:00
[2026-03-29T21:38:43.141+0000] {processor.py:183} INFO - Processing /home/airflow/.local/lib/python3.12/site-packages/airflow/example_dags/example_short_circuit_operator.py took 0.063 seconds
[2026-03-29T21:39:13.560+0000] {processor.py:161} INFO - Started process (PID=934) to work on /home/airflow/.local/lib/python3.12/site-packages/airflow/example_dags/example_short_circuit_operator.py
[2026-03-29T21:39:13.562+0000] {processor.py:830} INFO - Processing file /home/airflow/.local/lib/python3.12/site-packages/airflow/example_dags/example_short_circuit_operator.py for tasks to queue
[2026-03-29T21:39:13.564+0000] {logging_mixin.py:188} INFO - [2026-03-29T21:39:13.564+0000] {dagbag.py:545} INFO - Filling up the DagBag from /home/airflow/.local/lib/python3.12/site-packages/airflow/example_dags/example_short_circuit_operator.py
[2026-03-29T21:39:13.574+0000] {processor.py:840} INFO - DAG(s) 'example_short_circuit_operator' retrieved from /home/airflow/.local/lib/python3.12/site-packages/airflow/example_dags/example_short_circuit_operator.py
[2026-03-29T21:39:13.591+0000] {logging_mixin.py:188} INFO - [2026-03-29T21:39:13.591+0000] {dag.py:3089} INFO - Sync 1 DAGs
[2026-03-29T21:39:13.606+0000] {logging_mixin.py:188} INFO - [2026-03-29T21:39:13.606+0000] {dag.py:3947} INFO - Setting next_dagrun for example_short_circuit_operator to 2026-03-28 00:00:00+00:00, run_after=2026-03-29 00:00:00+00:00
[2026-03-29T21:39:13.619+0000] {processor.py:183} INFO - Processing /home/airflow/.local/lib/python3.12/site-packages/airflow/example_dags/example_short_circuit_operator.py took 0.064 seconds
[2026-03-29T21:39:44.436+0000] {processor.py:161} INFO - Started process (PID=986) to work on /home/airflow/.local/lib/python3.12/site-packages/airflow/example_dags/example_short_circuit_operator.py
[2026-03-29T21:39:44.438+0000] {processor.py:830} INFO - Processing file /home/airflow/.local/lib/python3.12/site-packages/airflow/example_dags/example_short_circuit_operator.py for tasks to queue
[2026-03-29T21:39:44.440+0000] {logging_mixin.py:188} INFO - [2026-03-29T21:39:44.439+0000] {dagbag.py:545} INFO - Filling up the DagBag from /home/airflow/.local/lib/python3.12/site-packages/airflow/example_dags/example_short_circuit_operator.py
[2026-03-29T21:39:44.447+0000] {processor.py:840} INFO - DAG(s) 'example_short_circuit_operator' retrieved from /home/airflow/.local/lib/python3.12/site-packages/airflow/example_dags/example_short_circuit_operator.py
[2026-03-29T21:39:44.470+0000] {logging_mixin.py:188} INFO - [2026-03-29T21:39:44.470+0000] {dag.py:3089} INFO - Sync 1 DAGs
[2026-03-29T21:39:44.495+0000] {logging_mixin.py:188} INFO - [2026-03-29T21:39:44.495+0000] {dag.py:3947} INFO - Setting next_dagrun for example_short_circuit_operator to 2026-03-28 00:00:00+00:00, run_after=2026-03-29 00:00:00+00:00
[2026-03-29T21:39:44.514+0000] {processor.py:183} INFO - Processing /home/airflow/.local/lib/python3.12/site-packages/airflow/example_dags/example_short_circuit_operator.py took 0.083 seconds
[2026-03-29T21:40:15.430+0000] {processor.py:161} INFO - Started process (PID=1038) to work on /home/airflow/.local/lib/python3.12/site-packages/airflow/example_dags/example_short_circuit_operator.py
[2026-03-29T21:40:15.431+0000] {processor.py:830} INFO - Processing file /home/airflow/.local/lib/python3.12/site-packages/airflow/example_dags/example_short_circuit_operator.py for tasks to queue
[2026-03-29T21:40:15.432+0000] {logging_mixin.py:188} INFO - [2026-03-29T21:40:15.432+0000] {dagbag.py:545} INFO - Filling up the DagBag from /home/airflow/.local/lib/python3.12/site-packages/airflow/example_dags/example_short_circuit_operator.py
[2026-03-29T21:40:15.438+0000] {processor.py:840} INFO - DAG(s) 'example_short_circuit_operator' retrieved from /home/airflow/.local/lib/python3.12/site-packages/airflow/example_dags/example_short_circuit_operator.py
[2026-03-29T21:40:15.460+0000] {logging_mixin.py:188} INFO - [2026-03-29T21:40:15.459+0000] {dag.py:3089} INFO - Sync 1 DAGs
[2026-03-29T21:40:15.480+0000] {logging_mixin.py:188} INFO - [2026-03-29T21:40:15.480+0000] {dag.py:3947} INFO - Setting next_dagrun for example_short_circuit_operator to 2026-03-28 00:00:00+00:00, run_after=2026-03-29 00:00:00+00:00
[2026-03-29T21:40:15.508+0000] {processor.py:183} INFO - Processing /home/airflow/.local/lib/python3.12/site-packages/airflow/example_dags/example_short_circuit_operator.py took 0.082 seconds
[2026-03-29T21:40:45.955+0000] {processor.py:161} INFO - Started process (PID=1090) to work on /home/airflow/.local/lib/python3.12/site-packages/airflow/example_dags/example_short_circuit_operator.py
[2026-03-29T21:40:45.956+0000] {processor.py:830} INFO - Processing file /home/airflow/.local/lib/python3.12/site-packages/airflow/example_dags/example_short_circuit_operator.py for tasks to queue
[2026-03-29T21:40:45.958+0000] {logging_mixin.py:188} INFO - [2026-03-29T21:40:45.957+0000] {dagbag.py:545} INFO - Filling up the DagBag from /home/airflow/.local/lib/python3.12/site-packages/airflow/example_dags/example_short_circuit_operator.py
[2026-03-29T21:40:45.964+0000] {processor.py:840} INFO - DAG(s) 'example_short_circuit_operator' retrieved from /home/airflow/.local/lib/python3.12/site-packages/airflow/example_dags/example_short_circuit_operator.py
[2026-03-29T21:40:45.988+0000] {logging_mixin.py:188} INFO - [2026-03-29T21:40:45.988+0000] {dag.py:3089} INFO - Sync 1 DAGs
[2026-03-29T21:40:46.007+0000] {logging_mixin.py:188} INFO - [2026-03-29T21:40:46.007+0000] {dag.py:3947} INFO - Setting next_dagrun for example_short_circuit_operator to 2026-03-28 00:00:00+00:00, run_after=2026-03-29 00:00:00+00:00
[2026-03-29T21:40:46.021+0000] {processor.py:183} INFO - Processing /home/airflow/.local/lib/python3.12/site-packages/airflow/example_dags/example_short_circuit_operator.py took 0.071 seconds
[2026-03-29T21:41:16.842+0000] {processor.py:161} INFO - Started process (PID=1142) to work on /home/airflow/.local/lib/python3.12/site-packages/airflow/example_dags/example_short_circuit_operator.py
[2026-03-29T21:41:16.843+0000] {processor.py:830} INFO - Processing file /home/airflow/.local/lib/python3.12/site-packages/airflow/example_dags/example_short_circuit_operator.py for tasks to queue
[2026-03-29T21:41:16.844+0000] {logging_mixin.py:188} INFO - [2026-03-29T21:41:16.844+0000] {dagbag.py:545} INFO - Filling up the DagBag from /home/airflow/.local/lib/python3.12/site-packages/airflow/example_dags/example_short_circuit_operator.py
[2026-03-29T21:41:16.850+0000] {processor.py:840} INFO - DAG(s) 'example_short_circuit_operator' retrieved from /home/airflow/.local/lib/python3.12/site-packages/airflow/example_dags/example_short_circuit_operator.py
[2026-03-29T21:41:16.868+0000] {logging_mixin.py:188} INFO - [2026-03-29T21:41:16.868+0000] {dag.py:3089} INFO - Sync 1 DAGs
[2026-03-29T21:41:16.891+0000] {logging_mixin.py:188} INFO - [2026-03-29T21:41:16.889+0000] {dag.py:3947} INFO - Setting next_dagrun for example_short_circuit_operator to 2026-03-28 00:00:00+00:00, run_after=2026-03-29 00:00:00+00:00
[2026-03-29T21:41:16.907+0000] {processor.py:183} INFO - Processing /home/airflow/.local/lib/python3.12/site-packages/airflow/example_dags/example_short_circuit_operator.py took 0.070 seconds
[2026-03-29T21:41:47.802+0000] {processor.py:161} INFO - Started process (PID=1194) to work on /home/airflow/.local/lib/python3.12/site-packages/airflow/example_dags/example_short_circuit_operator.py
[2026-03-29T21:41:47.803+0000] {processor.py:830} INFO - Processing file /home/airflow/.local/lib/python3.12/site-packages/airflow/example_dags/example_short_circuit_operator.py for tasks to queue
[2026-03-29T21:41:47.804+0000] {logging_mixin.py:188} INFO - [2026-03-29T21:41:47.804+0000] {dagbag.py:545} INFO - Filling up the DagBag from /home/airflow/.local/lib/python3.12/site-packages/airflow/example_dags/example_short_circuit_operator.py
[2026-03-29T21:41:47.810+0000] {processor.py:840} INFO - DAG(s) 'example_short_circuit_operator' retrieved from /home/airflow/.local/lib/python3.12/site-packages/airflow/example_dags/example_short_circuit_operator.py
[2026-03-29T21:41:47.830+0000] {logging_mixin.py:188} INFO - [2026-03-29T21:41:47.830+0000] {dag.py:3089} INFO - Sync 1 DAGs
[2026-03-29T21:41:47.850+0000] {logging_mixin.py:188} INFO - [2026-03-29T21:41:47.850+0000] {dag.py:3947} INFO - Setting next_dagrun for example_short_circuit_operator to 2026-03-28 00:00:00+00:00, run_after=2026-03-29 00:00:00+00:00
[2026-03-29T21:41:47.867+0000] {processor.py:183} INFO - Processing /home/airflow/.local/lib/python3.12/site-packages/airflow/example_dags/example_short_circuit_operator.py took 0.070 seconds
[2026-03-29T21:42:18.942+0000] {processor.py:161} INFO - Started process (PID=1246) to work on /home/airflow/.local/lib/python3.12/site-packages/airflow/example_dags/example_short_circuit_operator.py
[2026-03-29T21:42:18.944+0000] {processor.py:830} INFO - Processing file /home/airflow/.local/lib/python3.12/site-packages/airflow/example_dags/example_short_circuit_operator.py for tasks to queue
[2026-03-29T21:42:18.947+0000] {logging_mixin.py:188} INFO - [2026-03-29T21:42:18.947+0000] {dagbag.py:545} INFO - Filling up the DagBag from /home/airflow/.local/lib/python3.12/site-packages/airflow/example_dags/example_short_circuit_operator.py
[2026-03-29T21:42:18.954+0000] {processor.py:840} INFO - DAG(s) 'example_short_circuit_operator' retrieved from /home/airflow/.local/lib/python3.12/site-packages/airflow/example_dags/example_short_circuit_operator.py
[2026-03-29T21:42:18.974+0000] {logging_mixin.py:188} INFO - [2026-03-29T21:42:18.973+0000] {dag.py:3089} INFO - Sync 1 DAGs
[2026-03-29T21:42:18.989+0000] {logging_mixin.py:188} INFO - [2026-03-29T21:42:18.989+0000] {dag.py:3947} INFO - Setting next_dagrun for example_short_circuit_operator to 2026-03-28 00:00:00+00:00, run_after=2026-03-29 00:00:00+00:00
[2026-03-29T21:42:19.010+0000] {processor.py:183} INFO - Processing /home/airflow/.local/lib/python3.12/site-packages/airflow/example_dags/example_short_circuit_operator.py took 0.073 seconds
[2026-03-29T21:42:50.301+0000] {processor.py:161} INFO - Started process (PID=1298) to work on /home/airflow/.local/lib/python3.12/site-packages/airflow/example_dags/example_short_circuit_operator.py
[2026-03-29T21:42:50.302+0000] {processor.py:830} INFO - Processing file /home/airflow/.local/lib/python3.12/site-packages/airflow/example_dags/example_short_circuit_operator.py for tasks to queue
[2026-03-29T21:42:50.304+0000] {logging_mixin.py:188} INFO - [2026-03-29T21:42:50.304+0000] {dagbag.py:545} INFO - Filling up the DagBag from /home/airflow/.local/lib/python3.12/site-packages/airflow/example_dags/example_short_circuit_operator.py
[2026-03-29T21:42:50.311+0000] {processor.py:840} INFO - DAG(s) 'example_short_circuit_operator' retrieved from /home/airflow/.local/lib/python3.12/site-packages/airflow/example_dags/example_short_circuit_operator.py
[2026-03-29T21:42:50.338+0000] {logging_mixin.py:188} INFO - [2026-03-29T21:42:50.338+0000] {dag.py:3089} INFO - Sync 1 DAGs
[2026-03-29T21:42:50.368+0000] {logging_mixin.py:188} INFO - [2026-03-29T21:42:50.368+0000] {dag.py:3947} INFO - Setting next_dagrun for example_short_circuit_operator to 2026-03-28 00:00:00+00:00, run_after=2026-03-29 00:00:00+00:00
[2026-03-29T21:42:50.386+0000] {processor.py:183} INFO - Processing /home/airflow/.local/lib/python3.12/site-packages/airflow/example_dags/example_short_circuit_operator.py took 0.091 seconds
[2026-03-29T21:43:21.357+0000] {processor.py:161} INFO - Started process (PID=1350) to work on /home/airflow/.local/lib/python3.12/site-packages/airflow/example_dags/example_short_circuit_operator.py
[2026-03-29T21:43:21.360+0000] {processor.py:830} INFO - Processing file /home/airflow/.local/lib/python3.12/site-packages/airflow/example_dags/example_short_circuit_operator.py for tasks to queue
[2026-03-29T21:43:21.362+0000] {logging_mixin.py:188} INFO - [2026-03-29T21:43:21.362+0000] {dagbag.py:545} INFO - Filling up the DagBag from /home/airflow/.local/lib/python3.12/site-packages/airflow/example_dags/example_short_circuit_operator.py
[2026-03-29T21:43:21.374+0000] {processor.py:840} INFO - DAG(s) 'example_short_circuit_operator' retrieved from /home/airflow/.local/lib/python3.12/site-packages/airflow/example_dags/example_short_circuit_operator.py
[2026-03-29T21:43:21.431+0000] {logging_mixin.py:188} INFO - [2026-03-29T21:43:21.431+0000] {dag.py:3089} INFO - Sync 1 DAGs
[2026-03-29T21:43:21.463+0000] {logging_mixin.py:188} INFO - [2026-03-29T21:43:21.463+0000] {dag.py:3947} INFO - Setting next_dagrun for example_short_circuit_operator to 2026-03-28 00:00:00+00:00, run_after=2026-03-29 00:00:00+00:00
[2026-03-29T21:43:21.492+0000] {processor.py:183} INFO - Processing /home/airflow/.local/lib/python3.12/site-packages/airflow/example_dags/example_short_circuit_operator.py took 0.146 seconds
[2026-03-29T21:43:52.424+0000] {processor.py:161} INFO - Started process (PID=1402) to work on /home/airflow/.local/lib/python3.12/site-packages/airflow/example_dags/example_short_circuit_operator.py
[2026-03-29T21:43:52.426+0000] {processor.py:830} INFO - Processing file /home/airflow/.local/lib/python3.12/site-packages/airflow/example_dags/example_short_circuit_operator.py for tasks to queue
[2026-03-29T21:43:52.427+0000] {logging_mixin.py:188} INFO - [2026-03-29T21:43:52.427+0000] {dagbag.py:545} INFO - Filling up the DagBag from /home/airflow/.local/lib/python3.12/site-packages/airflow/example_dags/example_short_circuit_operator.py
[2026-03-29T21:43:52.433+0000] {processor.py:840} INFO - DAG(s) 'example_short_circuit_operator' retrieved from /home/airflow/.local/lib/python3.12/site-packages/airflow/example_dags/example_short_circuit_operator.py
[2026-03-29T21:43:52.452+0000] {logging_mixin.py:188} INFO - [2026-03-29T21:43:52.452+0000] {dag.py:3089} INFO - Sync 1 DAGs
[2026-03-29T21:43:52.473+0000] {logging_mixin.py:188} INFO - [2026-03-29T21:43:52.472+0000] {dag.py:3947} INFO - Setting next_dagrun for example_short_circuit_operator to 2026-03-28 00:00:00+00:00, run_after=2026-03-29 00:00:00+00:00
[2026-03-29T21:43:52.495+0000] {processor.py:183} INFO - Processing /home/airflow/.local/lib/python3.12/site-packages/airflow/example_dags/example_short_circuit_operator.py took 0.076 seconds
[2026-03-29T21:44:22.750+0000] {processor.py:161} INFO - Started process (PID=1453) to work on /home/airflow/.local/lib/python3.12/site-packages/airflow/example_dags/example_short_circuit_operator.py
[2026-03-29T21:44:22.755+0000] {processor.py:830} INFO - Processing file /home/airflow/.local/lib/python3.12/site-packages/airflow/example_dags/example_short_circuit_operator.py for tasks to queue
[2026-03-29T21:44:22.761+0000] {logging_mixin.py:188} INFO - [2026-03-29T21:44:22.760+0000] {dagbag.py:545} INFO - Filling up the DagBag from /home/airflow/.local/lib/python3.12/site-packages/airflow/example_dags/example_short_circuit_operator.py
[2026-03-29T21:44:22.799+0000] {processor.py:840} INFO - DAG(s) 'example_short_circuit_operator' retrieved from /home/airflow/.local/lib/python3.12/site-packages/airflow/example_dags/example_short_circuit_operator.py
[2026-03-29T21:44:22.849+0000] {logging_mixin.py:188} INFO - [2026-03-29T21:44:22.848+0000] {dag.py:3089} INFO - Sync 1 DAGs
[2026-03-29T21:44:22.882+0000] {logging_mixin.py:188} INFO - [2026-03-29T21:44:22.882+0000] {dag.py:3947} INFO - Setting next_dagrun for example_short_circuit_operator to 2026-03-28 00:00:00+00:00, run_after=2026-03-29 00:00:00+00:00
[2026-03-29T21:44:22.912+0000] {processor.py:183} INFO - Processing /home/airflow/.local/lib/python3.12/site-packages/airflow/example_dags/example_short_circuit_operator.py took 0.186 seconds
[2026-03-29T21:44:53.942+0000] {processor.py:161} INFO - Started process (PID=1505) to work on /home/airflow/.local/lib/python3.12/site-packages/airflow/example_dags/example_short_circuit_operator.py
[2026-03-29T21:44:53.951+0000] {processor.py:830} INFO - Processing file /home/airflow/.local/lib/python3.12/site-packages/airflow/example_dags/example_short_circuit_operator.py for tasks to queue
[2026-03-29T21:44:53.965+0000] {logging_mixin.py:188} INFO - [2026-03-29T21:44:53.961+0000] {dagbag.py:545} INFO - Filling up the DagBag from /home/airflow/.local/lib/python3.12/site-packages/airflow/example_dags/example_short_circuit_operator.py
[2026-03-29T21:44:53.994+0000] {processor.py:840} INFO - DAG(s) 'example_short_circuit_operator' retrieved from /home/airflow/.local/lib/python3.12/site-packages/airflow/example_dags/example_short_circuit_operator.py
[2026-03-29T21:44:54.066+0000] {logging_mixin.py:188} INFO - [2026-03-29T21:44:54.065+0000] {dag.py:3089} INFO - Sync 1 DAGs
[2026-03-29T21:44:54.153+0000] {logging_mixin.py:188} INFO - [2026-03-29T21:44:54.152+0000] {dag.py:3947} INFO - Setting next_dagrun for example_short_circuit_operator to 2026-03-28 00:00:00+00:00, run_after=2026-03-29 00:00:00+00:00
[2026-03-29T21:44:54.202+0000] {processor.py:183} INFO - Processing /home/airflow/.local/lib/python3.12/site-packages/airflow/example_dags/example_short_circuit_operator.py took 0.381 seconds
[2026-03-29T21:45:25.217+0000] {processor.py:161} INFO - Started process (PID=1558) to work on /home/airflow/.local/lib/python3.12/site-packages/airflow/example_dags/example_short_circuit_operator.py
[2026-03-29T21:45:25.220+0000] {processor.py:830} INFO - Processing file /home/airflow/.local/lib/python3.12/site-packages/airflow/example_dags/example_short_circuit_operator.py for tasks to queue
[2026-03-29T21:45:25.225+0000] {logging_mixin.py:188} INFO - [2026-03-29T21:45:25.225+0000] {dagbag.py:545} INFO - Filling up the DagBag from /home/airflow/.local/lib/python3.12/site-packages/airflow/example_dags/example_short_circuit_operator.py
[2026-03-29T21:45:25.242+0000] {processor.py:840} INFO - DAG(s) 'example_short_circuit_operator' retrieved from /home/airflow/.local/lib/python3.12/site-packages/airflow/example_dags/example_short_circuit_operator.py
[2026-03-29T21:45:25.285+0000] {logging_mixin.py:188} INFO - [2026-03-29T21:45:25.285+0000] {dag.py:3089} INFO - Sync 1 DAGs
[2026-03-29T21:45:25.321+0000] {logging_mixin.py:188} INFO - [2026-03-29T21:45:25.321+0000] {dag.py:3947} INFO - Setting next_dagrun for example_short_circuit_operator to 2026-03-28 00:00:00+00:00, run_after=2026-03-29 00:00:00+00:00
[2026-03-29T21:45:25.350+0000] {processor.py:183} INFO - Processing /home/airflow/.local/lib/python3.12/site-packages/airflow/example_dags/example_short_circuit_operator.py took 0.148 seconds
[2026-03-29T21:45:55.498+0000] {processor.py:161} INFO - Started process (PID=1609) to work on /home/airflow/.local/lib/python3.12/site-packages/airflow/example_dags/example_short_circuit_operator.py
[2026-03-29T21:45:55.501+0000] {processor.py:830} INFO - Processing file /home/airflow/.local/lib/python3.12/site-packages/airflow/example_dags/example_short_circuit_operator.py for tasks to queue
[2026-03-29T21:45:55.511+0000] {logging_mixin.py:188} INFO - [2026-03-29T21:45:55.510+0000] {dagbag.py:545} INFO - Filling up the DagBag from /home/airflow/.local/lib/python3.12/site-packages/airflow/example_dags/example_short_circuit_operator.py
[2026-03-29T21:45:55.533+0000] {processor.py:840} INFO - DAG(s) 'example_short_circuit_operator' retrieved from /home/airflow/.local/lib/python3.12/site-packages/airflow/example_dags/example_short_circuit_operator.py
[2026-03-29T21:45:55.583+0000] {logging_mixin.py:188} INFO - [2026-03-29T21:45:55.583+0000] {dag.py:3089} INFO - Sync 1 DAGs
[2026-03-29T21:45:55.620+0000] {logging_mixin.py:188} INFO - [2026-03-29T21:45:55.620+0000] {dag.py:3947} INFO - Setting next_dagrun for example_short_circuit_operator to 2026-03-28 00:00:00+00:00, run_after=2026-03-29 00:00:00+00:00
[2026-03-29T21:45:55.648+0000] {processor.py:183} INFO - Processing /home/airflow/.local/lib/python3.12/site-packages/airflow/example_dags/example_short_circuit_operator.py took 0.173 seconds
[2026-03-29T21:46:25.917+0000] {processor.py:161} INFO - Started process (PID=1661) to work on /home/airflow/.local/lib/python3.12/site-packages/airflow/example_dags/example_short_circuit_operator.py
[2026-03-29T21:46:25.920+0000] {processor.py:830} INFO - Processing file /home/airflow/.local/lib/python3.12/site-packages/airflow/example_dags/example_short_circuit_operator.py for tasks to queue
[2026-03-29T21:46:25.924+0000] {logging_mixin.py:188} INFO - [2026-03-29T21:46:25.923+0000] {dagbag.py:545} INFO - Filling up the DagBag from /home/airflow/.local/lib/python3.12/site-packages/airflow/example_dags/example_short_circuit_operator.py
[2026-03-29T21:46:25.938+0000] {processor.py:840} INFO - DAG(s) 'example_short_circuit_operator' retrieved from /home/airflow/.local/lib/python3.12/site-packages/airflow/example_dags/example_short_circuit_operator.py
[2026-03-29T21:46:25.968+0000] {logging_mixin.py:188} INFO - [2026-03-29T21:46:25.968+0000] {dag.py:3089} INFO - Sync 1 DAGs
[2026-03-29T21:46:25.986+0000] {logging_mixin.py:188} INFO - [2026-03-29T21:46:25.986+0000] {dag.py:3947} INFO - Setting next_dagrun for example_short_circuit_operator to 2026-03-28 00:00:00+00:00, run_after=2026-03-29 00:00:00+00:00
[2026-03-29T21:46:26.005+0000] {processor.py:183} INFO - Processing /home/airflow/.local/lib/python3.12/site-packages/airflow/example_dags/example_short_circuit_operator.py took 0.099 seconds
[2026-03-29T21:46:56.677+0000] {processor.py:161} INFO - Started process (PID=1713) to work on /home/airflow/.local/lib/python3.12/site-packages/airflow/example_dags/example_short_circuit_operator.py
[2026-03-29T21:46:56.682+0000] {processor.py:830} INFO - Processing file /home/airflow/.local/lib/python3.12/site-packages/airflow/example_dags/example_short_circuit_operator.py for tasks to queue
[2026-03-29T21:46:56.688+0000] {logging_mixin.py:188} INFO - [2026-03-29T21:46:56.688+0000] {dagbag.py:545} INFO - Filling up the DagBag from /home/airflow/.local/lib/python3.12/site-packages/airflow/example_dags/example_short_circuit_operator.py
[2026-03-29T21:46:56.707+0000] {processor.py:840} INFO - DAG(s) 'example_short_circuit_operator' retrieved from /home/airflow/.local/lib/python3.12/site-packages/airflow/example_dags/example_short_circuit_operator.py
[2026-03-29T21:46:56.753+0000] {logging_mixin.py:188} INFO - [2026-03-29T21:46:56.753+0000] {dag.py:3089} INFO - Sync 1 DAGs
[2026-03-29T21:46:56.785+0000] {logging_mixin.py:188} INFO - [2026-03-29T21:46:56.785+0000] {dag.py:3947} INFO - Setting next_dagrun for example_short_circuit_operator to 2026-03-28 00:00:00+00:00, run_after=2026-03-29 00:00:00+00:00
[2026-03-29T21:46:56.816+0000] {processor.py:183} INFO - Processing /home/airflow/.local/lib/python3.12/site-packages/airflow/example_dags/example_short_circuit_operator.py took 0.156 seconds
[2026-03-29T21:47:27.095+0000] {processor.py:161} INFO - Started process (PID=1766) to work on /home/airflow/.local/lib/python3.12/site-packages/airflow/example_dags/example_short_circuit_operator.py
[2026-03-29T21:47:27.097+0000] {processor.py:830} INFO - Processing file /home/airflow/.local/lib/python3.12/site-packages/airflow/example_dags/example_short_circuit_operator.py for tasks to queue
[2026-03-29T21:47:27.099+0000] {logging_mixin.py:188} INFO - [2026-03-29T21:47:27.099+0000] {dagbag.py:545} INFO - Filling up the DagBag from /home/airflow/.local/lib/python3.12/site-packages/airflow/example_dags/example_short_circuit_operator.py
[2026-03-29T21:47:27.107+0000] {processor.py:840} INFO - DAG(s) 'example_short_circuit_operator' retrieved from /home/airflow/.local/lib/python3.12/site-packages/airflow/example_dags/example_short_circuit_operator.py
[2026-03-29T21:47:27.125+0000] {logging_mixin.py:188} INFO - [2026-03-29T21:47:27.125+0000] {dag.py:3089} INFO - Sync 1 DAGs
[2026-03-29T21:47:27.149+0000] {logging_mixin.py:188} INFO - [2026-03-29T21:47:27.149+0000] {dag.py:3947} INFO - Setting next_dagrun for example_short_circuit_operator to 2026-03-28 00:00:00+00:00, run_after=2026-03-29 00:00:00+00:00
[2026-03-29T21:47:27.279+0000] {processor.py:183} INFO - Processing /home/airflow/.local/lib/python3.12/site-packages/airflow/example_dags/example_short_circuit_operator.py took 0.190 seconds
[2026-03-29T21:47:57.520+0000] {processor.py:161} INFO - Started process (PID=1817) to work on /home/airflow/.local/lib/python3.12/site-packages/airflow/example_dags/example_short_circuit_operator.py
[2026-03-29T21:47:57.522+0000] {processor.py:830} INFO - Processing file /home/airflow/.local/lib/python3.12/site-packages/airflow/example_dags/example_short_circuit_operator.py for tasks to queue
[2026-03-29T21:47:57.532+0000] {logging_mixin.py:188} INFO - [2026-03-29T21:47:57.532+0000] {dagbag.py:545} INFO - Filling up the DagBag from /home/airflow/.local/lib/python3.12/site-packages/airflow/example_dags/example_short_circuit_operator.py
[2026-03-29T21:47:57.576+0000] {processor.py:840} INFO - DAG(s) 'example_short_circuit_operator' retrieved from /home/airflow/.local/lib/python3.12/site-packages/airflow/example_dags/example_short_circuit_operator.py
[2026-03-29T21:47:57.651+0000] {logging_mixin.py:188} INFO - [2026-03-29T21:47:57.650+0000] {dag.py:3089} INFO - Sync 1 DAGs
[2026-03-29T21:47:57.693+0000] {logging_mixin.py:188} INFO - [2026-03-29T21:47:57.692+0000] {dag.py:3947} INFO - Setting next_dagrun for example_short_circuit_operator to 2026-03-28 00:00:00+00:00, run_after=2026-03-29 00:00:00+00:00
[2026-03-29T21:47:57.721+0000] {processor.py:183} INFO - Processing /home/airflow/.local/lib/python3.12/site-packages/airflow/example_dags/example_short_circuit_operator.py took 0.222 seconds
[2026-03-29T21:48:28.043+0000] {processor.py:161} INFO - Started process (PID=1869) to work on /home/airflow/.local/lib/python3.12/site-packages/airflow/example_dags/example_short_circuit_operator.py
[2026-03-29T21:48:28.046+0000] {processor.py:830} INFO - Processing file /home/airflow/.local/lib/python3.12/site-packages/airflow/example_dags/example_short_circuit_operator.py for tasks to queue
[2026-03-29T21:48:28.048+0000] {logging_mixin.py:188} INFO - [2026-03-29T21:48:28.048+0000] {dagbag.py:545} INFO - Filling up the DagBag from /home/airflow/.local/lib/python3.12/site-packages/airflow/example_dags/example_short_circuit_operator.py
[2026-03-29T21:48:28.059+0000] {processor.py:840} INFO - DAG(s) 'example_short_circuit_operator' retrieved from /home/airflow/.local/lib/python3.12/site-packages/airflow/example_dags/example_short_circuit_operator.py
[2026-03-29T21:48:28.079+0000] {logging_mixin.py:188} INFO - [2026-03-29T21:48:28.079+0000] {dag.py:3089} INFO - Sync 1 DAGs
[2026-03-29T21:48:28.097+0000] {logging_mixin.py:188} INFO - [2026-03-29T21:48:28.097+0000] {dag.py:3947} INFO - Setting next_dagrun for example_short_circuit_operator to 2026-03-28 00:00:00+00:00, run_after=2026-03-29 00:00:00+00:00
[2026-03-29T21:48:28.118+0000] {processor.py:183} INFO - Processing /home/airflow/.local/lib/python3.12/site-packages/airflow/example_dags/example_short_circuit_operator.py took 0.082 seconds
[2026-03-29T21:48:59.187+0000] {processor.py:161} INFO - Started process (PID=1919) to work on /home/airflow/.local/lib/python3.12/site-packages/airflow/example_dags/example_short_circuit_operator.py
[2026-03-29T21:48:59.188+0000] {processor.py:830} INFO - Processing file /home/airflow/.local/lib/python3.12/site-packages/airflow/example_dags/example_short_circuit_operator.py for tasks to queue
[2026-03-29T21:48:59.192+0000] {logging_mixin.py:188} INFO - [2026-03-29T21:48:59.192+0000] {dagbag.py:545} INFO - Filling up the DagBag from /home/airflow/.local/lib/python3.12/site-packages/airflow/example_dags/example_short_circuit_operator.py
[2026-03-29T21:48:59.201+0000] {processor.py:840} INFO - DAG(s) 'example_short_circuit_operator' retrieved from /home/airflow/.local/lib/python3.12/site-packages/airflow/example_dags/example_short_circuit_operator.py
[2026-03-29T21:48:59.230+0000] {logging_mixin.py:188} INFO - [2026-03-29T21:48:59.230+0000] {dag.py:3089} INFO - Sync 1 DAGs
[2026-03-29T21:48:59.259+0000] {logging_mixin.py:188} INFO - [2026-03-29T21:48:59.259+0000] {dag.py:3947} INFO - Setting next_dagrun for example_short_circuit_operator to 2026-03-28 00:00:00+00:00, run_after=2026-03-29 00:00:00+00:00
[2026-03-29T21:48:59.291+0000] {processor.py:183} INFO - Processing /home/airflow/.local/lib/python3.12/site-packages/airflow/example_dags/example_short_circuit_operator.py took 0.111 seconds
[2026-03-29T21:49:30.482+0000] {processor.py:161} INFO - Started process (PID=1971) to work on /home/airflow/.local/lib/python3.12/site-packages/airflow/example_dags/example_short_circuit_operator.py
[2026-03-29T21:49:30.483+0000] {processor.py:830} INFO - Processing file /home/airflow/.local/lib/python3.12/site-packages/airflow/example_dags/example_short_circuit_operator.py for tasks to queue
[2026-03-29T21:49:30.485+0000] {logging_mixin.py:188} INFO - [2026-03-29T21:49:30.485+0000] {dagbag.py:545} INFO - Filling up the DagBag from /home/airflow/.local/lib/python3.12/site-packages/airflow/example_dags/example_short_circuit_operator.py
[2026-03-29T21:49:30.493+0000] {processor.py:840} INFO - DAG(s) 'example_short_circuit_operator' retrieved from /home/airflow/.local/lib/python3.12/site-packages/airflow/example_dags/example_short_circuit_operator.py
[2026-03-29T21:49:30.638+0000] {logging_mixin.py:188} INFO - [2026-03-29T21:49:30.638+0000] {dag.py:3089} INFO - Sync 1 DAGs
[2026-03-29T21:49:30.653+0000] {logging_mixin.py:188} INFO - [2026-03-29T21:49:30.652+0000] {dag.py:3947} INFO - Setting next_dagrun for example_short_circuit_operator to 2026-03-28 00:00:00+00:00, run_after=2026-03-29 00:00:00+00:00
[2026-03-29T21:49:30.671+0000] {processor.py:183} INFO - Processing /home/airflow/.local/lib/python3.12/site-packages/airflow/example_dags/example_short_circuit_operator.py took 0.194 seconds
[2026-03-29T21:50:00.851+0000] {processor.py:161} INFO - Started process (PID=2023) to work on /home/airflow/.local/lib/python3.12/site-packages/airflow/example_dags/example_short_circuit_operator.py
[2026-03-29T21:50:00.852+0000] {processor.py:830} INFO - Processing file /home/airflow/.local/lib/python3.12/site-packages/airflow/example_dags/example_short_circuit_operator.py for tasks to queue
[2026-03-29T21:50:00.853+0000] {logging_mixin.py:188} INFO - [2026-03-29T21:50:00.853+0000] {dagbag.py:545} INFO - Filling up the DagBag from /home/airflow/.local/lib/python3.12/site-packages/airflow/example_dags/example_short_circuit_operator.py
[2026-03-29T21:50:00.859+0000] {processor.py:840} INFO - DAG(s) 'example_short_circuit_operator' retrieved from /home/airflow/.local/lib/python3.12/site-packages/airflow/example_dags/example_short_circuit_operator.py
[2026-03-29T21:50:00.876+0000] {logging_mixin.py:188} INFO - [2026-03-29T21:50:00.875+0000] {dag.py:3089} INFO - Sync 1 DAGs
[2026-03-29T21:50:00.894+0000] {logging_mixin.py:188} INFO - [2026-03-29T21:50:00.894+0000] {dag.py:3947} INFO - Setting next_dagrun for example_short_circuit_operator to 2026-03-28 00:00:00+00:00, run_after=2026-03-29 00:00:00+00:00
[2026-03-29T21:50:00.909+0000] {processor.py:183} INFO - Processing /home/airflow/.local/lib/python3.12/site-packages/airflow/example_dags/example_short_circuit_operator.py took 0.066 seconds
[2026-03-29T21:50:31.032+0000] {processor.py:161} INFO - Started process (PID=2075) to work on /home/airflow/.local/lib/python3.12/site-packages/airflow/example_dags/example_short_circuit_operator.py
[2026-03-29T21:50:31.033+0000] {processor.py:830} INFO - Processing file /home/airflow/.local/lib/python3.12/site-packages/airflow/example_dags/example_short_circuit_operator.py for tasks to queue
[2026-03-29T21:50:31.037+0000] {logging_mixin.py:188} INFO - [2026-03-29T21:50:31.036+0000] {dagbag.py:545} INFO - Filling up the DagBag from /home/airflow/.local/lib/python3.12/site-packages/airflow/example_dags/example_short_circuit_operator.py
[2026-03-29T21:50:31.042+0000] {processor.py:840} INFO - DAG(s) 'example_short_circuit_operator' retrieved from /home/airflow/.local/lib/python3.12/site-packages/airflow/example_dags/example_short_circuit_operator.py
[2026-03-29T21:50:31.061+0000] {logging_mixin.py:188} INFO - [2026-03-29T21:50:31.061+0000] {dag.py:3089} INFO - Sync 1 DAGs
[2026-03-29T21:50:31.079+0000] {logging_mixin.py:188} INFO - [2026-03-29T21:50:31.079+0000] {dag.py:3947} INFO - Setting next_dagrun for example_short_circuit_operator to 2026-03-28 00:00:00+00:00, run_after=2026-03-29 00:00:00+00:00
[2026-03-29T21:50:31.093+0000] {processor.py:183} INFO - Processing /home/airflow/.local/lib/python3.12/site-packages/airflow/example_dags/example_short_circuit_operator.py took 0.065 seconds
[2026-03-29T21:51:01.171+0000] {processor.py:161} INFO - Started process (PID=2127) to work on /home/airflow/.local/lib/python3.12/site-packages/airflow/example_dags/example_short_circuit_operator.py
[2026-03-29T21:51:01.172+0000] {processor.py:830} INFO - Processing file /home/airflow/.local/lib/python3.12/site-packages/airflow/example_dags/example_short_circuit_operator.py for tasks to queue
[2026-03-29T21:51:01.173+0000] {logging_mixin.py:188} INFO - [2026-03-29T21:51:01.173+0000] {dagbag.py:545} INFO - Filling up the DagBag from /home/airflow/.local/lib/python3.12/site-packages/airflow/example_dags/example_short_circuit_operator.py
[2026-03-29T21:51:01.181+0000] {processor.py:840} INFO - DAG(s) 'example_short_circuit_operator' retrieved from /home/airflow/.local/lib/python3.12/site-packages/airflow/example_dags/example_short_circuit_operator.py
[2026-03-29T21:51:01.199+0000] {logging_mixin.py:188} INFO - [2026-03-29T21:51:01.199+0000] {dag.py:3089} INFO - Sync 1 DAGs
[2026-03-29T21:51:01.214+0000] {logging_mixin.py:188} INFO - [2026-03-29T21:51:01.214+0000] {dag.py:3947} INFO - Setting next_dagrun for example_short_circuit_operator to 2026-03-28 00:00:00+00:00, run_after=2026-03-29 00:00:00+00:00
[2026-03-29T21:51:01.225+0000] {processor.py:183} INFO - Processing /home/airflow/.local/lib/python3.12/site-packages/airflow/example_dags/example_short_circuit_operator.py took 0.058 seconds
[2026-03-29T21:51:31.376+0000] {processor.py:161} INFO - Started process (PID=2179) to work on /home/airflow/.local/lib/python3.12/site-packages/airflow/example_dags/example_short_circuit_operator.py
[2026-03-29T21:51:31.377+0000] {processor.py:830} INFO - Processing file /home/airflow/.local/lib/python3.12/site-packages/airflow/example_dags/example_short_circuit_operator.py for tasks to queue
[2026-03-29T21:51:31.378+0000] {logging_mixin.py:188} INFO - [2026-03-29T21:51:31.378+0000] {dagbag.py:545} INFO - Filling up the DagBag from /home/airflow/.local/lib/python3.12/site-packages/airflow/example_dags/example_short_circuit_operator.py
[2026-03-29T21:51:31.384+0000] {processor.py:840} INFO - DAG(s) 'example_short_circuit_operator' retrieved from /home/airflow/.local/lib/python3.12/site-packages/airflow/example_dags/example_short_circuit_operator.py
[2026-03-29T21:51:31.409+0000] {logging_mixin.py:188} INFO - [2026-03-29T21:51:31.409+0000] {dag.py:3089} INFO - Sync 1 DAGs
[2026-03-29T21:51:31.427+0000] {logging_mixin.py:188} INFO - [2026-03-29T21:51:31.427+0000] {dag.py:3947} INFO - Setting next_dagrun for example_short_circuit_operator to 2026-03-28 00:00:00+00:00, run_after=2026-03-29 00:00:00+00:00
[2026-03-29T21:51:31.449+0000] {processor.py:183} INFO - Processing /home/airflow/.local/lib/python3.12/site-packages/airflow/example_dags/example_short_circuit_operator.py took 0.078 seconds
[2026-03-29T21:52:01.648+0000] {processor.py:161} INFO - Started process (PID=2231) to work on /home/airflow/.local/lib/python3.12/site-packages/airflow/example_dags/example_short_circuit_operator.py
[2026-03-29T21:52:01.650+0000] {processor.py:830} INFO - Processing file /home/airflow/.local/lib/python3.12/site-packages/airflow/example_dags/example_short_circuit_operator.py for tasks to queue
[2026-03-29T21:52:01.651+0000] {logging_mixin.py:188} INFO - [2026-03-29T21:52:01.651+0000] {dagbag.py:545} INFO - Filling up the DagBag from /home/airflow/.local/lib/python3.12/site-packages/airflow/example_dags/example_short_circuit_operator.py
[2026-03-29T21:52:01.660+0000] {processor.py:840} INFO - DAG(s) 'example_short_circuit_operator' retrieved from /home/airflow/.local/lib/python3.12/site-packages/airflow/example_dags/example_short_circuit_operator.py
[2026-03-29T21:52:01.678+0000] {logging_mixin.py:188} INFO - [2026-03-29T21:52:01.678+0000] {dag.py:3089} INFO - Sync 1 DAGs
[2026-03-29T21:52:01.696+0000] {logging_mixin.py:188} INFO - [2026-03-29T21:52:01.695+0000] {dag.py:3947} INFO - Setting next_dagrun for example_short_circuit_operator to 2026-03-28 00:00:00+00:00, run_after=2026-03-29 00:00:00+00:00
[2026-03-29T21:52:01.713+0000] {processor.py:183} INFO - Processing /home/airflow/.local/lib/python3.12/site-packages/airflow/example_dags/example_short_circuit_operator.py took 0.069 seconds
[2026-03-29T21:52:32.095+0000] {processor.py:161} INFO - Started process (PID=2283) to work on /home/airflow/.local/lib/python3.12/site-packages/airflow/example_dags/example_short_circuit_operator.py
[2026-03-29T21:52:32.097+0000] {processor.py:830} INFO - Processing file /home/airflow/.local/lib/python3.12/site-packages/airflow/example_dags/example_short_circuit_operator.py for tasks to queue
[2026-03-29T21:52:32.100+0000] {logging_mixin.py:188} INFO - [2026-03-29T21:52:32.099+0000] {dagbag.py:545} INFO - Filling up the DagBag from /home/airflow/.local/lib/python3.12/site-packages/airflow/example_dags/example_short_circuit_operator.py
[2026-03-29T21:52:32.105+0000] {processor.py:840} INFO - DAG(s) 'example_short_circuit_operator' retrieved from /home/airflow/.local/lib/python3.12/site-packages/airflow/example_dags/example_short_circuit_operator.py
[2026-03-29T21:52:32.128+0000] {logging_mixin.py:188} INFO - [2026-03-29T21:52:32.128+0000] {dag.py:3089} INFO - Sync 1 DAGs
[2026-03-29T21:52:32.143+0000] {logging_mixin.py:188} INFO - [2026-03-29T21:52:32.143+0000] {dag.py:3947} INFO - Setting next_dagrun for example_short_circuit_operator to 2026-03-28 00:00:00+00:00, run_after=2026-03-29 00:00:00+00:00
[2026-03-29T21:52:32.163+0000] {processor.py:183} INFO - Processing /home/airflow/.local/lib/python3.12/site-packages/airflow/example_dags/example_short_circuit_operator.py took 0.084 seconds
[2026-03-29T21:53:02.896+0000] {processor.py:161} INFO - Started process (PID=2335) to work on /home/airflow/.local/lib/python3.12/site-packages/airflow/example_dags/example_short_circuit_operator.py
[2026-03-29T21:53:02.898+0000] {processor.py:830} INFO - Processing file /home/airflow/.local/lib/python3.12/site-packages/airflow/example_dags/example_short_circuit_operator.py for tasks to queue
[2026-03-29T21:53:02.899+0000] {logging_mixin.py:188} INFO - [2026-03-29T21:53:02.899+0000] {dagbag.py:545} INFO - Filling up the DagBag from /home/airflow/.local/lib/python3.12/site-packages/airflow/example_dags/example_short_circuit_operator.py
[2026-03-29T21:53:02.906+0000] {processor.py:840} INFO - DAG(s) 'example_short_circuit_operator' retrieved from /home/airflow/.local/lib/python3.12/site-packages/airflow/example_dags/example_short_circuit_operator.py
[2026-03-29T21:53:02.931+0000] {logging_mixin.py:188} INFO - [2026-03-29T21:53:02.930+0000] {dag.py:3089} INFO - Sync 1 DAGs
[2026-03-29T21:53:02.954+0000] {logging_mixin.py:188} INFO - [2026-03-29T21:53:02.954+0000] {dag.py:3947} INFO - Setting next_dagrun for example_short_circuit_operator to 2026-03-28 00:00:00+00:00, run_after=2026-03-29 00:00:00+00:00
[2026-03-29T21:53:02.968+0000] {processor.py:183} INFO - Processing /home/airflow/.local/lib/python3.12/site-packages/airflow/example_dags/example_short_circuit_operator.py took 0.080 seconds
[2026-03-29T21:53:33.071+0000] {processor.py:161} INFO - Started process (PID=2387) to work on /home/airflow/.local/lib/python3.12/site-packages/airflow/example_dags/example_short_circuit_operator.py
[2026-03-29T21:53:33.072+0000] {processor.py:830} INFO - Processing file /home/airflow/.local/lib/python3.12/site-packages/airflow/example_dags/example_short_circuit_operator.py for tasks to queue
[2026-03-29T21:53:33.074+0000] {logging_mixin.py:188} INFO - [2026-03-29T21:53:33.074+0000] {dagbag.py:545} INFO - Filling up the DagBag from /home/airflow/.local/lib/python3.12/site-packages/airflow/example_dags/example_short_circuit_operator.py
[2026-03-29T21:53:33.082+0000] {processor.py:840} INFO - DAG(s) 'example_short_circuit_operator' retrieved from /home/airflow/.local/lib/python3.12/site-packages/airflow/example_dags/example_short_circuit_operator.py
[2026-03-29T21:53:33.098+0000] {logging_mixin.py:188} INFO - [2026-03-29T21:53:33.098+0000] {dag.py:3089} INFO - Sync 1 DAGs
[2026-03-29T21:53:33.115+0000] {logging_mixin.py:188} INFO - [2026-03-29T21:53:33.115+0000] {dag.py:3947} INFO - Setting next_dagrun for example_short_circuit_operator to 2026-03-28 00:00:00+00:00, run_after=2026-03-29 00:00:00+00:00
[2026-03-29T21:53:33.127+0000] {processor.py:183} INFO - Processing /home/airflow/.local/lib/python3.12/site-packages/airflow/example_dags/example_short_circuit_operator.py took 0.064 seconds
[2026-03-29T21:54:04.393+0000] {processor.py:161} INFO - Started process (PID=2439) to work on /home/airflow/.local/lib/python3.12/site-packages/airflow/example_dags/example_short_circuit_operator.py
[2026-03-29T21:54:04.394+0000] {processor.py:830} INFO - Processing file /home/airflow/.local/lib/python3.12/site-packages/airflow/example_dags/example_short_circuit_operator.py for tasks to queue
[2026-03-29T21:54:04.397+0000] {logging_mixin.py:188} INFO - [2026-03-29T21:54:04.396+0000] {dagbag.py:545} INFO - Filling up the DagBag from /home/airflow/.local/lib/python3.12/site-packages/airflow/example_dags/example_short_circuit_operator.py
[2026-03-29T21:54:04.403+0000] {processor.py:840} INFO - DAG(s) 'example_short_circuit_operator' retrieved from /home/airflow/.local/lib/python3.12/site-packages/airflow/example_dags/example_short_circuit_operator.py
[2026-03-29T21:54:04.422+0000] {logging_mixin.py:188} INFO - [2026-03-29T21:54:04.421+0000] {dag.py:3089} INFO - Sync 1 DAGs
[2026-03-29T21:54:04.444+0000] {logging_mixin.py:188} INFO - [2026-03-29T21:54:04.444+0000] {dag.py:3947} INFO - Setting next_dagrun for example_short_circuit_operator to 2026-03-28 00:00:00+00:00, run_after=2026-03-29 00:00:00+00:00
[2026-03-29T21:54:04.468+0000] {processor.py:183} INFO - Processing /home/airflow/.local/lib/python3.12/site-packages/airflow/example_dags/example_short_circuit_operator.py took 0.080 seconds
[2026-03-29T21:54:34.821+0000] {processor.py:161} INFO - Started process (PID=2491) to work on /home/airflow/.local/lib/python3.12/site-packages/airflow/example_dags/example_short_circuit_operator.py
[2026-03-29T21:54:34.822+0000] {processor.py:830} INFO - Processing file /home/airflow/.local/lib/python3.12/site-packages/airflow/example_dags/example_short_circuit_operator.py for tasks to queue
[2026-03-29T21:54:34.823+0000] {logging_mixin.py:188} INFO - [2026-03-29T21:54:34.823+0000] {dagbag.py:545} INFO - Filling up the DagBag from /home/airflow/.local/lib/python3.12/site-packages/airflow/example_dags/example_short_circuit_operator.py
[2026-03-29T21:54:34.828+0000] {processor.py:840} INFO - DAG(s) 'example_short_circuit_operator' retrieved from /home/airflow/.local/lib/python3.12/site-packages/airflow/example_dags/example_short_circuit_operator.py
[2026-03-29T21:54:34.848+0000] {logging_mixin.py:188} INFO - [2026-03-29T21:54:34.847+0000] {dag.py:3089} INFO - Sync 1 DAGs
[2026-03-29T21:54:34.867+0000] {logging_mixin.py:188} INFO - [2026-03-29T21:54:34.867+0000] {dag.py:3947} INFO - Setting next_dagrun for example_short_circuit_operator to 2026-03-28 00:00:00+00:00, run_after=2026-03-29 00:00:00+00:00
[2026-03-29T21:54:34.879+0000] {processor.py:183} INFO - Processing /home/airflow/.local/lib/python3.12/site-packages/airflow/example_dags/example_short_circuit_operator.py took 0.063 seconds
[2026-03-29T21:55:05.240+0000] {processor.py:161} INFO - Started process (PID=2543) to work on /home/airflow/.local/lib/python3.12/site-packages/airflow/example_dags/example_short_circuit_operator.py
[2026-03-29T21:55:05.242+0000] {processor.py:830} INFO - Processing file /home/airflow/.local/lib/python3.12/site-packages/airflow/example_dags/example_short_circuit_operator.py for tasks to queue
[2026-03-29T21:55:05.244+0000] {logging_mixin.py:188} INFO - [2026-03-29T21:55:05.244+0000] {dagbag.py:545} INFO - Filling up the DagBag from /home/airflow/.local/lib/python3.12/site-packages/airflow/example_dags/example_short_circuit_operator.py
[2026-03-29T21:55:05.250+0000] {processor.py:840} INFO - DAG(s) 'example_short_circuit_operator' retrieved from /home/airflow/.local/lib/python3.12/site-packages/airflow/example_dags/example_short_circuit_operator.py
[2026-03-29T21:55:05.269+0000] {logging_mixin.py:188} INFO - [2026-03-29T21:55:05.269+0000] {dag.py:3089} INFO - Sync 1 DAGs
[2026-03-29T21:55:05.284+0000] {logging_mixin.py:188} INFO - [2026-03-29T21:55:05.284+0000] {dag.py:3947} INFO - Setting next_dagrun for example_short_circuit_operator to 2026-03-28 00:00:00+00:00, run_after=2026-03-29 00:00:00+00:00
[2026-03-29T21:55:05.300+0000] {processor.py:183} INFO - Processing /home/airflow/.local/lib/python3.12/site-packages/airflow/example_dags/example_short_circuit_operator.py took 0.067 seconds
[2026-03-29T21:55:35.991+0000] {processor.py:161} INFO - Started process (PID=2595) to work on /home/airflow/.local/lib/python3.12/site-packages/airflow/example_dags/example_short_circuit_operator.py
[2026-03-29T21:55:35.992+0000] {processor.py:830} INFO - Processing file /home/airflow/.local/lib/python3.12/site-packages/airflow/example_dags/example_short_circuit_operator.py for tasks to queue
[2026-03-29T21:55:35.994+0000] {logging_mixin.py:188} INFO - [2026-03-29T21:55:35.993+0000] {dagbag.py:545} INFO - Filling up the DagBag from /home/airflow/.local/lib/python3.12/site-packages/airflow/example_dags/example_short_circuit_operator.py
[2026-03-29T21:55:36.002+0000] {processor.py:840} INFO - DAG(s) 'example_short_circuit_operator' retrieved from /home/airflow/.local/lib/python3.12/site-packages/airflow/example_dags/example_short_circuit_operator.py
[2026-03-29T21:55:36.020+0000] {logging_mixin.py:188} INFO - [2026-03-29T21:55:36.020+0000] {dag.py:3089} INFO - Sync 1 DAGs
[2026-03-29T21:55:36.037+0000] {logging_mixin.py:188} INFO - [2026-03-29T21:55:36.037+0000] {dag.py:3947} INFO - Setting next_dagrun for example_short_circuit_operator to 2026-03-28 00:00:00+00:00, run_after=2026-03-29 00:00:00+00:00
[2026-03-29T21:55:36.057+0000] {processor.py:183} INFO - Processing /home/airflow/.local/lib/python3.12/site-packages/airflow/example_dags/example_short_circuit_operator.py took 0.071 seconds
[2026-03-29T21:56:06.355+0000] {processor.py:161} INFO - Started process (PID=2647) to work on /home/airflow/.local/lib/python3.12/site-packages/airflow/example_dags/example_short_circuit_operator.py
[2026-03-29T21:56:06.356+0000] {processor.py:830} INFO - Processing file /home/airflow/.local/lib/python3.12/site-packages/airflow/example_dags/example_short_circuit_operator.py for tasks to queue
[2026-03-29T21:56:06.357+0000] {logging_mixin.py:188} INFO - [2026-03-29T21:56:06.357+0000] {dagbag.py:545} INFO - Filling up the DagBag from /home/airflow/.local/lib/python3.12/site-packages/airflow/example_dags/example_short_circuit_operator.py
[2026-03-29T21:56:06.362+0000] {processor.py:840} INFO - DAG(s) 'example_short_circuit_operator' retrieved from /home/airflow/.local/lib/python3.12/site-packages/airflow/example_dags/example_short_circuit_operator.py
[2026-03-29T21:56:06.380+0000] {logging_mixin.py:188} INFO - [2026-03-29T21:56:06.379+0000] {dag.py:3089} INFO - Sync 1 DAGs
[2026-03-29T21:56:06.396+0000] {logging_mixin.py:188} INFO - [2026-03-29T21:56:06.396+0000] {dag.py:3947} INFO - Setting next_dagrun for example_short_circuit_operator to 2026-03-28 00:00:00+00:00, run_after=2026-03-29 00:00:00+00:00
[2026-03-29T21:56:06.408+0000] {processor.py:183} INFO - Processing /home/airflow/.local/lib/python3.12/site-packages/airflow/example_dags/example_short_circuit_operator.py took 0.060 seconds
[2026-03-29T21:56:37.270+0000] {processor.py:161} INFO - Started process (PID=2699) to work on /home/airflow/.local/lib/python3.12/site-packages/airflow/example_dags/example_short_circuit_operator.py
[2026-03-29T21:56:37.271+0000] {processor.py:830} INFO - Processing file /home/airflow/.local/lib/python3.12/site-packages/airflow/example_dags/example_short_circuit_operator.py for tasks to queue
[2026-03-29T21:56:37.273+0000] {logging_mixin.py:188} INFO - [2026-03-29T21:56:37.273+0000] {dagbag.py:545} INFO - Filling up the DagBag from /home/airflow/.local/lib/python3.12/site-packages/airflow/example_dags/example_short_circuit_operator.py
[2026-03-29T21:56:37.279+0000] {processor.py:840} INFO - DAG(s) 'example_short_circuit_operator' retrieved from /home/airflow/.local/lib/python3.12/site-packages/airflow/example_dags/example_short_circuit_operator.py
[2026-03-29T21:56:37.296+0000] {logging_mixin.py:188} INFO - [2026-03-29T21:56:37.296+0000] {dag.py:3089} INFO - Sync 1 DAGs
[2026-03-29T21:56:37.313+0000] {logging_mixin.py:188} INFO - [2026-03-29T21:56:37.313+0000] {dag.py:3947} INFO - Setting next_dagrun for example_short_circuit_operator to 2026-03-28 00:00:00+00:00, run_after=2026-03-29 00:00:00+00:00
[2026-03-29T21:56:37.328+0000] {processor.py:183} INFO - Processing /home/airflow/.local/lib/python3.12/site-packages/airflow/example_dags/example_short_circuit_operator.py took 0.063 seconds
[2026-03-29T21:57:07.970+0000] {processor.py:161} INFO - Started process (PID=2751) to work on /home/airflow/.local/lib/python3.12/site-packages/airflow/example_dags/example_short_circuit_operator.py
[2026-03-29T21:57:07.971+0000] {processor.py:830} INFO - Processing file /home/airflow/.local/lib/python3.12/site-packages/airflow/example_dags/example_short_circuit_operator.py for tasks to queue
[2026-03-29T21:57:07.972+0000] {logging_mixin.py:188} INFO - [2026-03-29T21:57:07.972+0000] {dagbag.py:545} INFO - Filling up the DagBag from /home/airflow/.local/lib/python3.12/site-packages/airflow/example_dags/example_short_circuit_operator.py
[2026-03-29T21:57:07.978+0000] {processor.py:840} INFO - DAG(s) 'example_short_circuit_operator' retrieved from /home/airflow/.local/lib/python3.12/site-packages/airflow/example_dags/example_short_circuit_operator.py
[2026-03-29T21:57:07.998+0000] {logging_mixin.py:188} INFO - [2026-03-29T21:57:07.998+0000] {dag.py:3089} INFO - Sync 1 DAGs
[2026-03-29T21:57:08.021+0000] {logging_mixin.py:188} INFO - [2026-03-29T21:57:08.020+0000] {dag.py:3947} INFO - Setting next_dagrun for example_short_circuit_operator to 2026-03-28 00:00:00+00:00, run_after=2026-03-29 00:00:00+00:00
[2026-03-29T21:57:08.041+0000] {processor.py:183} INFO - Processing /home/airflow/.local/lib/python3.12/site-packages/airflow/example_dags/example_short_circuit_operator.py took 0.077 seconds
[2026-03-29T21:57:38.141+0000] {processor.py:161} INFO - Started process (PID=2803) to work on /home/airflow/.local/lib/python3.12/site-packages/airflow/example_dags/example_short_circuit_operator.py
[2026-03-29T21:57:38.142+0000] {processor.py:830} INFO - Processing file /home/airflow/.local/lib/python3.12/site-packages/airflow/example_dags/example_short_circuit_operator.py for tasks to queue
[2026-03-29T21:57:38.144+0000] {logging_mixin.py:188} INFO - [2026-03-29T21:57:38.144+0000] {dagbag.py:545} INFO - Filling up the DagBag from /home/airflow/.local/lib/python3.12/site-packages/airflow/example_dags/example_short_circuit_operator.py
[2026-03-29T21:57:38.150+0000] {processor.py:840} INFO - DAG(s) 'example_short_circuit_operator' retrieved from /home/airflow/.local/lib/python3.12/site-packages/airflow/example_dags/example_short_circuit_operator.py
[2026-03-29T21:57:38.167+0000] {logging_mixin.py:188} INFO - [2026-03-29T21:57:38.167+0000] {dag.py:3089} INFO - Sync 1 DAGs
[2026-03-29T21:57:38.183+0000] {logging_mixin.py:188} INFO - [2026-03-29T21:57:38.183+0000] {dag.py:3947} INFO - Setting next_dagrun for example_short_circuit_operator to 2026-03-28 00:00:00+00:00, run_after=2026-03-29 00:00:00+00:00
[2026-03-29T21:57:38.203+0000] {processor.py:183} INFO - Processing /home/airflow/.local/lib/python3.12/site-packages/airflow/example_dags/example_short_circuit_operator.py took 0.067 seconds
[2026-03-29T21:58:09.017+0000] {processor.py:161} INFO - Started process (PID=2855) to work on /home/airflow/.local/lib/python3.12/site-packages/airflow/example_dags/example_short_circuit_operator.py
[2026-03-29T21:58:09.018+0000] {processor.py:830} INFO - Processing file /home/airflow/.local/lib/python3.12/site-packages/airflow/example_dags/example_short_circuit_operator.py for tasks to queue
[2026-03-29T21:58:09.019+0000] {logging_mixin.py:188} INFO - [2026-03-29T21:58:09.019+0000] {dagbag.py:545} INFO - Filling up the DagBag from /home/airflow/.local/lib/python3.12/site-packages/airflow/example_dags/example_short_circuit_operator.py
[2026-03-29T21:58:09.025+0000] {processor.py:840} INFO - DAG(s) 'example_short_circuit_operator' retrieved from /home/airflow/.local/lib/python3.12/site-packages/airflow/example_dags/example_short_circuit_operator.py
[2026-03-29T21:58:09.047+0000] {logging_mixin.py:188} INFO - [2026-03-29T21:58:09.047+0000] {dag.py:3089} INFO - Sync 1 DAGs
[2026-03-29T21:58:09.063+0000] {logging_mixin.py:188} INFO - [2026-03-29T21:58:09.063+0000] {dag.py:3947} INFO - Setting next_dagrun for example_short_circuit_operator to 2026-03-28 00:00:00+00:00, run_after=2026-03-29 00:00:00+00:00
[2026-03-29T21:58:09.082+0000] {processor.py:183} INFO - Processing /home/airflow/.local/lib/python3.12/site-packages/airflow/example_dags/example_short_circuit_operator.py took 0.069 seconds
