[2026-03-29T21:30:32.207+0000] {processor.py:161} INFO - Started process (PID=48) to work on /home/airflow/.local/lib/python3.12/site-packages/airflow/example_dags/example_sla_dag.py
[2026-03-29T21:30:32.214+0000] {processor.py:830} INFO - Processing file /home/airflow/.local/lib/python3.12/site-packages/airflow/example_dags/example_sla_dag.py for tasks to queue
[2026-03-29T21:30:32.223+0000] {logging_mixin.py:188} INFO - [2026-03-29T21:30:32.222+0000] {dagbag.py:545} INFO - Filling up the DagBag from /home/airflow/.local/lib/python3.12/site-packages/airflow/example_dags/example_sla_dag.py
[2026-03-29T21:30:32.249+0000] {processor.py:840} INFO - DAG(s) 'example_sla_dag' retrieved from /home/airflow/.local/lib/python3.12/site-packages/airflow/example_dags/example_sla_dag.py
[2026-03-29T21:30:32.295+0000] {logging_mixin.py:188} INFO - [2026-03-29T21:30:32.295+0000] {dag.py:3089} INFO - Sync 1 DAGs
[2026-03-29T21:30:32.351+0000] {logging_mixin.py:188} INFO - [2026-03-29T21:30:32.351+0000] {dag.py:3947} INFO - Setting next_dagrun for example_sla_dag to 2026-03-29 21:28:00+00:00, run_after=2026-03-29 21:30:00+00:00
[2026-03-29T21:30:32.400+0000] {processor.py:183} INFO - Processing /home/airflow/.local/lib/python3.12/site-packages/airflow/example_dags/example_sla_dag.py took 0.207 seconds
[2026-03-29T21:31:03.112+0000] {processor.py:161} INFO - Started process (PID=100) to work on /home/airflow/.local/lib/python3.12/site-packages/airflow/example_dags/example_sla_dag.py
[2026-03-29T21:31:03.119+0000] {processor.py:830} INFO - Processing file /home/airflow/.local/lib/python3.12/site-packages/airflow/example_dags/example_sla_dag.py for tasks to queue
[2026-03-29T21:31:03.123+0000] {logging_mixin.py:188} INFO - [2026-03-29T21:31:03.123+0000] {dagbag.py:545} INFO - Filling up the DagBag from /home/airflow/.local/lib/python3.12/site-packages/airflow/example_dags/example_sla_dag.py
[2026-03-29T21:31:03.146+0000] {processor.py:840} INFO - DAG(s) 'example_sla_dag' retrieved from /home/airflow/.local/lib/python3.12/site-packages/airflow/example_dags/example_sla_dag.py
[2026-03-29T21:31:03.351+0000] {logging_mixin.py:188} INFO - [2026-03-29T21:31:03.351+0000] {dag.py:3089} INFO - Sync 1 DAGs
[2026-03-29T21:31:03.391+0000] {logging_mixin.py:188} INFO - [2026-03-29T21:31:03.390+0000] {dag.py:3947} INFO - Setting next_dagrun for example_sla_dag to 2026-03-29 21:28:00+00:00, run_after=2026-03-29 21:30:00+00:00
[2026-03-29T21:31:03.422+0000] {processor.py:183} INFO - Processing /home/airflow/.local/lib/python3.12/site-packages/airflow/example_dags/example_sla_dag.py took 0.318 seconds
[2026-03-29T21:31:34.026+0000] {processor.py:161} INFO - Started process (PID=152) to work on /home/airflow/.local/lib/python3.12/site-packages/airflow/example_dags/example_sla_dag.py
[2026-03-29T21:31:34.029+0000] {processor.py:830} INFO - Processing file /home/airflow/.local/lib/python3.12/site-packages/airflow/example_dags/example_sla_dag.py for tasks to queue
[2026-03-29T21:31:34.033+0000] {logging_mixin.py:188} INFO - [2026-03-29T21:31:34.032+0000] {dagbag.py:545} INFO - Filling up the DagBag from /home/airflow/.local/lib/python3.12/site-packages/airflow/example_dags/example_sla_dag.py
[2026-03-29T21:31:34.043+0000] {processor.py:840} INFO - DAG(s) 'example_sla_dag' retrieved from /home/airflow/.local/lib/python3.12/site-packages/airflow/example_dags/example_sla_dag.py
[2026-03-29T21:31:34.064+0000] {logging_mixin.py:188} INFO - [2026-03-29T21:31:34.064+0000] {dag.py:3089} INFO - Sync 1 DAGs
[2026-03-29T21:31:34.088+0000] {logging_mixin.py:188} INFO - [2026-03-29T21:31:34.088+0000] {dag.py:3947} INFO - Setting next_dagrun for example_sla_dag to 2026-03-29 21:28:00+00:00, run_after=2026-03-29 21:30:00+00:00
[2026-03-29T21:31:34.112+0000] {processor.py:183} INFO - Processing /home/airflow/.local/lib/python3.12/site-packages/airflow/example_dags/example_sla_dag.py took 0.092 seconds
[2026-03-29T21:32:05.467+0000] {processor.py:161} INFO - Started process (PID=204) to work on /home/airflow/.local/lib/python3.12/site-packages/airflow/example_dags/example_sla_dag.py
[2026-03-29T21:32:05.469+0000] {processor.py:830} INFO - Processing file /home/airflow/.local/lib/python3.12/site-packages/airflow/example_dags/example_sla_dag.py for tasks to queue
[2026-03-29T21:32:05.476+0000] {logging_mixin.py:188} INFO - [2026-03-29T21:32:05.476+0000] {dagbag.py:545} INFO - Filling up the DagBag from /home/airflow/.local/lib/python3.12/site-packages/airflow/example_dags/example_sla_dag.py
[2026-03-29T21:32:05.496+0000] {processor.py:840} INFO - DAG(s) 'example_sla_dag' retrieved from /home/airflow/.local/lib/python3.12/site-packages/airflow/example_dags/example_sla_dag.py
[2026-03-29T21:32:05.562+0000] {logging_mixin.py:188} INFO - [2026-03-29T21:32:05.561+0000] {dag.py:3089} INFO - Sync 1 DAGs
[2026-03-29T21:32:05.651+0000] {logging_mixin.py:188} INFO - [2026-03-29T21:32:05.650+0000] {dag.py:3947} INFO - Setting next_dagrun for example_sla_dag to 2026-03-29 21:30:00+00:00, run_after=2026-03-29 21:32:00+00:00
[2026-03-29T21:32:05.696+0000] {processor.py:183} INFO - Processing /home/airflow/.local/lib/python3.12/site-packages/airflow/example_dags/example_sla_dag.py took 0.242 seconds
[2026-03-29T21:32:35.910+0000] {processor.py:161} INFO - Started process (PID=256) to work on /home/airflow/.local/lib/python3.12/site-packages/airflow/example_dags/example_sla_dag.py
[2026-03-29T21:32:35.911+0000] {processor.py:830} INFO - Processing file /home/airflow/.local/lib/python3.12/site-packages/airflow/example_dags/example_sla_dag.py for tasks to queue
[2026-03-29T21:32:35.912+0000] {logging_mixin.py:188} INFO - [2026-03-29T21:32:35.912+0000] {dagbag.py:545} INFO - Filling up the DagBag from /home/airflow/.local/lib/python3.12/site-packages/airflow/example_dags/example_sla_dag.py
[2026-03-29T21:32:35.918+0000] {processor.py:840} INFO - DAG(s) 'example_sla_dag' retrieved from /home/airflow/.local/lib/python3.12/site-packages/airflow/example_dags/example_sla_dag.py
[2026-03-29T21:32:35.931+0000] {logging_mixin.py:188} INFO - [2026-03-29T21:32:35.931+0000] {dag.py:3089} INFO - Sync 1 DAGs
[2026-03-29T21:32:35.951+0000] {logging_mixin.py:188} INFO - [2026-03-29T21:32:35.951+0000] {dag.py:3947} INFO - Setting next_dagrun for example_sla_dag to 2026-03-29 21:30:00+00:00, run_after=2026-03-29 21:32:00+00:00
[2026-03-29T21:32:35.967+0000] {processor.py:183} INFO - Processing /home/airflow/.local/lib/python3.12/site-packages/airflow/example_dags/example_sla_dag.py took 0.062 seconds
[2026-03-29T21:33:06.340+0000] {processor.py:161} INFO - Started process (PID=308) to work on /home/airflow/.local/lib/python3.12/site-packages/airflow/example_dags/example_sla_dag.py
[2026-03-29T21:33:06.340+0000] {processor.py:830} INFO - Processing file /home/airflow/.local/lib/python3.12/site-packages/airflow/example_dags/example_sla_dag.py for tasks to queue
[2026-03-29T21:33:06.342+0000] {logging_mixin.py:188} INFO - [2026-03-29T21:33:06.342+0000] {dagbag.py:545} INFO - Filling up the DagBag from /home/airflow/.local/lib/python3.12/site-packages/airflow/example_dags/example_sla_dag.py
[2026-03-29T21:33:06.348+0000] {processor.py:840} INFO - DAG(s) 'example_sla_dag' retrieved from /home/airflow/.local/lib/python3.12/site-packages/airflow/example_dags/example_sla_dag.py
[2026-03-29T21:33:06.368+0000] {logging_mixin.py:188} INFO - [2026-03-29T21:33:06.368+0000] {dag.py:3089} INFO - Sync 1 DAGs
[2026-03-29T21:33:06.393+0000] {logging_mixin.py:188} INFO - [2026-03-29T21:33:06.393+0000] {dag.py:3947} INFO - Setting next_dagrun for example_sla_dag to 2026-03-29 21:30:00+00:00, run_after=2026-03-29 21:32:00+00:00
[2026-03-29T21:33:06.409+0000] {processor.py:183} INFO - Processing /home/airflow/.local/lib/python3.12/site-packages/airflow/example_dags/example_sla_dag.py took 0.074 seconds
[2026-03-29T21:33:36.984+0000] {processor.py:161} INFO - Started process (PID=360) to work on /home/airflow/.local/lib/python3.12/site-packages/airflow/example_dags/example_sla_dag.py
[2026-03-29T21:33:36.986+0000] {processor.py:830} INFO - Processing file /home/airflow/.local/lib/python3.12/site-packages/airflow/example_dags/example_sla_dag.py for tasks to queue
[2026-03-29T21:33:36.994+0000] {logging_mixin.py:188} INFO - [2026-03-29T21:33:36.993+0000] {dagbag.py:545} INFO - Filling up the DagBag from /home/airflow/.local/lib/python3.12/site-packages/airflow/example_dags/example_sla_dag.py
[2026-03-29T21:33:37.016+0000] {processor.py:840} INFO - DAG(s) 'example_sla_dag' retrieved from /home/airflow/.local/lib/python3.12/site-packages/airflow/example_dags/example_sla_dag.py
[2026-03-29T21:33:37.058+0000] {logging_mixin.py:188} INFO - [2026-03-29T21:33:37.058+0000] {dag.py:3089} INFO - Sync 1 DAGs
[2026-03-29T21:33:37.102+0000] {logging_mixin.py:188} INFO - [2026-03-29T21:33:37.102+0000] {dag.py:3947} INFO - Setting next_dagrun for example_sla_dag to 2026-03-29 21:30:00+00:00, run_after=2026-03-29 21:32:00+00:00
[2026-03-29T21:33:37.132+0000] {processor.py:183} INFO - Processing /home/airflow/.local/lib/python3.12/site-packages/airflow/example_dags/example_sla_dag.py took 0.161 seconds
[2026-03-29T21:34:07.765+0000] {processor.py:161} INFO - Started process (PID=412) to work on /home/airflow/.local/lib/python3.12/site-packages/airflow/example_dags/example_sla_dag.py
[2026-03-29T21:34:07.766+0000] {processor.py:830} INFO - Processing file /home/airflow/.local/lib/python3.12/site-packages/airflow/example_dags/example_sla_dag.py for tasks to queue
[2026-03-29T21:34:07.767+0000] {logging_mixin.py:188} INFO - [2026-03-29T21:34:07.767+0000] {dagbag.py:545} INFO - Filling up the DagBag from /home/airflow/.local/lib/python3.12/site-packages/airflow/example_dags/example_sla_dag.py
[2026-03-29T21:34:07.774+0000] {processor.py:840} INFO - DAG(s) 'example_sla_dag' retrieved from /home/airflow/.local/lib/python3.12/site-packages/airflow/example_dags/example_sla_dag.py
[2026-03-29T21:34:07.810+0000] {logging_mixin.py:188} INFO - [2026-03-29T21:34:07.809+0000] {dag.py:3089} INFO - Sync 1 DAGs
[2026-03-29T21:34:07.832+0000] {logging_mixin.py:188} INFO - [2026-03-29T21:34:07.832+0000] {dag.py:3947} INFO - Setting next_dagrun for example_sla_dag to 2026-03-29 21:32:00+00:00, run_after=2026-03-29 21:34:00+00:00
[2026-03-29T21:34:07.856+0000] {processor.py:183} INFO - Processing /home/airflow/.local/lib/python3.12/site-packages/airflow/example_dags/example_sla_dag.py took 0.096 seconds
[2026-03-29T21:34:38.163+0000] {processor.py:161} INFO - Started process (PID=464) to work on /home/airflow/.local/lib/python3.12/site-packages/airflow/example_dags/example_sla_dag.py
[2026-03-29T21:34:38.164+0000] {processor.py:830} INFO - Processing file /home/airflow/.local/lib/python3.12/site-packages/airflow/example_dags/example_sla_dag.py for tasks to queue
[2026-03-29T21:34:38.165+0000] {logging_mixin.py:188} INFO - [2026-03-29T21:34:38.165+0000] {dagbag.py:545} INFO - Filling up the DagBag from /home/airflow/.local/lib/python3.12/site-packages/airflow/example_dags/example_sla_dag.py
[2026-03-29T21:34:38.172+0000] {processor.py:840} INFO - DAG(s) 'example_sla_dag' retrieved from /home/airflow/.local/lib/python3.12/site-packages/airflow/example_dags/example_sla_dag.py
[2026-03-29T21:34:38.197+0000] {logging_mixin.py:188} INFO - [2026-03-29T21:34:38.197+0000] {dag.py:3089} INFO - Sync 1 DAGs
[2026-03-29T21:34:38.230+0000] {logging_mixin.py:188} INFO - [2026-03-29T21:34:38.229+0000] {dag.py:3947} INFO - Setting next_dagrun for example_sla_dag to 2026-03-29 21:32:00+00:00, run_after=2026-03-29 21:34:00+00:00
[2026-03-29T21:34:38.253+0000] {processor.py:183} INFO - Processing /home/airflow/.local/lib/python3.12/site-packages/airflow/example_dags/example_sla_dag.py took 0.096 seconds
[2026-03-29T21:35:09.226+0000] {processor.py:161} INFO - Started process (PID=516) to work on /home/airflow/.local/lib/python3.12/site-packages/airflow/example_dags/example_sla_dag.py
[2026-03-29T21:35:09.227+0000] {processor.py:830} INFO - Processing file /home/airflow/.local/lib/python3.12/site-packages/airflow/example_dags/example_sla_dag.py for tasks to queue
[2026-03-29T21:35:09.230+0000] {logging_mixin.py:188} INFO - [2026-03-29T21:35:09.230+0000] {dagbag.py:545} INFO - Filling up the DagBag from /home/airflow/.local/lib/python3.12/site-packages/airflow/example_dags/example_sla_dag.py
[2026-03-29T21:35:09.237+0000] {processor.py:840} INFO - DAG(s) 'example_sla_dag' retrieved from /home/airflow/.local/lib/python3.12/site-packages/airflow/example_dags/example_sla_dag.py
[2026-03-29T21:35:09.260+0000] {logging_mixin.py:188} INFO - [2026-03-29T21:35:09.259+0000] {dag.py:3089} INFO - Sync 1 DAGs
[2026-03-29T21:35:09.282+0000] {logging_mixin.py:188} INFO - [2026-03-29T21:35:09.282+0000] {dag.py:3947} INFO - Setting next_dagrun for example_sla_dag to 2026-03-29 21:32:00+00:00, run_after=2026-03-29 21:34:00+00:00
[2026-03-29T21:35:09.302+0000] {processor.py:183} INFO - Processing /home/airflow/.local/lib/python3.12/site-packages/airflow/example_dags/example_sla_dag.py took 0.082 seconds
[2026-03-29T21:35:40.155+0000] {processor.py:161} INFO - Started process (PID=568) to work on /home/airflow/.local/lib/python3.12/site-packages/airflow/example_dags/example_sla_dag.py
[2026-03-29T21:35:40.156+0000] {processor.py:830} INFO - Processing file /home/airflow/.local/lib/python3.12/site-packages/airflow/example_dags/example_sla_dag.py for tasks to queue
[2026-03-29T21:35:40.158+0000] {logging_mixin.py:188} INFO - [2026-03-29T21:35:40.158+0000] {dagbag.py:545} INFO - Filling up the DagBag from /home/airflow/.local/lib/python3.12/site-packages/airflow/example_dags/example_sla_dag.py
[2026-03-29T21:35:40.166+0000] {processor.py:840} INFO - DAG(s) 'example_sla_dag' retrieved from /home/airflow/.local/lib/python3.12/site-packages/airflow/example_dags/example_sla_dag.py
[2026-03-29T21:35:40.182+0000] {logging_mixin.py:188} INFO - [2026-03-29T21:35:40.182+0000] {dag.py:3089} INFO - Sync 1 DAGs
[2026-03-29T21:35:40.206+0000] {logging_mixin.py:188} INFO - [2026-03-29T21:35:40.206+0000] {dag.py:3947} INFO - Setting next_dagrun for example_sla_dag to 2026-03-29 21:32:00+00:00, run_after=2026-03-29 21:34:00+00:00
[2026-03-29T21:35:40.223+0000] {processor.py:183} INFO - Processing /home/airflow/.local/lib/python3.12/site-packages/airflow/example_dags/example_sla_dag.py took 0.075 seconds
[2026-03-29T21:36:10.747+0000] {processor.py:161} INFO - Started process (PID=620) to work on /home/airflow/.local/lib/python3.12/site-packages/airflow/example_dags/example_sla_dag.py
[2026-03-29T21:36:10.748+0000] {processor.py:830} INFO - Processing file /home/airflow/.local/lib/python3.12/site-packages/airflow/example_dags/example_sla_dag.py for tasks to queue
[2026-03-29T21:36:10.750+0000] {logging_mixin.py:188} INFO - [2026-03-29T21:36:10.750+0000] {dagbag.py:545} INFO - Filling up the DagBag from /home/airflow/.local/lib/python3.12/site-packages/airflow/example_dags/example_sla_dag.py
[2026-03-29T21:36:10.758+0000] {processor.py:840} INFO - DAG(s) 'example_sla_dag' retrieved from /home/airflow/.local/lib/python3.12/site-packages/airflow/example_dags/example_sla_dag.py
[2026-03-29T21:36:10.773+0000] {logging_mixin.py:188} INFO - [2026-03-29T21:36:10.773+0000] {dag.py:3089} INFO - Sync 1 DAGs
[2026-03-29T21:36:10.790+0000] {logging_mixin.py:188} INFO - [2026-03-29T21:36:10.789+0000] {dag.py:3947} INFO - Setting next_dagrun for example_sla_dag to 2026-03-29 21:34:00+00:00, run_after=2026-03-29 21:36:00+00:00
[2026-03-29T21:36:10.802+0000] {processor.py:183} INFO - Processing /home/airflow/.local/lib/python3.12/site-packages/airflow/example_dags/example_sla_dag.py took 0.061 seconds
[2026-03-29T21:36:40.986+0000] {processor.py:161} INFO - Started process (PID=672) to work on /home/airflow/.local/lib/python3.12/site-packages/airflow/example_dags/example_sla_dag.py
[2026-03-29T21:36:40.986+0000] {processor.py:830} INFO - Processing file /home/airflow/.local/lib/python3.12/site-packages/airflow/example_dags/example_sla_dag.py for tasks to queue
[2026-03-29T21:36:40.988+0000] {logging_mixin.py:188} INFO - [2026-03-29T21:36:40.988+0000] {dagbag.py:545} INFO - Filling up the DagBag from /home/airflow/.local/lib/python3.12/site-packages/airflow/example_dags/example_sla_dag.py
[2026-03-29T21:36:40.995+0000] {processor.py:840} INFO - DAG(s) 'example_sla_dag' retrieved from /home/airflow/.local/lib/python3.12/site-packages/airflow/example_dags/example_sla_dag.py
[2026-03-29T21:36:41.013+0000] {logging_mixin.py:188} INFO - [2026-03-29T21:36:41.013+0000] {dag.py:3089} INFO - Sync 1 DAGs
[2026-03-29T21:36:41.030+0000] {logging_mixin.py:188} INFO - [2026-03-29T21:36:41.030+0000] {dag.py:3947} INFO - Setting next_dagrun for example_sla_dag to 2026-03-29 21:34:00+00:00, run_after=2026-03-29 21:36:00+00:00
[2026-03-29T21:36:41.044+0000] {processor.py:183} INFO - Processing /home/airflow/.local/lib/python3.12/site-packages/airflow/example_dags/example_sla_dag.py took 0.064 seconds
[2026-03-29T21:37:11.662+0000] {processor.py:161} INFO - Started process (PID=724) to work on /home/airflow/.local/lib/python3.12/site-packages/airflow/example_dags/example_sla_dag.py
[2026-03-29T21:37:11.663+0000] {processor.py:830} INFO - Processing file /home/airflow/.local/lib/python3.12/site-packages/airflow/example_dags/example_sla_dag.py for tasks to queue
[2026-03-29T21:37:11.665+0000] {logging_mixin.py:188} INFO - [2026-03-29T21:37:11.665+0000] {dagbag.py:545} INFO - Filling up the DagBag from /home/airflow/.local/lib/python3.12/site-packages/airflow/example_dags/example_sla_dag.py
[2026-03-29T21:37:11.674+0000] {processor.py:840} INFO - DAG(s) 'example_sla_dag' retrieved from /home/airflow/.local/lib/python3.12/site-packages/airflow/example_dags/example_sla_dag.py
[2026-03-29T21:37:11.694+0000] {logging_mixin.py:188} INFO - [2026-03-29T21:37:11.694+0000] {dag.py:3089} INFO - Sync 1 DAGs
[2026-03-29T21:37:11.718+0000] {logging_mixin.py:188} INFO - [2026-03-29T21:37:11.717+0000] {dag.py:3947} INFO - Setting next_dagrun for example_sla_dag to 2026-03-29 21:34:00+00:00, run_after=2026-03-29 21:36:00+00:00
[2026-03-29T21:37:11.733+0000] {processor.py:183} INFO - Processing /home/airflow/.local/lib/python3.12/site-packages/airflow/example_dags/example_sla_dag.py took 0.078 seconds
[2026-03-29T21:37:42.094+0000] {processor.py:161} INFO - Started process (PID=776) to work on /home/airflow/.local/lib/python3.12/site-packages/airflow/example_dags/example_sla_dag.py
[2026-03-29T21:37:42.095+0000] {processor.py:830} INFO - Processing file /home/airflow/.local/lib/python3.12/site-packages/airflow/example_dags/example_sla_dag.py for tasks to queue
[2026-03-29T21:37:42.098+0000] {logging_mixin.py:188} INFO - [2026-03-29T21:37:42.097+0000] {dagbag.py:545} INFO - Filling up the DagBag from /home/airflow/.local/lib/python3.12/site-packages/airflow/example_dags/example_sla_dag.py
[2026-03-29T21:37:42.108+0000] {processor.py:840} INFO - DAG(s) 'example_sla_dag' retrieved from /home/airflow/.local/lib/python3.12/site-packages/airflow/example_dags/example_sla_dag.py
[2026-03-29T21:37:42.130+0000] {logging_mixin.py:188} INFO - [2026-03-29T21:37:42.130+0000] {dag.py:3089} INFO - Sync 1 DAGs
[2026-03-29T21:37:42.156+0000] {logging_mixin.py:188} INFO - [2026-03-29T21:37:42.156+0000] {dag.py:3947} INFO - Setting next_dagrun for example_sla_dag to 2026-03-29 21:34:00+00:00, run_after=2026-03-29 21:36:00+00:00
[2026-03-29T21:37:42.174+0000] {processor.py:183} INFO - Processing /home/airflow/.local/lib/python3.12/site-packages/airflow/example_dags/example_sla_dag.py took 0.085 seconds
[2026-03-29T21:38:12.384+0000] {processor.py:161} INFO - Started process (PID=828) to work on /home/airflow/.local/lib/python3.12/site-packages/airflow/example_dags/example_sla_dag.py
[2026-03-29T21:38:12.385+0000] {processor.py:830} INFO - Processing file /home/airflow/.local/lib/python3.12/site-packages/airflow/example_dags/example_sla_dag.py for tasks to queue
[2026-03-29T21:38:12.387+0000] {logging_mixin.py:188} INFO - [2026-03-29T21:38:12.386+0000] {dagbag.py:545} INFO - Filling up the DagBag from /home/airflow/.local/lib/python3.12/site-packages/airflow/example_dags/example_sla_dag.py
[2026-03-29T21:38:12.398+0000] {processor.py:840} INFO - DAG(s) 'example_sla_dag' retrieved from /home/airflow/.local/lib/python3.12/site-packages/airflow/example_dags/example_sla_dag.py
[2026-03-29T21:38:12.417+0000] {logging_mixin.py:188} INFO - [2026-03-29T21:38:12.417+0000] {dag.py:3089} INFO - Sync 1 DAGs
[2026-03-29T21:38:12.438+0000] {logging_mixin.py:188} INFO - [2026-03-29T21:38:12.438+0000] {dag.py:3947} INFO - Setting next_dagrun for example_sla_dag to 2026-03-29 21:36:00+00:00, run_after=2026-03-29 21:38:00+00:00
[2026-03-29T21:38:12.451+0000] {processor.py:183} INFO - Processing /home/airflow/.local/lib/python3.12/site-packages/airflow/example_dags/example_sla_dag.py took 0.072 seconds
[2026-03-29T21:38:43.005+0000] {processor.py:161} INFO - Started process (PID=880) to work on /home/airflow/.local/lib/python3.12/site-packages/airflow/example_dags/example_sla_dag.py
[2026-03-29T21:38:43.006+0000] {processor.py:830} INFO - Processing file /home/airflow/.local/lib/python3.12/site-packages/airflow/example_dags/example_sla_dag.py for tasks to queue
[2026-03-29T21:38:43.007+0000] {logging_mixin.py:188} INFO - [2026-03-29T21:38:43.007+0000] {dagbag.py:545} INFO - Filling up the DagBag from /home/airflow/.local/lib/python3.12/site-packages/airflow/example_dags/example_sla_dag.py
[2026-03-29T21:38:43.014+0000] {processor.py:840} INFO - DAG(s) 'example_sla_dag' retrieved from /home/airflow/.local/lib/python3.12/site-packages/airflow/example_dags/example_sla_dag.py
[2026-03-29T21:38:43.030+0000] {logging_mixin.py:188} INFO - [2026-03-29T21:38:43.030+0000] {dag.py:3089} INFO - Sync 1 DAGs
[2026-03-29T21:38:43.052+0000] {logging_mixin.py:188} INFO - [2026-03-29T21:38:43.052+0000] {dag.py:3947} INFO - Setting next_dagrun for example_sla_dag to 2026-03-29 21:36:00+00:00, run_after=2026-03-29 21:38:00+00:00
[2026-03-29T21:38:43.064+0000] {processor.py:183} INFO - Processing /home/airflow/.local/lib/python3.12/site-packages/airflow/example_dags/example_sla_dag.py took 0.063 seconds
[2026-03-29T21:39:13.487+0000] {processor.py:161} INFO - Started process (PID=932) to work on /home/airflow/.local/lib/python3.12/site-packages/airflow/example_dags/example_sla_dag.py
[2026-03-29T21:39:13.488+0000] {processor.py:830} INFO - Processing file /home/airflow/.local/lib/python3.12/site-packages/airflow/example_dags/example_sla_dag.py for tasks to queue
[2026-03-29T21:39:13.490+0000] {logging_mixin.py:188} INFO - [2026-03-29T21:39:13.489+0000] {dagbag.py:545} INFO - Filling up the DagBag from /home/airflow/.local/lib/python3.12/site-packages/airflow/example_dags/example_sla_dag.py
[2026-03-29T21:39:13.496+0000] {processor.py:840} INFO - DAG(s) 'example_sla_dag' retrieved from /home/airflow/.local/lib/python3.12/site-packages/airflow/example_dags/example_sla_dag.py
[2026-03-29T21:39:13.511+0000] {logging_mixin.py:188} INFO - [2026-03-29T21:39:13.511+0000] {dag.py:3089} INFO - Sync 1 DAGs
[2026-03-29T21:39:13.528+0000] {logging_mixin.py:188} INFO - [2026-03-29T21:39:13.528+0000] {dag.py:3947} INFO - Setting next_dagrun for example_sla_dag to 2026-03-29 21:36:00+00:00, run_after=2026-03-29 21:38:00+00:00
[2026-03-29T21:39:13.540+0000] {processor.py:183} INFO - Processing /home/airflow/.local/lib/python3.12/site-packages/airflow/example_dags/example_sla_dag.py took 0.058 seconds
[2026-03-29T21:39:44.333+0000] {processor.py:161} INFO - Started process (PID=984) to work on /home/airflow/.local/lib/python3.12/site-packages/airflow/example_dags/example_sla_dag.py
[2026-03-29T21:39:44.335+0000] {processor.py:830} INFO - Processing file /home/airflow/.local/lib/python3.12/site-packages/airflow/example_dags/example_sla_dag.py for tasks to queue
[2026-03-29T21:39:44.337+0000] {logging_mixin.py:188} INFO - [2026-03-29T21:39:44.336+0000] {dagbag.py:545} INFO - Filling up the DagBag from /home/airflow/.local/lib/python3.12/site-packages/airflow/example_dags/example_sla_dag.py
[2026-03-29T21:39:44.345+0000] {processor.py:840} INFO - DAG(s) 'example_sla_dag' retrieved from /home/airflow/.local/lib/python3.12/site-packages/airflow/example_dags/example_sla_dag.py
[2026-03-29T21:39:44.365+0000] {logging_mixin.py:188} INFO - [2026-03-29T21:39:44.364+0000] {dag.py:3089} INFO - Sync 1 DAGs
[2026-03-29T21:39:44.389+0000] {logging_mixin.py:188} INFO - [2026-03-29T21:39:44.389+0000] {dag.py:3947} INFO - Setting next_dagrun for example_sla_dag to 2026-03-29 21:36:00+00:00, run_after=2026-03-29 21:38:00+00:00
[2026-03-29T21:39:44.408+0000] {processor.py:183} INFO - Processing /home/airflow/.local/lib/python3.12/site-packages/airflow/example_dags/example_sla_dag.py took 0.082 seconds
[2026-03-29T21:40:15.211+0000] {processor.py:161} INFO - Started process (PID=1036) to work on /home/airflow/.local/lib/python3.12/site-packages/airflow/example_dags/example_sla_dag.py
[2026-03-29T21:40:15.212+0000] {processor.py:830} INFO - Processing file /home/airflow/.local/lib/python3.12/site-packages/airflow/example_dags/example_sla_dag.py for tasks to queue
[2026-03-29T21:40:15.213+0000] {logging_mixin.py:188} INFO - [2026-03-29T21:40:15.213+0000] {dagbag.py:545} INFO - Filling up the DagBag from /home/airflow/.local/lib/python3.12/site-packages/airflow/example_dags/example_sla_dag.py
[2026-03-29T21:40:15.223+0000] {processor.py:840} INFO - DAG(s) 'example_sla_dag' retrieved from /home/airflow/.local/lib/python3.12/site-packages/airflow/example_dags/example_sla_dag.py
[2026-03-29T21:40:15.284+0000] {logging_mixin.py:188} INFO - [2026-03-29T21:40:15.284+0000] {dag.py:3089} INFO - Sync 1 DAGs
[2026-03-29T21:40:15.306+0000] {logging_mixin.py:188} INFO - [2026-03-29T21:40:15.306+0000] {dag.py:3947} INFO - Setting next_dagrun for example_sla_dag to 2026-03-29 21:38:00+00:00, run_after=2026-03-29 21:40:00+00:00
[2026-03-29T21:40:15.326+0000] {processor.py:183} INFO - Processing /home/airflow/.local/lib/python3.12/site-packages/airflow/example_dags/example_sla_dag.py took 0.121 seconds
[2026-03-29T21:40:45.867+0000] {processor.py:161} INFO - Started process (PID=1088) to work on /home/airflow/.local/lib/python3.12/site-packages/airflow/example_dags/example_sla_dag.py
[2026-03-29T21:40:45.868+0000] {processor.py:830} INFO - Processing file /home/airflow/.local/lib/python3.12/site-packages/airflow/example_dags/example_sla_dag.py for tasks to queue
[2026-03-29T21:40:45.871+0000] {logging_mixin.py:188} INFO - [2026-03-29T21:40:45.871+0000] {dagbag.py:545} INFO - Filling up the DagBag from /home/airflow/.local/lib/python3.12/site-packages/airflow/example_dags/example_sla_dag.py
[2026-03-29T21:40:45.880+0000] {processor.py:840} INFO - DAG(s) 'example_sla_dag' retrieved from /home/airflow/.local/lib/python3.12/site-packages/airflow/example_dags/example_sla_dag.py
[2026-03-29T21:40:45.895+0000] {logging_mixin.py:188} INFO - [2026-03-29T21:40:45.895+0000] {dag.py:3089} INFO - Sync 1 DAGs
[2026-03-29T21:40:45.918+0000] {logging_mixin.py:188} INFO - [2026-03-29T21:40:45.918+0000] {dag.py:3947} INFO - Setting next_dagrun for example_sla_dag to 2026-03-29 21:38:00+00:00, run_after=2026-03-29 21:40:00+00:00
[2026-03-29T21:40:45.935+0000] {processor.py:183} INFO - Processing /home/airflow/.local/lib/python3.12/site-packages/airflow/example_dags/example_sla_dag.py took 0.072 seconds
[2026-03-29T21:41:16.764+0000] {processor.py:161} INFO - Started process (PID=1140) to work on /home/airflow/.local/lib/python3.12/site-packages/airflow/example_dags/example_sla_dag.py
[2026-03-29T21:41:16.765+0000] {processor.py:830} INFO - Processing file /home/airflow/.local/lib/python3.12/site-packages/airflow/example_dags/example_sla_dag.py for tasks to queue
[2026-03-29T21:41:16.766+0000] {logging_mixin.py:188} INFO - [2026-03-29T21:41:16.766+0000] {dagbag.py:545} INFO - Filling up the DagBag from /home/airflow/.local/lib/python3.12/site-packages/airflow/example_dags/example_sla_dag.py
[2026-03-29T21:41:16.772+0000] {processor.py:840} INFO - DAG(s) 'example_sla_dag' retrieved from /home/airflow/.local/lib/python3.12/site-packages/airflow/example_dags/example_sla_dag.py
[2026-03-29T21:41:16.789+0000] {logging_mixin.py:188} INFO - [2026-03-29T21:41:16.789+0000] {dag.py:3089} INFO - Sync 1 DAGs
[2026-03-29T21:41:16.806+0000] {logging_mixin.py:188} INFO - [2026-03-29T21:41:16.806+0000] {dag.py:3947} INFO - Setting next_dagrun for example_sla_dag to 2026-03-29 21:38:00+00:00, run_after=2026-03-29 21:40:00+00:00
[2026-03-29T21:41:16.819+0000] {processor.py:183} INFO - Processing /home/airflow/.local/lib/python3.12/site-packages/airflow/example_dags/example_sla_dag.py took 0.060 seconds
[2026-03-29T21:41:47.711+0000] {processor.py:161} INFO - Started process (PID=1192) to work on /home/airflow/.local/lib/python3.12/site-packages/airflow/example_dags/example_sla_dag.py
[2026-03-29T21:41:47.713+0000] {processor.py:830} INFO - Processing file /home/airflow/.local/lib/python3.12/site-packages/airflow/example_dags/example_sla_dag.py for tasks to queue
[2026-03-29T21:41:47.714+0000] {logging_mixin.py:188} INFO - [2026-03-29T21:41:47.714+0000] {dagbag.py:545} INFO - Filling up the DagBag from /home/airflow/.local/lib/python3.12/site-packages/airflow/example_dags/example_sla_dag.py
[2026-03-29T21:41:47.721+0000] {processor.py:840} INFO - DAG(s) 'example_sla_dag' retrieved from /home/airflow/.local/lib/python3.12/site-packages/airflow/example_dags/example_sla_dag.py
[2026-03-29T21:41:47.736+0000] {logging_mixin.py:188} INFO - [2026-03-29T21:41:47.736+0000] {dag.py:3089} INFO - Sync 1 DAGs
[2026-03-29T21:41:47.758+0000] {logging_mixin.py:188} INFO - [2026-03-29T21:41:47.758+0000] {dag.py:3947} INFO - Setting next_dagrun for example_sla_dag to 2026-03-29 21:38:00+00:00, run_after=2026-03-29 21:40:00+00:00
[2026-03-29T21:41:47.780+0000] {processor.py:183} INFO - Processing /home/airflow/.local/lib/python3.12/site-packages/airflow/example_dags/example_sla_dag.py took 0.075 seconds
[2026-03-29T21:42:18.861+0000] {processor.py:161} INFO - Started process (PID=1244) to work on /home/airflow/.local/lib/python3.12/site-packages/airflow/example_dags/example_sla_dag.py
[2026-03-29T21:42:18.862+0000] {processor.py:830} INFO - Processing file /home/airflow/.local/lib/python3.12/site-packages/airflow/example_dags/example_sla_dag.py for tasks to queue
[2026-03-29T21:42:18.864+0000] {logging_mixin.py:188} INFO - [2026-03-29T21:42:18.864+0000] {dagbag.py:545} INFO - Filling up the DagBag from /home/airflow/.local/lib/python3.12/site-packages/airflow/example_dags/example_sla_dag.py
[2026-03-29T21:42:18.871+0000] {processor.py:840} INFO - DAG(s) 'example_sla_dag' retrieved from /home/airflow/.local/lib/python3.12/site-packages/airflow/example_dags/example_sla_dag.py
[2026-03-29T21:42:18.888+0000] {logging_mixin.py:188} INFO - [2026-03-29T21:42:18.888+0000] {dag.py:3089} INFO - Sync 1 DAGs
[2026-03-29T21:42:18.907+0000] {logging_mixin.py:188} INFO - [2026-03-29T21:42:18.907+0000] {dag.py:3947} INFO - Setting next_dagrun for example_sla_dag to 2026-03-29 21:40:00+00:00, run_after=2026-03-29 21:42:00+00:00
[2026-03-29T21:42:18.921+0000] {processor.py:183} INFO - Processing /home/airflow/.local/lib/python3.12/site-packages/airflow/example_dags/example_sla_dag.py took 0.065 seconds
[2026-03-29T21:42:50.029+0000] {processor.py:161} INFO - Started process (PID=1296) to work on /home/airflow/.local/lib/python3.12/site-packages/airflow/example_dags/example_sla_dag.py
[2026-03-29T21:42:50.031+0000] {processor.py:830} INFO - Processing file /home/airflow/.local/lib/python3.12/site-packages/airflow/example_dags/example_sla_dag.py for tasks to queue
[2026-03-29T21:42:50.034+0000] {logging_mixin.py:188} INFO - [2026-03-29T21:42:50.034+0000] {dagbag.py:545} INFO - Filling up the DagBag from /home/airflow/.local/lib/python3.12/site-packages/airflow/example_dags/example_sla_dag.py
[2026-03-29T21:42:50.044+0000] {processor.py:840} INFO - DAG(s) 'example_sla_dag' retrieved from /home/airflow/.local/lib/python3.12/site-packages/airflow/example_dags/example_sla_dag.py
[2026-03-29T21:42:50.095+0000] {logging_mixin.py:188} INFO - [2026-03-29T21:42:50.094+0000] {dag.py:3089} INFO - Sync 1 DAGs
[2026-03-29T21:42:50.124+0000] {logging_mixin.py:188} INFO - [2026-03-29T21:42:50.123+0000] {dag.py:3947} INFO - Setting next_dagrun for example_sla_dag to 2026-03-29 21:40:00+00:00, run_after=2026-03-29 21:42:00+00:00
[2026-03-29T21:42:50.145+0000] {processor.py:183} INFO - Processing /home/airflow/.local/lib/python3.12/site-packages/airflow/example_dags/example_sla_dag.py took 0.124 seconds
[2026-03-29T21:43:20.234+0000] {processor.py:161} INFO - Started process (PID=1347) to work on /home/airflow/.local/lib/python3.12/site-packages/airflow/example_dags/example_sla_dag.py
[2026-03-29T21:43:20.235+0000] {processor.py:830} INFO - Processing file /home/airflow/.local/lib/python3.12/site-packages/airflow/example_dags/example_sla_dag.py for tasks to queue
[2026-03-29T21:43:20.236+0000] {logging_mixin.py:188} INFO - [2026-03-29T21:43:20.236+0000] {dagbag.py:545} INFO - Filling up the DagBag from /home/airflow/.local/lib/python3.12/site-packages/airflow/example_dags/example_sla_dag.py
[2026-03-29T21:43:20.243+0000] {processor.py:840} INFO - DAG(s) 'example_sla_dag' retrieved from /home/airflow/.local/lib/python3.12/site-packages/airflow/example_dags/example_sla_dag.py
[2026-03-29T21:43:20.257+0000] {logging_mixin.py:188} INFO - [2026-03-29T21:43:20.257+0000] {dag.py:3089} INFO - Sync 1 DAGs
[2026-03-29T21:43:20.272+0000] {logging_mixin.py:188} INFO - [2026-03-29T21:43:20.272+0000] {dag.py:3947} INFO - Setting next_dagrun for example_sla_dag to 2026-03-29 21:40:00+00:00, run_after=2026-03-29 21:42:00+00:00
[2026-03-29T21:43:20.284+0000] {processor.py:183} INFO - Processing /home/airflow/.local/lib/python3.12/site-packages/airflow/example_dags/example_sla_dag.py took 0.059 seconds
[2026-03-29T21:43:50.326+0000] {processor.py:161} INFO - Started process (PID=1399) to work on /home/airflow/.local/lib/python3.12/site-packages/airflow/example_dags/example_sla_dag.py
[2026-03-29T21:43:50.328+0000] {processor.py:830} INFO - Processing file /home/airflow/.local/lib/python3.12/site-packages/airflow/example_dags/example_sla_dag.py for tasks to queue
[2026-03-29T21:43:50.329+0000] {logging_mixin.py:188} INFO - [2026-03-29T21:43:50.329+0000] {dagbag.py:545} INFO - Filling up the DagBag from /home/airflow/.local/lib/python3.12/site-packages/airflow/example_dags/example_sla_dag.py
[2026-03-29T21:43:50.335+0000] {processor.py:840} INFO - DAG(s) 'example_sla_dag' retrieved from /home/airflow/.local/lib/python3.12/site-packages/airflow/example_dags/example_sla_dag.py
[2026-03-29T21:43:50.349+0000] {logging_mixin.py:188} INFO - [2026-03-29T21:43:50.349+0000] {dag.py:3089} INFO - Sync 1 DAGs
[2026-03-29T21:43:50.365+0000] {logging_mixin.py:188} INFO - [2026-03-29T21:43:50.365+0000] {dag.py:3947} INFO - Setting next_dagrun for example_sla_dag to 2026-03-29 21:40:00+00:00, run_after=2026-03-29 21:42:00+00:00
[2026-03-29T21:43:50.376+0000] {processor.py:183} INFO - Processing /home/airflow/.local/lib/python3.12/site-packages/airflow/example_dags/example_sla_dag.py took 0.054 seconds
[2026-03-29T21:44:20.570+0000] {processor.py:161} INFO - Started process (PID=1451) to work on /home/airflow/.local/lib/python3.12/site-packages/airflow/example_dags/example_sla_dag.py
[2026-03-29T21:44:20.571+0000] {processor.py:830} INFO - Processing file /home/airflow/.local/lib/python3.12/site-packages/airflow/example_dags/example_sla_dag.py for tasks to queue
[2026-03-29T21:44:20.573+0000] {logging_mixin.py:188} INFO - [2026-03-29T21:44:20.572+0000] {dagbag.py:545} INFO - Filling up the DagBag from /home/airflow/.local/lib/python3.12/site-packages/airflow/example_dags/example_sla_dag.py
[2026-03-29T21:44:20.583+0000] {processor.py:840} INFO - DAG(s) 'example_sla_dag' retrieved from /home/airflow/.local/lib/python3.12/site-packages/airflow/example_dags/example_sla_dag.py
[2026-03-29T21:44:20.608+0000] {logging_mixin.py:188} INFO - [2026-03-29T21:44:20.608+0000] {dag.py:3089} INFO - Sync 1 DAGs
[2026-03-29T21:44:20.639+0000] {logging_mixin.py:188} INFO - [2026-03-29T21:44:20.639+0000] {dag.py:3947} INFO - Setting next_dagrun for example_sla_dag to 2026-03-29 21:42:00+00:00, run_after=2026-03-29 21:44:00+00:00
[2026-03-29T21:44:20.663+0000] {processor.py:183} INFO - Processing /home/airflow/.local/lib/python3.12/site-packages/airflow/example_dags/example_sla_dag.py took 0.104 seconds
[2026-03-29T21:44:51.536+0000] {processor.py:161} INFO - Started process (PID=1503) to work on /home/airflow/.local/lib/python3.12/site-packages/airflow/example_dags/example_sla_dag.py
[2026-03-29T21:44:51.537+0000] {processor.py:830} INFO - Processing file /home/airflow/.local/lib/python3.12/site-packages/airflow/example_dags/example_sla_dag.py for tasks to queue
[2026-03-29T21:44:51.540+0000] {logging_mixin.py:188} INFO - [2026-03-29T21:44:51.540+0000] {dagbag.py:545} INFO - Filling up the DagBag from /home/airflow/.local/lib/python3.12/site-packages/airflow/example_dags/example_sla_dag.py
[2026-03-29T21:44:51.549+0000] {processor.py:840} INFO - DAG(s) 'example_sla_dag' retrieved from /home/airflow/.local/lib/python3.12/site-packages/airflow/example_dags/example_sla_dag.py
[2026-03-29T21:44:51.612+0000] {logging_mixin.py:188} INFO - [2026-03-29T21:44:51.611+0000] {dag.py:3089} INFO - Sync 1 DAGs
[2026-03-29T21:44:51.639+0000] {logging_mixin.py:188} INFO - [2026-03-29T21:44:51.639+0000] {dag.py:3947} INFO - Setting next_dagrun for example_sla_dag to 2026-03-29 21:42:00+00:00, run_after=2026-03-29 21:44:00+00:00
[2026-03-29T21:44:51.658+0000] {processor.py:183} INFO - Processing /home/airflow/.local/lib/python3.12/site-packages/airflow/example_dags/example_sla_dag.py took 0.129 seconds
[2026-03-29T21:45:21.899+0000] {processor.py:161} INFO - Started process (PID=1555) to work on /home/airflow/.local/lib/python3.12/site-packages/airflow/example_dags/example_sla_dag.py
[2026-03-29T21:45:21.901+0000] {processor.py:830} INFO - Processing file /home/airflow/.local/lib/python3.12/site-packages/airflow/example_dags/example_sla_dag.py for tasks to queue
[2026-03-29T21:45:21.905+0000] {logging_mixin.py:188} INFO - [2026-03-29T21:45:21.904+0000] {dagbag.py:545} INFO - Filling up the DagBag from /home/airflow/.local/lib/python3.12/site-packages/airflow/example_dags/example_sla_dag.py
[2026-03-29T21:45:21.916+0000] {processor.py:840} INFO - DAG(s) 'example_sla_dag' retrieved from /home/airflow/.local/lib/python3.12/site-packages/airflow/example_dags/example_sla_dag.py
[2026-03-29T21:45:21.949+0000] {logging_mixin.py:188} INFO - [2026-03-29T21:45:21.948+0000] {dag.py:3089} INFO - Sync 1 DAGs
[2026-03-29T21:45:21.981+0000] {logging_mixin.py:188} INFO - [2026-03-29T21:45:21.980+0000] {dag.py:3947} INFO - Setting next_dagrun for example_sla_dag to 2026-03-29 21:42:00+00:00, run_after=2026-03-29 21:44:00+00:00
[2026-03-29T21:45:22.004+0000] {processor.py:183} INFO - Processing /home/airflow/.local/lib/python3.12/site-packages/airflow/example_dags/example_sla_dag.py took 0.117 seconds
[2026-03-29T21:45:52.077+0000] {processor.py:161} INFO - Started process (PID=1606) to work on /home/airflow/.local/lib/python3.12/site-packages/airflow/example_dags/example_sla_dag.py
[2026-03-29T21:45:52.078+0000] {processor.py:830} INFO - Processing file /home/airflow/.local/lib/python3.12/site-packages/airflow/example_dags/example_sla_dag.py for tasks to queue
[2026-03-29T21:45:52.080+0000] {logging_mixin.py:188} INFO - [2026-03-29T21:45:52.079+0000] {dagbag.py:545} INFO - Filling up the DagBag from /home/airflow/.local/lib/python3.12/site-packages/airflow/example_dags/example_sla_dag.py
[2026-03-29T21:45:52.086+0000] {processor.py:840} INFO - DAG(s) 'example_sla_dag' retrieved from /home/airflow/.local/lib/python3.12/site-packages/airflow/example_dags/example_sla_dag.py
[2026-03-29T21:45:52.105+0000] {logging_mixin.py:188} INFO - [2026-03-29T21:45:52.104+0000] {dag.py:3089} INFO - Sync 1 DAGs
[2026-03-29T21:45:52.129+0000] {logging_mixin.py:188} INFO - [2026-03-29T21:45:52.128+0000] {dag.py:3947} INFO - Setting next_dagrun for example_sla_dag to 2026-03-29 21:42:00+00:00, run_after=2026-03-29 21:44:00+00:00
[2026-03-29T21:45:52.146+0000] {processor.py:183} INFO - Processing /home/airflow/.local/lib/python3.12/site-packages/airflow/example_dags/example_sla_dag.py took 0.074 seconds
[2026-03-29T21:46:22.687+0000] {processor.py:161} INFO - Started process (PID=1657) to work on /home/airflow/.local/lib/python3.12/site-packages/airflow/example_dags/example_sla_dag.py
[2026-03-29T21:46:22.690+0000] {processor.py:830} INFO - Processing file /home/airflow/.local/lib/python3.12/site-packages/airflow/example_dags/example_sla_dag.py for tasks to queue
[2026-03-29T21:46:22.694+0000] {logging_mixin.py:188} INFO - [2026-03-29T21:46:22.693+0000] {dagbag.py:545} INFO - Filling up the DagBag from /home/airflow/.local/lib/python3.12/site-packages/airflow/example_dags/example_sla_dag.py
[2026-03-29T21:46:22.708+0000] {processor.py:840} INFO - DAG(s) 'example_sla_dag' retrieved from /home/airflow/.local/lib/python3.12/site-packages/airflow/example_dags/example_sla_dag.py
[2026-03-29T21:46:22.730+0000] {logging_mixin.py:188} INFO - [2026-03-29T21:46:22.729+0000] {dag.py:3089} INFO - Sync 1 DAGs
[2026-03-29T21:46:22.755+0000] {logging_mixin.py:188} INFO - [2026-03-29T21:46:22.754+0000] {dag.py:3947} INFO - Setting next_dagrun for example_sla_dag to 2026-03-29 21:44:00+00:00, run_after=2026-03-29 21:46:00+00:00
[2026-03-29T21:46:22.771+0000] {processor.py:183} INFO - Processing /home/airflow/.local/lib/python3.12/site-packages/airflow/example_dags/example_sla_dag.py took 0.090 seconds
[2026-03-29T21:46:53.457+0000] {processor.py:161} INFO - Started process (PID=1709) to work on /home/airflow/.local/lib/python3.12/site-packages/airflow/example_dags/example_sla_dag.py
[2026-03-29T21:46:53.459+0000] {processor.py:830} INFO - Processing file /home/airflow/.local/lib/python3.12/site-packages/airflow/example_dags/example_sla_dag.py for tasks to queue
[2026-03-29T21:46:53.461+0000] {logging_mixin.py:188} INFO - [2026-03-29T21:46:53.461+0000] {dagbag.py:545} INFO - Filling up the DagBag from /home/airflow/.local/lib/python3.12/site-packages/airflow/example_dags/example_sla_dag.py
[2026-03-29T21:46:53.469+0000] {processor.py:840} INFO - DAG(s) 'example_sla_dag' retrieved from /home/airflow/.local/lib/python3.12/site-packages/airflow/example_dags/example_sla_dag.py
[2026-03-29T21:46:53.488+0000] {logging_mixin.py:188} INFO - [2026-03-29T21:46:53.488+0000] {dag.py:3089} INFO - Sync 1 DAGs
[2026-03-29T21:46:53.506+0000] {logging_mixin.py:188} INFO - [2026-03-29T21:46:53.506+0000] {dag.py:3947} INFO - Setting next_dagrun for example_sla_dag to 2026-03-29 21:44:00+00:00, run_after=2026-03-29 21:46:00+00:00
[2026-03-29T21:46:53.520+0000] {processor.py:183} INFO - Processing /home/airflow/.local/lib/python3.12/site-packages/airflow/example_dags/example_sla_dag.py took 0.067 seconds
[2026-03-29T21:47:24.189+0000] {processor.py:161} INFO - Started process (PID=1761) to work on /home/airflow/.local/lib/python3.12/site-packages/airflow/example_dags/example_sla_dag.py
[2026-03-29T21:47:24.193+0000] {processor.py:830} INFO - Processing file /home/airflow/.local/lib/python3.12/site-packages/airflow/example_dags/example_sla_dag.py for tasks to queue
[2026-03-29T21:47:24.194+0000] {logging_mixin.py:188} INFO - [2026-03-29T21:47:24.194+0000] {dagbag.py:545} INFO - Filling up the DagBag from /home/airflow/.local/lib/python3.12/site-packages/airflow/example_dags/example_sla_dag.py
[2026-03-29T21:47:24.201+0000] {processor.py:840} INFO - DAG(s) 'example_sla_dag' retrieved from /home/airflow/.local/lib/python3.12/site-packages/airflow/example_dags/example_sla_dag.py
[2026-03-29T21:47:24.226+0000] {logging_mixin.py:188} INFO - [2026-03-29T21:47:24.226+0000] {dag.py:3089} INFO - Sync 1 DAGs
[2026-03-29T21:47:24.249+0000] {logging_mixin.py:188} INFO - [2026-03-29T21:47:24.249+0000] {dag.py:3947} INFO - Setting next_dagrun for example_sla_dag to 2026-03-29 21:44:00+00:00, run_after=2026-03-29 21:46:00+00:00
[2026-03-29T21:47:24.374+0000] {processor.py:183} INFO - Processing /home/airflow/.local/lib/python3.12/site-packages/airflow/example_dags/example_sla_dag.py took 0.190 seconds
[2026-03-29T21:47:55.089+0000] {processor.py:161} INFO - Started process (PID=1813) to work on /home/airflow/.local/lib/python3.12/site-packages/airflow/example_dags/example_sla_dag.py
[2026-03-29T21:47:55.090+0000] {processor.py:830} INFO - Processing file /home/airflow/.local/lib/python3.12/site-packages/airflow/example_dags/example_sla_dag.py for tasks to queue
[2026-03-29T21:47:55.092+0000] {logging_mixin.py:188} INFO - [2026-03-29T21:47:55.092+0000] {dagbag.py:545} INFO - Filling up the DagBag from /home/airflow/.local/lib/python3.12/site-packages/airflow/example_dags/example_sla_dag.py
[2026-03-29T21:47:55.100+0000] {processor.py:840} INFO - DAG(s) 'example_sla_dag' retrieved from /home/airflow/.local/lib/python3.12/site-packages/airflow/example_dags/example_sla_dag.py
[2026-03-29T21:47:55.122+0000] {logging_mixin.py:188} INFO - [2026-03-29T21:47:55.122+0000] {dag.py:3089} INFO - Sync 1 DAGs
[2026-03-29T21:47:55.143+0000] {logging_mixin.py:188} INFO - [2026-03-29T21:47:55.143+0000] {dag.py:3947} INFO - Setting next_dagrun for example_sla_dag to 2026-03-29 21:44:00+00:00, run_after=2026-03-29 21:46:00+00:00
[2026-03-29T21:47:55.157+0000] {processor.py:183} INFO - Processing /home/airflow/.local/lib/python3.12/site-packages/airflow/example_dags/example_sla_dag.py took 0.076 seconds
[2026-03-29T21:48:25.918+0000] {processor.py:161} INFO - Started process (PID=1865) to work on /home/airflow/.local/lib/python3.12/site-packages/airflow/example_dags/example_sla_dag.py
[2026-03-29T21:48:25.919+0000] {processor.py:830} INFO - Processing file /home/airflow/.local/lib/python3.12/site-packages/airflow/example_dags/example_sla_dag.py for tasks to queue
[2026-03-29T21:48:25.922+0000] {logging_mixin.py:188} INFO - [2026-03-29T21:48:25.921+0000] {dagbag.py:545} INFO - Filling up the DagBag from /home/airflow/.local/lib/python3.12/site-packages/airflow/example_dags/example_sla_dag.py
[2026-03-29T21:48:25.928+0000] {processor.py:840} INFO - DAG(s) 'example_sla_dag' retrieved from /home/airflow/.local/lib/python3.12/site-packages/airflow/example_dags/example_sla_dag.py
[2026-03-29T21:48:25.942+0000] {logging_mixin.py:188} INFO - [2026-03-29T21:48:25.942+0000] {dag.py:3089} INFO - Sync 1 DAGs
[2026-03-29T21:48:25.963+0000] {logging_mixin.py:188} INFO - [2026-03-29T21:48:25.963+0000] {dag.py:3947} INFO - Setting next_dagrun for example_sla_dag to 2026-03-29 21:46:00+00:00, run_after=2026-03-29 21:48:00+00:00
[2026-03-29T21:48:25.980+0000] {processor.py:183} INFO - Processing /home/airflow/.local/lib/python3.12/site-packages/airflow/example_dags/example_sla_dag.py took 0.067 seconds
[2026-03-29T21:48:59.048+0000] {processor.py:161} INFO - Started process (PID=1917) to work on /home/airflow/.local/lib/python3.12/site-packages/airflow/example_dags/example_sla_dag.py
[2026-03-29T21:48:59.049+0000] {processor.py:830} INFO - Processing file /home/airflow/.local/lib/python3.12/site-packages/airflow/example_dags/example_sla_dag.py for tasks to queue
[2026-03-29T21:48:59.051+0000] {logging_mixin.py:188} INFO - [2026-03-29T21:48:59.050+0000] {dagbag.py:545} INFO - Filling up the DagBag from /home/airflow/.local/lib/python3.12/site-packages/airflow/example_dags/example_sla_dag.py
[2026-03-29T21:48:59.059+0000] {processor.py:840} INFO - DAG(s) 'example_sla_dag' retrieved from /home/airflow/.local/lib/python3.12/site-packages/airflow/example_dags/example_sla_dag.py
[2026-03-29T21:48:59.080+0000] {logging_mixin.py:188} INFO - [2026-03-29T21:48:59.080+0000] {dag.py:3089} INFO - Sync 1 DAGs
[2026-03-29T21:48:59.129+0000] {logging_mixin.py:188} INFO - [2026-03-29T21:48:59.129+0000] {dag.py:3947} INFO - Setting next_dagrun for example_sla_dag to 2026-03-29 21:46:00+00:00, run_after=2026-03-29 21:48:00+00:00
[2026-03-29T21:48:59.157+0000] {processor.py:183} INFO - Processing /home/airflow/.local/lib/python3.12/site-packages/airflow/example_dags/example_sla_dag.py took 0.116 seconds
[2026-03-29T21:49:30.278+0000] {processor.py:161} INFO - Started process (PID=1969) to work on /home/airflow/.local/lib/python3.12/site-packages/airflow/example_dags/example_sla_dag.py
[2026-03-29T21:49:30.279+0000] {processor.py:830} INFO - Processing file /home/airflow/.local/lib/python3.12/site-packages/airflow/example_dags/example_sla_dag.py for tasks to queue
[2026-03-29T21:49:30.282+0000] {logging_mixin.py:188} INFO - [2026-03-29T21:49:30.282+0000] {dagbag.py:545} INFO - Filling up the DagBag from /home/airflow/.local/lib/python3.12/site-packages/airflow/example_dags/example_sla_dag.py
[2026-03-29T21:49:30.289+0000] {processor.py:840} INFO - DAG(s) 'example_sla_dag' retrieved from /home/airflow/.local/lib/python3.12/site-packages/airflow/example_dags/example_sla_dag.py
[2026-03-29T21:49:30.429+0000] {logging_mixin.py:188} INFO - [2026-03-29T21:49:30.429+0000] {dag.py:3089} INFO - Sync 1 DAGs
[2026-03-29T21:49:30.448+0000] {logging_mixin.py:188} INFO - [2026-03-29T21:49:30.448+0000] {dag.py:3947} INFO - Setting next_dagrun for example_sla_dag to 2026-03-29 21:46:00+00:00, run_after=2026-03-29 21:48:00+00:00
[2026-03-29T21:49:30.461+0000] {processor.py:183} INFO - Processing /home/airflow/.local/lib/python3.12/site-packages/airflow/example_dags/example_sla_dag.py took 0.188 seconds
