[2026-03-29T21:30:35.423+0000] {processor.py:161} INFO - Started process (PID=66) to work on /home/airflow/.local/lib/python3.12/site-packages/airflow/example_dags/example_bash_operator.py
[2026-03-29T21:30:35.426+0000] {processor.py:830} INFO - Processing file /home/airflow/.local/lib/python3.12/site-packages/airflow/example_dags/example_bash_operator.py for tasks to queue
[2026-03-29T21:30:35.430+0000] {logging_mixin.py:188} INFO - [2026-03-29T21:30:35.429+0000] {dagbag.py:545} INFO - Filling up the DagBag from /home/airflow/.local/lib/python3.12/site-packages/airflow/example_dags/example_bash_operator.py
[2026-03-29T21:30:35.460+0000] {processor.py:840} INFO - DAG(s) 'example_bash_operator' retrieved from /home/airflow/.local/lib/python3.12/site-packages/airflow/example_dags/example_bash_operator.py
[2026-03-29T21:30:35.513+0000] {logging_mixin.py:188} INFO - [2026-03-29T21:30:35.512+0000] {dag.py:3089} INFO - Sync 1 DAGs
[2026-03-29T21:30:35.620+0000] {logging_mixin.py:188} INFO - [2026-03-29T21:30:35.620+0000] {dag.py:3947} INFO - Setting next_dagrun for example_bash_operator to 2026-03-28 00:00:00+00:00, run_after=2026-03-29 00:00:00+00:00
[2026-03-29T21:30:35.681+0000] {processor.py:183} INFO - Processing /home/airflow/.local/lib/python3.12/site-packages/airflow/example_dags/example_bash_operator.py took 0.289 seconds
[2026-03-29T21:31:05.931+0000] {processor.py:161} INFO - Started process (PID=118) to work on /home/airflow/.local/lib/python3.12/site-packages/airflow/example_dags/example_bash_operator.py
[2026-03-29T21:31:05.938+0000] {processor.py:830} INFO - Processing file /home/airflow/.local/lib/python3.12/site-packages/airflow/example_dags/example_bash_operator.py for tasks to queue
[2026-03-29T21:31:05.943+0000] {logging_mixin.py:188} INFO - [2026-03-29T21:31:05.942+0000] {dagbag.py:545} INFO - Filling up the DagBag from /home/airflow/.local/lib/python3.12/site-packages/airflow/example_dags/example_bash_operator.py
[2026-03-29T21:31:05.967+0000] {processor.py:840} INFO - DAG(s) 'example_bash_operator' retrieved from /home/airflow/.local/lib/python3.12/site-packages/airflow/example_dags/example_bash_operator.py
[2026-03-29T21:31:06.184+0000] {logging_mixin.py:188} INFO - [2026-03-29T21:31:06.184+0000] {dag.py:3089} INFO - Sync 1 DAGs
[2026-03-29T21:31:06.225+0000] {logging_mixin.py:188} INFO - [2026-03-29T21:31:06.225+0000] {dag.py:3947} INFO - Setting next_dagrun for example_bash_operator to 2026-03-28 00:00:00+00:00, run_after=2026-03-29 00:00:00+00:00
[2026-03-29T21:31:06.259+0000] {processor.py:183} INFO - Processing /home/airflow/.local/lib/python3.12/site-packages/airflow/example_dags/example_bash_operator.py took 0.346 seconds
[2026-03-29T21:31:37.055+0000] {processor.py:161} INFO - Started process (PID=170) to work on /home/airflow/.local/lib/python3.12/site-packages/airflow/example_dags/example_bash_operator.py
[2026-03-29T21:31:37.056+0000] {processor.py:830} INFO - Processing file /home/airflow/.local/lib/python3.12/site-packages/airflow/example_dags/example_bash_operator.py for tasks to queue
[2026-03-29T21:31:37.062+0000] {logging_mixin.py:188} INFO - [2026-03-29T21:31:37.062+0000] {dagbag.py:545} INFO - Filling up the DagBag from /home/airflow/.local/lib/python3.12/site-packages/airflow/example_dags/example_bash_operator.py
[2026-03-29T21:31:37.072+0000] {processor.py:840} INFO - DAG(s) 'example_bash_operator' retrieved from /home/airflow/.local/lib/python3.12/site-packages/airflow/example_dags/example_bash_operator.py
[2026-03-29T21:31:37.103+0000] {logging_mixin.py:188} INFO - [2026-03-29T21:31:37.103+0000] {dag.py:3089} INFO - Sync 1 DAGs
[2026-03-29T21:31:37.131+0000] {logging_mixin.py:188} INFO - [2026-03-29T21:31:37.131+0000] {dag.py:3947} INFO - Setting next_dagrun for example_bash_operator to 2026-03-28 00:00:00+00:00, run_after=2026-03-29 00:00:00+00:00
[2026-03-29T21:31:37.152+0000] {processor.py:183} INFO - Processing /home/airflow/.local/lib/python3.12/site-packages/airflow/example_dags/example_bash_operator.py took 0.121 seconds
[2026-03-29T21:32:07.964+0000] {processor.py:161} INFO - Started process (PID=222) to work on /home/airflow/.local/lib/python3.12/site-packages/airflow/example_dags/example_bash_operator.py
[2026-03-29T21:32:07.965+0000] {processor.py:830} INFO - Processing file /home/airflow/.local/lib/python3.12/site-packages/airflow/example_dags/example_bash_operator.py for tasks to queue
[2026-03-29T21:32:07.970+0000] {logging_mixin.py:188} INFO - [2026-03-29T21:32:07.969+0000] {dagbag.py:545} INFO - Filling up the DagBag from /home/airflow/.local/lib/python3.12/site-packages/airflow/example_dags/example_bash_operator.py
[2026-03-29T21:32:07.979+0000] {processor.py:840} INFO - DAG(s) 'example_bash_operator' retrieved from /home/airflow/.local/lib/python3.12/site-packages/airflow/example_dags/example_bash_operator.py
[2026-03-29T21:32:08.003+0000] {logging_mixin.py:188} INFO - [2026-03-29T21:32:08.002+0000] {dag.py:3089} INFO - Sync 1 DAGs
[2026-03-29T21:32:08.025+0000] {logging_mixin.py:188} INFO - [2026-03-29T21:32:08.025+0000] {dag.py:3947} INFO - Setting next_dagrun for example_bash_operator to 2026-03-28 00:00:00+00:00, run_after=2026-03-29 00:00:00+00:00
[2026-03-29T21:32:08.043+0000] {processor.py:183} INFO - Processing /home/airflow/.local/lib/python3.12/site-packages/airflow/example_dags/example_bash_operator.py took 0.085 seconds
[2026-03-29T21:32:38.621+0000] {processor.py:161} INFO - Started process (PID=274) to work on /home/airflow/.local/lib/python3.12/site-packages/airflow/example_dags/example_bash_operator.py
[2026-03-29T21:32:38.625+0000] {processor.py:830} INFO - Processing file /home/airflow/.local/lib/python3.12/site-packages/airflow/example_dags/example_bash_operator.py for tasks to queue
[2026-03-29T21:32:38.626+0000] {logging_mixin.py:188} INFO - [2026-03-29T21:32:38.626+0000] {dagbag.py:545} INFO - Filling up the DagBag from /home/airflow/.local/lib/python3.12/site-packages/airflow/example_dags/example_bash_operator.py
[2026-03-29T21:32:38.634+0000] {processor.py:840} INFO - DAG(s) 'example_bash_operator' retrieved from /home/airflow/.local/lib/python3.12/site-packages/airflow/example_dags/example_bash_operator.py
[2026-03-29T21:32:38.655+0000] {logging_mixin.py:188} INFO - [2026-03-29T21:32:38.655+0000] {dag.py:3089} INFO - Sync 1 DAGs
[2026-03-29T21:32:38.674+0000] {logging_mixin.py:188} INFO - [2026-03-29T21:32:38.674+0000] {dag.py:3947} INFO - Setting next_dagrun for example_bash_operator to 2026-03-28 00:00:00+00:00, run_after=2026-03-29 00:00:00+00:00
[2026-03-29T21:32:38.693+0000] {processor.py:183} INFO - Processing /home/airflow/.local/lib/python3.12/site-packages/airflow/example_dags/example_bash_operator.py took 0.078 seconds
[2026-03-29T21:33:09.247+0000] {processor.py:161} INFO - Started process (PID=326) to work on /home/airflow/.local/lib/python3.12/site-packages/airflow/example_dags/example_bash_operator.py
[2026-03-29T21:33:09.251+0000] {processor.py:830} INFO - Processing file /home/airflow/.local/lib/python3.12/site-packages/airflow/example_dags/example_bash_operator.py for tasks to queue
[2026-03-29T21:33:09.252+0000] {logging_mixin.py:188} INFO - [2026-03-29T21:33:09.252+0000] {dagbag.py:545} INFO - Filling up the DagBag from /home/airflow/.local/lib/python3.12/site-packages/airflow/example_dags/example_bash_operator.py
[2026-03-29T21:33:09.261+0000] {processor.py:840} INFO - DAG(s) 'example_bash_operator' retrieved from /home/airflow/.local/lib/python3.12/site-packages/airflow/example_dags/example_bash_operator.py
[2026-03-29T21:33:09.281+0000] {logging_mixin.py:188} INFO - [2026-03-29T21:33:09.281+0000] {dag.py:3089} INFO - Sync 1 DAGs
[2026-03-29T21:33:09.299+0000] {logging_mixin.py:188} INFO - [2026-03-29T21:33:09.299+0000] {dag.py:3947} INFO - Setting next_dagrun for example_bash_operator to 2026-03-28 00:00:00+00:00, run_after=2026-03-29 00:00:00+00:00
[2026-03-29T21:33:09.317+0000] {processor.py:183} INFO - Processing /home/airflow/.local/lib/python3.12/site-packages/airflow/example_dags/example_bash_operator.py took 0.076 seconds
[2026-03-29T21:33:40.105+0000] {processor.py:161} INFO - Started process (PID=378) to work on /home/airflow/.local/lib/python3.12/site-packages/airflow/example_dags/example_bash_operator.py
[2026-03-29T21:33:40.109+0000] {processor.py:830} INFO - Processing file /home/airflow/.local/lib/python3.12/site-packages/airflow/example_dags/example_bash_operator.py for tasks to queue
[2026-03-29T21:33:40.111+0000] {logging_mixin.py:188} INFO - [2026-03-29T21:33:40.111+0000] {dagbag.py:545} INFO - Filling up the DagBag from /home/airflow/.local/lib/python3.12/site-packages/airflow/example_dags/example_bash_operator.py
[2026-03-29T21:33:40.125+0000] {processor.py:840} INFO - DAG(s) 'example_bash_operator' retrieved from /home/airflow/.local/lib/python3.12/site-packages/airflow/example_dags/example_bash_operator.py
[2026-03-29T21:33:40.164+0000] {logging_mixin.py:188} INFO - [2026-03-29T21:33:40.164+0000] {dag.py:3089} INFO - Sync 1 DAGs
[2026-03-29T21:33:40.228+0000] {logging_mixin.py:188} INFO - [2026-03-29T21:33:40.228+0000] {dag.py:3947} INFO - Setting next_dagrun for example_bash_operator to 2026-03-28 00:00:00+00:00, run_after=2026-03-29 00:00:00+00:00
[2026-03-29T21:33:40.272+0000] {processor.py:183} INFO - Processing /home/airflow/.local/lib/python3.12/site-packages/airflow/example_dags/example_bash_operator.py took 0.175 seconds
[2026-03-29T21:34:10.772+0000] {processor.py:161} INFO - Started process (PID=430) to work on /home/airflow/.local/lib/python3.12/site-packages/airflow/example_dags/example_bash_operator.py
[2026-03-29T21:34:10.774+0000] {processor.py:830} INFO - Processing file /home/airflow/.local/lib/python3.12/site-packages/airflow/example_dags/example_bash_operator.py for tasks to queue
[2026-03-29T21:34:10.776+0000] {logging_mixin.py:188} INFO - [2026-03-29T21:34:10.775+0000] {dagbag.py:545} INFO - Filling up the DagBag from /home/airflow/.local/lib/python3.12/site-packages/airflow/example_dags/example_bash_operator.py
[2026-03-29T21:34:10.792+0000] {processor.py:840} INFO - DAG(s) 'example_bash_operator' retrieved from /home/airflow/.local/lib/python3.12/site-packages/airflow/example_dags/example_bash_operator.py
[2026-03-29T21:34:10.932+0000] {logging_mixin.py:188} INFO - [2026-03-29T21:34:10.931+0000] {dag.py:3089} INFO - Sync 1 DAGs
[2026-03-29T21:34:11.031+0000] {logging_mixin.py:188} INFO - [2026-03-29T21:34:11.031+0000] {dag.py:3947} INFO - Setting next_dagrun for example_bash_operator to 2026-03-28 00:00:00+00:00, run_after=2026-03-29 00:00:00+00:00
[2026-03-29T21:34:11.099+0000] {processor.py:183} INFO - Processing /home/airflow/.local/lib/python3.12/site-packages/airflow/example_dags/example_bash_operator.py took 0.335 seconds
[2026-03-29T21:34:41.191+0000] {processor.py:161} INFO - Started process (PID=482) to work on /home/airflow/.local/lib/python3.12/site-packages/airflow/example_dags/example_bash_operator.py
[2026-03-29T21:34:41.193+0000] {processor.py:830} INFO - Processing file /home/airflow/.local/lib/python3.12/site-packages/airflow/example_dags/example_bash_operator.py for tasks to queue
[2026-03-29T21:34:41.195+0000] {logging_mixin.py:188} INFO - [2026-03-29T21:34:41.195+0000] {dagbag.py:545} INFO - Filling up the DagBag from /home/airflow/.local/lib/python3.12/site-packages/airflow/example_dags/example_bash_operator.py
[2026-03-29T21:34:41.207+0000] {processor.py:840} INFO - DAG(s) 'example_bash_operator' retrieved from /home/airflow/.local/lib/python3.12/site-packages/airflow/example_dags/example_bash_operator.py
[2026-03-29T21:34:41.234+0000] {logging_mixin.py:188} INFO - [2026-03-29T21:34:41.234+0000] {dag.py:3089} INFO - Sync 1 DAGs
[2026-03-29T21:34:41.258+0000] {logging_mixin.py:188} INFO - [2026-03-29T21:34:41.257+0000] {dag.py:3947} INFO - Setting next_dagrun for example_bash_operator to 2026-03-28 00:00:00+00:00, run_after=2026-03-29 00:00:00+00:00
[2026-03-29T21:34:41.277+0000] {processor.py:183} INFO - Processing /home/airflow/.local/lib/python3.12/site-packages/airflow/example_dags/example_bash_operator.py took 0.092 seconds
[2026-03-29T21:35:12.178+0000] {processor.py:161} INFO - Started process (PID=534) to work on /home/airflow/.local/lib/python3.12/site-packages/airflow/example_dags/example_bash_operator.py
[2026-03-29T21:35:12.180+0000] {processor.py:830} INFO - Processing file /home/airflow/.local/lib/python3.12/site-packages/airflow/example_dags/example_bash_operator.py for tasks to queue
[2026-03-29T21:35:12.182+0000] {logging_mixin.py:188} INFO - [2026-03-29T21:35:12.182+0000] {dagbag.py:545} INFO - Filling up the DagBag from /home/airflow/.local/lib/python3.12/site-packages/airflow/example_dags/example_bash_operator.py
[2026-03-29T21:35:12.193+0000] {processor.py:840} INFO - DAG(s) 'example_bash_operator' retrieved from /home/airflow/.local/lib/python3.12/site-packages/airflow/example_dags/example_bash_operator.py
[2026-03-29T21:35:12.237+0000] {logging_mixin.py:188} INFO - [2026-03-29T21:35:12.237+0000] {dag.py:3089} INFO - Sync 1 DAGs
[2026-03-29T21:35:12.264+0000] {logging_mixin.py:188} INFO - [2026-03-29T21:35:12.264+0000] {dag.py:3947} INFO - Setting next_dagrun for example_bash_operator to 2026-03-28 00:00:00+00:00, run_after=2026-03-29 00:00:00+00:00
[2026-03-29T21:35:12.282+0000] {processor.py:183} INFO - Processing /home/airflow/.local/lib/python3.12/site-packages/airflow/example_dags/example_bash_operator.py took 0.110 seconds
[2026-03-29T21:35:42.877+0000] {processor.py:161} INFO - Started process (PID=586) to work on /home/airflow/.local/lib/python3.12/site-packages/airflow/example_dags/example_bash_operator.py
[2026-03-29T21:35:42.878+0000] {processor.py:830} INFO - Processing file /home/airflow/.local/lib/python3.12/site-packages/airflow/example_dags/example_bash_operator.py for tasks to queue
[2026-03-29T21:35:42.880+0000] {logging_mixin.py:188} INFO - [2026-03-29T21:35:42.880+0000] {dagbag.py:545} INFO - Filling up the DagBag from /home/airflow/.local/lib/python3.12/site-packages/airflow/example_dags/example_bash_operator.py
[2026-03-29T21:35:42.891+0000] {processor.py:840} INFO - DAG(s) 'example_bash_operator' retrieved from /home/airflow/.local/lib/python3.12/site-packages/airflow/example_dags/example_bash_operator.py
[2026-03-29T21:35:42.916+0000] {logging_mixin.py:188} INFO - [2026-03-29T21:35:42.916+0000] {dag.py:3089} INFO - Sync 1 DAGs
[2026-03-29T21:35:42.938+0000] {logging_mixin.py:188} INFO - [2026-03-29T21:35:42.938+0000] {dag.py:3947} INFO - Setting next_dagrun for example_bash_operator to 2026-03-28 00:00:00+00:00, run_after=2026-03-29 00:00:00+00:00
[2026-03-29T21:35:42.954+0000] {processor.py:183} INFO - Processing /home/airflow/.local/lib/python3.12/site-packages/airflow/example_dags/example_bash_operator.py took 0.084 seconds
[2026-03-29T21:36:13.558+0000] {processor.py:161} INFO - Started process (PID=638) to work on /home/airflow/.local/lib/python3.12/site-packages/airflow/example_dags/example_bash_operator.py
[2026-03-29T21:36:13.559+0000] {processor.py:830} INFO - Processing file /home/airflow/.local/lib/python3.12/site-packages/airflow/example_dags/example_bash_operator.py for tasks to queue
[2026-03-29T21:36:13.561+0000] {logging_mixin.py:188} INFO - [2026-03-29T21:36:13.561+0000] {dagbag.py:545} INFO - Filling up the DagBag from /home/airflow/.local/lib/python3.12/site-packages/airflow/example_dags/example_bash_operator.py
[2026-03-29T21:36:13.571+0000] {processor.py:840} INFO - DAG(s) 'example_bash_operator' retrieved from /home/airflow/.local/lib/python3.12/site-packages/airflow/example_dags/example_bash_operator.py
[2026-03-29T21:36:13.591+0000] {logging_mixin.py:188} INFO - [2026-03-29T21:36:13.591+0000] {dag.py:3089} INFO - Sync 1 DAGs
[2026-03-29T21:36:13.608+0000] {logging_mixin.py:188} INFO - [2026-03-29T21:36:13.608+0000] {dag.py:3947} INFO - Setting next_dagrun for example_bash_operator to 2026-03-28 00:00:00+00:00, run_after=2026-03-29 00:00:00+00:00
[2026-03-29T21:36:13.625+0000] {processor.py:183} INFO - Processing /home/airflow/.local/lib/python3.12/site-packages/airflow/example_dags/example_bash_operator.py took 0.075 seconds
[2026-03-29T21:36:43.703+0000] {processor.py:161} INFO - Started process (PID=690) to work on /home/airflow/.local/lib/python3.12/site-packages/airflow/example_dags/example_bash_operator.py
[2026-03-29T21:36:43.704+0000] {processor.py:830} INFO - Processing file /home/airflow/.local/lib/python3.12/site-packages/airflow/example_dags/example_bash_operator.py for tasks to queue
[2026-03-29T21:36:43.705+0000] {logging_mixin.py:188} INFO - [2026-03-29T21:36:43.705+0000] {dagbag.py:545} INFO - Filling up the DagBag from /home/airflow/.local/lib/python3.12/site-packages/airflow/example_dags/example_bash_operator.py
[2026-03-29T21:36:43.712+0000] {processor.py:840} INFO - DAG(s) 'example_bash_operator' retrieved from /home/airflow/.local/lib/python3.12/site-packages/airflow/example_dags/example_bash_operator.py
[2026-03-29T21:36:43.731+0000] {logging_mixin.py:188} INFO - [2026-03-29T21:36:43.731+0000] {dag.py:3089} INFO - Sync 1 DAGs
[2026-03-29T21:36:43.746+0000] {logging_mixin.py:188} INFO - [2026-03-29T21:36:43.745+0000] {dag.py:3947} INFO - Setting next_dagrun for example_bash_operator to 2026-03-28 00:00:00+00:00, run_after=2026-03-29 00:00:00+00:00
[2026-03-29T21:36:43.758+0000] {processor.py:183} INFO - Processing /home/airflow/.local/lib/python3.12/site-packages/airflow/example_dags/example_bash_operator.py took 0.059 seconds
[2026-03-29T21:37:14.458+0000] {processor.py:161} INFO - Started process (PID=742) to work on /home/airflow/.local/lib/python3.12/site-packages/airflow/example_dags/example_bash_operator.py
[2026-03-29T21:37:14.459+0000] {processor.py:830} INFO - Processing file /home/airflow/.local/lib/python3.12/site-packages/airflow/example_dags/example_bash_operator.py for tasks to queue
[2026-03-29T21:37:14.460+0000] {logging_mixin.py:188} INFO - [2026-03-29T21:37:14.460+0000] {dagbag.py:545} INFO - Filling up the DagBag from /home/airflow/.local/lib/python3.12/site-packages/airflow/example_dags/example_bash_operator.py
[2026-03-29T21:37:14.469+0000] {processor.py:840} INFO - DAG(s) 'example_bash_operator' retrieved from /home/airflow/.local/lib/python3.12/site-packages/airflow/example_dags/example_bash_operator.py
[2026-03-29T21:37:14.499+0000] {logging_mixin.py:188} INFO - [2026-03-29T21:37:14.499+0000] {dag.py:3089} INFO - Sync 1 DAGs
[2026-03-29T21:37:14.530+0000] {logging_mixin.py:188} INFO - [2026-03-29T21:37:14.529+0000] {dag.py:3947} INFO - Setting next_dagrun for example_bash_operator to 2026-03-28 00:00:00+00:00, run_after=2026-03-29 00:00:00+00:00
[2026-03-29T21:37:14.555+0000] {processor.py:183} INFO - Processing /home/airflow/.local/lib/python3.12/site-packages/airflow/example_dags/example_bash_operator.py took 0.103 seconds
[2026-03-29T21:37:44.978+0000] {processor.py:161} INFO - Started process (PID=794) to work on /home/airflow/.local/lib/python3.12/site-packages/airflow/example_dags/example_bash_operator.py
[2026-03-29T21:37:44.980+0000] {processor.py:830} INFO - Processing file /home/airflow/.local/lib/python3.12/site-packages/airflow/example_dags/example_bash_operator.py for tasks to queue
[2026-03-29T21:37:44.983+0000] {logging_mixin.py:188} INFO - [2026-03-29T21:37:44.982+0000] {dagbag.py:545} INFO - Filling up the DagBag from /home/airflow/.local/lib/python3.12/site-packages/airflow/example_dags/example_bash_operator.py
[2026-03-29T21:37:45.000+0000] {processor.py:840} INFO - DAG(s) 'example_bash_operator' retrieved from /home/airflow/.local/lib/python3.12/site-packages/airflow/example_dags/example_bash_operator.py
[2026-03-29T21:37:45.043+0000] {logging_mixin.py:188} INFO - [2026-03-29T21:37:45.042+0000] {dag.py:3089} INFO - Sync 1 DAGs
[2026-03-29T21:37:45.076+0000] {logging_mixin.py:188} INFO - [2026-03-29T21:37:45.076+0000] {dag.py:3947} INFO - Setting next_dagrun for example_bash_operator to 2026-03-28 00:00:00+00:00, run_after=2026-03-29 00:00:00+00:00
[2026-03-29T21:37:45.101+0000] {processor.py:183} INFO - Processing /home/airflow/.local/lib/python3.12/site-packages/airflow/example_dags/example_bash_operator.py took 0.133 seconds
[2026-03-29T21:38:15.148+0000] {processor.py:161} INFO - Started process (PID=846) to work on /home/airflow/.local/lib/python3.12/site-packages/airflow/example_dags/example_bash_operator.py
[2026-03-29T21:38:15.149+0000] {processor.py:830} INFO - Processing file /home/airflow/.local/lib/python3.12/site-packages/airflow/example_dags/example_bash_operator.py for tasks to queue
[2026-03-29T21:38:15.150+0000] {logging_mixin.py:188} INFO - [2026-03-29T21:38:15.150+0000] {dagbag.py:545} INFO - Filling up the DagBag from /home/airflow/.local/lib/python3.12/site-packages/airflow/example_dags/example_bash_operator.py
[2026-03-29T21:38:15.159+0000] {processor.py:840} INFO - DAG(s) 'example_bash_operator' retrieved from /home/airflow/.local/lib/python3.12/site-packages/airflow/example_dags/example_bash_operator.py
[2026-03-29T21:38:15.276+0000] {logging_mixin.py:188} INFO - [2026-03-29T21:38:15.276+0000] {dag.py:3089} INFO - Sync 1 DAGs
[2026-03-29T21:38:15.294+0000] {logging_mixin.py:188} INFO - [2026-03-29T21:38:15.294+0000] {dag.py:3947} INFO - Setting next_dagrun for example_bash_operator to 2026-03-28 00:00:00+00:00, run_after=2026-03-29 00:00:00+00:00
[2026-03-29T21:38:15.309+0000] {processor.py:183} INFO - Processing /home/airflow/.local/lib/python3.12/site-packages/airflow/example_dags/example_bash_operator.py took 0.165 seconds
[2026-03-29T21:38:45.808+0000] {processor.py:161} INFO - Started process (PID=898) to work on /home/airflow/.local/lib/python3.12/site-packages/airflow/example_dags/example_bash_operator.py
[2026-03-29T21:38:45.809+0000] {processor.py:830} INFO - Processing file /home/airflow/.local/lib/python3.12/site-packages/airflow/example_dags/example_bash_operator.py for tasks to queue
[2026-03-29T21:38:45.810+0000] {logging_mixin.py:188} INFO - [2026-03-29T21:38:45.810+0000] {dagbag.py:545} INFO - Filling up the DagBag from /home/airflow/.local/lib/python3.12/site-packages/airflow/example_dags/example_bash_operator.py
[2026-03-29T21:38:45.817+0000] {processor.py:840} INFO - DAG(s) 'example_bash_operator' retrieved from /home/airflow/.local/lib/python3.12/site-packages/airflow/example_dags/example_bash_operator.py
[2026-03-29T21:38:45.836+0000] {logging_mixin.py:188} INFO - [2026-03-29T21:38:45.836+0000] {dag.py:3089} INFO - Sync 1 DAGs
[2026-03-29T21:38:45.852+0000] {logging_mixin.py:188} INFO - [2026-03-29T21:38:45.852+0000] {dag.py:3947} INFO - Setting next_dagrun for example_bash_operator to 2026-03-28 00:00:00+00:00, run_after=2026-03-29 00:00:00+00:00
[2026-03-29T21:38:45.863+0000] {processor.py:183} INFO - Processing /home/airflow/.local/lib/python3.12/site-packages/airflow/example_dags/example_bash_operator.py took 0.060 seconds
[2026-03-29T21:39:16.242+0000] {processor.py:161} INFO - Started process (PID=950) to work on /home/airflow/.local/lib/python3.12/site-packages/airflow/example_dags/example_bash_operator.py
[2026-03-29T21:39:16.243+0000] {processor.py:830} INFO - Processing file /home/airflow/.local/lib/python3.12/site-packages/airflow/example_dags/example_bash_operator.py for tasks to queue
[2026-03-29T21:39:16.244+0000] {logging_mixin.py:188} INFO - [2026-03-29T21:39:16.244+0000] {dagbag.py:545} INFO - Filling up the DagBag from /home/airflow/.local/lib/python3.12/site-packages/airflow/example_dags/example_bash_operator.py
[2026-03-29T21:39:16.252+0000] {processor.py:840} INFO - DAG(s) 'example_bash_operator' retrieved from /home/airflow/.local/lib/python3.12/site-packages/airflow/example_dags/example_bash_operator.py
[2026-03-29T21:39:16.271+0000] {logging_mixin.py:188} INFO - [2026-03-29T21:39:16.271+0000] {dag.py:3089} INFO - Sync 1 DAGs
[2026-03-29T21:39:16.286+0000] {logging_mixin.py:188} INFO - [2026-03-29T21:39:16.285+0000] {dag.py:3947} INFO - Setting next_dagrun for example_bash_operator to 2026-03-28 00:00:00+00:00, run_after=2026-03-29 00:00:00+00:00
[2026-03-29T21:39:16.297+0000] {processor.py:183} INFO - Processing /home/airflow/.local/lib/python3.12/site-packages/airflow/example_dags/example_bash_operator.py took 0.060 seconds
[2026-03-29T21:39:46.895+0000] {processor.py:161} INFO - Started process (PID=1002) to work on /home/airflow/.local/lib/python3.12/site-packages/airflow/example_dags/example_bash_operator.py
[2026-03-29T21:39:46.896+0000] {processor.py:830} INFO - Processing file /home/airflow/.local/lib/python3.12/site-packages/airflow/example_dags/example_bash_operator.py for tasks to queue
[2026-03-29T21:39:46.900+0000] {logging_mixin.py:188} INFO - [2026-03-29T21:39:46.899+0000] {dagbag.py:545} INFO - Filling up the DagBag from /home/airflow/.local/lib/python3.12/site-packages/airflow/example_dags/example_bash_operator.py
[2026-03-29T21:39:46.932+0000] {processor.py:840} INFO - DAG(s) 'example_bash_operator' retrieved from /home/airflow/.local/lib/python3.12/site-packages/airflow/example_dags/example_bash_operator.py
[2026-03-29T21:39:46.965+0000] {logging_mixin.py:188} INFO - [2026-03-29T21:39:46.964+0000] {dag.py:3089} INFO - Sync 1 DAGs
[2026-03-29T21:39:46.992+0000] {logging_mixin.py:188} INFO - [2026-03-29T21:39:46.992+0000] {dag.py:3947} INFO - Setting next_dagrun for example_bash_operator to 2026-03-28 00:00:00+00:00, run_after=2026-03-29 00:00:00+00:00
[2026-03-29T21:39:47.010+0000] {processor.py:183} INFO - Processing /home/airflow/.local/lib/python3.12/site-packages/airflow/example_dags/example_bash_operator.py took 0.125 seconds
[2026-03-29T21:40:17.523+0000] {processor.py:161} INFO - Started process (PID=1054) to work on /home/airflow/.local/lib/python3.12/site-packages/airflow/example_dags/example_bash_operator.py
[2026-03-29T21:40:17.525+0000] {processor.py:830} INFO - Processing file /home/airflow/.local/lib/python3.12/site-packages/airflow/example_dags/example_bash_operator.py for tasks to queue
[2026-03-29T21:40:17.527+0000] {logging_mixin.py:188} INFO - [2026-03-29T21:40:17.527+0000] {dagbag.py:545} INFO - Filling up the DagBag from /home/airflow/.local/lib/python3.12/site-packages/airflow/example_dags/example_bash_operator.py
[2026-03-29T21:40:17.538+0000] {processor.py:840} INFO - DAG(s) 'example_bash_operator' retrieved from /home/airflow/.local/lib/python3.12/site-packages/airflow/example_dags/example_bash_operator.py
[2026-03-29T21:40:17.558+0000] {logging_mixin.py:188} INFO - [2026-03-29T21:40:17.557+0000] {dag.py:3089} INFO - Sync 1 DAGs
[2026-03-29T21:40:17.578+0000] {logging_mixin.py:188} INFO - [2026-03-29T21:40:17.578+0000] {dag.py:3947} INFO - Setting next_dagrun for example_bash_operator to 2026-03-28 00:00:00+00:00, run_after=2026-03-29 00:00:00+00:00
[2026-03-29T21:40:17.593+0000] {processor.py:183} INFO - Processing /home/airflow/.local/lib/python3.12/site-packages/airflow/example_dags/example_bash_operator.py took 0.076 seconds
[2026-03-29T21:40:47.858+0000] {processor.py:161} INFO - Started process (PID=1106) to work on /home/airflow/.local/lib/python3.12/site-packages/airflow/example_dags/example_bash_operator.py
[2026-03-29T21:40:47.860+0000] {processor.py:830} INFO - Processing file /home/airflow/.local/lib/python3.12/site-packages/airflow/example_dags/example_bash_operator.py for tasks to queue
[2026-03-29T21:40:47.861+0000] {logging_mixin.py:188} INFO - [2026-03-29T21:40:47.861+0000] {dagbag.py:545} INFO - Filling up the DagBag from /home/airflow/.local/lib/python3.12/site-packages/airflow/example_dags/example_bash_operator.py
[2026-03-29T21:40:47.874+0000] {processor.py:840} INFO - DAG(s) 'example_bash_operator' retrieved from /home/airflow/.local/lib/python3.12/site-packages/airflow/example_dags/example_bash_operator.py
[2026-03-29T21:40:47.897+0000] {logging_mixin.py:188} INFO - [2026-03-29T21:40:47.897+0000] {dag.py:3089} INFO - Sync 1 DAGs
[2026-03-29T21:40:47.914+0000] {logging_mixin.py:188} INFO - [2026-03-29T21:40:47.914+0000] {dag.py:3947} INFO - Setting next_dagrun for example_bash_operator to 2026-03-28 00:00:00+00:00, run_after=2026-03-29 00:00:00+00:00
[2026-03-29T21:40:47.928+0000] {processor.py:183} INFO - Processing /home/airflow/.local/lib/python3.12/site-packages/airflow/example_dags/example_bash_operator.py took 0.076 seconds
[2026-03-29T21:41:18.568+0000] {processor.py:161} INFO - Started process (PID=1158) to work on /home/airflow/.local/lib/python3.12/site-packages/airflow/example_dags/example_bash_operator.py
[2026-03-29T21:41:18.569+0000] {processor.py:830} INFO - Processing file /home/airflow/.local/lib/python3.12/site-packages/airflow/example_dags/example_bash_operator.py for tasks to queue
[2026-03-29T21:41:18.571+0000] {logging_mixin.py:188} INFO - [2026-03-29T21:41:18.571+0000] {dagbag.py:545} INFO - Filling up the DagBag from /home/airflow/.local/lib/python3.12/site-packages/airflow/example_dags/example_bash_operator.py
[2026-03-29T21:41:18.578+0000] {processor.py:840} INFO - DAG(s) 'example_bash_operator' retrieved from /home/airflow/.local/lib/python3.12/site-packages/airflow/example_dags/example_bash_operator.py
[2026-03-29T21:41:18.599+0000] {logging_mixin.py:188} INFO - [2026-03-29T21:41:18.599+0000] {dag.py:3089} INFO - Sync 1 DAGs
[2026-03-29T21:41:18.617+0000] {logging_mixin.py:188} INFO - [2026-03-29T21:41:18.617+0000] {dag.py:3947} INFO - Setting next_dagrun for example_bash_operator to 2026-03-28 00:00:00+00:00, run_after=2026-03-29 00:00:00+00:00
[2026-03-29T21:41:18.632+0000] {processor.py:183} INFO - Processing /home/airflow/.local/lib/python3.12/site-packages/airflow/example_dags/example_bash_operator.py took 0.069 seconds
[2026-03-29T21:41:49.563+0000] {processor.py:161} INFO - Started process (PID=1210) to work on /home/airflow/.local/lib/python3.12/site-packages/airflow/example_dags/example_bash_operator.py
[2026-03-29T21:41:49.564+0000] {processor.py:830} INFO - Processing file /home/airflow/.local/lib/python3.12/site-packages/airflow/example_dags/example_bash_operator.py for tasks to queue
[2026-03-29T21:41:49.567+0000] {logging_mixin.py:188} INFO - [2026-03-29T21:41:49.566+0000] {dagbag.py:545} INFO - Filling up the DagBag from /home/airflow/.local/lib/python3.12/site-packages/airflow/example_dags/example_bash_operator.py
[2026-03-29T21:41:49.576+0000] {processor.py:840} INFO - DAG(s) 'example_bash_operator' retrieved from /home/airflow/.local/lib/python3.12/site-packages/airflow/example_dags/example_bash_operator.py
[2026-03-29T21:41:49.599+0000] {logging_mixin.py:188} INFO - [2026-03-29T21:41:49.599+0000] {dag.py:3089} INFO - Sync 1 DAGs
[2026-03-29T21:41:49.618+0000] {logging_mixin.py:188} INFO - [2026-03-29T21:41:49.618+0000] {dag.py:3947} INFO - Setting next_dagrun for example_bash_operator to 2026-03-28 00:00:00+00:00, run_after=2026-03-29 00:00:00+00:00
[2026-03-29T21:41:49.637+0000] {processor.py:183} INFO - Processing /home/airflow/.local/lib/python3.12/site-packages/airflow/example_dags/example_bash_operator.py took 0.080 seconds
[2026-03-29T21:42:19.688+0000] {processor.py:161} INFO - Started process (PID=1262) to work on /home/airflow/.local/lib/python3.12/site-packages/airflow/example_dags/example_bash_operator.py
[2026-03-29T21:42:19.689+0000] {processor.py:830} INFO - Processing file /home/airflow/.local/lib/python3.12/site-packages/airflow/example_dags/example_bash_operator.py for tasks to queue
[2026-03-29T21:42:19.694+0000] {logging_mixin.py:188} INFO - [2026-03-29T21:42:19.693+0000] {dagbag.py:545} INFO - Filling up the DagBag from /home/airflow/.local/lib/python3.12/site-packages/airflow/example_dags/example_bash_operator.py
[2026-03-29T21:42:19.701+0000] {processor.py:840} INFO - DAG(s) 'example_bash_operator' retrieved from /home/airflow/.local/lib/python3.12/site-packages/airflow/example_dags/example_bash_operator.py
[2026-03-29T21:42:19.723+0000] {logging_mixin.py:188} INFO - [2026-03-29T21:42:19.723+0000] {dag.py:3089} INFO - Sync 1 DAGs
[2026-03-29T21:42:19.740+0000] {logging_mixin.py:188} INFO - [2026-03-29T21:42:19.740+0000] {dag.py:3947} INFO - Setting next_dagrun for example_bash_operator to 2026-03-28 00:00:00+00:00, run_after=2026-03-29 00:00:00+00:00
[2026-03-29T21:42:19.759+0000] {processor.py:183} INFO - Processing /home/airflow/.local/lib/python3.12/site-packages/airflow/example_dags/example_bash_operator.py took 0.075 seconds
[2026-03-29T21:42:51.193+0000] {processor.py:161} INFO - Started process (PID=1314) to work on /home/airflow/.local/lib/python3.12/site-packages/airflow/example_dags/example_bash_operator.py
[2026-03-29T21:42:51.196+0000] {processor.py:830} INFO - Processing file /home/airflow/.local/lib/python3.12/site-packages/airflow/example_dags/example_bash_operator.py for tasks to queue
[2026-03-29T21:42:51.198+0000] {logging_mixin.py:188} INFO - [2026-03-29T21:42:51.198+0000] {dagbag.py:545} INFO - Filling up the DagBag from /home/airflow/.local/lib/python3.12/site-packages/airflow/example_dags/example_bash_operator.py
[2026-03-29T21:42:51.206+0000] {processor.py:840} INFO - DAG(s) 'example_bash_operator' retrieved from /home/airflow/.local/lib/python3.12/site-packages/airflow/example_dags/example_bash_operator.py
[2026-03-29T21:42:51.226+0000] {logging_mixin.py:188} INFO - [2026-03-29T21:42:51.226+0000] {dag.py:3089} INFO - Sync 1 DAGs
[2026-03-29T21:42:51.244+0000] {logging_mixin.py:188} INFO - [2026-03-29T21:42:51.244+0000] {dag.py:3947} INFO - Setting next_dagrun for example_bash_operator to 2026-03-28 00:00:00+00:00, run_after=2026-03-29 00:00:00+00:00
[2026-03-29T21:42:51.261+0000] {processor.py:183} INFO - Processing /home/airflow/.local/lib/python3.12/site-packages/airflow/example_dags/example_bash_operator.py took 0.073 seconds
[2026-03-29T21:43:22.740+0000] {processor.py:161} INFO - Started process (PID=1366) to work on /home/airflow/.local/lib/python3.12/site-packages/airflow/example_dags/example_bash_operator.py
[2026-03-29T21:43:22.741+0000] {processor.py:830} INFO - Processing file /home/airflow/.local/lib/python3.12/site-packages/airflow/example_dags/example_bash_operator.py for tasks to queue
[2026-03-29T21:43:22.742+0000] {logging_mixin.py:188} INFO - [2026-03-29T21:43:22.742+0000] {dagbag.py:545} INFO - Filling up the DagBag from /home/airflow/.local/lib/python3.12/site-packages/airflow/example_dags/example_bash_operator.py
[2026-03-29T21:43:22.751+0000] {processor.py:840} INFO - DAG(s) 'example_bash_operator' retrieved from /home/airflow/.local/lib/python3.12/site-packages/airflow/example_dags/example_bash_operator.py
[2026-03-29T21:43:22.774+0000] {logging_mixin.py:188} INFO - [2026-03-29T21:43:22.774+0000] {dag.py:3089} INFO - Sync 1 DAGs
[2026-03-29T21:43:22.794+0000] {logging_mixin.py:188} INFO - [2026-03-29T21:43:22.794+0000] {dag.py:3947} INFO - Setting next_dagrun for example_bash_operator to 2026-03-28 00:00:00+00:00, run_after=2026-03-29 00:00:00+00:00
[2026-03-29T21:43:22.815+0000] {processor.py:183} INFO - Processing /home/airflow/.local/lib/python3.12/site-packages/airflow/example_dags/example_bash_operator.py took 0.080 seconds
[2026-03-29T21:43:53.912+0000] {processor.py:161} INFO - Started process (PID=1418) to work on /home/airflow/.local/lib/python3.12/site-packages/airflow/example_dags/example_bash_operator.py
[2026-03-29T21:43:53.914+0000] {processor.py:830} INFO - Processing file /home/airflow/.local/lib/python3.12/site-packages/airflow/example_dags/example_bash_operator.py for tasks to queue
[2026-03-29T21:43:53.917+0000] {logging_mixin.py:188} INFO - [2026-03-29T21:43:53.917+0000] {dagbag.py:545} INFO - Filling up the DagBag from /home/airflow/.local/lib/python3.12/site-packages/airflow/example_dags/example_bash_operator.py
[2026-03-29T21:43:53.931+0000] {processor.py:840} INFO - DAG(s) 'example_bash_operator' retrieved from /home/airflow/.local/lib/python3.12/site-packages/airflow/example_dags/example_bash_operator.py
[2026-03-29T21:43:53.958+0000] {logging_mixin.py:188} INFO - [2026-03-29T21:43:53.958+0000] {dag.py:3089} INFO - Sync 1 DAGs
[2026-03-29T21:43:53.985+0000] {logging_mixin.py:188} INFO - [2026-03-29T21:43:53.984+0000] {dag.py:3947} INFO - Setting next_dagrun for example_bash_operator to 2026-03-28 00:00:00+00:00, run_after=2026-03-29 00:00:00+00:00
[2026-03-29T21:43:54.011+0000] {processor.py:183} INFO - Processing /home/airflow/.local/lib/python3.12/site-packages/airflow/example_dags/example_bash_operator.py took 0.105 seconds
[2026-03-29T21:44:24.811+0000] {processor.py:161} INFO - Started process (PID=1470) to work on /home/airflow/.local/lib/python3.12/site-packages/airflow/example_dags/example_bash_operator.py
[2026-03-29T21:44:24.812+0000] {processor.py:830} INFO - Processing file /home/airflow/.local/lib/python3.12/site-packages/airflow/example_dags/example_bash_operator.py for tasks to queue
[2026-03-29T21:44:24.814+0000] {logging_mixin.py:188} INFO - [2026-03-29T21:44:24.814+0000] {dagbag.py:545} INFO - Filling up the DagBag from /home/airflow/.local/lib/python3.12/site-packages/airflow/example_dags/example_bash_operator.py
[2026-03-29T21:44:24.823+0000] {processor.py:840} INFO - DAG(s) 'example_bash_operator' retrieved from /home/airflow/.local/lib/python3.12/site-packages/airflow/example_dags/example_bash_operator.py
[2026-03-29T21:44:24.848+0000] {logging_mixin.py:188} INFO - [2026-03-29T21:44:24.847+0000] {dag.py:3089} INFO - Sync 1 DAGs
[2026-03-29T21:44:24.866+0000] {logging_mixin.py:188} INFO - [2026-03-29T21:44:24.866+0000] {dag.py:3947} INFO - Setting next_dagrun for example_bash_operator to 2026-03-28 00:00:00+00:00, run_after=2026-03-29 00:00:00+00:00
[2026-03-29T21:44:25.038+0000] {processor.py:183} INFO - Processing /home/airflow/.local/lib/python3.12/site-packages/airflow/example_dags/example_bash_operator.py took 0.233 seconds
[2026-03-29T21:44:55.282+0000] {processor.py:161} INFO - Started process (PID=1522) to work on /home/airflow/.local/lib/python3.12/site-packages/airflow/example_dags/example_bash_operator.py
[2026-03-29T21:44:55.283+0000] {processor.py:830} INFO - Processing file /home/airflow/.local/lib/python3.12/site-packages/airflow/example_dags/example_bash_operator.py for tasks to queue
[2026-03-29T21:44:55.285+0000] {logging_mixin.py:188} INFO - [2026-03-29T21:44:55.285+0000] {dagbag.py:545} INFO - Filling up the DagBag from /home/airflow/.local/lib/python3.12/site-packages/airflow/example_dags/example_bash_operator.py
[2026-03-29T21:44:55.293+0000] {processor.py:840} INFO - DAG(s) 'example_bash_operator' retrieved from /home/airflow/.local/lib/python3.12/site-packages/airflow/example_dags/example_bash_operator.py
[2026-03-29T21:44:55.310+0000] {logging_mixin.py:188} INFO - [2026-03-29T21:44:55.310+0000] {dag.py:3089} INFO - Sync 1 DAGs
[2026-03-29T21:44:55.326+0000] {logging_mixin.py:188} INFO - [2026-03-29T21:44:55.325+0000] {dag.py:3947} INFO - Setting next_dagrun for example_bash_operator to 2026-03-28 00:00:00+00:00, run_after=2026-03-29 00:00:00+00:00
[2026-03-29T21:44:55.337+0000] {processor.py:183} INFO - Processing /home/airflow/.local/lib/python3.12/site-packages/airflow/example_dags/example_bash_operator.py took 0.060 seconds
[2026-03-29T21:45:26.528+0000] {processor.py:161} INFO - Started process (PID=1574) to work on /home/airflow/.local/lib/python3.12/site-packages/airflow/example_dags/example_bash_operator.py
[2026-03-29T21:45:26.530+0000] {processor.py:830} INFO - Processing file /home/airflow/.local/lib/python3.12/site-packages/airflow/example_dags/example_bash_operator.py for tasks to queue
[2026-03-29T21:45:26.532+0000] {logging_mixin.py:188} INFO - [2026-03-29T21:45:26.531+0000] {dagbag.py:545} INFO - Filling up the DagBag from /home/airflow/.local/lib/python3.12/site-packages/airflow/example_dags/example_bash_operator.py
[2026-03-29T21:45:26.540+0000] {processor.py:840} INFO - DAG(s) 'example_bash_operator' retrieved from /home/airflow/.local/lib/python3.12/site-packages/airflow/example_dags/example_bash_operator.py
[2026-03-29T21:45:26.572+0000] {logging_mixin.py:188} INFO - [2026-03-29T21:45:26.572+0000] {dag.py:3089} INFO - Sync 1 DAGs
[2026-03-29T21:45:26.596+0000] {logging_mixin.py:188} INFO - [2026-03-29T21:45:26.595+0000] {dag.py:3947} INFO - Setting next_dagrun for example_bash_operator to 2026-03-28 00:00:00+00:00, run_after=2026-03-29 00:00:00+00:00
[2026-03-29T21:45:26.615+0000] {processor.py:183} INFO - Processing /home/airflow/.local/lib/python3.12/site-packages/airflow/example_dags/example_bash_operator.py took 0.092 seconds
[2026-03-29T21:45:57.847+0000] {processor.py:161} INFO - Started process (PID=1626) to work on /home/airflow/.local/lib/python3.12/site-packages/airflow/example_dags/example_bash_operator.py
[2026-03-29T21:45:57.849+0000] {processor.py:830} INFO - Processing file /home/airflow/.local/lib/python3.12/site-packages/airflow/example_dags/example_bash_operator.py for tasks to queue
[2026-03-29T21:45:57.850+0000] {logging_mixin.py:188} INFO - [2026-03-29T21:45:57.850+0000] {dagbag.py:545} INFO - Filling up the DagBag from /home/airflow/.local/lib/python3.12/site-packages/airflow/example_dags/example_bash_operator.py
[2026-03-29T21:45:57.859+0000] {processor.py:840} INFO - DAG(s) 'example_bash_operator' retrieved from /home/airflow/.local/lib/python3.12/site-packages/airflow/example_dags/example_bash_operator.py
[2026-03-29T21:45:57.888+0000] {logging_mixin.py:188} INFO - [2026-03-29T21:45:57.888+0000] {dag.py:3089} INFO - Sync 1 DAGs
[2026-03-29T21:45:57.905+0000] {logging_mixin.py:188} INFO - [2026-03-29T21:45:57.905+0000] {dag.py:3947} INFO - Setting next_dagrun for example_bash_operator to 2026-03-28 00:00:00+00:00, run_after=2026-03-29 00:00:00+00:00
[2026-03-29T21:45:57.922+0000] {processor.py:183} INFO - Processing /home/airflow/.local/lib/python3.12/site-packages/airflow/example_dags/example_bash_operator.py took 0.081 seconds
[2026-03-29T21:46:28.793+0000] {processor.py:161} INFO - Started process (PID=1678) to work on /home/airflow/.local/lib/python3.12/site-packages/airflow/example_dags/example_bash_operator.py
[2026-03-29T21:46:28.794+0000] {processor.py:830} INFO - Processing file /home/airflow/.local/lib/python3.12/site-packages/airflow/example_dags/example_bash_operator.py for tasks to queue
[2026-03-29T21:46:28.796+0000] {logging_mixin.py:188} INFO - [2026-03-29T21:46:28.795+0000] {dagbag.py:545} INFO - Filling up the DagBag from /home/airflow/.local/lib/python3.12/site-packages/airflow/example_dags/example_bash_operator.py
[2026-03-29T21:46:28.803+0000] {processor.py:840} INFO - DAG(s) 'example_bash_operator' retrieved from /home/airflow/.local/lib/python3.12/site-packages/airflow/example_dags/example_bash_operator.py
[2026-03-29T21:46:28.820+0000] {logging_mixin.py:188} INFO - [2026-03-29T21:46:28.820+0000] {dag.py:3089} INFO - Sync 1 DAGs
[2026-03-29T21:46:28.834+0000] {logging_mixin.py:188} INFO - [2026-03-29T21:46:28.834+0000] {dag.py:3947} INFO - Setting next_dagrun for example_bash_operator to 2026-03-28 00:00:00+00:00, run_after=2026-03-29 00:00:00+00:00
[2026-03-29T21:46:28.845+0000] {processor.py:183} INFO - Processing /home/airflow/.local/lib/python3.12/site-packages/airflow/example_dags/example_bash_operator.py took 0.055 seconds
[2026-03-29T21:46:59.755+0000] {processor.py:161} INFO - Started process (PID=1730) to work on /home/airflow/.local/lib/python3.12/site-packages/airflow/example_dags/example_bash_operator.py
[2026-03-29T21:46:59.757+0000] {processor.py:830} INFO - Processing file /home/airflow/.local/lib/python3.12/site-packages/airflow/example_dags/example_bash_operator.py for tasks to queue
[2026-03-29T21:46:59.760+0000] {logging_mixin.py:188} INFO - [2026-03-29T21:46:59.760+0000] {dagbag.py:545} INFO - Filling up the DagBag from /home/airflow/.local/lib/python3.12/site-packages/airflow/example_dags/example_bash_operator.py
[2026-03-29T21:46:59.768+0000] {processor.py:840} INFO - DAG(s) 'example_bash_operator' retrieved from /home/airflow/.local/lib/python3.12/site-packages/airflow/example_dags/example_bash_operator.py
[2026-03-29T21:46:59.786+0000] {logging_mixin.py:188} INFO - [2026-03-29T21:46:59.785+0000] {dag.py:3089} INFO - Sync 1 DAGs
[2026-03-29T21:46:59.805+0000] {logging_mixin.py:188} INFO - [2026-03-29T21:46:59.805+0000] {dag.py:3947} INFO - Setting next_dagrun for example_bash_operator to 2026-03-28 00:00:00+00:00, run_after=2026-03-29 00:00:00+00:00
[2026-03-29T21:46:59.820+0000] {processor.py:183} INFO - Processing /home/airflow/.local/lib/python3.12/site-packages/airflow/example_dags/example_bash_operator.py took 0.070 seconds
[2026-03-29T21:47:30.936+0000] {processor.py:161} INFO - Started process (PID=1782) to work on /home/airflow/.local/lib/python3.12/site-packages/airflow/example_dags/example_bash_operator.py
[2026-03-29T21:47:30.937+0000] {processor.py:830} INFO - Processing file /home/airflow/.local/lib/python3.12/site-packages/airflow/example_dags/example_bash_operator.py for tasks to queue
[2026-03-29T21:47:30.939+0000] {logging_mixin.py:188} INFO - [2026-03-29T21:47:30.939+0000] {dagbag.py:545} INFO - Filling up the DagBag from /home/airflow/.local/lib/python3.12/site-packages/airflow/example_dags/example_bash_operator.py
[2026-03-29T21:47:30.948+0000] {processor.py:840} INFO - DAG(s) 'example_bash_operator' retrieved from /home/airflow/.local/lib/python3.12/site-packages/airflow/example_dags/example_bash_operator.py
[2026-03-29T21:47:30.968+0000] {logging_mixin.py:188} INFO - [2026-03-29T21:47:30.968+0000] {dag.py:3089} INFO - Sync 1 DAGs
[2026-03-29T21:47:31.130+0000] {logging_mixin.py:188} INFO - [2026-03-29T21:47:31.129+0000] {dag.py:3947} INFO - Setting next_dagrun for example_bash_operator to 2026-03-28 00:00:00+00:00, run_after=2026-03-29 00:00:00+00:00
[2026-03-29T21:47:31.146+0000] {processor.py:183} INFO - Processing /home/airflow/.local/lib/python3.12/site-packages/airflow/example_dags/example_bash_operator.py took 0.215 seconds
[2026-03-29T21:48:01.397+0000] {processor.py:161} INFO - Started process (PID=1834) to work on /home/airflow/.local/lib/python3.12/site-packages/airflow/example_dags/example_bash_operator.py
[2026-03-29T21:48:01.399+0000] {processor.py:830} INFO - Processing file /home/airflow/.local/lib/python3.12/site-packages/airflow/example_dags/example_bash_operator.py for tasks to queue
[2026-03-29T21:48:01.401+0000] {logging_mixin.py:188} INFO - [2026-03-29T21:48:01.401+0000] {dagbag.py:545} INFO - Filling up the DagBag from /home/airflow/.local/lib/python3.12/site-packages/airflow/example_dags/example_bash_operator.py
[2026-03-29T21:48:01.412+0000] {processor.py:840} INFO - DAG(s) 'example_bash_operator' retrieved from /home/airflow/.local/lib/python3.12/site-packages/airflow/example_dags/example_bash_operator.py
[2026-03-29T21:48:01.435+0000] {logging_mixin.py:188} INFO - [2026-03-29T21:48:01.435+0000] {dag.py:3089} INFO - Sync 1 DAGs
[2026-03-29T21:48:01.455+0000] {logging_mixin.py:188} INFO - [2026-03-29T21:48:01.455+0000] {dag.py:3947} INFO - Setting next_dagrun for example_bash_operator to 2026-03-28 00:00:00+00:00, run_after=2026-03-29 00:00:00+00:00
[2026-03-29T21:48:01.633+0000] {processor.py:183} INFO - Processing /home/airflow/.local/lib/python3.12/site-packages/airflow/example_dags/example_bash_operator.py took 0.243 seconds
[2026-03-29T21:48:31.940+0000] {processor.py:161} INFO - Started process (PID=1886) to work on /home/airflow/.local/lib/python3.12/site-packages/airflow/example_dags/example_bash_operator.py
[2026-03-29T21:48:31.942+0000] {processor.py:830} INFO - Processing file /home/airflow/.local/lib/python3.12/site-packages/airflow/example_dags/example_bash_operator.py for tasks to queue
[2026-03-29T21:48:31.944+0000] {logging_mixin.py:188} INFO - [2026-03-29T21:48:31.944+0000] {dagbag.py:545} INFO - Filling up the DagBag from /home/airflow/.local/lib/python3.12/site-packages/airflow/example_dags/example_bash_operator.py
[2026-03-29T21:48:31.956+0000] {processor.py:840} INFO - DAG(s) 'example_bash_operator' retrieved from /home/airflow/.local/lib/python3.12/site-packages/airflow/example_dags/example_bash_operator.py
[2026-03-29T21:48:31.984+0000] {logging_mixin.py:188} INFO - [2026-03-29T21:48:31.983+0000] {dag.py:3089} INFO - Sync 1 DAGs
[2026-03-29T21:48:32.002+0000] {logging_mixin.py:188} INFO - [2026-03-29T21:48:32.002+0000] {dag.py:3947} INFO - Setting next_dagrun for example_bash_operator to 2026-03-28 00:00:00+00:00, run_after=2026-03-29 00:00:00+00:00
[2026-03-29T21:48:32.021+0000] {processor.py:183} INFO - Processing /home/airflow/.local/lib/python3.12/site-packages/airflow/example_dags/example_bash_operator.py took 0.087 seconds
[2026-03-29T21:49:02.856+0000] {processor.py:161} INFO - Started process (PID=1938) to work on /home/airflow/.local/lib/python3.12/site-packages/airflow/example_dags/example_bash_operator.py
[2026-03-29T21:49:02.858+0000] {processor.py:830} INFO - Processing file /home/airflow/.local/lib/python3.12/site-packages/airflow/example_dags/example_bash_operator.py for tasks to queue
[2026-03-29T21:49:02.860+0000] {logging_mixin.py:188} INFO - [2026-03-29T21:49:02.860+0000] {dagbag.py:545} INFO - Filling up the DagBag from /home/airflow/.local/lib/python3.12/site-packages/airflow/example_dags/example_bash_operator.py
[2026-03-29T21:49:02.893+0000] {processor.py:840} INFO - DAG(s) 'example_bash_operator' retrieved from /home/airflow/.local/lib/python3.12/site-packages/airflow/example_dags/example_bash_operator.py
[2026-03-29T21:49:02.936+0000] {logging_mixin.py:188} INFO - [2026-03-29T21:49:02.935+0000] {dag.py:3089} INFO - Sync 1 DAGs
[2026-03-29T21:49:02.977+0000] {logging_mixin.py:188} INFO - [2026-03-29T21:49:02.977+0000] {dag.py:3947} INFO - Setting next_dagrun for example_bash_operator to 2026-03-28 00:00:00+00:00, run_after=2026-03-29 00:00:00+00:00
[2026-03-29T21:49:03.013+0000] {processor.py:183} INFO - Processing /home/airflow/.local/lib/python3.12/site-packages/airflow/example_dags/example_bash_operator.py took 0.167 seconds
[2026-03-29T21:49:33.722+0000] {processor.py:161} INFO - Started process (PID=1990) to work on /home/airflow/.local/lib/python3.12/site-packages/airflow/example_dags/example_bash_operator.py
[2026-03-29T21:49:33.723+0000] {processor.py:830} INFO - Processing file /home/airflow/.local/lib/python3.12/site-packages/airflow/example_dags/example_bash_operator.py for tasks to queue
[2026-03-29T21:49:33.724+0000] {logging_mixin.py:188} INFO - [2026-03-29T21:49:33.724+0000] {dagbag.py:545} INFO - Filling up the DagBag from /home/airflow/.local/lib/python3.12/site-packages/airflow/example_dags/example_bash_operator.py
[2026-03-29T21:49:33.736+0000] {processor.py:840} INFO - DAG(s) 'example_bash_operator' retrieved from /home/airflow/.local/lib/python3.12/site-packages/airflow/example_dags/example_bash_operator.py
[2026-03-29T21:49:33.758+0000] {logging_mixin.py:188} INFO - [2026-03-29T21:49:33.758+0000] {dag.py:3089} INFO - Sync 1 DAGs
[2026-03-29T21:49:33.781+0000] {logging_mixin.py:188} INFO - [2026-03-29T21:49:33.781+0000] {dag.py:3947} INFO - Setting next_dagrun for example_bash_operator to 2026-03-28 00:00:00+00:00, run_after=2026-03-29 00:00:00+00:00
[2026-03-29T21:49:33.799+0000] {processor.py:183} INFO - Processing /home/airflow/.local/lib/python3.12/site-packages/airflow/example_dags/example_bash_operator.py took 0.081 seconds
[2026-03-29T21:50:04.765+0000] {processor.py:161} INFO - Started process (PID=2042) to work on /home/airflow/.local/lib/python3.12/site-packages/airflow/example_dags/example_bash_operator.py
[2026-03-29T21:50:04.766+0000] {processor.py:830} INFO - Processing file /home/airflow/.local/lib/python3.12/site-packages/airflow/example_dags/example_bash_operator.py for tasks to queue
[2026-03-29T21:50:04.767+0000] {logging_mixin.py:188} INFO - [2026-03-29T21:50:04.767+0000] {dagbag.py:545} INFO - Filling up the DagBag from /home/airflow/.local/lib/python3.12/site-packages/airflow/example_dags/example_bash_operator.py
[2026-03-29T21:50:04.775+0000] {processor.py:840} INFO - DAG(s) 'example_bash_operator' retrieved from /home/airflow/.local/lib/python3.12/site-packages/airflow/example_dags/example_bash_operator.py
[2026-03-29T21:50:04.794+0000] {logging_mixin.py:188} INFO - [2026-03-29T21:50:04.794+0000] {dag.py:3089} INFO - Sync 1 DAGs
[2026-03-29T21:50:04.818+0000] {logging_mixin.py:188} INFO - [2026-03-29T21:50:04.817+0000] {dag.py:3947} INFO - Setting next_dagrun for example_bash_operator to 2026-03-28 00:00:00+00:00, run_after=2026-03-29 00:00:00+00:00
[2026-03-29T21:50:04.836+0000] {processor.py:183} INFO - Processing /home/airflow/.local/lib/python3.12/site-packages/airflow/example_dags/example_bash_operator.py took 0.076 seconds
[2026-03-29T21:50:35.054+0000] {processor.py:161} INFO - Started process (PID=2094) to work on /home/airflow/.local/lib/python3.12/site-packages/airflow/example_dags/example_bash_operator.py
[2026-03-29T21:50:35.056+0000] {processor.py:830} INFO - Processing file /home/airflow/.local/lib/python3.12/site-packages/airflow/example_dags/example_bash_operator.py for tasks to queue
[2026-03-29T21:50:35.057+0000] {logging_mixin.py:188} INFO - [2026-03-29T21:50:35.057+0000] {dagbag.py:545} INFO - Filling up the DagBag from /home/airflow/.local/lib/python3.12/site-packages/airflow/example_dags/example_bash_operator.py
[2026-03-29T21:50:35.066+0000] {processor.py:840} INFO - DAG(s) 'example_bash_operator' retrieved from /home/airflow/.local/lib/python3.12/site-packages/airflow/example_dags/example_bash_operator.py
[2026-03-29T21:50:35.089+0000] {logging_mixin.py:188} INFO - [2026-03-29T21:50:35.089+0000] {dag.py:3089} INFO - Sync 1 DAGs
[2026-03-29T21:50:35.113+0000] {logging_mixin.py:188} INFO - [2026-03-29T21:50:35.113+0000] {dag.py:3947} INFO - Setting next_dagrun for example_bash_operator to 2026-03-28 00:00:00+00:00, run_after=2026-03-29 00:00:00+00:00
[2026-03-29T21:50:35.129+0000] {processor.py:183} INFO - Processing /home/airflow/.local/lib/python3.12/site-packages/airflow/example_dags/example_bash_operator.py took 0.081 seconds
[2026-03-29T21:51:05.329+0000] {processor.py:161} INFO - Started process (PID=2146) to work on /home/airflow/.local/lib/python3.12/site-packages/airflow/example_dags/example_bash_operator.py
[2026-03-29T21:51:05.330+0000] {processor.py:830} INFO - Processing file /home/airflow/.local/lib/python3.12/site-packages/airflow/example_dags/example_bash_operator.py for tasks to queue
[2026-03-29T21:51:05.333+0000] {logging_mixin.py:188} INFO - [2026-03-29T21:51:05.332+0000] {dagbag.py:545} INFO - Filling up the DagBag from /home/airflow/.local/lib/python3.12/site-packages/airflow/example_dags/example_bash_operator.py
[2026-03-29T21:51:05.342+0000] {processor.py:840} INFO - DAG(s) 'example_bash_operator' retrieved from /home/airflow/.local/lib/python3.12/site-packages/airflow/example_dags/example_bash_operator.py
[2026-03-29T21:51:05.365+0000] {logging_mixin.py:188} INFO - [2026-03-29T21:51:05.365+0000] {dag.py:3089} INFO - Sync 1 DAGs
[2026-03-29T21:51:05.383+0000] {logging_mixin.py:188} INFO - [2026-03-29T21:51:05.382+0000] {dag.py:3947} INFO - Setting next_dagrun for example_bash_operator to 2026-03-28 00:00:00+00:00, run_after=2026-03-29 00:00:00+00:00
[2026-03-29T21:51:05.396+0000] {processor.py:183} INFO - Processing /home/airflow/.local/lib/python3.12/site-packages/airflow/example_dags/example_bash_operator.py took 0.073 seconds
[2026-03-29T21:51:36.283+0000] {processor.py:161} INFO - Started process (PID=2196) to work on /home/airflow/.local/lib/python3.12/site-packages/airflow/example_dags/example_bash_operator.py
[2026-03-29T21:51:36.285+0000] {processor.py:830} INFO - Processing file /home/airflow/.local/lib/python3.12/site-packages/airflow/example_dags/example_bash_operator.py for tasks to queue
[2026-03-29T21:51:36.286+0000] {logging_mixin.py:188} INFO - [2026-03-29T21:51:36.286+0000] {dagbag.py:545} INFO - Filling up the DagBag from /home/airflow/.local/lib/python3.12/site-packages/airflow/example_dags/example_bash_operator.py
[2026-03-29T21:51:36.295+0000] {processor.py:840} INFO - DAG(s) 'example_bash_operator' retrieved from /home/airflow/.local/lib/python3.12/site-packages/airflow/example_dags/example_bash_operator.py
[2026-03-29T21:51:36.315+0000] {logging_mixin.py:188} INFO - [2026-03-29T21:51:36.315+0000] {dag.py:3089} INFO - Sync 1 DAGs
[2026-03-29T21:51:36.334+0000] {logging_mixin.py:188} INFO - [2026-03-29T21:51:36.334+0000] {dag.py:3947} INFO - Setting next_dagrun for example_bash_operator to 2026-03-28 00:00:00+00:00, run_after=2026-03-29 00:00:00+00:00
[2026-03-29T21:51:36.349+0000] {processor.py:183} INFO - Processing /home/airflow/.local/lib/python3.12/site-packages/airflow/example_dags/example_bash_operator.py took 0.073 seconds
[2026-03-29T21:52:06.634+0000] {processor.py:161} INFO - Started process (PID=2248) to work on /home/airflow/.local/lib/python3.12/site-packages/airflow/example_dags/example_bash_operator.py
[2026-03-29T21:52:06.636+0000] {processor.py:830} INFO - Processing file /home/airflow/.local/lib/python3.12/site-packages/airflow/example_dags/example_bash_operator.py for tasks to queue
[2026-03-29T21:52:06.638+0000] {logging_mixin.py:188} INFO - [2026-03-29T21:52:06.637+0000] {dagbag.py:545} INFO - Filling up the DagBag from /home/airflow/.local/lib/python3.12/site-packages/airflow/example_dags/example_bash_operator.py
[2026-03-29T21:52:06.648+0000] {processor.py:840} INFO - DAG(s) 'example_bash_operator' retrieved from /home/airflow/.local/lib/python3.12/site-packages/airflow/example_dags/example_bash_operator.py
[2026-03-29T21:52:06.672+0000] {logging_mixin.py:188} INFO - [2026-03-29T21:52:06.671+0000] {dag.py:3089} INFO - Sync 1 DAGs
[2026-03-29T21:52:06.694+0000] {logging_mixin.py:188} INFO - [2026-03-29T21:52:06.694+0000] {dag.py:3947} INFO - Setting next_dagrun for example_bash_operator to 2026-03-28 00:00:00+00:00, run_after=2026-03-29 00:00:00+00:00
[2026-03-29T21:52:06.712+0000] {processor.py:183} INFO - Processing /home/airflow/.local/lib/python3.12/site-packages/airflow/example_dags/example_bash_operator.py took 0.083 seconds
[2026-03-29T21:52:37.126+0000] {processor.py:161} INFO - Started process (PID=2300) to work on /home/airflow/.local/lib/python3.12/site-packages/airflow/example_dags/example_bash_operator.py
[2026-03-29T21:52:37.127+0000] {processor.py:830} INFO - Processing file /home/airflow/.local/lib/python3.12/site-packages/airflow/example_dags/example_bash_operator.py for tasks to queue
[2026-03-29T21:52:37.128+0000] {logging_mixin.py:188} INFO - [2026-03-29T21:52:37.128+0000] {dagbag.py:545} INFO - Filling up the DagBag from /home/airflow/.local/lib/python3.12/site-packages/airflow/example_dags/example_bash_operator.py
[2026-03-29T21:52:37.136+0000] {processor.py:840} INFO - DAG(s) 'example_bash_operator' retrieved from /home/airflow/.local/lib/python3.12/site-packages/airflow/example_dags/example_bash_operator.py
[2026-03-29T21:52:37.155+0000] {logging_mixin.py:188} INFO - [2026-03-29T21:52:37.155+0000] {dag.py:3089} INFO - Sync 1 DAGs
[2026-03-29T21:52:37.174+0000] {logging_mixin.py:188} INFO - [2026-03-29T21:52:37.174+0000] {dag.py:3947} INFO - Setting next_dagrun for example_bash_operator to 2026-03-28 00:00:00+00:00, run_after=2026-03-29 00:00:00+00:00
[2026-03-29T21:52:37.193+0000] {processor.py:183} INFO - Processing /home/airflow/.local/lib/python3.12/site-packages/airflow/example_dags/example_bash_operator.py took 0.072 seconds
[2026-03-29T21:53:08.003+0000] {processor.py:161} INFO - Started process (PID=2352) to work on /home/airflow/.local/lib/python3.12/site-packages/airflow/example_dags/example_bash_operator.py
[2026-03-29T21:53:08.004+0000] {processor.py:830} INFO - Processing file /home/airflow/.local/lib/python3.12/site-packages/airflow/example_dags/example_bash_operator.py for tasks to queue
[2026-03-29T21:53:08.006+0000] {logging_mixin.py:188} INFO - [2026-03-29T21:53:08.006+0000] {dagbag.py:545} INFO - Filling up the DagBag from /home/airflow/.local/lib/python3.12/site-packages/airflow/example_dags/example_bash_operator.py
[2026-03-29T21:53:08.020+0000] {processor.py:840} INFO - DAG(s) 'example_bash_operator' retrieved from /home/airflow/.local/lib/python3.12/site-packages/airflow/example_dags/example_bash_operator.py
[2026-03-29T21:53:08.046+0000] {logging_mixin.py:188} INFO - [2026-03-29T21:53:08.045+0000] {dag.py:3089} INFO - Sync 1 DAGs
[2026-03-29T21:53:08.064+0000] {logging_mixin.py:188} INFO - [2026-03-29T21:53:08.064+0000] {dag.py:3947} INFO - Setting next_dagrun for example_bash_operator to 2026-03-28 00:00:00+00:00, run_after=2026-03-29 00:00:00+00:00
[2026-03-29T21:53:08.085+0000] {processor.py:183} INFO - Processing /home/airflow/.local/lib/python3.12/site-packages/airflow/example_dags/example_bash_operator.py took 0.087 seconds
[2026-03-29T21:53:38.901+0000] {processor.py:161} INFO - Started process (PID=2404) to work on /home/airflow/.local/lib/python3.12/site-packages/airflow/example_dags/example_bash_operator.py
[2026-03-29T21:53:38.902+0000] {processor.py:830} INFO - Processing file /home/airflow/.local/lib/python3.12/site-packages/airflow/example_dags/example_bash_operator.py for tasks to queue
[2026-03-29T21:53:38.904+0000] {logging_mixin.py:188} INFO - [2026-03-29T21:53:38.904+0000] {dagbag.py:545} INFO - Filling up the DagBag from /home/airflow/.local/lib/python3.12/site-packages/airflow/example_dags/example_bash_operator.py
[2026-03-29T21:53:38.912+0000] {processor.py:840} INFO - DAG(s) 'example_bash_operator' retrieved from /home/airflow/.local/lib/python3.12/site-packages/airflow/example_dags/example_bash_operator.py
[2026-03-29T21:53:38.931+0000] {logging_mixin.py:188} INFO - [2026-03-29T21:53:38.931+0000] {dag.py:3089} INFO - Sync 1 DAGs
[2026-03-29T21:53:38.953+0000] {logging_mixin.py:188} INFO - [2026-03-29T21:53:38.952+0000] {dag.py:3947} INFO - Setting next_dagrun for example_bash_operator to 2026-03-28 00:00:00+00:00, run_after=2026-03-29 00:00:00+00:00
[2026-03-29T21:53:38.969+0000] {processor.py:183} INFO - Processing /home/airflow/.local/lib/python3.12/site-packages/airflow/example_dags/example_bash_operator.py took 0.073 seconds
[2026-03-29T21:54:09.252+0000] {processor.py:161} INFO - Started process (PID=2456) to work on /home/airflow/.local/lib/python3.12/site-packages/airflow/example_dags/example_bash_operator.py
[2026-03-29T21:54:09.254+0000] {processor.py:830} INFO - Processing file /home/airflow/.local/lib/python3.12/site-packages/airflow/example_dags/example_bash_operator.py for tasks to queue
[2026-03-29T21:54:09.256+0000] {logging_mixin.py:188} INFO - [2026-03-29T21:54:09.255+0000] {dagbag.py:545} INFO - Filling up the DagBag from /home/airflow/.local/lib/python3.12/site-packages/airflow/example_dags/example_bash_operator.py
[2026-03-29T21:54:09.265+0000] {processor.py:840} INFO - DAG(s) 'example_bash_operator' retrieved from /home/airflow/.local/lib/python3.12/site-packages/airflow/example_dags/example_bash_operator.py
[2026-03-29T21:54:09.289+0000] {logging_mixin.py:188} INFO - [2026-03-29T21:54:09.289+0000] {dag.py:3089} INFO - Sync 1 DAGs
[2026-03-29T21:54:09.310+0000] {logging_mixin.py:188} INFO - [2026-03-29T21:54:09.309+0000] {dag.py:3947} INFO - Setting next_dagrun for example_bash_operator to 2026-03-28 00:00:00+00:00, run_after=2026-03-29 00:00:00+00:00
[2026-03-29T21:54:09.325+0000] {processor.py:183} INFO - Processing /home/airflow/.local/lib/python3.12/site-packages/airflow/example_dags/example_bash_operator.py took 0.077 seconds
[2026-03-29T21:54:40.259+0000] {processor.py:161} INFO - Started process (PID=2508) to work on /home/airflow/.local/lib/python3.12/site-packages/airflow/example_dags/example_bash_operator.py
[2026-03-29T21:54:40.264+0000] {processor.py:830} INFO - Processing file /home/airflow/.local/lib/python3.12/site-packages/airflow/example_dags/example_bash_operator.py for tasks to queue
[2026-03-29T21:54:40.267+0000] {logging_mixin.py:188} INFO - [2026-03-29T21:54:40.266+0000] {dagbag.py:545} INFO - Filling up the DagBag from /home/airflow/.local/lib/python3.12/site-packages/airflow/example_dags/example_bash_operator.py
[2026-03-29T21:54:40.277+0000] {processor.py:840} INFO - DAG(s) 'example_bash_operator' retrieved from /home/airflow/.local/lib/python3.12/site-packages/airflow/example_dags/example_bash_operator.py
[2026-03-29T21:54:40.307+0000] {logging_mixin.py:188} INFO - [2026-03-29T21:54:40.306+0000] {dag.py:3089} INFO - Sync 1 DAGs
[2026-03-29T21:54:40.331+0000] {logging_mixin.py:188} INFO - [2026-03-29T21:54:40.331+0000] {dag.py:3947} INFO - Setting next_dagrun for example_bash_operator to 2026-03-28 00:00:00+00:00, run_after=2026-03-29 00:00:00+00:00
[2026-03-29T21:54:40.371+0000] {processor.py:183} INFO - Processing /home/airflow/.local/lib/python3.12/site-packages/airflow/example_dags/example_bash_operator.py took 0.125 seconds
[2026-03-29T21:55:11.069+0000] {processor.py:161} INFO - Started process (PID=2560) to work on /home/airflow/.local/lib/python3.12/site-packages/airflow/example_dags/example_bash_operator.py
[2026-03-29T21:55:11.069+0000] {processor.py:830} INFO - Processing file /home/airflow/.local/lib/python3.12/site-packages/airflow/example_dags/example_bash_operator.py for tasks to queue
[2026-03-29T21:55:11.071+0000] {logging_mixin.py:188} INFO - [2026-03-29T21:55:11.070+0000] {dagbag.py:545} INFO - Filling up the DagBag from /home/airflow/.local/lib/python3.12/site-packages/airflow/example_dags/example_bash_operator.py
[2026-03-29T21:55:11.080+0000] {processor.py:840} INFO - DAG(s) 'example_bash_operator' retrieved from /home/airflow/.local/lib/python3.12/site-packages/airflow/example_dags/example_bash_operator.py
[2026-03-29T21:55:11.104+0000] {logging_mixin.py:188} INFO - [2026-03-29T21:55:11.104+0000] {dag.py:3089} INFO - Sync 1 DAGs
[2026-03-29T21:55:11.121+0000] {logging_mixin.py:188} INFO - [2026-03-29T21:55:11.121+0000] {dag.py:3947} INFO - Setting next_dagrun for example_bash_operator to 2026-03-28 00:00:00+00:00, run_after=2026-03-29 00:00:00+00:00
[2026-03-29T21:55:11.134+0000] {processor.py:183} INFO - Processing /home/airflow/.local/lib/python3.12/site-packages/airflow/example_dags/example_bash_operator.py took 0.072 seconds
[2026-03-29T21:55:41.797+0000] {processor.py:161} INFO - Started process (PID=2612) to work on /home/airflow/.local/lib/python3.12/site-packages/airflow/example_dags/example_bash_operator.py
[2026-03-29T21:55:41.799+0000] {processor.py:830} INFO - Processing file /home/airflow/.local/lib/python3.12/site-packages/airflow/example_dags/example_bash_operator.py for tasks to queue
[2026-03-29T21:55:41.801+0000] {logging_mixin.py:188} INFO - [2026-03-29T21:55:41.801+0000] {dagbag.py:545} INFO - Filling up the DagBag from /home/airflow/.local/lib/python3.12/site-packages/airflow/example_dags/example_bash_operator.py
[2026-03-29T21:55:41.811+0000] {processor.py:840} INFO - DAG(s) 'example_bash_operator' retrieved from /home/airflow/.local/lib/python3.12/site-packages/airflow/example_dags/example_bash_operator.py
[2026-03-29T21:55:41.837+0000] {logging_mixin.py:188} INFO - [2026-03-29T21:55:41.836+0000] {dag.py:3089} INFO - Sync 1 DAGs
[2026-03-29T21:55:41.852+0000] {logging_mixin.py:188} INFO - [2026-03-29T21:55:41.852+0000] {dag.py:3947} INFO - Setting next_dagrun for example_bash_operator to 2026-03-28 00:00:00+00:00, run_after=2026-03-29 00:00:00+00:00
[2026-03-29T21:55:41.868+0000] {processor.py:183} INFO - Processing /home/airflow/.local/lib/python3.12/site-packages/airflow/example_dags/example_bash_operator.py took 0.075 seconds
[2026-03-29T21:56:12.594+0000] {processor.py:161} INFO - Started process (PID=2664) to work on /home/airflow/.local/lib/python3.12/site-packages/airflow/example_dags/example_bash_operator.py
[2026-03-29T21:56:12.596+0000] {processor.py:830} INFO - Processing file /home/airflow/.local/lib/python3.12/site-packages/airflow/example_dags/example_bash_operator.py for tasks to queue
[2026-03-29T21:56:12.599+0000] {logging_mixin.py:188} INFO - [2026-03-29T21:56:12.598+0000] {dagbag.py:545} INFO - Filling up the DagBag from /home/airflow/.local/lib/python3.12/site-packages/airflow/example_dags/example_bash_operator.py
[2026-03-29T21:56:12.608+0000] {processor.py:840} INFO - DAG(s) 'example_bash_operator' retrieved from /home/airflow/.local/lib/python3.12/site-packages/airflow/example_dags/example_bash_operator.py
[2026-03-29T21:56:12.634+0000] {logging_mixin.py:188} INFO - [2026-03-29T21:56:12.632+0000] {dag.py:3089} INFO - Sync 1 DAGs
[2026-03-29T21:56:12.651+0000] {logging_mixin.py:188} INFO - [2026-03-29T21:56:12.651+0000] {dag.py:3947} INFO - Setting next_dagrun for example_bash_operator to 2026-03-28 00:00:00+00:00, run_after=2026-03-29 00:00:00+00:00
[2026-03-29T21:56:12.669+0000] {processor.py:183} INFO - Processing /home/airflow/.local/lib/python3.12/site-packages/airflow/example_dags/example_bash_operator.py took 0.080 seconds
[2026-03-29T21:56:43.406+0000] {processor.py:161} INFO - Started process (PID=2716) to work on /home/airflow/.local/lib/python3.12/site-packages/airflow/example_dags/example_bash_operator.py
[2026-03-29T21:56:43.408+0000] {processor.py:830} INFO - Processing file /home/airflow/.local/lib/python3.12/site-packages/airflow/example_dags/example_bash_operator.py for tasks to queue
[2026-03-29T21:56:43.410+0000] {logging_mixin.py:188} INFO - [2026-03-29T21:56:43.410+0000] {dagbag.py:545} INFO - Filling up the DagBag from /home/airflow/.local/lib/python3.12/site-packages/airflow/example_dags/example_bash_operator.py
[2026-03-29T21:56:43.421+0000] {processor.py:840} INFO - DAG(s) 'example_bash_operator' retrieved from /home/airflow/.local/lib/python3.12/site-packages/airflow/example_dags/example_bash_operator.py
[2026-03-29T21:56:43.447+0000] {logging_mixin.py:188} INFO - [2026-03-29T21:56:43.447+0000] {dag.py:3089} INFO - Sync 1 DAGs
[2026-03-29T21:56:43.474+0000] {logging_mixin.py:188} INFO - [2026-03-29T21:56:43.474+0000] {dag.py:3947} INFO - Setting next_dagrun for example_bash_operator to 2026-03-28 00:00:00+00:00, run_after=2026-03-29 00:00:00+00:00
[2026-03-29T21:56:43.493+0000] {processor.py:183} INFO - Processing /home/airflow/.local/lib/python3.12/site-packages/airflow/example_dags/example_bash_operator.py took 0.095 seconds
[2026-03-29T21:57:14.043+0000] {processor.py:161} INFO - Started process (PID=2768) to work on /home/airflow/.local/lib/python3.12/site-packages/airflow/example_dags/example_bash_operator.py
[2026-03-29T21:57:14.045+0000] {processor.py:830} INFO - Processing file /home/airflow/.local/lib/python3.12/site-packages/airflow/example_dags/example_bash_operator.py for tasks to queue
[2026-03-29T21:57:14.047+0000] {logging_mixin.py:188} INFO - [2026-03-29T21:57:14.047+0000] {dagbag.py:545} INFO - Filling up the DagBag from /home/airflow/.local/lib/python3.12/site-packages/airflow/example_dags/example_bash_operator.py
[2026-03-29T21:57:14.055+0000] {processor.py:840} INFO - DAG(s) 'example_bash_operator' retrieved from /home/airflow/.local/lib/python3.12/site-packages/airflow/example_dags/example_bash_operator.py
[2026-03-29T21:57:14.079+0000] {logging_mixin.py:188} INFO - [2026-03-29T21:57:14.079+0000] {dag.py:3089} INFO - Sync 1 DAGs
[2026-03-29T21:57:14.102+0000] {logging_mixin.py:188} INFO - [2026-03-29T21:57:14.102+0000] {dag.py:3947} INFO - Setting next_dagrun for example_bash_operator to 2026-03-28 00:00:00+00:00, run_after=2026-03-29 00:00:00+00:00
[2026-03-29T21:57:14.122+0000] {processor.py:183} INFO - Processing /home/airflow/.local/lib/python3.12/site-packages/airflow/example_dags/example_bash_operator.py took 0.083 seconds
[2026-03-29T21:57:45.192+0000] {processor.py:161} INFO - Started process (PID=2820) to work on /home/airflow/.local/lib/python3.12/site-packages/airflow/example_dags/example_bash_operator.py
[2026-03-29T21:57:45.193+0000] {processor.py:830} INFO - Processing file /home/airflow/.local/lib/python3.12/site-packages/airflow/example_dags/example_bash_operator.py for tasks to queue
[2026-03-29T21:57:45.197+0000] {logging_mixin.py:188} INFO - [2026-03-29T21:57:45.197+0000] {dagbag.py:545} INFO - Filling up the DagBag from /home/airflow/.local/lib/python3.12/site-packages/airflow/example_dags/example_bash_operator.py
[2026-03-29T21:57:45.212+0000] {processor.py:840} INFO - DAG(s) 'example_bash_operator' retrieved from /home/airflow/.local/lib/python3.12/site-packages/airflow/example_dags/example_bash_operator.py
[2026-03-29T21:57:45.232+0000] {logging_mixin.py:188} INFO - [2026-03-29T21:57:45.232+0000] {dag.py:3089} INFO - Sync 1 DAGs
[2026-03-29T21:57:45.252+0000] {logging_mixin.py:188} INFO - [2026-03-29T21:57:45.252+0000] {dag.py:3947} INFO - Setting next_dagrun for example_bash_operator to 2026-03-28 00:00:00+00:00, run_after=2026-03-29 00:00:00+00:00
[2026-03-29T21:57:45.272+0000] {processor.py:183} INFO - Processing /home/airflow/.local/lib/python3.12/site-packages/airflow/example_dags/example_bash_operator.py took 0.084 seconds
[2026-03-29T21:58:15.860+0000] {processor.py:161} INFO - Started process (PID=2872) to work on /home/airflow/.local/lib/python3.12/site-packages/airflow/example_dags/example_bash_operator.py
[2026-03-29T21:58:15.861+0000] {processor.py:830} INFO - Processing file /home/airflow/.local/lib/python3.12/site-packages/airflow/example_dags/example_bash_operator.py for tasks to queue
[2026-03-29T21:58:15.863+0000] {logging_mixin.py:188} INFO - [2026-03-29T21:58:15.863+0000] {dagbag.py:545} INFO - Filling up the DagBag from /home/airflow/.local/lib/python3.12/site-packages/airflow/example_dags/example_bash_operator.py
[2026-03-29T21:58:15.876+0000] {processor.py:840} INFO - DAG(s) 'example_bash_operator' retrieved from /home/airflow/.local/lib/python3.12/site-packages/airflow/example_dags/example_bash_operator.py
[2026-03-29T21:58:15.900+0000] {logging_mixin.py:188} INFO - [2026-03-29T21:58:15.899+0000] {dag.py:3089} INFO - Sync 1 DAGs
[2026-03-29T21:58:15.916+0000] {logging_mixin.py:188} INFO - [2026-03-29T21:58:15.916+0000] {dag.py:3947} INFO - Setting next_dagrun for example_bash_operator to 2026-03-28 00:00:00+00:00, run_after=2026-03-29 00:00:00+00:00
[2026-03-29T21:58:15.937+0000] {processor.py:183} INFO - Processing /home/airflow/.local/lib/python3.12/site-packages/airflow/example_dags/example_bash_operator.py took 0.083 seconds
[2026-03-29T21:58:46.799+0000] {processor.py:161} INFO - Started process (PID=2924) to work on /home/airflow/.local/lib/python3.12/site-packages/airflow/example_dags/example_bash_operator.py
[2026-03-29T21:58:46.801+0000] {processor.py:830} INFO - Processing file /home/airflow/.local/lib/python3.12/site-packages/airflow/example_dags/example_bash_operator.py for tasks to queue
[2026-03-29T21:58:46.803+0000] {logging_mixin.py:188} INFO - [2026-03-29T21:58:46.803+0000] {dagbag.py:545} INFO - Filling up the DagBag from /home/airflow/.local/lib/python3.12/site-packages/airflow/example_dags/example_bash_operator.py
[2026-03-29T21:58:46.842+0000] {processor.py:840} INFO - DAG(s) 'example_bash_operator' retrieved from /home/airflow/.local/lib/python3.12/site-packages/airflow/example_dags/example_bash_operator.py
[2026-03-29T21:58:46.918+0000] {logging_mixin.py:188} INFO - [2026-03-29T21:58:46.918+0000] {dag.py:3089} INFO - Sync 1 DAGs
[2026-03-29T21:58:46.942+0000] {logging_mixin.py:188} INFO - [2026-03-29T21:58:46.942+0000] {dag.py:3947} INFO - Setting next_dagrun for example_bash_operator to 2026-03-28 00:00:00+00:00, run_after=2026-03-29 00:00:00+00:00
[2026-03-29T21:58:46.965+0000] {processor.py:183} INFO - Processing /home/airflow/.local/lib/python3.12/site-packages/airflow/example_dags/example_bash_operator.py took 0.177 seconds
[2026-03-29T21:59:17.255+0000] {processor.py:161} INFO - Started process (PID=2976) to work on /home/airflow/.local/lib/python3.12/site-packages/airflow/example_dags/example_bash_operator.py
[2026-03-29T21:59:17.257+0000] {processor.py:830} INFO - Processing file /home/airflow/.local/lib/python3.12/site-packages/airflow/example_dags/example_bash_operator.py for tasks to queue
[2026-03-29T21:59:17.259+0000] {logging_mixin.py:188} INFO - [2026-03-29T21:59:17.259+0000] {dagbag.py:545} INFO - Filling up the DagBag from /home/airflow/.local/lib/python3.12/site-packages/airflow/example_dags/example_bash_operator.py
[2026-03-29T21:59:17.267+0000] {processor.py:840} INFO - DAG(s) 'example_bash_operator' retrieved from /home/airflow/.local/lib/python3.12/site-packages/airflow/example_dags/example_bash_operator.py
[2026-03-29T21:59:17.289+0000] {logging_mixin.py:188} INFO - [2026-03-29T21:59:17.289+0000] {dag.py:3089} INFO - Sync 1 DAGs
[2026-03-29T21:59:17.311+0000] {logging_mixin.py:188} INFO - [2026-03-29T21:59:17.311+0000] {dag.py:3947} INFO - Setting next_dagrun for example_bash_operator to 2026-03-28 00:00:00+00:00, run_after=2026-03-29 00:00:00+00:00
[2026-03-29T21:59:17.333+0000] {processor.py:183} INFO - Processing /home/airflow/.local/lib/python3.12/site-packages/airflow/example_dags/example_bash_operator.py took 0.084 seconds
[2026-03-29T21:59:47.588+0000] {processor.py:161} INFO - Started process (PID=3028) to work on /home/airflow/.local/lib/python3.12/site-packages/airflow/example_dags/example_bash_operator.py
[2026-03-29T21:59:47.589+0000] {processor.py:830} INFO - Processing file /home/airflow/.local/lib/python3.12/site-packages/airflow/example_dags/example_bash_operator.py for tasks to queue
[2026-03-29T21:59:47.590+0000] {logging_mixin.py:188} INFO - [2026-03-29T21:59:47.590+0000] {dagbag.py:545} INFO - Filling up the DagBag from /home/airflow/.local/lib/python3.12/site-packages/airflow/example_dags/example_bash_operator.py
[2026-03-29T21:59:47.598+0000] {processor.py:840} INFO - DAG(s) 'example_bash_operator' retrieved from /home/airflow/.local/lib/python3.12/site-packages/airflow/example_dags/example_bash_operator.py
[2026-03-29T21:59:47.618+0000] {logging_mixin.py:188} INFO - [2026-03-29T21:59:47.618+0000] {dag.py:3089} INFO - Sync 1 DAGs
[2026-03-29T21:59:47.635+0000] {logging_mixin.py:188} INFO - [2026-03-29T21:59:47.635+0000] {dag.py:3947} INFO - Setting next_dagrun for example_bash_operator to 2026-03-28 00:00:00+00:00, run_after=2026-03-29 00:00:00+00:00
[2026-03-29T21:59:47.651+0000] {processor.py:183} INFO - Processing /home/airflow/.local/lib/python3.12/site-packages/airflow/example_dags/example_bash_operator.py took 0.071 seconds
[2026-03-29T22:00:17.835+0000] {processor.py:161} INFO - Started process (PID=3080) to work on /home/airflow/.local/lib/python3.12/site-packages/airflow/example_dags/example_bash_operator.py
[2026-03-29T22:00:17.838+0000] {processor.py:830} INFO - Processing file /home/airflow/.local/lib/python3.12/site-packages/airflow/example_dags/example_bash_operator.py for tasks to queue
[2026-03-29T22:00:17.839+0000] {logging_mixin.py:188} INFO - [2026-03-29T22:00:17.839+0000] {dagbag.py:545} INFO - Filling up the DagBag from /home/airflow/.local/lib/python3.12/site-packages/airflow/example_dags/example_bash_operator.py
[2026-03-29T22:00:17.849+0000] {processor.py:840} INFO - DAG(s) 'example_bash_operator' retrieved from /home/airflow/.local/lib/python3.12/site-packages/airflow/example_dags/example_bash_operator.py
[2026-03-29T22:00:17.871+0000] {logging_mixin.py:188} INFO - [2026-03-29T22:00:17.871+0000] {dag.py:3089} INFO - Sync 1 DAGs
[2026-03-29T22:00:17.890+0000] {logging_mixin.py:188} INFO - [2026-03-29T22:00:17.890+0000] {dag.py:3947} INFO - Setting next_dagrun for example_bash_operator to 2026-03-28 00:00:00+00:00, run_after=2026-03-29 00:00:00+00:00
[2026-03-29T22:00:17.907+0000] {processor.py:183} INFO - Processing /home/airflow/.local/lib/python3.12/site-packages/airflow/example_dags/example_bash_operator.py took 0.076 seconds
[2026-03-29T22:00:48.852+0000] {processor.py:161} INFO - Started process (PID=3132) to work on /home/airflow/.local/lib/python3.12/site-packages/airflow/example_dags/example_bash_operator.py
[2026-03-29T22:00:48.856+0000] {processor.py:830} INFO - Processing file /home/airflow/.local/lib/python3.12/site-packages/airflow/example_dags/example_bash_operator.py for tasks to queue
[2026-03-29T22:00:48.858+0000] {logging_mixin.py:188} INFO - [2026-03-29T22:00:48.858+0000] {dagbag.py:545} INFO - Filling up the DagBag from /home/airflow/.local/lib/python3.12/site-packages/airflow/example_dags/example_bash_operator.py
[2026-03-29T22:00:48.872+0000] {processor.py:840} INFO - DAG(s) 'example_bash_operator' retrieved from /home/airflow/.local/lib/python3.12/site-packages/airflow/example_dags/example_bash_operator.py
[2026-03-29T22:00:48.963+0000] {logging_mixin.py:188} INFO - [2026-03-29T22:00:48.962+0000] {dag.py:3089} INFO - Sync 1 DAGs
[2026-03-29T22:00:48.998+0000] {logging_mixin.py:188} INFO - [2026-03-29T22:00:48.998+0000] {dag.py:3947} INFO - Setting next_dagrun for example_bash_operator to 2026-03-28 00:00:00+00:00, run_after=2026-03-29 00:00:00+00:00
[2026-03-29T22:00:49.024+0000] {processor.py:183} INFO - Processing /home/airflow/.local/lib/python3.12/site-packages/airflow/example_dags/example_bash_operator.py took 0.178 seconds
