[2026-03-29T21:30:28.769+0000] {processor.py:161} INFO - Started process (PID=33) to work on /home/airflow/.local/lib/python3.12/site-packages/airflow/example_dags/example_dag_decorator.py
[2026-03-29T21:30:28.771+0000] {processor.py:830} INFO - Processing file /home/airflow/.local/lib/python3.12/site-packages/airflow/example_dags/example_dag_decorator.py for tasks to queue
[2026-03-29T21:30:28.774+0000] {logging_mixin.py:188} INFO - [2026-03-29T21:30:28.773+0000] {dagbag.py:545} INFO - Filling up the DagBag from /home/airflow/.local/lib/python3.12/site-packages/airflow/example_dags/example_dag_decorator.py
[2026-03-29T21:30:29.718+0000] {processor.py:840} INFO - DAG(s) 'example_dag_decorator' retrieved from /home/airflow/.local/lib/python3.12/site-packages/airflow/example_dags/example_dag_decorator.py
[2026-03-29T21:30:29.798+0000] {logging_mixin.py:188} INFO - [2026-03-29T21:30:29.797+0000] {dag.py:3089} INFO - Sync 1 DAGs
[2026-03-29T21:30:29.834+0000] {logging_mixin.py:188} INFO - [2026-03-29T21:30:29.833+0000] {dag.py:3947} INFO - Setting next_dagrun for example_dag_decorator to None, run_after=None
[2026-03-29T21:30:29.877+0000] {processor.py:183} INFO - Processing /home/airflow/.local/lib/python3.12/site-packages/airflow/example_dags/example_dag_decorator.py took 1.118 seconds
[2026-03-29T21:31:00.663+0000] {processor.py:161} INFO - Started process (PID=86) to work on /home/airflow/.local/lib/python3.12/site-packages/airflow/example_dags/example_dag_decorator.py
[2026-03-29T21:31:00.670+0000] {processor.py:830} INFO - Processing file /home/airflow/.local/lib/python3.12/site-packages/airflow/example_dags/example_dag_decorator.py for tasks to queue
[2026-03-29T21:31:00.674+0000] {logging_mixin.py:188} INFO - [2026-03-29T21:31:00.673+0000] {dagbag.py:545} INFO - Filling up the DagBag from /home/airflow/.local/lib/python3.12/site-packages/airflow/example_dags/example_dag_decorator.py
[2026-03-29T21:31:00.898+0000] {processor.py:840} INFO - DAG(s) 'example_dag_decorator' retrieved from /home/airflow/.local/lib/python3.12/site-packages/airflow/example_dags/example_dag_decorator.py
[2026-03-29T21:31:01.058+0000] {logging_mixin.py:188} INFO - [2026-03-29T21:31:01.058+0000] {dag.py:3089} INFO - Sync 1 DAGs
[2026-03-29T21:31:01.075+0000] {logging_mixin.py:188} INFO - [2026-03-29T21:31:01.075+0000] {dag.py:3947} INFO - Setting next_dagrun for example_dag_decorator to None, run_after=None
[2026-03-29T21:31:01.113+0000] {processor.py:183} INFO - Processing /home/airflow/.local/lib/python3.12/site-packages/airflow/example_dags/example_dag_decorator.py took 0.464 seconds
[2026-03-29T21:31:31.289+0000] {processor.py:161} INFO - Started process (PID=138) to work on /home/airflow/.local/lib/python3.12/site-packages/airflow/example_dags/example_dag_decorator.py
[2026-03-29T21:31:31.290+0000] {processor.py:830} INFO - Processing file /home/airflow/.local/lib/python3.12/site-packages/airflow/example_dags/example_dag_decorator.py for tasks to queue
[2026-03-29T21:31:31.293+0000] {logging_mixin.py:188} INFO - [2026-03-29T21:31:31.292+0000] {dagbag.py:545} INFO - Filling up the DagBag from /home/airflow/.local/lib/python3.12/site-packages/airflow/example_dags/example_dag_decorator.py
[2026-03-29T21:31:31.522+0000] {processor.py:840} INFO - DAG(s) 'example_dag_decorator' retrieved from /home/airflow/.local/lib/python3.12/site-packages/airflow/example_dags/example_dag_decorator.py
[2026-03-29T21:31:31.552+0000] {logging_mixin.py:188} INFO - [2026-03-29T21:31:31.552+0000] {dag.py:3089} INFO - Sync 1 DAGs
[2026-03-29T21:31:31.567+0000] {logging_mixin.py:188} INFO - [2026-03-29T21:31:31.567+0000] {dag.py:3947} INFO - Setting next_dagrun for example_dag_decorator to None, run_after=None
[2026-03-29T21:31:31.586+0000] {processor.py:183} INFO - Processing /home/airflow/.local/lib/python3.12/site-packages/airflow/example_dags/example_dag_decorator.py took 0.309 seconds
[2026-03-29T21:32:03.070+0000] {processor.py:161} INFO - Started process (PID=189) to work on /home/airflow/.local/lib/python3.12/site-packages/airflow/example_dags/example_dag_decorator.py
[2026-03-29T21:32:03.076+0000] {processor.py:830} INFO - Processing file /home/airflow/.local/lib/python3.12/site-packages/airflow/example_dags/example_dag_decorator.py for tasks to queue
[2026-03-29T21:32:03.081+0000] {logging_mixin.py:188} INFO - [2026-03-29T21:32:03.080+0000] {dagbag.py:545} INFO - Filling up the DagBag from /home/airflow/.local/lib/python3.12/site-packages/airflow/example_dags/example_dag_decorator.py
[2026-03-29T21:32:03.492+0000] {processor.py:840} INFO - DAG(s) 'example_dag_decorator' retrieved from /home/airflow/.local/lib/python3.12/site-packages/airflow/example_dags/example_dag_decorator.py
[2026-03-29T21:32:03.547+0000] {logging_mixin.py:188} INFO - [2026-03-29T21:32:03.546+0000] {dag.py:3089} INFO - Sync 1 DAGs
[2026-03-29T21:32:03.575+0000] {logging_mixin.py:188} INFO - [2026-03-29T21:32:03.571+0000] {dag.py:3947} INFO - Setting next_dagrun for example_dag_decorator to None, run_after=None
[2026-03-29T21:32:03.614+0000] {processor.py:183} INFO - Processing /home/airflow/.local/lib/python3.12/site-packages/airflow/example_dags/example_dag_decorator.py took 0.560 seconds
[2026-03-29T21:32:34.047+0000] {processor.py:161} INFO - Started process (PID=241) to work on /home/airflow/.local/lib/python3.12/site-packages/airflow/example_dags/example_dag_decorator.py
[2026-03-29T21:32:34.048+0000] {processor.py:830} INFO - Processing file /home/airflow/.local/lib/python3.12/site-packages/airflow/example_dags/example_dag_decorator.py for tasks to queue
[2026-03-29T21:32:34.050+0000] {logging_mixin.py:188} INFO - [2026-03-29T21:32:34.049+0000] {dagbag.py:545} INFO - Filling up the DagBag from /home/airflow/.local/lib/python3.12/site-packages/airflow/example_dags/example_dag_decorator.py
[2026-03-29T21:32:34.138+0000] {processor.py:840} INFO - DAG(s) 'example_dag_decorator' retrieved from /home/airflow/.local/lib/python3.12/site-packages/airflow/example_dags/example_dag_decorator.py
[2026-03-29T21:32:34.221+0000] {logging_mixin.py:188} INFO - [2026-03-29T21:32:34.221+0000] {dag.py:3089} INFO - Sync 1 DAGs
[2026-03-29T21:32:34.228+0000] {logging_mixin.py:188} INFO - [2026-03-29T21:32:34.228+0000] {dag.py:3947} INFO - Setting next_dagrun for example_dag_decorator to None, run_after=None
[2026-03-29T21:32:34.240+0000] {processor.py:183} INFO - Processing /home/airflow/.local/lib/python3.12/site-packages/airflow/example_dags/example_dag_decorator.py took 0.197 seconds
[2026-03-29T21:33:04.468+0000] {processor.py:161} INFO - Started process (PID=293) to work on /home/airflow/.local/lib/python3.12/site-packages/airflow/example_dags/example_dag_decorator.py
[2026-03-29T21:33:04.468+0000] {processor.py:830} INFO - Processing file /home/airflow/.local/lib/python3.12/site-packages/airflow/example_dags/example_dag_decorator.py for tasks to queue
[2026-03-29T21:33:04.470+0000] {logging_mixin.py:188} INFO - [2026-03-29T21:33:04.470+0000] {dagbag.py:545} INFO - Filling up the DagBag from /home/airflow/.local/lib/python3.12/site-packages/airflow/example_dags/example_dag_decorator.py
[2026-03-29T21:33:04.585+0000] {processor.py:840} INFO - DAG(s) 'example_dag_decorator' retrieved from /home/airflow/.local/lib/python3.12/site-packages/airflow/example_dags/example_dag_decorator.py
[2026-03-29T21:33:04.709+0000] {logging_mixin.py:188} INFO - [2026-03-29T21:33:04.709+0000] {dag.py:3089} INFO - Sync 1 DAGs
[2026-03-29T21:33:04.723+0000] {logging_mixin.py:188} INFO - [2026-03-29T21:33:04.722+0000] {dag.py:3947} INFO - Setting next_dagrun for example_dag_decorator to None, run_after=None
[2026-03-29T21:33:04.754+0000] {processor.py:183} INFO - Processing /home/airflow/.local/lib/python3.12/site-packages/airflow/example_dags/example_dag_decorator.py took 0.291 seconds
[2026-03-29T21:33:35.049+0000] {processor.py:161} INFO - Started process (PID=345) to work on /home/airflow/.local/lib/python3.12/site-packages/airflow/example_dags/example_dag_decorator.py
[2026-03-29T21:33:35.051+0000] {processor.py:830} INFO - Processing file /home/airflow/.local/lib/python3.12/site-packages/airflow/example_dags/example_dag_decorator.py for tasks to queue
[2026-03-29T21:33:35.052+0000] {logging_mixin.py:188} INFO - [2026-03-29T21:33:35.052+0000] {dagbag.py:545} INFO - Filling up the DagBag from /home/airflow/.local/lib/python3.12/site-packages/airflow/example_dags/example_dag_decorator.py
[2026-03-29T21:33:35.168+0000] {processor.py:840} INFO - DAG(s) 'example_dag_decorator' retrieved from /home/airflow/.local/lib/python3.12/site-packages/airflow/example_dags/example_dag_decorator.py
[2026-03-29T21:33:35.277+0000] {logging_mixin.py:188} INFO - [2026-03-29T21:33:35.277+0000] {dag.py:3089} INFO - Sync 1 DAGs
[2026-03-29T21:33:35.284+0000] {logging_mixin.py:188} INFO - [2026-03-29T21:33:35.284+0000] {dag.py:3947} INFO - Setting next_dagrun for example_dag_decorator to None, run_after=None
[2026-03-29T21:33:35.303+0000] {processor.py:183} INFO - Processing /home/airflow/.local/lib/python3.12/site-packages/airflow/example_dags/example_dag_decorator.py took 0.259 seconds
[2026-03-29T21:34:05.773+0000] {processor.py:161} INFO - Started process (PID=397) to work on /home/airflow/.local/lib/python3.12/site-packages/airflow/example_dags/example_dag_decorator.py
[2026-03-29T21:34:05.776+0000] {processor.py:830} INFO - Processing file /home/airflow/.local/lib/python3.12/site-packages/airflow/example_dags/example_dag_decorator.py for tasks to queue
[2026-03-29T21:34:05.779+0000] {logging_mixin.py:188} INFO - [2026-03-29T21:34:05.778+0000] {dagbag.py:545} INFO - Filling up the DagBag from /home/airflow/.local/lib/python3.12/site-packages/airflow/example_dags/example_dag_decorator.py
[2026-03-29T21:34:05.892+0000] {processor.py:840} INFO - DAG(s) 'example_dag_decorator' retrieved from /home/airflow/.local/lib/python3.12/site-packages/airflow/example_dags/example_dag_decorator.py
[2026-03-29T21:34:05.996+0000] {logging_mixin.py:188} INFO - [2026-03-29T21:34:05.996+0000] {dag.py:3089} INFO - Sync 1 DAGs
[2026-03-29T21:34:06.003+0000] {logging_mixin.py:188} INFO - [2026-03-29T21:34:06.003+0000] {dag.py:3947} INFO - Setting next_dagrun for example_dag_decorator to None, run_after=None
[2026-03-29T21:34:06.019+0000] {processor.py:183} INFO - Processing /home/airflow/.local/lib/python3.12/site-packages/airflow/example_dags/example_dag_decorator.py took 0.251 seconds
[2026-03-29T21:34:36.229+0000] {processor.py:161} INFO - Started process (PID=451) to work on /home/airflow/.local/lib/python3.12/site-packages/airflow/example_dags/example_dag_decorator.py
[2026-03-29T21:34:36.231+0000] {processor.py:830} INFO - Processing file /home/airflow/.local/lib/python3.12/site-packages/airflow/example_dags/example_dag_decorator.py for tasks to queue
[2026-03-29T21:34:36.233+0000] {logging_mixin.py:188} INFO - [2026-03-29T21:34:36.233+0000] {dagbag.py:545} INFO - Filling up the DagBag from /home/airflow/.local/lib/python3.12/site-packages/airflow/example_dags/example_dag_decorator.py
[2026-03-29T21:34:36.401+0000] {processor.py:840} INFO - DAG(s) 'example_dag_decorator' retrieved from /home/airflow/.local/lib/python3.12/site-packages/airflow/example_dags/example_dag_decorator.py
[2026-03-29T21:34:36.601+0000] {logging_mixin.py:188} INFO - [2026-03-29T21:34:36.601+0000] {dag.py:3089} INFO - Sync 1 DAGs
[2026-03-29T21:34:36.617+0000] {logging_mixin.py:188} INFO - [2026-03-29T21:34:36.617+0000] {dag.py:3947} INFO - Setting next_dagrun for example_dag_decorator to None, run_after=None
[2026-03-29T21:34:36.648+0000] {processor.py:183} INFO - Processing /home/airflow/.local/lib/python3.12/site-packages/airflow/example_dags/example_dag_decorator.py took 0.429 seconds
[2026-03-29T21:35:07.520+0000] {processor.py:161} INFO - Started process (PID=505) to work on /home/airflow/.local/lib/python3.12/site-packages/airflow/example_dags/example_dag_decorator.py
[2026-03-29T21:35:07.522+0000] {processor.py:830} INFO - Processing file /home/airflow/.local/lib/python3.12/site-packages/airflow/example_dags/example_dag_decorator.py for tasks to queue
[2026-03-29T21:35:07.524+0000] {logging_mixin.py:188} INFO - [2026-03-29T21:35:07.524+0000] {dagbag.py:545} INFO - Filling up the DagBag from /home/airflow/.local/lib/python3.12/site-packages/airflow/example_dags/example_dag_decorator.py
[2026-03-29T21:35:07.669+0000] {processor.py:840} INFO - DAG(s) 'example_dag_decorator' retrieved from /home/airflow/.local/lib/python3.12/site-packages/airflow/example_dags/example_dag_decorator.py
[2026-03-29T21:35:07.783+0000] {logging_mixin.py:188} INFO - [2026-03-29T21:35:07.783+0000] {dag.py:3089} INFO - Sync 1 DAGs
[2026-03-29T21:35:07.792+0000] {logging_mixin.py:188} INFO - [2026-03-29T21:35:07.792+0000] {dag.py:3947} INFO - Setting next_dagrun for example_dag_decorator to None, run_after=None
[2026-03-29T21:35:07.810+0000] {processor.py:183} INFO - Processing /home/airflow/.local/lib/python3.12/site-packages/airflow/example_dags/example_dag_decorator.py took 0.298 seconds
[2026-03-29T21:35:38.477+0000] {processor.py:161} INFO - Started process (PID=557) to work on /home/airflow/.local/lib/python3.12/site-packages/airflow/example_dags/example_dag_decorator.py
[2026-03-29T21:35:38.479+0000] {processor.py:830} INFO - Processing file /home/airflow/.local/lib/python3.12/site-packages/airflow/example_dags/example_dag_decorator.py for tasks to queue
[2026-03-29T21:35:38.481+0000] {logging_mixin.py:188} INFO - [2026-03-29T21:35:38.481+0000] {dagbag.py:545} INFO - Filling up the DagBag from /home/airflow/.local/lib/python3.12/site-packages/airflow/example_dags/example_dag_decorator.py
[2026-03-29T21:35:38.597+0000] {processor.py:840} INFO - DAG(s) 'example_dag_decorator' retrieved from /home/airflow/.local/lib/python3.12/site-packages/airflow/example_dags/example_dag_decorator.py
[2026-03-29T21:35:38.693+0000] {logging_mixin.py:188} INFO - [2026-03-29T21:35:38.693+0000] {dag.py:3089} INFO - Sync 1 DAGs
[2026-03-29T21:35:38.701+0000] {logging_mixin.py:188} INFO - [2026-03-29T21:35:38.701+0000] {dag.py:3947} INFO - Setting next_dagrun for example_dag_decorator to None, run_after=None
[2026-03-29T21:35:38.717+0000] {processor.py:183} INFO - Processing /home/airflow/.local/lib/python3.12/site-packages/airflow/example_dags/example_dag_decorator.py took 0.247 seconds
[2026-03-29T21:36:09.005+0000] {processor.py:161} INFO - Started process (PID=609) to work on /home/airflow/.local/lib/python3.12/site-packages/airflow/example_dags/example_dag_decorator.py
[2026-03-29T21:36:09.007+0000] {processor.py:830} INFO - Processing file /home/airflow/.local/lib/python3.12/site-packages/airflow/example_dags/example_dag_decorator.py for tasks to queue
[2026-03-29T21:36:09.010+0000] {logging_mixin.py:188} INFO - [2026-03-29T21:36:09.009+0000] {dagbag.py:545} INFO - Filling up the DagBag from /home/airflow/.local/lib/python3.12/site-packages/airflow/example_dags/example_dag_decorator.py
[2026-03-29T21:36:09.268+0000] {processor.py:840} INFO - DAG(s) 'example_dag_decorator' retrieved from /home/airflow/.local/lib/python3.12/site-packages/airflow/example_dags/example_dag_decorator.py
[2026-03-29T21:36:09.385+0000] {logging_mixin.py:188} INFO - [2026-03-29T21:36:09.384+0000] {dag.py:3089} INFO - Sync 1 DAGs
[2026-03-29T21:36:09.397+0000] {logging_mixin.py:188} INFO - [2026-03-29T21:36:09.397+0000] {dag.py:3947} INFO - Setting next_dagrun for example_dag_decorator to None, run_after=None
[2026-03-29T21:36:09.414+0000] {processor.py:183} INFO - Processing /home/airflow/.local/lib/python3.12/site-packages/airflow/example_dags/example_dag_decorator.py took 0.416 seconds
[2026-03-29T21:36:39.470+0000] {processor.py:161} INFO - Started process (PID=664) to work on /home/airflow/.local/lib/python3.12/site-packages/airflow/example_dags/example_dag_decorator.py
[2026-03-29T21:36:39.470+0000] {processor.py:830} INFO - Processing file /home/airflow/.local/lib/python3.12/site-packages/airflow/example_dags/example_dag_decorator.py for tasks to queue
[2026-03-29T21:36:39.472+0000] {logging_mixin.py:188} INFO - [2026-03-29T21:36:39.472+0000] {dagbag.py:545} INFO - Filling up the DagBag from /home/airflow/.local/lib/python3.12/site-packages/airflow/example_dags/example_dag_decorator.py
[2026-03-29T21:36:39.568+0000] {processor.py:840} INFO - DAG(s) 'example_dag_decorator' retrieved from /home/airflow/.local/lib/python3.12/site-packages/airflow/example_dags/example_dag_decorator.py
[2026-03-29T21:36:39.645+0000] {logging_mixin.py:188} INFO - [2026-03-29T21:36:39.645+0000] {dag.py:3089} INFO - Sync 1 DAGs
[2026-03-29T21:36:39.653+0000] {logging_mixin.py:188} INFO - [2026-03-29T21:36:39.653+0000] {dag.py:3947} INFO - Setting next_dagrun for example_dag_decorator to None, run_after=None
[2026-03-29T21:36:39.665+0000] {processor.py:183} INFO - Processing /home/airflow/.local/lib/python3.12/site-packages/airflow/example_dags/example_dag_decorator.py took 0.199 seconds
[2026-03-29T21:37:10.088+0000] {processor.py:161} INFO - Started process (PID=713) to work on /home/airflow/.local/lib/python3.12/site-packages/airflow/example_dags/example_dag_decorator.py
[2026-03-29T21:37:10.090+0000] {processor.py:830} INFO - Processing file /home/airflow/.local/lib/python3.12/site-packages/airflow/example_dags/example_dag_decorator.py for tasks to queue
[2026-03-29T21:37:10.092+0000] {logging_mixin.py:188} INFO - [2026-03-29T21:37:10.092+0000] {dagbag.py:545} INFO - Filling up the DagBag from /home/airflow/.local/lib/python3.12/site-packages/airflow/example_dags/example_dag_decorator.py
[2026-03-29T21:37:10.207+0000] {processor.py:840} INFO - DAG(s) 'example_dag_decorator' retrieved from /home/airflow/.local/lib/python3.12/site-packages/airflow/example_dags/example_dag_decorator.py
[2026-03-29T21:37:10.313+0000] {logging_mixin.py:188} INFO - [2026-03-29T21:37:10.313+0000] {dag.py:3089} INFO - Sync 1 DAGs
[2026-03-29T21:37:10.323+0000] {logging_mixin.py:188} INFO - [2026-03-29T21:37:10.323+0000] {dag.py:3947} INFO - Setting next_dagrun for example_dag_decorator to None, run_after=None
[2026-03-29T21:37:10.344+0000] {processor.py:183} INFO - Processing /home/airflow/.local/lib/python3.12/site-packages/airflow/example_dags/example_dag_decorator.py took 0.264 seconds
[2026-03-29T21:37:40.418+0000] {processor.py:161} INFO - Started process (PID=768) to work on /home/airflow/.local/lib/python3.12/site-packages/airflow/example_dags/example_dag_decorator.py
[2026-03-29T21:37:40.420+0000] {processor.py:830} INFO - Processing file /home/airflow/.local/lib/python3.12/site-packages/airflow/example_dags/example_dag_decorator.py for tasks to queue
[2026-03-29T21:37:40.436+0000] {logging_mixin.py:188} INFO - [2026-03-29T21:37:40.435+0000] {dagbag.py:545} INFO - Filling up the DagBag from /home/airflow/.local/lib/python3.12/site-packages/airflow/example_dags/example_dag_decorator.py
[2026-03-29T21:37:40.550+0000] {processor.py:840} INFO - DAG(s) 'example_dag_decorator' retrieved from /home/airflow/.local/lib/python3.12/site-packages/airflow/example_dags/example_dag_decorator.py
[2026-03-29T21:37:40.640+0000] {logging_mixin.py:188} INFO - [2026-03-29T21:37:40.639+0000] {dag.py:3089} INFO - Sync 1 DAGs
[2026-03-29T21:37:40.648+0000] {logging_mixin.py:188} INFO - [2026-03-29T21:37:40.648+0000] {dag.py:3947} INFO - Setting next_dagrun for example_dag_decorator to None, run_after=None
[2026-03-29T21:37:40.667+0000] {processor.py:183} INFO - Processing /home/airflow/.local/lib/python3.12/site-packages/airflow/example_dags/example_dag_decorator.py took 0.255 seconds
[2026-03-29T21:38:10.860+0000] {processor.py:161} INFO - Started process (PID=817) to work on /home/airflow/.local/lib/python3.12/site-packages/airflow/example_dags/example_dag_decorator.py
[2026-03-29T21:38:10.862+0000] {processor.py:830} INFO - Processing file /home/airflow/.local/lib/python3.12/site-packages/airflow/example_dags/example_dag_decorator.py for tasks to queue
[2026-03-29T21:38:10.865+0000] {logging_mixin.py:188} INFO - [2026-03-29T21:38:10.864+0000] {dagbag.py:545} INFO - Filling up the DagBag from /home/airflow/.local/lib/python3.12/site-packages/airflow/example_dags/example_dag_decorator.py
[2026-03-29T21:38:10.980+0000] {processor.py:840} INFO - DAG(s) 'example_dag_decorator' retrieved from /home/airflow/.local/lib/python3.12/site-packages/airflow/example_dags/example_dag_decorator.py
[2026-03-29T21:38:11.073+0000] {logging_mixin.py:188} INFO - [2026-03-29T21:38:11.072+0000] {dag.py:3089} INFO - Sync 1 DAGs
[2026-03-29T21:38:11.080+0000] {logging_mixin.py:188} INFO - [2026-03-29T21:38:11.080+0000] {dag.py:3947} INFO - Setting next_dagrun for example_dag_decorator to None, run_after=None
[2026-03-29T21:38:11.099+0000] {processor.py:183} INFO - Processing /home/airflow/.local/lib/python3.12/site-packages/airflow/example_dags/example_dag_decorator.py took 0.249 seconds
[2026-03-29T21:38:41.477+0000] {processor.py:161} INFO - Started process (PID=869) to work on /home/airflow/.local/lib/python3.12/site-packages/airflow/example_dags/example_dag_decorator.py
[2026-03-29T21:38:41.478+0000] {processor.py:830} INFO - Processing file /home/airflow/.local/lib/python3.12/site-packages/airflow/example_dags/example_dag_decorator.py for tasks to queue
[2026-03-29T21:38:41.480+0000] {logging_mixin.py:188} INFO - [2026-03-29T21:38:41.480+0000] {dagbag.py:545} INFO - Filling up the DagBag from /home/airflow/.local/lib/python3.12/site-packages/airflow/example_dags/example_dag_decorator.py
[2026-03-29T21:38:41.592+0000] {processor.py:840} INFO - DAG(s) 'example_dag_decorator' retrieved from /home/airflow/.local/lib/python3.12/site-packages/airflow/example_dags/example_dag_decorator.py
[2026-03-29T21:38:41.694+0000] {logging_mixin.py:188} INFO - [2026-03-29T21:38:41.693+0000] {dag.py:3089} INFO - Sync 1 DAGs
[2026-03-29T21:38:41.702+0000] {logging_mixin.py:188} INFO - [2026-03-29T21:38:41.702+0000] {dag.py:3947} INFO - Setting next_dagrun for example_dag_decorator to None, run_after=None
[2026-03-29T21:38:41.718+0000] {processor.py:183} INFO - Processing /home/airflow/.local/lib/python3.12/site-packages/airflow/example_dags/example_dag_decorator.py took 0.247 seconds
[2026-03-29T21:39:11.863+0000] {processor.py:161} INFO - Started process (PID=921) to work on /home/airflow/.local/lib/python3.12/site-packages/airflow/example_dags/example_dag_decorator.py
[2026-03-29T21:39:11.865+0000] {processor.py:830} INFO - Processing file /home/airflow/.local/lib/python3.12/site-packages/airflow/example_dags/example_dag_decorator.py for tasks to queue
[2026-03-29T21:39:11.867+0000] {logging_mixin.py:188} INFO - [2026-03-29T21:39:11.867+0000] {dagbag.py:545} INFO - Filling up the DagBag from /home/airflow/.local/lib/python3.12/site-packages/airflow/example_dags/example_dag_decorator.py
[2026-03-29T21:39:11.973+0000] {processor.py:840} INFO - DAG(s) 'example_dag_decorator' retrieved from /home/airflow/.local/lib/python3.12/site-packages/airflow/example_dags/example_dag_decorator.py
[2026-03-29T21:39:12.221+0000] {logging_mixin.py:188} INFO - [2026-03-29T21:39:12.221+0000] {dag.py:3089} INFO - Sync 1 DAGs
[2026-03-29T21:39:12.229+0000] {logging_mixin.py:188} INFO - [2026-03-29T21:39:12.228+0000] {dag.py:3947} INFO - Setting next_dagrun for example_dag_decorator to None, run_after=None
[2026-03-29T21:39:12.240+0000] {processor.py:183} INFO - Processing /home/airflow/.local/lib/python3.12/site-packages/airflow/example_dags/example_dag_decorator.py took 0.385 seconds
[2026-03-29T21:39:43.154+0000] {processor.py:161} INFO - Started process (PID=976) to work on /home/airflow/.local/lib/python3.12/site-packages/airflow/example_dags/example_dag_decorator.py
[2026-03-29T21:39:43.157+0000] {processor.py:830} INFO - Processing file /home/airflow/.local/lib/python3.12/site-packages/airflow/example_dags/example_dag_decorator.py for tasks to queue
[2026-03-29T21:39:43.162+0000] {logging_mixin.py:188} INFO - [2026-03-29T21:39:43.161+0000] {dagbag.py:545} INFO - Filling up the DagBag from /home/airflow/.local/lib/python3.12/site-packages/airflow/example_dags/example_dag_decorator.py
[2026-03-29T21:39:43.297+0000] {processor.py:840} INFO - DAG(s) 'example_dag_decorator' retrieved from /home/airflow/.local/lib/python3.12/site-packages/airflow/example_dags/example_dag_decorator.py
[2026-03-29T21:39:43.610+0000] {logging_mixin.py:188} INFO - [2026-03-29T21:39:43.609+0000] {dag.py:3089} INFO - Sync 1 DAGs
[2026-03-29T21:39:43.649+0000] {logging_mixin.py:188} INFO - [2026-03-29T21:39:43.647+0000] {dag.py:3947} INFO - Setting next_dagrun for example_dag_decorator to None, run_after=None
[2026-03-29T21:39:43.677+0000] {processor.py:183} INFO - Processing /home/airflow/.local/lib/python3.12/site-packages/airflow/example_dags/example_dag_decorator.py took 0.530 seconds
[2026-03-29T21:40:14.593+0000] {processor.py:161} INFO - Started process (PID=1029) to work on /home/airflow/.local/lib/python3.12/site-packages/airflow/example_dags/example_dag_decorator.py
[2026-03-29T21:40:14.595+0000] {processor.py:830} INFO - Processing file /home/airflow/.local/lib/python3.12/site-packages/airflow/example_dags/example_dag_decorator.py for tasks to queue
[2026-03-29T21:40:14.596+0000] {logging_mixin.py:188} INFO - [2026-03-29T21:40:14.596+0000] {dagbag.py:545} INFO - Filling up the DagBag from /home/airflow/.local/lib/python3.12/site-packages/airflow/example_dags/example_dag_decorator.py
[2026-03-29T21:40:14.727+0000] {processor.py:840} INFO - DAG(s) 'example_dag_decorator' retrieved from /home/airflow/.local/lib/python3.12/site-packages/airflow/example_dags/example_dag_decorator.py
[2026-03-29T21:40:15.073+0000] {logging_mixin.py:188} INFO - [2026-03-29T21:40:15.073+0000] {dag.py:3089} INFO - Sync 1 DAGs
[2026-03-29T21:40:15.081+0000] {logging_mixin.py:188} INFO - [2026-03-29T21:40:15.081+0000] {dag.py:3947} INFO - Setting next_dagrun for example_dag_decorator to None, run_after=None
[2026-03-29T21:40:15.096+0000] {processor.py:183} INFO - Processing /home/airflow/.local/lib/python3.12/site-packages/airflow/example_dags/example_dag_decorator.py took 0.514 seconds
[2026-03-29T21:40:45.366+0000] {processor.py:161} INFO - Started process (PID=1081) to work on /home/airflow/.local/lib/python3.12/site-packages/airflow/example_dags/example_dag_decorator.py
[2026-03-29T21:40:45.369+0000] {processor.py:830} INFO - Processing file /home/airflow/.local/lib/python3.12/site-packages/airflow/example_dags/example_dag_decorator.py for tasks to queue
[2026-03-29T21:40:45.370+0000] {logging_mixin.py:188} INFO - [2026-03-29T21:40:45.370+0000] {dagbag.py:545} INFO - Filling up the DagBag from /home/airflow/.local/lib/python3.12/site-packages/airflow/example_dags/example_dag_decorator.py
[2026-03-29T21:40:45.474+0000] {processor.py:840} INFO - DAG(s) 'example_dag_decorator' retrieved from /home/airflow/.local/lib/python3.12/site-packages/airflow/example_dags/example_dag_decorator.py
[2026-03-29T21:40:45.765+0000] {logging_mixin.py:188} INFO - [2026-03-29T21:40:45.764+0000] {dag.py:3089} INFO - Sync 1 DAGs
[2026-03-29T21:40:45.773+0000] {logging_mixin.py:188} INFO - [2026-03-29T21:40:45.773+0000] {dag.py:3947} INFO - Setting next_dagrun for example_dag_decorator to None, run_after=None
[2026-03-29T21:40:45.787+0000] {processor.py:183} INFO - Processing /home/airflow/.local/lib/python3.12/site-packages/airflow/example_dags/example_dag_decorator.py took 0.428 seconds
[2026-03-29T21:41:16.232+0000] {processor.py:161} INFO - Started process (PID=1133) to work on /home/airflow/.local/lib/python3.12/site-packages/airflow/example_dags/example_dag_decorator.py
[2026-03-29T21:41:16.234+0000] {processor.py:830} INFO - Processing file /home/airflow/.local/lib/python3.12/site-packages/airflow/example_dags/example_dag_decorator.py for tasks to queue
[2026-03-29T21:41:16.238+0000] {logging_mixin.py:188} INFO - [2026-03-29T21:41:16.238+0000] {dagbag.py:545} INFO - Filling up the DagBag from /home/airflow/.local/lib/python3.12/site-packages/airflow/example_dags/example_dag_decorator.py
[2026-03-29T21:41:16.346+0000] {processor.py:840} INFO - DAG(s) 'example_dag_decorator' retrieved from /home/airflow/.local/lib/python3.12/site-packages/airflow/example_dags/example_dag_decorator.py
[2026-03-29T21:41:16.632+0000] {logging_mixin.py:188} INFO - [2026-03-29T21:41:16.631+0000] {dag.py:3089} INFO - Sync 1 DAGs
[2026-03-29T21:41:16.639+0000] {logging_mixin.py:188} INFO - [2026-03-29T21:41:16.639+0000] {dag.py:3947} INFO - Setting next_dagrun for example_dag_decorator to None, run_after=None
[2026-03-29T21:41:16.653+0000] {processor.py:183} INFO - Processing /home/airflow/.local/lib/python3.12/site-packages/airflow/example_dags/example_dag_decorator.py took 0.430 seconds
[2026-03-29T21:41:47.083+0000] {processor.py:161} INFO - Started process (PID=1185) to work on /home/airflow/.local/lib/python3.12/site-packages/airflow/example_dags/example_dag_decorator.py
[2026-03-29T21:41:47.086+0000] {processor.py:830} INFO - Processing file /home/airflow/.local/lib/python3.12/site-packages/airflow/example_dags/example_dag_decorator.py for tasks to queue
[2026-03-29T21:41:47.093+0000] {logging_mixin.py:188} INFO - [2026-03-29T21:41:47.092+0000] {dagbag.py:545} INFO - Filling up the DagBag from /home/airflow/.local/lib/python3.12/site-packages/airflow/example_dags/example_dag_decorator.py
[2026-03-29T21:41:47.251+0000] {processor.py:840} INFO - DAG(s) 'example_dag_decorator' retrieved from /home/airflow/.local/lib/python3.12/site-packages/airflow/example_dags/example_dag_decorator.py
[2026-03-29T21:41:47.594+0000] {logging_mixin.py:188} INFO - [2026-03-29T21:41:47.594+0000] {dag.py:3089} INFO - Sync 1 DAGs
[2026-03-29T21:41:47.603+0000] {logging_mixin.py:188} INFO - [2026-03-29T21:41:47.602+0000] {dag.py:3947} INFO - Setting next_dagrun for example_dag_decorator to None, run_after=None
[2026-03-29T21:41:47.622+0000] {processor.py:183} INFO - Processing /home/airflow/.local/lib/python3.12/site-packages/airflow/example_dags/example_dag_decorator.py took 0.573 seconds
[2026-03-29T21:42:18.352+0000] {processor.py:161} INFO - Started process (PID=1238) to work on /home/airflow/.local/lib/python3.12/site-packages/airflow/example_dags/example_dag_decorator.py
[2026-03-29T21:42:18.354+0000] {processor.py:830} INFO - Processing file /home/airflow/.local/lib/python3.12/site-packages/airflow/example_dags/example_dag_decorator.py for tasks to queue
[2026-03-29T21:42:18.357+0000] {logging_mixin.py:188} INFO - [2026-03-29T21:42:18.356+0000] {dagbag.py:545} INFO - Filling up the DagBag from /home/airflow/.local/lib/python3.12/site-packages/airflow/example_dags/example_dag_decorator.py
[2026-03-29T21:42:18.489+0000] {processor.py:840} INFO - DAG(s) 'example_dag_decorator' retrieved from /home/airflow/.local/lib/python3.12/site-packages/airflow/example_dags/example_dag_decorator.py
[2026-03-29T21:42:18.811+0000] {logging_mixin.py:188} INFO - [2026-03-29T21:42:18.811+0000] {dag.py:3089} INFO - Sync 1 DAGs
[2026-03-29T21:42:18.819+0000] {logging_mixin.py:188} INFO - [2026-03-29T21:42:18.818+0000] {dag.py:3947} INFO - Setting next_dagrun for example_dag_decorator to None, run_after=None
[2026-03-29T21:42:18.838+0000] {processor.py:183} INFO - Processing /home/airflow/.local/lib/python3.12/site-packages/airflow/example_dags/example_dag_decorator.py took 0.496 seconds
[2026-03-29T21:42:49.765+0000] {processor.py:161} INFO - Started process (PID=1293) to work on /home/airflow/.local/lib/python3.12/site-packages/airflow/example_dags/example_dag_decorator.py
[2026-03-29T21:42:49.766+0000] {processor.py:830} INFO - Processing file /home/airflow/.local/lib/python3.12/site-packages/airflow/example_dags/example_dag_decorator.py for tasks to queue
[2026-03-29T21:42:49.768+0000] {logging_mixin.py:188} INFO - [2026-03-29T21:42:49.768+0000] {dagbag.py:545} INFO - Filling up the DagBag from /home/airflow/.local/lib/python3.12/site-packages/airflow/example_dags/example_dag_decorator.py
[2026-03-29T21:42:49.896+0000] {processor.py:840} INFO - DAG(s) 'example_dag_decorator' retrieved from /home/airflow/.local/lib/python3.12/site-packages/airflow/example_dags/example_dag_decorator.py
[2026-03-29T21:42:50.331+0000] {logging_mixin.py:188} INFO - [2026-03-29T21:42:50.331+0000] {dag.py:3089} INFO - Sync 1 DAGs
[2026-03-29T21:42:50.343+0000] {logging_mixin.py:188} INFO - [2026-03-29T21:42:50.343+0000] {dag.py:3947} INFO - Setting next_dagrun for example_dag_decorator to None, run_after=None
[2026-03-29T21:42:50.368+0000] {processor.py:183} INFO - Processing /home/airflow/.local/lib/python3.12/site-packages/airflow/example_dags/example_dag_decorator.py took 0.611 seconds
[2026-03-29T21:43:21.350+0000] {processor.py:161} INFO - Started process (PID=1349) to work on /home/airflow/.local/lib/python3.12/site-packages/airflow/example_dags/example_dag_decorator.py
[2026-03-29T21:43:21.352+0000] {processor.py:830} INFO - Processing file /home/airflow/.local/lib/python3.12/site-packages/airflow/example_dags/example_dag_decorator.py for tasks to queue
[2026-03-29T21:43:21.355+0000] {logging_mixin.py:188} INFO - [2026-03-29T21:43:21.355+0000] {dagbag.py:545} INFO - Filling up the DagBag from /home/airflow/.local/lib/python3.12/site-packages/airflow/example_dags/example_dag_decorator.py
[2026-03-29T21:43:21.714+0000] {processor.py:840} INFO - DAG(s) 'example_dag_decorator' retrieved from /home/airflow/.local/lib/python3.12/site-packages/airflow/example_dags/example_dag_decorator.py
[2026-03-29T21:43:22.217+0000] {logging_mixin.py:188} INFO - [2026-03-29T21:43:22.217+0000] {dag.py:3089} INFO - Sync 1 DAGs
[2026-03-29T21:43:22.227+0000] {logging_mixin.py:188} INFO - [2026-03-29T21:43:22.227+0000] {dag.py:3947} INFO - Setting next_dagrun for example_dag_decorator to None, run_after=None
[2026-03-29T21:43:22.245+0000] {processor.py:183} INFO - Processing /home/airflow/.local/lib/python3.12/site-packages/airflow/example_dags/example_dag_decorator.py took 0.918 seconds
[2026-03-29T21:43:52.420+0000] {processor.py:161} INFO - Started process (PID=1401) to work on /home/airflow/.local/lib/python3.12/site-packages/airflow/example_dags/example_dag_decorator.py
[2026-03-29T21:43:52.421+0000] {processor.py:830} INFO - Processing file /home/airflow/.local/lib/python3.12/site-packages/airflow/example_dags/example_dag_decorator.py for tasks to queue
[2026-03-29T21:43:52.422+0000] {logging_mixin.py:188} INFO - [2026-03-29T21:43:52.422+0000] {dagbag.py:545} INFO - Filling up the DagBag from /home/airflow/.local/lib/python3.12/site-packages/airflow/example_dags/example_dag_decorator.py
[2026-03-29T21:43:52.830+0000] {processor.py:840} INFO - DAG(s) 'example_dag_decorator' retrieved from /home/airflow/.local/lib/python3.12/site-packages/airflow/example_dags/example_dag_decorator.py
[2026-03-29T21:43:52.996+0000] {logging_mixin.py:188} INFO - [2026-03-29T21:43:52.995+0000] {dag.py:3089} INFO - Sync 1 DAGs
[2026-03-29T21:43:53.020+0000] {logging_mixin.py:188} INFO - [2026-03-29T21:43:53.019+0000] {dag.py:3947} INFO - Setting next_dagrun for example_dag_decorator to None, run_after=None
[2026-03-29T21:43:53.052+0000] {processor.py:183} INFO - Processing /home/airflow/.local/lib/python3.12/site-packages/airflow/example_dags/example_dag_decorator.py took 0.639 seconds
[2026-03-29T21:44:23.092+0000] {processor.py:161} INFO - Started process (PID=1458) to work on /home/airflow/.local/lib/python3.12/site-packages/airflow/example_dags/example_dag_decorator.py
[2026-03-29T21:44:23.093+0000] {processor.py:830} INFO - Processing file /home/airflow/.local/lib/python3.12/site-packages/airflow/example_dags/example_dag_decorator.py for tasks to queue
[2026-03-29T21:44:23.102+0000] {logging_mixin.py:188} INFO - [2026-03-29T21:44:23.102+0000] {dagbag.py:545} INFO - Filling up the DagBag from /home/airflow/.local/lib/python3.12/site-packages/airflow/example_dags/example_dag_decorator.py
[2026-03-29T21:44:23.482+0000] {processor.py:840} INFO - DAG(s) 'example_dag_decorator' retrieved from /home/airflow/.local/lib/python3.12/site-packages/airflow/example_dags/example_dag_decorator.py
[2026-03-29T21:44:23.728+0000] {logging_mixin.py:188} INFO - [2026-03-29T21:44:23.727+0000] {dag.py:3089} INFO - Sync 1 DAGs
[2026-03-29T21:44:23.823+0000] {logging_mixin.py:188} INFO - [2026-03-29T21:44:23.818+0000] {dag.py:3947} INFO - Setting next_dagrun for example_dag_decorator to None, run_after=None
[2026-03-29T21:44:23.853+0000] {processor.py:183} INFO - Processing /home/airflow/.local/lib/python3.12/site-packages/airflow/example_dags/example_dag_decorator.py took 0.765 seconds
[2026-03-29T21:44:54.421+0000] {processor.py:161} INFO - Started process (PID=1510) to work on /home/airflow/.local/lib/python3.12/site-packages/airflow/example_dags/example_dag_decorator.py
[2026-03-29T21:44:54.422+0000] {processor.py:830} INFO - Processing file /home/airflow/.local/lib/python3.12/site-packages/airflow/example_dags/example_dag_decorator.py for tasks to queue
[2026-03-29T21:44:54.424+0000] {logging_mixin.py:188} INFO - [2026-03-29T21:44:54.424+0000] {dagbag.py:545} INFO - Filling up the DagBag from /home/airflow/.local/lib/python3.12/site-packages/airflow/example_dags/example_dag_decorator.py
[2026-03-29T21:44:54.870+0000] {processor.py:840} INFO - DAG(s) 'example_dag_decorator' retrieved from /home/airflow/.local/lib/python3.12/site-packages/airflow/example_dags/example_dag_decorator.py
[2026-03-29T21:44:54.989+0000] {logging_mixin.py:188} INFO - [2026-03-29T21:44:54.988+0000] {dag.py:3089} INFO - Sync 1 DAGs
[2026-03-29T21:44:54.999+0000] {logging_mixin.py:188} INFO - [2026-03-29T21:44:54.999+0000] {dag.py:3947} INFO - Setting next_dagrun for example_dag_decorator to None, run_after=None
[2026-03-29T21:44:55.015+0000] {processor.py:183} INFO - Processing /home/airflow/.local/lib/python3.12/site-packages/airflow/example_dags/example_dag_decorator.py took 0.600 seconds
[2026-03-29T21:45:25.211+0000] {processor.py:161} INFO - Started process (PID=1557) to work on /home/airflow/.local/lib/python3.12/site-packages/airflow/example_dags/example_dag_decorator.py
[2026-03-29T21:45:25.216+0000] {processor.py:830} INFO - Processing file /home/airflow/.local/lib/python3.12/site-packages/airflow/example_dags/example_dag_decorator.py for tasks to queue
[2026-03-29T21:45:25.226+0000] {logging_mixin.py:188} INFO - [2026-03-29T21:45:25.225+0000] {dagbag.py:545} INFO - Filling up the DagBag from /home/airflow/.local/lib/python3.12/site-packages/airflow/example_dags/example_dag_decorator.py
[2026-03-29T21:45:25.728+0000] {processor.py:840} INFO - DAG(s) 'example_dag_decorator' retrieved from /home/airflow/.local/lib/python3.12/site-packages/airflow/example_dags/example_dag_decorator.py
[2026-03-29T21:45:25.919+0000] {logging_mixin.py:188} INFO - [2026-03-29T21:45:25.918+0000] {dag.py:3089} INFO - Sync 1 DAGs
[2026-03-29T21:45:25.933+0000] {logging_mixin.py:188} INFO - [2026-03-29T21:45:25.932+0000] {dag.py:3947} INFO - Setting next_dagrun for example_dag_decorator to None, run_after=None
[2026-03-29T21:45:25.963+0000] {processor.py:183} INFO - Processing /home/airflow/.local/lib/python3.12/site-packages/airflow/example_dags/example_dag_decorator.py took 0.774 seconds
[2026-03-29T21:45:56.753+0000] {processor.py:161} INFO - Started process (PID=1613) to work on /home/airflow/.local/lib/python3.12/site-packages/airflow/example_dags/example_dag_decorator.py
[2026-03-29T21:45:56.756+0000] {processor.py:830} INFO - Processing file /home/airflow/.local/lib/python3.12/site-packages/airflow/example_dags/example_dag_decorator.py for tasks to queue
[2026-03-29T21:45:56.758+0000] {logging_mixin.py:188} INFO - [2026-03-29T21:45:56.758+0000] {dagbag.py:545} INFO - Filling up the DagBag from /home/airflow/.local/lib/python3.12/site-packages/airflow/example_dags/example_dag_decorator.py
[2026-03-29T21:45:57.160+0000] {processor.py:840} INFO - DAG(s) 'example_dag_decorator' retrieved from /home/airflow/.local/lib/python3.12/site-packages/airflow/example_dags/example_dag_decorator.py
[2026-03-29T21:45:57.250+0000] {logging_mixin.py:188} INFO - [2026-03-29T21:45:57.249+0000] {dag.py:3089} INFO - Sync 1 DAGs
[2026-03-29T21:45:57.261+0000] {logging_mixin.py:188} INFO - [2026-03-29T21:45:57.260+0000] {dag.py:3947} INFO - Setting next_dagrun for example_dag_decorator to None, run_after=None
[2026-03-29T21:45:57.277+0000] {processor.py:183} INFO - Processing /home/airflow/.local/lib/python3.12/site-packages/airflow/example_dags/example_dag_decorator.py took 0.532 seconds
[2026-03-29T21:46:28.253+0000] {processor.py:161} INFO - Started process (PID=1668) to work on /home/airflow/.local/lib/python3.12/site-packages/airflow/example_dags/example_dag_decorator.py
[2026-03-29T21:46:28.255+0000] {processor.py:830} INFO - Processing file /home/airflow/.local/lib/python3.12/site-packages/airflow/example_dags/example_dag_decorator.py for tasks to queue
[2026-03-29T21:46:28.257+0000] {logging_mixin.py:188} INFO - [2026-03-29T21:46:28.257+0000] {dagbag.py:545} INFO - Filling up the DagBag from /home/airflow/.local/lib/python3.12/site-packages/airflow/example_dags/example_dag_decorator.py
[2026-03-29T21:46:28.475+0000] {processor.py:840} INFO - DAG(s) 'example_dag_decorator' retrieved from /home/airflow/.local/lib/python3.12/site-packages/airflow/example_dags/example_dag_decorator.py
[2026-03-29T21:46:28.560+0000] {logging_mixin.py:188} INFO - [2026-03-29T21:46:28.560+0000] {dag.py:3089} INFO - Sync 1 DAGs
[2026-03-29T21:46:28.568+0000] {logging_mixin.py:188} INFO - [2026-03-29T21:46:28.568+0000] {dag.py:3947} INFO - Setting next_dagrun for example_dag_decorator to None, run_after=None
[2026-03-29T21:46:28.583+0000] {processor.py:183} INFO - Processing /home/airflow/.local/lib/python3.12/site-packages/airflow/example_dags/example_dag_decorator.py took 0.339 seconds
[2026-03-29T21:46:59.091+0000] {processor.py:161} INFO - Started process (PID=1720) to work on /home/airflow/.local/lib/python3.12/site-packages/airflow/example_dags/example_dag_decorator.py
[2026-03-29T21:46:59.095+0000] {processor.py:830} INFO - Processing file /home/airflow/.local/lib/python3.12/site-packages/airflow/example_dags/example_dag_decorator.py for tasks to queue
[2026-03-29T21:46:59.099+0000] {logging_mixin.py:188} INFO - [2026-03-29T21:46:59.099+0000] {dagbag.py:545} INFO - Filling up the DagBag from /home/airflow/.local/lib/python3.12/site-packages/airflow/example_dags/example_dag_decorator.py
[2026-03-29T21:46:59.447+0000] {processor.py:840} INFO - DAG(s) 'example_dag_decorator' retrieved from /home/airflow/.local/lib/python3.12/site-packages/airflow/example_dags/example_dag_decorator.py
[2026-03-29T21:46:59.540+0000] {logging_mixin.py:188} INFO - [2026-03-29T21:46:59.540+0000] {dag.py:3089} INFO - Sync 1 DAGs
[2026-03-29T21:46:59.548+0000] {logging_mixin.py:188} INFO - [2026-03-29T21:46:59.548+0000] {dag.py:3947} INFO - Setting next_dagrun for example_dag_decorator to None, run_after=None
[2026-03-29T21:46:59.564+0000] {processor.py:183} INFO - Processing /home/airflow/.local/lib/python3.12/site-packages/airflow/example_dags/example_dag_decorator.py took 0.483 seconds
[2026-03-29T21:47:30.263+0000] {processor.py:161} INFO - Started process (PID=1776) to work on /home/airflow/.local/lib/python3.12/site-packages/airflow/example_dags/example_dag_decorator.py
[2026-03-29T21:47:30.264+0000] {processor.py:830} INFO - Processing file /home/airflow/.local/lib/python3.12/site-packages/airflow/example_dags/example_dag_decorator.py for tasks to queue
[2026-03-29T21:47:30.266+0000] {logging_mixin.py:188} INFO - [2026-03-29T21:47:30.265+0000] {dagbag.py:545} INFO - Filling up the DagBag from /home/airflow/.local/lib/python3.12/site-packages/airflow/example_dags/example_dag_decorator.py
[2026-03-29T21:47:30.480+0000] {processor.py:840} INFO - DAG(s) 'example_dag_decorator' retrieved from /home/airflow/.local/lib/python3.12/site-packages/airflow/example_dags/example_dag_decorator.py
[2026-03-29T21:47:30.568+0000] {logging_mixin.py:188} INFO - [2026-03-29T21:47:30.568+0000] {dag.py:3089} INFO - Sync 1 DAGs
[2026-03-29T21:47:30.577+0000] {logging_mixin.py:188} INFO - [2026-03-29T21:47:30.577+0000] {dag.py:3947} INFO - Setting next_dagrun for example_dag_decorator to None, run_after=None
[2026-03-29T21:47:30.594+0000] {processor.py:183} INFO - Processing /home/airflow/.local/lib/python3.12/site-packages/airflow/example_dags/example_dag_decorator.py took 0.336 seconds
[2026-03-29T21:48:00.651+0000] {processor.py:161} INFO - Started process (PID=1829) to work on /home/airflow/.local/lib/python3.12/site-packages/airflow/example_dags/example_dag_decorator.py
[2026-03-29T21:48:00.652+0000] {processor.py:830} INFO - Processing file /home/airflow/.local/lib/python3.12/site-packages/airflow/example_dags/example_dag_decorator.py for tasks to queue
[2026-03-29T21:48:00.654+0000] {logging_mixin.py:188} INFO - [2026-03-29T21:48:00.653+0000] {dagbag.py:545} INFO - Filling up the DagBag from /home/airflow/.local/lib/python3.12/site-packages/airflow/example_dags/example_dag_decorator.py
[2026-03-29T21:48:01.072+0000] {processor.py:840} INFO - DAG(s) 'example_dag_decorator' retrieved from /home/airflow/.local/lib/python3.12/site-packages/airflow/example_dags/example_dag_decorator.py
[2026-03-29T21:48:01.091+0000] {logging_mixin.py:188} INFO - [2026-03-29T21:48:01.091+0000] {dag.py:3089} INFO - Sync 1 DAGs
[2026-03-29T21:48:01.100+0000] {logging_mixin.py:188} INFO - [2026-03-29T21:48:01.099+0000] {dag.py:3947} INFO - Setting next_dagrun for example_dag_decorator to None, run_after=None
[2026-03-29T21:48:01.113+0000] {processor.py:183} INFO - Processing /home/airflow/.local/lib/python3.12/site-packages/airflow/example_dags/example_dag_decorator.py took 0.468 seconds
[2026-03-29T21:48:31.558+0000] {processor.py:161} INFO - Started process (PID=1880) to work on /home/airflow/.local/lib/python3.12/site-packages/airflow/example_dags/example_dag_decorator.py
[2026-03-29T21:48:31.560+0000] {processor.py:830} INFO - Processing file /home/airflow/.local/lib/python3.12/site-packages/airflow/example_dags/example_dag_decorator.py for tasks to queue
[2026-03-29T21:48:31.563+0000] {logging_mixin.py:188} INFO - [2026-03-29T21:48:31.562+0000] {dagbag.py:545} INFO - Filling up the DagBag from /home/airflow/.local/lib/python3.12/site-packages/airflow/example_dags/example_dag_decorator.py
[2026-03-29T21:48:31.798+0000] {processor.py:840} INFO - DAG(s) 'example_dag_decorator' retrieved from /home/airflow/.local/lib/python3.12/site-packages/airflow/example_dags/example_dag_decorator.py
[2026-03-29T21:48:31.884+0000] {logging_mixin.py:188} INFO - [2026-03-29T21:48:31.883+0000] {dag.py:3089} INFO - Sync 1 DAGs
[2026-03-29T21:48:31.890+0000] {logging_mixin.py:188} INFO - [2026-03-29T21:48:31.890+0000] {dag.py:3947} INFO - Setting next_dagrun for example_dag_decorator to None, run_after=None
[2026-03-29T21:48:31.905+0000] {processor.py:183} INFO - Processing /home/airflow/.local/lib/python3.12/site-packages/airflow/example_dags/example_dag_decorator.py took 0.356 seconds
[2026-03-29T21:49:02.158+0000] {processor.py:161} INFO - Started process (PID=1932) to work on /home/airflow/.local/lib/python3.12/site-packages/airflow/example_dags/example_dag_decorator.py
[2026-03-29T21:49:02.160+0000] {processor.py:830} INFO - Processing file /home/airflow/.local/lib/python3.12/site-packages/airflow/example_dags/example_dag_decorator.py for tasks to queue
[2026-03-29T21:49:02.163+0000] {logging_mixin.py:188} INFO - [2026-03-29T21:49:02.163+0000] {dagbag.py:545} INFO - Filling up the DagBag from /home/airflow/.local/lib/python3.12/site-packages/airflow/example_dags/example_dag_decorator.py
[2026-03-29T21:49:02.628+0000] {processor.py:840} INFO - DAG(s) 'example_dag_decorator' retrieved from /home/airflow/.local/lib/python3.12/site-packages/airflow/example_dags/example_dag_decorator.py
[2026-03-29T21:49:02.750+0000] {logging_mixin.py:188} INFO - [2026-03-29T21:49:02.750+0000] {dag.py:3089} INFO - Sync 1 DAGs
[2026-03-29T21:49:02.762+0000] {logging_mixin.py:188} INFO - [2026-03-29T21:49:02.761+0000] {dag.py:3947} INFO - Setting next_dagrun for example_dag_decorator to None, run_after=None
[2026-03-29T21:49:02.783+0000] {processor.py:183} INFO - Processing /home/airflow/.local/lib/python3.12/site-packages/airflow/example_dags/example_dag_decorator.py took 0.638 seconds
[2026-03-29T21:49:32.846+0000] {processor.py:161} INFO - Started process (PID=1984) to work on /home/airflow/.local/lib/python3.12/site-packages/airflow/example_dags/example_dag_decorator.py
[2026-03-29T21:49:32.849+0000] {processor.py:830} INFO - Processing file /home/airflow/.local/lib/python3.12/site-packages/airflow/example_dags/example_dag_decorator.py for tasks to queue
[2026-03-29T21:49:32.851+0000] {logging_mixin.py:188} INFO - [2026-03-29T21:49:32.850+0000] {dagbag.py:545} INFO - Filling up the DagBag from /home/airflow/.local/lib/python3.12/site-packages/airflow/example_dags/example_dag_decorator.py
[2026-03-29T21:49:33.157+0000] {processor.py:840} INFO - DAG(s) 'example_dag_decorator' retrieved from /home/airflow/.local/lib/python3.12/site-packages/airflow/example_dags/example_dag_decorator.py
[2026-03-29T21:49:33.292+0000] {logging_mixin.py:188} INFO - [2026-03-29T21:49:33.292+0000] {dag.py:3089} INFO - Sync 1 DAGs
[2026-03-29T21:49:33.300+0000] {logging_mixin.py:188} INFO - [2026-03-29T21:49:33.300+0000] {dag.py:3947} INFO - Setting next_dagrun for example_dag_decorator to None, run_after=None
[2026-03-29T21:49:33.317+0000] {processor.py:183} INFO - Processing /home/airflow/.local/lib/python3.12/site-packages/airflow/example_dags/example_dag_decorator.py took 0.484 seconds
