[2026-03-29T21:30:33.525+0000] {processor.py:161} INFO - Started process (PID=59) to work on /home/airflow/.local/lib/python3.12/site-packages/airflow/example_dags/example_trigger_target_dag.py
[2026-03-29T21:30:33.527+0000] {processor.py:830} INFO - Processing file /home/airflow/.local/lib/python3.12/site-packages/airflow/example_dags/example_trigger_target_dag.py for tasks to queue
[2026-03-29T21:30:33.533+0000] {logging_mixin.py:188} INFO - [2026-03-29T21:30:33.532+0000] {dagbag.py:545} INFO - Filling up the DagBag from /home/airflow/.local/lib/python3.12/site-packages/airflow/example_dags/example_trigger_target_dag.py
[2026-03-29T21:30:33.552+0000] {processor.py:840} INFO - DAG(s) 'example_trigger_target_dag' retrieved from /home/airflow/.local/lib/python3.12/site-packages/airflow/example_dags/example_trigger_target_dag.py
[2026-03-29T21:30:33.604+0000] {logging_mixin.py:188} INFO - [2026-03-29T21:30:33.604+0000] {dag.py:3089} INFO - Sync 1 DAGs
[2026-03-29T21:30:33.660+0000] {logging_mixin.py:188} INFO - [2026-03-29T21:30:33.660+0000] {dag.py:3947} INFO - Setting next_dagrun for example_trigger_target_dag to None, run_after=None
[2026-03-29T21:30:33.750+0000] {processor.py:183} INFO - Processing /home/airflow/.local/lib/python3.12/site-packages/airflow/example_dags/example_trigger_target_dag.py took 0.235 seconds
[2026-03-29T21:31:04.823+0000] {processor.py:161} INFO - Started process (PID=111) to work on /home/airflow/.local/lib/python3.12/site-packages/airflow/example_dags/example_trigger_target_dag.py
[2026-03-29T21:31:04.825+0000] {processor.py:830} INFO - Processing file /home/airflow/.local/lib/python3.12/site-packages/airflow/example_dags/example_trigger_target_dag.py for tasks to queue
[2026-03-29T21:31:04.829+0000] {logging_mixin.py:188} INFO - [2026-03-29T21:31:04.828+0000] {dagbag.py:545} INFO - Filling up the DagBag from /home/airflow/.local/lib/python3.12/site-packages/airflow/example_dags/example_trigger_target_dag.py
[2026-03-29T21:31:04.838+0000] {processor.py:840} INFO - DAG(s) 'example_trigger_target_dag' retrieved from /home/airflow/.local/lib/python3.12/site-packages/airflow/example_dags/example_trigger_target_dag.py
[2026-03-29T21:31:04.981+0000] {logging_mixin.py:188} INFO - [2026-03-29T21:31:04.980+0000] {dag.py:3089} INFO - Sync 1 DAGs
[2026-03-29T21:31:05.000+0000] {logging_mixin.py:188} INFO - [2026-03-29T21:31:05.000+0000] {dag.py:3947} INFO - Setting next_dagrun for example_trigger_target_dag to None, run_after=None
[2026-03-29T21:31:05.035+0000] {processor.py:183} INFO - Processing /home/airflow/.local/lib/python3.12/site-packages/airflow/example_dags/example_trigger_target_dag.py took 0.222 seconds
[2026-03-29T21:31:35.680+0000] {processor.py:161} INFO - Started process (PID=163) to work on /home/airflow/.local/lib/python3.12/site-packages/airflow/example_dags/example_trigger_target_dag.py
[2026-03-29T21:31:35.681+0000] {processor.py:830} INFO - Processing file /home/airflow/.local/lib/python3.12/site-packages/airflow/example_dags/example_trigger_target_dag.py for tasks to queue
[2026-03-29T21:31:35.683+0000] {logging_mixin.py:188} INFO - [2026-03-29T21:31:35.682+0000] {dagbag.py:545} INFO - Filling up the DagBag from /home/airflow/.local/lib/python3.12/site-packages/airflow/example_dags/example_trigger_target_dag.py
[2026-03-29T21:31:35.689+0000] {processor.py:840} INFO - DAG(s) 'example_trigger_target_dag' retrieved from /home/airflow/.local/lib/python3.12/site-packages/airflow/example_dags/example_trigger_target_dag.py
[2026-03-29T21:31:35.708+0000] {logging_mixin.py:188} INFO - [2026-03-29T21:31:35.708+0000] {dag.py:3089} INFO - Sync 1 DAGs
[2026-03-29T21:31:35.722+0000] {logging_mixin.py:188} INFO - [2026-03-29T21:31:35.722+0000] {dag.py:3947} INFO - Setting next_dagrun for example_trigger_target_dag to None, run_after=None
[2026-03-29T21:31:35.744+0000] {processor.py:183} INFO - Processing /home/airflow/.local/lib/python3.12/site-packages/airflow/example_dags/example_trigger_target_dag.py took 0.070 seconds
[2026-03-29T21:32:06.330+0000] {processor.py:161} INFO - Started process (PID=215) to work on /home/airflow/.local/lib/python3.12/site-packages/airflow/example_dags/example_trigger_target_dag.py
[2026-03-29T21:32:06.333+0000] {processor.py:830} INFO - Processing file /home/airflow/.local/lib/python3.12/site-packages/airflow/example_dags/example_trigger_target_dag.py for tasks to queue
[2026-03-29T21:32:06.338+0000] {logging_mixin.py:188} INFO - [2026-03-29T21:32:06.335+0000] {dagbag.py:545} INFO - Filling up the DagBag from /home/airflow/.local/lib/python3.12/site-packages/airflow/example_dags/example_trigger_target_dag.py
[2026-03-29T21:32:06.347+0000] {processor.py:840} INFO - DAG(s) 'example_trigger_target_dag' retrieved from /home/airflow/.local/lib/python3.12/site-packages/airflow/example_dags/example_trigger_target_dag.py
[2026-03-29T21:32:06.381+0000] {logging_mixin.py:188} INFO - [2026-03-29T21:32:06.381+0000] {dag.py:3089} INFO - Sync 1 DAGs
[2026-03-29T21:32:06.409+0000] {logging_mixin.py:188} INFO - [2026-03-29T21:32:06.409+0000] {dag.py:3947} INFO - Setting next_dagrun for example_trigger_target_dag to None, run_after=None
[2026-03-29T21:32:06.450+0000] {processor.py:183} INFO - Processing /home/airflow/.local/lib/python3.12/site-packages/airflow/example_dags/example_trigger_target_dag.py took 0.134 seconds
[2026-03-29T21:32:37.380+0000] {processor.py:161} INFO - Started process (PID=267) to work on /home/airflow/.local/lib/python3.12/site-packages/airflow/example_dags/example_trigger_target_dag.py
[2026-03-29T21:32:37.381+0000] {processor.py:830} INFO - Processing file /home/airflow/.local/lib/python3.12/site-packages/airflow/example_dags/example_trigger_target_dag.py for tasks to queue
[2026-03-29T21:32:37.383+0000] {logging_mixin.py:188} INFO - [2026-03-29T21:32:37.382+0000] {dagbag.py:545} INFO - Filling up the DagBag from /home/airflow/.local/lib/python3.12/site-packages/airflow/example_dags/example_trigger_target_dag.py
[2026-03-29T21:32:37.387+0000] {processor.py:840} INFO - DAG(s) 'example_trigger_target_dag' retrieved from /home/airflow/.local/lib/python3.12/site-packages/airflow/example_dags/example_trigger_target_dag.py
[2026-03-29T21:32:37.399+0000] {logging_mixin.py:188} INFO - [2026-03-29T21:32:37.399+0000] {dag.py:3089} INFO - Sync 1 DAGs
[2026-03-29T21:32:37.408+0000] {logging_mixin.py:188} INFO - [2026-03-29T21:32:37.408+0000] {dag.py:3947} INFO - Setting next_dagrun for example_trigger_target_dag to None, run_after=None
[2026-03-29T21:32:37.419+0000] {processor.py:183} INFO - Processing /home/airflow/.local/lib/python3.12/site-packages/airflow/example_dags/example_trigger_target_dag.py took 0.042 seconds
[2026-03-29T21:33:07.963+0000] {processor.py:161} INFO - Started process (PID=319) to work on /home/airflow/.local/lib/python3.12/site-packages/airflow/example_dags/example_trigger_target_dag.py
[2026-03-29T21:33:07.964+0000] {processor.py:830} INFO - Processing file /home/airflow/.local/lib/python3.12/site-packages/airflow/example_dags/example_trigger_target_dag.py for tasks to queue
[2026-03-29T21:33:07.965+0000] {logging_mixin.py:188} INFO - [2026-03-29T21:33:07.965+0000] {dagbag.py:545} INFO - Filling up the DagBag from /home/airflow/.local/lib/python3.12/site-packages/airflow/example_dags/example_trigger_target_dag.py
[2026-03-29T21:33:07.969+0000] {processor.py:840} INFO - DAG(s) 'example_trigger_target_dag' retrieved from /home/airflow/.local/lib/python3.12/site-packages/airflow/example_dags/example_trigger_target_dag.py
[2026-03-29T21:33:07.984+0000] {logging_mixin.py:188} INFO - [2026-03-29T21:33:07.984+0000] {dag.py:3089} INFO - Sync 1 DAGs
[2026-03-29T21:33:07.994+0000] {logging_mixin.py:188} INFO - [2026-03-29T21:33:07.994+0000] {dag.py:3947} INFO - Setting next_dagrun for example_trigger_target_dag to None, run_after=None
[2026-03-29T21:33:08.007+0000] {processor.py:183} INFO - Processing /home/airflow/.local/lib/python3.12/site-packages/airflow/example_dags/example_trigger_target_dag.py took 0.050 seconds
[2026-03-29T21:33:38.639+0000] {processor.py:161} INFO - Started process (PID=371) to work on /home/airflow/.local/lib/python3.12/site-packages/airflow/example_dags/example_trigger_target_dag.py
[2026-03-29T21:33:38.640+0000] {processor.py:830} INFO - Processing file /home/airflow/.local/lib/python3.12/site-packages/airflow/example_dags/example_trigger_target_dag.py for tasks to queue
[2026-03-29T21:33:38.641+0000] {logging_mixin.py:188} INFO - [2026-03-29T21:33:38.641+0000] {dagbag.py:545} INFO - Filling up the DagBag from /home/airflow/.local/lib/python3.12/site-packages/airflow/example_dags/example_trigger_target_dag.py
[2026-03-29T21:33:38.647+0000] {processor.py:840} INFO - DAG(s) 'example_trigger_target_dag' retrieved from /home/airflow/.local/lib/python3.12/site-packages/airflow/example_dags/example_trigger_target_dag.py
[2026-03-29T21:33:38.671+0000] {logging_mixin.py:188} INFO - [2026-03-29T21:33:38.670+0000] {dag.py:3089} INFO - Sync 1 DAGs
[2026-03-29T21:33:38.699+0000] {logging_mixin.py:188} INFO - [2026-03-29T21:33:38.699+0000] {dag.py:3947} INFO - Setting next_dagrun for example_trigger_target_dag to None, run_after=None
[2026-03-29T21:33:38.734+0000] {processor.py:183} INFO - Processing /home/airflow/.local/lib/python3.12/site-packages/airflow/example_dags/example_trigger_target_dag.py took 0.102 seconds
[2026-03-29T21:34:09.329+0000] {processor.py:161} INFO - Started process (PID=423) to work on /home/airflow/.local/lib/python3.12/site-packages/airflow/example_dags/example_trigger_target_dag.py
[2026-03-29T21:34:09.330+0000] {processor.py:830} INFO - Processing file /home/airflow/.local/lib/python3.12/site-packages/airflow/example_dags/example_trigger_target_dag.py for tasks to queue
[2026-03-29T21:34:09.333+0000] {logging_mixin.py:188} INFO - [2026-03-29T21:34:09.333+0000] {dagbag.py:545} INFO - Filling up the DagBag from /home/airflow/.local/lib/python3.12/site-packages/airflow/example_dags/example_trigger_target_dag.py
[2026-03-29T21:34:09.342+0000] {processor.py:840} INFO - DAG(s) 'example_trigger_target_dag' retrieved from /home/airflow/.local/lib/python3.12/site-packages/airflow/example_dags/example_trigger_target_dag.py
[2026-03-29T21:34:09.376+0000] {logging_mixin.py:188} INFO - [2026-03-29T21:34:09.376+0000] {dag.py:3089} INFO - Sync 1 DAGs
[2026-03-29T21:34:09.394+0000] {logging_mixin.py:188} INFO - [2026-03-29T21:34:09.394+0000] {dag.py:3947} INFO - Setting next_dagrun for example_trigger_target_dag to None, run_after=None
[2026-03-29T21:34:09.415+0000] {processor.py:183} INFO - Processing /home/airflow/.local/lib/python3.12/site-packages/airflow/example_dags/example_trigger_target_dag.py took 0.092 seconds
[2026-03-29T21:34:39.859+0000] {processor.py:161} INFO - Started process (PID=475) to work on /home/airflow/.local/lib/python3.12/site-packages/airflow/example_dags/example_trigger_target_dag.py
[2026-03-29T21:34:39.860+0000] {processor.py:830} INFO - Processing file /home/airflow/.local/lib/python3.12/site-packages/airflow/example_dags/example_trigger_target_dag.py for tasks to queue
[2026-03-29T21:34:39.862+0000] {logging_mixin.py:188} INFO - [2026-03-29T21:34:39.861+0000] {dagbag.py:545} INFO - Filling up the DagBag from /home/airflow/.local/lib/python3.12/site-packages/airflow/example_dags/example_trigger_target_dag.py
[2026-03-29T21:34:39.869+0000] {processor.py:840} INFO - DAG(s) 'example_trigger_target_dag' retrieved from /home/airflow/.local/lib/python3.12/site-packages/airflow/example_dags/example_trigger_target_dag.py
[2026-03-29T21:34:39.899+0000] {logging_mixin.py:188} INFO - [2026-03-29T21:34:39.899+0000] {dag.py:3089} INFO - Sync 1 DAGs
[2026-03-29T21:34:39.916+0000] {logging_mixin.py:188} INFO - [2026-03-29T21:34:39.916+0000] {dag.py:3947} INFO - Setting next_dagrun for example_trigger_target_dag to None, run_after=None
[2026-03-29T21:34:39.938+0000] {processor.py:183} INFO - Processing /home/airflow/.local/lib/python3.12/site-packages/airflow/example_dags/example_trigger_target_dag.py took 0.087 seconds
[2026-03-29T21:35:10.813+0000] {processor.py:161} INFO - Started process (PID=527) to work on /home/airflow/.local/lib/python3.12/site-packages/airflow/example_dags/example_trigger_target_dag.py
[2026-03-29T21:35:10.814+0000] {processor.py:830} INFO - Processing file /home/airflow/.local/lib/python3.12/site-packages/airflow/example_dags/example_trigger_target_dag.py for tasks to queue
[2026-03-29T21:35:10.816+0000] {logging_mixin.py:188} INFO - [2026-03-29T21:35:10.816+0000] {dagbag.py:545} INFO - Filling up the DagBag from /home/airflow/.local/lib/python3.12/site-packages/airflow/example_dags/example_trigger_target_dag.py
[2026-03-29T21:35:10.822+0000] {processor.py:840} INFO - DAG(s) 'example_trigger_target_dag' retrieved from /home/airflow/.local/lib/python3.12/site-packages/airflow/example_dags/example_trigger_target_dag.py
[2026-03-29T21:35:10.839+0000] {logging_mixin.py:188} INFO - [2026-03-29T21:35:10.838+0000] {dag.py:3089} INFO - Sync 1 DAGs
[2026-03-29T21:35:10.849+0000] {logging_mixin.py:188} INFO - [2026-03-29T21:35:10.849+0000] {dag.py:3947} INFO - Setting next_dagrun for example_trigger_target_dag to None, run_after=None
[2026-03-29T21:35:10.869+0000] {processor.py:183} INFO - Processing /home/airflow/.local/lib/python3.12/site-packages/airflow/example_dags/example_trigger_target_dag.py took 0.062 seconds
[2026-03-29T21:35:41.617+0000] {processor.py:161} INFO - Started process (PID=579) to work on /home/airflow/.local/lib/python3.12/site-packages/airflow/example_dags/example_trigger_target_dag.py
[2026-03-29T21:35:41.618+0000] {processor.py:830} INFO - Processing file /home/airflow/.local/lib/python3.12/site-packages/airflow/example_dags/example_trigger_target_dag.py for tasks to queue
[2026-03-29T21:35:41.619+0000] {logging_mixin.py:188} INFO - [2026-03-29T21:35:41.619+0000] {dagbag.py:545} INFO - Filling up the DagBag from /home/airflow/.local/lib/python3.12/site-packages/airflow/example_dags/example_trigger_target_dag.py
[2026-03-29T21:35:41.624+0000] {processor.py:840} INFO - DAG(s) 'example_trigger_target_dag' retrieved from /home/airflow/.local/lib/python3.12/site-packages/airflow/example_dags/example_trigger_target_dag.py
[2026-03-29T21:35:41.640+0000] {logging_mixin.py:188} INFO - [2026-03-29T21:35:41.640+0000] {dag.py:3089} INFO - Sync 1 DAGs
[2026-03-29T21:35:41.652+0000] {logging_mixin.py:188} INFO - [2026-03-29T21:35:41.651+0000] {dag.py:3947} INFO - Setting next_dagrun for example_trigger_target_dag to None, run_after=None
[2026-03-29T21:35:41.665+0000] {processor.py:183} INFO - Processing /home/airflow/.local/lib/python3.12/site-packages/airflow/example_dags/example_trigger_target_dag.py took 0.053 seconds
[2026-03-29T21:36:12.230+0000] {processor.py:161} INFO - Started process (PID=631) to work on /home/airflow/.local/lib/python3.12/site-packages/airflow/example_dags/example_trigger_target_dag.py
[2026-03-29T21:36:12.231+0000] {processor.py:830} INFO - Processing file /home/airflow/.local/lib/python3.12/site-packages/airflow/example_dags/example_trigger_target_dag.py for tasks to queue
[2026-03-29T21:36:12.233+0000] {logging_mixin.py:188} INFO - [2026-03-29T21:36:12.232+0000] {dagbag.py:545} INFO - Filling up the DagBag from /home/airflow/.local/lib/python3.12/site-packages/airflow/example_dags/example_trigger_target_dag.py
[2026-03-29T21:36:12.238+0000] {processor.py:840} INFO - DAG(s) 'example_trigger_target_dag' retrieved from /home/airflow/.local/lib/python3.12/site-packages/airflow/example_dags/example_trigger_target_dag.py
[2026-03-29T21:36:12.252+0000] {logging_mixin.py:188} INFO - [2026-03-29T21:36:12.252+0000] {dag.py:3089} INFO - Sync 1 DAGs
[2026-03-29T21:36:12.265+0000] {logging_mixin.py:188} INFO - [2026-03-29T21:36:12.265+0000] {dag.py:3947} INFO - Setting next_dagrun for example_trigger_target_dag to None, run_after=None
[2026-03-29T21:36:12.285+0000] {processor.py:183} INFO - Processing /home/airflow/.local/lib/python3.12/site-packages/airflow/example_dags/example_trigger_target_dag.py took 0.060 seconds
[2026-03-29T21:36:42.401+0000] {processor.py:161} INFO - Started process (PID=683) to work on /home/airflow/.local/lib/python3.12/site-packages/airflow/example_dags/example_trigger_target_dag.py
[2026-03-29T21:36:42.404+0000] {processor.py:830} INFO - Processing file /home/airflow/.local/lib/python3.12/site-packages/airflow/example_dags/example_trigger_target_dag.py for tasks to queue
[2026-03-29T21:36:42.405+0000] {logging_mixin.py:188} INFO - [2026-03-29T21:36:42.405+0000] {dagbag.py:545} INFO - Filling up the DagBag from /home/airflow/.local/lib/python3.12/site-packages/airflow/example_dags/example_trigger_target_dag.py
[2026-03-29T21:36:42.411+0000] {processor.py:840} INFO - DAG(s) 'example_trigger_target_dag' retrieved from /home/airflow/.local/lib/python3.12/site-packages/airflow/example_dags/example_trigger_target_dag.py
[2026-03-29T21:36:42.425+0000] {logging_mixin.py:188} INFO - [2026-03-29T21:36:42.424+0000] {dag.py:3089} INFO - Sync 1 DAGs
[2026-03-29T21:36:42.433+0000] {logging_mixin.py:188} INFO - [2026-03-29T21:36:42.433+0000] {dag.py:3947} INFO - Setting next_dagrun for example_trigger_target_dag to None, run_after=None
[2026-03-29T21:36:42.446+0000] {processor.py:183} INFO - Processing /home/airflow/.local/lib/python3.12/site-packages/airflow/example_dags/example_trigger_target_dag.py took 0.049 seconds
[2026-03-29T21:37:13.138+0000] {processor.py:161} INFO - Started process (PID=735) to work on /home/airflow/.local/lib/python3.12/site-packages/airflow/example_dags/example_trigger_target_dag.py
[2026-03-29T21:37:13.139+0000] {processor.py:830} INFO - Processing file /home/airflow/.local/lib/python3.12/site-packages/airflow/example_dags/example_trigger_target_dag.py for tasks to queue
[2026-03-29T21:37:13.140+0000] {logging_mixin.py:188} INFO - [2026-03-29T21:37:13.140+0000] {dagbag.py:545} INFO - Filling up the DagBag from /home/airflow/.local/lib/python3.12/site-packages/airflow/example_dags/example_trigger_target_dag.py
[2026-03-29T21:37:13.144+0000] {processor.py:840} INFO - DAG(s) 'example_trigger_target_dag' retrieved from /home/airflow/.local/lib/python3.12/site-packages/airflow/example_dags/example_trigger_target_dag.py
[2026-03-29T21:37:13.158+0000] {logging_mixin.py:188} INFO - [2026-03-29T21:37:13.158+0000] {dag.py:3089} INFO - Sync 1 DAGs
[2026-03-29T21:37:13.166+0000] {logging_mixin.py:188} INFO - [2026-03-29T21:37:13.166+0000] {dag.py:3947} INFO - Setting next_dagrun for example_trigger_target_dag to None, run_after=None
[2026-03-29T21:37:13.178+0000] {processor.py:183} INFO - Processing /home/airflow/.local/lib/python3.12/site-packages/airflow/example_dags/example_trigger_target_dag.py took 0.044 seconds
[2026-03-29T21:37:43.599+0000] {processor.py:161} INFO - Started process (PID=787) to work on /home/airflow/.local/lib/python3.12/site-packages/airflow/example_dags/example_trigger_target_dag.py
[2026-03-29T21:37:43.600+0000] {processor.py:830} INFO - Processing file /home/airflow/.local/lib/python3.12/site-packages/airflow/example_dags/example_trigger_target_dag.py for tasks to queue
[2026-03-29T21:37:43.602+0000] {logging_mixin.py:188} INFO - [2026-03-29T21:37:43.602+0000] {dagbag.py:545} INFO - Filling up the DagBag from /home/airflow/.local/lib/python3.12/site-packages/airflow/example_dags/example_trigger_target_dag.py
[2026-03-29T21:37:43.608+0000] {processor.py:840} INFO - DAG(s) 'example_trigger_target_dag' retrieved from /home/airflow/.local/lib/python3.12/site-packages/airflow/example_dags/example_trigger_target_dag.py
[2026-03-29T21:37:43.624+0000] {logging_mixin.py:188} INFO - [2026-03-29T21:37:43.624+0000] {dag.py:3089} INFO - Sync 1 DAGs
[2026-03-29T21:37:43.642+0000] {logging_mixin.py:188} INFO - [2026-03-29T21:37:43.641+0000] {dag.py:3947} INFO - Setting next_dagrun for example_trigger_target_dag to None, run_after=None
[2026-03-29T21:37:43.666+0000] {processor.py:183} INFO - Processing /home/airflow/.local/lib/python3.12/site-packages/airflow/example_dags/example_trigger_target_dag.py took 0.073 seconds
[2026-03-29T21:38:13.856+0000] {processor.py:161} INFO - Started process (PID=839) to work on /home/airflow/.local/lib/python3.12/site-packages/airflow/example_dags/example_trigger_target_dag.py
[2026-03-29T21:38:13.857+0000] {processor.py:830} INFO - Processing file /home/airflow/.local/lib/python3.12/site-packages/airflow/example_dags/example_trigger_target_dag.py for tasks to queue
[2026-03-29T21:38:13.859+0000] {logging_mixin.py:188} INFO - [2026-03-29T21:38:13.858+0000] {dagbag.py:545} INFO - Filling up the DagBag from /home/airflow/.local/lib/python3.12/site-packages/airflow/example_dags/example_trigger_target_dag.py
[2026-03-29T21:38:13.863+0000] {processor.py:840} INFO - DAG(s) 'example_trigger_target_dag' retrieved from /home/airflow/.local/lib/python3.12/site-packages/airflow/example_dags/example_trigger_target_dag.py
[2026-03-29T21:38:13.879+0000] {logging_mixin.py:188} INFO - [2026-03-29T21:38:13.879+0000] {dag.py:3089} INFO - Sync 1 DAGs
[2026-03-29T21:38:13.890+0000] {logging_mixin.py:188} INFO - [2026-03-29T21:38:13.890+0000] {dag.py:3947} INFO - Setting next_dagrun for example_trigger_target_dag to None, run_after=None
[2026-03-29T21:38:13.904+0000] {processor.py:183} INFO - Processing /home/airflow/.local/lib/python3.12/site-packages/airflow/example_dags/example_trigger_target_dag.py took 0.053 seconds
[2026-03-29T21:38:44.484+0000] {processor.py:161} INFO - Started process (PID=891) to work on /home/airflow/.local/lib/python3.12/site-packages/airflow/example_dags/example_trigger_target_dag.py
[2026-03-29T21:38:44.486+0000] {processor.py:830} INFO - Processing file /home/airflow/.local/lib/python3.12/site-packages/airflow/example_dags/example_trigger_target_dag.py for tasks to queue
[2026-03-29T21:38:44.488+0000] {logging_mixin.py:188} INFO - [2026-03-29T21:38:44.488+0000] {dagbag.py:545} INFO - Filling up the DagBag from /home/airflow/.local/lib/python3.12/site-packages/airflow/example_dags/example_trigger_target_dag.py
[2026-03-29T21:38:44.494+0000] {processor.py:840} INFO - DAG(s) 'example_trigger_target_dag' retrieved from /home/airflow/.local/lib/python3.12/site-packages/airflow/example_dags/example_trigger_target_dag.py
[2026-03-29T21:38:44.515+0000] {logging_mixin.py:188} INFO - [2026-03-29T21:38:44.515+0000] {dag.py:3089} INFO - Sync 1 DAGs
[2026-03-29T21:38:44.527+0000] {logging_mixin.py:188} INFO - [2026-03-29T21:38:44.527+0000] {dag.py:3947} INFO - Setting next_dagrun for example_trigger_target_dag to None, run_after=None
[2026-03-29T21:38:44.542+0000] {processor.py:183} INFO - Processing /home/airflow/.local/lib/python3.12/site-packages/airflow/example_dags/example_trigger_target_dag.py took 0.062 seconds
[2026-03-29T21:39:14.896+0000] {processor.py:161} INFO - Started process (PID=943) to work on /home/airflow/.local/lib/python3.12/site-packages/airflow/example_dags/example_trigger_target_dag.py
[2026-03-29T21:39:14.897+0000] {processor.py:830} INFO - Processing file /home/airflow/.local/lib/python3.12/site-packages/airflow/example_dags/example_trigger_target_dag.py for tasks to queue
[2026-03-29T21:39:14.900+0000] {logging_mixin.py:188} INFO - [2026-03-29T21:39:14.899+0000] {dagbag.py:545} INFO - Filling up the DagBag from /home/airflow/.local/lib/python3.12/site-packages/airflow/example_dags/example_trigger_target_dag.py
[2026-03-29T21:39:14.907+0000] {processor.py:840} INFO - DAG(s) 'example_trigger_target_dag' retrieved from /home/airflow/.local/lib/python3.12/site-packages/airflow/example_dags/example_trigger_target_dag.py
[2026-03-29T21:39:14.924+0000] {logging_mixin.py:188} INFO - [2026-03-29T21:39:14.924+0000] {dag.py:3089} INFO - Sync 1 DAGs
[2026-03-29T21:39:14.937+0000] {logging_mixin.py:188} INFO - [2026-03-29T21:39:14.937+0000] {dag.py:3947} INFO - Setting next_dagrun for example_trigger_target_dag to None, run_after=None
[2026-03-29T21:39:14.956+0000] {processor.py:183} INFO - Processing /home/airflow/.local/lib/python3.12/site-packages/airflow/example_dags/example_trigger_target_dag.py took 0.065 seconds
[2026-03-29T21:39:46.290+0000] {processor.py:161} INFO - Started process (PID=995) to work on /home/airflow/.local/lib/python3.12/site-packages/airflow/example_dags/example_trigger_target_dag.py
[2026-03-29T21:39:46.293+0000] {processor.py:830} INFO - Processing file /home/airflow/.local/lib/python3.12/site-packages/airflow/example_dags/example_trigger_target_dag.py for tasks to queue
[2026-03-29T21:39:46.296+0000] {logging_mixin.py:188} INFO - [2026-03-29T21:39:46.295+0000] {dagbag.py:545} INFO - Filling up the DagBag from /home/airflow/.local/lib/python3.12/site-packages/airflow/example_dags/example_trigger_target_dag.py
[2026-03-29T21:39:46.312+0000] {processor.py:840} INFO - DAG(s) 'example_trigger_target_dag' retrieved from /home/airflow/.local/lib/python3.12/site-packages/airflow/example_dags/example_trigger_target_dag.py
[2026-03-29T21:39:46.345+0000] {logging_mixin.py:188} INFO - [2026-03-29T21:39:46.344+0000] {dag.py:3089} INFO - Sync 1 DAGs
[2026-03-29T21:39:46.357+0000] {logging_mixin.py:188} INFO - [2026-03-29T21:39:46.357+0000] {dag.py:3947} INFO - Setting next_dagrun for example_trigger_target_dag to None, run_after=None
[2026-03-29T21:39:46.379+0000] {processor.py:183} INFO - Processing /home/airflow/.local/lib/python3.12/site-packages/airflow/example_dags/example_trigger_target_dag.py took 0.110 seconds
[2026-03-29T21:40:16.910+0000] {processor.py:161} INFO - Started process (PID=1047) to work on /home/airflow/.local/lib/python3.12/site-packages/airflow/example_dags/example_trigger_target_dag.py
[2026-03-29T21:40:16.911+0000] {processor.py:830} INFO - Processing file /home/airflow/.local/lib/python3.12/site-packages/airflow/example_dags/example_trigger_target_dag.py for tasks to queue
[2026-03-29T21:40:16.914+0000] {logging_mixin.py:188} INFO - [2026-03-29T21:40:16.913+0000] {dagbag.py:545} INFO - Filling up the DagBag from /home/airflow/.local/lib/python3.12/site-packages/airflow/example_dags/example_trigger_target_dag.py
[2026-03-29T21:40:16.929+0000] {processor.py:840} INFO - DAG(s) 'example_trigger_target_dag' retrieved from /home/airflow/.local/lib/python3.12/site-packages/airflow/example_dags/example_trigger_target_dag.py
[2026-03-29T21:40:16.951+0000] {logging_mixin.py:188} INFO - [2026-03-29T21:40:16.951+0000] {dag.py:3089} INFO - Sync 1 DAGs
[2026-03-29T21:40:16.973+0000] {logging_mixin.py:188} INFO - [2026-03-29T21:40:16.973+0000] {dag.py:3947} INFO - Setting next_dagrun for example_trigger_target_dag to None, run_after=None
[2026-03-29T21:40:16.997+0000] {processor.py:183} INFO - Processing /home/airflow/.local/lib/python3.12/site-packages/airflow/example_dags/example_trigger_target_dag.py took 0.093 seconds
[2026-03-29T21:40:47.413+0000] {processor.py:161} INFO - Started process (PID=1099) to work on /home/airflow/.local/lib/python3.12/site-packages/airflow/example_dags/example_trigger_target_dag.py
[2026-03-29T21:40:47.414+0000] {processor.py:830} INFO - Processing file /home/airflow/.local/lib/python3.12/site-packages/airflow/example_dags/example_trigger_target_dag.py for tasks to queue
[2026-03-29T21:40:47.417+0000] {logging_mixin.py:188} INFO - [2026-03-29T21:40:47.417+0000] {dagbag.py:545} INFO - Filling up the DagBag from /home/airflow/.local/lib/python3.12/site-packages/airflow/example_dags/example_trigger_target_dag.py
[2026-03-29T21:40:47.427+0000] {processor.py:840} INFO - DAG(s) 'example_trigger_target_dag' retrieved from /home/airflow/.local/lib/python3.12/site-packages/airflow/example_dags/example_trigger_target_dag.py
[2026-03-29T21:40:47.470+0000] {logging_mixin.py:188} INFO - [2026-03-29T21:40:47.469+0000] {dag.py:3089} INFO - Sync 1 DAGs
[2026-03-29T21:40:47.492+0000] {logging_mixin.py:188} INFO - [2026-03-29T21:40:47.491+0000] {dag.py:3947} INFO - Setting next_dagrun for example_trigger_target_dag to None, run_after=None
[2026-03-29T21:40:47.528+0000] {processor.py:183} INFO - Processing /home/airflow/.local/lib/python3.12/site-packages/airflow/example_dags/example_trigger_target_dag.py took 0.124 seconds
[2026-03-29T21:41:18.222+0000] {processor.py:161} INFO - Started process (PID=1151) to work on /home/airflow/.local/lib/python3.12/site-packages/airflow/example_dags/example_trigger_target_dag.py
[2026-03-29T21:41:18.224+0000] {processor.py:830} INFO - Processing file /home/airflow/.local/lib/python3.12/site-packages/airflow/example_dags/example_trigger_target_dag.py for tasks to queue
[2026-03-29T21:41:18.225+0000] {logging_mixin.py:188} INFO - [2026-03-29T21:41:18.225+0000] {dagbag.py:545} INFO - Filling up the DagBag from /home/airflow/.local/lib/python3.12/site-packages/airflow/example_dags/example_trigger_target_dag.py
[2026-03-29T21:41:18.230+0000] {processor.py:840} INFO - DAG(s) 'example_trigger_target_dag' retrieved from /home/airflow/.local/lib/python3.12/site-packages/airflow/example_dags/example_trigger_target_dag.py
[2026-03-29T21:41:18.249+0000] {logging_mixin.py:188} INFO - [2026-03-29T21:41:18.249+0000] {dag.py:3089} INFO - Sync 1 DAGs
[2026-03-29T21:41:18.261+0000] {logging_mixin.py:188} INFO - [2026-03-29T21:41:18.261+0000] {dag.py:3947} INFO - Setting next_dagrun for example_trigger_target_dag to None, run_after=None
[2026-03-29T21:41:18.280+0000] {processor.py:183} INFO - Processing /home/airflow/.local/lib/python3.12/site-packages/airflow/example_dags/example_trigger_target_dag.py took 0.062 seconds
[2026-03-29T21:41:49.217+0000] {processor.py:161} INFO - Started process (PID=1203) to work on /home/airflow/.local/lib/python3.12/site-packages/airflow/example_dags/example_trigger_target_dag.py
[2026-03-29T21:41:49.218+0000] {processor.py:830} INFO - Processing file /home/airflow/.local/lib/python3.12/site-packages/airflow/example_dags/example_trigger_target_dag.py for tasks to queue
[2026-03-29T21:41:49.220+0000] {logging_mixin.py:188} INFO - [2026-03-29T21:41:49.220+0000] {dagbag.py:545} INFO - Filling up the DagBag from /home/airflow/.local/lib/python3.12/site-packages/airflow/example_dags/example_trigger_target_dag.py
[2026-03-29T21:41:49.231+0000] {processor.py:840} INFO - DAG(s) 'example_trigger_target_dag' retrieved from /home/airflow/.local/lib/python3.12/site-packages/airflow/example_dags/example_trigger_target_dag.py
[2026-03-29T21:41:49.250+0000] {logging_mixin.py:188} INFO - [2026-03-29T21:41:49.249+0000] {dag.py:3089} INFO - Sync 1 DAGs
[2026-03-29T21:41:49.259+0000] {logging_mixin.py:188} INFO - [2026-03-29T21:41:49.259+0000] {dag.py:3947} INFO - Setting next_dagrun for example_trigger_target_dag to None, run_after=None
[2026-03-29T21:41:49.274+0000] {processor.py:183} INFO - Processing /home/airflow/.local/lib/python3.12/site-packages/airflow/example_dags/example_trigger_target_dag.py took 0.065 seconds
[2026-03-29T21:42:19.305+0000] {processor.py:161} INFO - Started process (PID=1255) to work on /home/airflow/.local/lib/python3.12/site-packages/airflow/example_dags/example_trigger_target_dag.py
[2026-03-29T21:42:19.307+0000] {processor.py:830} INFO - Processing file /home/airflow/.local/lib/python3.12/site-packages/airflow/example_dags/example_trigger_target_dag.py for tasks to queue
[2026-03-29T21:42:19.309+0000] {logging_mixin.py:188} INFO - [2026-03-29T21:42:19.309+0000] {dagbag.py:545} INFO - Filling up the DagBag from /home/airflow/.local/lib/python3.12/site-packages/airflow/example_dags/example_trigger_target_dag.py
[2026-03-29T21:42:19.314+0000] {processor.py:840} INFO - DAG(s) 'example_trigger_target_dag' retrieved from /home/airflow/.local/lib/python3.12/site-packages/airflow/example_dags/example_trigger_target_dag.py
[2026-03-29T21:42:19.330+0000] {logging_mixin.py:188} INFO - [2026-03-29T21:42:19.329+0000] {dag.py:3089} INFO - Sync 1 DAGs
[2026-03-29T21:42:19.341+0000] {logging_mixin.py:188} INFO - [2026-03-29T21:42:19.341+0000] {dag.py:3947} INFO - Setting next_dagrun for example_trigger_target_dag to None, run_after=None
[2026-03-29T21:42:19.355+0000] {processor.py:183} INFO - Processing /home/airflow/.local/lib/python3.12/site-packages/airflow/example_dags/example_trigger_target_dag.py took 0.055 seconds
[2026-03-29T21:42:50.801+0000] {processor.py:161} INFO - Started process (PID=1307) to work on /home/airflow/.local/lib/python3.12/site-packages/airflow/example_dags/example_trigger_target_dag.py
[2026-03-29T21:42:50.802+0000] {processor.py:830} INFO - Processing file /home/airflow/.local/lib/python3.12/site-packages/airflow/example_dags/example_trigger_target_dag.py for tasks to queue
[2026-03-29T21:42:50.803+0000] {logging_mixin.py:188} INFO - [2026-03-29T21:42:50.803+0000] {dagbag.py:545} INFO - Filling up the DagBag from /home/airflow/.local/lib/python3.12/site-packages/airflow/example_dags/example_trigger_target_dag.py
[2026-03-29T21:42:50.807+0000] {processor.py:840} INFO - DAG(s) 'example_trigger_target_dag' retrieved from /home/airflow/.local/lib/python3.12/site-packages/airflow/example_dags/example_trigger_target_dag.py
[2026-03-29T21:42:50.824+0000] {logging_mixin.py:188} INFO - [2026-03-29T21:42:50.824+0000] {dag.py:3089} INFO - Sync 1 DAGs
[2026-03-29T21:42:50.835+0000] {logging_mixin.py:188} INFO - [2026-03-29T21:42:50.834+0000] {dag.py:3947} INFO - Setting next_dagrun for example_trigger_target_dag to None, run_after=None
[2026-03-29T21:42:50.847+0000] {processor.py:183} INFO - Processing /home/airflow/.local/lib/python3.12/site-packages/airflow/example_dags/example_trigger_target_dag.py took 0.051 seconds
[2026-03-29T21:43:22.385+0000] {processor.py:161} INFO - Started process (PID=1359) to work on /home/airflow/.local/lib/python3.12/site-packages/airflow/example_dags/example_trigger_target_dag.py
[2026-03-29T21:43:22.386+0000] {processor.py:830} INFO - Processing file /home/airflow/.local/lib/python3.12/site-packages/airflow/example_dags/example_trigger_target_dag.py for tasks to queue
[2026-03-29T21:43:22.388+0000] {logging_mixin.py:188} INFO - [2026-03-29T21:43:22.388+0000] {dagbag.py:545} INFO - Filling up the DagBag from /home/airflow/.local/lib/python3.12/site-packages/airflow/example_dags/example_trigger_target_dag.py
[2026-03-29T21:43:22.395+0000] {processor.py:840} INFO - DAG(s) 'example_trigger_target_dag' retrieved from /home/airflow/.local/lib/python3.12/site-packages/airflow/example_dags/example_trigger_target_dag.py
[2026-03-29T21:43:22.413+0000] {logging_mixin.py:188} INFO - [2026-03-29T21:43:22.413+0000] {dag.py:3089} INFO - Sync 1 DAGs
[2026-03-29T21:43:22.423+0000] {logging_mixin.py:188} INFO - [2026-03-29T21:43:22.423+0000] {dag.py:3947} INFO - Setting next_dagrun for example_trigger_target_dag to None, run_after=None
[2026-03-29T21:43:22.437+0000] {processor.py:183} INFO - Processing /home/airflow/.local/lib/python3.12/site-packages/airflow/example_dags/example_trigger_target_dag.py took 0.056 seconds
[2026-03-29T21:43:53.274+0000] {processor.py:161} INFO - Started process (PID=1411) to work on /home/airflow/.local/lib/python3.12/site-packages/airflow/example_dags/example_trigger_target_dag.py
[2026-03-29T21:43:53.276+0000] {processor.py:830} INFO - Processing file /home/airflow/.local/lib/python3.12/site-packages/airflow/example_dags/example_trigger_target_dag.py for tasks to queue
[2026-03-29T21:43:53.279+0000] {logging_mixin.py:188} INFO - [2026-03-29T21:43:53.279+0000] {dagbag.py:545} INFO - Filling up the DagBag from /home/airflow/.local/lib/python3.12/site-packages/airflow/example_dags/example_trigger_target_dag.py
[2026-03-29T21:43:53.287+0000] {processor.py:840} INFO - DAG(s) 'example_trigger_target_dag' retrieved from /home/airflow/.local/lib/python3.12/site-packages/airflow/example_dags/example_trigger_target_dag.py
[2026-03-29T21:43:53.313+0000] {logging_mixin.py:188} INFO - [2026-03-29T21:43:53.313+0000] {dag.py:3089} INFO - Sync 1 DAGs
[2026-03-29T21:43:53.396+0000] {logging_mixin.py:188} INFO - [2026-03-29T21:43:53.395+0000] {dag.py:3947} INFO - Setting next_dagrun for example_trigger_target_dag to None, run_after=None
[2026-03-29T21:43:53.452+0000] {processor.py:183} INFO - Processing /home/airflow/.local/lib/python3.12/site-packages/airflow/example_dags/example_trigger_target_dag.py took 0.185 seconds
[2026-03-29T21:44:24.253+0000] {processor.py:161} INFO - Started process (PID=1463) to work on /home/airflow/.local/lib/python3.12/site-packages/airflow/example_dags/example_trigger_target_dag.py
[2026-03-29T21:44:24.254+0000] {processor.py:830} INFO - Processing file /home/airflow/.local/lib/python3.12/site-packages/airflow/example_dags/example_trigger_target_dag.py for tasks to queue
[2026-03-29T21:44:24.256+0000] {logging_mixin.py:188} INFO - [2026-03-29T21:44:24.256+0000] {dagbag.py:545} INFO - Filling up the DagBag from /home/airflow/.local/lib/python3.12/site-packages/airflow/example_dags/example_trigger_target_dag.py
[2026-03-29T21:44:24.262+0000] {processor.py:840} INFO - DAG(s) 'example_trigger_target_dag' retrieved from /home/airflow/.local/lib/python3.12/site-packages/airflow/example_dags/example_trigger_target_dag.py
[2026-03-29T21:44:24.292+0000] {logging_mixin.py:188} INFO - [2026-03-29T21:44:24.292+0000] {dag.py:3089} INFO - Sync 1 DAGs
[2026-03-29T21:44:24.318+0000] {logging_mixin.py:188} INFO - [2026-03-29T21:44:24.317+0000] {dag.py:3947} INFO - Setting next_dagrun for example_trigger_target_dag to None, run_after=None
[2026-03-29T21:44:24.360+0000] {processor.py:183} INFO - Processing /home/airflow/.local/lib/python3.12/site-packages/airflow/example_dags/example_trigger_target_dag.py took 0.119 seconds
[2026-03-29T21:44:54.918+0000] {processor.py:161} INFO - Started process (PID=1515) to work on /home/airflow/.local/lib/python3.12/site-packages/airflow/example_dags/example_trigger_target_dag.py
[2026-03-29T21:44:54.920+0000] {processor.py:830} INFO - Processing file /home/airflow/.local/lib/python3.12/site-packages/airflow/example_dags/example_trigger_target_dag.py for tasks to queue
[2026-03-29T21:44:54.922+0000] {logging_mixin.py:188} INFO - [2026-03-29T21:44:54.922+0000] {dagbag.py:545} INFO - Filling up the DagBag from /home/airflow/.local/lib/python3.12/site-packages/airflow/example_dags/example_trigger_target_dag.py
[2026-03-29T21:44:54.932+0000] {processor.py:840} INFO - DAG(s) 'example_trigger_target_dag' retrieved from /home/airflow/.local/lib/python3.12/site-packages/airflow/example_dags/example_trigger_target_dag.py
[2026-03-29T21:44:54.958+0000] {logging_mixin.py:188} INFO - [2026-03-29T21:44:54.958+0000] {dag.py:3089} INFO - Sync 1 DAGs
[2026-03-29T21:44:54.973+0000] {logging_mixin.py:188} INFO - [2026-03-29T21:44:54.973+0000] {dag.py:3947} INFO - Setting next_dagrun for example_trigger_target_dag to None, run_after=None
[2026-03-29T21:44:54.992+0000] {processor.py:183} INFO - Processing /home/airflow/.local/lib/python3.12/site-packages/airflow/example_dags/example_trigger_target_dag.py took 0.083 seconds
[2026-03-29T21:45:26.178+0000] {processor.py:161} INFO - Started process (PID=1567) to work on /home/airflow/.local/lib/python3.12/site-packages/airflow/example_dags/example_trigger_target_dag.py
[2026-03-29T21:45:26.179+0000] {processor.py:830} INFO - Processing file /home/airflow/.local/lib/python3.12/site-packages/airflow/example_dags/example_trigger_target_dag.py for tasks to queue
[2026-03-29T21:45:26.182+0000] {logging_mixin.py:188} INFO - [2026-03-29T21:45:26.182+0000] {dagbag.py:545} INFO - Filling up the DagBag from /home/airflow/.local/lib/python3.12/site-packages/airflow/example_dags/example_trigger_target_dag.py
[2026-03-29T21:45:26.189+0000] {processor.py:840} INFO - DAG(s) 'example_trigger_target_dag' retrieved from /home/airflow/.local/lib/python3.12/site-packages/airflow/example_dags/example_trigger_target_dag.py
[2026-03-29T21:45:26.209+0000] {logging_mixin.py:188} INFO - [2026-03-29T21:45:26.209+0000] {dag.py:3089} INFO - Sync 1 DAGs
[2026-03-29T21:45:26.222+0000] {logging_mixin.py:188} INFO - [2026-03-29T21:45:26.222+0000] {dag.py:3947} INFO - Setting next_dagrun for example_trigger_target_dag to None, run_after=None
[2026-03-29T21:45:26.240+0000] {processor.py:183} INFO - Processing /home/airflow/.local/lib/python3.12/site-packages/airflow/example_dags/example_trigger_target_dag.py took 0.069 seconds
[2026-03-29T21:45:57.300+0000] {processor.py:161} INFO - Started process (PID=1619) to work on /home/airflow/.local/lib/python3.12/site-packages/airflow/example_dags/example_trigger_target_dag.py
[2026-03-29T21:45:57.301+0000] {processor.py:830} INFO - Processing file /home/airflow/.local/lib/python3.12/site-packages/airflow/example_dags/example_trigger_target_dag.py for tasks to queue
[2026-03-29T21:45:57.303+0000] {logging_mixin.py:188} INFO - [2026-03-29T21:45:57.303+0000] {dagbag.py:545} INFO - Filling up the DagBag from /home/airflow/.local/lib/python3.12/site-packages/airflow/example_dags/example_trigger_target_dag.py
[2026-03-29T21:45:57.308+0000] {processor.py:840} INFO - DAG(s) 'example_trigger_target_dag' retrieved from /home/airflow/.local/lib/python3.12/site-packages/airflow/example_dags/example_trigger_target_dag.py
[2026-03-29T21:45:57.325+0000] {logging_mixin.py:188} INFO - [2026-03-29T21:45:57.325+0000] {dag.py:3089} INFO - Sync 1 DAGs
[2026-03-29T21:45:57.333+0000] {logging_mixin.py:188} INFO - [2026-03-29T21:45:57.333+0000] {dag.py:3947} INFO - Setting next_dagrun for example_trigger_target_dag to None, run_after=None
[2026-03-29T21:45:57.359+0000] {processor.py:183} INFO - Processing /home/airflow/.local/lib/python3.12/site-packages/airflow/example_dags/example_trigger_target_dag.py took 0.064 seconds
[2026-03-29T21:46:28.414+0000] {processor.py:161} INFO - Started process (PID=1671) to work on /home/airflow/.local/lib/python3.12/site-packages/airflow/example_dags/example_trigger_target_dag.py
[2026-03-29T21:46:28.415+0000] {processor.py:830} INFO - Processing file /home/airflow/.local/lib/python3.12/site-packages/airflow/example_dags/example_trigger_target_dag.py for tasks to queue
[2026-03-29T21:46:28.416+0000] {logging_mixin.py:188} INFO - [2026-03-29T21:46:28.416+0000] {dagbag.py:545} INFO - Filling up the DagBag from /home/airflow/.local/lib/python3.12/site-packages/airflow/example_dags/example_trigger_target_dag.py
[2026-03-29T21:46:28.421+0000] {processor.py:840} INFO - DAG(s) 'example_trigger_target_dag' retrieved from /home/airflow/.local/lib/python3.12/site-packages/airflow/example_dags/example_trigger_target_dag.py
[2026-03-29T21:46:28.436+0000] {logging_mixin.py:188} INFO - [2026-03-29T21:46:28.436+0000] {dag.py:3089} INFO - Sync 1 DAGs
[2026-03-29T21:46:28.449+0000] {logging_mixin.py:188} INFO - [2026-03-29T21:46:28.448+0000] {dag.py:3947} INFO - Setting next_dagrun for example_trigger_target_dag to None, run_after=None
[2026-03-29T21:46:28.462+0000] {processor.py:183} INFO - Processing /home/airflow/.local/lib/python3.12/site-packages/airflow/example_dags/example_trigger_target_dag.py took 0.053 seconds
[2026-03-29T21:46:59.312+0000] {processor.py:161} INFO - Started process (PID=1723) to work on /home/airflow/.local/lib/python3.12/site-packages/airflow/example_dags/example_trigger_target_dag.py
[2026-03-29T21:46:59.313+0000] {processor.py:830} INFO - Processing file /home/airflow/.local/lib/python3.12/site-packages/airflow/example_dags/example_trigger_target_dag.py for tasks to queue
[2026-03-29T21:46:59.315+0000] {logging_mixin.py:188} INFO - [2026-03-29T21:46:59.315+0000] {dagbag.py:545} INFO - Filling up the DagBag from /home/airflow/.local/lib/python3.12/site-packages/airflow/example_dags/example_trigger_target_dag.py
[2026-03-29T21:46:59.321+0000] {processor.py:840} INFO - DAG(s) 'example_trigger_target_dag' retrieved from /home/airflow/.local/lib/python3.12/site-packages/airflow/example_dags/example_trigger_target_dag.py
[2026-03-29T21:46:59.342+0000] {logging_mixin.py:188} INFO - [2026-03-29T21:46:59.342+0000] {dag.py:3089} INFO - Sync 1 DAGs
[2026-03-29T21:46:59.357+0000] {logging_mixin.py:188} INFO - [2026-03-29T21:46:59.357+0000] {dag.py:3947} INFO - Setting next_dagrun for example_trigger_target_dag to None, run_after=None
[2026-03-29T21:46:59.378+0000] {processor.py:183} INFO - Processing /home/airflow/.local/lib/python3.12/site-packages/airflow/example_dags/example_trigger_target_dag.py took 0.078 seconds
[2026-03-29T21:47:29.794+0000] {processor.py:161} INFO - Started process (PID=1774) to work on /home/airflow/.local/lib/python3.12/site-packages/airflow/example_dags/example_trigger_target_dag.py
[2026-03-29T21:47:29.796+0000] {processor.py:830} INFO - Processing file /home/airflow/.local/lib/python3.12/site-packages/airflow/example_dags/example_trigger_target_dag.py for tasks to queue
[2026-03-29T21:47:29.797+0000] {logging_mixin.py:188} INFO - [2026-03-29T21:47:29.797+0000] {dagbag.py:545} INFO - Filling up the DagBag from /home/airflow/.local/lib/python3.12/site-packages/airflow/example_dags/example_trigger_target_dag.py
[2026-03-29T21:47:29.801+0000] {processor.py:840} INFO - DAG(s) 'example_trigger_target_dag' retrieved from /home/airflow/.local/lib/python3.12/site-packages/airflow/example_dags/example_trigger_target_dag.py
[2026-03-29T21:47:29.818+0000] {logging_mixin.py:188} INFO - [2026-03-29T21:47:29.818+0000] {dag.py:3089} INFO - Sync 1 DAGs
[2026-03-29T21:47:29.940+0000] {logging_mixin.py:188} INFO - [2026-03-29T21:47:29.939+0000] {dag.py:3947} INFO - Setting next_dagrun for example_trigger_target_dag to None, run_after=None
[2026-03-29T21:47:29.953+0000] {processor.py:183} INFO - Processing /home/airflow/.local/lib/python3.12/site-packages/airflow/example_dags/example_trigger_target_dag.py took 0.163 seconds
[2026-03-29T21:48:00.315+0000] {processor.py:161} INFO - Started process (PID=1826) to work on /home/airflow/.local/lib/python3.12/site-packages/airflow/example_dags/example_trigger_target_dag.py
[2026-03-29T21:48:00.316+0000] {processor.py:830} INFO - Processing file /home/airflow/.local/lib/python3.12/site-packages/airflow/example_dags/example_trigger_target_dag.py for tasks to queue
[2026-03-29T21:48:00.320+0000] {logging_mixin.py:188} INFO - [2026-03-29T21:48:00.320+0000] {dagbag.py:545} INFO - Filling up the DagBag from /home/airflow/.local/lib/python3.12/site-packages/airflow/example_dags/example_trigger_target_dag.py
[2026-03-29T21:48:00.345+0000] {processor.py:840} INFO - DAG(s) 'example_trigger_target_dag' retrieved from /home/airflow/.local/lib/python3.12/site-packages/airflow/example_dags/example_trigger_target_dag.py
[2026-03-29T21:48:00.367+0000] {logging_mixin.py:188} INFO - [2026-03-29T21:48:00.367+0000] {dag.py:3089} INFO - Sync 1 DAGs
[2026-03-29T21:48:00.381+0000] {logging_mixin.py:188} INFO - [2026-03-29T21:48:00.381+0000] {dag.py:3947} INFO - Setting next_dagrun for example_trigger_target_dag to None, run_after=None
[2026-03-29T21:48:00.401+0000] {processor.py:183} INFO - Processing /home/airflow/.local/lib/python3.12/site-packages/airflow/example_dags/example_trigger_target_dag.py took 0.094 seconds
[2026-03-29T21:48:30.474+0000] {processor.py:161} INFO - Started process (PID=1878) to work on /home/airflow/.local/lib/python3.12/site-packages/airflow/example_dags/example_trigger_target_dag.py
[2026-03-29T21:48:30.475+0000] {processor.py:830} INFO - Processing file /home/airflow/.local/lib/python3.12/site-packages/airflow/example_dags/example_trigger_target_dag.py for tasks to queue
[2026-03-29T21:48:30.476+0000] {logging_mixin.py:188} INFO - [2026-03-29T21:48:30.476+0000] {dagbag.py:545} INFO - Filling up the DagBag from /home/airflow/.local/lib/python3.12/site-packages/airflow/example_dags/example_trigger_target_dag.py
[2026-03-29T21:48:30.481+0000] {processor.py:840} INFO - DAG(s) 'example_trigger_target_dag' retrieved from /home/airflow/.local/lib/python3.12/site-packages/airflow/example_dags/example_trigger_target_dag.py
[2026-03-29T21:48:30.494+0000] {logging_mixin.py:188} INFO - [2026-03-29T21:48:30.494+0000] {dag.py:3089} INFO - Sync 1 DAGs
[2026-03-29T21:48:30.503+0000] {logging_mixin.py:188} INFO - [2026-03-29T21:48:30.502+0000] {dag.py:3947} INFO - Setting next_dagrun for example_trigger_target_dag to None, run_after=None
[2026-03-29T21:48:30.515+0000] {processor.py:183} INFO - Processing /home/airflow/.local/lib/python3.12/site-packages/airflow/example_dags/example_trigger_target_dag.py took 0.046 seconds
[2026-03-29T21:49:01.025+0000] {processor.py:161} INFO - Started process (PID=1930) to work on /home/airflow/.local/lib/python3.12/site-packages/airflow/example_dags/example_trigger_target_dag.py
[2026-03-29T21:49:01.026+0000] {processor.py:830} INFO - Processing file /home/airflow/.local/lib/python3.12/site-packages/airflow/example_dags/example_trigger_target_dag.py for tasks to queue
[2026-03-29T21:49:01.028+0000] {logging_mixin.py:188} INFO - [2026-03-29T21:49:01.028+0000] {dagbag.py:545} INFO - Filling up the DagBag from /home/airflow/.local/lib/python3.12/site-packages/airflow/example_dags/example_trigger_target_dag.py
[2026-03-29T21:49:01.035+0000] {processor.py:840} INFO - DAG(s) 'example_trigger_target_dag' retrieved from /home/airflow/.local/lib/python3.12/site-packages/airflow/example_dags/example_trigger_target_dag.py
[2026-03-29T21:49:01.058+0000] {logging_mixin.py:188} INFO - [2026-03-29T21:49:01.058+0000] {dag.py:3089} INFO - Sync 1 DAGs
[2026-03-29T21:49:01.073+0000] {logging_mixin.py:188} INFO - [2026-03-29T21:49:01.073+0000] {dag.py:3947} INFO - Setting next_dagrun for example_trigger_target_dag to None, run_after=None
[2026-03-29T21:49:01.088+0000] {processor.py:183} INFO - Processing /home/airflow/.local/lib/python3.12/site-packages/airflow/example_dags/example_trigger_target_dag.py took 0.069 seconds
[2026-03-29T21:49:31.616+0000] {processor.py:161} INFO - Started process (PID=1982) to work on /home/airflow/.local/lib/python3.12/site-packages/airflow/example_dags/example_trigger_target_dag.py
[2026-03-29T21:49:31.617+0000] {processor.py:830} INFO - Processing file /home/airflow/.local/lib/python3.12/site-packages/airflow/example_dags/example_trigger_target_dag.py for tasks to queue
[2026-03-29T21:49:31.620+0000] {logging_mixin.py:188} INFO - [2026-03-29T21:49:31.620+0000] {dagbag.py:545} INFO - Filling up the DagBag from /home/airflow/.local/lib/python3.12/site-packages/airflow/example_dags/example_trigger_target_dag.py
[2026-03-29T21:49:31.762+0000] {processor.py:840} INFO - DAG(s) 'example_trigger_target_dag' retrieved from /home/airflow/.local/lib/python3.12/site-packages/airflow/example_dags/example_trigger_target_dag.py
[2026-03-29T21:49:31.777+0000] {logging_mixin.py:188} INFO - [2026-03-29T21:49:31.777+0000] {dag.py:3089} INFO - Sync 1 DAGs
[2026-03-29T21:49:31.784+0000] {logging_mixin.py:188} INFO - [2026-03-29T21:49:31.784+0000] {dag.py:3947} INFO - Setting next_dagrun for example_trigger_target_dag to None, run_after=None
[2026-03-29T21:49:31.797+0000] {processor.py:183} INFO - Processing /home/airflow/.local/lib/python3.12/site-packages/airflow/example_dags/example_trigger_target_dag.py took 0.187 seconds
[2026-03-29T21:50:02.288+0000] {processor.py:161} INFO - Started process (PID=2032) to work on /home/airflow/.local/lib/python3.12/site-packages/airflow/example_dags/example_trigger_target_dag.py
[2026-03-29T21:50:02.291+0000] {processor.py:830} INFO - Processing file /home/airflow/.local/lib/python3.12/site-packages/airflow/example_dags/example_trigger_target_dag.py for tasks to queue
[2026-03-29T21:50:02.292+0000] {logging_mixin.py:188} INFO - [2026-03-29T21:50:02.292+0000] {dagbag.py:545} INFO - Filling up the DagBag from /home/airflow/.local/lib/python3.12/site-packages/airflow/example_dags/example_trigger_target_dag.py
[2026-03-29T21:50:02.297+0000] {processor.py:840} INFO - DAG(s) 'example_trigger_target_dag' retrieved from /home/airflow/.local/lib/python3.12/site-packages/airflow/example_dags/example_trigger_target_dag.py
[2026-03-29T21:50:02.317+0000] {logging_mixin.py:188} INFO - [2026-03-29T21:50:02.316+0000] {dag.py:3089} INFO - Sync 1 DAGs
[2026-03-29T21:50:02.327+0000] {logging_mixin.py:188} INFO - [2026-03-29T21:50:02.326+0000] {dag.py:3947} INFO - Setting next_dagrun for example_trigger_target_dag to None, run_after=None
[2026-03-29T21:50:02.347+0000] {processor.py:183} INFO - Processing /home/airflow/.local/lib/python3.12/site-packages/airflow/example_dags/example_trigger_target_dag.py took 0.063 seconds
[2026-03-29T21:50:32.512+0000] {processor.py:161} INFO - Started process (PID=2084) to work on /home/airflow/.local/lib/python3.12/site-packages/airflow/example_dags/example_trigger_target_dag.py
[2026-03-29T21:50:32.513+0000] {processor.py:830} INFO - Processing file /home/airflow/.local/lib/python3.12/site-packages/airflow/example_dags/example_trigger_target_dag.py for tasks to queue
[2026-03-29T21:50:32.516+0000] {logging_mixin.py:188} INFO - [2026-03-29T21:50:32.516+0000] {dagbag.py:545} INFO - Filling up the DagBag from /home/airflow/.local/lib/python3.12/site-packages/airflow/example_dags/example_trigger_target_dag.py
[2026-03-29T21:50:32.529+0000] {processor.py:840} INFO - DAG(s) 'example_trigger_target_dag' retrieved from /home/airflow/.local/lib/python3.12/site-packages/airflow/example_dags/example_trigger_target_dag.py
[2026-03-29T21:50:32.553+0000] {logging_mixin.py:188} INFO - [2026-03-29T21:50:32.553+0000] {dag.py:3089} INFO - Sync 1 DAGs
[2026-03-29T21:50:32.571+0000] {logging_mixin.py:188} INFO - [2026-03-29T21:50:32.571+0000] {dag.py:3947} INFO - Setting next_dagrun for example_trigger_target_dag to None, run_after=None
[2026-03-29T21:50:32.599+0000] {processor.py:183} INFO - Processing /home/airflow/.local/lib/python3.12/site-packages/airflow/example_dags/example_trigger_target_dag.py took 0.095 seconds
[2026-03-29T21:51:03.635+0000] {processor.py:161} INFO - Started process (PID=2136) to work on /home/airflow/.local/lib/python3.12/site-packages/airflow/example_dags/example_trigger_target_dag.py
[2026-03-29T21:51:03.636+0000] {processor.py:830} INFO - Processing file /home/airflow/.local/lib/python3.12/site-packages/airflow/example_dags/example_trigger_target_dag.py for tasks to queue
[2026-03-29T21:51:03.638+0000] {logging_mixin.py:188} INFO - [2026-03-29T21:51:03.638+0000] {dagbag.py:545} INFO - Filling up the DagBag from /home/airflow/.local/lib/python3.12/site-packages/airflow/example_dags/example_trigger_target_dag.py
[2026-03-29T21:51:03.642+0000] {processor.py:840} INFO - DAG(s) 'example_trigger_target_dag' retrieved from /home/airflow/.local/lib/python3.12/site-packages/airflow/example_dags/example_trigger_target_dag.py
[2026-03-29T21:51:03.664+0000] {logging_mixin.py:188} INFO - [2026-03-29T21:51:03.664+0000] {dag.py:3089} INFO - Sync 1 DAGs
[2026-03-29T21:51:03.675+0000] {logging_mixin.py:188} INFO - [2026-03-29T21:51:03.675+0000] {dag.py:3947} INFO - Setting next_dagrun for example_trigger_target_dag to None, run_after=None
[2026-03-29T21:51:03.693+0000] {processor.py:183} INFO - Processing /home/airflow/.local/lib/python3.12/site-packages/airflow/example_dags/example_trigger_target_dag.py took 0.063 seconds
[2026-03-29T21:51:33.861+0000] {processor.py:161} INFO - Started process (PID=2188) to work on /home/airflow/.local/lib/python3.12/site-packages/airflow/example_dags/example_trigger_target_dag.py
[2026-03-29T21:51:33.862+0000] {processor.py:830} INFO - Processing file /home/airflow/.local/lib/python3.12/site-packages/airflow/example_dags/example_trigger_target_dag.py for tasks to queue
[2026-03-29T21:51:33.863+0000] {logging_mixin.py:188} INFO - [2026-03-29T21:51:33.863+0000] {dagbag.py:545} INFO - Filling up the DagBag from /home/airflow/.local/lib/python3.12/site-packages/airflow/example_dags/example_trigger_target_dag.py
[2026-03-29T21:51:33.868+0000] {processor.py:840} INFO - DAG(s) 'example_trigger_target_dag' retrieved from /home/airflow/.local/lib/python3.12/site-packages/airflow/example_dags/example_trigger_target_dag.py
[2026-03-29T21:51:33.889+0000] {logging_mixin.py:188} INFO - [2026-03-29T21:51:33.889+0000] {dag.py:3089} INFO - Sync 1 DAGs
[2026-03-29T21:51:33.899+0000] {logging_mixin.py:188} INFO - [2026-03-29T21:51:33.899+0000] {dag.py:3947} INFO - Setting next_dagrun for example_trigger_target_dag to None, run_after=None
[2026-03-29T21:51:33.916+0000] {processor.py:183} INFO - Processing /home/airflow/.local/lib/python3.12/site-packages/airflow/example_dags/example_trigger_target_dag.py took 0.061 seconds
[2026-03-29T21:52:04.048+0000] {processor.py:161} INFO - Started process (PID=2240) to work on /home/airflow/.local/lib/python3.12/site-packages/airflow/example_dags/example_trigger_target_dag.py
[2026-03-29T21:52:04.050+0000] {processor.py:830} INFO - Processing file /home/airflow/.local/lib/python3.12/site-packages/airflow/example_dags/example_trigger_target_dag.py for tasks to queue
[2026-03-29T21:52:04.052+0000] {logging_mixin.py:188} INFO - [2026-03-29T21:52:04.052+0000] {dagbag.py:545} INFO - Filling up the DagBag from /home/airflow/.local/lib/python3.12/site-packages/airflow/example_dags/example_trigger_target_dag.py
[2026-03-29T21:52:04.058+0000] {processor.py:840} INFO - DAG(s) 'example_trigger_target_dag' retrieved from /home/airflow/.local/lib/python3.12/site-packages/airflow/example_dags/example_trigger_target_dag.py
[2026-03-29T21:52:04.077+0000] {logging_mixin.py:188} INFO - [2026-03-29T21:52:04.075+0000] {dag.py:3089} INFO - Sync 1 DAGs
[2026-03-29T21:52:04.087+0000] {logging_mixin.py:188} INFO - [2026-03-29T21:52:04.087+0000] {dag.py:3947} INFO - Setting next_dagrun for example_trigger_target_dag to None, run_after=None
[2026-03-29T21:52:04.105+0000] {processor.py:183} INFO - Processing /home/airflow/.local/lib/python3.12/site-packages/airflow/example_dags/example_trigger_target_dag.py took 0.063 seconds
[2026-03-29T21:52:34.687+0000] {processor.py:161} INFO - Started process (PID=2292) to work on /home/airflow/.local/lib/python3.12/site-packages/airflow/example_dags/example_trigger_target_dag.py
[2026-03-29T21:52:34.688+0000] {processor.py:830} INFO - Processing file /home/airflow/.local/lib/python3.12/site-packages/airflow/example_dags/example_trigger_target_dag.py for tasks to queue
[2026-03-29T21:52:34.689+0000] {logging_mixin.py:188} INFO - [2026-03-29T21:52:34.689+0000] {dagbag.py:545} INFO - Filling up the DagBag from /home/airflow/.local/lib/python3.12/site-packages/airflow/example_dags/example_trigger_target_dag.py
[2026-03-29T21:52:34.695+0000] {processor.py:840} INFO - DAG(s) 'example_trigger_target_dag' retrieved from /home/airflow/.local/lib/python3.12/site-packages/airflow/example_dags/example_trigger_target_dag.py
[2026-03-29T21:52:34.715+0000] {logging_mixin.py:188} INFO - [2026-03-29T21:52:34.715+0000] {dag.py:3089} INFO - Sync 1 DAGs
[2026-03-29T21:52:34.728+0000] {logging_mixin.py:188} INFO - [2026-03-29T21:52:34.727+0000] {dag.py:3947} INFO - Setting next_dagrun for example_trigger_target_dag to None, run_after=None
[2026-03-29T21:52:34.750+0000] {processor.py:183} INFO - Processing /home/airflow/.local/lib/python3.12/site-packages/airflow/example_dags/example_trigger_target_dag.py took 0.071 seconds
[2026-03-29T21:53:05.287+0000] {processor.py:161} INFO - Started process (PID=2344) to work on /home/airflow/.local/lib/python3.12/site-packages/airflow/example_dags/example_trigger_target_dag.py
[2026-03-29T21:53:05.289+0000] {processor.py:830} INFO - Processing file /home/airflow/.local/lib/python3.12/site-packages/airflow/example_dags/example_trigger_target_dag.py for tasks to queue
[2026-03-29T21:53:05.291+0000] {logging_mixin.py:188} INFO - [2026-03-29T21:53:05.291+0000] {dagbag.py:545} INFO - Filling up the DagBag from /home/airflow/.local/lib/python3.12/site-packages/airflow/example_dags/example_trigger_target_dag.py
[2026-03-29T21:53:05.300+0000] {processor.py:840} INFO - DAG(s) 'example_trigger_target_dag' retrieved from /home/airflow/.local/lib/python3.12/site-packages/airflow/example_dags/example_trigger_target_dag.py
[2026-03-29T21:53:05.323+0000] {logging_mixin.py:188} INFO - [2026-03-29T21:53:05.322+0000] {dag.py:3089} INFO - Sync 1 DAGs
[2026-03-29T21:53:05.334+0000] {logging_mixin.py:188} INFO - [2026-03-29T21:53:05.334+0000] {dag.py:3947} INFO - Setting next_dagrun for example_trigger_target_dag to None, run_after=None
[2026-03-29T21:53:05.354+0000] {processor.py:183} INFO - Processing /home/airflow/.local/lib/python3.12/site-packages/airflow/example_dags/example_trigger_target_dag.py took 0.072 seconds
[2026-03-29T21:53:35.516+0000] {processor.py:161} INFO - Started process (PID=2396) to work on /home/airflow/.local/lib/python3.12/site-packages/airflow/example_dags/example_trigger_target_dag.py
[2026-03-29T21:53:35.517+0000] {processor.py:830} INFO - Processing file /home/airflow/.local/lib/python3.12/site-packages/airflow/example_dags/example_trigger_target_dag.py for tasks to queue
[2026-03-29T21:53:35.518+0000] {logging_mixin.py:188} INFO - [2026-03-29T21:53:35.518+0000] {dagbag.py:545} INFO - Filling up the DagBag from /home/airflow/.local/lib/python3.12/site-packages/airflow/example_dags/example_trigger_target_dag.py
[2026-03-29T21:53:35.524+0000] {processor.py:840} INFO - DAG(s) 'example_trigger_target_dag' retrieved from /home/airflow/.local/lib/python3.12/site-packages/airflow/example_dags/example_trigger_target_dag.py
[2026-03-29T21:53:35.541+0000] {logging_mixin.py:188} INFO - [2026-03-29T21:53:35.541+0000] {dag.py:3089} INFO - Sync 1 DAGs
[2026-03-29T21:53:35.551+0000] {logging_mixin.py:188} INFO - [2026-03-29T21:53:35.551+0000] {dag.py:3947} INFO - Setting next_dagrun for example_trigger_target_dag to None, run_after=None
[2026-03-29T21:53:35.567+0000] {processor.py:183} INFO - Processing /home/airflow/.local/lib/python3.12/site-packages/airflow/example_dags/example_trigger_target_dag.py took 0.056 seconds
[2026-03-29T21:54:05.834+0000] {processor.py:161} INFO - Started process (PID=2448) to work on /home/airflow/.local/lib/python3.12/site-packages/airflow/example_dags/example_trigger_target_dag.py
[2026-03-29T21:54:05.835+0000] {processor.py:830} INFO - Processing file /home/airflow/.local/lib/python3.12/site-packages/airflow/example_dags/example_trigger_target_dag.py for tasks to queue
[2026-03-29T21:54:05.836+0000] {logging_mixin.py:188} INFO - [2026-03-29T21:54:05.836+0000] {dagbag.py:545} INFO - Filling up the DagBag from /home/airflow/.local/lib/python3.12/site-packages/airflow/example_dags/example_trigger_target_dag.py
[2026-03-29T21:54:05.841+0000] {processor.py:840} INFO - DAG(s) 'example_trigger_target_dag' retrieved from /home/airflow/.local/lib/python3.12/site-packages/airflow/example_dags/example_trigger_target_dag.py
[2026-03-29T21:54:05.861+0000] {logging_mixin.py:188} INFO - [2026-03-29T21:54:05.861+0000] {dag.py:3089} INFO - Sync 1 DAGs
[2026-03-29T21:54:05.873+0000] {logging_mixin.py:188} INFO - [2026-03-29T21:54:05.873+0000] {dag.py:3947} INFO - Setting next_dagrun for example_trigger_target_dag to None, run_after=None
[2026-03-29T21:54:05.897+0000] {processor.py:183} INFO - Processing /home/airflow/.local/lib/python3.12/site-packages/airflow/example_dags/example_trigger_target_dag.py took 0.068 seconds
[2026-03-29T21:54:36.463+0000] {processor.py:161} INFO - Started process (PID=2500) to work on /home/airflow/.local/lib/python3.12/site-packages/airflow/example_dags/example_trigger_target_dag.py
[2026-03-29T21:54:36.464+0000] {processor.py:830} INFO - Processing file /home/airflow/.local/lib/python3.12/site-packages/airflow/example_dags/example_trigger_target_dag.py for tasks to queue
[2026-03-29T21:54:36.465+0000] {logging_mixin.py:188} INFO - [2026-03-29T21:54:36.465+0000] {dagbag.py:545} INFO - Filling up the DagBag from /home/airflow/.local/lib/python3.12/site-packages/airflow/example_dags/example_trigger_target_dag.py
[2026-03-29T21:54:36.470+0000] {processor.py:840} INFO - DAG(s) 'example_trigger_target_dag' retrieved from /home/airflow/.local/lib/python3.12/site-packages/airflow/example_dags/example_trigger_target_dag.py
[2026-03-29T21:54:36.493+0000] {logging_mixin.py:188} INFO - [2026-03-29T21:54:36.493+0000] {dag.py:3089} INFO - Sync 1 DAGs
[2026-03-29T21:54:36.506+0000] {logging_mixin.py:188} INFO - [2026-03-29T21:54:36.506+0000] {dag.py:3947} INFO - Setting next_dagrun for example_trigger_target_dag to None, run_after=None
[2026-03-29T21:54:36.529+0000] {processor.py:183} INFO - Processing /home/airflow/.local/lib/python3.12/site-packages/airflow/example_dags/example_trigger_target_dag.py took 0.073 seconds
[2026-03-29T21:55:06.611+0000] {processor.py:161} INFO - Started process (PID=2552) to work on /home/airflow/.local/lib/python3.12/site-packages/airflow/example_dags/example_trigger_target_dag.py
[2026-03-29T21:55:06.612+0000] {processor.py:830} INFO - Processing file /home/airflow/.local/lib/python3.12/site-packages/airflow/example_dags/example_trigger_target_dag.py for tasks to queue
[2026-03-29T21:55:06.613+0000] {logging_mixin.py:188} INFO - [2026-03-29T21:55:06.613+0000] {dagbag.py:545} INFO - Filling up the DagBag from /home/airflow/.local/lib/python3.12/site-packages/airflow/example_dags/example_trigger_target_dag.py
[2026-03-29T21:55:06.619+0000] {processor.py:840} INFO - DAG(s) 'example_trigger_target_dag' retrieved from /home/airflow/.local/lib/python3.12/site-packages/airflow/example_dags/example_trigger_target_dag.py
[2026-03-29T21:55:06.639+0000] {logging_mixin.py:188} INFO - [2026-03-29T21:55:06.638+0000] {dag.py:3089} INFO - Sync 1 DAGs
[2026-03-29T21:55:06.648+0000] {logging_mixin.py:188} INFO - [2026-03-29T21:55:06.648+0000] {dag.py:3947} INFO - Setting next_dagrun for example_trigger_target_dag to None, run_after=None
[2026-03-29T21:55:06.670+0000] {processor.py:183} INFO - Processing /home/airflow/.local/lib/python3.12/site-packages/airflow/example_dags/example_trigger_target_dag.py took 0.063 seconds
[2026-03-29T21:55:37.392+0000] {processor.py:161} INFO - Started process (PID=2604) to work on /home/airflow/.local/lib/python3.12/site-packages/airflow/example_dags/example_trigger_target_dag.py
[2026-03-29T21:55:37.393+0000] {processor.py:830} INFO - Processing file /home/airflow/.local/lib/python3.12/site-packages/airflow/example_dags/example_trigger_target_dag.py for tasks to queue
[2026-03-29T21:55:37.394+0000] {logging_mixin.py:188} INFO - [2026-03-29T21:55:37.394+0000] {dagbag.py:545} INFO - Filling up the DagBag from /home/airflow/.local/lib/python3.12/site-packages/airflow/example_dags/example_trigger_target_dag.py
[2026-03-29T21:55:37.401+0000] {processor.py:840} INFO - DAG(s) 'example_trigger_target_dag' retrieved from /home/airflow/.local/lib/python3.12/site-packages/airflow/example_dags/example_trigger_target_dag.py
[2026-03-29T21:55:37.417+0000] {logging_mixin.py:188} INFO - [2026-03-29T21:55:37.417+0000] {dag.py:3089} INFO - Sync 1 DAGs
[2026-03-29T21:55:37.427+0000] {logging_mixin.py:188} INFO - [2026-03-29T21:55:37.427+0000] {dag.py:3947} INFO - Setting next_dagrun for example_trigger_target_dag to None, run_after=None
[2026-03-29T21:55:37.447+0000] {processor.py:183} INFO - Processing /home/airflow/.local/lib/python3.12/site-packages/airflow/example_dags/example_trigger_target_dag.py took 0.060 seconds
[2026-03-29T21:56:07.969+0000] {processor.py:161} INFO - Started process (PID=2656) to work on /home/airflow/.local/lib/python3.12/site-packages/airflow/example_dags/example_trigger_target_dag.py
[2026-03-29T21:56:07.970+0000] {processor.py:830} INFO - Processing file /home/airflow/.local/lib/python3.12/site-packages/airflow/example_dags/example_trigger_target_dag.py for tasks to queue
[2026-03-29T21:56:07.973+0000] {logging_mixin.py:188} INFO - [2026-03-29T21:56:07.972+0000] {dagbag.py:545} INFO - Filling up the DagBag from /home/airflow/.local/lib/python3.12/site-packages/airflow/example_dags/example_trigger_target_dag.py
[2026-03-29T21:56:07.984+0000] {processor.py:840} INFO - DAG(s) 'example_trigger_target_dag' retrieved from /home/airflow/.local/lib/python3.12/site-packages/airflow/example_dags/example_trigger_target_dag.py
[2026-03-29T21:56:08.002+0000] {logging_mixin.py:188} INFO - [2026-03-29T21:56:08.002+0000] {dag.py:3089} INFO - Sync 1 DAGs
[2026-03-29T21:56:08.015+0000] {logging_mixin.py:188} INFO - [2026-03-29T21:56:08.015+0000] {dag.py:3947} INFO - Setting next_dagrun for example_trigger_target_dag to None, run_after=None
[2026-03-29T21:56:08.035+0000] {processor.py:183} INFO - Processing /home/airflow/.local/lib/python3.12/site-packages/airflow/example_dags/example_trigger_target_dag.py took 0.071 seconds
[2026-03-29T21:56:38.650+0000] {processor.py:161} INFO - Started process (PID=2708) to work on /home/airflow/.local/lib/python3.12/site-packages/airflow/example_dags/example_trigger_target_dag.py
[2026-03-29T21:56:38.652+0000] {processor.py:830} INFO - Processing file /home/airflow/.local/lib/python3.12/site-packages/airflow/example_dags/example_trigger_target_dag.py for tasks to queue
[2026-03-29T21:56:38.654+0000] {logging_mixin.py:188} INFO - [2026-03-29T21:56:38.654+0000] {dagbag.py:545} INFO - Filling up the DagBag from /home/airflow/.local/lib/python3.12/site-packages/airflow/example_dags/example_trigger_target_dag.py
[2026-03-29T21:56:38.661+0000] {processor.py:840} INFO - DAG(s) 'example_trigger_target_dag' retrieved from /home/airflow/.local/lib/python3.12/site-packages/airflow/example_dags/example_trigger_target_dag.py
[2026-03-29T21:56:38.687+0000] {logging_mixin.py:188} INFO - [2026-03-29T21:56:38.686+0000] {dag.py:3089} INFO - Sync 1 DAGs
[2026-03-29T21:56:38.704+0000] {logging_mixin.py:188} INFO - [2026-03-29T21:56:38.704+0000] {dag.py:3947} INFO - Setting next_dagrun for example_trigger_target_dag to None, run_after=None
[2026-03-29T21:56:38.730+0000] {processor.py:183} INFO - Processing /home/airflow/.local/lib/python3.12/site-packages/airflow/example_dags/example_trigger_target_dag.py took 0.087 seconds
[2026-03-29T21:57:09.372+0000] {processor.py:161} INFO - Started process (PID=2760) to work on /home/airflow/.local/lib/python3.12/site-packages/airflow/example_dags/example_trigger_target_dag.py
[2026-03-29T21:57:09.374+0000] {processor.py:830} INFO - Processing file /home/airflow/.local/lib/python3.12/site-packages/airflow/example_dags/example_trigger_target_dag.py for tasks to queue
[2026-03-29T21:57:09.376+0000] {logging_mixin.py:188} INFO - [2026-03-29T21:57:09.376+0000] {dagbag.py:545} INFO - Filling up the DagBag from /home/airflow/.local/lib/python3.12/site-packages/airflow/example_dags/example_trigger_target_dag.py
[2026-03-29T21:57:09.380+0000] {processor.py:840} INFO - DAG(s) 'example_trigger_target_dag' retrieved from /home/airflow/.local/lib/python3.12/site-packages/airflow/example_dags/example_trigger_target_dag.py
[2026-03-29T21:57:09.396+0000] {logging_mixin.py:188} INFO - [2026-03-29T21:57:09.396+0000] {dag.py:3089} INFO - Sync 1 DAGs
[2026-03-29T21:57:09.411+0000] {logging_mixin.py:188} INFO - [2026-03-29T21:57:09.411+0000] {dag.py:3947} INFO - Setting next_dagrun for example_trigger_target_dag to None, run_after=None
[2026-03-29T21:57:09.429+0000] {processor.py:183} INFO - Processing /home/airflow/.local/lib/python3.12/site-packages/airflow/example_dags/example_trigger_target_dag.py took 0.061 seconds
[2026-03-29T21:57:39.555+0000] {processor.py:161} INFO - Started process (PID=2812) to work on /home/airflow/.local/lib/python3.12/site-packages/airflow/example_dags/example_trigger_target_dag.py
[2026-03-29T21:57:39.556+0000] {processor.py:830} INFO - Processing file /home/airflow/.local/lib/python3.12/site-packages/airflow/example_dags/example_trigger_target_dag.py for tasks to queue
[2026-03-29T21:57:39.557+0000] {logging_mixin.py:188} INFO - [2026-03-29T21:57:39.557+0000] {dagbag.py:545} INFO - Filling up the DagBag from /home/airflow/.local/lib/python3.12/site-packages/airflow/example_dags/example_trigger_target_dag.py
[2026-03-29T21:57:39.561+0000] {processor.py:840} INFO - DAG(s) 'example_trigger_target_dag' retrieved from /home/airflow/.local/lib/python3.12/site-packages/airflow/example_dags/example_trigger_target_dag.py
[2026-03-29T21:57:39.576+0000] {logging_mixin.py:188} INFO - [2026-03-29T21:57:39.575+0000] {dag.py:3089} INFO - Sync 1 DAGs
[2026-03-29T21:57:39.584+0000] {logging_mixin.py:188} INFO - [2026-03-29T21:57:39.584+0000] {dag.py:3947} INFO - Setting next_dagrun for example_trigger_target_dag to None, run_after=None
[2026-03-29T21:57:39.596+0000] {processor.py:183} INFO - Processing /home/airflow/.local/lib/python3.12/site-packages/airflow/example_dags/example_trigger_target_dag.py took 0.046 seconds
[2026-03-29T21:58:10.372+0000] {processor.py:161} INFO - Started process (PID=2864) to work on /home/airflow/.local/lib/python3.12/site-packages/airflow/example_dags/example_trigger_target_dag.py
[2026-03-29T21:58:10.373+0000] {processor.py:830} INFO - Processing file /home/airflow/.local/lib/python3.12/site-packages/airflow/example_dags/example_trigger_target_dag.py for tasks to queue
[2026-03-29T21:58:10.375+0000] {logging_mixin.py:188} INFO - [2026-03-29T21:58:10.375+0000] {dagbag.py:545} INFO - Filling up the DagBag from /home/airflow/.local/lib/python3.12/site-packages/airflow/example_dags/example_trigger_target_dag.py
[2026-03-29T21:58:10.382+0000] {processor.py:840} INFO - DAG(s) 'example_trigger_target_dag' retrieved from /home/airflow/.local/lib/python3.12/site-packages/airflow/example_dags/example_trigger_target_dag.py
[2026-03-29T21:58:10.403+0000] {logging_mixin.py:188} INFO - [2026-03-29T21:58:10.403+0000] {dag.py:3089} INFO - Sync 1 DAGs
[2026-03-29T21:58:10.417+0000] {logging_mixin.py:188} INFO - [2026-03-29T21:58:10.417+0000] {dag.py:3947} INFO - Setting next_dagrun for example_trigger_target_dag to None, run_after=None
[2026-03-29T21:58:10.440+0000] {processor.py:183} INFO - Processing /home/airflow/.local/lib/python3.12/site-packages/airflow/example_dags/example_trigger_target_dag.py took 0.073 seconds
