[2026-03-29T21:30:36.057+0000] {processor.py:161} INFO - Started process (PID=71) to work on /home/airflow/.local/lib/python3.12/site-packages/airflow/example_dags/example_latest_only_with_trigger.py
[2026-03-29T21:30:36.059+0000] {processor.py:830} INFO - Processing file /home/airflow/.local/lib/python3.12/site-packages/airflow/example_dags/example_latest_only_with_trigger.py for tasks to queue
[2026-03-29T21:30:36.068+0000] {logging_mixin.py:188} INFO - [2026-03-29T21:30:36.067+0000] {dagbag.py:545} INFO - Filling up the DagBag from /home/airflow/.local/lib/python3.12/site-packages/airflow/example_dags/example_latest_only_with_trigger.py
[2026-03-29T21:30:36.098+0000] {processor.py:840} INFO - DAG(s) 'latest_only_with_trigger' retrieved from /home/airflow/.local/lib/python3.12/site-packages/airflow/example_dags/example_latest_only_with_trigger.py
[2026-03-29T21:30:36.132+0000] {logging_mixin.py:188} INFO - [2026-03-29T21:30:36.131+0000] {dag.py:3089} INFO - Sync 1 DAGs
[2026-03-29T21:30:36.222+0000] {logging_mixin.py:188} INFO - [2026-03-29T21:30:36.222+0000] {dag.py:3947} INFO - Setting next_dagrun for latest_only_with_trigger to 2026-03-29 16:00:00+00:00, run_after=2026-03-29 20:00:00+00:00
[2026-03-29T21:30:36.264+0000] {processor.py:183} INFO - Processing /home/airflow/.local/lib/python3.12/site-packages/airflow/example_dags/example_latest_only_with_trigger.py took 0.225 seconds
[2026-03-29T21:31:06.711+0000] {processor.py:161} INFO - Started process (PID=123) to work on /home/airflow/.local/lib/python3.12/site-packages/airflow/example_dags/example_latest_only_with_trigger.py
[2026-03-29T21:31:06.713+0000] {processor.py:830} INFO - Processing file /home/airflow/.local/lib/python3.12/site-packages/airflow/example_dags/example_latest_only_with_trigger.py for tasks to queue
[2026-03-29T21:31:06.715+0000] {logging_mixin.py:188} INFO - [2026-03-29T21:31:06.715+0000] {dagbag.py:545} INFO - Filling up the DagBag from /home/airflow/.local/lib/python3.12/site-packages/airflow/example_dags/example_latest_only_with_trigger.py
[2026-03-29T21:31:06.723+0000] {processor.py:840} INFO - DAG(s) 'latest_only_with_trigger' retrieved from /home/airflow/.local/lib/python3.12/site-packages/airflow/example_dags/example_latest_only_with_trigger.py
[2026-03-29T21:31:06.901+0000] {logging_mixin.py:188} INFO - [2026-03-29T21:31:06.900+0000] {dag.py:3089} INFO - Sync 1 DAGs
[2026-03-29T21:31:06.935+0000] {logging_mixin.py:188} INFO - [2026-03-29T21:31:06.935+0000] {dag.py:3947} INFO - Setting next_dagrun for latest_only_with_trigger to 2026-03-29 16:00:00+00:00, run_after=2026-03-29 20:00:00+00:00
[2026-03-29T21:31:06.967+0000] {processor.py:183} INFO - Processing /home/airflow/.local/lib/python3.12/site-packages/airflow/example_dags/example_latest_only_with_trigger.py took 0.264 seconds
[2026-03-29T21:31:37.407+0000] {processor.py:161} INFO - Started process (PID=175) to work on /home/airflow/.local/lib/python3.12/site-packages/airflow/example_dags/example_latest_only_with_trigger.py
[2026-03-29T21:31:37.408+0000] {processor.py:830} INFO - Processing file /home/airflow/.local/lib/python3.12/site-packages/airflow/example_dags/example_latest_only_with_trigger.py for tasks to queue
[2026-03-29T21:31:37.409+0000] {logging_mixin.py:188} INFO - [2026-03-29T21:31:37.409+0000] {dagbag.py:545} INFO - Filling up the DagBag from /home/airflow/.local/lib/python3.12/site-packages/airflow/example_dags/example_latest_only_with_trigger.py
[2026-03-29T21:31:37.413+0000] {processor.py:840} INFO - DAG(s) 'latest_only_with_trigger' retrieved from /home/airflow/.local/lib/python3.12/site-packages/airflow/example_dags/example_latest_only_with_trigger.py
[2026-03-29T21:31:37.426+0000] {logging_mixin.py:188} INFO - [2026-03-29T21:31:37.426+0000] {dag.py:3089} INFO - Sync 1 DAGs
[2026-03-29T21:31:37.441+0000] {logging_mixin.py:188} INFO - [2026-03-29T21:31:37.440+0000] {dag.py:3947} INFO - Setting next_dagrun for latest_only_with_trigger to 2026-03-29 16:00:00+00:00, run_after=2026-03-29 20:00:00+00:00
[2026-03-29T21:31:37.453+0000] {processor.py:183} INFO - Processing /home/airflow/.local/lib/python3.12/site-packages/airflow/example_dags/example_latest_only_with_trigger.py took 0.050 seconds
[2026-03-29T21:32:08.237+0000] {processor.py:161} INFO - Started process (PID=227) to work on /home/airflow/.local/lib/python3.12/site-packages/airflow/example_dags/example_latest_only_with_trigger.py
[2026-03-29T21:32:08.240+0000] {processor.py:830} INFO - Processing file /home/airflow/.local/lib/python3.12/site-packages/airflow/example_dags/example_latest_only_with_trigger.py for tasks to queue
[2026-03-29T21:32:08.243+0000] {logging_mixin.py:188} INFO - [2026-03-29T21:32:08.243+0000] {dagbag.py:545} INFO - Filling up the DagBag from /home/airflow/.local/lib/python3.12/site-packages/airflow/example_dags/example_latest_only_with_trigger.py
[2026-03-29T21:32:08.248+0000] {processor.py:840} INFO - DAG(s) 'latest_only_with_trigger' retrieved from /home/airflow/.local/lib/python3.12/site-packages/airflow/example_dags/example_latest_only_with_trigger.py
[2026-03-29T21:32:08.266+0000] {logging_mixin.py:188} INFO - [2026-03-29T21:32:08.266+0000] {dag.py:3089} INFO - Sync 1 DAGs
[2026-03-29T21:32:08.290+0000] {logging_mixin.py:188} INFO - [2026-03-29T21:32:08.290+0000] {dag.py:3947} INFO - Setting next_dagrun for latest_only_with_trigger to 2026-03-29 16:00:00+00:00, run_after=2026-03-29 20:00:00+00:00
[2026-03-29T21:32:08.308+0000] {processor.py:183} INFO - Processing /home/airflow/.local/lib/python3.12/site-packages/airflow/example_dags/example_latest_only_with_trigger.py took 0.076 seconds
[2026-03-29T21:32:38.910+0000] {processor.py:161} INFO - Started process (PID=279) to work on /home/airflow/.local/lib/python3.12/site-packages/airflow/example_dags/example_latest_only_with_trigger.py
[2026-03-29T21:32:38.910+0000] {processor.py:830} INFO - Processing file /home/airflow/.local/lib/python3.12/site-packages/airflow/example_dags/example_latest_only_with_trigger.py for tasks to queue
[2026-03-29T21:32:38.912+0000] {logging_mixin.py:188} INFO - [2026-03-29T21:32:38.911+0000] {dagbag.py:545} INFO - Filling up the DagBag from /home/airflow/.local/lib/python3.12/site-packages/airflow/example_dags/example_latest_only_with_trigger.py
[2026-03-29T21:32:38.915+0000] {processor.py:840} INFO - DAG(s) 'latest_only_with_trigger' retrieved from /home/airflow/.local/lib/python3.12/site-packages/airflow/example_dags/example_latest_only_with_trigger.py
[2026-03-29T21:32:38.936+0000] {logging_mixin.py:188} INFO - [2026-03-29T21:32:38.936+0000] {dag.py:3089} INFO - Sync 1 DAGs
[2026-03-29T21:32:38.955+0000] {logging_mixin.py:188} INFO - [2026-03-29T21:32:38.955+0000] {dag.py:3947} INFO - Setting next_dagrun for latest_only_with_trigger to 2026-03-29 16:00:00+00:00, run_after=2026-03-29 20:00:00+00:00
[2026-03-29T21:32:38.972+0000] {processor.py:183} INFO - Processing /home/airflow/.local/lib/python3.12/site-packages/airflow/example_dags/example_latest_only_with_trigger.py took 0.066 seconds
[2026-03-29T21:33:09.490+0000] {processor.py:161} INFO - Started process (PID=331) to work on /home/airflow/.local/lib/python3.12/site-packages/airflow/example_dags/example_latest_only_with_trigger.py
[2026-03-29T21:33:09.494+0000] {processor.py:830} INFO - Processing file /home/airflow/.local/lib/python3.12/site-packages/airflow/example_dags/example_latest_only_with_trigger.py for tasks to queue
[2026-03-29T21:33:09.495+0000] {logging_mixin.py:188} INFO - [2026-03-29T21:33:09.494+0000] {dagbag.py:545} INFO - Filling up the DagBag from /home/airflow/.local/lib/python3.12/site-packages/airflow/example_dags/example_latest_only_with_trigger.py
[2026-03-29T21:33:09.498+0000] {processor.py:840} INFO - DAG(s) 'latest_only_with_trigger' retrieved from /home/airflow/.local/lib/python3.12/site-packages/airflow/example_dags/example_latest_only_with_trigger.py
[2026-03-29T21:33:09.515+0000] {logging_mixin.py:188} INFO - [2026-03-29T21:33:09.514+0000] {dag.py:3089} INFO - Sync 1 DAGs
[2026-03-29T21:33:09.536+0000] {logging_mixin.py:188} INFO - [2026-03-29T21:33:09.536+0000] {dag.py:3947} INFO - Setting next_dagrun for latest_only_with_trigger to 2026-03-29 16:00:00+00:00, run_after=2026-03-29 20:00:00+00:00
[2026-03-29T21:33:09.557+0000] {processor.py:183} INFO - Processing /home/airflow/.local/lib/python3.12/site-packages/airflow/example_dags/example_latest_only_with_trigger.py took 0.072 seconds
[2026-03-29T21:33:40.671+0000] {processor.py:161} INFO - Started process (PID=383) to work on /home/airflow/.local/lib/python3.12/site-packages/airflow/example_dags/example_latest_only_with_trigger.py
[2026-03-29T21:33:40.673+0000] {processor.py:830} INFO - Processing file /home/airflow/.local/lib/python3.12/site-packages/airflow/example_dags/example_latest_only_with_trigger.py for tasks to queue
[2026-03-29T21:33:40.676+0000] {logging_mixin.py:188} INFO - [2026-03-29T21:33:40.675+0000] {dagbag.py:545} INFO - Filling up the DagBag from /home/airflow/.local/lib/python3.12/site-packages/airflow/example_dags/example_latest_only_with_trigger.py
[2026-03-29T21:33:40.706+0000] {processor.py:840} INFO - DAG(s) 'latest_only_with_trigger' retrieved from /home/airflow/.local/lib/python3.12/site-packages/airflow/example_dags/example_latest_only_with_trigger.py
[2026-03-29T21:33:40.741+0000] {logging_mixin.py:188} INFO - [2026-03-29T21:33:40.741+0000] {dag.py:3089} INFO - Sync 1 DAGs
[2026-03-29T21:33:40.778+0000] {logging_mixin.py:188} INFO - [2026-03-29T21:33:40.778+0000] {dag.py:3947} INFO - Setting next_dagrun for latest_only_with_trigger to 2026-03-29 16:00:00+00:00, run_after=2026-03-29 20:00:00+00:00
[2026-03-29T21:33:40.814+0000] {processor.py:183} INFO - Processing /home/airflow/.local/lib/python3.12/site-packages/airflow/example_dags/example_latest_only_with_trigger.py took 0.150 seconds
[2026-03-29T21:34:11.541+0000] {processor.py:161} INFO - Started process (PID=435) to work on /home/airflow/.local/lib/python3.12/site-packages/airflow/example_dags/example_latest_only_with_trigger.py
[2026-03-29T21:34:11.542+0000] {processor.py:830} INFO - Processing file /home/airflow/.local/lib/python3.12/site-packages/airflow/example_dags/example_latest_only_with_trigger.py for tasks to queue
[2026-03-29T21:34:11.544+0000] {logging_mixin.py:188} INFO - [2026-03-29T21:34:11.544+0000] {dagbag.py:545} INFO - Filling up the DagBag from /home/airflow/.local/lib/python3.12/site-packages/airflow/example_dags/example_latest_only_with_trigger.py
[2026-03-29T21:34:11.549+0000] {processor.py:840} INFO - DAG(s) 'latest_only_with_trigger' retrieved from /home/airflow/.local/lib/python3.12/site-packages/airflow/example_dags/example_latest_only_with_trigger.py
[2026-03-29T21:34:11.581+0000] {logging_mixin.py:188} INFO - [2026-03-29T21:34:11.581+0000] {dag.py:3089} INFO - Sync 1 DAGs
[2026-03-29T21:34:11.603+0000] {logging_mixin.py:188} INFO - [2026-03-29T21:34:11.603+0000] {dag.py:3947} INFO - Setting next_dagrun for latest_only_with_trigger to 2026-03-29 16:00:00+00:00, run_after=2026-03-29 20:00:00+00:00
[2026-03-29T21:34:11.623+0000] {processor.py:183} INFO - Processing /home/airflow/.local/lib/python3.12/site-packages/airflow/example_dags/example_latest_only_with_trigger.py took 0.088 seconds
[2026-03-29T21:34:42.464+0000] {processor.py:161} INFO - Started process (PID=487) to work on /home/airflow/.local/lib/python3.12/site-packages/airflow/example_dags/example_latest_only_with_trigger.py
[2026-03-29T21:34:42.465+0000] {processor.py:830} INFO - Processing file /home/airflow/.local/lib/python3.12/site-packages/airflow/example_dags/example_latest_only_with_trigger.py for tasks to queue
[2026-03-29T21:34:42.466+0000] {logging_mixin.py:188} INFO - [2026-03-29T21:34:42.466+0000] {dagbag.py:545} INFO - Filling up the DagBag from /home/airflow/.local/lib/python3.12/site-packages/airflow/example_dags/example_latest_only_with_trigger.py
[2026-03-29T21:34:42.470+0000] {processor.py:840} INFO - DAG(s) 'latest_only_with_trigger' retrieved from /home/airflow/.local/lib/python3.12/site-packages/airflow/example_dags/example_latest_only_with_trigger.py
[2026-03-29T21:34:42.487+0000] {logging_mixin.py:188} INFO - [2026-03-29T21:34:42.487+0000] {dag.py:3089} INFO - Sync 1 DAGs
[2026-03-29T21:34:42.505+0000] {logging_mixin.py:188} INFO - [2026-03-29T21:34:42.505+0000] {dag.py:3947} INFO - Setting next_dagrun for latest_only_with_trigger to 2026-03-29 16:00:00+00:00, run_after=2026-03-29 20:00:00+00:00
[2026-03-29T21:34:42.527+0000] {processor.py:183} INFO - Processing /home/airflow/.local/lib/python3.12/site-packages/airflow/example_dags/example_latest_only_with_trigger.py took 0.067 seconds
[2026-03-29T21:35:13.532+0000] {processor.py:161} INFO - Started process (PID=539) to work on /home/airflow/.local/lib/python3.12/site-packages/airflow/example_dags/example_latest_only_with_trigger.py
[2026-03-29T21:35:13.533+0000] {processor.py:830} INFO - Processing file /home/airflow/.local/lib/python3.12/site-packages/airflow/example_dags/example_latest_only_with_trigger.py for tasks to queue
[2026-03-29T21:35:13.535+0000] {logging_mixin.py:188} INFO - [2026-03-29T21:35:13.534+0000] {dagbag.py:545} INFO - Filling up the DagBag from /home/airflow/.local/lib/python3.12/site-packages/airflow/example_dags/example_latest_only_with_trigger.py
[2026-03-29T21:35:13.538+0000] {processor.py:840} INFO - DAG(s) 'latest_only_with_trigger' retrieved from /home/airflow/.local/lib/python3.12/site-packages/airflow/example_dags/example_latest_only_with_trigger.py
[2026-03-29T21:35:13.563+0000] {logging_mixin.py:188} INFO - [2026-03-29T21:35:13.563+0000] {dag.py:3089} INFO - Sync 1 DAGs
[2026-03-29T21:35:13.582+0000] {logging_mixin.py:188} INFO - [2026-03-29T21:35:13.582+0000] {dag.py:3947} INFO - Setting next_dagrun for latest_only_with_trigger to 2026-03-29 16:00:00+00:00, run_after=2026-03-29 20:00:00+00:00
[2026-03-29T21:35:13.603+0000] {processor.py:183} INFO - Processing /home/airflow/.local/lib/python3.12/site-packages/airflow/example_dags/example_latest_only_with_trigger.py took 0.075 seconds
[2026-03-29T21:35:44.101+0000] {processor.py:161} INFO - Started process (PID=591) to work on /home/airflow/.local/lib/python3.12/site-packages/airflow/example_dags/example_latest_only_with_trigger.py
[2026-03-29T21:35:44.102+0000] {processor.py:830} INFO - Processing file /home/airflow/.local/lib/python3.12/site-packages/airflow/example_dags/example_latest_only_with_trigger.py for tasks to queue
[2026-03-29T21:35:44.104+0000] {logging_mixin.py:188} INFO - [2026-03-29T21:35:44.104+0000] {dagbag.py:545} INFO - Filling up the DagBag from /home/airflow/.local/lib/python3.12/site-packages/airflow/example_dags/example_latest_only_with_trigger.py
[2026-03-29T21:35:44.109+0000] {processor.py:840} INFO - DAG(s) 'latest_only_with_trigger' retrieved from /home/airflow/.local/lib/python3.12/site-packages/airflow/example_dags/example_latest_only_with_trigger.py
[2026-03-29T21:35:44.128+0000] {logging_mixin.py:188} INFO - [2026-03-29T21:35:44.128+0000] {dag.py:3089} INFO - Sync 1 DAGs
[2026-03-29T21:35:44.149+0000] {logging_mixin.py:188} INFO - [2026-03-29T21:35:44.149+0000] {dag.py:3947} INFO - Setting next_dagrun for latest_only_with_trigger to 2026-03-29 16:00:00+00:00, run_after=2026-03-29 20:00:00+00:00
[2026-03-29T21:35:44.165+0000] {processor.py:183} INFO - Processing /home/airflow/.local/lib/python3.12/site-packages/airflow/example_dags/example_latest_only_with_trigger.py took 0.069 seconds
[2026-03-29T21:36:15.221+0000] {processor.py:161} INFO - Started process (PID=643) to work on /home/airflow/.local/lib/python3.12/site-packages/airflow/example_dags/example_latest_only_with_trigger.py
[2026-03-29T21:36:15.222+0000] {processor.py:830} INFO - Processing file /home/airflow/.local/lib/python3.12/site-packages/airflow/example_dags/example_latest_only_with_trigger.py for tasks to queue
[2026-03-29T21:36:15.226+0000] {logging_mixin.py:188} INFO - [2026-03-29T21:36:15.225+0000] {dagbag.py:545} INFO - Filling up the DagBag from /home/airflow/.local/lib/python3.12/site-packages/airflow/example_dags/example_latest_only_with_trigger.py
[2026-03-29T21:36:15.235+0000] {processor.py:840} INFO - DAG(s) 'latest_only_with_trigger' retrieved from /home/airflow/.local/lib/python3.12/site-packages/airflow/example_dags/example_latest_only_with_trigger.py
[2026-03-29T21:36:15.260+0000] {logging_mixin.py:188} INFO - [2026-03-29T21:36:15.259+0000] {dag.py:3089} INFO - Sync 1 DAGs
[2026-03-29T21:36:15.285+0000] {logging_mixin.py:188} INFO - [2026-03-29T21:36:15.285+0000] {dag.py:3947} INFO - Setting next_dagrun for latest_only_with_trigger to 2026-03-29 16:00:00+00:00, run_after=2026-03-29 20:00:00+00:00
[2026-03-29T21:36:15.309+0000] {processor.py:183} INFO - Processing /home/airflow/.local/lib/python3.12/site-packages/airflow/example_dags/example_latest_only_with_trigger.py took 0.095 seconds
[2026-03-29T21:36:45.911+0000] {processor.py:161} INFO - Started process (PID=695) to work on /home/airflow/.local/lib/python3.12/site-packages/airflow/example_dags/example_latest_only_with_trigger.py
[2026-03-29T21:36:45.912+0000] {processor.py:830} INFO - Processing file /home/airflow/.local/lib/python3.12/site-packages/airflow/example_dags/example_latest_only_with_trigger.py for tasks to queue
[2026-03-29T21:36:45.913+0000] {logging_mixin.py:188} INFO - [2026-03-29T21:36:45.913+0000] {dagbag.py:545} INFO - Filling up the DagBag from /home/airflow/.local/lib/python3.12/site-packages/airflow/example_dags/example_latest_only_with_trigger.py
[2026-03-29T21:36:45.917+0000] {processor.py:840} INFO - DAG(s) 'latest_only_with_trigger' retrieved from /home/airflow/.local/lib/python3.12/site-packages/airflow/example_dags/example_latest_only_with_trigger.py
[2026-03-29T21:36:45.933+0000] {logging_mixin.py:188} INFO - [2026-03-29T21:36:45.933+0000] {dag.py:3089} INFO - Sync 1 DAGs
[2026-03-29T21:36:45.949+0000] {logging_mixin.py:188} INFO - [2026-03-29T21:36:45.949+0000] {dag.py:3947} INFO - Setting next_dagrun for latest_only_with_trigger to 2026-03-29 16:00:00+00:00, run_after=2026-03-29 20:00:00+00:00
[2026-03-29T21:36:45.965+0000] {processor.py:183} INFO - Processing /home/airflow/.local/lib/python3.12/site-packages/airflow/example_dags/example_latest_only_with_trigger.py took 0.058 seconds
[2026-03-29T21:37:16.669+0000] {processor.py:161} INFO - Started process (PID=747) to work on /home/airflow/.local/lib/python3.12/site-packages/airflow/example_dags/example_latest_only_with_trigger.py
[2026-03-29T21:37:16.669+0000] {processor.py:830} INFO - Processing file /home/airflow/.local/lib/python3.12/site-packages/airflow/example_dags/example_latest_only_with_trigger.py for tasks to queue
[2026-03-29T21:37:16.671+0000] {logging_mixin.py:188} INFO - [2026-03-29T21:37:16.670+0000] {dagbag.py:545} INFO - Filling up the DagBag from /home/airflow/.local/lib/python3.12/site-packages/airflow/example_dags/example_latest_only_with_trigger.py
[2026-03-29T21:37:16.674+0000] {processor.py:840} INFO - DAG(s) 'latest_only_with_trigger' retrieved from /home/airflow/.local/lib/python3.12/site-packages/airflow/example_dags/example_latest_only_with_trigger.py
[2026-03-29T21:37:16.689+0000] {logging_mixin.py:188} INFO - [2026-03-29T21:37:16.689+0000] {dag.py:3089} INFO - Sync 1 DAGs
[2026-03-29T21:37:16.708+0000] {logging_mixin.py:188} INFO - [2026-03-29T21:37:16.708+0000] {dag.py:3947} INFO - Setting next_dagrun for latest_only_with_trigger to 2026-03-29 16:00:00+00:00, run_after=2026-03-29 20:00:00+00:00
[2026-03-29T21:37:16.721+0000] {processor.py:183} INFO - Processing /home/airflow/.local/lib/python3.12/site-packages/airflow/example_dags/example_latest_only_with_trigger.py took 0.057 seconds
[2026-03-29T21:37:47.150+0000] {processor.py:161} INFO - Started process (PID=799) to work on /home/airflow/.local/lib/python3.12/site-packages/airflow/example_dags/example_latest_only_with_trigger.py
[2026-03-29T21:37:47.152+0000] {processor.py:830} INFO - Processing file /home/airflow/.local/lib/python3.12/site-packages/airflow/example_dags/example_latest_only_with_trigger.py for tasks to queue
[2026-03-29T21:37:47.153+0000] {logging_mixin.py:188} INFO - [2026-03-29T21:37:47.153+0000] {dagbag.py:545} INFO - Filling up the DagBag from /home/airflow/.local/lib/python3.12/site-packages/airflow/example_dags/example_latest_only_with_trigger.py
[2026-03-29T21:37:47.157+0000] {processor.py:840} INFO - DAG(s) 'latest_only_with_trigger' retrieved from /home/airflow/.local/lib/python3.12/site-packages/airflow/example_dags/example_latest_only_with_trigger.py
[2026-03-29T21:37:47.171+0000] {logging_mixin.py:188} INFO - [2026-03-29T21:37:47.171+0000] {dag.py:3089} INFO - Sync 1 DAGs
[2026-03-29T21:37:47.186+0000] {logging_mixin.py:188} INFO - [2026-03-29T21:37:47.186+0000] {dag.py:3947} INFO - Setting next_dagrun for latest_only_with_trigger to 2026-03-29 16:00:00+00:00, run_after=2026-03-29 20:00:00+00:00
[2026-03-29T21:37:47.201+0000] {processor.py:183} INFO - Processing /home/airflow/.local/lib/python3.12/site-packages/airflow/example_dags/example_latest_only_with_trigger.py took 0.055 seconds
[2026-03-29T21:38:17.372+0000] {processor.py:161} INFO - Started process (PID=851) to work on /home/airflow/.local/lib/python3.12/site-packages/airflow/example_dags/example_latest_only_with_trigger.py
[2026-03-29T21:38:17.373+0000] {processor.py:830} INFO - Processing file /home/airflow/.local/lib/python3.12/site-packages/airflow/example_dags/example_latest_only_with_trigger.py for tasks to queue
[2026-03-29T21:38:17.375+0000] {logging_mixin.py:188} INFO - [2026-03-29T21:38:17.375+0000] {dagbag.py:545} INFO - Filling up the DagBag from /home/airflow/.local/lib/python3.12/site-packages/airflow/example_dags/example_latest_only_with_trigger.py
[2026-03-29T21:38:17.379+0000] {processor.py:840} INFO - DAG(s) 'latest_only_with_trigger' retrieved from /home/airflow/.local/lib/python3.12/site-packages/airflow/example_dags/example_latest_only_with_trigger.py
[2026-03-29T21:38:17.395+0000] {logging_mixin.py:188} INFO - [2026-03-29T21:38:17.395+0000] {dag.py:3089} INFO - Sync 1 DAGs
[2026-03-29T21:38:17.412+0000] {logging_mixin.py:188} INFO - [2026-03-29T21:38:17.412+0000] {dag.py:3947} INFO - Setting next_dagrun for latest_only_with_trigger to 2026-03-29 16:00:00+00:00, run_after=2026-03-29 20:00:00+00:00
[2026-03-29T21:38:17.426+0000] {processor.py:183} INFO - Processing /home/airflow/.local/lib/python3.12/site-packages/airflow/example_dags/example_latest_only_with_trigger.py took 0.059 seconds
[2026-03-29T21:38:48.008+0000] {processor.py:161} INFO - Started process (PID=903) to work on /home/airflow/.local/lib/python3.12/site-packages/airflow/example_dags/example_latest_only_with_trigger.py
[2026-03-29T21:38:48.008+0000] {processor.py:830} INFO - Processing file /home/airflow/.local/lib/python3.12/site-packages/airflow/example_dags/example_latest_only_with_trigger.py for tasks to queue
[2026-03-29T21:38:48.010+0000] {logging_mixin.py:188} INFO - [2026-03-29T21:38:48.010+0000] {dagbag.py:545} INFO - Filling up the DagBag from /home/airflow/.local/lib/python3.12/site-packages/airflow/example_dags/example_latest_only_with_trigger.py
[2026-03-29T21:38:48.016+0000] {processor.py:840} INFO - DAG(s) 'latest_only_with_trigger' retrieved from /home/airflow/.local/lib/python3.12/site-packages/airflow/example_dags/example_latest_only_with_trigger.py
[2026-03-29T21:38:48.031+0000] {logging_mixin.py:188} INFO - [2026-03-29T21:38:48.031+0000] {dag.py:3089} INFO - Sync 1 DAGs
[2026-03-29T21:38:48.046+0000] {logging_mixin.py:188} INFO - [2026-03-29T21:38:48.046+0000] {dag.py:3947} INFO - Setting next_dagrun for latest_only_with_trigger to 2026-03-29 16:00:00+00:00, run_after=2026-03-29 20:00:00+00:00
[2026-03-29T21:38:48.060+0000] {processor.py:183} INFO - Processing /home/airflow/.local/lib/python3.12/site-packages/airflow/example_dags/example_latest_only_with_trigger.py took 0.057 seconds
[2026-03-29T21:39:18.438+0000] {processor.py:161} INFO - Started process (PID=955) to work on /home/airflow/.local/lib/python3.12/site-packages/airflow/example_dags/example_latest_only_with_trigger.py
[2026-03-29T21:39:18.439+0000] {processor.py:830} INFO - Processing file /home/airflow/.local/lib/python3.12/site-packages/airflow/example_dags/example_latest_only_with_trigger.py for tasks to queue
[2026-03-29T21:39:18.441+0000] {logging_mixin.py:188} INFO - [2026-03-29T21:39:18.440+0000] {dagbag.py:545} INFO - Filling up the DagBag from /home/airflow/.local/lib/python3.12/site-packages/airflow/example_dags/example_latest_only_with_trigger.py
[2026-03-29T21:39:18.445+0000] {processor.py:840} INFO - DAG(s) 'latest_only_with_trigger' retrieved from /home/airflow/.local/lib/python3.12/site-packages/airflow/example_dags/example_latest_only_with_trigger.py
[2026-03-29T21:39:18.463+0000] {logging_mixin.py:188} INFO - [2026-03-29T21:39:18.463+0000] {dag.py:3089} INFO - Sync 1 DAGs
[2026-03-29T21:39:18.480+0000] {logging_mixin.py:188} INFO - [2026-03-29T21:39:18.480+0000] {dag.py:3947} INFO - Setting next_dagrun for latest_only_with_trigger to 2026-03-29 16:00:00+00:00, run_after=2026-03-29 20:00:00+00:00
[2026-03-29T21:39:18.493+0000] {processor.py:183} INFO - Processing /home/airflow/.local/lib/python3.12/site-packages/airflow/example_dags/example_latest_only_with_trigger.py took 0.059 seconds
[2026-03-29T21:39:49.195+0000] {processor.py:161} INFO - Started process (PID=1007) to work on /home/airflow/.local/lib/python3.12/site-packages/airflow/example_dags/example_latest_only_with_trigger.py
[2026-03-29T21:39:49.198+0000] {processor.py:830} INFO - Processing file /home/airflow/.local/lib/python3.12/site-packages/airflow/example_dags/example_latest_only_with_trigger.py for tasks to queue
[2026-03-29T21:39:49.200+0000] {logging_mixin.py:188} INFO - [2026-03-29T21:39:49.200+0000] {dagbag.py:545} INFO - Filling up the DagBag from /home/airflow/.local/lib/python3.12/site-packages/airflow/example_dags/example_latest_only_with_trigger.py
[2026-03-29T21:39:49.210+0000] {processor.py:840} INFO - DAG(s) 'latest_only_with_trigger' retrieved from /home/airflow/.local/lib/python3.12/site-packages/airflow/example_dags/example_latest_only_with_trigger.py
[2026-03-29T21:39:49.229+0000] {logging_mixin.py:188} INFO - [2026-03-29T21:39:49.229+0000] {dag.py:3089} INFO - Sync 1 DAGs
[2026-03-29T21:39:49.247+0000] {logging_mixin.py:188} INFO - [2026-03-29T21:39:49.246+0000] {dag.py:3947} INFO - Setting next_dagrun for latest_only_with_trigger to 2026-03-29 16:00:00+00:00, run_after=2026-03-29 20:00:00+00:00
[2026-03-29T21:39:49.261+0000] {processor.py:183} INFO - Processing /home/airflow/.local/lib/python3.12/site-packages/airflow/example_dags/example_latest_only_with_trigger.py took 0.072 seconds
[2026-03-29T21:40:19.955+0000] {processor.py:161} INFO - Started process (PID=1059) to work on /home/airflow/.local/lib/python3.12/site-packages/airflow/example_dags/example_latest_only_with_trigger.py
[2026-03-29T21:40:19.957+0000] {processor.py:830} INFO - Processing file /home/airflow/.local/lib/python3.12/site-packages/airflow/example_dags/example_latest_only_with_trigger.py for tasks to queue
[2026-03-29T21:40:19.959+0000] {logging_mixin.py:188} INFO - [2026-03-29T21:40:19.959+0000] {dagbag.py:545} INFO - Filling up the DagBag from /home/airflow/.local/lib/python3.12/site-packages/airflow/example_dags/example_latest_only_with_trigger.py
[2026-03-29T21:40:19.965+0000] {processor.py:840} INFO - DAG(s) 'latest_only_with_trigger' retrieved from /home/airflow/.local/lib/python3.12/site-packages/airflow/example_dags/example_latest_only_with_trigger.py
[2026-03-29T21:40:19.990+0000] {logging_mixin.py:188} INFO - [2026-03-29T21:40:19.990+0000] {dag.py:3089} INFO - Sync 1 DAGs
[2026-03-29T21:40:20.018+0000] {logging_mixin.py:188} INFO - [2026-03-29T21:40:20.018+0000] {dag.py:3947} INFO - Setting next_dagrun for latest_only_with_trigger to 2026-03-29 16:00:00+00:00, run_after=2026-03-29 20:00:00+00:00
[2026-03-29T21:40:20.032+0000] {processor.py:183} INFO - Processing /home/airflow/.local/lib/python3.12/site-packages/airflow/example_dags/example_latest_only_with_trigger.py took 0.083 seconds
[2026-03-29T21:40:50.288+0000] {processor.py:161} INFO - Started process (PID=1111) to work on /home/airflow/.local/lib/python3.12/site-packages/airflow/example_dags/example_latest_only_with_trigger.py
[2026-03-29T21:40:50.289+0000] {processor.py:830} INFO - Processing file /home/airflow/.local/lib/python3.12/site-packages/airflow/example_dags/example_latest_only_with_trigger.py for tasks to queue
[2026-03-29T21:40:50.290+0000] {logging_mixin.py:188} INFO - [2026-03-29T21:40:50.290+0000] {dagbag.py:545} INFO - Filling up the DagBag from /home/airflow/.local/lib/python3.12/site-packages/airflow/example_dags/example_latest_only_with_trigger.py
[2026-03-29T21:40:50.295+0000] {processor.py:840} INFO - DAG(s) 'latest_only_with_trigger' retrieved from /home/airflow/.local/lib/python3.12/site-packages/airflow/example_dags/example_latest_only_with_trigger.py
[2026-03-29T21:40:50.314+0000] {logging_mixin.py:188} INFO - [2026-03-29T21:40:50.314+0000] {dag.py:3089} INFO - Sync 1 DAGs
[2026-03-29T21:40:50.332+0000] {logging_mixin.py:188} INFO - [2026-03-29T21:40:50.332+0000] {dag.py:3947} INFO - Setting next_dagrun for latest_only_with_trigger to 2026-03-29 16:00:00+00:00, run_after=2026-03-29 20:00:00+00:00
[2026-03-29T21:40:50.350+0000] {processor.py:183} INFO - Processing /home/airflow/.local/lib/python3.12/site-packages/airflow/example_dags/example_latest_only_with_trigger.py took 0.067 seconds
[2026-03-29T21:41:20.900+0000] {processor.py:161} INFO - Started process (PID=1163) to work on /home/airflow/.local/lib/python3.12/site-packages/airflow/example_dags/example_latest_only_with_trigger.py
[2026-03-29T21:41:20.902+0000] {processor.py:830} INFO - Processing file /home/airflow/.local/lib/python3.12/site-packages/airflow/example_dags/example_latest_only_with_trigger.py for tasks to queue
[2026-03-29T21:41:20.904+0000] {logging_mixin.py:188} INFO - [2026-03-29T21:41:20.904+0000] {dagbag.py:545} INFO - Filling up the DagBag from /home/airflow/.local/lib/python3.12/site-packages/airflow/example_dags/example_latest_only_with_trigger.py
[2026-03-29T21:41:20.907+0000] {processor.py:840} INFO - DAG(s) 'latest_only_with_trigger' retrieved from /home/airflow/.local/lib/python3.12/site-packages/airflow/example_dags/example_latest_only_with_trigger.py
[2026-03-29T21:41:20.923+0000] {logging_mixin.py:188} INFO - [2026-03-29T21:41:20.923+0000] {dag.py:3089} INFO - Sync 1 DAGs
[2026-03-29T21:41:20.939+0000] {logging_mixin.py:188} INFO - [2026-03-29T21:41:20.939+0000] {dag.py:3947} INFO - Setting next_dagrun for latest_only_with_trigger to 2026-03-29 16:00:00+00:00, run_after=2026-03-29 20:00:00+00:00
[2026-03-29T21:41:20.952+0000] {processor.py:183} INFO - Processing /home/airflow/.local/lib/python3.12/site-packages/airflow/example_dags/example_latest_only_with_trigger.py took 0.057 seconds
[2026-03-29T21:41:51.882+0000] {processor.py:161} INFO - Started process (PID=1215) to work on /home/airflow/.local/lib/python3.12/site-packages/airflow/example_dags/example_latest_only_with_trigger.py
[2026-03-29T21:41:51.883+0000] {processor.py:830} INFO - Processing file /home/airflow/.local/lib/python3.12/site-packages/airflow/example_dags/example_latest_only_with_trigger.py for tasks to queue
[2026-03-29T21:41:51.885+0000] {logging_mixin.py:188} INFO - [2026-03-29T21:41:51.884+0000] {dagbag.py:545} INFO - Filling up the DagBag from /home/airflow/.local/lib/python3.12/site-packages/airflow/example_dags/example_latest_only_with_trigger.py
[2026-03-29T21:41:51.889+0000] {processor.py:840} INFO - DAG(s) 'latest_only_with_trigger' retrieved from /home/airflow/.local/lib/python3.12/site-packages/airflow/example_dags/example_latest_only_with_trigger.py
[2026-03-29T21:41:51.912+0000] {logging_mixin.py:188} INFO - [2026-03-29T21:41:51.911+0000] {dag.py:3089} INFO - Sync 1 DAGs
[2026-03-29T21:41:51.932+0000] {logging_mixin.py:188} INFO - [2026-03-29T21:41:51.932+0000] {dag.py:3947} INFO - Setting next_dagrun for latest_only_with_trigger to 2026-03-29 16:00:00+00:00, run_after=2026-03-29 20:00:00+00:00
[2026-03-29T21:41:51.948+0000] {processor.py:183} INFO - Processing /home/airflow/.local/lib/python3.12/site-packages/airflow/example_dags/example_latest_only_with_trigger.py took 0.071 seconds
[2026-03-29T21:42:22.196+0000] {processor.py:161} INFO - Started process (PID=1267) to work on /home/airflow/.local/lib/python3.12/site-packages/airflow/example_dags/example_latest_only_with_trigger.py
[2026-03-29T21:42:22.201+0000] {processor.py:830} INFO - Processing file /home/airflow/.local/lib/python3.12/site-packages/airflow/example_dags/example_latest_only_with_trigger.py for tasks to queue
[2026-03-29T21:42:22.205+0000] {logging_mixin.py:188} INFO - [2026-03-29T21:42:22.205+0000] {dagbag.py:545} INFO - Filling up the DagBag from /home/airflow/.local/lib/python3.12/site-packages/airflow/example_dags/example_latest_only_with_trigger.py
[2026-03-29T21:42:22.210+0000] {processor.py:840} INFO - DAG(s) 'latest_only_with_trigger' retrieved from /home/airflow/.local/lib/python3.12/site-packages/airflow/example_dags/example_latest_only_with_trigger.py
[2026-03-29T21:42:22.229+0000] {logging_mixin.py:188} INFO - [2026-03-29T21:42:22.229+0000] {dag.py:3089} INFO - Sync 1 DAGs
[2026-03-29T21:42:22.249+0000] {logging_mixin.py:188} INFO - [2026-03-29T21:42:22.249+0000] {dag.py:3947} INFO - Setting next_dagrun for latest_only_with_trigger to 2026-03-29 16:00:00+00:00, run_after=2026-03-29 20:00:00+00:00
[2026-03-29T21:42:22.272+0000] {processor.py:183} INFO - Processing /home/airflow/.local/lib/python3.12/site-packages/airflow/example_dags/example_latest_only_with_trigger.py took 0.080 seconds
[2026-03-29T21:42:52.392+0000] {processor.py:161} INFO - Started process (PID=1319) to work on /home/airflow/.local/lib/python3.12/site-packages/airflow/example_dags/example_latest_only_with_trigger.py
[2026-03-29T21:42:52.396+0000] {processor.py:830} INFO - Processing file /home/airflow/.local/lib/python3.12/site-packages/airflow/example_dags/example_latest_only_with_trigger.py for tasks to queue
[2026-03-29T21:42:52.397+0000] {logging_mixin.py:188} INFO - [2026-03-29T21:42:52.397+0000] {dagbag.py:545} INFO - Filling up the DagBag from /home/airflow/.local/lib/python3.12/site-packages/airflow/example_dags/example_latest_only_with_trigger.py
[2026-03-29T21:42:52.404+0000] {processor.py:840} INFO - DAG(s) 'latest_only_with_trigger' retrieved from /home/airflow/.local/lib/python3.12/site-packages/airflow/example_dags/example_latest_only_with_trigger.py
[2026-03-29T21:42:52.426+0000] {logging_mixin.py:188} INFO - [2026-03-29T21:42:52.426+0000] {dag.py:3089} INFO - Sync 1 DAGs
[2026-03-29T21:42:52.449+0000] {logging_mixin.py:188} INFO - [2026-03-29T21:42:52.449+0000] {dag.py:3947} INFO - Setting next_dagrun for latest_only_with_trigger to 2026-03-29 16:00:00+00:00, run_after=2026-03-29 20:00:00+00:00
[2026-03-29T21:42:52.466+0000] {processor.py:183} INFO - Processing /home/airflow/.local/lib/python3.12/site-packages/airflow/example_dags/example_latest_only_with_trigger.py took 0.079 seconds
[2026-03-29T21:43:22.974+0000] {processor.py:161} INFO - Started process (PID=1371) to work on /home/airflow/.local/lib/python3.12/site-packages/airflow/example_dags/example_latest_only_with_trigger.py
[2026-03-29T21:43:22.975+0000] {processor.py:830} INFO - Processing file /home/airflow/.local/lib/python3.12/site-packages/airflow/example_dags/example_latest_only_with_trigger.py for tasks to queue
[2026-03-29T21:43:22.976+0000] {logging_mixin.py:188} INFO - [2026-03-29T21:43:22.976+0000] {dagbag.py:545} INFO - Filling up the DagBag from /home/airflow/.local/lib/python3.12/site-packages/airflow/example_dags/example_latest_only_with_trigger.py
[2026-03-29T21:43:22.980+0000] {processor.py:840} INFO - DAG(s) 'latest_only_with_trigger' retrieved from /home/airflow/.local/lib/python3.12/site-packages/airflow/example_dags/example_latest_only_with_trigger.py
[2026-03-29T21:43:22.997+0000] {logging_mixin.py:188} INFO - [2026-03-29T21:43:22.997+0000] {dag.py:3089} INFO - Sync 1 DAGs
[2026-03-29T21:43:23.017+0000] {logging_mixin.py:188} INFO - [2026-03-29T21:43:23.016+0000] {dag.py:3947} INFO - Setting next_dagrun for latest_only_with_trigger to 2026-03-29 16:00:00+00:00, run_after=2026-03-29 20:00:00+00:00
[2026-03-29T21:43:23.033+0000] {processor.py:183} INFO - Processing /home/airflow/.local/lib/python3.12/site-packages/airflow/example_dags/example_latest_only_with_trigger.py took 0.064 seconds
[2026-03-29T21:43:54.176+0000] {processor.py:161} INFO - Started process (PID=1423) to work on /home/airflow/.local/lib/python3.12/site-packages/airflow/example_dags/example_latest_only_with_trigger.py
[2026-03-29T21:43:54.177+0000] {processor.py:830} INFO - Processing file /home/airflow/.local/lib/python3.12/site-packages/airflow/example_dags/example_latest_only_with_trigger.py for tasks to queue
[2026-03-29T21:43:54.182+0000] {logging_mixin.py:188} INFO - [2026-03-29T21:43:54.182+0000] {dagbag.py:545} INFO - Filling up the DagBag from /home/airflow/.local/lib/python3.12/site-packages/airflow/example_dags/example_latest_only_with_trigger.py
[2026-03-29T21:43:54.187+0000] {processor.py:840} INFO - DAG(s) 'latest_only_with_trigger' retrieved from /home/airflow/.local/lib/python3.12/site-packages/airflow/example_dags/example_latest_only_with_trigger.py
[2026-03-29T21:43:54.210+0000] {logging_mixin.py:188} INFO - [2026-03-29T21:43:54.210+0000] {dag.py:3089} INFO - Sync 1 DAGs
[2026-03-29T21:43:54.234+0000] {logging_mixin.py:188} INFO - [2026-03-29T21:43:54.234+0000] {dag.py:3947} INFO - Setting next_dagrun for latest_only_with_trigger to 2026-03-29 16:00:00+00:00, run_after=2026-03-29 20:00:00+00:00
[2026-03-29T21:43:54.257+0000] {processor.py:183} INFO - Processing /home/airflow/.local/lib/python3.12/site-packages/airflow/example_dags/example_latest_only_with_trigger.py took 0.087 seconds
[2026-03-29T21:44:25.457+0000] {processor.py:161} INFO - Started process (PID=1475) to work on /home/airflow/.local/lib/python3.12/site-packages/airflow/example_dags/example_latest_only_with_trigger.py
[2026-03-29T21:44:25.458+0000] {processor.py:830} INFO - Processing file /home/airflow/.local/lib/python3.12/site-packages/airflow/example_dags/example_latest_only_with_trigger.py for tasks to queue
[2026-03-29T21:44:25.461+0000] {logging_mixin.py:188} INFO - [2026-03-29T21:44:25.461+0000] {dagbag.py:545} INFO - Filling up the DagBag from /home/airflow/.local/lib/python3.12/site-packages/airflow/example_dags/example_latest_only_with_trigger.py
[2026-03-29T21:44:25.466+0000] {processor.py:840} INFO - DAG(s) 'latest_only_with_trigger' retrieved from /home/airflow/.local/lib/python3.12/site-packages/airflow/example_dags/example_latest_only_with_trigger.py
[2026-03-29T21:44:25.486+0000] {logging_mixin.py:188} INFO - [2026-03-29T21:44:25.485+0000] {dag.py:3089} INFO - Sync 1 DAGs
[2026-03-29T21:44:25.507+0000] {logging_mixin.py:188} INFO - [2026-03-29T21:44:25.507+0000] {dag.py:3947} INFO - Setting next_dagrun for latest_only_with_trigger to 2026-03-29 16:00:00+00:00, run_after=2026-03-29 20:00:00+00:00
[2026-03-29T21:44:25.528+0000] {processor.py:183} INFO - Processing /home/airflow/.local/lib/python3.12/site-packages/airflow/example_dags/example_latest_only_with_trigger.py took 0.078 seconds
[2026-03-29T21:44:55.570+0000] {processor.py:161} INFO - Started process (PID=1527) to work on /home/airflow/.local/lib/python3.12/site-packages/airflow/example_dags/example_latest_only_with_trigger.py
[2026-03-29T21:44:55.572+0000] {processor.py:830} INFO - Processing file /home/airflow/.local/lib/python3.12/site-packages/airflow/example_dags/example_latest_only_with_trigger.py for tasks to queue
[2026-03-29T21:44:55.574+0000] {logging_mixin.py:188} INFO - [2026-03-29T21:44:55.573+0000] {dagbag.py:545} INFO - Filling up the DagBag from /home/airflow/.local/lib/python3.12/site-packages/airflow/example_dags/example_latest_only_with_trigger.py
[2026-03-29T21:44:55.577+0000] {processor.py:840} INFO - DAG(s) 'latest_only_with_trigger' retrieved from /home/airflow/.local/lib/python3.12/site-packages/airflow/example_dags/example_latest_only_with_trigger.py
[2026-03-29T21:44:55.595+0000] {logging_mixin.py:188} INFO - [2026-03-29T21:44:55.595+0000] {dag.py:3089} INFO - Sync 1 DAGs
[2026-03-29T21:44:55.612+0000] {logging_mixin.py:188} INFO - [2026-03-29T21:44:55.612+0000] {dag.py:3947} INFO - Setting next_dagrun for latest_only_with_trigger to 2026-03-29 16:00:00+00:00, run_after=2026-03-29 20:00:00+00:00
[2026-03-29T21:44:55.624+0000] {processor.py:183} INFO - Processing /home/airflow/.local/lib/python3.12/site-packages/airflow/example_dags/example_latest_only_with_trigger.py took 0.059 seconds
[2026-03-29T21:45:26.724+0000] {processor.py:161} INFO - Started process (PID=1579) to work on /home/airflow/.local/lib/python3.12/site-packages/airflow/example_dags/example_latest_only_with_trigger.py
[2026-03-29T21:45:26.727+0000] {processor.py:830} INFO - Processing file /home/airflow/.local/lib/python3.12/site-packages/airflow/example_dags/example_latest_only_with_trigger.py for tasks to queue
[2026-03-29T21:45:26.728+0000] {logging_mixin.py:188} INFO - [2026-03-29T21:45:26.728+0000] {dagbag.py:545} INFO - Filling up the DagBag from /home/airflow/.local/lib/python3.12/site-packages/airflow/example_dags/example_latest_only_with_trigger.py
[2026-03-29T21:45:26.732+0000] {processor.py:840} INFO - DAG(s) 'latest_only_with_trigger' retrieved from /home/airflow/.local/lib/python3.12/site-packages/airflow/example_dags/example_latest_only_with_trigger.py
[2026-03-29T21:45:26.752+0000] {logging_mixin.py:188} INFO - [2026-03-29T21:45:26.752+0000] {dag.py:3089} INFO - Sync 1 DAGs
[2026-03-29T21:45:26.769+0000] {logging_mixin.py:188} INFO - [2026-03-29T21:45:26.769+0000] {dag.py:3947} INFO - Setting next_dagrun for latest_only_with_trigger to 2026-03-29 16:00:00+00:00, run_after=2026-03-29 20:00:00+00:00
[2026-03-29T21:45:26.787+0000] {processor.py:183} INFO - Processing /home/airflow/.local/lib/python3.12/site-packages/airflow/example_dags/example_latest_only_with_trigger.py took 0.068 seconds
[2026-03-29T21:45:58.066+0000] {processor.py:161} INFO - Started process (PID=1631) to work on /home/airflow/.local/lib/python3.12/site-packages/airflow/example_dags/example_latest_only_with_trigger.py
[2026-03-29T21:45:58.067+0000] {processor.py:830} INFO - Processing file /home/airflow/.local/lib/python3.12/site-packages/airflow/example_dags/example_latest_only_with_trigger.py for tasks to queue
[2026-03-29T21:45:58.068+0000] {logging_mixin.py:188} INFO - [2026-03-29T21:45:58.067+0000] {dagbag.py:545} INFO - Filling up the DagBag from /home/airflow/.local/lib/python3.12/site-packages/airflow/example_dags/example_latest_only_with_trigger.py
[2026-03-29T21:45:58.071+0000] {processor.py:840} INFO - DAG(s) 'latest_only_with_trigger' retrieved from /home/airflow/.local/lib/python3.12/site-packages/airflow/example_dags/example_latest_only_with_trigger.py
[2026-03-29T21:45:58.093+0000] {logging_mixin.py:188} INFO - [2026-03-29T21:45:58.092+0000] {dag.py:3089} INFO - Sync 1 DAGs
[2026-03-29T21:45:58.114+0000] {logging_mixin.py:188} INFO - [2026-03-29T21:45:58.113+0000] {dag.py:3947} INFO - Setting next_dagrun for latest_only_with_trigger to 2026-03-29 16:00:00+00:00, run_after=2026-03-29 20:00:00+00:00
[2026-03-29T21:45:58.135+0000] {processor.py:183} INFO - Processing /home/airflow/.local/lib/python3.12/site-packages/airflow/example_dags/example_latest_only_with_trigger.py took 0.074 seconds
[2026-03-29T21:46:29.053+0000] {processor.py:161} INFO - Started process (PID=1682) to work on /home/airflow/.local/lib/python3.12/site-packages/airflow/example_dags/example_latest_only_with_trigger.py
[2026-03-29T21:46:29.053+0000] {processor.py:830} INFO - Processing file /home/airflow/.local/lib/python3.12/site-packages/airflow/example_dags/example_latest_only_with_trigger.py for tasks to queue
[2026-03-29T21:46:29.055+0000] {logging_mixin.py:188} INFO - [2026-03-29T21:46:29.055+0000] {dagbag.py:545} INFO - Filling up the DagBag from /home/airflow/.local/lib/python3.12/site-packages/airflow/example_dags/example_latest_only_with_trigger.py
[2026-03-29T21:46:29.059+0000] {processor.py:840} INFO - DAG(s) 'latest_only_with_trigger' retrieved from /home/airflow/.local/lib/python3.12/site-packages/airflow/example_dags/example_latest_only_with_trigger.py
[2026-03-29T21:46:29.089+0000] {logging_mixin.py:188} INFO - [2026-03-29T21:46:29.089+0000] {dag.py:3089} INFO - Sync 1 DAGs
[2026-03-29T21:46:29.132+0000] {logging_mixin.py:188} INFO - [2026-03-29T21:46:29.131+0000] {dag.py:3947} INFO - Setting next_dagrun for latest_only_with_trigger to 2026-03-29 16:00:00+00:00, run_after=2026-03-29 20:00:00+00:00
[2026-03-29T21:46:29.187+0000] {processor.py:183} INFO - Processing /home/airflow/.local/lib/python3.12/site-packages/airflow/example_dags/example_latest_only_with_trigger.py took 0.140 seconds
[2026-03-29T21:47:00.173+0000] {processor.py:161} INFO - Started process (PID=1735) to work on /home/airflow/.local/lib/python3.12/site-packages/airflow/example_dags/example_latest_only_with_trigger.py
[2026-03-29T21:47:00.174+0000] {processor.py:830} INFO - Processing file /home/airflow/.local/lib/python3.12/site-packages/airflow/example_dags/example_latest_only_with_trigger.py for tasks to queue
[2026-03-29T21:47:00.176+0000] {logging_mixin.py:188} INFO - [2026-03-29T21:47:00.175+0000] {dagbag.py:545} INFO - Filling up the DagBag from /home/airflow/.local/lib/python3.12/site-packages/airflow/example_dags/example_latest_only_with_trigger.py
[2026-03-29T21:47:00.180+0000] {processor.py:840} INFO - DAG(s) 'latest_only_with_trigger' retrieved from /home/airflow/.local/lib/python3.12/site-packages/airflow/example_dags/example_latest_only_with_trigger.py
[2026-03-29T21:47:00.206+0000] {logging_mixin.py:188} INFO - [2026-03-29T21:47:00.206+0000] {dag.py:3089} INFO - Sync 1 DAGs
[2026-03-29T21:47:00.232+0000] {logging_mixin.py:188} INFO - [2026-03-29T21:47:00.232+0000] {dag.py:3947} INFO - Setting next_dagrun for latest_only_with_trigger to 2026-03-29 16:00:00+00:00, run_after=2026-03-29 20:00:00+00:00
[2026-03-29T21:47:00.257+0000] {processor.py:183} INFO - Processing /home/airflow/.local/lib/python3.12/site-packages/airflow/example_dags/example_latest_only_with_trigger.py took 0.091 seconds
[2026-03-29T21:47:31.404+0000] {processor.py:161} INFO - Started process (PID=1787) to work on /home/airflow/.local/lib/python3.12/site-packages/airflow/example_dags/example_latest_only_with_trigger.py
[2026-03-29T21:47:31.406+0000] {processor.py:830} INFO - Processing file /home/airflow/.local/lib/python3.12/site-packages/airflow/example_dags/example_latest_only_with_trigger.py for tasks to queue
[2026-03-29T21:47:31.408+0000] {logging_mixin.py:188} INFO - [2026-03-29T21:47:31.408+0000] {dagbag.py:545} INFO - Filling up the DagBag from /home/airflow/.local/lib/python3.12/site-packages/airflow/example_dags/example_latest_only_with_trigger.py
[2026-03-29T21:47:31.413+0000] {processor.py:840} INFO - DAG(s) 'latest_only_with_trigger' retrieved from /home/airflow/.local/lib/python3.12/site-packages/airflow/example_dags/example_latest_only_with_trigger.py
[2026-03-29T21:47:31.434+0000] {logging_mixin.py:188} INFO - [2026-03-29T21:47:31.434+0000] {dag.py:3089} INFO - Sync 1 DAGs
[2026-03-29T21:47:31.458+0000] {logging_mixin.py:188} INFO - [2026-03-29T21:47:31.458+0000] {dag.py:3947} INFO - Setting next_dagrun for latest_only_with_trigger to 2026-03-29 16:00:00+00:00, run_after=2026-03-29 20:00:00+00:00
[2026-03-29T21:47:31.479+0000] {processor.py:183} INFO - Processing /home/airflow/.local/lib/python3.12/site-packages/airflow/example_dags/example_latest_only_with_trigger.py took 0.080 seconds
[2026-03-29T21:48:01.881+0000] {processor.py:161} INFO - Started process (PID=1839) to work on /home/airflow/.local/lib/python3.12/site-packages/airflow/example_dags/example_latest_only_with_trigger.py
[2026-03-29T21:48:01.883+0000] {processor.py:830} INFO - Processing file /home/airflow/.local/lib/python3.12/site-packages/airflow/example_dags/example_latest_only_with_trigger.py for tasks to queue
[2026-03-29T21:48:01.885+0000] {logging_mixin.py:188} INFO - [2026-03-29T21:48:01.884+0000] {dagbag.py:545} INFO - Filling up the DagBag from /home/airflow/.local/lib/python3.12/site-packages/airflow/example_dags/example_latest_only_with_trigger.py
[2026-03-29T21:48:01.892+0000] {processor.py:840} INFO - DAG(s) 'latest_only_with_trigger' retrieved from /home/airflow/.local/lib/python3.12/site-packages/airflow/example_dags/example_latest_only_with_trigger.py
[2026-03-29T21:48:01.915+0000] {logging_mixin.py:188} INFO - [2026-03-29T21:48:01.914+0000] {dag.py:3089} INFO - Sync 1 DAGs
[2026-03-29T21:48:01.939+0000] {logging_mixin.py:188} INFO - [2026-03-29T21:48:01.939+0000] {dag.py:3947} INFO - Setting next_dagrun for latest_only_with_trigger to 2026-03-29 16:00:00+00:00, run_after=2026-03-29 20:00:00+00:00
[2026-03-29T21:48:02.097+0000] {processor.py:183} INFO - Processing /home/airflow/.local/lib/python3.12/site-packages/airflow/example_dags/example_latest_only_with_trigger.py took 0.222 seconds
[2026-03-29T21:48:32.203+0000] {processor.py:161} INFO - Started process (PID=1891) to work on /home/airflow/.local/lib/python3.12/site-packages/airflow/example_dags/example_latest_only_with_trigger.py
[2026-03-29T21:48:32.205+0000] {processor.py:830} INFO - Processing file /home/airflow/.local/lib/python3.12/site-packages/airflow/example_dags/example_latest_only_with_trigger.py for tasks to queue
[2026-03-29T21:48:32.207+0000] {logging_mixin.py:188} INFO - [2026-03-29T21:48:32.206+0000] {dagbag.py:545} INFO - Filling up the DagBag from /home/airflow/.local/lib/python3.12/site-packages/airflow/example_dags/example_latest_only_with_trigger.py
[2026-03-29T21:48:32.212+0000] {processor.py:840} INFO - DAG(s) 'latest_only_with_trigger' retrieved from /home/airflow/.local/lib/python3.12/site-packages/airflow/example_dags/example_latest_only_with_trigger.py
[2026-03-29T21:48:32.229+0000] {logging_mixin.py:188} INFO - [2026-03-29T21:48:32.229+0000] {dag.py:3089} INFO - Sync 1 DAGs
[2026-03-29T21:48:32.246+0000] {logging_mixin.py:188} INFO - [2026-03-29T21:48:32.246+0000] {dag.py:3947} INFO - Setting next_dagrun for latest_only_with_trigger to 2026-03-29 16:00:00+00:00, run_after=2026-03-29 20:00:00+00:00
[2026-03-29T21:48:32.259+0000] {processor.py:183} INFO - Processing /home/airflow/.local/lib/python3.12/site-packages/airflow/example_dags/example_latest_only_with_trigger.py took 0.062 seconds
[2026-03-29T21:49:03.279+0000] {processor.py:161} INFO - Started process (PID=1943) to work on /home/airflow/.local/lib/python3.12/site-packages/airflow/example_dags/example_latest_only_with_trigger.py
[2026-03-29T21:49:03.281+0000] {processor.py:830} INFO - Processing file /home/airflow/.local/lib/python3.12/site-packages/airflow/example_dags/example_latest_only_with_trigger.py for tasks to queue
[2026-03-29T21:49:03.284+0000] {logging_mixin.py:188} INFO - [2026-03-29T21:49:03.282+0000] {dagbag.py:545} INFO - Filling up the DagBag from /home/airflow/.local/lib/python3.12/site-packages/airflow/example_dags/example_latest_only_with_trigger.py
[2026-03-29T21:49:03.292+0000] {processor.py:840} INFO - DAG(s) 'latest_only_with_trigger' retrieved from /home/airflow/.local/lib/python3.12/site-packages/airflow/example_dags/example_latest_only_with_trigger.py
[2026-03-29T21:49:03.316+0000] {logging_mixin.py:188} INFO - [2026-03-29T21:49:03.316+0000] {dag.py:3089} INFO - Sync 1 DAGs
[2026-03-29T21:49:03.343+0000] {logging_mixin.py:188} INFO - [2026-03-29T21:49:03.342+0000] {dag.py:3947} INFO - Setting next_dagrun for latest_only_with_trigger to 2026-03-29 16:00:00+00:00, run_after=2026-03-29 20:00:00+00:00
[2026-03-29T21:49:03.366+0000] {processor.py:183} INFO - Processing /home/airflow/.local/lib/python3.12/site-packages/airflow/example_dags/example_latest_only_with_trigger.py took 0.092 seconds
[2026-03-29T21:49:34.040+0000] {processor.py:161} INFO - Started process (PID=1995) to work on /home/airflow/.local/lib/python3.12/site-packages/airflow/example_dags/example_latest_only_with_trigger.py
[2026-03-29T21:49:34.045+0000] {processor.py:830} INFO - Processing file /home/airflow/.local/lib/python3.12/site-packages/airflow/example_dags/example_latest_only_with_trigger.py for tasks to queue
[2026-03-29T21:49:34.046+0000] {logging_mixin.py:188} INFO - [2026-03-29T21:49:34.046+0000] {dagbag.py:545} INFO - Filling up the DagBag from /home/airflow/.local/lib/python3.12/site-packages/airflow/example_dags/example_latest_only_with_trigger.py
[2026-03-29T21:49:34.050+0000] {processor.py:840} INFO - DAG(s) 'latest_only_with_trigger' retrieved from /home/airflow/.local/lib/python3.12/site-packages/airflow/example_dags/example_latest_only_with_trigger.py
[2026-03-29T21:49:34.071+0000] {logging_mixin.py:188} INFO - [2026-03-29T21:49:34.071+0000] {dag.py:3089} INFO - Sync 1 DAGs
[2026-03-29T21:49:34.091+0000] {logging_mixin.py:188} INFO - [2026-03-29T21:49:34.090+0000] {dag.py:3947} INFO - Setting next_dagrun for latest_only_with_trigger to 2026-03-29 16:00:00+00:00, run_after=2026-03-29 20:00:00+00:00
[2026-03-29T21:49:34.109+0000] {processor.py:183} INFO - Processing /home/airflow/.local/lib/python3.12/site-packages/airflow/example_dags/example_latest_only_with_trigger.py took 0.073 seconds
[2026-03-29T21:50:05.002+0000] {processor.py:161} INFO - Started process (PID=2047) to work on /home/airflow/.local/lib/python3.12/site-packages/airflow/example_dags/example_latest_only_with_trigger.py
[2026-03-29T21:50:05.004+0000] {processor.py:830} INFO - Processing file /home/airflow/.local/lib/python3.12/site-packages/airflow/example_dags/example_latest_only_with_trigger.py for tasks to queue
[2026-03-29T21:50:05.007+0000] {logging_mixin.py:188} INFO - [2026-03-29T21:50:05.006+0000] {dagbag.py:545} INFO - Filling up the DagBag from /home/airflow/.local/lib/python3.12/site-packages/airflow/example_dags/example_latest_only_with_trigger.py
[2026-03-29T21:50:05.011+0000] {processor.py:840} INFO - DAG(s) 'latest_only_with_trigger' retrieved from /home/airflow/.local/lib/python3.12/site-packages/airflow/example_dags/example_latest_only_with_trigger.py
[2026-03-29T21:50:05.032+0000] {logging_mixin.py:188} INFO - [2026-03-29T21:50:05.032+0000] {dag.py:3089} INFO - Sync 1 DAGs
[2026-03-29T21:50:05.052+0000] {logging_mixin.py:188} INFO - [2026-03-29T21:50:05.052+0000] {dag.py:3947} INFO - Setting next_dagrun for latest_only_with_trigger to 2026-03-29 16:00:00+00:00, run_after=2026-03-29 20:00:00+00:00
[2026-03-29T21:50:05.070+0000] {processor.py:183} INFO - Processing /home/airflow/.local/lib/python3.12/site-packages/airflow/example_dags/example_latest_only_with_trigger.py took 0.073 seconds
[2026-03-29T21:50:35.335+0000] {processor.py:161} INFO - Started process (PID=2099) to work on /home/airflow/.local/lib/python3.12/site-packages/airflow/example_dags/example_latest_only_with_trigger.py
[2026-03-29T21:50:35.337+0000] {processor.py:830} INFO - Processing file /home/airflow/.local/lib/python3.12/site-packages/airflow/example_dags/example_latest_only_with_trigger.py for tasks to queue
[2026-03-29T21:50:35.339+0000] {logging_mixin.py:188} INFO - [2026-03-29T21:50:35.339+0000] {dagbag.py:545} INFO - Filling up the DagBag from /home/airflow/.local/lib/python3.12/site-packages/airflow/example_dags/example_latest_only_with_trigger.py
[2026-03-29T21:50:35.345+0000] {processor.py:840} INFO - DAG(s) 'latest_only_with_trigger' retrieved from /home/airflow/.local/lib/python3.12/site-packages/airflow/example_dags/example_latest_only_with_trigger.py
[2026-03-29T21:50:35.366+0000] {logging_mixin.py:188} INFO - [2026-03-29T21:50:35.365+0000] {dag.py:3089} INFO - Sync 1 DAGs
[2026-03-29T21:50:35.393+0000] {logging_mixin.py:188} INFO - [2026-03-29T21:50:35.393+0000] {dag.py:3947} INFO - Setting next_dagrun for latest_only_with_trigger to 2026-03-29 16:00:00+00:00, run_after=2026-03-29 20:00:00+00:00
[2026-03-29T21:50:35.416+0000] {processor.py:183} INFO - Processing /home/airflow/.local/lib/python3.12/site-packages/airflow/example_dags/example_latest_only_with_trigger.py took 0.087 seconds
[2026-03-29T21:51:05.540+0000] {processor.py:161} INFO - Started process (PID=2151) to work on /home/airflow/.local/lib/python3.12/site-packages/airflow/example_dags/example_latest_only_with_trigger.py
[2026-03-29T21:51:05.541+0000] {processor.py:830} INFO - Processing file /home/airflow/.local/lib/python3.12/site-packages/airflow/example_dags/example_latest_only_with_trigger.py for tasks to queue
[2026-03-29T21:51:05.543+0000] {logging_mixin.py:188} INFO - [2026-03-29T21:51:05.543+0000] {dagbag.py:545} INFO - Filling up the DagBag from /home/airflow/.local/lib/python3.12/site-packages/airflow/example_dags/example_latest_only_with_trigger.py
[2026-03-29T21:51:05.547+0000] {processor.py:840} INFO - DAG(s) 'latest_only_with_trigger' retrieved from /home/airflow/.local/lib/python3.12/site-packages/airflow/example_dags/example_latest_only_with_trigger.py
[2026-03-29T21:51:05.563+0000] {logging_mixin.py:188} INFO - [2026-03-29T21:51:05.563+0000] {dag.py:3089} INFO - Sync 1 DAGs
[2026-03-29T21:51:05.580+0000] {logging_mixin.py:188} INFO - [2026-03-29T21:51:05.580+0000] {dag.py:3947} INFO - Setting next_dagrun for latest_only_with_trigger to 2026-03-29 16:00:00+00:00, run_after=2026-03-29 20:00:00+00:00
[2026-03-29T21:51:05.602+0000] {processor.py:183} INFO - Processing /home/airflow/.local/lib/python3.12/site-packages/airflow/example_dags/example_latest_only_with_trigger.py took 0.067 seconds
[2026-03-29T21:51:36.522+0000] {processor.py:161} INFO - Started process (PID=2201) to work on /home/airflow/.local/lib/python3.12/site-packages/airflow/example_dags/example_latest_only_with_trigger.py
[2026-03-29T21:51:36.524+0000] {processor.py:830} INFO - Processing file /home/airflow/.local/lib/python3.12/site-packages/airflow/example_dags/example_latest_only_with_trigger.py for tasks to queue
[2026-03-29T21:51:36.526+0000] {logging_mixin.py:188} INFO - [2026-03-29T21:51:36.526+0000] {dagbag.py:545} INFO - Filling up the DagBag from /home/airflow/.local/lib/python3.12/site-packages/airflow/example_dags/example_latest_only_with_trigger.py
[2026-03-29T21:51:36.531+0000] {processor.py:840} INFO - DAG(s) 'latest_only_with_trigger' retrieved from /home/airflow/.local/lib/python3.12/site-packages/airflow/example_dags/example_latest_only_with_trigger.py
[2026-03-29T21:51:36.552+0000] {logging_mixin.py:188} INFO - [2026-03-29T21:51:36.552+0000] {dag.py:3089} INFO - Sync 1 DAGs
[2026-03-29T21:51:36.570+0000] {logging_mixin.py:188} INFO - [2026-03-29T21:51:36.570+0000] {dag.py:3947} INFO - Setting next_dagrun for latest_only_with_trigger to 2026-03-29 16:00:00+00:00, run_after=2026-03-29 20:00:00+00:00
[2026-03-29T21:51:36.589+0000] {processor.py:183} INFO - Processing /home/airflow/.local/lib/python3.12/site-packages/airflow/example_dags/example_latest_only_with_trigger.py took 0.071 seconds
[2026-03-29T21:52:06.878+0000] {processor.py:161} INFO - Started process (PID=2253) to work on /home/airflow/.local/lib/python3.12/site-packages/airflow/example_dags/example_latest_only_with_trigger.py
[2026-03-29T21:52:06.880+0000] {processor.py:830} INFO - Processing file /home/airflow/.local/lib/python3.12/site-packages/airflow/example_dags/example_latest_only_with_trigger.py for tasks to queue
[2026-03-29T21:52:06.883+0000] {logging_mixin.py:188} INFO - [2026-03-29T21:52:06.883+0000] {dagbag.py:545} INFO - Filling up the DagBag from /home/airflow/.local/lib/python3.12/site-packages/airflow/example_dags/example_latest_only_with_trigger.py
[2026-03-29T21:52:06.887+0000] {processor.py:840} INFO - DAG(s) 'latest_only_with_trigger' retrieved from /home/airflow/.local/lib/python3.12/site-packages/airflow/example_dags/example_latest_only_with_trigger.py
[2026-03-29T21:52:06.910+0000] {logging_mixin.py:188} INFO - [2026-03-29T21:52:06.910+0000] {dag.py:3089} INFO - Sync 1 DAGs
[2026-03-29T21:52:06.929+0000] {logging_mixin.py:188} INFO - [2026-03-29T21:52:06.929+0000] {dag.py:3947} INFO - Setting next_dagrun for latest_only_with_trigger to 2026-03-29 16:00:00+00:00, run_after=2026-03-29 20:00:00+00:00
[2026-03-29T21:52:06.948+0000] {processor.py:183} INFO - Processing /home/airflow/.local/lib/python3.12/site-packages/airflow/example_dags/example_latest_only_with_trigger.py took 0.074 seconds
[2026-03-29T21:52:37.369+0000] {processor.py:161} INFO - Started process (PID=2305) to work on /home/airflow/.local/lib/python3.12/site-packages/airflow/example_dags/example_latest_only_with_trigger.py
[2026-03-29T21:52:37.370+0000] {processor.py:830} INFO - Processing file /home/airflow/.local/lib/python3.12/site-packages/airflow/example_dags/example_latest_only_with_trigger.py for tasks to queue
[2026-03-29T21:52:37.372+0000] {logging_mixin.py:188} INFO - [2026-03-29T21:52:37.372+0000] {dagbag.py:545} INFO - Filling up the DagBag from /home/airflow/.local/lib/python3.12/site-packages/airflow/example_dags/example_latest_only_with_trigger.py
[2026-03-29T21:52:37.378+0000] {processor.py:840} INFO - DAG(s) 'latest_only_with_trigger' retrieved from /home/airflow/.local/lib/python3.12/site-packages/airflow/example_dags/example_latest_only_with_trigger.py
[2026-03-29T21:52:37.397+0000] {logging_mixin.py:188} INFO - [2026-03-29T21:52:37.397+0000] {dag.py:3089} INFO - Sync 1 DAGs
[2026-03-29T21:52:37.416+0000] {logging_mixin.py:188} INFO - [2026-03-29T21:52:37.416+0000] {dag.py:3947} INFO - Setting next_dagrun for latest_only_with_trigger to 2026-03-29 16:00:00+00:00, run_after=2026-03-29 20:00:00+00:00
[2026-03-29T21:52:37.431+0000] {processor.py:183} INFO - Processing /home/airflow/.local/lib/python3.12/site-packages/airflow/example_dags/example_latest_only_with_trigger.py took 0.067 seconds
[2026-03-29T21:53:08.244+0000] {processor.py:161} INFO - Started process (PID=2357) to work on /home/airflow/.local/lib/python3.12/site-packages/airflow/example_dags/example_latest_only_with_trigger.py
[2026-03-29T21:53:08.244+0000] {processor.py:830} INFO - Processing file /home/airflow/.local/lib/python3.12/site-packages/airflow/example_dags/example_latest_only_with_trigger.py for tasks to queue
[2026-03-29T21:53:08.246+0000] {logging_mixin.py:188} INFO - [2026-03-29T21:53:08.246+0000] {dagbag.py:545} INFO - Filling up the DagBag from /home/airflow/.local/lib/python3.12/site-packages/airflow/example_dags/example_latest_only_with_trigger.py
[2026-03-29T21:53:08.250+0000] {processor.py:840} INFO - DAG(s) 'latest_only_with_trigger' retrieved from /home/airflow/.local/lib/python3.12/site-packages/airflow/example_dags/example_latest_only_with_trigger.py
[2026-03-29T21:53:08.267+0000] {logging_mixin.py:188} INFO - [2026-03-29T21:53:08.267+0000] {dag.py:3089} INFO - Sync 1 DAGs
[2026-03-29T21:53:08.283+0000] {logging_mixin.py:188} INFO - [2026-03-29T21:53:08.283+0000] {dag.py:3947} INFO - Setting next_dagrun for latest_only_with_trigger to 2026-03-29 16:00:00+00:00, run_after=2026-03-29 20:00:00+00:00
[2026-03-29T21:53:08.297+0000] {processor.py:183} INFO - Processing /home/airflow/.local/lib/python3.12/site-packages/airflow/example_dags/example_latest_only_with_trigger.py took 0.058 seconds
[2026-03-29T21:53:39.191+0000] {processor.py:161} INFO - Started process (PID=2409) to work on /home/airflow/.local/lib/python3.12/site-packages/airflow/example_dags/example_latest_only_with_trigger.py
[2026-03-29T21:53:39.193+0000] {processor.py:830} INFO - Processing file /home/airflow/.local/lib/python3.12/site-packages/airflow/example_dags/example_latest_only_with_trigger.py for tasks to queue
[2026-03-29T21:53:39.196+0000] {logging_mixin.py:188} INFO - [2026-03-29T21:53:39.196+0000] {dagbag.py:545} INFO - Filling up the DagBag from /home/airflow/.local/lib/python3.12/site-packages/airflow/example_dags/example_latest_only_with_trigger.py
[2026-03-29T21:53:39.202+0000] {processor.py:840} INFO - DAG(s) 'latest_only_with_trigger' retrieved from /home/airflow/.local/lib/python3.12/site-packages/airflow/example_dags/example_latest_only_with_trigger.py
[2026-03-29T21:53:39.219+0000] {logging_mixin.py:188} INFO - [2026-03-29T21:53:39.219+0000] {dag.py:3089} INFO - Sync 1 DAGs
[2026-03-29T21:53:39.235+0000] {logging_mixin.py:188} INFO - [2026-03-29T21:53:39.235+0000] {dag.py:3947} INFO - Setting next_dagrun for latest_only_with_trigger to 2026-03-29 16:00:00+00:00, run_after=2026-03-29 20:00:00+00:00
[2026-03-29T21:53:39.255+0000] {processor.py:183} INFO - Processing /home/airflow/.local/lib/python3.12/site-packages/airflow/example_dags/example_latest_only_with_trigger.py took 0.068 seconds
[2026-03-29T21:54:09.492+0000] {processor.py:161} INFO - Started process (PID=2461) to work on /home/airflow/.local/lib/python3.12/site-packages/airflow/example_dags/example_latest_only_with_trigger.py
[2026-03-29T21:54:09.493+0000] {processor.py:830} INFO - Processing file /home/airflow/.local/lib/python3.12/site-packages/airflow/example_dags/example_latest_only_with_trigger.py for tasks to queue
[2026-03-29T21:54:09.495+0000] {logging_mixin.py:188} INFO - [2026-03-29T21:54:09.495+0000] {dagbag.py:545} INFO - Filling up the DagBag from /home/airflow/.local/lib/python3.12/site-packages/airflow/example_dags/example_latest_only_with_trigger.py
[2026-03-29T21:54:09.501+0000] {processor.py:840} INFO - DAG(s) 'latest_only_with_trigger' retrieved from /home/airflow/.local/lib/python3.12/site-packages/airflow/example_dags/example_latest_only_with_trigger.py
[2026-03-29T21:54:09.517+0000] {logging_mixin.py:188} INFO - [2026-03-29T21:54:09.517+0000] {dag.py:3089} INFO - Sync 1 DAGs
[2026-03-29T21:54:09.533+0000] {logging_mixin.py:188} INFO - [2026-03-29T21:54:09.533+0000] {dag.py:3947} INFO - Setting next_dagrun for latest_only_with_trigger to 2026-03-29 16:00:00+00:00, run_after=2026-03-29 20:00:00+00:00
[2026-03-29T21:54:09.553+0000] {processor.py:183} INFO - Processing /home/airflow/.local/lib/python3.12/site-packages/airflow/example_dags/example_latest_only_with_trigger.py took 0.065 seconds
[2026-03-29T21:54:40.553+0000] {processor.py:161} INFO - Started process (PID=2513) to work on /home/airflow/.local/lib/python3.12/site-packages/airflow/example_dags/example_latest_only_with_trigger.py
[2026-03-29T21:54:40.554+0000] {processor.py:830} INFO - Processing file /home/airflow/.local/lib/python3.12/site-packages/airflow/example_dags/example_latest_only_with_trigger.py for tasks to queue
[2026-03-29T21:54:40.555+0000] {logging_mixin.py:188} INFO - [2026-03-29T21:54:40.555+0000] {dagbag.py:545} INFO - Filling up the DagBag from /home/airflow/.local/lib/python3.12/site-packages/airflow/example_dags/example_latest_only_with_trigger.py
[2026-03-29T21:54:40.560+0000] {processor.py:840} INFO - DAG(s) 'latest_only_with_trigger' retrieved from /home/airflow/.local/lib/python3.12/site-packages/airflow/example_dags/example_latest_only_with_trigger.py
[2026-03-29T21:54:40.578+0000] {logging_mixin.py:188} INFO - [2026-03-29T21:54:40.578+0000] {dag.py:3089} INFO - Sync 1 DAGs
[2026-03-29T21:54:40.596+0000] {logging_mixin.py:188} INFO - [2026-03-29T21:54:40.596+0000] {dag.py:3947} INFO - Setting next_dagrun for latest_only_with_trigger to 2026-03-29 16:00:00+00:00, run_after=2026-03-29 20:00:00+00:00
[2026-03-29T21:54:40.611+0000] {processor.py:183} INFO - Processing /home/airflow/.local/lib/python3.12/site-packages/airflow/example_dags/example_latest_only_with_trigger.py took 0.064 seconds
[2026-03-29T21:55:11.300+0000] {processor.py:161} INFO - Started process (PID=2565) to work on /home/airflow/.local/lib/python3.12/site-packages/airflow/example_dags/example_latest_only_with_trigger.py
[2026-03-29T21:55:11.301+0000] {processor.py:830} INFO - Processing file /home/airflow/.local/lib/python3.12/site-packages/airflow/example_dags/example_latest_only_with_trigger.py for tasks to queue
[2026-03-29T21:55:11.302+0000] {logging_mixin.py:188} INFO - [2026-03-29T21:55:11.302+0000] {dagbag.py:545} INFO - Filling up the DagBag from /home/airflow/.local/lib/python3.12/site-packages/airflow/example_dags/example_latest_only_with_trigger.py
[2026-03-29T21:55:11.306+0000] {processor.py:840} INFO - DAG(s) 'latest_only_with_trigger' retrieved from /home/airflow/.local/lib/python3.12/site-packages/airflow/example_dags/example_latest_only_with_trigger.py
[2026-03-29T21:55:11.322+0000] {logging_mixin.py:188} INFO - [2026-03-29T21:55:11.322+0000] {dag.py:3089} INFO - Sync 1 DAGs
[2026-03-29T21:55:11.339+0000] {logging_mixin.py:188} INFO - [2026-03-29T21:55:11.339+0000] {dag.py:3947} INFO - Setting next_dagrun for latest_only_with_trigger to 2026-03-29 16:00:00+00:00, run_after=2026-03-29 20:00:00+00:00
[2026-03-29T21:55:11.363+0000] {processor.py:183} INFO - Processing /home/airflow/.local/lib/python3.12/site-packages/airflow/example_dags/example_latest_only_with_trigger.py took 0.068 seconds
[2026-03-29T21:55:42.028+0000] {processor.py:161} INFO - Started process (PID=2617) to work on /home/airflow/.local/lib/python3.12/site-packages/airflow/example_dags/example_latest_only_with_trigger.py
[2026-03-29T21:55:42.030+0000] {processor.py:830} INFO - Processing file /home/airflow/.local/lib/python3.12/site-packages/airflow/example_dags/example_latest_only_with_trigger.py for tasks to queue
[2026-03-29T21:55:42.031+0000] {logging_mixin.py:188} INFO - [2026-03-29T21:55:42.031+0000] {dagbag.py:545} INFO - Filling up the DagBag from /home/airflow/.local/lib/python3.12/site-packages/airflow/example_dags/example_latest_only_with_trigger.py
[2026-03-29T21:55:42.035+0000] {processor.py:840} INFO - DAG(s) 'latest_only_with_trigger' retrieved from /home/airflow/.local/lib/python3.12/site-packages/airflow/example_dags/example_latest_only_with_trigger.py
[2026-03-29T21:55:42.059+0000] {logging_mixin.py:188} INFO - [2026-03-29T21:55:42.058+0000] {dag.py:3089} INFO - Sync 1 DAGs
[2026-03-29T21:55:42.090+0000] {logging_mixin.py:188} INFO - [2026-03-29T21:55:42.089+0000] {dag.py:3947} INFO - Setting next_dagrun for latest_only_with_trigger to 2026-03-29 16:00:00+00:00, run_after=2026-03-29 20:00:00+00:00
[2026-03-29T21:55:42.114+0000] {processor.py:183} INFO - Processing /home/airflow/.local/lib/python3.12/site-packages/airflow/example_dags/example_latest_only_with_trigger.py took 0.090 seconds
[2026-03-29T21:56:12.828+0000] {processor.py:161} INFO - Started process (PID=2669) to work on /home/airflow/.local/lib/python3.12/site-packages/airflow/example_dags/example_latest_only_with_trigger.py
[2026-03-29T21:56:12.830+0000] {processor.py:830} INFO - Processing file /home/airflow/.local/lib/python3.12/site-packages/airflow/example_dags/example_latest_only_with_trigger.py for tasks to queue
[2026-03-29T21:56:12.831+0000] {logging_mixin.py:188} INFO - [2026-03-29T21:56:12.831+0000] {dagbag.py:545} INFO - Filling up the DagBag from /home/airflow/.local/lib/python3.12/site-packages/airflow/example_dags/example_latest_only_with_trigger.py
[2026-03-29T21:56:12.835+0000] {processor.py:840} INFO - DAG(s) 'latest_only_with_trigger' retrieved from /home/airflow/.local/lib/python3.12/site-packages/airflow/example_dags/example_latest_only_with_trigger.py
[2026-03-29T21:56:12.851+0000] {logging_mixin.py:188} INFO - [2026-03-29T21:56:12.851+0000] {dag.py:3089} INFO - Sync 1 DAGs
[2026-03-29T21:56:12.868+0000] {logging_mixin.py:188} INFO - [2026-03-29T21:56:12.868+0000] {dag.py:3947} INFO - Setting next_dagrun for latest_only_with_trigger to 2026-03-29 16:00:00+00:00, run_after=2026-03-29 20:00:00+00:00
[2026-03-29T21:56:12.890+0000] {processor.py:183} INFO - Processing /home/airflow/.local/lib/python3.12/site-packages/airflow/example_dags/example_latest_only_with_trigger.py took 0.069 seconds
[2026-03-29T21:56:43.813+0000] {processor.py:161} INFO - Started process (PID=2721) to work on /home/airflow/.local/lib/python3.12/site-packages/airflow/example_dags/example_latest_only_with_trigger.py
[2026-03-29T21:56:43.817+0000] {processor.py:830} INFO - Processing file /home/airflow/.local/lib/python3.12/site-packages/airflow/example_dags/example_latest_only_with_trigger.py for tasks to queue
[2026-03-29T21:56:43.820+0000] {logging_mixin.py:188} INFO - [2026-03-29T21:56:43.819+0000] {dagbag.py:545} INFO - Filling up the DagBag from /home/airflow/.local/lib/python3.12/site-packages/airflow/example_dags/example_latest_only_with_trigger.py
[2026-03-29T21:56:43.831+0000] {processor.py:840} INFO - DAG(s) 'latest_only_with_trigger' retrieved from /home/airflow/.local/lib/python3.12/site-packages/airflow/example_dags/example_latest_only_with_trigger.py
[2026-03-29T21:56:43.864+0000] {logging_mixin.py:188} INFO - [2026-03-29T21:56:43.864+0000] {dag.py:3089} INFO - Sync 1 DAGs
[2026-03-29T21:56:43.907+0000] {logging_mixin.py:188} INFO - [2026-03-29T21:56:43.907+0000] {dag.py:3947} INFO - Setting next_dagrun for latest_only_with_trigger to 2026-03-29 16:00:00+00:00, run_after=2026-03-29 20:00:00+00:00
[2026-03-29T21:56:43.937+0000] {processor.py:183} INFO - Processing /home/airflow/.local/lib/python3.12/site-packages/airflow/example_dags/example_latest_only_with_trigger.py took 0.135 seconds
[2026-03-29T21:57:14.377+0000] {processor.py:161} INFO - Started process (PID=2773) to work on /home/airflow/.local/lib/python3.12/site-packages/airflow/example_dags/example_latest_only_with_trigger.py
[2026-03-29T21:57:14.379+0000] {processor.py:830} INFO - Processing file /home/airflow/.local/lib/python3.12/site-packages/airflow/example_dags/example_latest_only_with_trigger.py for tasks to queue
[2026-03-29T21:57:14.382+0000] {logging_mixin.py:188} INFO - [2026-03-29T21:57:14.382+0000] {dagbag.py:545} INFO - Filling up the DagBag from /home/airflow/.local/lib/python3.12/site-packages/airflow/example_dags/example_latest_only_with_trigger.py
[2026-03-29T21:57:14.386+0000] {processor.py:840} INFO - DAG(s) 'latest_only_with_trigger' retrieved from /home/airflow/.local/lib/python3.12/site-packages/airflow/example_dags/example_latest_only_with_trigger.py
[2026-03-29T21:57:14.408+0000] {logging_mixin.py:188} INFO - [2026-03-29T21:57:14.408+0000] {dag.py:3089} INFO - Sync 1 DAGs
[2026-03-29T21:57:14.433+0000] {logging_mixin.py:188} INFO - [2026-03-29T21:57:14.433+0000] {dag.py:3947} INFO - Setting next_dagrun for latest_only_with_trigger to 2026-03-29 16:00:00+00:00, run_after=2026-03-29 20:00:00+00:00
[2026-03-29T21:57:14.457+0000] {processor.py:183} INFO - Processing /home/airflow/.local/lib/python3.12/site-packages/airflow/example_dags/example_latest_only_with_trigger.py took 0.084 seconds
[2026-03-29T21:57:45.409+0000] {processor.py:161} INFO - Started process (PID=2825) to work on /home/airflow/.local/lib/python3.12/site-packages/airflow/example_dags/example_latest_only_with_trigger.py
[2026-03-29T21:57:45.412+0000] {processor.py:830} INFO - Processing file /home/airflow/.local/lib/python3.12/site-packages/airflow/example_dags/example_latest_only_with_trigger.py for tasks to queue
[2026-03-29T21:57:45.414+0000] {logging_mixin.py:188} INFO - [2026-03-29T21:57:45.414+0000] {dagbag.py:545} INFO - Filling up the DagBag from /home/airflow/.local/lib/python3.12/site-packages/airflow/example_dags/example_latest_only_with_trigger.py
[2026-03-29T21:57:45.418+0000] {processor.py:840} INFO - DAG(s) 'latest_only_with_trigger' retrieved from /home/airflow/.local/lib/python3.12/site-packages/airflow/example_dags/example_latest_only_with_trigger.py
[2026-03-29T21:57:45.438+0000] {logging_mixin.py:188} INFO - [2026-03-29T21:57:45.438+0000] {dag.py:3089} INFO - Sync 1 DAGs
[2026-03-29T21:57:45.455+0000] {logging_mixin.py:188} INFO - [2026-03-29T21:57:45.454+0000] {dag.py:3947} INFO - Setting next_dagrun for latest_only_with_trigger to 2026-03-29 16:00:00+00:00, run_after=2026-03-29 20:00:00+00:00
[2026-03-29T21:57:45.468+0000] {processor.py:183} INFO - Processing /home/airflow/.local/lib/python3.12/site-packages/airflow/example_dags/example_latest_only_with_trigger.py took 0.065 seconds
[2026-03-29T21:58:16.115+0000] {processor.py:161} INFO - Started process (PID=2877) to work on /home/airflow/.local/lib/python3.12/site-packages/airflow/example_dags/example_latest_only_with_trigger.py
[2026-03-29T21:58:16.115+0000] {processor.py:830} INFO - Processing file /home/airflow/.local/lib/python3.12/site-packages/airflow/example_dags/example_latest_only_with_trigger.py for tasks to queue
[2026-03-29T21:58:16.118+0000] {logging_mixin.py:188} INFO - [2026-03-29T21:58:16.117+0000] {dagbag.py:545} INFO - Filling up the DagBag from /home/airflow/.local/lib/python3.12/site-packages/airflow/example_dags/example_latest_only_with_trigger.py
[2026-03-29T21:58:16.122+0000] {processor.py:840} INFO - DAG(s) 'latest_only_with_trigger' retrieved from /home/airflow/.local/lib/python3.12/site-packages/airflow/example_dags/example_latest_only_with_trigger.py
[2026-03-29T21:58:16.143+0000] {logging_mixin.py:188} INFO - [2026-03-29T21:58:16.143+0000] {dag.py:3089} INFO - Sync 1 DAGs
[2026-03-29T21:58:16.163+0000] {logging_mixin.py:188} INFO - [2026-03-29T21:58:16.163+0000] {dag.py:3947} INFO - Setting next_dagrun for latest_only_with_trigger to 2026-03-29 16:00:00+00:00, run_after=2026-03-29 20:00:00+00:00
[2026-03-29T21:58:16.179+0000] {processor.py:183} INFO - Processing /home/airflow/.local/lib/python3.12/site-packages/airflow/example_dags/example_latest_only_with_trigger.py took 0.069 seconds
[2026-03-29T21:58:47.265+0000] {processor.py:161} INFO - Started process (PID=2929) to work on /home/airflow/.local/lib/python3.12/site-packages/airflow/example_dags/example_latest_only_with_trigger.py
[2026-03-29T21:58:47.266+0000] {processor.py:830} INFO - Processing file /home/airflow/.local/lib/python3.12/site-packages/airflow/example_dags/example_latest_only_with_trigger.py for tasks to queue
[2026-03-29T21:58:47.267+0000] {logging_mixin.py:188} INFO - [2026-03-29T21:58:47.267+0000] {dagbag.py:545} INFO - Filling up the DagBag from /home/airflow/.local/lib/python3.12/site-packages/airflow/example_dags/example_latest_only_with_trigger.py
[2026-03-29T21:58:47.272+0000] {processor.py:840} INFO - DAG(s) 'latest_only_with_trigger' retrieved from /home/airflow/.local/lib/python3.12/site-packages/airflow/example_dags/example_latest_only_with_trigger.py
[2026-03-29T21:58:47.290+0000] {logging_mixin.py:188} INFO - [2026-03-29T21:58:47.289+0000] {dag.py:3089} INFO - Sync 1 DAGs
[2026-03-29T21:58:47.309+0000] {logging_mixin.py:188} INFO - [2026-03-29T21:58:47.309+0000] {dag.py:3947} INFO - Setting next_dagrun for latest_only_with_trigger to 2026-03-29 16:00:00+00:00, run_after=2026-03-29 20:00:00+00:00
[2026-03-29T21:58:47.326+0000] {processor.py:183} INFO - Processing /home/airflow/.local/lib/python3.12/site-packages/airflow/example_dags/example_latest_only_with_trigger.py took 0.066 seconds
[2026-03-29T21:59:17.470+0000] {processor.py:161} INFO - Started process (PID=2981) to work on /home/airflow/.local/lib/python3.12/site-packages/airflow/example_dags/example_latest_only_with_trigger.py
[2026-03-29T21:59:17.472+0000] {processor.py:830} INFO - Processing file /home/airflow/.local/lib/python3.12/site-packages/airflow/example_dags/example_latest_only_with_trigger.py for tasks to queue
[2026-03-29T21:59:17.473+0000] {logging_mixin.py:188} INFO - [2026-03-29T21:59:17.473+0000] {dagbag.py:545} INFO - Filling up the DagBag from /home/airflow/.local/lib/python3.12/site-packages/airflow/example_dags/example_latest_only_with_trigger.py
[2026-03-29T21:59:17.477+0000] {processor.py:840} INFO - DAG(s) 'latest_only_with_trigger' retrieved from /home/airflow/.local/lib/python3.12/site-packages/airflow/example_dags/example_latest_only_with_trigger.py
[2026-03-29T21:59:17.494+0000] {logging_mixin.py:188} INFO - [2026-03-29T21:59:17.494+0000] {dag.py:3089} INFO - Sync 1 DAGs
[2026-03-29T21:59:17.514+0000] {logging_mixin.py:188} INFO - [2026-03-29T21:59:17.514+0000] {dag.py:3947} INFO - Setting next_dagrun for latest_only_with_trigger to 2026-03-29 16:00:00+00:00, run_after=2026-03-29 20:00:00+00:00
[2026-03-29T21:59:17.530+0000] {processor.py:183} INFO - Processing /home/airflow/.local/lib/python3.12/site-packages/airflow/example_dags/example_latest_only_with_trigger.py took 0.065 seconds
[2026-03-29T21:59:47.805+0000] {processor.py:161} INFO - Started process (PID=3033) to work on /home/airflow/.local/lib/python3.12/site-packages/airflow/example_dags/example_latest_only_with_trigger.py
[2026-03-29T21:59:47.807+0000] {processor.py:830} INFO - Processing file /home/airflow/.local/lib/python3.12/site-packages/airflow/example_dags/example_latest_only_with_trigger.py for tasks to queue
[2026-03-29T21:59:47.809+0000] {logging_mixin.py:188} INFO - [2026-03-29T21:59:47.809+0000] {dagbag.py:545} INFO - Filling up the DagBag from /home/airflow/.local/lib/python3.12/site-packages/airflow/example_dags/example_latest_only_with_trigger.py
[2026-03-29T21:59:47.813+0000] {processor.py:840} INFO - DAG(s) 'latest_only_with_trigger' retrieved from /home/airflow/.local/lib/python3.12/site-packages/airflow/example_dags/example_latest_only_with_trigger.py
[2026-03-29T21:59:47.831+0000] {logging_mixin.py:188} INFO - [2026-03-29T21:59:47.831+0000] {dag.py:3089} INFO - Sync 1 DAGs
[2026-03-29T21:59:47.846+0000] {logging_mixin.py:188} INFO - [2026-03-29T21:59:47.846+0000] {dag.py:3947} INFO - Setting next_dagrun for latest_only_with_trigger to 2026-03-29 16:00:00+00:00, run_after=2026-03-29 20:00:00+00:00
[2026-03-29T21:59:47.861+0000] {processor.py:183} INFO - Processing /home/airflow/.local/lib/python3.12/site-packages/airflow/example_dags/example_latest_only_with_trigger.py took 0.061 seconds
[2026-03-29T22:00:18.129+0000] {processor.py:161} INFO - Started process (PID=3085) to work on /home/airflow/.local/lib/python3.12/site-packages/airflow/example_dags/example_latest_only_with_trigger.py
[2026-03-29T22:00:18.131+0000] {processor.py:830} INFO - Processing file /home/airflow/.local/lib/python3.12/site-packages/airflow/example_dags/example_latest_only_with_trigger.py for tasks to queue
[2026-03-29T22:00:18.133+0000] {logging_mixin.py:188} INFO - [2026-03-29T22:00:18.133+0000] {dagbag.py:545} INFO - Filling up the DagBag from /home/airflow/.local/lib/python3.12/site-packages/airflow/example_dags/example_latest_only_with_trigger.py
[2026-03-29T22:00:18.138+0000] {processor.py:840} INFO - DAG(s) 'latest_only_with_trigger' retrieved from /home/airflow/.local/lib/python3.12/site-packages/airflow/example_dags/example_latest_only_with_trigger.py
[2026-03-29T22:00:18.154+0000] {logging_mixin.py:188} INFO - [2026-03-29T22:00:18.154+0000] {dag.py:3089} INFO - Sync 1 DAGs
[2026-03-29T22:00:18.172+0000] {logging_mixin.py:188} INFO - [2026-03-29T22:00:18.172+0000] {dag.py:3947} INFO - Setting next_dagrun for latest_only_with_trigger to 2026-03-29 16:00:00+00:00, run_after=2026-03-29 20:00:00+00:00
[2026-03-29T22:00:18.193+0000] {processor.py:183} INFO - Processing /home/airflow/.local/lib/python3.12/site-packages/airflow/example_dags/example_latest_only_with_trigger.py took 0.068 seconds
[2026-03-29T22:00:49.234+0000] {processor.py:161} INFO - Started process (PID=3137) to work on /home/airflow/.local/lib/python3.12/site-packages/airflow/example_dags/example_latest_only_with_trigger.py
[2026-03-29T22:00:49.236+0000] {processor.py:830} INFO - Processing file /home/airflow/.local/lib/python3.12/site-packages/airflow/example_dags/example_latest_only_with_trigger.py for tasks to queue
[2026-03-29T22:00:49.237+0000] {logging_mixin.py:188} INFO - [2026-03-29T22:00:49.237+0000] {dagbag.py:545} INFO - Filling up the DagBag from /home/airflow/.local/lib/python3.12/site-packages/airflow/example_dags/example_latest_only_with_trigger.py
[2026-03-29T22:00:49.242+0000] {processor.py:840} INFO - DAG(s) 'latest_only_with_trigger' retrieved from /home/airflow/.local/lib/python3.12/site-packages/airflow/example_dags/example_latest_only_with_trigger.py
[2026-03-29T22:00:49.263+0000] {logging_mixin.py:188} INFO - [2026-03-29T22:00:49.263+0000] {dag.py:3089} INFO - Sync 1 DAGs
[2026-03-29T22:00:49.290+0000] {logging_mixin.py:188} INFO - [2026-03-29T22:00:49.290+0000] {dag.py:3947} INFO - Setting next_dagrun for latest_only_with_trigger to 2026-03-29 16:00:00+00:00, run_after=2026-03-29 20:00:00+00:00
[2026-03-29T22:00:49.307+0000] {processor.py:183} INFO - Processing /home/airflow/.local/lib/python3.12/site-packages/airflow/example_dags/example_latest_only_with_trigger.py took 0.078 seconds
