[2026-03-29T21:30:30.373+0000] {processor.py:161} INFO - Started process (PID=41) to work on /home/airflow/.local/lib/python3.12/site-packages/airflow/example_dags/example_python_decorator.py
[2026-03-29T21:30:30.380+0000] {processor.py:830} INFO - Processing file /home/airflow/.local/lib/python3.12/site-packages/airflow/example_dags/example_python_decorator.py for tasks to queue
[2026-03-29T21:30:30.385+0000] {logging_mixin.py:188} INFO - [2026-03-29T21:30:30.384+0000] {dagbag.py:545} INFO - Filling up the DagBag from /home/airflow/.local/lib/python3.12/site-packages/airflow/example_dags/example_python_decorator.py
[2026-03-29T21:30:30.462+0000] {processor.py:840} INFO - DAG(s) 'example_python_decorator' retrieved from /home/airflow/.local/lib/python3.12/site-packages/airflow/example_dags/example_python_decorator.py
[2026-03-29T21:30:30.542+0000] {logging_mixin.py:188} INFO - [2026-03-29T21:30:30.541+0000] {dag.py:3089} INFO - Sync 1 DAGs
[2026-03-29T21:30:30.602+0000] {logging_mixin.py:188} INFO - [2026-03-29T21:30:30.601+0000] {dag.py:3947} INFO - Setting next_dagrun for example_python_decorator to None, run_after=None
[2026-03-29T21:30:30.660+0000] {processor.py:183} INFO - Processing /home/airflow/.local/lib/python3.12/site-packages/airflow/example_dags/example_python_decorator.py took 0.304 seconds
[2026-03-29T21:31:01.689+0000] {processor.py:161} INFO - Started process (PID=93) to work on /home/airflow/.local/lib/python3.12/site-packages/airflow/example_dags/example_python_decorator.py
[2026-03-29T21:31:01.691+0000] {processor.py:830} INFO - Processing file /home/airflow/.local/lib/python3.12/site-packages/airflow/example_dags/example_python_decorator.py for tasks to queue
[2026-03-29T21:31:01.693+0000] {logging_mixin.py:188} INFO - [2026-03-29T21:31:01.693+0000] {dagbag.py:545} INFO - Filling up the DagBag from /home/airflow/.local/lib/python3.12/site-packages/airflow/example_dags/example_python_decorator.py
[2026-03-29T21:31:01.707+0000] {processor.py:840} INFO - DAG(s) 'example_python_decorator' retrieved from /home/airflow/.local/lib/python3.12/site-packages/airflow/example_dags/example_python_decorator.py
[2026-03-29T21:31:01.853+0000] {logging_mixin.py:188} INFO - [2026-03-29T21:31:01.852+0000] {dag.py:3089} INFO - Sync 1 DAGs
[2026-03-29T21:31:01.865+0000] {logging_mixin.py:188} INFO - [2026-03-29T21:31:01.865+0000] {dag.py:3947} INFO - Setting next_dagrun for example_python_decorator to None, run_after=None
[2026-03-29T21:31:01.898+0000] {processor.py:183} INFO - Processing /home/airflow/.local/lib/python3.12/site-packages/airflow/example_dags/example_python_decorator.py took 0.217 seconds
[2026-03-29T21:31:32.711+0000] {processor.py:161} INFO - Started process (PID=145) to work on /home/airflow/.local/lib/python3.12/site-packages/airflow/example_dags/example_python_decorator.py
[2026-03-29T21:31:32.713+0000] {processor.py:830} INFO - Processing file /home/airflow/.local/lib/python3.12/site-packages/airflow/example_dags/example_python_decorator.py for tasks to queue
[2026-03-29T21:31:32.716+0000] {logging_mixin.py:188} INFO - [2026-03-29T21:31:32.715+0000] {dagbag.py:545} INFO - Filling up the DagBag from /home/airflow/.local/lib/python3.12/site-packages/airflow/example_dags/example_python_decorator.py
[2026-03-29T21:31:32.729+0000] {processor.py:840} INFO - DAG(s) 'example_python_decorator' retrieved from /home/airflow/.local/lib/python3.12/site-packages/airflow/example_dags/example_python_decorator.py
[2026-03-29T21:31:32.753+0000] {logging_mixin.py:188} INFO - [2026-03-29T21:31:32.753+0000] {dag.py:3089} INFO - Sync 1 DAGs
[2026-03-29T21:31:32.767+0000] {logging_mixin.py:188} INFO - [2026-03-29T21:31:32.767+0000] {dag.py:3947} INFO - Setting next_dagrun for example_python_decorator to None, run_after=None
[2026-03-29T21:31:32.785+0000] {processor.py:183} INFO - Processing /home/airflow/.local/lib/python3.12/site-packages/airflow/example_dags/example_python_decorator.py took 0.079 seconds
[2026-03-29T21:32:04.329+0000] {processor.py:161} INFO - Started process (PID=197) to work on /home/airflow/.local/lib/python3.12/site-packages/airflow/example_dags/example_python_decorator.py
[2026-03-29T21:32:04.331+0000] {processor.py:830} INFO - Processing file /home/airflow/.local/lib/python3.12/site-packages/airflow/example_dags/example_python_decorator.py for tasks to queue
[2026-03-29T21:32:04.341+0000] {logging_mixin.py:188} INFO - [2026-03-29T21:32:04.338+0000] {dagbag.py:545} INFO - Filling up the DagBag from /home/airflow/.local/lib/python3.12/site-packages/airflow/example_dags/example_python_decorator.py
[2026-03-29T21:32:04.386+0000] {processor.py:840} INFO - DAG(s) 'example_python_decorator' retrieved from /home/airflow/.local/lib/python3.12/site-packages/airflow/example_dags/example_python_decorator.py
[2026-03-29T21:32:04.450+0000] {logging_mixin.py:188} INFO - [2026-03-29T21:32:04.449+0000] {dag.py:3089} INFO - Sync 1 DAGs
[2026-03-29T21:32:04.492+0000] {logging_mixin.py:188} INFO - [2026-03-29T21:32:04.488+0000] {dag.py:3947} INFO - Setting next_dagrun for example_python_decorator to None, run_after=None
[2026-03-29T21:32:04.550+0000] {processor.py:183} INFO - Processing /home/airflow/.local/lib/python3.12/site-packages/airflow/example_dags/example_python_decorator.py took 0.237 seconds
[2026-03-29T21:32:34.598+0000] {processor.py:161} INFO - Started process (PID=249) to work on /home/airflow/.local/lib/python3.12/site-packages/airflow/example_dags/example_python_decorator.py
[2026-03-29T21:32:34.599+0000] {processor.py:830} INFO - Processing file /home/airflow/.local/lib/python3.12/site-packages/airflow/example_dags/example_python_decorator.py for tasks to queue
[2026-03-29T21:32:34.600+0000] {logging_mixin.py:188} INFO - [2026-03-29T21:32:34.599+0000] {dagbag.py:545} INFO - Filling up the DagBag from /home/airflow/.local/lib/python3.12/site-packages/airflow/example_dags/example_python_decorator.py
[2026-03-29T21:32:34.608+0000] {processor.py:840} INFO - DAG(s) 'example_python_decorator' retrieved from /home/airflow/.local/lib/python3.12/site-packages/airflow/example_dags/example_python_decorator.py
[2026-03-29T21:32:34.638+0000] {logging_mixin.py:188} INFO - [2026-03-29T21:32:34.637+0000] {dag.py:3089} INFO - Sync 1 DAGs
[2026-03-29T21:32:34.647+0000] {logging_mixin.py:188} INFO - [2026-03-29T21:32:34.647+0000] {dag.py:3947} INFO - Setting next_dagrun for example_python_decorator to None, run_after=None
[2026-03-29T21:32:34.659+0000] {processor.py:183} INFO - Processing /home/airflow/.local/lib/python3.12/site-packages/airflow/example_dags/example_python_decorator.py took 0.066 seconds
[2026-03-29T21:33:04.966+0000] {processor.py:161} INFO - Started process (PID=301) to work on /home/airflow/.local/lib/python3.12/site-packages/airflow/example_dags/example_python_decorator.py
[2026-03-29T21:33:04.967+0000] {processor.py:830} INFO - Processing file /home/airflow/.local/lib/python3.12/site-packages/airflow/example_dags/example_python_decorator.py for tasks to queue
[2026-03-29T21:33:04.968+0000] {logging_mixin.py:188} INFO - [2026-03-29T21:33:04.968+0000] {dagbag.py:545} INFO - Filling up the DagBag from /home/airflow/.local/lib/python3.12/site-packages/airflow/example_dags/example_python_decorator.py
[2026-03-29T21:33:04.979+0000] {processor.py:840} INFO - DAG(s) 'example_python_decorator' retrieved from /home/airflow/.local/lib/python3.12/site-packages/airflow/example_dags/example_python_decorator.py
[2026-03-29T21:33:04.996+0000] {logging_mixin.py:188} INFO - [2026-03-29T21:33:04.996+0000] {dag.py:3089} INFO - Sync 1 DAGs
[2026-03-29T21:33:05.006+0000] {logging_mixin.py:188} INFO - [2026-03-29T21:33:05.005+0000] {dag.py:3947} INFO - Setting next_dagrun for example_python_decorator to None, run_after=None
[2026-03-29T21:33:05.020+0000] {processor.py:183} INFO - Processing /home/airflow/.local/lib/python3.12/site-packages/airflow/example_dags/example_python_decorator.py took 0.059 seconds
[2026-03-29T21:33:35.504+0000] {processor.py:161} INFO - Started process (PID=353) to work on /home/airflow/.local/lib/python3.12/site-packages/airflow/example_dags/example_python_decorator.py
[2026-03-29T21:33:35.505+0000] {processor.py:830} INFO - Processing file /home/airflow/.local/lib/python3.12/site-packages/airflow/example_dags/example_python_decorator.py for tasks to queue
[2026-03-29T21:33:35.506+0000] {logging_mixin.py:188} INFO - [2026-03-29T21:33:35.506+0000] {dagbag.py:545} INFO - Filling up the DagBag from /home/airflow/.local/lib/python3.12/site-packages/airflow/example_dags/example_python_decorator.py
[2026-03-29T21:33:35.515+0000] {processor.py:840} INFO - DAG(s) 'example_python_decorator' retrieved from /home/airflow/.local/lib/python3.12/site-packages/airflow/example_dags/example_python_decorator.py
[2026-03-29T21:33:35.531+0000] {logging_mixin.py:188} INFO - [2026-03-29T21:33:35.531+0000] {dag.py:3089} INFO - Sync 1 DAGs
[2026-03-29T21:33:35.539+0000] {logging_mixin.py:188} INFO - [2026-03-29T21:33:35.539+0000] {dag.py:3947} INFO - Setting next_dagrun for example_python_decorator to None, run_after=None
[2026-03-29T21:33:35.551+0000] {processor.py:183} INFO - Processing /home/airflow/.local/lib/python3.12/site-packages/airflow/example_dags/example_python_decorator.py took 0.051 seconds
[2026-03-29T21:34:06.254+0000] {processor.py:161} INFO - Started process (PID=405) to work on /home/airflow/.local/lib/python3.12/site-packages/airflow/example_dags/example_python_decorator.py
[2026-03-29T21:34:06.256+0000] {processor.py:830} INFO - Processing file /home/airflow/.local/lib/python3.12/site-packages/airflow/example_dags/example_python_decorator.py for tasks to queue
[2026-03-29T21:34:06.258+0000] {logging_mixin.py:188} INFO - [2026-03-29T21:34:06.258+0000] {dagbag.py:545} INFO - Filling up the DagBag from /home/airflow/.local/lib/python3.12/site-packages/airflow/example_dags/example_python_decorator.py
[2026-03-29T21:34:06.274+0000] {processor.py:840} INFO - DAG(s) 'example_python_decorator' retrieved from /home/airflow/.local/lib/python3.12/site-packages/airflow/example_dags/example_python_decorator.py
[2026-03-29T21:34:06.317+0000] {logging_mixin.py:188} INFO - [2026-03-29T21:34:06.317+0000] {dag.py:3089} INFO - Sync 1 DAGs
[2026-03-29T21:34:06.327+0000] {logging_mixin.py:188} INFO - [2026-03-29T21:34:06.327+0000] {dag.py:3947} INFO - Setting next_dagrun for example_python_decorator to None, run_after=None
[2026-03-29T21:34:06.341+0000] {processor.py:183} INFO - Processing /home/airflow/.local/lib/python3.12/site-packages/airflow/example_dags/example_python_decorator.py took 0.093 seconds
[2026-03-29T21:34:36.786+0000] {processor.py:161} INFO - Started process (PID=457) to work on /home/airflow/.local/lib/python3.12/site-packages/airflow/example_dags/example_python_decorator.py
[2026-03-29T21:34:36.791+0000] {processor.py:830} INFO - Processing file /home/airflow/.local/lib/python3.12/site-packages/airflow/example_dags/example_python_decorator.py for tasks to queue
[2026-03-29T21:34:36.793+0000] {logging_mixin.py:188} INFO - [2026-03-29T21:34:36.792+0000] {dagbag.py:545} INFO - Filling up the DagBag from /home/airflow/.local/lib/python3.12/site-packages/airflow/example_dags/example_python_decorator.py
[2026-03-29T21:34:36.807+0000] {processor.py:840} INFO - DAG(s) 'example_python_decorator' retrieved from /home/airflow/.local/lib/python3.12/site-packages/airflow/example_dags/example_python_decorator.py
[2026-03-29T21:34:36.829+0000] {logging_mixin.py:188} INFO - [2026-03-29T21:34:36.829+0000] {dag.py:3089} INFO - Sync 1 DAGs
[2026-03-29T21:34:36.842+0000] {logging_mixin.py:188} INFO - [2026-03-29T21:34:36.841+0000] {dag.py:3947} INFO - Setting next_dagrun for example_python_decorator to None, run_after=None
[2026-03-29T21:34:36.860+0000] {processor.py:183} INFO - Processing /home/airflow/.local/lib/python3.12/site-packages/airflow/example_dags/example_python_decorator.py took 0.081 seconds
[2026-03-29T21:35:07.814+0000] {processor.py:161} INFO - Started process (PID=509) to work on /home/airflow/.local/lib/python3.12/site-packages/airflow/example_dags/example_python_decorator.py
[2026-03-29T21:35:07.816+0000] {processor.py:830} INFO - Processing file /home/airflow/.local/lib/python3.12/site-packages/airflow/example_dags/example_python_decorator.py for tasks to queue
[2026-03-29T21:35:07.817+0000] {logging_mixin.py:188} INFO - [2026-03-29T21:35:07.817+0000] {dagbag.py:545} INFO - Filling up the DagBag from /home/airflow/.local/lib/python3.12/site-packages/airflow/example_dags/example_python_decorator.py
[2026-03-29T21:35:07.827+0000] {processor.py:840} INFO - DAG(s) 'example_python_decorator' retrieved from /home/airflow/.local/lib/python3.12/site-packages/airflow/example_dags/example_python_decorator.py
[2026-03-29T21:35:07.845+0000] {logging_mixin.py:188} INFO - [2026-03-29T21:35:07.845+0000] {dag.py:3089} INFO - Sync 1 DAGs
[2026-03-29T21:35:07.857+0000] {logging_mixin.py:188} INFO - [2026-03-29T21:35:07.856+0000] {dag.py:3947} INFO - Setting next_dagrun for example_python_decorator to None, run_after=None
[2026-03-29T21:35:07.875+0000] {processor.py:183} INFO - Processing /home/airflow/.local/lib/python3.12/site-packages/airflow/example_dags/example_python_decorator.py took 0.066 seconds
[2026-03-29T21:35:38.697+0000] {processor.py:161} INFO - Started process (PID=561) to work on /home/airflow/.local/lib/python3.12/site-packages/airflow/example_dags/example_python_decorator.py
[2026-03-29T21:35:38.699+0000] {processor.py:830} INFO - Processing file /home/airflow/.local/lib/python3.12/site-packages/airflow/example_dags/example_python_decorator.py for tasks to queue
[2026-03-29T21:35:38.701+0000] {logging_mixin.py:188} INFO - [2026-03-29T21:35:38.700+0000] {dagbag.py:545} INFO - Filling up the DagBag from /home/airflow/.local/lib/python3.12/site-packages/airflow/example_dags/example_python_decorator.py
[2026-03-29T21:35:38.711+0000] {processor.py:840} INFO - DAG(s) 'example_python_decorator' retrieved from /home/airflow/.local/lib/python3.12/site-packages/airflow/example_dags/example_python_decorator.py
[2026-03-29T21:35:38.733+0000] {logging_mixin.py:188} INFO - [2026-03-29T21:35:38.733+0000] {dag.py:3089} INFO - Sync 1 DAGs
[2026-03-29T21:35:38.743+0000] {logging_mixin.py:188} INFO - [2026-03-29T21:35:38.743+0000] {dag.py:3947} INFO - Setting next_dagrun for example_python_decorator to None, run_after=None
[2026-03-29T21:35:38.755+0000] {processor.py:183} INFO - Processing /home/airflow/.local/lib/python3.12/site-packages/airflow/example_dags/example_python_decorator.py took 0.063 seconds
[2026-03-29T21:36:09.397+0000] {processor.py:161} INFO - Started process (PID=613) to work on /home/airflow/.local/lib/python3.12/site-packages/airflow/example_dags/example_python_decorator.py
[2026-03-29T21:36:09.398+0000] {processor.py:830} INFO - Processing file /home/airflow/.local/lib/python3.12/site-packages/airflow/example_dags/example_python_decorator.py for tasks to queue
[2026-03-29T21:36:09.400+0000] {logging_mixin.py:188} INFO - [2026-03-29T21:36:09.399+0000] {dagbag.py:545} INFO - Filling up the DagBag from /home/airflow/.local/lib/python3.12/site-packages/airflow/example_dags/example_python_decorator.py
[2026-03-29T21:36:09.416+0000] {processor.py:840} INFO - DAG(s) 'example_python_decorator' retrieved from /home/airflow/.local/lib/python3.12/site-packages/airflow/example_dags/example_python_decorator.py
[2026-03-29T21:36:09.434+0000] {logging_mixin.py:188} INFO - [2026-03-29T21:36:09.434+0000] {dag.py:3089} INFO - Sync 1 DAGs
[2026-03-29T21:36:09.445+0000] {logging_mixin.py:188} INFO - [2026-03-29T21:36:09.445+0000] {dag.py:3947} INFO - Setting next_dagrun for example_python_decorator to None, run_after=None
[2026-03-29T21:36:09.462+0000] {processor.py:183} INFO - Processing /home/airflow/.local/lib/python3.12/site-packages/airflow/example_dags/example_python_decorator.py took 0.071 seconds
[2026-03-29T21:36:39.683+0000] {processor.py:161} INFO - Started process (PID=665) to work on /home/airflow/.local/lib/python3.12/site-packages/airflow/example_dags/example_python_decorator.py
[2026-03-29T21:36:39.684+0000] {processor.py:830} INFO - Processing file /home/airflow/.local/lib/python3.12/site-packages/airflow/example_dags/example_python_decorator.py for tasks to queue
[2026-03-29T21:36:39.685+0000] {logging_mixin.py:188} INFO - [2026-03-29T21:36:39.685+0000] {dagbag.py:545} INFO - Filling up the DagBag from /home/airflow/.local/lib/python3.12/site-packages/airflow/example_dags/example_python_decorator.py
[2026-03-29T21:36:39.694+0000] {processor.py:840} INFO - DAG(s) 'example_python_decorator' retrieved from /home/airflow/.local/lib/python3.12/site-packages/airflow/example_dags/example_python_decorator.py
[2026-03-29T21:36:39.711+0000] {logging_mixin.py:188} INFO - [2026-03-29T21:36:39.710+0000] {dag.py:3089} INFO - Sync 1 DAGs
[2026-03-29T21:36:39.720+0000] {logging_mixin.py:188} INFO - [2026-03-29T21:36:39.719+0000] {dag.py:3947} INFO - Setting next_dagrun for example_python_decorator to None, run_after=None
[2026-03-29T21:36:39.746+0000] {processor.py:183} INFO - Processing /home/airflow/.local/lib/python3.12/site-packages/airflow/example_dags/example_python_decorator.py took 0.068 seconds
[2026-03-29T21:37:10.344+0000] {processor.py:161} INFO - Started process (PID=717) to work on /home/airflow/.local/lib/python3.12/site-packages/airflow/example_dags/example_python_decorator.py
[2026-03-29T21:37:10.347+0000] {processor.py:830} INFO - Processing file /home/airflow/.local/lib/python3.12/site-packages/airflow/example_dags/example_python_decorator.py for tasks to queue
[2026-03-29T21:37:10.351+0000] {logging_mixin.py:188} INFO - [2026-03-29T21:37:10.351+0000] {dagbag.py:545} INFO - Filling up the DagBag from /home/airflow/.local/lib/python3.12/site-packages/airflow/example_dags/example_python_decorator.py
[2026-03-29T21:37:10.363+0000] {processor.py:840} INFO - DAG(s) 'example_python_decorator' retrieved from /home/airflow/.local/lib/python3.12/site-packages/airflow/example_dags/example_python_decorator.py
[2026-03-29T21:37:10.379+0000] {logging_mixin.py:188} INFO - [2026-03-29T21:37:10.379+0000] {dag.py:3089} INFO - Sync 1 DAGs
[2026-03-29T21:37:10.387+0000] {logging_mixin.py:188} INFO - [2026-03-29T21:37:10.387+0000] {dag.py:3947} INFO - Setting next_dagrun for example_python_decorator to None, run_after=None
[2026-03-29T21:37:10.400+0000] {processor.py:183} INFO - Processing /home/airflow/.local/lib/python3.12/site-packages/airflow/example_dags/example_python_decorator.py took 0.065 seconds
[2026-03-29T21:37:40.687+0000] {processor.py:161} INFO - Started process (PID=769) to work on /home/airflow/.local/lib/python3.12/site-packages/airflow/example_dags/example_python_decorator.py
[2026-03-29T21:37:40.688+0000] {processor.py:830} INFO - Processing file /home/airflow/.local/lib/python3.12/site-packages/airflow/example_dags/example_python_decorator.py for tasks to queue
[2026-03-29T21:37:40.689+0000] {logging_mixin.py:188} INFO - [2026-03-29T21:37:40.689+0000] {dagbag.py:545} INFO - Filling up the DagBag from /home/airflow/.local/lib/python3.12/site-packages/airflow/example_dags/example_python_decorator.py
[2026-03-29T21:37:40.698+0000] {processor.py:840} INFO - DAG(s) 'example_python_decorator' retrieved from /home/airflow/.local/lib/python3.12/site-packages/airflow/example_dags/example_python_decorator.py
[2026-03-29T21:37:40.716+0000] {logging_mixin.py:188} INFO - [2026-03-29T21:37:40.716+0000] {dag.py:3089} INFO - Sync 1 DAGs
[2026-03-29T21:37:40.725+0000] {logging_mixin.py:188} INFO - [2026-03-29T21:37:40.725+0000] {dag.py:3947} INFO - Setting next_dagrun for example_python_decorator to None, run_after=None
[2026-03-29T21:37:40.738+0000] {processor.py:183} INFO - Processing /home/airflow/.local/lib/python3.12/site-packages/airflow/example_dags/example_python_decorator.py took 0.055 seconds
[2026-03-29T21:38:11.102+0000] {processor.py:161} INFO - Started process (PID=821) to work on /home/airflow/.local/lib/python3.12/site-packages/airflow/example_dags/example_python_decorator.py
[2026-03-29T21:38:11.103+0000] {processor.py:830} INFO - Processing file /home/airflow/.local/lib/python3.12/site-packages/airflow/example_dags/example_python_decorator.py for tasks to queue
[2026-03-29T21:38:11.104+0000] {logging_mixin.py:188} INFO - [2026-03-29T21:38:11.104+0000] {dagbag.py:545} INFO - Filling up the DagBag from /home/airflow/.local/lib/python3.12/site-packages/airflow/example_dags/example_python_decorator.py
[2026-03-29T21:38:11.116+0000] {processor.py:840} INFO - DAG(s) 'example_python_decorator' retrieved from /home/airflow/.local/lib/python3.12/site-packages/airflow/example_dags/example_python_decorator.py
[2026-03-29T21:38:11.133+0000] {logging_mixin.py:188} INFO - [2026-03-29T21:38:11.133+0000] {dag.py:3089} INFO - Sync 1 DAGs
[2026-03-29T21:38:11.143+0000] {logging_mixin.py:188} INFO - [2026-03-29T21:38:11.142+0000] {dag.py:3947} INFO - Setting next_dagrun for example_python_decorator to None, run_after=None
[2026-03-29T21:38:11.155+0000] {processor.py:183} INFO - Processing /home/airflow/.local/lib/python3.12/site-packages/airflow/example_dags/example_python_decorator.py took 0.059 seconds
[2026-03-29T21:38:41.718+0000] {processor.py:161} INFO - Started process (PID=873) to work on /home/airflow/.local/lib/python3.12/site-packages/airflow/example_dags/example_python_decorator.py
[2026-03-29T21:38:41.719+0000] {processor.py:830} INFO - Processing file /home/airflow/.local/lib/python3.12/site-packages/airflow/example_dags/example_python_decorator.py for tasks to queue
[2026-03-29T21:38:41.721+0000] {logging_mixin.py:188} INFO - [2026-03-29T21:38:41.721+0000] {dagbag.py:545} INFO - Filling up the DagBag from /home/airflow/.local/lib/python3.12/site-packages/airflow/example_dags/example_python_decorator.py
[2026-03-29T21:38:41.731+0000] {processor.py:840} INFO - DAG(s) 'example_python_decorator' retrieved from /home/airflow/.local/lib/python3.12/site-packages/airflow/example_dags/example_python_decorator.py
[2026-03-29T21:38:41.749+0000] {logging_mixin.py:188} INFO - [2026-03-29T21:38:41.749+0000] {dag.py:3089} INFO - Sync 1 DAGs
[2026-03-29T21:38:41.758+0000] {logging_mixin.py:188} INFO - [2026-03-29T21:38:41.757+0000] {dag.py:3947} INFO - Setting next_dagrun for example_python_decorator to None, run_after=None
[2026-03-29T21:38:41.770+0000] {processor.py:183} INFO - Processing /home/airflow/.local/lib/python3.12/site-packages/airflow/example_dags/example_python_decorator.py took 0.058 seconds
[2026-03-29T21:39:12.138+0000] {processor.py:161} INFO - Started process (PID=925) to work on /home/airflow/.local/lib/python3.12/site-packages/airflow/example_dags/example_python_decorator.py
[2026-03-29T21:39:12.140+0000] {processor.py:830} INFO - Processing file /home/airflow/.local/lib/python3.12/site-packages/airflow/example_dags/example_python_decorator.py for tasks to queue
[2026-03-29T21:39:12.141+0000] {logging_mixin.py:188} INFO - [2026-03-29T21:39:12.141+0000] {dagbag.py:545} INFO - Filling up the DagBag from /home/airflow/.local/lib/python3.12/site-packages/airflow/example_dags/example_python_decorator.py
[2026-03-29T21:39:12.154+0000] {processor.py:840} INFO - DAG(s) 'example_python_decorator' retrieved from /home/airflow/.local/lib/python3.12/site-packages/airflow/example_dags/example_python_decorator.py
[2026-03-29T21:39:12.173+0000] {logging_mixin.py:188} INFO - [2026-03-29T21:39:12.173+0000] {dag.py:3089} INFO - Sync 1 DAGs
[2026-03-29T21:39:12.185+0000] {logging_mixin.py:188} INFO - [2026-03-29T21:39:12.184+0000] {dag.py:3947} INFO - Setting next_dagrun for example_python_decorator to None, run_after=None
[2026-03-29T21:39:12.205+0000] {processor.py:183} INFO - Processing /home/airflow/.local/lib/python3.12/site-packages/airflow/example_dags/example_python_decorator.py took 0.073 seconds
[2026-03-29T21:39:43.170+0000] {processor.py:161} INFO - Started process (PID=977) to work on /home/airflow/.local/lib/python3.12/site-packages/airflow/example_dags/example_python_decorator.py
[2026-03-29T21:39:43.173+0000] {processor.py:830} INFO - Processing file /home/airflow/.local/lib/python3.12/site-packages/airflow/example_dags/example_python_decorator.py for tasks to queue
[2026-03-29T21:39:43.175+0000] {logging_mixin.py:188} INFO - [2026-03-29T21:39:43.175+0000] {dagbag.py:545} INFO - Filling up the DagBag from /home/airflow/.local/lib/python3.12/site-packages/airflow/example_dags/example_python_decorator.py
[2026-03-29T21:39:43.192+0000] {processor.py:840} INFO - DAG(s) 'example_python_decorator' retrieved from /home/airflow/.local/lib/python3.12/site-packages/airflow/example_dags/example_python_decorator.py
[2026-03-29T21:39:43.217+0000] {logging_mixin.py:188} INFO - [2026-03-29T21:39:43.217+0000] {dag.py:3089} INFO - Sync 1 DAGs
[2026-03-29T21:39:43.233+0000] {logging_mixin.py:188} INFO - [2026-03-29T21:39:43.233+0000] {dag.py:3947} INFO - Setting next_dagrun for example_python_decorator to None, run_after=None
[2026-03-29T21:39:43.250+0000] {processor.py:183} INFO - Processing /home/airflow/.local/lib/python3.12/site-packages/airflow/example_dags/example_python_decorator.py took 0.095 seconds
[2026-03-29T21:40:13.442+0000] {processor.py:161} INFO - Started process (PID=1028) to work on /home/airflow/.local/lib/python3.12/site-packages/airflow/example_dags/example_python_decorator.py
[2026-03-29T21:40:13.444+0000] {processor.py:830} INFO - Processing file /home/airflow/.local/lib/python3.12/site-packages/airflow/example_dags/example_python_decorator.py for tasks to queue
[2026-03-29T21:40:13.447+0000] {logging_mixin.py:188} INFO - [2026-03-29T21:40:13.446+0000] {dagbag.py:545} INFO - Filling up the DagBag from /home/airflow/.local/lib/python3.12/site-packages/airflow/example_dags/example_python_decorator.py
[2026-03-29T21:40:13.484+0000] {processor.py:840} INFO - DAG(s) 'example_python_decorator' retrieved from /home/airflow/.local/lib/python3.12/site-packages/airflow/example_dags/example_python_decorator.py
[2026-03-29T21:40:13.517+0000] {logging_mixin.py:188} INFO - [2026-03-29T21:40:13.517+0000] {dag.py:3089} INFO - Sync 1 DAGs
[2026-03-29T21:40:13.529+0000] {logging_mixin.py:188} INFO - [2026-03-29T21:40:13.528+0000] {dag.py:3947} INFO - Setting next_dagrun for example_python_decorator to None, run_after=None
[2026-03-29T21:40:13.541+0000] {processor.py:183} INFO - Processing /home/airflow/.local/lib/python3.12/site-packages/airflow/example_dags/example_python_decorator.py took 0.113 seconds
[2026-03-29T21:40:44.297+0000] {processor.py:161} INFO - Started process (PID=1080) to work on /home/airflow/.local/lib/python3.12/site-packages/airflow/example_dags/example_python_decorator.py
[2026-03-29T21:40:44.299+0000] {processor.py:830} INFO - Processing file /home/airflow/.local/lib/python3.12/site-packages/airflow/example_dags/example_python_decorator.py for tasks to queue
[2026-03-29T21:40:44.300+0000] {logging_mixin.py:188} INFO - [2026-03-29T21:40:44.300+0000] {dagbag.py:545} INFO - Filling up the DagBag from /home/airflow/.local/lib/python3.12/site-packages/airflow/example_dags/example_python_decorator.py
[2026-03-29T21:40:44.311+0000] {processor.py:840} INFO - DAG(s) 'example_python_decorator' retrieved from /home/airflow/.local/lib/python3.12/site-packages/airflow/example_dags/example_python_decorator.py
[2026-03-29T21:40:44.330+0000] {logging_mixin.py:188} INFO - [2026-03-29T21:40:44.330+0000] {dag.py:3089} INFO - Sync 1 DAGs
[2026-03-29T21:40:44.339+0000] {logging_mixin.py:188} INFO - [2026-03-29T21:40:44.339+0000] {dag.py:3947} INFO - Setting next_dagrun for example_python_decorator to None, run_after=None
[2026-03-29T21:40:44.352+0000] {processor.py:183} INFO - Processing /home/airflow/.local/lib/python3.12/site-packages/airflow/example_dags/example_python_decorator.py took 0.061 seconds
[2026-03-29T21:41:15.159+0000] {processor.py:161} INFO - Started process (PID=1132) to work on /home/airflow/.local/lib/python3.12/site-packages/airflow/example_dags/example_python_decorator.py
[2026-03-29T21:41:15.161+0000] {processor.py:830} INFO - Processing file /home/airflow/.local/lib/python3.12/site-packages/airflow/example_dags/example_python_decorator.py for tasks to queue
[2026-03-29T21:41:15.163+0000] {logging_mixin.py:188} INFO - [2026-03-29T21:41:15.163+0000] {dagbag.py:545} INFO - Filling up the DagBag from /home/airflow/.local/lib/python3.12/site-packages/airflow/example_dags/example_python_decorator.py
[2026-03-29T21:41:15.181+0000] {processor.py:840} INFO - DAG(s) 'example_python_decorator' retrieved from /home/airflow/.local/lib/python3.12/site-packages/airflow/example_dags/example_python_decorator.py
[2026-03-29T21:41:15.204+0000] {logging_mixin.py:188} INFO - [2026-03-29T21:41:15.204+0000] {dag.py:3089} INFO - Sync 1 DAGs
[2026-03-29T21:41:15.214+0000] {logging_mixin.py:188} INFO - [2026-03-29T21:41:15.213+0000] {dag.py:3947} INFO - Setting next_dagrun for example_python_decorator to None, run_after=None
[2026-03-29T21:41:15.225+0000] {processor.py:183} INFO - Processing /home/airflow/.local/lib/python3.12/site-packages/airflow/example_dags/example_python_decorator.py took 0.084 seconds
[2026-03-29T21:41:45.866+0000] {processor.py:161} INFO - Started process (PID=1184) to work on /home/airflow/.local/lib/python3.12/site-packages/airflow/example_dags/example_python_decorator.py
[2026-03-29T21:41:45.868+0000] {processor.py:830} INFO - Processing file /home/airflow/.local/lib/python3.12/site-packages/airflow/example_dags/example_python_decorator.py for tasks to queue
[2026-03-29T21:41:45.872+0000] {logging_mixin.py:188} INFO - [2026-03-29T21:41:45.869+0000] {dagbag.py:545} INFO - Filling up the DagBag from /home/airflow/.local/lib/python3.12/site-packages/airflow/example_dags/example_python_decorator.py
[2026-03-29T21:41:45.886+0000] {processor.py:840} INFO - DAG(s) 'example_python_decorator' retrieved from /home/airflow/.local/lib/python3.12/site-packages/airflow/example_dags/example_python_decorator.py
[2026-03-29T21:41:45.908+0000] {logging_mixin.py:188} INFO - [2026-03-29T21:41:45.908+0000] {dag.py:3089} INFO - Sync 1 DAGs
[2026-03-29T21:41:45.919+0000] {logging_mixin.py:188} INFO - [2026-03-29T21:41:45.918+0000] {dag.py:3947} INFO - Setting next_dagrun for example_python_decorator to None, run_after=None
[2026-03-29T21:41:45.932+0000] {processor.py:183} INFO - Processing /home/airflow/.local/lib/python3.12/site-packages/airflow/example_dags/example_python_decorator.py took 0.071 seconds
[2026-03-29T21:42:16.136+0000] {processor.py:161} INFO - Started process (PID=1236) to work on /home/airflow/.local/lib/python3.12/site-packages/airflow/example_dags/example_python_decorator.py
[2026-03-29T21:42:16.140+0000] {processor.py:830} INFO - Processing file /home/airflow/.local/lib/python3.12/site-packages/airflow/example_dags/example_python_decorator.py for tasks to queue
[2026-03-29T21:42:16.146+0000] {logging_mixin.py:188} INFO - [2026-03-29T21:42:16.145+0000] {dagbag.py:545} INFO - Filling up the DagBag from /home/airflow/.local/lib/python3.12/site-packages/airflow/example_dags/example_python_decorator.py
[2026-03-29T21:42:16.172+0000] {processor.py:840} INFO - DAG(s) 'example_python_decorator' retrieved from /home/airflow/.local/lib/python3.12/site-packages/airflow/example_dags/example_python_decorator.py
[2026-03-29T21:42:16.204+0000] {logging_mixin.py:188} INFO - [2026-03-29T21:42:16.203+0000] {dag.py:3089} INFO - Sync 1 DAGs
[2026-03-29T21:42:16.222+0000] {logging_mixin.py:188} INFO - [2026-03-29T21:42:16.222+0000] {dag.py:3947} INFO - Setting next_dagrun for example_python_decorator to None, run_after=None
[2026-03-29T21:42:16.249+0000] {processor.py:183} INFO - Processing /home/airflow/.local/lib/python3.12/site-packages/airflow/example_dags/example_python_decorator.py took 0.125 seconds
[2026-03-29T21:42:46.441+0000] {processor.py:161} INFO - Started process (PID=1288) to work on /home/airflow/.local/lib/python3.12/site-packages/airflow/example_dags/example_python_decorator.py
[2026-03-29T21:42:46.442+0000] {processor.py:830} INFO - Processing file /home/airflow/.local/lib/python3.12/site-packages/airflow/example_dags/example_python_decorator.py for tasks to queue
[2026-03-29T21:42:46.445+0000] {logging_mixin.py:188} INFO - [2026-03-29T21:42:46.445+0000] {dagbag.py:545} INFO - Filling up the DagBag from /home/airflow/.local/lib/python3.12/site-packages/airflow/example_dags/example_python_decorator.py
[2026-03-29T21:42:46.458+0000] {processor.py:840} INFO - DAG(s) 'example_python_decorator' retrieved from /home/airflow/.local/lib/python3.12/site-packages/airflow/example_dags/example_python_decorator.py
[2026-03-29T21:42:46.477+0000] {logging_mixin.py:188} INFO - [2026-03-29T21:42:46.477+0000] {dag.py:3089} INFO - Sync 1 DAGs
[2026-03-29T21:42:46.486+0000] {logging_mixin.py:188} INFO - [2026-03-29T21:42:46.486+0000] {dag.py:3947} INFO - Setting next_dagrun for example_python_decorator to None, run_after=None
[2026-03-29T21:42:46.498+0000] {processor.py:183} INFO - Processing /home/airflow/.local/lib/python3.12/site-packages/airflow/example_dags/example_python_decorator.py took 0.063 seconds
[2026-03-29T21:43:16.658+0000] {processor.py:161} INFO - Started process (PID=1340) to work on /home/airflow/.local/lib/python3.12/site-packages/airflow/example_dags/example_python_decorator.py
[2026-03-29T21:43:16.659+0000] {processor.py:830} INFO - Processing file /home/airflow/.local/lib/python3.12/site-packages/airflow/example_dags/example_python_decorator.py for tasks to queue
[2026-03-29T21:43:16.660+0000] {logging_mixin.py:188} INFO - [2026-03-29T21:43:16.660+0000] {dagbag.py:545} INFO - Filling up the DagBag from /home/airflow/.local/lib/python3.12/site-packages/airflow/example_dags/example_python_decorator.py
[2026-03-29T21:43:16.671+0000] {processor.py:840} INFO - DAG(s) 'example_python_decorator' retrieved from /home/airflow/.local/lib/python3.12/site-packages/airflow/example_dags/example_python_decorator.py
[2026-03-29T21:43:16.690+0000] {logging_mixin.py:188} INFO - [2026-03-29T21:43:16.690+0000] {dag.py:3089} INFO - Sync 1 DAGs
[2026-03-29T21:43:16.702+0000] {logging_mixin.py:188} INFO - [2026-03-29T21:43:16.702+0000] {dag.py:3947} INFO - Setting next_dagrun for example_python_decorator to None, run_after=None
[2026-03-29T21:43:16.718+0000] {processor.py:183} INFO - Processing /home/airflow/.local/lib/python3.12/site-packages/airflow/example_dags/example_python_decorator.py took 0.064 seconds
[2026-03-29T21:43:46.846+0000] {processor.py:161} INFO - Started process (PID=1392) to work on /home/airflow/.local/lib/python3.12/site-packages/airflow/example_dags/example_python_decorator.py
[2026-03-29T21:43:46.847+0000] {processor.py:830} INFO - Processing file /home/airflow/.local/lib/python3.12/site-packages/airflow/example_dags/example_python_decorator.py for tasks to queue
[2026-03-29T21:43:46.848+0000] {logging_mixin.py:188} INFO - [2026-03-29T21:43:46.848+0000] {dagbag.py:545} INFO - Filling up the DagBag from /home/airflow/.local/lib/python3.12/site-packages/airflow/example_dags/example_python_decorator.py
[2026-03-29T21:43:46.859+0000] {processor.py:840} INFO - DAG(s) 'example_python_decorator' retrieved from /home/airflow/.local/lib/python3.12/site-packages/airflow/example_dags/example_python_decorator.py
[2026-03-29T21:43:46.886+0000] {logging_mixin.py:188} INFO - [2026-03-29T21:43:46.886+0000] {dag.py:3089} INFO - Sync 1 DAGs
[2026-03-29T21:43:46.897+0000] {logging_mixin.py:188} INFO - [2026-03-29T21:43:46.897+0000] {dag.py:3947} INFO - Setting next_dagrun for example_python_decorator to None, run_after=None
[2026-03-29T21:43:46.909+0000] {processor.py:183} INFO - Processing /home/airflow/.local/lib/python3.12/site-packages/airflow/example_dags/example_python_decorator.py took 0.070 seconds
[2026-03-29T21:44:17.533+0000] {processor.py:161} INFO - Started process (PID=1442) to work on /home/airflow/.local/lib/python3.12/site-packages/airflow/example_dags/example_python_decorator.py
[2026-03-29T21:44:17.535+0000] {processor.py:830} INFO - Processing file /home/airflow/.local/lib/python3.12/site-packages/airflow/example_dags/example_python_decorator.py for tasks to queue
[2026-03-29T21:44:17.537+0000] {logging_mixin.py:188} INFO - [2026-03-29T21:44:17.537+0000] {dagbag.py:545} INFO - Filling up the DagBag from /home/airflow/.local/lib/python3.12/site-packages/airflow/example_dags/example_python_decorator.py
[2026-03-29T21:44:17.550+0000] {processor.py:840} INFO - DAG(s) 'example_python_decorator' retrieved from /home/airflow/.local/lib/python3.12/site-packages/airflow/example_dags/example_python_decorator.py
[2026-03-29T21:44:17.574+0000] {logging_mixin.py:188} INFO - [2026-03-29T21:44:17.573+0000] {dag.py:3089} INFO - Sync 1 DAGs
[2026-03-29T21:44:17.583+0000] {logging_mixin.py:188} INFO - [2026-03-29T21:44:17.583+0000] {dag.py:3947} INFO - Setting next_dagrun for example_python_decorator to None, run_after=None
[2026-03-29T21:44:17.598+0000] {processor.py:183} INFO - Processing /home/airflow/.local/lib/python3.12/site-packages/airflow/example_dags/example_python_decorator.py took 0.069 seconds
[2026-03-29T21:44:47.936+0000] {processor.py:161} INFO - Started process (PID=1494) to work on /home/airflow/.local/lib/python3.12/site-packages/airflow/example_dags/example_python_decorator.py
[2026-03-29T21:44:47.937+0000] {processor.py:830} INFO - Processing file /home/airflow/.local/lib/python3.12/site-packages/airflow/example_dags/example_python_decorator.py for tasks to queue
[2026-03-29T21:44:47.938+0000] {logging_mixin.py:188} INFO - [2026-03-29T21:44:47.938+0000] {dagbag.py:545} INFO - Filling up the DagBag from /home/airflow/.local/lib/python3.12/site-packages/airflow/example_dags/example_python_decorator.py
[2026-03-29T21:44:47.951+0000] {processor.py:840} INFO - DAG(s) 'example_python_decorator' retrieved from /home/airflow/.local/lib/python3.12/site-packages/airflow/example_dags/example_python_decorator.py
[2026-03-29T21:44:47.972+0000] {logging_mixin.py:188} INFO - [2026-03-29T21:44:47.972+0000] {dag.py:3089} INFO - Sync 1 DAGs
[2026-03-29T21:44:47.982+0000] {logging_mixin.py:188} INFO - [2026-03-29T21:44:47.982+0000] {dag.py:3947} INFO - Setting next_dagrun for example_python_decorator to None, run_after=None
[2026-03-29T21:44:47.997+0000] {processor.py:183} INFO - Processing /home/airflow/.local/lib/python3.12/site-packages/airflow/example_dags/example_python_decorator.py took 0.065 seconds
[2026-03-29T21:45:19.128+0000] {processor.py:161} INFO - Started process (PID=1546) to work on /home/airflow/.local/lib/python3.12/site-packages/airflow/example_dags/example_python_decorator.py
[2026-03-29T21:45:19.137+0000] {processor.py:830} INFO - Processing file /home/airflow/.local/lib/python3.12/site-packages/airflow/example_dags/example_python_decorator.py for tasks to queue
[2026-03-29T21:45:19.141+0000] {logging_mixin.py:188} INFO - [2026-03-29T21:45:19.141+0000] {dagbag.py:545} INFO - Filling up the DagBag from /home/airflow/.local/lib/python3.12/site-packages/airflow/example_dags/example_python_decorator.py
[2026-03-29T21:45:19.173+0000] {processor.py:840} INFO - DAG(s) 'example_python_decorator' retrieved from /home/airflow/.local/lib/python3.12/site-packages/airflow/example_dags/example_python_decorator.py
[2026-03-29T21:45:19.200+0000] {logging_mixin.py:188} INFO - [2026-03-29T21:45:19.200+0000] {dag.py:3089} INFO - Sync 1 DAGs
[2026-03-29T21:45:19.212+0000] {logging_mixin.py:188} INFO - [2026-03-29T21:45:19.211+0000] {dag.py:3947} INFO - Setting next_dagrun for example_python_decorator to None, run_after=None
[2026-03-29T21:45:19.226+0000] {processor.py:183} INFO - Processing /home/airflow/.local/lib/python3.12/site-packages/airflow/example_dags/example_python_decorator.py took 0.104 seconds
[2026-03-29T21:45:50.269+0000] {processor.py:161} INFO - Started process (PID=1598) to work on /home/airflow/.local/lib/python3.12/site-packages/airflow/example_dags/example_python_decorator.py
[2026-03-29T21:45:50.270+0000] {processor.py:830} INFO - Processing file /home/airflow/.local/lib/python3.12/site-packages/airflow/example_dags/example_python_decorator.py for tasks to queue
[2026-03-29T21:45:50.273+0000] {logging_mixin.py:188} INFO - [2026-03-29T21:45:50.273+0000] {dagbag.py:545} INFO - Filling up the DagBag from /home/airflow/.local/lib/python3.12/site-packages/airflow/example_dags/example_python_decorator.py
[2026-03-29T21:45:50.293+0000] {processor.py:840} INFO - DAG(s) 'example_python_decorator' retrieved from /home/airflow/.local/lib/python3.12/site-packages/airflow/example_dags/example_python_decorator.py
[2026-03-29T21:45:50.326+0000] {logging_mixin.py:188} INFO - [2026-03-29T21:45:50.325+0000] {dag.py:3089} INFO - Sync 1 DAGs
[2026-03-29T21:45:50.344+0000] {logging_mixin.py:188} INFO - [2026-03-29T21:45:50.344+0000] {dag.py:3947} INFO - Setting next_dagrun for example_python_decorator to None, run_after=None
[2026-03-29T21:45:50.365+0000] {processor.py:183} INFO - Processing /home/airflow/.local/lib/python3.12/site-packages/airflow/example_dags/example_python_decorator.py took 0.103 seconds
[2026-03-29T21:46:21.349+0000] {processor.py:161} INFO - Started process (PID=1650) to work on /home/airflow/.local/lib/python3.12/site-packages/airflow/example_dags/example_python_decorator.py
[2026-03-29T21:46:21.351+0000] {processor.py:830} INFO - Processing file /home/airflow/.local/lib/python3.12/site-packages/airflow/example_dags/example_python_decorator.py for tasks to queue
[2026-03-29T21:46:21.352+0000] {logging_mixin.py:188} INFO - [2026-03-29T21:46:21.352+0000] {dagbag.py:545} INFO - Filling up the DagBag from /home/airflow/.local/lib/python3.12/site-packages/airflow/example_dags/example_python_decorator.py
[2026-03-29T21:46:21.365+0000] {processor.py:840} INFO - DAG(s) 'example_python_decorator' retrieved from /home/airflow/.local/lib/python3.12/site-packages/airflow/example_dags/example_python_decorator.py
[2026-03-29T21:46:21.390+0000] {logging_mixin.py:188} INFO - [2026-03-29T21:46:21.390+0000] {dag.py:3089} INFO - Sync 1 DAGs
[2026-03-29T21:46:21.400+0000] {logging_mixin.py:188} INFO - [2026-03-29T21:46:21.400+0000] {dag.py:3947} INFO - Setting next_dagrun for example_python_decorator to None, run_after=None
[2026-03-29T21:46:21.412+0000] {processor.py:183} INFO - Processing /home/airflow/.local/lib/python3.12/site-packages/airflow/example_dags/example_python_decorator.py took 0.068 seconds
[2026-03-29T21:46:53.115+0000] {processor.py:161} INFO - Started process (PID=1702) to work on /home/airflow/.local/lib/python3.12/site-packages/airflow/example_dags/example_python_decorator.py
[2026-03-29T21:46:53.116+0000] {processor.py:830} INFO - Processing file /home/airflow/.local/lib/python3.12/site-packages/airflow/example_dags/example_python_decorator.py for tasks to queue
[2026-03-29T21:46:53.119+0000] {logging_mixin.py:188} INFO - [2026-03-29T21:46:53.119+0000] {dagbag.py:545} INFO - Filling up the DagBag from /home/airflow/.local/lib/python3.12/site-packages/airflow/example_dags/example_python_decorator.py
[2026-03-29T21:46:53.131+0000] {processor.py:840} INFO - DAG(s) 'example_python_decorator' retrieved from /home/airflow/.local/lib/python3.12/site-packages/airflow/example_dags/example_python_decorator.py
[2026-03-29T21:46:53.149+0000] {logging_mixin.py:188} INFO - [2026-03-29T21:46:53.149+0000] {dag.py:3089} INFO - Sync 1 DAGs
[2026-03-29T21:46:53.159+0000] {logging_mixin.py:188} INFO - [2026-03-29T21:46:53.158+0000] {dag.py:3947} INFO - Setting next_dagrun for example_python_decorator to None, run_after=None
[2026-03-29T21:46:53.178+0000] {processor.py:183} INFO - Processing /home/airflow/.local/lib/python3.12/site-packages/airflow/example_dags/example_python_decorator.py took 0.072 seconds
[2026-03-29T21:47:23.524+0000] {processor.py:161} INFO - Started process (PID=1754) to work on /home/airflow/.local/lib/python3.12/site-packages/airflow/example_dags/example_python_decorator.py
[2026-03-29T21:47:23.526+0000] {processor.py:830} INFO - Processing file /home/airflow/.local/lib/python3.12/site-packages/airflow/example_dags/example_python_decorator.py for tasks to queue
[2026-03-29T21:47:23.528+0000] {logging_mixin.py:188} INFO - [2026-03-29T21:47:23.527+0000] {dagbag.py:545} INFO - Filling up the DagBag from /home/airflow/.local/lib/python3.12/site-packages/airflow/example_dags/example_python_decorator.py
[2026-03-29T21:47:23.541+0000] {processor.py:840} INFO - DAG(s) 'example_python_decorator' retrieved from /home/airflow/.local/lib/python3.12/site-packages/airflow/example_dags/example_python_decorator.py
[2026-03-29T21:47:23.562+0000] {logging_mixin.py:188} INFO - [2026-03-29T21:47:23.562+0000] {dag.py:3089} INFO - Sync 1 DAGs
[2026-03-29T21:47:23.571+0000] {logging_mixin.py:188} INFO - [2026-03-29T21:47:23.571+0000] {dag.py:3947} INFO - Setting next_dagrun for example_python_decorator to None, run_after=None
[2026-03-29T21:47:23.584+0000] {processor.py:183} INFO - Processing /home/airflow/.local/lib/python3.12/site-packages/airflow/example_dags/example_python_decorator.py took 0.064 seconds
[2026-03-29T21:47:54.649+0000] {processor.py:161} INFO - Started process (PID=1806) to work on /home/airflow/.local/lib/python3.12/site-packages/airflow/example_dags/example_python_decorator.py
[2026-03-29T21:47:54.651+0000] {processor.py:830} INFO - Processing file /home/airflow/.local/lib/python3.12/site-packages/airflow/example_dags/example_python_decorator.py for tasks to queue
[2026-03-29T21:47:54.653+0000] {logging_mixin.py:188} INFO - [2026-03-29T21:47:54.652+0000] {dagbag.py:545} INFO - Filling up the DagBag from /home/airflow/.local/lib/python3.12/site-packages/airflow/example_dags/example_python_decorator.py
[2026-03-29T21:47:54.667+0000] {processor.py:840} INFO - DAG(s) 'example_python_decorator' retrieved from /home/airflow/.local/lib/python3.12/site-packages/airflow/example_dags/example_python_decorator.py
[2026-03-29T21:47:54.690+0000] {logging_mixin.py:188} INFO - [2026-03-29T21:47:54.690+0000] {dag.py:3089} INFO - Sync 1 DAGs
[2026-03-29T21:47:54.702+0000] {logging_mixin.py:188} INFO - [2026-03-29T21:47:54.702+0000] {dag.py:3947} INFO - Setting next_dagrun for example_python_decorator to None, run_after=None
[2026-03-29T21:47:54.718+0000] {processor.py:183} INFO - Processing /home/airflow/.local/lib/python3.12/site-packages/airflow/example_dags/example_python_decorator.py took 0.073 seconds
[2026-03-29T21:48:25.530+0000] {processor.py:161} INFO - Started process (PID=1858) to work on /home/airflow/.local/lib/python3.12/site-packages/airflow/example_dags/example_python_decorator.py
[2026-03-29T21:48:25.534+0000] {processor.py:830} INFO - Processing file /home/airflow/.local/lib/python3.12/site-packages/airflow/example_dags/example_python_decorator.py for tasks to queue
[2026-03-29T21:48:25.537+0000] {logging_mixin.py:188} INFO - [2026-03-29T21:48:25.536+0000] {dagbag.py:545} INFO - Filling up the DagBag from /home/airflow/.local/lib/python3.12/site-packages/airflow/example_dags/example_python_decorator.py
[2026-03-29T21:48:25.559+0000] {processor.py:840} INFO - DAG(s) 'example_python_decorator' retrieved from /home/airflow/.local/lib/python3.12/site-packages/airflow/example_dags/example_python_decorator.py
[2026-03-29T21:48:25.583+0000] {logging_mixin.py:188} INFO - [2026-03-29T21:48:25.583+0000] {dag.py:3089} INFO - Sync 1 DAGs
[2026-03-29T21:48:25.592+0000] {logging_mixin.py:188} INFO - [2026-03-29T21:48:25.592+0000] {dag.py:3947} INFO - Setting next_dagrun for example_python_decorator to None, run_after=None
[2026-03-29T21:48:25.605+0000] {processor.py:183} INFO - Processing /home/airflow/.local/lib/python3.12/site-packages/airflow/example_dags/example_python_decorator.py took 0.079 seconds
[2026-03-29T21:48:58.365+0000] {processor.py:161} INFO - Started process (PID=1910) to work on /home/airflow/.local/lib/python3.12/site-packages/airflow/example_dags/example_python_decorator.py
[2026-03-29T21:48:58.367+0000] {processor.py:830} INFO - Processing file /home/airflow/.local/lib/python3.12/site-packages/airflow/example_dags/example_python_decorator.py for tasks to queue
[2026-03-29T21:48:58.371+0000] {logging_mixin.py:188} INFO - [2026-03-29T21:48:58.369+0000] {dagbag.py:545} INFO - Filling up the DagBag from /home/airflow/.local/lib/python3.12/site-packages/airflow/example_dags/example_python_decorator.py
[2026-03-29T21:48:58.397+0000] {processor.py:840} INFO - DAG(s) 'example_python_decorator' retrieved from /home/airflow/.local/lib/python3.12/site-packages/airflow/example_dags/example_python_decorator.py
[2026-03-29T21:48:58.646+0000] {logging_mixin.py:188} INFO - [2026-03-29T21:48:58.646+0000] {dag.py:3089} INFO - Sync 1 DAGs
[2026-03-29T21:48:58.660+0000] {logging_mixin.py:188} INFO - [2026-03-29T21:48:58.660+0000] {dag.py:3947} INFO - Setting next_dagrun for example_python_decorator to None, run_after=None
[2026-03-29T21:48:58.678+0000] {processor.py:183} INFO - Processing /home/airflow/.local/lib/python3.12/site-packages/airflow/example_dags/example_python_decorator.py took 0.323 seconds
[2026-03-29T21:49:29.329+0000] {processor.py:161} INFO - Started process (PID=1962) to work on /home/airflow/.local/lib/python3.12/site-packages/airflow/example_dags/example_python_decorator.py
[2026-03-29T21:49:29.331+0000] {processor.py:830} INFO - Processing file /home/airflow/.local/lib/python3.12/site-packages/airflow/example_dags/example_python_decorator.py for tasks to queue
[2026-03-29T21:49:29.332+0000] {logging_mixin.py:188} INFO - [2026-03-29T21:49:29.332+0000] {dagbag.py:545} INFO - Filling up the DagBag from /home/airflow/.local/lib/python3.12/site-packages/airflow/example_dags/example_python_decorator.py
[2026-03-29T21:49:29.346+0000] {processor.py:840} INFO - DAG(s) 'example_python_decorator' retrieved from /home/airflow/.local/lib/python3.12/site-packages/airflow/example_dags/example_python_decorator.py
[2026-03-29T21:49:29.372+0000] {logging_mixin.py:188} INFO - [2026-03-29T21:49:29.372+0000] {dag.py:3089} INFO - Sync 1 DAGs
[2026-03-29T21:49:29.520+0000] {logging_mixin.py:188} INFO - [2026-03-29T21:49:29.520+0000] {dag.py:3947} INFO - Setting next_dagrun for example_python_decorator to None, run_after=None
[2026-03-29T21:49:29.536+0000] {processor.py:183} INFO - Processing /home/airflow/.local/lib/python3.12/site-packages/airflow/example_dags/example_python_decorator.py took 0.212 seconds
[2026-03-29T21:50:00.379+0000] {processor.py:161} INFO - Started process (PID=2014) to work on /home/airflow/.local/lib/python3.12/site-packages/airflow/example_dags/example_python_decorator.py
[2026-03-29T21:50:00.381+0000] {processor.py:830} INFO - Processing file /home/airflow/.local/lib/python3.12/site-packages/airflow/example_dags/example_python_decorator.py for tasks to queue
[2026-03-29T21:50:00.382+0000] {logging_mixin.py:188} INFO - [2026-03-29T21:50:00.382+0000] {dagbag.py:545} INFO - Filling up the DagBag from /home/airflow/.local/lib/python3.12/site-packages/airflow/example_dags/example_python_decorator.py
[2026-03-29T21:50:00.405+0000] {processor.py:840} INFO - DAG(s) 'example_python_decorator' retrieved from /home/airflow/.local/lib/python3.12/site-packages/airflow/example_dags/example_python_decorator.py
[2026-03-29T21:50:00.431+0000] {logging_mixin.py:188} INFO - [2026-03-29T21:50:00.431+0000] {dag.py:3089} INFO - Sync 1 DAGs
[2026-03-29T21:50:00.443+0000] {logging_mixin.py:188} INFO - [2026-03-29T21:50:00.442+0000] {dag.py:3947} INFO - Setting next_dagrun for example_python_decorator to None, run_after=None
[2026-03-29T21:50:00.466+0000] {processor.py:183} INFO - Processing /home/airflow/.local/lib/python3.12/site-packages/airflow/example_dags/example_python_decorator.py took 0.092 seconds
[2026-03-29T21:50:30.488+0000] {processor.py:161} INFO - Started process (PID=2066) to work on /home/airflow/.local/lib/python3.12/site-packages/airflow/example_dags/example_python_decorator.py
[2026-03-29T21:50:30.490+0000] {processor.py:830} INFO - Processing file /home/airflow/.local/lib/python3.12/site-packages/airflow/example_dags/example_python_decorator.py for tasks to queue
[2026-03-29T21:50:30.491+0000] {logging_mixin.py:188} INFO - [2026-03-29T21:50:30.491+0000] {dagbag.py:545} INFO - Filling up the DagBag from /home/airflow/.local/lib/python3.12/site-packages/airflow/example_dags/example_python_decorator.py
[2026-03-29T21:50:30.503+0000] {processor.py:840} INFO - DAG(s) 'example_python_decorator' retrieved from /home/airflow/.local/lib/python3.12/site-packages/airflow/example_dags/example_python_decorator.py
[2026-03-29T21:50:30.522+0000] {logging_mixin.py:188} INFO - [2026-03-29T21:50:30.522+0000] {dag.py:3089} INFO - Sync 1 DAGs
[2026-03-29T21:50:30.534+0000] {logging_mixin.py:188} INFO - [2026-03-29T21:50:30.533+0000] {dag.py:3947} INFO - Setting next_dagrun for example_python_decorator to None, run_after=None
[2026-03-29T21:50:30.547+0000] {processor.py:183} INFO - Processing /home/airflow/.local/lib/python3.12/site-packages/airflow/example_dags/example_python_decorator.py took 0.063 seconds
[2026-03-29T21:51:00.727+0000] {processor.py:161} INFO - Started process (PID=2118) to work on /home/airflow/.local/lib/python3.12/site-packages/airflow/example_dags/example_python_decorator.py
[2026-03-29T21:51:00.728+0000] {processor.py:830} INFO - Processing file /home/airflow/.local/lib/python3.12/site-packages/airflow/example_dags/example_python_decorator.py for tasks to queue
[2026-03-29T21:51:00.730+0000] {logging_mixin.py:188} INFO - [2026-03-29T21:51:00.730+0000] {dagbag.py:545} INFO - Filling up the DagBag from /home/airflow/.local/lib/python3.12/site-packages/airflow/example_dags/example_python_decorator.py
[2026-03-29T21:51:00.741+0000] {processor.py:840} INFO - DAG(s) 'example_python_decorator' retrieved from /home/airflow/.local/lib/python3.12/site-packages/airflow/example_dags/example_python_decorator.py
[2026-03-29T21:51:00.770+0000] {logging_mixin.py:188} INFO - [2026-03-29T21:51:00.769+0000] {dag.py:3089} INFO - Sync 1 DAGs
[2026-03-29T21:51:00.779+0000] {logging_mixin.py:188} INFO - [2026-03-29T21:51:00.779+0000] {dag.py:3947} INFO - Setting next_dagrun for example_python_decorator to None, run_after=None
[2026-03-29T21:51:00.794+0000] {processor.py:183} INFO - Processing /home/airflow/.local/lib/python3.12/site-packages/airflow/example_dags/example_python_decorator.py took 0.071 seconds
[2026-03-29T21:51:30.818+0000] {processor.py:161} INFO - Started process (PID=2170) to work on /home/airflow/.local/lib/python3.12/site-packages/airflow/example_dags/example_python_decorator.py
[2026-03-29T21:51:30.819+0000] {processor.py:830} INFO - Processing file /home/airflow/.local/lib/python3.12/site-packages/airflow/example_dags/example_python_decorator.py for tasks to queue
[2026-03-29T21:51:30.821+0000] {logging_mixin.py:188} INFO - [2026-03-29T21:51:30.821+0000] {dagbag.py:545} INFO - Filling up the DagBag from /home/airflow/.local/lib/python3.12/site-packages/airflow/example_dags/example_python_decorator.py
[2026-03-29T21:51:30.836+0000] {processor.py:840} INFO - DAG(s) 'example_python_decorator' retrieved from /home/airflow/.local/lib/python3.12/site-packages/airflow/example_dags/example_python_decorator.py
[2026-03-29T21:51:30.852+0000] {logging_mixin.py:188} INFO - [2026-03-29T21:51:30.852+0000] {dag.py:3089} INFO - Sync 1 DAGs
[2026-03-29T21:51:30.860+0000] {logging_mixin.py:188} INFO - [2026-03-29T21:51:30.860+0000] {dag.py:3947} INFO - Setting next_dagrun for example_python_decorator to None, run_after=None
[2026-03-29T21:51:30.872+0000] {processor.py:183} INFO - Processing /home/airflow/.local/lib/python3.12/site-packages/airflow/example_dags/example_python_decorator.py took 0.061 seconds
[2026-03-29T21:52:01.214+0000] {processor.py:161} INFO - Started process (PID=2222) to work on /home/airflow/.local/lib/python3.12/site-packages/airflow/example_dags/example_python_decorator.py
[2026-03-29T21:52:01.217+0000] {processor.py:830} INFO - Processing file /home/airflow/.local/lib/python3.12/site-packages/airflow/example_dags/example_python_decorator.py for tasks to queue
[2026-03-29T21:52:01.218+0000] {logging_mixin.py:188} INFO - [2026-03-29T21:52:01.218+0000] {dagbag.py:545} INFO - Filling up the DagBag from /home/airflow/.local/lib/python3.12/site-packages/airflow/example_dags/example_python_decorator.py
[2026-03-29T21:52:01.232+0000] {processor.py:840} INFO - DAG(s) 'example_python_decorator' retrieved from /home/airflow/.local/lib/python3.12/site-packages/airflow/example_dags/example_python_decorator.py
[2026-03-29T21:52:01.249+0000] {logging_mixin.py:188} INFO - [2026-03-29T21:52:01.248+0000] {dag.py:3089} INFO - Sync 1 DAGs
[2026-03-29T21:52:01.257+0000] {logging_mixin.py:188} INFO - [2026-03-29T21:52:01.257+0000] {dag.py:3947} INFO - Setting next_dagrun for example_python_decorator to None, run_after=None
[2026-03-29T21:52:01.270+0000] {processor.py:183} INFO - Processing /home/airflow/.local/lib/python3.12/site-packages/airflow/example_dags/example_python_decorator.py took 0.063 seconds
[2026-03-29T21:52:31.651+0000] {processor.py:161} INFO - Started process (PID=2274) to work on /home/airflow/.local/lib/python3.12/site-packages/airflow/example_dags/example_python_decorator.py
[2026-03-29T21:52:31.652+0000] {processor.py:830} INFO - Processing file /home/airflow/.local/lib/python3.12/site-packages/airflow/example_dags/example_python_decorator.py for tasks to queue
[2026-03-29T21:52:31.653+0000] {logging_mixin.py:188} INFO - [2026-03-29T21:52:31.653+0000] {dagbag.py:545} INFO - Filling up the DagBag from /home/airflow/.local/lib/python3.12/site-packages/airflow/example_dags/example_python_decorator.py
[2026-03-29T21:52:31.665+0000] {processor.py:840} INFO - DAG(s) 'example_python_decorator' retrieved from /home/airflow/.local/lib/python3.12/site-packages/airflow/example_dags/example_python_decorator.py
[2026-03-29T21:52:31.685+0000] {logging_mixin.py:188} INFO - [2026-03-29T21:52:31.684+0000] {dag.py:3089} INFO - Sync 1 DAGs
[2026-03-29T21:52:31.696+0000] {logging_mixin.py:188} INFO - [2026-03-29T21:52:31.696+0000] {dag.py:3947} INFO - Setting next_dagrun for example_python_decorator to None, run_after=None
[2026-03-29T21:52:31.716+0000] {processor.py:183} INFO - Processing /home/airflow/.local/lib/python3.12/site-packages/airflow/example_dags/example_python_decorator.py took 0.070 seconds
[2026-03-29T21:53:02.317+0000] {processor.py:161} INFO - Started process (PID=2326) to work on /home/airflow/.local/lib/python3.12/site-packages/airflow/example_dags/example_python_decorator.py
[2026-03-29T21:53:02.317+0000] {processor.py:830} INFO - Processing file /home/airflow/.local/lib/python3.12/site-packages/airflow/example_dags/example_python_decorator.py for tasks to queue
[2026-03-29T21:53:02.319+0000] {logging_mixin.py:188} INFO - [2026-03-29T21:53:02.319+0000] {dagbag.py:545} INFO - Filling up the DagBag from /home/airflow/.local/lib/python3.12/site-packages/airflow/example_dags/example_python_decorator.py
[2026-03-29T21:53:02.340+0000] {processor.py:840} INFO - DAG(s) 'example_python_decorator' retrieved from /home/airflow/.local/lib/python3.12/site-packages/airflow/example_dags/example_python_decorator.py
[2026-03-29T21:53:02.405+0000] {logging_mixin.py:188} INFO - [2026-03-29T21:53:02.404+0000] {dag.py:3089} INFO - Sync 1 DAGs
[2026-03-29T21:53:02.419+0000] {logging_mixin.py:188} INFO - [2026-03-29T21:53:02.418+0000] {dag.py:3947} INFO - Setting next_dagrun for example_python_decorator to None, run_after=None
[2026-03-29T21:53:02.439+0000] {processor.py:183} INFO - Processing /home/airflow/.local/lib/python3.12/site-packages/airflow/example_dags/example_python_decorator.py took 0.127 seconds
[2026-03-29T21:53:32.621+0000] {processor.py:161} INFO - Started process (PID=2378) to work on /home/airflow/.local/lib/python3.12/site-packages/airflow/example_dags/example_python_decorator.py
[2026-03-29T21:53:32.622+0000] {processor.py:830} INFO - Processing file /home/airflow/.local/lib/python3.12/site-packages/airflow/example_dags/example_python_decorator.py for tasks to queue
[2026-03-29T21:53:32.623+0000] {logging_mixin.py:188} INFO - [2026-03-29T21:53:32.623+0000] {dagbag.py:545} INFO - Filling up the DagBag from /home/airflow/.local/lib/python3.12/site-packages/airflow/example_dags/example_python_decorator.py
[2026-03-29T21:53:32.633+0000] {processor.py:840} INFO - DAG(s) 'example_python_decorator' retrieved from /home/airflow/.local/lib/python3.12/site-packages/airflow/example_dags/example_python_decorator.py
[2026-03-29T21:53:32.648+0000] {logging_mixin.py:188} INFO - [2026-03-29T21:53:32.648+0000] {dag.py:3089} INFO - Sync 1 DAGs
[2026-03-29T21:53:32.657+0000] {logging_mixin.py:188} INFO - [2026-03-29T21:53:32.657+0000] {dag.py:3947} INFO - Setting next_dagrun for example_python_decorator to None, run_after=None
[2026-03-29T21:53:32.668+0000] {processor.py:183} INFO - Processing /home/airflow/.local/lib/python3.12/site-packages/airflow/example_dags/example_python_decorator.py took 0.052 seconds
[2026-03-29T21:54:03.893+0000] {processor.py:161} INFO - Started process (PID=2430) to work on /home/airflow/.local/lib/python3.12/site-packages/airflow/example_dags/example_python_decorator.py
[2026-03-29T21:54:03.894+0000] {processor.py:830} INFO - Processing file /home/airflow/.local/lib/python3.12/site-packages/airflow/example_dags/example_python_decorator.py for tasks to queue
[2026-03-29T21:54:03.895+0000] {logging_mixin.py:188} INFO - [2026-03-29T21:54:03.895+0000] {dagbag.py:545} INFO - Filling up the DagBag from /home/airflow/.local/lib/python3.12/site-packages/airflow/example_dags/example_python_decorator.py
[2026-03-29T21:54:03.906+0000] {processor.py:840} INFO - DAG(s) 'example_python_decorator' retrieved from /home/airflow/.local/lib/python3.12/site-packages/airflow/example_dags/example_python_decorator.py
[2026-03-29T21:54:03.930+0000] {logging_mixin.py:188} INFO - [2026-03-29T21:54:03.930+0000] {dag.py:3089} INFO - Sync 1 DAGs
[2026-03-29T21:54:03.945+0000] {logging_mixin.py:188} INFO - [2026-03-29T21:54:03.944+0000] {dag.py:3947} INFO - Setting next_dagrun for example_python_decorator to None, run_after=None
[2026-03-29T21:54:03.961+0000] {processor.py:183} INFO - Processing /home/airflow/.local/lib/python3.12/site-packages/airflow/example_dags/example_python_decorator.py took 0.072 seconds
[2026-03-29T21:54:34.424+0000] {processor.py:161} INFO - Started process (PID=2482) to work on /home/airflow/.local/lib/python3.12/site-packages/airflow/example_dags/example_python_decorator.py
[2026-03-29T21:54:34.425+0000] {processor.py:830} INFO - Processing file /home/airflow/.local/lib/python3.12/site-packages/airflow/example_dags/example_python_decorator.py for tasks to queue
[2026-03-29T21:54:34.429+0000] {logging_mixin.py:188} INFO - [2026-03-29T21:54:34.429+0000] {dagbag.py:545} INFO - Filling up the DagBag from /home/airflow/.local/lib/python3.12/site-packages/airflow/example_dags/example_python_decorator.py
[2026-03-29T21:54:34.445+0000] {processor.py:840} INFO - DAG(s) 'example_python_decorator' retrieved from /home/airflow/.local/lib/python3.12/site-packages/airflow/example_dags/example_python_decorator.py
[2026-03-29T21:54:34.467+0000] {logging_mixin.py:188} INFO - [2026-03-29T21:54:34.467+0000] {dag.py:3089} INFO - Sync 1 DAGs
[2026-03-29T21:54:34.476+0000] {logging_mixin.py:188} INFO - [2026-03-29T21:54:34.475+0000] {dag.py:3947} INFO - Setting next_dagrun for example_python_decorator to None, run_after=None
[2026-03-29T21:54:34.490+0000] {processor.py:183} INFO - Processing /home/airflow/.local/lib/python3.12/site-packages/airflow/example_dags/example_python_decorator.py took 0.072 seconds
[2026-03-29T21:55:04.791+0000] {processor.py:161} INFO - Started process (PID=2534) to work on /home/airflow/.local/lib/python3.12/site-packages/airflow/example_dags/example_python_decorator.py
[2026-03-29T21:55:04.793+0000] {processor.py:830} INFO - Processing file /home/airflow/.local/lib/python3.12/site-packages/airflow/example_dags/example_python_decorator.py for tasks to queue
[2026-03-29T21:55:04.795+0000] {logging_mixin.py:188} INFO - [2026-03-29T21:55:04.794+0000] {dagbag.py:545} INFO - Filling up the DagBag from /home/airflow/.local/lib/python3.12/site-packages/airflow/example_dags/example_python_decorator.py
[2026-03-29T21:55:04.809+0000] {processor.py:840} INFO - DAG(s) 'example_python_decorator' retrieved from /home/airflow/.local/lib/python3.12/site-packages/airflow/example_dags/example_python_decorator.py
[2026-03-29T21:55:04.829+0000] {logging_mixin.py:188} INFO - [2026-03-29T21:55:04.828+0000] {dag.py:3089} INFO - Sync 1 DAGs
[2026-03-29T21:55:04.838+0000] {logging_mixin.py:188} INFO - [2026-03-29T21:55:04.837+0000] {dag.py:3947} INFO - Setting next_dagrun for example_python_decorator to None, run_after=None
[2026-03-29T21:55:04.850+0000] {processor.py:183} INFO - Processing /home/airflow/.local/lib/python3.12/site-packages/airflow/example_dags/example_python_decorator.py took 0.067 seconds
[2026-03-29T21:55:35.584+0000] {processor.py:161} INFO - Started process (PID=2586) to work on /home/airflow/.local/lib/python3.12/site-packages/airflow/example_dags/example_python_decorator.py
[2026-03-29T21:55:35.585+0000] {processor.py:830} INFO - Processing file /home/airflow/.local/lib/python3.12/site-packages/airflow/example_dags/example_python_decorator.py for tasks to queue
[2026-03-29T21:55:35.586+0000] {logging_mixin.py:188} INFO - [2026-03-29T21:55:35.586+0000] {dagbag.py:545} INFO - Filling up the DagBag from /home/airflow/.local/lib/python3.12/site-packages/airflow/example_dags/example_python_decorator.py
[2026-03-29T21:55:35.600+0000] {processor.py:840} INFO - DAG(s) 'example_python_decorator' retrieved from /home/airflow/.local/lib/python3.12/site-packages/airflow/example_dags/example_python_decorator.py
[2026-03-29T21:55:35.619+0000] {logging_mixin.py:188} INFO - [2026-03-29T21:55:35.619+0000] {dag.py:3089} INFO - Sync 1 DAGs
[2026-03-29T21:55:35.629+0000] {logging_mixin.py:188} INFO - [2026-03-29T21:55:35.629+0000] {dag.py:3947} INFO - Setting next_dagrun for example_python_decorator to None, run_after=None
[2026-03-29T21:55:35.646+0000] {processor.py:183} INFO - Processing /home/airflow/.local/lib/python3.12/site-packages/airflow/example_dags/example_python_decorator.py took 0.067 seconds
[2026-03-29T21:56:05.945+0000] {processor.py:161} INFO - Started process (PID=2638) to work on /home/airflow/.local/lib/python3.12/site-packages/airflow/example_dags/example_python_decorator.py
[2026-03-29T21:56:05.946+0000] {processor.py:830} INFO - Processing file /home/airflow/.local/lib/python3.12/site-packages/airflow/example_dags/example_python_decorator.py for tasks to queue
[2026-03-29T21:56:05.947+0000] {logging_mixin.py:188} INFO - [2026-03-29T21:56:05.947+0000] {dagbag.py:545} INFO - Filling up the DagBag from /home/airflow/.local/lib/python3.12/site-packages/airflow/example_dags/example_python_decorator.py
[2026-03-29T21:56:05.958+0000] {processor.py:840} INFO - DAG(s) 'example_python_decorator' retrieved from /home/airflow/.local/lib/python3.12/site-packages/airflow/example_dags/example_python_decorator.py
[2026-03-29T21:56:05.978+0000] {logging_mixin.py:188} INFO - [2026-03-29T21:56:05.977+0000] {dag.py:3089} INFO - Sync 1 DAGs
[2026-03-29T21:56:05.987+0000] {logging_mixin.py:188} INFO - [2026-03-29T21:56:05.987+0000] {dag.py:3947} INFO - Setting next_dagrun for example_python_decorator to None, run_after=None
[2026-03-29T21:56:06.006+0000] {processor.py:183} INFO - Processing /home/airflow/.local/lib/python3.12/site-packages/airflow/example_dags/example_python_decorator.py took 0.067 seconds
[2026-03-29T21:56:36.703+0000] {processor.py:161} INFO - Started process (PID=2690) to work on /home/airflow/.local/lib/python3.12/site-packages/airflow/example_dags/example_python_decorator.py
[2026-03-29T21:56:36.704+0000] {processor.py:830} INFO - Processing file /home/airflow/.local/lib/python3.12/site-packages/airflow/example_dags/example_python_decorator.py for tasks to queue
[2026-03-29T21:56:36.707+0000] {logging_mixin.py:188} INFO - [2026-03-29T21:56:36.706+0000] {dagbag.py:545} INFO - Filling up the DagBag from /home/airflow/.local/lib/python3.12/site-packages/airflow/example_dags/example_python_decorator.py
[2026-03-29T21:56:36.724+0000] {processor.py:840} INFO - DAG(s) 'example_python_decorator' retrieved from /home/airflow/.local/lib/python3.12/site-packages/airflow/example_dags/example_python_decorator.py
[2026-03-29T21:56:36.749+0000] {logging_mixin.py:188} INFO - [2026-03-29T21:56:36.749+0000] {dag.py:3089} INFO - Sync 1 DAGs
[2026-03-29T21:56:36.763+0000] {logging_mixin.py:188} INFO - [2026-03-29T21:56:36.762+0000] {dag.py:3947} INFO - Setting next_dagrun for example_python_decorator to None, run_after=None
[2026-03-29T21:56:36.783+0000] {processor.py:183} INFO - Processing /home/airflow/.local/lib/python3.12/site-packages/airflow/example_dags/example_python_decorator.py took 0.087 seconds
[2026-03-29T21:57:07.515+0000] {processor.py:161} INFO - Started process (PID=2742) to work on /home/airflow/.local/lib/python3.12/site-packages/airflow/example_dags/example_python_decorator.py
[2026-03-29T21:57:07.518+0000] {processor.py:830} INFO - Processing file /home/airflow/.local/lib/python3.12/site-packages/airflow/example_dags/example_python_decorator.py for tasks to queue
[2026-03-29T21:57:07.519+0000] {logging_mixin.py:188} INFO - [2026-03-29T21:57:07.519+0000] {dagbag.py:545} INFO - Filling up the DagBag from /home/airflow/.local/lib/python3.12/site-packages/airflow/example_dags/example_python_decorator.py
[2026-03-29T21:57:07.533+0000] {processor.py:840} INFO - DAG(s) 'example_python_decorator' retrieved from /home/airflow/.local/lib/python3.12/site-packages/airflow/example_dags/example_python_decorator.py
[2026-03-29T21:57:07.558+0000] {logging_mixin.py:188} INFO - [2026-03-29T21:57:07.558+0000] {dag.py:3089} INFO - Sync 1 DAGs
[2026-03-29T21:57:07.571+0000] {logging_mixin.py:188} INFO - [2026-03-29T21:57:07.571+0000] {dag.py:3947} INFO - Setting next_dagrun for example_python_decorator to None, run_after=None
[2026-03-29T21:57:07.590+0000] {processor.py:183} INFO - Processing /home/airflow/.local/lib/python3.12/site-packages/airflow/example_dags/example_python_decorator.py took 0.082 seconds
[2026-03-29T21:57:37.659+0000] {processor.py:161} INFO - Started process (PID=2794) to work on /home/airflow/.local/lib/python3.12/site-packages/airflow/example_dags/example_python_decorator.py
[2026-03-29T21:57:37.660+0000] {processor.py:830} INFO - Processing file /home/airflow/.local/lib/python3.12/site-packages/airflow/example_dags/example_python_decorator.py for tasks to queue
[2026-03-29T21:57:37.662+0000] {logging_mixin.py:188} INFO - [2026-03-29T21:57:37.662+0000] {dagbag.py:545} INFO - Filling up the DagBag from /home/airflow/.local/lib/python3.12/site-packages/airflow/example_dags/example_python_decorator.py
[2026-03-29T21:57:37.673+0000] {processor.py:840} INFO - DAG(s) 'example_python_decorator' retrieved from /home/airflow/.local/lib/python3.12/site-packages/airflow/example_dags/example_python_decorator.py
[2026-03-29T21:57:37.689+0000] {logging_mixin.py:188} INFO - [2026-03-29T21:57:37.688+0000] {dag.py:3089} INFO - Sync 1 DAGs
[2026-03-29T21:57:37.697+0000] {logging_mixin.py:188} INFO - [2026-03-29T21:57:37.696+0000] {dag.py:3947} INFO - Setting next_dagrun for example_python_decorator to None, run_after=None
[2026-03-29T21:57:37.708+0000] {processor.py:183} INFO - Processing /home/airflow/.local/lib/python3.12/site-packages/airflow/example_dags/example_python_decorator.py took 0.055 seconds
[2026-03-29T21:58:08.582+0000] {processor.py:161} INFO - Started process (PID=2846) to work on /home/airflow/.local/lib/python3.12/site-packages/airflow/example_dags/example_python_decorator.py
[2026-03-29T21:58:08.583+0000] {processor.py:830} INFO - Processing file /home/airflow/.local/lib/python3.12/site-packages/airflow/example_dags/example_python_decorator.py for tasks to queue
[2026-03-29T21:58:08.585+0000] {logging_mixin.py:188} INFO - [2026-03-29T21:58:08.585+0000] {dagbag.py:545} INFO - Filling up the DagBag from /home/airflow/.local/lib/python3.12/site-packages/airflow/example_dags/example_python_decorator.py
[2026-03-29T21:58:08.600+0000] {processor.py:840} INFO - DAG(s) 'example_python_decorator' retrieved from /home/airflow/.local/lib/python3.12/site-packages/airflow/example_dags/example_python_decorator.py
[2026-03-29T21:58:08.631+0000] {logging_mixin.py:188} INFO - [2026-03-29T21:58:08.631+0000] {dag.py:3089} INFO - Sync 1 DAGs
[2026-03-29T21:58:08.641+0000] {logging_mixin.py:188} INFO - [2026-03-29T21:58:08.641+0000] {dag.py:3947} INFO - Setting next_dagrun for example_python_decorator to None, run_after=None
[2026-03-29T21:58:08.656+0000] {processor.py:183} INFO - Processing /home/airflow/.local/lib/python3.12/site-packages/airflow/example_dags/example_python_decorator.py took 0.082 seconds
[2026-03-29T21:58:39.285+0000] {processor.py:161} INFO - Started process (PID=2898) to work on /home/airflow/.local/lib/python3.12/site-packages/airflow/example_dags/example_python_decorator.py
[2026-03-29T21:58:39.286+0000] {processor.py:830} INFO - Processing file /home/airflow/.local/lib/python3.12/site-packages/airflow/example_dags/example_python_decorator.py for tasks to queue
[2026-03-29T21:58:39.288+0000] {logging_mixin.py:188} INFO - [2026-03-29T21:58:39.288+0000] {dagbag.py:545} INFO - Filling up the DagBag from /home/airflow/.local/lib/python3.12/site-packages/airflow/example_dags/example_python_decorator.py
[2026-03-29T21:58:39.300+0000] {processor.py:840} INFO - DAG(s) 'example_python_decorator' retrieved from /home/airflow/.local/lib/python3.12/site-packages/airflow/example_dags/example_python_decorator.py
[2026-03-29T21:58:39.321+0000] {logging_mixin.py:188} INFO - [2026-03-29T21:58:39.321+0000] {dag.py:3089} INFO - Sync 1 DAGs
[2026-03-29T21:58:39.331+0000] {logging_mixin.py:188} INFO - [2026-03-29T21:58:39.330+0000] {dag.py:3947} INFO - Setting next_dagrun for example_python_decorator to None, run_after=None
[2026-03-29T21:58:39.345+0000] {processor.py:183} INFO - Processing /home/airflow/.local/lib/python3.12/site-packages/airflow/example_dags/example_python_decorator.py took 0.066 seconds
[2026-03-29T21:59:09.746+0000] {processor.py:161} INFO - Started process (PID=2950) to work on /home/airflow/.local/lib/python3.12/site-packages/airflow/example_dags/example_python_decorator.py
[2026-03-29T21:59:09.748+0000] {processor.py:830} INFO - Processing file /home/airflow/.local/lib/python3.12/site-packages/airflow/example_dags/example_python_decorator.py for tasks to queue
[2026-03-29T21:59:09.749+0000] {logging_mixin.py:188} INFO - [2026-03-29T21:59:09.749+0000] {dagbag.py:545} INFO - Filling up the DagBag from /home/airflow/.local/lib/python3.12/site-packages/airflow/example_dags/example_python_decorator.py
[2026-03-29T21:59:09.763+0000] {processor.py:840} INFO - DAG(s) 'example_python_decorator' retrieved from /home/airflow/.local/lib/python3.12/site-packages/airflow/example_dags/example_python_decorator.py
[2026-03-29T21:59:09.785+0000] {logging_mixin.py:188} INFO - [2026-03-29T21:59:09.785+0000] {dag.py:3089} INFO - Sync 1 DAGs
[2026-03-29T21:59:09.798+0000] {logging_mixin.py:188} INFO - [2026-03-29T21:59:09.798+0000] {dag.py:3947} INFO - Setting next_dagrun for example_python_decorator to None, run_after=None
[2026-03-29T21:59:09.812+0000] {processor.py:183} INFO - Processing /home/airflow/.local/lib/python3.12/site-packages/airflow/example_dags/example_python_decorator.py took 0.072 seconds
[2026-03-29T21:59:40.090+0000] {processor.py:161} INFO - Started process (PID=3002) to work on /home/airflow/.local/lib/python3.12/site-packages/airflow/example_dags/example_python_decorator.py
[2026-03-29T21:59:40.092+0000] {processor.py:830} INFO - Processing file /home/airflow/.local/lib/python3.12/site-packages/airflow/example_dags/example_python_decorator.py for tasks to queue
[2026-03-29T21:59:40.095+0000] {logging_mixin.py:188} INFO - [2026-03-29T21:59:40.095+0000] {dagbag.py:545} INFO - Filling up the DagBag from /home/airflow/.local/lib/python3.12/site-packages/airflow/example_dags/example_python_decorator.py
[2026-03-29T21:59:40.119+0000] {processor.py:840} INFO - DAG(s) 'example_python_decorator' retrieved from /home/airflow/.local/lib/python3.12/site-packages/airflow/example_dags/example_python_decorator.py
[2026-03-29T21:59:40.142+0000] {logging_mixin.py:188} INFO - [2026-03-29T21:59:40.142+0000] {dag.py:3089} INFO - Sync 1 DAGs
[2026-03-29T21:59:40.156+0000] {logging_mixin.py:188} INFO - [2026-03-29T21:59:40.156+0000] {dag.py:3947} INFO - Setting next_dagrun for example_python_decorator to None, run_after=None
[2026-03-29T21:59:40.176+0000] {processor.py:183} INFO - Processing /home/airflow/.local/lib/python3.12/site-packages/airflow/example_dags/example_python_decorator.py took 0.095 seconds
[2026-03-29T22:00:10.564+0000] {processor.py:161} INFO - Started process (PID=3054) to work on /home/airflow/.local/lib/python3.12/site-packages/airflow/example_dags/example_python_decorator.py
[2026-03-29T22:00:10.565+0000] {processor.py:830} INFO - Processing file /home/airflow/.local/lib/python3.12/site-packages/airflow/example_dags/example_python_decorator.py for tasks to queue
[2026-03-29T22:00:10.566+0000] {logging_mixin.py:188} INFO - [2026-03-29T22:00:10.566+0000] {dagbag.py:545} INFO - Filling up the DagBag from /home/airflow/.local/lib/python3.12/site-packages/airflow/example_dags/example_python_decorator.py
[2026-03-29T22:00:10.578+0000] {processor.py:840} INFO - DAG(s) 'example_python_decorator' retrieved from /home/airflow/.local/lib/python3.12/site-packages/airflow/example_dags/example_python_decorator.py
[2026-03-29T22:00:10.598+0000] {logging_mixin.py:188} INFO - [2026-03-29T22:00:10.597+0000] {dag.py:3089} INFO - Sync 1 DAGs
[2026-03-29T22:00:10.609+0000] {logging_mixin.py:188} INFO - [2026-03-29T22:00:10.608+0000] {dag.py:3947} INFO - Setting next_dagrun for example_python_decorator to None, run_after=None
[2026-03-29T22:00:10.620+0000] {processor.py:183} INFO - Processing /home/airflow/.local/lib/python3.12/site-packages/airflow/example_dags/example_python_decorator.py took 0.061 seconds
[2026-03-29T22:00:41.358+0000] {processor.py:161} INFO - Started process (PID=3106) to work on /home/airflow/.local/lib/python3.12/site-packages/airflow/example_dags/example_python_decorator.py
[2026-03-29T22:00:41.359+0000] {processor.py:830} INFO - Processing file /home/airflow/.local/lib/python3.12/site-packages/airflow/example_dags/example_python_decorator.py for tasks to queue
[2026-03-29T22:00:41.361+0000] {logging_mixin.py:188} INFO - [2026-03-29T22:00:41.361+0000] {dagbag.py:545} INFO - Filling up the DagBag from /home/airflow/.local/lib/python3.12/site-packages/airflow/example_dags/example_python_decorator.py
[2026-03-29T22:00:41.378+0000] {processor.py:840} INFO - DAG(s) 'example_python_decorator' retrieved from /home/airflow/.local/lib/python3.12/site-packages/airflow/example_dags/example_python_decorator.py
[2026-03-29T22:00:41.401+0000] {logging_mixin.py:188} INFO - [2026-03-29T22:00:41.401+0000] {dag.py:3089} INFO - Sync 1 DAGs
[2026-03-29T22:00:41.413+0000] {logging_mixin.py:188} INFO - [2026-03-29T22:00:41.413+0000] {dag.py:3947} INFO - Setting next_dagrun for example_python_decorator to None, run_after=None
[2026-03-29T22:00:41.435+0000] {processor.py:183} INFO - Processing /home/airflow/.local/lib/python3.12/site-packages/airflow/example_dags/example_python_decorator.py took 0.083 seconds
[2026-03-29T22:01:12.245+0000] {processor.py:161} INFO - Started process (PID=3158) to work on /home/airflow/.local/lib/python3.12/site-packages/airflow/example_dags/example_python_decorator.py
[2026-03-29T22:01:12.245+0000] {processor.py:830} INFO - Processing file /home/airflow/.local/lib/python3.12/site-packages/airflow/example_dags/example_python_decorator.py for tasks to queue
[2026-03-29T22:01:12.247+0000] {logging_mixin.py:188} INFO - [2026-03-29T22:01:12.246+0000] {dagbag.py:545} INFO - Filling up the DagBag from /home/airflow/.local/lib/python3.12/site-packages/airflow/example_dags/example_python_decorator.py
[2026-03-29T22:01:12.265+0000] {processor.py:840} INFO - DAG(s) 'example_python_decorator' retrieved from /home/airflow/.local/lib/python3.12/site-packages/airflow/example_dags/example_python_decorator.py
[2026-03-29T22:01:12.288+0000] {logging_mixin.py:188} INFO - [2026-03-29T22:01:12.287+0000] {dag.py:3089} INFO - Sync 1 DAGs
[2026-03-29T22:01:12.302+0000] {logging_mixin.py:188} INFO - [2026-03-29T22:01:12.302+0000] {dag.py:3947} INFO - Setting next_dagrun for example_python_decorator to None, run_after=None
[2026-03-29T22:01:12.320+0000] {processor.py:183} INFO - Processing /home/airflow/.local/lib/python3.12/site-packages/airflow/example_dags/example_python_decorator.py took 0.082 seconds
[2026-03-29T22:01:43.118+0000] {processor.py:161} INFO - Started process (PID=3210) to work on /home/airflow/.local/lib/python3.12/site-packages/airflow/example_dags/example_python_decorator.py
[2026-03-29T22:01:43.120+0000] {processor.py:830} INFO - Processing file /home/airflow/.local/lib/python3.12/site-packages/airflow/example_dags/example_python_decorator.py for tasks to queue
[2026-03-29T22:01:43.121+0000] {logging_mixin.py:188} INFO - [2026-03-29T22:01:43.120+0000] {dagbag.py:545} INFO - Filling up the DagBag from /home/airflow/.local/lib/python3.12/site-packages/airflow/example_dags/example_python_decorator.py
[2026-03-29T22:01:43.131+0000] {processor.py:840} INFO - DAG(s) 'example_python_decorator' retrieved from /home/airflow/.local/lib/python3.12/site-packages/airflow/example_dags/example_python_decorator.py
[2026-03-29T22:01:43.146+0000] {logging_mixin.py:188} INFO - [2026-03-29T22:01:43.146+0000] {dag.py:3089} INFO - Sync 1 DAGs
[2026-03-29T22:01:43.154+0000] {logging_mixin.py:188} INFO - [2026-03-29T22:01:43.154+0000] {dag.py:3947} INFO - Setting next_dagrun for example_python_decorator to None, run_after=None
[2026-03-29T22:01:43.166+0000] {processor.py:183} INFO - Processing /home/airflow/.local/lib/python3.12/site-packages/airflow/example_dags/example_python_decorator.py took 0.052 seconds
[2026-03-29T22:02:13.462+0000] {processor.py:161} INFO - Started process (PID=3262) to work on /home/airflow/.local/lib/python3.12/site-packages/airflow/example_dags/example_python_decorator.py
[2026-03-29T22:02:13.463+0000] {processor.py:830} INFO - Processing file /home/airflow/.local/lib/python3.12/site-packages/airflow/example_dags/example_python_decorator.py for tasks to queue
[2026-03-29T22:02:13.464+0000] {logging_mixin.py:188} INFO - [2026-03-29T22:02:13.464+0000] {dagbag.py:545} INFO - Filling up the DagBag from /home/airflow/.local/lib/python3.12/site-packages/airflow/example_dags/example_python_decorator.py
[2026-03-29T22:02:13.475+0000] {processor.py:840} INFO - DAG(s) 'example_python_decorator' retrieved from /home/airflow/.local/lib/python3.12/site-packages/airflow/example_dags/example_python_decorator.py
[2026-03-29T22:02:13.495+0000] {logging_mixin.py:188} INFO - [2026-03-29T22:02:13.495+0000] {dag.py:3089} INFO - Sync 1 DAGs
[2026-03-29T22:02:13.507+0000] {logging_mixin.py:188} INFO - [2026-03-29T22:02:13.507+0000] {dag.py:3947} INFO - Setting next_dagrun for example_python_decorator to None, run_after=None
[2026-03-29T22:02:13.521+0000] {processor.py:183} INFO - Processing /home/airflow/.local/lib/python3.12/site-packages/airflow/example_dags/example_python_decorator.py took 0.067 seconds
[2026-03-29T22:02:44.322+0000] {processor.py:161} INFO - Started process (PID=3314) to work on /home/airflow/.local/lib/python3.12/site-packages/airflow/example_dags/example_python_decorator.py
[2026-03-29T22:02:44.324+0000] {processor.py:830} INFO - Processing file /home/airflow/.local/lib/python3.12/site-packages/airflow/example_dags/example_python_decorator.py for tasks to queue
[2026-03-29T22:02:44.329+0000] {logging_mixin.py:188} INFO - [2026-03-29T22:02:44.329+0000] {dagbag.py:545} INFO - Filling up the DagBag from /home/airflow/.local/lib/python3.12/site-packages/airflow/example_dags/example_python_decorator.py
[2026-03-29T22:02:44.364+0000] {processor.py:840} INFO - DAG(s) 'example_python_decorator' retrieved from /home/airflow/.local/lib/python3.12/site-packages/airflow/example_dags/example_python_decorator.py
[2026-03-29T22:02:44.396+0000] {logging_mixin.py:188} INFO - [2026-03-29T22:02:44.396+0000] {dag.py:3089} INFO - Sync 1 DAGs
[2026-03-29T22:02:44.410+0000] {logging_mixin.py:188} INFO - [2026-03-29T22:02:44.410+0000] {dag.py:3947} INFO - Setting next_dagrun for example_python_decorator to None, run_after=None
[2026-03-29T22:02:44.432+0000] {processor.py:183} INFO - Processing /home/airflow/.local/lib/python3.12/site-packages/airflow/example_dags/example_python_decorator.py took 0.119 seconds
