[2026-03-29T21:30:35.951+0000] {processor.py:161} INFO - Started process (PID=70) to work on /home/airflow/.local/lib/python3.12/site-packages/airflow/example_dags/example_branch_python_dop_operator_3.py
[2026-03-29T21:30:35.954+0000] {processor.py:830} INFO - Processing file /home/airflow/.local/lib/python3.12/site-packages/airflow/example_dags/example_branch_python_dop_operator_3.py for tasks to queue
[2026-03-29T21:30:35.961+0000] {logging_mixin.py:188} INFO - [2026-03-29T21:30:35.960+0000] {dagbag.py:545} INFO - Filling up the DagBag from /home/airflow/.local/lib/python3.12/site-packages/airflow/example_dags/example_branch_python_dop_operator_3.py
[2026-03-29T21:30:35.993+0000] {processor.py:840} INFO - DAG(s) 'example_branch_dop_operator_v3' retrieved from /home/airflow/.local/lib/python3.12/site-packages/airflow/example_dags/example_branch_python_dop_operator_3.py
[2026-03-29T21:30:36.053+0000] {logging_mixin.py:188} INFO - [2026-03-29T21:30:36.053+0000] {dag.py:3089} INFO - Sync 1 DAGs
[2026-03-29T21:30:36.132+0000] {logging_mixin.py:188} INFO - [2026-03-29T21:30:36.131+0000] {dag.py:3947} INFO - Setting next_dagrun for example_branch_dop_operator_v3 to 2026-03-29 21:29:00+00:00, run_after=2026-03-29 21:30:00+00:00
[2026-03-29T21:30:36.205+0000] {processor.py:183} INFO - Processing /home/airflow/.local/lib/python3.12/site-packages/airflow/example_dags/example_branch_python_dop_operator_3.py took 0.243 seconds
[2026-03-29T21:31:06.567+0000] {processor.py:161} INFO - Started process (PID=122) to work on /home/airflow/.local/lib/python3.12/site-packages/airflow/example_dags/example_branch_python_dop_operator_3.py
[2026-03-29T21:31:06.569+0000] {processor.py:830} INFO - Processing file /home/airflow/.local/lib/python3.12/site-packages/airflow/example_dags/example_branch_python_dop_operator_3.py for tasks to queue
[2026-03-29T21:31:06.572+0000] {logging_mixin.py:188} INFO - [2026-03-29T21:31:06.571+0000] {dagbag.py:545} INFO - Filling up the DagBag from /home/airflow/.local/lib/python3.12/site-packages/airflow/example_dags/example_branch_python_dop_operator_3.py
[2026-03-29T21:31:06.584+0000] {processor.py:840} INFO - DAG(s) 'example_branch_dop_operator_v3' retrieved from /home/airflow/.local/lib/python3.12/site-packages/airflow/example_dags/example_branch_python_dop_operator_3.py
[2026-03-29T21:31:06.749+0000] {logging_mixin.py:188} INFO - [2026-03-29T21:31:06.748+0000] {dag.py:3089} INFO - Sync 1 DAGs
[2026-03-29T21:31:06.798+0000] {logging_mixin.py:188} INFO - [2026-03-29T21:31:06.798+0000] {dag.py:3947} INFO - Setting next_dagrun for example_branch_dop_operator_v3 to 2026-03-29 21:30:00+00:00, run_after=2026-03-29 21:31:00+00:00
[2026-03-29T21:31:06.830+0000] {processor.py:183} INFO - Processing /home/airflow/.local/lib/python3.12/site-packages/airflow/example_dags/example_branch_python_dop_operator_3.py took 0.271 seconds
[2026-03-29T21:31:37.339+0000] {processor.py:161} INFO - Started process (PID=174) to work on /home/airflow/.local/lib/python3.12/site-packages/airflow/example_dags/example_branch_python_dop_operator_3.py
[2026-03-29T21:31:37.339+0000] {processor.py:830} INFO - Processing file /home/airflow/.local/lib/python3.12/site-packages/airflow/example_dags/example_branch_python_dop_operator_3.py for tasks to queue
[2026-03-29T21:31:37.341+0000] {logging_mixin.py:188} INFO - [2026-03-29T21:31:37.340+0000] {dagbag.py:545} INFO - Filling up the DagBag from /home/airflow/.local/lib/python3.12/site-packages/airflow/example_dags/example_branch_python_dop_operator_3.py
[2026-03-29T21:31:37.346+0000] {processor.py:840} INFO - DAG(s) 'example_branch_dop_operator_v3' retrieved from /home/airflow/.local/lib/python3.12/site-packages/airflow/example_dags/example_branch_python_dop_operator_3.py
[2026-03-29T21:31:37.363+0000] {logging_mixin.py:188} INFO - [2026-03-29T21:31:37.363+0000] {dag.py:3089} INFO - Sync 1 DAGs
[2026-03-29T21:31:37.380+0000] {logging_mixin.py:188} INFO - [2026-03-29T21:31:37.380+0000] {dag.py:3947} INFO - Setting next_dagrun for example_branch_dop_operator_v3 to 2026-03-29 21:30:00+00:00, run_after=2026-03-29 21:31:00+00:00
[2026-03-29T21:31:37.392+0000] {processor.py:183} INFO - Processing /home/airflow/.local/lib/python3.12/site-packages/airflow/example_dags/example_branch_python_dop_operator_3.py took 0.057 seconds
[2026-03-29T21:32:08.234+0000] {processor.py:161} INFO - Started process (PID=226) to work on /home/airflow/.local/lib/python3.12/site-packages/airflow/example_dags/example_branch_python_dop_operator_3.py
[2026-03-29T21:32:08.235+0000] {processor.py:830} INFO - Processing file /home/airflow/.local/lib/python3.12/site-packages/airflow/example_dags/example_branch_python_dop_operator_3.py for tasks to queue
[2026-03-29T21:32:08.238+0000] {logging_mixin.py:188} INFO - [2026-03-29T21:32:08.238+0000] {dagbag.py:545} INFO - Filling up the DagBag from /home/airflow/.local/lib/python3.12/site-packages/airflow/example_dags/example_branch_python_dop_operator_3.py
[2026-03-29T21:32:08.246+0000] {processor.py:840} INFO - DAG(s) 'example_branch_dop_operator_v3' retrieved from /home/airflow/.local/lib/python3.12/site-packages/airflow/example_dags/example_branch_python_dop_operator_3.py
[2026-03-29T21:32:08.265+0000] {logging_mixin.py:188} INFO - [2026-03-29T21:32:08.265+0000] {dag.py:3089} INFO - Sync 1 DAGs
[2026-03-29T21:32:08.291+0000] {logging_mixin.py:188} INFO - [2026-03-29T21:32:08.290+0000] {dag.py:3947} INFO - Setting next_dagrun for example_branch_dop_operator_v3 to 2026-03-29 21:31:00+00:00, run_after=2026-03-29 21:32:00+00:00
[2026-03-29T21:32:08.308+0000] {processor.py:183} INFO - Processing /home/airflow/.local/lib/python3.12/site-packages/airflow/example_dags/example_branch_python_dop_operator_3.py took 0.080 seconds
[2026-03-29T21:32:38.847+0000] {processor.py:161} INFO - Started process (PID=278) to work on /home/airflow/.local/lib/python3.12/site-packages/airflow/example_dags/example_branch_python_dop_operator_3.py
[2026-03-29T21:32:38.848+0000] {processor.py:830} INFO - Processing file /home/airflow/.local/lib/python3.12/site-packages/airflow/example_dags/example_branch_python_dop_operator_3.py for tasks to queue
[2026-03-29T21:32:38.849+0000] {logging_mixin.py:188} INFO - [2026-03-29T21:32:38.849+0000] {dagbag.py:545} INFO - Filling up the DagBag from /home/airflow/.local/lib/python3.12/site-packages/airflow/example_dags/example_branch_python_dop_operator_3.py
[2026-03-29T21:32:38.855+0000] {processor.py:840} INFO - DAG(s) 'example_branch_dop_operator_v3' retrieved from /home/airflow/.local/lib/python3.12/site-packages/airflow/example_dags/example_branch_python_dop_operator_3.py
[2026-03-29T21:32:38.868+0000] {logging_mixin.py:188} INFO - [2026-03-29T21:32:38.868+0000] {dag.py:3089} INFO - Sync 1 DAGs
[2026-03-29T21:32:38.883+0000] {logging_mixin.py:188} INFO - [2026-03-29T21:32:38.883+0000] {dag.py:3947} INFO - Setting next_dagrun for example_branch_dop_operator_v3 to 2026-03-29 21:31:00+00:00, run_after=2026-03-29 21:32:00+00:00
[2026-03-29T21:32:38.894+0000] {processor.py:183} INFO - Processing /home/airflow/.local/lib/python3.12/site-packages/airflow/example_dags/example_branch_python_dop_operator_3.py took 0.051 seconds
[2026-03-29T21:33:09.486+0000] {processor.py:161} INFO - Started process (PID=330) to work on /home/airflow/.local/lib/python3.12/site-packages/airflow/example_dags/example_branch_python_dop_operator_3.py
[2026-03-29T21:33:09.488+0000] {processor.py:830} INFO - Processing file /home/airflow/.local/lib/python3.12/site-packages/airflow/example_dags/example_branch_python_dop_operator_3.py for tasks to queue
[2026-03-29T21:33:09.489+0000] {logging_mixin.py:188} INFO - [2026-03-29T21:33:09.489+0000] {dagbag.py:545} INFO - Filling up the DagBag from /home/airflow/.local/lib/python3.12/site-packages/airflow/example_dags/example_branch_python_dop_operator_3.py
[2026-03-29T21:33:09.498+0000] {processor.py:840} INFO - DAG(s) 'example_branch_dop_operator_v3' retrieved from /home/airflow/.local/lib/python3.12/site-packages/airflow/example_dags/example_branch_python_dop_operator_3.py
[2026-03-29T21:33:09.517+0000] {logging_mixin.py:188} INFO - [2026-03-29T21:33:09.517+0000] {dag.py:3089} INFO - Sync 1 DAGs
[2026-03-29T21:33:09.535+0000] {logging_mixin.py:188} INFO - [2026-03-29T21:33:09.535+0000] {dag.py:3947} INFO - Setting next_dagrun for example_branch_dop_operator_v3 to 2026-03-29 21:32:00+00:00, run_after=2026-03-29 21:33:00+00:00
[2026-03-29T21:33:09.552+0000] {processor.py:183} INFO - Processing /home/airflow/.local/lib/python3.12/site-packages/airflow/example_dags/example_branch_python_dop_operator_3.py took 0.070 seconds
[2026-03-29T21:33:40.656+0000] {processor.py:161} INFO - Started process (PID=382) to work on /home/airflow/.local/lib/python3.12/site-packages/airflow/example_dags/example_branch_python_dop_operator_3.py
[2026-03-29T21:33:40.658+0000] {processor.py:830} INFO - Processing file /home/airflow/.local/lib/python3.12/site-packages/airflow/example_dags/example_branch_python_dop_operator_3.py for tasks to queue
[2026-03-29T21:33:40.660+0000] {logging_mixin.py:188} INFO - [2026-03-29T21:33:40.659+0000] {dagbag.py:545} INFO - Filling up the DagBag from /home/airflow/.local/lib/python3.12/site-packages/airflow/example_dags/example_branch_python_dop_operator_3.py
[2026-03-29T21:33:40.671+0000] {processor.py:840} INFO - DAG(s) 'example_branch_dop_operator_v3' retrieved from /home/airflow/.local/lib/python3.12/site-packages/airflow/example_dags/example_branch_python_dop_operator_3.py
[2026-03-29T21:33:40.729+0000] {logging_mixin.py:188} INFO - [2026-03-29T21:33:40.728+0000] {dag.py:3089} INFO - Sync 1 DAGs
[2026-03-29T21:33:40.765+0000] {logging_mixin.py:188} INFO - [2026-03-29T21:33:40.765+0000] {dag.py:3947} INFO - Setting next_dagrun for example_branch_dop_operator_v3 to 2026-03-29 21:32:00+00:00, run_after=2026-03-29 21:33:00+00:00
[2026-03-29T21:33:40.803+0000] {processor.py:183} INFO - Processing /home/airflow/.local/lib/python3.12/site-packages/airflow/example_dags/example_branch_python_dop_operator_3.py took 0.155 seconds
[2026-03-29T21:34:11.528+0000] {processor.py:161} INFO - Started process (PID=434) to work on /home/airflow/.local/lib/python3.12/site-packages/airflow/example_dags/example_branch_python_dop_operator_3.py
[2026-03-29T21:34:11.529+0000] {processor.py:830} INFO - Processing file /home/airflow/.local/lib/python3.12/site-packages/airflow/example_dags/example_branch_python_dop_operator_3.py for tasks to queue
[2026-03-29T21:34:11.532+0000] {logging_mixin.py:188} INFO - [2026-03-29T21:34:11.531+0000] {dagbag.py:545} INFO - Filling up the DagBag from /home/airflow/.local/lib/python3.12/site-packages/airflow/example_dags/example_branch_python_dop_operator_3.py
[2026-03-29T21:34:11.542+0000] {processor.py:840} INFO - DAG(s) 'example_branch_dop_operator_v3' retrieved from /home/airflow/.local/lib/python3.12/site-packages/airflow/example_dags/example_branch_python_dop_operator_3.py
[2026-03-29T21:34:11.565+0000] {logging_mixin.py:188} INFO - [2026-03-29T21:34:11.564+0000] {dag.py:3089} INFO - Sync 1 DAGs
[2026-03-29T21:34:11.588+0000] {logging_mixin.py:188} INFO - [2026-03-29T21:34:11.588+0000] {dag.py:3947} INFO - Setting next_dagrun for example_branch_dop_operator_v3 to 2026-03-29 21:33:00+00:00, run_after=2026-03-29 21:34:00+00:00
[2026-03-29T21:34:11.610+0000] {processor.py:183} INFO - Processing /home/airflow/.local/lib/python3.12/site-packages/airflow/example_dags/example_branch_python_dop_operator_3.py took 0.092 seconds
[2026-03-29T21:34:42.387+0000] {processor.py:161} INFO - Started process (PID=486) to work on /home/airflow/.local/lib/python3.12/site-packages/airflow/example_dags/example_branch_python_dop_operator_3.py
[2026-03-29T21:34:42.388+0000] {processor.py:830} INFO - Processing file /home/airflow/.local/lib/python3.12/site-packages/airflow/example_dags/example_branch_python_dop_operator_3.py for tasks to queue
[2026-03-29T21:34:42.392+0000] {logging_mixin.py:188} INFO - [2026-03-29T21:34:42.392+0000] {dagbag.py:545} INFO - Filling up the DagBag from /home/airflow/.local/lib/python3.12/site-packages/airflow/example_dags/example_branch_python_dop_operator_3.py
[2026-03-29T21:34:42.400+0000] {processor.py:840} INFO - DAG(s) 'example_branch_dop_operator_v3' retrieved from /home/airflow/.local/lib/python3.12/site-packages/airflow/example_dags/example_branch_python_dop_operator_3.py
[2026-03-29T21:34:42.419+0000] {logging_mixin.py:188} INFO - [2026-03-29T21:34:42.419+0000] {dag.py:3089} INFO - Sync 1 DAGs
[2026-03-29T21:34:42.445+0000] {logging_mixin.py:188} INFO - [2026-03-29T21:34:42.445+0000] {dag.py:3947} INFO - Setting next_dagrun for example_branch_dop_operator_v3 to 2026-03-29 21:33:00+00:00, run_after=2026-03-29 21:34:00+00:00
[2026-03-29T21:34:42.460+0000] {processor.py:183} INFO - Processing /home/airflow/.local/lib/python3.12/site-packages/airflow/example_dags/example_branch_python_dop_operator_3.py took 0.082 seconds
[2026-03-29T21:35:13.444+0000] {processor.py:161} INFO - Started process (PID=538) to work on /home/airflow/.local/lib/python3.12/site-packages/airflow/example_dags/example_branch_python_dop_operator_3.py
[2026-03-29T21:35:13.445+0000] {processor.py:830} INFO - Processing file /home/airflow/.local/lib/python3.12/site-packages/airflow/example_dags/example_branch_python_dop_operator_3.py for tasks to queue
[2026-03-29T21:35:13.448+0000] {logging_mixin.py:188} INFO - [2026-03-29T21:35:13.447+0000] {dagbag.py:545} INFO - Filling up the DagBag from /home/airflow/.local/lib/python3.12/site-packages/airflow/example_dags/example_branch_python_dop_operator_3.py
[2026-03-29T21:35:13.455+0000] {processor.py:840} INFO - DAG(s) 'example_branch_dop_operator_v3' retrieved from /home/airflow/.local/lib/python3.12/site-packages/airflow/example_dags/example_branch_python_dop_operator_3.py
[2026-03-29T21:35:13.483+0000] {logging_mixin.py:188} INFO - [2026-03-29T21:35:13.482+0000] {dag.py:3089} INFO - Sync 1 DAGs
[2026-03-29T21:35:13.506+0000] {logging_mixin.py:188} INFO - [2026-03-29T21:35:13.506+0000] {dag.py:3947} INFO - Setting next_dagrun for example_branch_dop_operator_v3 to 2026-03-29 21:34:00+00:00, run_after=2026-03-29 21:35:00+00:00
[2026-03-29T21:35:13.522+0000] {processor.py:183} INFO - Processing /home/airflow/.local/lib/python3.12/site-packages/airflow/example_dags/example_branch_python_dop_operator_3.py took 0.084 seconds
[2026-03-29T21:35:44.098+0000] {processor.py:161} INFO - Started process (PID=590) to work on /home/airflow/.local/lib/python3.12/site-packages/airflow/example_dags/example_branch_python_dop_operator_3.py
[2026-03-29T21:35:44.099+0000] {processor.py:830} INFO - Processing file /home/airflow/.local/lib/python3.12/site-packages/airflow/example_dags/example_branch_python_dop_operator_3.py for tasks to queue
[2026-03-29T21:35:44.100+0000] {logging_mixin.py:188} INFO - [2026-03-29T21:35:44.100+0000] {dagbag.py:545} INFO - Filling up the DagBag from /home/airflow/.local/lib/python3.12/site-packages/airflow/example_dags/example_branch_python_dop_operator_3.py
[2026-03-29T21:35:44.108+0000] {processor.py:840} INFO - DAG(s) 'example_branch_dop_operator_v3' retrieved from /home/airflow/.local/lib/python3.12/site-packages/airflow/example_dags/example_branch_python_dop_operator_3.py
[2026-03-29T21:35:44.124+0000] {logging_mixin.py:188} INFO - [2026-03-29T21:35:44.124+0000] {dag.py:3089} INFO - Sync 1 DAGs
[2026-03-29T21:35:44.145+0000] {logging_mixin.py:188} INFO - [2026-03-29T21:35:44.145+0000] {dag.py:3947} INFO - Setting next_dagrun for example_branch_dop_operator_v3 to 2026-03-29 21:34:00+00:00, run_after=2026-03-29 21:35:00+00:00
[2026-03-29T21:35:44.158+0000] {processor.py:183} INFO - Processing /home/airflow/.local/lib/python3.12/site-packages/airflow/example_dags/example_branch_python_dop_operator_3.py took 0.066 seconds
[2026-03-29T21:36:15.088+0000] {processor.py:161} INFO - Started process (PID=642) to work on /home/airflow/.local/lib/python3.12/site-packages/airflow/example_dags/example_branch_python_dop_operator_3.py
[2026-03-29T21:36:15.092+0000] {processor.py:830} INFO - Processing file /home/airflow/.local/lib/python3.12/site-packages/airflow/example_dags/example_branch_python_dop_operator_3.py for tasks to queue
[2026-03-29T21:36:15.096+0000] {logging_mixin.py:188} INFO - [2026-03-29T21:36:15.096+0000] {dagbag.py:545} INFO - Filling up the DagBag from /home/airflow/.local/lib/python3.12/site-packages/airflow/example_dags/example_branch_python_dop_operator_3.py
[2026-03-29T21:36:15.115+0000] {processor.py:840} INFO - DAG(s) 'example_branch_dop_operator_v3' retrieved from /home/airflow/.local/lib/python3.12/site-packages/airflow/example_dags/example_branch_python_dop_operator_3.py
[2026-03-29T21:36:15.150+0000] {logging_mixin.py:188} INFO - [2026-03-29T21:36:15.150+0000] {dag.py:3089} INFO - Sync 1 DAGs
[2026-03-29T21:36:15.184+0000] {logging_mixin.py:188} INFO - [2026-03-29T21:36:15.184+0000] {dag.py:3947} INFO - Setting next_dagrun for example_branch_dop_operator_v3 to 2026-03-29 21:35:00+00:00, run_after=2026-03-29 21:36:00+00:00
[2026-03-29T21:36:15.210+0000] {processor.py:183} INFO - Processing /home/airflow/.local/lib/python3.12/site-packages/airflow/example_dags/example_branch_python_dop_operator_3.py took 0.143 seconds
[2026-03-29T21:36:45.908+0000] {processor.py:161} INFO - Started process (PID=694) to work on /home/airflow/.local/lib/python3.12/site-packages/airflow/example_dags/example_branch_python_dop_operator_3.py
[2026-03-29T21:36:45.909+0000] {processor.py:830} INFO - Processing file /home/airflow/.local/lib/python3.12/site-packages/airflow/example_dags/example_branch_python_dop_operator_3.py for tasks to queue
[2026-03-29T21:36:45.910+0000] {logging_mixin.py:188} INFO - [2026-03-29T21:36:45.910+0000] {dagbag.py:545} INFO - Filling up the DagBag from /home/airflow/.local/lib/python3.12/site-packages/airflow/example_dags/example_branch_python_dop_operator_3.py
[2026-03-29T21:36:45.917+0000] {processor.py:840} INFO - DAG(s) 'example_branch_dop_operator_v3' retrieved from /home/airflow/.local/lib/python3.12/site-packages/airflow/example_dags/example_branch_python_dop_operator_3.py
[2026-03-29T21:36:45.933+0000] {logging_mixin.py:188} INFO - [2026-03-29T21:36:45.932+0000] {dag.py:3089} INFO - Sync 1 DAGs
[2026-03-29T21:36:45.951+0000] {logging_mixin.py:188} INFO - [2026-03-29T21:36:45.951+0000] {dag.py:3947} INFO - Setting next_dagrun for example_branch_dop_operator_v3 to 2026-03-29 21:35:00+00:00, run_after=2026-03-29 21:36:00+00:00
[2026-03-29T21:36:45.965+0000] {processor.py:183} INFO - Processing /home/airflow/.local/lib/python3.12/site-packages/airflow/example_dags/example_branch_python_dop_operator_3.py took 0.063 seconds
[2026-03-29T21:37:16.665+0000] {processor.py:161} INFO - Started process (PID=746) to work on /home/airflow/.local/lib/python3.12/site-packages/airflow/example_dags/example_branch_python_dop_operator_3.py
[2026-03-29T21:37:16.666+0000] {processor.py:830} INFO - Processing file /home/airflow/.local/lib/python3.12/site-packages/airflow/example_dags/example_branch_python_dop_operator_3.py for tasks to queue
[2026-03-29T21:37:16.668+0000] {logging_mixin.py:188} INFO - [2026-03-29T21:37:16.667+0000] {dagbag.py:545} INFO - Filling up the DagBag from /home/airflow/.local/lib/python3.12/site-packages/airflow/example_dags/example_branch_python_dop_operator_3.py
[2026-03-29T21:37:16.674+0000] {processor.py:840} INFO - DAG(s) 'example_branch_dop_operator_v3' retrieved from /home/airflow/.local/lib/python3.12/site-packages/airflow/example_dags/example_branch_python_dop_operator_3.py
[2026-03-29T21:37:16.689+0000] {logging_mixin.py:188} INFO - [2026-03-29T21:37:16.689+0000] {dag.py:3089} INFO - Sync 1 DAGs
[2026-03-29T21:37:16.710+0000] {logging_mixin.py:188} INFO - [2026-03-29T21:37:16.710+0000] {dag.py:3947} INFO - Setting next_dagrun for example_branch_dop_operator_v3 to 2026-03-29 21:36:00+00:00, run_after=2026-03-29 21:37:00+00:00
[2026-03-29T21:37:16.721+0000] {processor.py:183} INFO - Processing /home/airflow/.local/lib/python3.12/site-packages/airflow/example_dags/example_branch_python_dop_operator_3.py took 0.061 seconds
[2026-03-29T21:37:47.146+0000] {processor.py:161} INFO - Started process (PID=798) to work on /home/airflow/.local/lib/python3.12/site-packages/airflow/example_dags/example_branch_python_dop_operator_3.py
[2026-03-29T21:37:47.147+0000] {processor.py:830} INFO - Processing file /home/airflow/.local/lib/python3.12/site-packages/airflow/example_dags/example_branch_python_dop_operator_3.py for tasks to queue
[2026-03-29T21:37:47.149+0000] {logging_mixin.py:188} INFO - [2026-03-29T21:37:47.148+0000] {dagbag.py:545} INFO - Filling up the DagBag from /home/airflow/.local/lib/python3.12/site-packages/airflow/example_dags/example_branch_python_dop_operator_3.py
[2026-03-29T21:37:47.155+0000] {processor.py:840} INFO - DAG(s) 'example_branch_dop_operator_v3' retrieved from /home/airflow/.local/lib/python3.12/site-packages/airflow/example_dags/example_branch_python_dop_operator_3.py
[2026-03-29T21:37:47.170+0000] {logging_mixin.py:188} INFO - [2026-03-29T21:37:47.169+0000] {dag.py:3089} INFO - Sync 1 DAGs
[2026-03-29T21:37:47.188+0000] {logging_mixin.py:188} INFO - [2026-03-29T21:37:47.187+0000] {dag.py:3947} INFO - Setting next_dagrun for example_branch_dop_operator_v3 to 2026-03-29 21:36:00+00:00, run_after=2026-03-29 21:37:00+00:00
[2026-03-29T21:37:47.200+0000] {processor.py:183} INFO - Processing /home/airflow/.local/lib/python3.12/site-packages/airflow/example_dags/example_branch_python_dop_operator_3.py took 0.059 seconds
[2026-03-29T21:38:17.367+0000] {processor.py:161} INFO - Started process (PID=850) to work on /home/airflow/.local/lib/python3.12/site-packages/airflow/example_dags/example_branch_python_dop_operator_3.py
[2026-03-29T21:38:17.368+0000] {processor.py:830} INFO - Processing file /home/airflow/.local/lib/python3.12/site-packages/airflow/example_dags/example_branch_python_dop_operator_3.py for tasks to queue
[2026-03-29T21:38:17.370+0000] {logging_mixin.py:188} INFO - [2026-03-29T21:38:17.369+0000] {dagbag.py:545} INFO - Filling up the DagBag from /home/airflow/.local/lib/python3.12/site-packages/airflow/example_dags/example_branch_python_dop_operator_3.py
[2026-03-29T21:38:17.378+0000] {processor.py:840} INFO - DAG(s) 'example_branch_dop_operator_v3' retrieved from /home/airflow/.local/lib/python3.12/site-packages/airflow/example_dags/example_branch_python_dop_operator_3.py
[2026-03-29T21:38:17.394+0000] {logging_mixin.py:188} INFO - [2026-03-29T21:38:17.394+0000] {dag.py:3089} INFO - Sync 1 DAGs
[2026-03-29T21:38:17.414+0000] {logging_mixin.py:188} INFO - [2026-03-29T21:38:17.413+0000] {dag.py:3947} INFO - Setting next_dagrun for example_branch_dop_operator_v3 to 2026-03-29 21:37:00+00:00, run_after=2026-03-29 21:38:00+00:00
[2026-03-29T21:38:17.427+0000] {processor.py:183} INFO - Processing /home/airflow/.local/lib/python3.12/site-packages/airflow/example_dags/example_branch_python_dop_operator_3.py took 0.064 seconds
[2026-03-29T21:38:47.948+0000] {processor.py:161} INFO - Started process (PID=902) to work on /home/airflow/.local/lib/python3.12/site-packages/airflow/example_dags/example_branch_python_dop_operator_3.py
[2026-03-29T21:38:47.949+0000] {processor.py:830} INFO - Processing file /home/airflow/.local/lib/python3.12/site-packages/airflow/example_dags/example_branch_python_dop_operator_3.py for tasks to queue
[2026-03-29T21:38:47.950+0000] {logging_mixin.py:188} INFO - [2026-03-29T21:38:47.950+0000] {dagbag.py:545} INFO - Filling up the DagBag from /home/airflow/.local/lib/python3.12/site-packages/airflow/example_dags/example_branch_python_dop_operator_3.py
[2026-03-29T21:38:47.956+0000] {processor.py:840} INFO - DAG(s) 'example_branch_dop_operator_v3' retrieved from /home/airflow/.local/lib/python3.12/site-packages/airflow/example_dags/example_branch_python_dop_operator_3.py
[2026-03-29T21:38:47.971+0000] {logging_mixin.py:188} INFO - [2026-03-29T21:38:47.971+0000] {dag.py:3089} INFO - Sync 1 DAGs
[2026-03-29T21:38:47.990+0000] {logging_mixin.py:188} INFO - [2026-03-29T21:38:47.990+0000] {dag.py:3947} INFO - Setting next_dagrun for example_branch_dop_operator_v3 to 2026-03-29 21:37:00+00:00, run_after=2026-03-29 21:38:00+00:00
[2026-03-29T21:38:48.003+0000] {processor.py:183} INFO - Processing /home/airflow/.local/lib/python3.12/site-packages/airflow/example_dags/example_branch_python_dop_operator_3.py took 0.060 seconds
[2026-03-29T21:39:18.385+0000] {processor.py:161} INFO - Started process (PID=954) to work on /home/airflow/.local/lib/python3.12/site-packages/airflow/example_dags/example_branch_python_dop_operator_3.py
[2026-03-29T21:39:18.387+0000] {processor.py:830} INFO - Processing file /home/airflow/.local/lib/python3.12/site-packages/airflow/example_dags/example_branch_python_dop_operator_3.py for tasks to queue
[2026-03-29T21:39:18.388+0000] {logging_mixin.py:188} INFO - [2026-03-29T21:39:18.388+0000] {dagbag.py:545} INFO - Filling up the DagBag from /home/airflow/.local/lib/python3.12/site-packages/airflow/example_dags/example_branch_python_dop_operator_3.py
[2026-03-29T21:39:18.394+0000] {processor.py:840} INFO - DAG(s) 'example_branch_dop_operator_v3' retrieved from /home/airflow/.local/lib/python3.12/site-packages/airflow/example_dags/example_branch_python_dop_operator_3.py
[2026-03-29T21:39:18.409+0000] {logging_mixin.py:188} INFO - [2026-03-29T21:39:18.409+0000] {dag.py:3089} INFO - Sync 1 DAGs
[2026-03-29T21:39:18.428+0000] {logging_mixin.py:188} INFO - [2026-03-29T21:39:18.428+0000] {dag.py:3947} INFO - Setting next_dagrun for example_branch_dop_operator_v3 to 2026-03-29 21:38:00+00:00, run_after=2026-03-29 21:39:00+00:00
[2026-03-29T21:39:18.447+0000] {processor.py:183} INFO - Processing /home/airflow/.local/lib/python3.12/site-packages/airflow/example_dags/example_branch_python_dop_operator_3.py took 0.066 seconds
[2026-03-29T21:39:49.115+0000] {processor.py:161} INFO - Started process (PID=1006) to work on /home/airflow/.local/lib/python3.12/site-packages/airflow/example_dags/example_branch_python_dop_operator_3.py
[2026-03-29T21:39:49.117+0000] {processor.py:830} INFO - Processing file /home/airflow/.local/lib/python3.12/site-packages/airflow/example_dags/example_branch_python_dop_operator_3.py for tasks to queue
[2026-03-29T21:39:49.119+0000] {logging_mixin.py:188} INFO - [2026-03-29T21:39:49.119+0000] {dagbag.py:545} INFO - Filling up the DagBag from /home/airflow/.local/lib/python3.12/site-packages/airflow/example_dags/example_branch_python_dop_operator_3.py
[2026-03-29T21:39:49.132+0000] {processor.py:840} INFO - DAG(s) 'example_branch_dop_operator_v3' retrieved from /home/airflow/.local/lib/python3.12/site-packages/airflow/example_dags/example_branch_python_dop_operator_3.py
[2026-03-29T21:39:49.153+0000] {logging_mixin.py:188} INFO - [2026-03-29T21:39:49.152+0000] {dag.py:3089} INFO - Sync 1 DAGs
[2026-03-29T21:39:49.178+0000] {logging_mixin.py:188} INFO - [2026-03-29T21:39:49.177+0000] {dag.py:3947} INFO - Setting next_dagrun for example_branch_dop_operator_v3 to 2026-03-29 21:38:00+00:00, run_after=2026-03-29 21:39:00+00:00
[2026-03-29T21:39:49.195+0000] {processor.py:183} INFO - Processing /home/airflow/.local/lib/python3.12/site-packages/airflow/example_dags/example_branch_python_dop_operator_3.py took 0.088 seconds
[2026-03-29T21:40:19.838+0000] {processor.py:161} INFO - Started process (PID=1058) to work on /home/airflow/.local/lib/python3.12/site-packages/airflow/example_dags/example_branch_python_dop_operator_3.py
[2026-03-29T21:40:19.841+0000] {processor.py:830} INFO - Processing file /home/airflow/.local/lib/python3.12/site-packages/airflow/example_dags/example_branch_python_dop_operator_3.py for tasks to queue
[2026-03-29T21:40:19.846+0000] {logging_mixin.py:188} INFO - [2026-03-29T21:40:19.845+0000] {dagbag.py:545} INFO - Filling up the DagBag from /home/airflow/.local/lib/python3.12/site-packages/airflow/example_dags/example_branch_python_dop_operator_3.py
[2026-03-29T21:40:19.863+0000] {processor.py:840} INFO - DAG(s) 'example_branch_dop_operator_v3' retrieved from /home/airflow/.local/lib/python3.12/site-packages/airflow/example_dags/example_branch_python_dop_operator_3.py
[2026-03-29T21:40:19.899+0000] {logging_mixin.py:188} INFO - [2026-03-29T21:40:19.898+0000] {dag.py:3089} INFO - Sync 1 DAGs
[2026-03-29T21:40:19.941+0000] {logging_mixin.py:188} INFO - [2026-03-29T21:40:19.941+0000] {dag.py:3947} INFO - Setting next_dagrun for example_branch_dop_operator_v3 to 2026-03-29 21:39:00+00:00, run_after=2026-03-29 21:40:00+00:00
[2026-03-29T21:40:19.965+0000] {processor.py:183} INFO - Processing /home/airflow/.local/lib/python3.12/site-packages/airflow/example_dags/example_branch_python_dop_operator_3.py took 0.152 seconds
[2026-03-29T21:40:50.215+0000] {processor.py:161} INFO - Started process (PID=1110) to work on /home/airflow/.local/lib/python3.12/site-packages/airflow/example_dags/example_branch_python_dop_operator_3.py
[2026-03-29T21:40:50.217+0000] {processor.py:830} INFO - Processing file /home/airflow/.local/lib/python3.12/site-packages/airflow/example_dags/example_branch_python_dop_operator_3.py for tasks to queue
[2026-03-29T21:40:50.220+0000] {logging_mixin.py:188} INFO - [2026-03-29T21:40:50.219+0000] {dagbag.py:545} INFO - Filling up the DagBag from /home/airflow/.local/lib/python3.12/site-packages/airflow/example_dags/example_branch_python_dop_operator_3.py
[2026-03-29T21:40:50.229+0000] {processor.py:840} INFO - DAG(s) 'example_branch_dop_operator_v3' retrieved from /home/airflow/.local/lib/python3.12/site-packages/airflow/example_dags/example_branch_python_dop_operator_3.py
[2026-03-29T21:40:50.252+0000] {logging_mixin.py:188} INFO - [2026-03-29T21:40:50.252+0000] {dag.py:3089} INFO - Sync 1 DAGs
[2026-03-29T21:40:50.280+0000] {logging_mixin.py:188} INFO - [2026-03-29T21:40:50.280+0000] {dag.py:3947} INFO - Setting next_dagrun for example_branch_dop_operator_v3 to 2026-03-29 21:39:00+00:00, run_after=2026-03-29 21:40:00+00:00
[2026-03-29T21:40:50.294+0000] {processor.py:183} INFO - Processing /home/airflow/.local/lib/python3.12/site-packages/airflow/example_dags/example_branch_python_dop_operator_3.py took 0.094 seconds
[2026-03-29T21:41:20.826+0000] {processor.py:161} INFO - Started process (PID=1162) to work on /home/airflow/.local/lib/python3.12/site-packages/airflow/example_dags/example_branch_python_dop_operator_3.py
[2026-03-29T21:41:20.827+0000] {processor.py:830} INFO - Processing file /home/airflow/.local/lib/python3.12/site-packages/airflow/example_dags/example_branch_python_dop_operator_3.py for tasks to queue
[2026-03-29T21:41:20.829+0000] {logging_mixin.py:188} INFO - [2026-03-29T21:41:20.829+0000] {dagbag.py:545} INFO - Filling up the DagBag from /home/airflow/.local/lib/python3.12/site-packages/airflow/example_dags/example_branch_python_dop_operator_3.py
[2026-03-29T21:41:20.839+0000] {processor.py:840} INFO - DAG(s) 'example_branch_dop_operator_v3' retrieved from /home/airflow/.local/lib/python3.12/site-packages/airflow/example_dags/example_branch_python_dop_operator_3.py
[2026-03-29T21:41:20.865+0000] {logging_mixin.py:188} INFO - [2026-03-29T21:41:20.865+0000] {dag.py:3089} INFO - Sync 1 DAGs
[2026-03-29T21:41:20.885+0000] {logging_mixin.py:188} INFO - [2026-03-29T21:41:20.884+0000] {dag.py:3947} INFO - Setting next_dagrun for example_branch_dop_operator_v3 to 2026-03-29 21:40:00+00:00, run_after=2026-03-29 21:41:00+00:00
[2026-03-29T21:41:20.898+0000] {processor.py:183} INFO - Processing /home/airflow/.local/lib/python3.12/site-packages/airflow/example_dags/example_branch_python_dop_operator_3.py took 0.077 seconds
[2026-03-29T21:41:51.799+0000] {processor.py:161} INFO - Started process (PID=1214) to work on /home/airflow/.local/lib/python3.12/site-packages/airflow/example_dags/example_branch_python_dop_operator_3.py
[2026-03-29T21:41:51.803+0000] {processor.py:830} INFO - Processing file /home/airflow/.local/lib/python3.12/site-packages/airflow/example_dags/example_branch_python_dop_operator_3.py for tasks to queue
[2026-03-29T21:41:51.805+0000] {logging_mixin.py:188} INFO - [2026-03-29T21:41:51.805+0000] {dagbag.py:545} INFO - Filling up the DagBag from /home/airflow/.local/lib/python3.12/site-packages/airflow/example_dags/example_branch_python_dop_operator_3.py
[2026-03-29T21:41:51.814+0000] {processor.py:840} INFO - DAG(s) 'example_branch_dop_operator_v3' retrieved from /home/airflow/.local/lib/python3.12/site-packages/airflow/example_dags/example_branch_python_dop_operator_3.py
[2026-03-29T21:41:51.835+0000] {logging_mixin.py:188} INFO - [2026-03-29T21:41:51.835+0000] {dag.py:3089} INFO - Sync 1 DAGs
[2026-03-29T21:41:51.861+0000] {logging_mixin.py:188} INFO - [2026-03-29T21:41:51.861+0000] {dag.py:3947} INFO - Setting next_dagrun for example_branch_dop_operator_v3 to 2026-03-29 21:40:00+00:00, run_after=2026-03-29 21:41:00+00:00
[2026-03-29T21:41:51.878+0000] {processor.py:183} INFO - Processing /home/airflow/.local/lib/python3.12/site-packages/airflow/example_dags/example_branch_python_dop_operator_3.py took 0.086 seconds
[2026-03-29T21:42:22.111+0000] {processor.py:161} INFO - Started process (PID=1266) to work on /home/airflow/.local/lib/python3.12/site-packages/airflow/example_dags/example_branch_python_dop_operator_3.py
[2026-03-29T21:42:22.114+0000] {processor.py:830} INFO - Processing file /home/airflow/.local/lib/python3.12/site-packages/airflow/example_dags/example_branch_python_dop_operator_3.py for tasks to queue
[2026-03-29T21:42:22.117+0000] {logging_mixin.py:188} INFO - [2026-03-29T21:42:22.116+0000] {dagbag.py:545} INFO - Filling up the DagBag from /home/airflow/.local/lib/python3.12/site-packages/airflow/example_dags/example_branch_python_dop_operator_3.py
[2026-03-29T21:42:22.129+0000] {processor.py:840} INFO - DAG(s) 'example_branch_dop_operator_v3' retrieved from /home/airflow/.local/lib/python3.12/site-packages/airflow/example_dags/example_branch_python_dop_operator_3.py
[2026-03-29T21:42:22.153+0000] {logging_mixin.py:188} INFO - [2026-03-29T21:42:22.153+0000] {dag.py:3089} INFO - Sync 1 DAGs
[2026-03-29T21:42:22.181+0000] {logging_mixin.py:188} INFO - [2026-03-29T21:42:22.181+0000] {dag.py:3947} INFO - Setting next_dagrun for example_branch_dop_operator_v3 to 2026-03-29 21:41:00+00:00, run_after=2026-03-29 21:42:00+00:00
[2026-03-29T21:42:22.196+0000] {processor.py:183} INFO - Processing /home/airflow/.local/lib/python3.12/site-packages/airflow/example_dags/example_branch_python_dop_operator_3.py took 0.101 seconds
[2026-03-29T21:42:52.388+0000] {processor.py:161} INFO - Started process (PID=1318) to work on /home/airflow/.local/lib/python3.12/site-packages/airflow/example_dags/example_branch_python_dop_operator_3.py
[2026-03-29T21:42:52.389+0000] {processor.py:830} INFO - Processing file /home/airflow/.local/lib/python3.12/site-packages/airflow/example_dags/example_branch_python_dop_operator_3.py for tasks to queue
[2026-03-29T21:42:52.390+0000] {logging_mixin.py:188} INFO - [2026-03-29T21:42:52.390+0000] {dagbag.py:545} INFO - Filling up the DagBag from /home/airflow/.local/lib/python3.12/site-packages/airflow/example_dags/example_branch_python_dop_operator_3.py
[2026-03-29T21:42:52.397+0000] {processor.py:840} INFO - DAG(s) 'example_branch_dop_operator_v3' retrieved from /home/airflow/.local/lib/python3.12/site-packages/airflow/example_dags/example_branch_python_dop_operator_3.py
[2026-03-29T21:42:52.423+0000] {logging_mixin.py:188} INFO - [2026-03-29T21:42:52.422+0000] {dag.py:3089} INFO - Sync 1 DAGs
[2026-03-29T21:42:52.450+0000] {logging_mixin.py:188} INFO - [2026-03-29T21:42:52.450+0000] {dag.py:3947} INFO - Setting next_dagrun for example_branch_dop_operator_v3 to 2026-03-29 21:41:00+00:00, run_after=2026-03-29 21:42:00+00:00
[2026-03-29T21:42:52.465+0000] {processor.py:183} INFO - Processing /home/airflow/.local/lib/python3.12/site-packages/airflow/example_dags/example_branch_python_dop_operator_3.py took 0.084 seconds
[2026-03-29T21:43:22.909+0000] {processor.py:161} INFO - Started process (PID=1370) to work on /home/airflow/.local/lib/python3.12/site-packages/airflow/example_dags/example_branch_python_dop_operator_3.py
[2026-03-29T21:43:22.910+0000] {processor.py:830} INFO - Processing file /home/airflow/.local/lib/python3.12/site-packages/airflow/example_dags/example_branch_python_dop_operator_3.py for tasks to queue
[2026-03-29T21:43:22.911+0000] {logging_mixin.py:188} INFO - [2026-03-29T21:43:22.911+0000] {dagbag.py:545} INFO - Filling up the DagBag from /home/airflow/.local/lib/python3.12/site-packages/airflow/example_dags/example_branch_python_dop_operator_3.py
[2026-03-29T21:43:22.917+0000] {processor.py:840} INFO - DAG(s) 'example_branch_dop_operator_v3' retrieved from /home/airflow/.local/lib/python3.12/site-packages/airflow/example_dags/example_branch_python_dop_operator_3.py
[2026-03-29T21:43:22.930+0000] {logging_mixin.py:188} INFO - [2026-03-29T21:43:22.930+0000] {dag.py:3089} INFO - Sync 1 DAGs
[2026-03-29T21:43:22.946+0000] {logging_mixin.py:188} INFO - [2026-03-29T21:43:22.946+0000] {dag.py:3947} INFO - Setting next_dagrun for example_branch_dop_operator_v3 to 2026-03-29 21:42:00+00:00, run_after=2026-03-29 21:43:00+00:00
[2026-03-29T21:43:22.957+0000] {processor.py:183} INFO - Processing /home/airflow/.local/lib/python3.12/site-packages/airflow/example_dags/example_branch_python_dop_operator_3.py took 0.053 seconds
[2026-03-29T21:43:54.145+0000] {processor.py:161} INFO - Started process (PID=1422) to work on /home/airflow/.local/lib/python3.12/site-packages/airflow/example_dags/example_branch_python_dop_operator_3.py
[2026-03-29T21:43:54.147+0000] {processor.py:830} INFO - Processing file /home/airflow/.local/lib/python3.12/site-packages/airflow/example_dags/example_branch_python_dop_operator_3.py for tasks to queue
[2026-03-29T21:43:54.151+0000] {logging_mixin.py:188} INFO - [2026-03-29T21:43:54.148+0000] {dagbag.py:545} INFO - Filling up the DagBag from /home/airflow/.local/lib/python3.12/site-packages/airflow/example_dags/example_branch_python_dop_operator_3.py
[2026-03-29T21:43:54.163+0000] {processor.py:840} INFO - DAG(s) 'example_branch_dop_operator_v3' retrieved from /home/airflow/.local/lib/python3.12/site-packages/airflow/example_dags/example_branch_python_dop_operator_3.py
[2026-03-29T21:43:54.186+0000] {logging_mixin.py:188} INFO - [2026-03-29T21:43:54.186+0000] {dag.py:3089} INFO - Sync 1 DAGs
[2026-03-29T21:43:54.217+0000] {logging_mixin.py:188} INFO - [2026-03-29T21:43:54.216+0000] {dag.py:3947} INFO - Setting next_dagrun for example_branch_dop_operator_v3 to 2026-03-29 21:42:00+00:00, run_after=2026-03-29 21:43:00+00:00
[2026-03-29T21:43:54.240+0000] {processor.py:183} INFO - Processing /home/airflow/.local/lib/python3.12/site-packages/airflow/example_dags/example_branch_python_dop_operator_3.py took 0.100 seconds
[2026-03-29T21:44:25.378+0000] {processor.py:161} INFO - Started process (PID=1474) to work on /home/airflow/.local/lib/python3.12/site-packages/airflow/example_dags/example_branch_python_dop_operator_3.py
[2026-03-29T21:44:25.379+0000] {processor.py:830} INFO - Processing file /home/airflow/.local/lib/python3.12/site-packages/airflow/example_dags/example_branch_python_dop_operator_3.py for tasks to queue
[2026-03-29T21:44:25.381+0000] {logging_mixin.py:188} INFO - [2026-03-29T21:44:25.380+0000] {dagbag.py:545} INFO - Filling up the DagBag from /home/airflow/.local/lib/python3.12/site-packages/airflow/example_dags/example_branch_python_dop_operator_3.py
[2026-03-29T21:44:25.394+0000] {processor.py:840} INFO - DAG(s) 'example_branch_dop_operator_v3' retrieved from /home/airflow/.local/lib/python3.12/site-packages/airflow/example_dags/example_branch_python_dop_operator_3.py
[2026-03-29T21:44:25.413+0000] {logging_mixin.py:188} INFO - [2026-03-29T21:44:25.413+0000] {dag.py:3089} INFO - Sync 1 DAGs
[2026-03-29T21:44:25.441+0000] {logging_mixin.py:188} INFO - [2026-03-29T21:44:25.441+0000] {dag.py:3947} INFO - Setting next_dagrun for example_branch_dop_operator_v3 to 2026-03-29 21:43:00+00:00, run_after=2026-03-29 21:44:00+00:00
[2026-03-29T21:44:25.455+0000] {processor.py:183} INFO - Processing /home/airflow/.local/lib/python3.12/site-packages/airflow/example_dags/example_branch_python_dop_operator_3.py took 0.087 seconds
[2026-03-29T21:44:55.496+0000] {processor.py:161} INFO - Started process (PID=1526) to work on /home/airflow/.local/lib/python3.12/site-packages/airflow/example_dags/example_branch_python_dop_operator_3.py
[2026-03-29T21:44:55.497+0000] {processor.py:830} INFO - Processing file /home/airflow/.local/lib/python3.12/site-packages/airflow/example_dags/example_branch_python_dop_operator_3.py for tasks to queue
[2026-03-29T21:44:55.499+0000] {logging_mixin.py:188} INFO - [2026-03-29T21:44:55.499+0000] {dagbag.py:545} INFO - Filling up the DagBag from /home/airflow/.local/lib/python3.12/site-packages/airflow/example_dags/example_branch_python_dop_operator_3.py
[2026-03-29T21:44:55.508+0000] {processor.py:840} INFO - DAG(s) 'example_branch_dop_operator_v3' retrieved from /home/airflow/.local/lib/python3.12/site-packages/airflow/example_dags/example_branch_python_dop_operator_3.py
[2026-03-29T21:44:55.531+0000] {logging_mixin.py:188} INFO - [2026-03-29T21:44:55.531+0000] {dag.py:3089} INFO - Sync 1 DAGs
[2026-03-29T21:44:55.553+0000] {logging_mixin.py:188} INFO - [2026-03-29T21:44:55.553+0000] {dag.py:3947} INFO - Setting next_dagrun for example_branch_dop_operator_v3 to 2026-03-29 21:43:00+00:00, run_after=2026-03-29 21:44:00+00:00
[2026-03-29T21:44:55.567+0000] {processor.py:183} INFO - Processing /home/airflow/.local/lib/python3.12/site-packages/airflow/example_dags/example_branch_python_dop_operator_3.py took 0.076 seconds
[2026-03-29T21:45:26.714+0000] {processor.py:161} INFO - Started process (PID=1578) to work on /home/airflow/.local/lib/python3.12/site-packages/airflow/example_dags/example_branch_python_dop_operator_3.py
[2026-03-29T21:45:26.715+0000] {processor.py:830} INFO - Processing file /home/airflow/.local/lib/python3.12/site-packages/airflow/example_dags/example_branch_python_dop_operator_3.py for tasks to queue
[2026-03-29T21:45:26.717+0000] {logging_mixin.py:188} INFO - [2026-03-29T21:45:26.717+0000] {dagbag.py:545} INFO - Filling up the DagBag from /home/airflow/.local/lib/python3.12/site-packages/airflow/example_dags/example_branch_python_dop_operator_3.py
[2026-03-29T21:45:26.724+0000] {processor.py:840} INFO - DAG(s) 'example_branch_dop_operator_v3' retrieved from /home/airflow/.local/lib/python3.12/site-packages/airflow/example_dags/example_branch_python_dop_operator_3.py
[2026-03-29T21:45:26.744+0000] {logging_mixin.py:188} INFO - [2026-03-29T21:45:26.744+0000] {dag.py:3089} INFO - Sync 1 DAGs
[2026-03-29T21:45:26.763+0000] {logging_mixin.py:188} INFO - [2026-03-29T21:45:26.763+0000] {dag.py:3947} INFO - Setting next_dagrun for example_branch_dop_operator_v3 to 2026-03-29 21:44:00+00:00, run_after=2026-03-29 21:45:00+00:00
[2026-03-29T21:45:26.781+0000] {processor.py:183} INFO - Processing /home/airflow/.local/lib/python3.12/site-packages/airflow/example_dags/example_branch_python_dop_operator_3.py took 0.072 seconds
[2026-03-29T21:45:58.063+0000] {processor.py:161} INFO - Started process (PID=1630) to work on /home/airflow/.local/lib/python3.12/site-packages/airflow/example_dags/example_branch_python_dop_operator_3.py
[2026-03-29T21:45:58.064+0000] {processor.py:830} INFO - Processing file /home/airflow/.local/lib/python3.12/site-packages/airflow/example_dags/example_branch_python_dop_operator_3.py for tasks to queue
[2026-03-29T21:45:58.066+0000] {logging_mixin.py:188} INFO - [2026-03-29T21:45:58.066+0000] {dagbag.py:545} INFO - Filling up the DagBag from /home/airflow/.local/lib/python3.12/site-packages/airflow/example_dags/example_branch_python_dop_operator_3.py
[2026-03-29T21:45:58.073+0000] {processor.py:840} INFO - DAG(s) 'example_branch_dop_operator_v3' retrieved from /home/airflow/.local/lib/python3.12/site-packages/airflow/example_dags/example_branch_python_dop_operator_3.py
[2026-03-29T21:45:58.092+0000] {logging_mixin.py:188} INFO - [2026-03-29T21:45:58.092+0000] {dag.py:3089} INFO - Sync 1 DAGs
[2026-03-29T21:45:58.113+0000] {logging_mixin.py:188} INFO - [2026-03-29T21:45:58.113+0000] {dag.py:3947} INFO - Setting next_dagrun for example_branch_dop_operator_v3 to 2026-03-29 21:44:00+00:00, run_after=2026-03-29 21:45:00+00:00
[2026-03-29T21:45:58.247+0000] {processor.py:183} INFO - Processing /home/airflow/.local/lib/python3.12/site-packages/airflow/example_dags/example_branch_python_dop_operator_3.py took 0.189 seconds
[2026-03-29T21:46:29.211+0000] {processor.py:161} INFO - Started process (PID=1684) to work on /home/airflow/.local/lib/python3.12/site-packages/airflow/example_dags/example_branch_python_dop_operator_3.py
[2026-03-29T21:46:29.213+0000] {processor.py:830} INFO - Processing file /home/airflow/.local/lib/python3.12/site-packages/airflow/example_dags/example_branch_python_dop_operator_3.py for tasks to queue
[2026-03-29T21:46:29.216+0000] {logging_mixin.py:188} INFO - [2026-03-29T21:46:29.216+0000] {dagbag.py:545} INFO - Filling up the DagBag from /home/airflow/.local/lib/python3.12/site-packages/airflow/example_dags/example_branch_python_dop_operator_3.py
[2026-03-29T21:46:29.223+0000] {processor.py:840} INFO - DAG(s) 'example_branch_dop_operator_v3' retrieved from /home/airflow/.local/lib/python3.12/site-packages/airflow/example_dags/example_branch_python_dop_operator_3.py
[2026-03-29T21:46:29.239+0000] {logging_mixin.py:188} INFO - [2026-03-29T21:46:29.239+0000] {dag.py:3089} INFO - Sync 1 DAGs
[2026-03-29T21:46:29.258+0000] {logging_mixin.py:188} INFO - [2026-03-29T21:46:29.258+0000] {dag.py:3947} INFO - Setting next_dagrun for example_branch_dop_operator_v3 to 2026-03-29 21:45:00+00:00, run_after=2026-03-29 21:46:00+00:00
[2026-03-29T21:46:29.273+0000] {processor.py:183} INFO - Processing /home/airflow/.local/lib/python3.12/site-packages/airflow/example_dags/example_branch_python_dop_operator_3.py took 0.067 seconds
[2026-03-29T21:47:00.032+0000] {processor.py:161} INFO - Started process (PID=1734) to work on /home/airflow/.local/lib/python3.12/site-packages/airflow/example_dags/example_branch_python_dop_operator_3.py
[2026-03-29T21:47:00.035+0000] {processor.py:830} INFO - Processing file /home/airflow/.local/lib/python3.12/site-packages/airflow/example_dags/example_branch_python_dop_operator_3.py for tasks to queue
[2026-03-29T21:47:00.041+0000] {logging_mixin.py:188} INFO - [2026-03-29T21:47:00.040+0000] {dagbag.py:545} INFO - Filling up the DagBag from /home/airflow/.local/lib/python3.12/site-packages/airflow/example_dags/example_branch_python_dop_operator_3.py
[2026-03-29T21:47:00.061+0000] {processor.py:840} INFO - DAG(s) 'example_branch_dop_operator_v3' retrieved from /home/airflow/.local/lib/python3.12/site-packages/airflow/example_dags/example_branch_python_dop_operator_3.py
[2026-03-29T21:47:00.089+0000] {logging_mixin.py:188} INFO - [2026-03-29T21:47:00.089+0000] {dag.py:3089} INFO - Sync 1 DAGs
[2026-03-29T21:47:00.134+0000] {logging_mixin.py:188} INFO - [2026-03-29T21:47:00.134+0000] {dag.py:3947} INFO - Setting next_dagrun for example_branch_dop_operator_v3 to 2026-03-29 21:46:00+00:00, run_after=2026-03-29 21:47:00+00:00
[2026-03-29T21:47:00.151+0000] {processor.py:183} INFO - Processing /home/airflow/.local/lib/python3.12/site-packages/airflow/example_dags/example_branch_python_dop_operator_3.py took 0.132 seconds
[2026-03-29T21:47:31.315+0000] {processor.py:161} INFO - Started process (PID=1786) to work on /home/airflow/.local/lib/python3.12/site-packages/airflow/example_dags/example_branch_python_dop_operator_3.py
[2026-03-29T21:47:31.318+0000] {processor.py:830} INFO - Processing file /home/airflow/.local/lib/python3.12/site-packages/airflow/example_dags/example_branch_python_dop_operator_3.py for tasks to queue
[2026-03-29T21:47:31.331+0000] {logging_mixin.py:188} INFO - [2026-03-29T21:47:31.331+0000] {dagbag.py:545} INFO - Filling up the DagBag from /home/airflow/.local/lib/python3.12/site-packages/airflow/example_dags/example_branch_python_dop_operator_3.py
[2026-03-29T21:47:31.345+0000] {processor.py:840} INFO - DAG(s) 'example_branch_dop_operator_v3' retrieved from /home/airflow/.local/lib/python3.12/site-packages/airflow/example_dags/example_branch_python_dop_operator_3.py
[2026-03-29T21:47:31.383+0000] {logging_mixin.py:188} INFO - [2026-03-29T21:47:31.383+0000] {dag.py:3089} INFO - Sync 1 DAGs
[2026-03-29T21:47:31.414+0000] {logging_mixin.py:188} INFO - [2026-03-29T21:47:31.414+0000] {dag.py:3947} INFO - Setting next_dagrun for example_branch_dop_operator_v3 to 2026-03-29 21:46:00+00:00, run_after=2026-03-29 21:47:00+00:00
[2026-03-29T21:47:31.433+0000] {processor.py:183} INFO - Processing /home/airflow/.local/lib/python3.12/site-packages/airflow/example_dags/example_branch_python_dop_operator_3.py took 0.139 seconds
[2026-03-29T21:48:01.733+0000] {processor.py:161} INFO - Started process (PID=1838) to work on /home/airflow/.local/lib/python3.12/site-packages/airflow/example_dags/example_branch_python_dop_operator_3.py
[2026-03-29T21:48:01.736+0000] {processor.py:830} INFO - Processing file /home/airflow/.local/lib/python3.12/site-packages/airflow/example_dags/example_branch_python_dop_operator_3.py for tasks to queue
[2026-03-29T21:48:01.738+0000] {logging_mixin.py:188} INFO - [2026-03-29T21:48:01.738+0000] {dagbag.py:545} INFO - Filling up the DagBag from /home/airflow/.local/lib/python3.12/site-packages/airflow/example_dags/example_branch_python_dop_operator_3.py
[2026-03-29T21:48:01.748+0000] {processor.py:840} INFO - DAG(s) 'example_branch_dop_operator_v3' retrieved from /home/airflow/.local/lib/python3.12/site-packages/airflow/example_dags/example_branch_python_dop_operator_3.py
[2026-03-29T21:48:01.768+0000] {logging_mixin.py:188} INFO - [2026-03-29T21:48:01.767+0000] {dag.py:3089} INFO - Sync 1 DAGs
[2026-03-29T21:48:01.787+0000] {logging_mixin.py:188} INFO - [2026-03-29T21:48:01.787+0000] {dag.py:3947} INFO - Setting next_dagrun for example_branch_dop_operator_v3 to 2026-03-29 21:47:00+00:00, run_after=2026-03-29 21:48:00+00:00
[2026-03-29T21:48:01.956+0000] {processor.py:183} INFO - Processing /home/airflow/.local/lib/python3.12/site-packages/airflow/example_dags/example_branch_python_dop_operator_3.py took 0.229 seconds
[2026-03-29T21:48:32.125+0000] {processor.py:161} INFO - Started process (PID=1890) to work on /home/airflow/.local/lib/python3.12/site-packages/airflow/example_dags/example_branch_python_dop_operator_3.py
[2026-03-29T21:48:32.127+0000] {processor.py:830} INFO - Processing file /home/airflow/.local/lib/python3.12/site-packages/airflow/example_dags/example_branch_python_dop_operator_3.py for tasks to queue
[2026-03-29T21:48:32.130+0000] {logging_mixin.py:188} INFO - [2026-03-29T21:48:32.129+0000] {dagbag.py:545} INFO - Filling up the DagBag from /home/airflow/.local/lib/python3.12/site-packages/airflow/example_dags/example_branch_python_dop_operator_3.py
[2026-03-29T21:48:32.135+0000] {processor.py:840} INFO - DAG(s) 'example_branch_dop_operator_v3' retrieved from /home/airflow/.local/lib/python3.12/site-packages/airflow/example_dags/example_branch_python_dop_operator_3.py
[2026-03-29T21:48:32.151+0000] {logging_mixin.py:188} INFO - [2026-03-29T21:48:32.151+0000] {dag.py:3089} INFO - Sync 1 DAGs
[2026-03-29T21:48:32.170+0000] {logging_mixin.py:188} INFO - [2026-03-29T21:48:32.170+0000] {dag.py:3947} INFO - Setting next_dagrun for example_branch_dop_operator_v3 to 2026-03-29 21:47:00+00:00, run_after=2026-03-29 21:48:00+00:00
[2026-03-29T21:48:32.187+0000] {processor.py:183} INFO - Processing /home/airflow/.local/lib/python3.12/site-packages/airflow/example_dags/example_branch_python_dop_operator_3.py took 0.067 seconds
[2026-03-29T21:49:03.199+0000] {processor.py:161} INFO - Started process (PID=1942) to work on /home/airflow/.local/lib/python3.12/site-packages/airflow/example_dags/example_branch_python_dop_operator_3.py
[2026-03-29T21:49:03.201+0000] {processor.py:830} INFO - Processing file /home/airflow/.local/lib/python3.12/site-packages/airflow/example_dags/example_branch_python_dop_operator_3.py for tasks to queue
[2026-03-29T21:49:03.203+0000] {logging_mixin.py:188} INFO - [2026-03-29T21:49:03.203+0000] {dagbag.py:545} INFO - Filling up the DagBag from /home/airflow/.local/lib/python3.12/site-packages/airflow/example_dags/example_branch_python_dop_operator_3.py
[2026-03-29T21:49:03.216+0000] {processor.py:840} INFO - DAG(s) 'example_branch_dop_operator_v3' retrieved from /home/airflow/.local/lib/python3.12/site-packages/airflow/example_dags/example_branch_python_dop_operator_3.py
[2026-03-29T21:49:03.238+0000] {logging_mixin.py:188} INFO - [2026-03-29T21:49:03.238+0000] {dag.py:3089} INFO - Sync 1 DAGs
[2026-03-29T21:49:03.264+0000] {logging_mixin.py:188} INFO - [2026-03-29T21:49:03.264+0000] {dag.py:3947} INFO - Setting next_dagrun for example_branch_dop_operator_v3 to 2026-03-29 21:48:00+00:00, run_after=2026-03-29 21:49:00+00:00
[2026-03-29T21:49:03.282+0000] {processor.py:183} INFO - Processing /home/airflow/.local/lib/python3.12/site-packages/airflow/example_dags/example_branch_python_dop_operator_3.py took 0.091 seconds
[2026-03-29T21:49:33.974+0000] {processor.py:161} INFO - Started process (PID=1994) to work on /home/airflow/.local/lib/python3.12/site-packages/airflow/example_dags/example_branch_python_dop_operator_3.py
[2026-03-29T21:49:33.975+0000] {processor.py:830} INFO - Processing file /home/airflow/.local/lib/python3.12/site-packages/airflow/example_dags/example_branch_python_dop_operator_3.py for tasks to queue
[2026-03-29T21:49:33.976+0000] {logging_mixin.py:188} INFO - [2026-03-29T21:49:33.976+0000] {dagbag.py:545} INFO - Filling up the DagBag from /home/airflow/.local/lib/python3.12/site-packages/airflow/example_dags/example_branch_python_dop_operator_3.py
[2026-03-29T21:49:33.983+0000] {processor.py:840} INFO - DAG(s) 'example_branch_dop_operator_v3' retrieved from /home/airflow/.local/lib/python3.12/site-packages/airflow/example_dags/example_branch_python_dop_operator_3.py
[2026-03-29T21:49:33.996+0000] {logging_mixin.py:188} INFO - [2026-03-29T21:49:33.996+0000] {dag.py:3089} INFO - Sync 1 DAGs
[2026-03-29T21:49:34.012+0000] {logging_mixin.py:188} INFO - [2026-03-29T21:49:34.012+0000] {dag.py:3947} INFO - Setting next_dagrun for example_branch_dop_operator_v3 to 2026-03-29 21:48:00+00:00, run_after=2026-03-29 21:49:00+00:00
[2026-03-29T21:49:34.023+0000] {processor.py:183} INFO - Processing /home/airflow/.local/lib/python3.12/site-packages/airflow/example_dags/example_branch_python_dop_operator_3.py took 0.054 seconds
[2026-03-29T21:50:04.998+0000] {processor.py:161} INFO - Started process (PID=2046) to work on /home/airflow/.local/lib/python3.12/site-packages/airflow/example_dags/example_branch_python_dop_operator_3.py
[2026-03-29T21:50:05.000+0000] {processor.py:830} INFO - Processing file /home/airflow/.local/lib/python3.12/site-packages/airflow/example_dags/example_branch_python_dop_operator_3.py for tasks to queue
[2026-03-29T21:50:05.002+0000] {logging_mixin.py:188} INFO - [2026-03-29T21:50:05.002+0000] {dagbag.py:545} INFO - Filling up the DagBag from /home/airflow/.local/lib/python3.12/site-packages/airflow/example_dags/example_branch_python_dop_operator_3.py
[2026-03-29T21:50:05.008+0000] {processor.py:840} INFO - DAG(s) 'example_branch_dop_operator_v3' retrieved from /home/airflow/.local/lib/python3.12/site-packages/airflow/example_dags/example_branch_python_dop_operator_3.py
[2026-03-29T21:50:05.028+0000] {logging_mixin.py:188} INFO - [2026-03-29T21:50:05.027+0000] {dag.py:3089} INFO - Sync 1 DAGs
[2026-03-29T21:50:05.050+0000] {logging_mixin.py:188} INFO - [2026-03-29T21:50:05.049+0000] {dag.py:3947} INFO - Setting next_dagrun for example_branch_dop_operator_v3 to 2026-03-29 21:49:00+00:00, run_after=2026-03-29 21:50:00+00:00
[2026-03-29T21:50:05.068+0000] {processor.py:183} INFO - Processing /home/airflow/.local/lib/python3.12/site-packages/airflow/example_dags/example_branch_python_dop_operator_3.py took 0.075 seconds
[2026-03-29T21:50:35.250+0000] {processor.py:161} INFO - Started process (PID=2098) to work on /home/airflow/.local/lib/python3.12/site-packages/airflow/example_dags/example_branch_python_dop_operator_3.py
[2026-03-29T21:50:35.251+0000] {processor.py:830} INFO - Processing file /home/airflow/.local/lib/python3.12/site-packages/airflow/example_dags/example_branch_python_dop_operator_3.py for tasks to queue
[2026-03-29T21:50:35.253+0000] {logging_mixin.py:188} INFO - [2026-03-29T21:50:35.253+0000] {dagbag.py:545} INFO - Filling up the DagBag from /home/airflow/.local/lib/python3.12/site-packages/airflow/example_dags/example_branch_python_dop_operator_3.py
[2026-03-29T21:50:35.262+0000] {processor.py:840} INFO - DAG(s) 'example_branch_dop_operator_v3' retrieved from /home/airflow/.local/lib/python3.12/site-packages/airflow/example_dags/example_branch_python_dop_operator_3.py
[2026-03-29T21:50:35.284+0000] {logging_mixin.py:188} INFO - [2026-03-29T21:50:35.284+0000] {dag.py:3089} INFO - Sync 1 DAGs
[2026-03-29T21:50:35.310+0000] {logging_mixin.py:188} INFO - [2026-03-29T21:50:35.310+0000] {dag.py:3947} INFO - Setting next_dagrun for example_branch_dop_operator_v3 to 2026-03-29 21:49:00+00:00, run_after=2026-03-29 21:50:00+00:00
[2026-03-29T21:50:35.334+0000] {processor.py:183} INFO - Processing /home/airflow/.local/lib/python3.12/site-packages/airflow/example_dags/example_branch_python_dop_operator_3.py took 0.088 seconds
[2026-03-29T21:51:05.502+0000] {processor.py:161} INFO - Started process (PID=2150) to work on /home/airflow/.local/lib/python3.12/site-packages/airflow/example_dags/example_branch_python_dop_operator_3.py
[2026-03-29T21:51:05.504+0000] {processor.py:830} INFO - Processing file /home/airflow/.local/lib/python3.12/site-packages/airflow/example_dags/example_branch_python_dop_operator_3.py for tasks to queue
[2026-03-29T21:51:05.505+0000] {logging_mixin.py:188} INFO - [2026-03-29T21:51:05.505+0000] {dagbag.py:545} INFO - Filling up the DagBag from /home/airflow/.local/lib/python3.12/site-packages/airflow/example_dags/example_branch_python_dop_operator_3.py
[2026-03-29T21:51:05.512+0000] {processor.py:840} INFO - DAG(s) 'example_branch_dop_operator_v3' retrieved from /home/airflow/.local/lib/python3.12/site-packages/airflow/example_dags/example_branch_python_dop_operator_3.py
[2026-03-29T21:51:05.530+0000] {logging_mixin.py:188} INFO - [2026-03-29T21:51:05.530+0000] {dag.py:3089} INFO - Sync 1 DAGs
[2026-03-29T21:51:05.548+0000] {logging_mixin.py:188} INFO - [2026-03-29T21:51:05.548+0000] {dag.py:3947} INFO - Setting next_dagrun for example_branch_dop_operator_v3 to 2026-03-29 21:50:00+00:00, run_after=2026-03-29 21:51:00+00:00
[2026-03-29T21:51:05.561+0000] {processor.py:183} INFO - Processing /home/airflow/.local/lib/python3.12/site-packages/airflow/example_dags/example_branch_python_dop_operator_3.py took 0.065 seconds
[2026-03-29T21:51:36.519+0000] {processor.py:161} INFO - Started process (PID=2200) to work on /home/airflow/.local/lib/python3.12/site-packages/airflow/example_dags/example_branch_python_dop_operator_3.py
[2026-03-29T21:51:36.520+0000] {processor.py:830} INFO - Processing file /home/airflow/.local/lib/python3.12/site-packages/airflow/example_dags/example_branch_python_dop_operator_3.py for tasks to queue
[2026-03-29T21:51:36.523+0000] {logging_mixin.py:188} INFO - [2026-03-29T21:51:36.522+0000] {dagbag.py:545} INFO - Filling up the DagBag from /home/airflow/.local/lib/python3.12/site-packages/airflow/example_dags/example_branch_python_dop_operator_3.py
[2026-03-29T21:51:36.528+0000] {processor.py:840} INFO - DAG(s) 'example_branch_dop_operator_v3' retrieved from /home/airflow/.local/lib/python3.12/site-packages/airflow/example_dags/example_branch_python_dop_operator_3.py
[2026-03-29T21:51:36.545+0000] {logging_mixin.py:188} INFO - [2026-03-29T21:51:36.545+0000] {dag.py:3089} INFO - Sync 1 DAGs
[2026-03-29T21:51:36.568+0000] {logging_mixin.py:188} INFO - [2026-03-29T21:51:36.568+0000] {dag.py:3947} INFO - Setting next_dagrun for example_branch_dop_operator_v3 to 2026-03-29 21:50:00+00:00, run_after=2026-03-29 21:51:00+00:00
[2026-03-29T21:51:36.583+0000] {processor.py:183} INFO - Processing /home/airflow/.local/lib/python3.12/site-packages/airflow/example_dags/example_branch_python_dop_operator_3.py took 0.069 seconds
[2026-03-29T21:52:06.875+0000] {processor.py:161} INFO - Started process (PID=2252) to work on /home/airflow/.local/lib/python3.12/site-packages/airflow/example_dags/example_branch_python_dop_operator_3.py
[2026-03-29T21:52:06.875+0000] {processor.py:830} INFO - Processing file /home/airflow/.local/lib/python3.12/site-packages/airflow/example_dags/example_branch_python_dop_operator_3.py for tasks to queue
[2026-03-29T21:52:06.877+0000] {logging_mixin.py:188} INFO - [2026-03-29T21:52:06.876+0000] {dagbag.py:545} INFO - Filling up the DagBag from /home/airflow/.local/lib/python3.12/site-packages/airflow/example_dags/example_branch_python_dop_operator_3.py
[2026-03-29T21:52:06.883+0000] {processor.py:840} INFO - DAG(s) 'example_branch_dop_operator_v3' retrieved from /home/airflow/.local/lib/python3.12/site-packages/airflow/example_dags/example_branch_python_dop_operator_3.py
[2026-03-29T21:52:06.901+0000] {logging_mixin.py:188} INFO - [2026-03-29T21:52:06.901+0000] {dag.py:3089} INFO - Sync 1 DAGs
[2026-03-29T21:52:06.925+0000] {logging_mixin.py:188} INFO - [2026-03-29T21:52:06.925+0000] {dag.py:3947} INFO - Setting next_dagrun for example_branch_dop_operator_v3 to 2026-03-29 21:51:00+00:00, run_after=2026-03-29 21:52:00+00:00
[2026-03-29T21:52:06.943+0000] {processor.py:183} INFO - Processing /home/airflow/.local/lib/python3.12/site-packages/airflow/example_dags/example_branch_python_dop_operator_3.py took 0.074 seconds
[2026-03-29T21:52:37.357+0000] {processor.py:161} INFO - Started process (PID=2304) to work on /home/airflow/.local/lib/python3.12/site-packages/airflow/example_dags/example_branch_python_dop_operator_3.py
[2026-03-29T21:52:37.358+0000] {processor.py:830} INFO - Processing file /home/airflow/.local/lib/python3.12/site-packages/airflow/example_dags/example_branch_python_dop_operator_3.py for tasks to queue
[2026-03-29T21:52:37.359+0000] {logging_mixin.py:188} INFO - [2026-03-29T21:52:37.359+0000] {dagbag.py:545} INFO - Filling up the DagBag from /home/airflow/.local/lib/python3.12/site-packages/airflow/example_dags/example_branch_python_dop_operator_3.py
[2026-03-29T21:52:37.366+0000] {processor.py:840} INFO - DAG(s) 'example_branch_dop_operator_v3' retrieved from /home/airflow/.local/lib/python3.12/site-packages/airflow/example_dags/example_branch_python_dop_operator_3.py
[2026-03-29T21:52:37.381+0000] {logging_mixin.py:188} INFO - [2026-03-29T21:52:37.381+0000] {dag.py:3089} INFO - Sync 1 DAGs
[2026-03-29T21:52:37.399+0000] {logging_mixin.py:188} INFO - [2026-03-29T21:52:37.399+0000] {dag.py:3947} INFO - Setting next_dagrun for example_branch_dop_operator_v3 to 2026-03-29 21:51:00+00:00, run_after=2026-03-29 21:52:00+00:00
[2026-03-29T21:52:37.419+0000] {processor.py:183} INFO - Processing /home/airflow/.local/lib/python3.12/site-packages/airflow/example_dags/example_branch_python_dop_operator_3.py took 0.067 seconds
[2026-03-29T21:53:08.207+0000] {processor.py:161} INFO - Started process (PID=2356) to work on /home/airflow/.local/lib/python3.12/site-packages/airflow/example_dags/example_branch_python_dop_operator_3.py
[2026-03-29T21:53:08.208+0000] {processor.py:830} INFO - Processing file /home/airflow/.local/lib/python3.12/site-packages/airflow/example_dags/example_branch_python_dop_operator_3.py for tasks to queue
[2026-03-29T21:53:08.210+0000] {logging_mixin.py:188} INFO - [2026-03-29T21:53:08.209+0000] {dagbag.py:545} INFO - Filling up the DagBag from /home/airflow/.local/lib/python3.12/site-packages/airflow/example_dags/example_branch_python_dop_operator_3.py
[2026-03-29T21:53:08.218+0000] {processor.py:840} INFO - DAG(s) 'example_branch_dop_operator_v3' retrieved from /home/airflow/.local/lib/python3.12/site-packages/airflow/example_dags/example_branch_python_dop_operator_3.py
[2026-03-29T21:53:08.237+0000] {logging_mixin.py:188} INFO - [2026-03-29T21:53:08.236+0000] {dag.py:3089} INFO - Sync 1 DAGs
[2026-03-29T21:53:08.255+0000] {logging_mixin.py:188} INFO - [2026-03-29T21:53:08.255+0000] {dag.py:3947} INFO - Setting next_dagrun for example_branch_dop_operator_v3 to 2026-03-29 21:52:00+00:00, run_after=2026-03-29 21:53:00+00:00
[2026-03-29T21:53:08.268+0000] {processor.py:183} INFO - Processing /home/airflow/.local/lib/python3.12/site-packages/airflow/example_dags/example_branch_python_dop_operator_3.py took 0.067 seconds
[2026-03-29T21:53:39.128+0000] {processor.py:161} INFO - Started process (PID=2408) to work on /home/airflow/.local/lib/python3.12/site-packages/airflow/example_dags/example_branch_python_dop_operator_3.py
[2026-03-29T21:53:39.129+0000] {processor.py:830} INFO - Processing file /home/airflow/.local/lib/python3.12/site-packages/airflow/example_dags/example_branch_python_dop_operator_3.py for tasks to queue
[2026-03-29T21:53:39.130+0000] {logging_mixin.py:188} INFO - [2026-03-29T21:53:39.130+0000] {dagbag.py:545} INFO - Filling up the DagBag from /home/airflow/.local/lib/python3.12/site-packages/airflow/example_dags/example_branch_python_dop_operator_3.py
[2026-03-29T21:53:39.136+0000] {processor.py:840} INFO - DAG(s) 'example_branch_dop_operator_v3' retrieved from /home/airflow/.local/lib/python3.12/site-packages/airflow/example_dags/example_branch_python_dop_operator_3.py
[2026-03-29T21:53:39.149+0000] {logging_mixin.py:188} INFO - [2026-03-29T21:53:39.149+0000] {dag.py:3089} INFO - Sync 1 DAGs
[2026-03-29T21:53:39.165+0000] {logging_mixin.py:188} INFO - [2026-03-29T21:53:39.165+0000] {dag.py:3947} INFO - Setting next_dagrun for example_branch_dop_operator_v3 to 2026-03-29 21:52:00+00:00, run_after=2026-03-29 21:53:00+00:00
[2026-03-29T21:53:39.176+0000] {processor.py:183} INFO - Processing /home/airflow/.local/lib/python3.12/site-packages/airflow/example_dags/example_branch_python_dop_operator_3.py took 0.052 seconds
[2026-03-29T21:54:09.423+0000] {processor.py:161} INFO - Started process (PID=2460) to work on /home/airflow/.local/lib/python3.12/site-packages/airflow/example_dags/example_branch_python_dop_operator_3.py
[2026-03-29T21:54:09.424+0000] {processor.py:830} INFO - Processing file /home/airflow/.local/lib/python3.12/site-packages/airflow/example_dags/example_branch_python_dop_operator_3.py for tasks to queue
[2026-03-29T21:54:09.427+0000] {logging_mixin.py:188} INFO - [2026-03-29T21:54:09.427+0000] {dagbag.py:545} INFO - Filling up the DagBag from /home/airflow/.local/lib/python3.12/site-packages/airflow/example_dags/example_branch_python_dop_operator_3.py
[2026-03-29T21:54:09.435+0000] {processor.py:840} INFO - DAG(s) 'example_branch_dop_operator_v3' retrieved from /home/airflow/.local/lib/python3.12/site-packages/airflow/example_dags/example_branch_python_dop_operator_3.py
[2026-03-29T21:54:09.456+0000] {logging_mixin.py:188} INFO - [2026-03-29T21:54:09.456+0000] {dag.py:3089} INFO - Sync 1 DAGs
[2026-03-29T21:54:09.480+0000] {logging_mixin.py:188} INFO - [2026-03-29T21:54:09.480+0000] {dag.py:3947} INFO - Setting next_dagrun for example_branch_dop_operator_v3 to 2026-03-29 21:53:00+00:00, run_after=2026-03-29 21:54:00+00:00
[2026-03-29T21:54:09.494+0000] {processor.py:183} INFO - Processing /home/airflow/.local/lib/python3.12/site-packages/airflow/example_dags/example_branch_python_dop_operator_3.py took 0.074 seconds
[2026-03-29T21:54:40.482+0000] {processor.py:161} INFO - Started process (PID=2512) to work on /home/airflow/.local/lib/python3.12/site-packages/airflow/example_dags/example_branch_python_dop_operator_3.py
[2026-03-29T21:54:40.483+0000] {processor.py:830} INFO - Processing file /home/airflow/.local/lib/python3.12/site-packages/airflow/example_dags/example_branch_python_dop_operator_3.py for tasks to queue
[2026-03-29T21:54:40.485+0000] {logging_mixin.py:188} INFO - [2026-03-29T21:54:40.484+0000] {dagbag.py:545} INFO - Filling up the DagBag from /home/airflow/.local/lib/python3.12/site-packages/airflow/example_dags/example_branch_python_dop_operator_3.py
[2026-03-29T21:54:40.495+0000] {processor.py:840} INFO - DAG(s) 'example_branch_dop_operator_v3' retrieved from /home/airflow/.local/lib/python3.12/site-packages/airflow/example_dags/example_branch_python_dop_operator_3.py
[2026-03-29T21:54:40.515+0000] {logging_mixin.py:188} INFO - [2026-03-29T21:54:40.515+0000] {dag.py:3089} INFO - Sync 1 DAGs
[2026-03-29T21:54:40.535+0000] {logging_mixin.py:188} INFO - [2026-03-29T21:54:40.535+0000] {dag.py:3947} INFO - Setting next_dagrun for example_branch_dop_operator_v3 to 2026-03-29 21:53:00+00:00, run_after=2026-03-29 21:54:00+00:00
[2026-03-29T21:54:40.549+0000] {processor.py:183} INFO - Processing /home/airflow/.local/lib/python3.12/site-packages/airflow/example_dags/example_branch_python_dop_operator_3.py took 0.074 seconds
[2026-03-29T21:55:11.240+0000] {processor.py:161} INFO - Started process (PID=2564) to work on /home/airflow/.local/lib/python3.12/site-packages/airflow/example_dags/example_branch_python_dop_operator_3.py
[2026-03-29T21:55:11.241+0000] {processor.py:830} INFO - Processing file /home/airflow/.local/lib/python3.12/site-packages/airflow/example_dags/example_branch_python_dop_operator_3.py for tasks to queue
[2026-03-29T21:55:11.243+0000] {logging_mixin.py:188} INFO - [2026-03-29T21:55:11.243+0000] {dagbag.py:545} INFO - Filling up the DagBag from /home/airflow/.local/lib/python3.12/site-packages/airflow/example_dags/example_branch_python_dop_operator_3.py
[2026-03-29T21:55:11.251+0000] {processor.py:840} INFO - DAG(s) 'example_branch_dop_operator_v3' retrieved from /home/airflow/.local/lib/python3.12/site-packages/airflow/example_dags/example_branch_python_dop_operator_3.py
[2026-03-29T21:55:11.272+0000] {logging_mixin.py:188} INFO - [2026-03-29T21:55:11.272+0000] {dag.py:3089} INFO - Sync 1 DAGs
[2026-03-29T21:55:11.293+0000] {logging_mixin.py:188} INFO - [2026-03-29T21:55:11.293+0000] {dag.py:3947} INFO - Setting next_dagrun for example_branch_dop_operator_v3 to 2026-03-29 21:54:00+00:00, run_after=2026-03-29 21:55:00+00:00
[2026-03-29T21:55:11.307+0000] {processor.py:183} INFO - Processing /home/airflow/.local/lib/python3.12/site-packages/airflow/example_dags/example_branch_python_dop_operator_3.py took 0.072 seconds
[2026-03-29T21:55:42.024+0000] {processor.py:161} INFO - Started process (PID=2616) to work on /home/airflow/.local/lib/python3.12/site-packages/airflow/example_dags/example_branch_python_dop_operator_3.py
[2026-03-29T21:55:42.025+0000] {processor.py:830} INFO - Processing file /home/airflow/.local/lib/python3.12/site-packages/airflow/example_dags/example_branch_python_dop_operator_3.py for tasks to queue
[2026-03-29T21:55:42.026+0000] {logging_mixin.py:188} INFO - [2026-03-29T21:55:42.026+0000] {dagbag.py:545} INFO - Filling up the DagBag from /home/airflow/.local/lib/python3.12/site-packages/airflow/example_dags/example_branch_python_dop_operator_3.py
[2026-03-29T21:55:42.035+0000] {processor.py:840} INFO - DAG(s) 'example_branch_dop_operator_v3' retrieved from /home/airflow/.local/lib/python3.12/site-packages/airflow/example_dags/example_branch_python_dop_operator_3.py
[2026-03-29T21:55:42.053+0000] {logging_mixin.py:188} INFO - [2026-03-29T21:55:42.053+0000] {dag.py:3089} INFO - Sync 1 DAGs
[2026-03-29T21:55:42.083+0000] {logging_mixin.py:188} INFO - [2026-03-29T21:55:42.083+0000] {dag.py:3947} INFO - Setting next_dagrun for example_branch_dop_operator_v3 to 2026-03-29 21:54:00+00:00, run_after=2026-03-29 21:55:00+00:00
[2026-03-29T21:55:42.107+0000] {processor.py:183} INFO - Processing /home/airflow/.local/lib/python3.12/site-packages/airflow/example_dags/example_branch_python_dop_operator_3.py took 0.088 seconds
[2026-03-29T21:56:12.771+0000] {processor.py:161} INFO - Started process (PID=2668) to work on /home/airflow/.local/lib/python3.12/site-packages/airflow/example_dags/example_branch_python_dop_operator_3.py
[2026-03-29T21:56:12.772+0000] {processor.py:830} INFO - Processing file /home/airflow/.local/lib/python3.12/site-packages/airflow/example_dags/example_branch_python_dop_operator_3.py for tasks to queue
[2026-03-29T21:56:12.775+0000] {logging_mixin.py:188} INFO - [2026-03-29T21:56:12.775+0000] {dagbag.py:545} INFO - Filling up the DagBag from /home/airflow/.local/lib/python3.12/site-packages/airflow/example_dags/example_branch_python_dop_operator_3.py
[2026-03-29T21:56:12.781+0000] {processor.py:840} INFO - DAG(s) 'example_branch_dop_operator_v3' retrieved from /home/airflow/.local/lib/python3.12/site-packages/airflow/example_dags/example_branch_python_dop_operator_3.py
[2026-03-29T21:56:12.799+0000] {logging_mixin.py:188} INFO - [2026-03-29T21:56:12.799+0000] {dag.py:3089} INFO - Sync 1 DAGs
[2026-03-29T21:56:12.821+0000] {logging_mixin.py:188} INFO - [2026-03-29T21:56:12.821+0000] {dag.py:3947} INFO - Setting next_dagrun for example_branch_dop_operator_v3 to 2026-03-29 21:55:00+00:00, run_after=2026-03-29 21:56:00+00:00
[2026-03-29T21:56:12.834+0000] {processor.py:183} INFO - Processing /home/airflow/.local/lib/python3.12/site-packages/airflow/example_dags/example_branch_python_dop_operator_3.py took 0.070 seconds
[2026-03-29T21:56:43.697+0000] {processor.py:161} INFO - Started process (PID=2720) to work on /home/airflow/.local/lib/python3.12/site-packages/airflow/example_dags/example_branch_python_dop_operator_3.py
[2026-03-29T21:56:43.699+0000] {processor.py:830} INFO - Processing file /home/airflow/.local/lib/python3.12/site-packages/airflow/example_dags/example_branch_python_dop_operator_3.py for tasks to queue
[2026-03-29T21:56:43.700+0000] {logging_mixin.py:188} INFO - [2026-03-29T21:56:43.700+0000] {dagbag.py:545} INFO - Filling up the DagBag from /home/airflow/.local/lib/python3.12/site-packages/airflow/example_dags/example_branch_python_dop_operator_3.py
[2026-03-29T21:56:43.712+0000] {processor.py:840} INFO - DAG(s) 'example_branch_dop_operator_v3' retrieved from /home/airflow/.local/lib/python3.12/site-packages/airflow/example_dags/example_branch_python_dop_operator_3.py
[2026-03-29T21:56:43.738+0000] {logging_mixin.py:188} INFO - [2026-03-29T21:56:43.738+0000] {dag.py:3089} INFO - Sync 1 DAGs
[2026-03-29T21:56:43.765+0000] {logging_mixin.py:188} INFO - [2026-03-29T21:56:43.765+0000] {dag.py:3947} INFO - Setting next_dagrun for example_branch_dop_operator_v3 to 2026-03-29 21:55:00+00:00, run_after=2026-03-29 21:56:00+00:00
[2026-03-29T21:56:43.803+0000] {processor.py:183} INFO - Processing /home/airflow/.local/lib/python3.12/site-packages/airflow/example_dags/example_branch_python_dop_operator_3.py took 0.112 seconds
[2026-03-29T21:57:14.305+0000] {processor.py:161} INFO - Started process (PID=2772) to work on /home/airflow/.local/lib/python3.12/site-packages/airflow/example_dags/example_branch_python_dop_operator_3.py
[2026-03-29T21:57:14.306+0000] {processor.py:830} INFO - Processing file /home/airflow/.local/lib/python3.12/site-packages/airflow/example_dags/example_branch_python_dop_operator_3.py for tasks to queue
[2026-03-29T21:57:14.307+0000] {logging_mixin.py:188} INFO - [2026-03-29T21:57:14.307+0000] {dagbag.py:545} INFO - Filling up the DagBag from /home/airflow/.local/lib/python3.12/site-packages/airflow/example_dags/example_branch_python_dop_operator_3.py
[2026-03-29T21:57:14.313+0000] {processor.py:840} INFO - DAG(s) 'example_branch_dop_operator_v3' retrieved from /home/airflow/.local/lib/python3.12/site-packages/airflow/example_dags/example_branch_python_dop_operator_3.py
[2026-03-29T21:57:14.333+0000] {logging_mixin.py:188} INFO - [2026-03-29T21:57:14.333+0000] {dag.py:3089} INFO - Sync 1 DAGs
[2026-03-29T21:57:14.349+0000] {logging_mixin.py:188} INFO - [2026-03-29T21:57:14.349+0000] {dag.py:3947} INFO - Setting next_dagrun for example_branch_dop_operator_v3 to 2026-03-29 21:56:00+00:00, run_after=2026-03-29 21:57:00+00:00
[2026-03-29T21:57:14.361+0000] {processor.py:183} INFO - Processing /home/airflow/.local/lib/python3.12/site-packages/airflow/example_dags/example_branch_python_dop_operator_3.py took 0.063 seconds
[2026-03-29T21:57:45.372+0000] {processor.py:161} INFO - Started process (PID=2824) to work on /home/airflow/.local/lib/python3.12/site-packages/airflow/example_dags/example_branch_python_dop_operator_3.py
[2026-03-29T21:57:45.373+0000] {processor.py:830} INFO - Processing file /home/airflow/.local/lib/python3.12/site-packages/airflow/example_dags/example_branch_python_dop_operator_3.py for tasks to queue
[2026-03-29T21:57:45.376+0000] {logging_mixin.py:188} INFO - [2026-03-29T21:57:45.375+0000] {dagbag.py:545} INFO - Filling up the DagBag from /home/airflow/.local/lib/python3.12/site-packages/airflow/example_dags/example_branch_python_dop_operator_3.py
[2026-03-29T21:57:45.382+0000] {processor.py:840} INFO - DAG(s) 'example_branch_dop_operator_v3' retrieved from /home/airflow/.local/lib/python3.12/site-packages/airflow/example_dags/example_branch_python_dop_operator_3.py
[2026-03-29T21:57:45.399+0000] {logging_mixin.py:188} INFO - [2026-03-29T21:57:45.399+0000] {dag.py:3089} INFO - Sync 1 DAGs
[2026-03-29T21:57:45.420+0000] {logging_mixin.py:188} INFO - [2026-03-29T21:57:45.420+0000] {dag.py:3947} INFO - Setting next_dagrun for example_branch_dop_operator_v3 to 2026-03-29 21:56:00+00:00, run_after=2026-03-29 21:57:00+00:00
[2026-03-29T21:57:45.440+0000] {processor.py:183} INFO - Processing /home/airflow/.local/lib/python3.12/site-packages/airflow/example_dags/example_branch_python_dop_operator_3.py took 0.072 seconds
