[2026-03-29T21:30:32.714+0000] {processor.py:161} INFO - Started process (PID=52) to work on /home/airflow/.local/lib/python3.12/site-packages/airflow/example_dags/example_display_name.py
[2026-03-29T21:30:32.717+0000] {processor.py:830} INFO - Processing file /home/airflow/.local/lib/python3.12/site-packages/airflow/example_dags/example_display_name.py for tasks to queue
[2026-03-29T21:30:32.722+0000] {logging_mixin.py:188} INFO - [2026-03-29T21:30:32.720+0000] {dagbag.py:545} INFO - Filling up the DagBag from /home/airflow/.local/lib/python3.12/site-packages/airflow/example_dags/example_display_name.py
[2026-03-29T21:30:32.733+0000] {processor.py:840} INFO - DAG(s) 'example_display_name' retrieved from /home/airflow/.local/lib/python3.12/site-packages/airflow/example_dags/example_display_name.py
[2026-03-29T21:30:32.766+0000] {logging_mixin.py:188} INFO - [2026-03-29T21:30:32.765+0000] {dag.py:3089} INFO - Sync 1 DAGs
[2026-03-29T21:30:32.803+0000] {logging_mixin.py:188} INFO - [2026-03-29T21:30:32.802+0000] {dag.py:3947} INFO - Setting next_dagrun for example_display_name to None, run_after=None
[2026-03-29T21:30:32.856+0000] {processor.py:183} INFO - Processing /home/airflow/.local/lib/python3.12/site-packages/airflow/example_dags/example_display_name.py took 0.155 seconds
[2026-03-29T21:31:03.781+0000] {processor.py:161} INFO - Started process (PID=104) to work on /home/airflow/.local/lib/python3.12/site-packages/airflow/example_dags/example_display_name.py
[2026-03-29T21:31:03.783+0000] {processor.py:830} INFO - Processing file /home/airflow/.local/lib/python3.12/site-packages/airflow/example_dags/example_display_name.py for tasks to queue
[2026-03-29T21:31:03.788+0000] {logging_mixin.py:188} INFO - [2026-03-29T21:31:03.787+0000] {dagbag.py:545} INFO - Filling up the DagBag from /home/airflow/.local/lib/python3.12/site-packages/airflow/example_dags/example_display_name.py
[2026-03-29T21:31:03.797+0000] {processor.py:840} INFO - DAG(s) 'example_display_name' retrieved from /home/airflow/.local/lib/python3.12/site-packages/airflow/example_dags/example_display_name.py
[2026-03-29T21:31:03.965+0000] {logging_mixin.py:188} INFO - [2026-03-29T21:31:03.965+0000] {dag.py:3089} INFO - Sync 1 DAGs
[2026-03-29T21:31:03.990+0000] {logging_mixin.py:188} INFO - [2026-03-29T21:31:03.989+0000] {dag.py:3947} INFO - Setting next_dagrun for example_display_name to None, run_after=None
[2026-03-29T21:31:04.031+0000] {processor.py:183} INFO - Processing /home/airflow/.local/lib/python3.12/site-packages/airflow/example_dags/example_display_name.py took 0.258 seconds
[2026-03-29T21:31:34.284+0000] {processor.py:161} INFO - Started process (PID=156) to work on /home/airflow/.local/lib/python3.12/site-packages/airflow/example_dags/example_display_name.py
[2026-03-29T21:31:34.285+0000] {processor.py:830} INFO - Processing file /home/airflow/.local/lib/python3.12/site-packages/airflow/example_dags/example_display_name.py for tasks to queue
[2026-03-29T21:31:34.288+0000] {logging_mixin.py:188} INFO - [2026-03-29T21:31:34.287+0000] {dagbag.py:545} INFO - Filling up the DagBag from /home/airflow/.local/lib/python3.12/site-packages/airflow/example_dags/example_display_name.py
[2026-03-29T21:31:34.296+0000] {processor.py:840} INFO - DAG(s) 'example_display_name' retrieved from /home/airflow/.local/lib/python3.12/site-packages/airflow/example_dags/example_display_name.py
[2026-03-29T21:31:34.334+0000] {logging_mixin.py:188} INFO - [2026-03-29T21:31:34.334+0000] {dag.py:3089} INFO - Sync 1 DAGs
[2026-03-29T21:31:34.352+0000] {logging_mixin.py:188} INFO - [2026-03-29T21:31:34.352+0000] {dag.py:3947} INFO - Setting next_dagrun for example_display_name to None, run_after=None
[2026-03-29T21:31:34.369+0000] {processor.py:183} INFO - Processing /home/airflow/.local/lib/python3.12/site-packages/airflow/example_dags/example_display_name.py took 0.094 seconds
[2026-03-29T21:32:05.894+0000] {processor.py:161} INFO - Started process (PID=208) to work on /home/airflow/.local/lib/python3.12/site-packages/airflow/example_dags/example_display_name.py
[2026-03-29T21:32:05.896+0000] {processor.py:830} INFO - Processing file /home/airflow/.local/lib/python3.12/site-packages/airflow/example_dags/example_display_name.py for tasks to queue
[2026-03-29T21:32:05.898+0000] {logging_mixin.py:188} INFO - [2026-03-29T21:32:05.897+0000] {dagbag.py:545} INFO - Filling up the DagBag from /home/airflow/.local/lib/python3.12/site-packages/airflow/example_dags/example_display_name.py
[2026-03-29T21:32:05.903+0000] {processor.py:840} INFO - DAG(s) 'example_display_name' retrieved from /home/airflow/.local/lib/python3.12/site-packages/airflow/example_dags/example_display_name.py
[2026-03-29T21:32:05.934+0000] {logging_mixin.py:188} INFO - [2026-03-29T21:32:05.933+0000] {dag.py:3089} INFO - Sync 1 DAGs
[2026-03-29T21:32:05.948+0000] {logging_mixin.py:188} INFO - [2026-03-29T21:32:05.948+0000] {dag.py:3947} INFO - Setting next_dagrun for example_display_name to None, run_after=None
[2026-03-29T21:32:05.967+0000] {processor.py:183} INFO - Processing /home/airflow/.local/lib/python3.12/site-packages/airflow/example_dags/example_display_name.py took 0.079 seconds
[2026-03-29T21:32:36.073+0000] {processor.py:161} INFO - Started process (PID=260) to work on /home/airflow/.local/lib/python3.12/site-packages/airflow/example_dags/example_display_name.py
[2026-03-29T21:32:36.075+0000] {processor.py:830} INFO - Processing file /home/airflow/.local/lib/python3.12/site-packages/airflow/example_dags/example_display_name.py for tasks to queue
[2026-03-29T21:32:36.080+0000] {logging_mixin.py:188} INFO - [2026-03-29T21:32:36.080+0000] {dagbag.py:545} INFO - Filling up the DagBag from /home/airflow/.local/lib/python3.12/site-packages/airflow/example_dags/example_display_name.py
[2026-03-29T21:32:36.087+0000] {processor.py:840} INFO - DAG(s) 'example_display_name' retrieved from /home/airflow/.local/lib/python3.12/site-packages/airflow/example_dags/example_display_name.py
[2026-03-29T21:32:36.105+0000] {logging_mixin.py:188} INFO - [2026-03-29T21:32:36.105+0000] {dag.py:3089} INFO - Sync 1 DAGs
[2026-03-29T21:32:36.117+0000] {logging_mixin.py:188} INFO - [2026-03-29T21:32:36.116+0000] {dag.py:3947} INFO - Setting next_dagrun for example_display_name to None, run_after=None
[2026-03-29T21:32:36.131+0000] {processor.py:183} INFO - Processing /home/airflow/.local/lib/python3.12/site-packages/airflow/example_dags/example_display_name.py took 0.063 seconds
[2026-03-29T21:33:06.599+0000] {processor.py:161} INFO - Started process (PID=312) to work on /home/airflow/.local/lib/python3.12/site-packages/airflow/example_dags/example_display_name.py
[2026-03-29T21:33:06.602+0000] {processor.py:830} INFO - Processing file /home/airflow/.local/lib/python3.12/site-packages/airflow/example_dags/example_display_name.py for tasks to queue
[2026-03-29T21:33:06.604+0000] {logging_mixin.py:188} INFO - [2026-03-29T21:33:06.604+0000] {dagbag.py:545} INFO - Filling up the DagBag from /home/airflow/.local/lib/python3.12/site-packages/airflow/example_dags/example_display_name.py
[2026-03-29T21:33:06.608+0000] {processor.py:840} INFO - DAG(s) 'example_display_name' retrieved from /home/airflow/.local/lib/python3.12/site-packages/airflow/example_dags/example_display_name.py
[2026-03-29T21:33:06.631+0000] {logging_mixin.py:188} INFO - [2026-03-29T21:33:06.631+0000] {dag.py:3089} INFO - Sync 1 DAGs
[2026-03-29T21:33:06.643+0000] {logging_mixin.py:188} INFO - [2026-03-29T21:33:06.643+0000] {dag.py:3947} INFO - Setting next_dagrun for example_display_name to None, run_after=None
[2026-03-29T21:33:06.661+0000] {processor.py:183} INFO - Processing /home/airflow/.local/lib/python3.12/site-packages/airflow/example_dags/example_display_name.py took 0.066 seconds
[2026-03-29T21:33:37.273+0000] {processor.py:161} INFO - Started process (PID=364) to work on /home/airflow/.local/lib/python3.12/site-packages/airflow/example_dags/example_display_name.py
[2026-03-29T21:33:37.275+0000] {processor.py:830} INFO - Processing file /home/airflow/.local/lib/python3.12/site-packages/airflow/example_dags/example_display_name.py for tasks to queue
[2026-03-29T21:33:37.279+0000] {logging_mixin.py:188} INFO - [2026-03-29T21:33:37.278+0000] {dagbag.py:545} INFO - Filling up the DagBag from /home/airflow/.local/lib/python3.12/site-packages/airflow/example_dags/example_display_name.py
[2026-03-29T21:33:37.284+0000] {processor.py:840} INFO - DAG(s) 'example_display_name' retrieved from /home/airflow/.local/lib/python3.12/site-packages/airflow/example_dags/example_display_name.py
[2026-03-29T21:33:37.310+0000] {logging_mixin.py:188} INFO - [2026-03-29T21:33:37.310+0000] {dag.py:3089} INFO - Sync 1 DAGs
[2026-03-29T21:33:37.327+0000] {logging_mixin.py:188} INFO - [2026-03-29T21:33:37.327+0000] {dag.py:3947} INFO - Setting next_dagrun for example_display_name to None, run_after=None
[2026-03-29T21:33:37.361+0000] {processor.py:183} INFO - Processing /home/airflow/.local/lib/python3.12/site-packages/airflow/example_dags/example_display_name.py took 0.094 seconds
[2026-03-29T21:34:07.977+0000] {processor.py:161} INFO - Started process (PID=416) to work on /home/airflow/.local/lib/python3.12/site-packages/airflow/example_dags/example_display_name.py
[2026-03-29T21:34:07.978+0000] {processor.py:830} INFO - Processing file /home/airflow/.local/lib/python3.12/site-packages/airflow/example_dags/example_display_name.py for tasks to queue
[2026-03-29T21:34:07.979+0000] {logging_mixin.py:188} INFO - [2026-03-29T21:34:07.979+0000] {dagbag.py:545} INFO - Filling up the DagBag from /home/airflow/.local/lib/python3.12/site-packages/airflow/example_dags/example_display_name.py
[2026-03-29T21:34:07.983+0000] {processor.py:840} INFO - DAG(s) 'example_display_name' retrieved from /home/airflow/.local/lib/python3.12/site-packages/airflow/example_dags/example_display_name.py
[2026-03-29T21:34:08.003+0000] {logging_mixin.py:188} INFO - [2026-03-29T21:34:08.002+0000] {dag.py:3089} INFO - Sync 1 DAGs
[2026-03-29T21:34:08.021+0000] {logging_mixin.py:188} INFO - [2026-03-29T21:34:08.020+0000] {dag.py:3947} INFO - Setting next_dagrun for example_display_name to None, run_after=None
[2026-03-29T21:34:08.056+0000] {processor.py:183} INFO - Processing /home/airflow/.local/lib/python3.12/site-packages/airflow/example_dags/example_display_name.py took 0.084 seconds
[2026-03-29T21:34:38.395+0000] {processor.py:161} INFO - Started process (PID=468) to work on /home/airflow/.local/lib/python3.12/site-packages/airflow/example_dags/example_display_name.py
[2026-03-29T21:34:38.396+0000] {processor.py:830} INFO - Processing file /home/airflow/.local/lib/python3.12/site-packages/airflow/example_dags/example_display_name.py for tasks to queue
[2026-03-29T21:34:38.398+0000] {logging_mixin.py:188} INFO - [2026-03-29T21:34:38.398+0000] {dagbag.py:545} INFO - Filling up the DagBag from /home/airflow/.local/lib/python3.12/site-packages/airflow/example_dags/example_display_name.py
[2026-03-29T21:34:38.405+0000] {processor.py:840} INFO - DAG(s) 'example_display_name' retrieved from /home/airflow/.local/lib/python3.12/site-packages/airflow/example_dags/example_display_name.py
[2026-03-29T21:34:38.424+0000] {logging_mixin.py:188} INFO - [2026-03-29T21:34:38.424+0000] {dag.py:3089} INFO - Sync 1 DAGs
[2026-03-29T21:34:38.437+0000] {logging_mixin.py:188} INFO - [2026-03-29T21:34:38.436+0000] {dag.py:3947} INFO - Setting next_dagrun for example_display_name to None, run_after=None
[2026-03-29T21:34:38.458+0000] {processor.py:183} INFO - Processing /home/airflow/.local/lib/python3.12/site-packages/airflow/example_dags/example_display_name.py took 0.068 seconds
[2026-03-29T21:35:09.444+0000] {processor.py:161} INFO - Started process (PID=520) to work on /home/airflow/.local/lib/python3.12/site-packages/airflow/example_dags/example_display_name.py
[2026-03-29T21:35:09.447+0000] {processor.py:830} INFO - Processing file /home/airflow/.local/lib/python3.12/site-packages/airflow/example_dags/example_display_name.py for tasks to queue
[2026-03-29T21:35:09.449+0000] {logging_mixin.py:188} INFO - [2026-03-29T21:35:09.449+0000] {dagbag.py:545} INFO - Filling up the DagBag from /home/airflow/.local/lib/python3.12/site-packages/airflow/example_dags/example_display_name.py
[2026-03-29T21:35:09.456+0000] {processor.py:840} INFO - DAG(s) 'example_display_name' retrieved from /home/airflow/.local/lib/python3.12/site-packages/airflow/example_dags/example_display_name.py
[2026-03-29T21:35:09.474+0000] {logging_mixin.py:188} INFO - [2026-03-29T21:35:09.474+0000] {dag.py:3089} INFO - Sync 1 DAGs
[2026-03-29T21:35:09.485+0000] {logging_mixin.py:188} INFO - [2026-03-29T21:35:09.485+0000] {dag.py:3947} INFO - Setting next_dagrun for example_display_name to None, run_after=None
[2026-03-29T21:35:09.506+0000] {processor.py:183} INFO - Processing /home/airflow/.local/lib/python3.12/site-packages/airflow/example_dags/example_display_name.py took 0.067 seconds
[2026-03-29T21:35:40.334+0000] {processor.py:161} INFO - Started process (PID=572) to work on /home/airflow/.local/lib/python3.12/site-packages/airflow/example_dags/example_display_name.py
[2026-03-29T21:35:40.337+0000] {processor.py:830} INFO - Processing file /home/airflow/.local/lib/python3.12/site-packages/airflow/example_dags/example_display_name.py for tasks to queue
[2026-03-29T21:35:40.338+0000] {logging_mixin.py:188} INFO - [2026-03-29T21:35:40.338+0000] {dagbag.py:545} INFO - Filling up the DagBag from /home/airflow/.local/lib/python3.12/site-packages/airflow/example_dags/example_display_name.py
[2026-03-29T21:35:40.342+0000] {processor.py:840} INFO - DAG(s) 'example_display_name' retrieved from /home/airflow/.local/lib/python3.12/site-packages/airflow/example_dags/example_display_name.py
[2026-03-29T21:35:40.357+0000] {logging_mixin.py:188} INFO - [2026-03-29T21:35:40.357+0000] {dag.py:3089} INFO - Sync 1 DAGs
[2026-03-29T21:35:40.367+0000] {logging_mixin.py:188} INFO - [2026-03-29T21:35:40.367+0000] {dag.py:3947} INFO - Setting next_dagrun for example_display_name to None, run_after=None
[2026-03-29T21:35:40.385+0000] {processor.py:183} INFO - Processing /home/airflow/.local/lib/python3.12/site-packages/airflow/example_dags/example_display_name.py took 0.055 seconds
[2026-03-29T21:36:10.900+0000] {processor.py:161} INFO - Started process (PID=624) to work on /home/airflow/.local/lib/python3.12/site-packages/airflow/example_dags/example_display_name.py
[2026-03-29T21:36:10.901+0000] {processor.py:830} INFO - Processing file /home/airflow/.local/lib/python3.12/site-packages/airflow/example_dags/example_display_name.py for tasks to queue
[2026-03-29T21:36:10.903+0000] {logging_mixin.py:188} INFO - [2026-03-29T21:36:10.903+0000] {dagbag.py:545} INFO - Filling up the DagBag from /home/airflow/.local/lib/python3.12/site-packages/airflow/example_dags/example_display_name.py
[2026-03-29T21:36:10.908+0000] {processor.py:840} INFO - DAG(s) 'example_display_name' retrieved from /home/airflow/.local/lib/python3.12/site-packages/airflow/example_dags/example_display_name.py
[2026-03-29T21:36:10.930+0000] {logging_mixin.py:188} INFO - [2026-03-29T21:36:10.929+0000] {dag.py:3089} INFO - Sync 1 DAGs
[2026-03-29T21:36:10.940+0000] {logging_mixin.py:188} INFO - [2026-03-29T21:36:10.939+0000] {dag.py:3947} INFO - Setting next_dagrun for example_display_name to None, run_after=None
[2026-03-29T21:36:10.952+0000] {processor.py:183} INFO - Processing /home/airflow/.local/lib/python3.12/site-packages/airflow/example_dags/example_display_name.py took 0.057 seconds
[2026-03-29T21:36:41.139+0000] {processor.py:161} INFO - Started process (PID=676) to work on /home/airflow/.local/lib/python3.12/site-packages/airflow/example_dags/example_display_name.py
[2026-03-29T21:36:41.140+0000] {processor.py:830} INFO - Processing file /home/airflow/.local/lib/python3.12/site-packages/airflow/example_dags/example_display_name.py for tasks to queue
[2026-03-29T21:36:41.142+0000] {logging_mixin.py:188} INFO - [2026-03-29T21:36:41.142+0000] {dagbag.py:545} INFO - Filling up the DagBag from /home/airflow/.local/lib/python3.12/site-packages/airflow/example_dags/example_display_name.py
[2026-03-29T21:36:41.146+0000] {processor.py:840} INFO - DAG(s) 'example_display_name' retrieved from /home/airflow/.local/lib/python3.12/site-packages/airflow/example_dags/example_display_name.py
[2026-03-29T21:36:41.165+0000] {logging_mixin.py:188} INFO - [2026-03-29T21:36:41.165+0000] {dag.py:3089} INFO - Sync 1 DAGs
[2026-03-29T21:36:41.174+0000] {logging_mixin.py:188} INFO - [2026-03-29T21:36:41.173+0000] {dag.py:3947} INFO - Setting next_dagrun for example_display_name to None, run_after=None
[2026-03-29T21:36:41.186+0000] {processor.py:183} INFO - Processing /home/airflow/.local/lib/python3.12/site-packages/airflow/example_dags/example_display_name.py took 0.053 seconds
[2026-03-29T21:37:11.859+0000] {processor.py:161} INFO - Started process (PID=728) to work on /home/airflow/.local/lib/python3.12/site-packages/airflow/example_dags/example_display_name.py
[2026-03-29T21:37:11.860+0000] {processor.py:830} INFO - Processing file /home/airflow/.local/lib/python3.12/site-packages/airflow/example_dags/example_display_name.py for tasks to queue
[2026-03-29T21:37:11.861+0000] {logging_mixin.py:188} INFO - [2026-03-29T21:37:11.861+0000] {dagbag.py:545} INFO - Filling up the DagBag from /home/airflow/.local/lib/python3.12/site-packages/airflow/example_dags/example_display_name.py
[2026-03-29T21:37:11.866+0000] {processor.py:840} INFO - DAG(s) 'example_display_name' retrieved from /home/airflow/.local/lib/python3.12/site-packages/airflow/example_dags/example_display_name.py
[2026-03-29T21:37:11.881+0000] {logging_mixin.py:188} INFO - [2026-03-29T21:37:11.881+0000] {dag.py:3089} INFO - Sync 1 DAGs
[2026-03-29T21:37:11.892+0000] {logging_mixin.py:188} INFO - [2026-03-29T21:37:11.891+0000] {dag.py:3947} INFO - Setting next_dagrun for example_display_name to None, run_after=None
[2026-03-29T21:37:11.911+0000] {processor.py:183} INFO - Processing /home/airflow/.local/lib/python3.12/site-packages/airflow/example_dags/example_display_name.py took 0.057 seconds
[2026-03-29T21:37:42.284+0000] {processor.py:161} INFO - Started process (PID=780) to work on /home/airflow/.local/lib/python3.12/site-packages/airflow/example_dags/example_display_name.py
[2026-03-29T21:37:42.285+0000] {processor.py:830} INFO - Processing file /home/airflow/.local/lib/python3.12/site-packages/airflow/example_dags/example_display_name.py for tasks to queue
[2026-03-29T21:37:42.290+0000] {logging_mixin.py:188} INFO - [2026-03-29T21:37:42.290+0000] {dagbag.py:545} INFO - Filling up the DagBag from /home/airflow/.local/lib/python3.12/site-packages/airflow/example_dags/example_display_name.py
[2026-03-29T21:37:42.295+0000] {processor.py:840} INFO - DAG(s) 'example_display_name' retrieved from /home/airflow/.local/lib/python3.12/site-packages/airflow/example_dags/example_display_name.py
[2026-03-29T21:37:42.318+0000] {logging_mixin.py:188} INFO - [2026-03-29T21:37:42.317+0000] {dag.py:3089} INFO - Sync 1 DAGs
[2026-03-29T21:37:42.330+0000] {logging_mixin.py:188} INFO - [2026-03-29T21:37:42.329+0000] {dag.py:3947} INFO - Setting next_dagrun for example_display_name to None, run_after=None
[2026-03-29T21:37:42.345+0000] {processor.py:183} INFO - Processing /home/airflow/.local/lib/python3.12/site-packages/airflow/example_dags/example_display_name.py took 0.066 seconds
[2026-03-29T21:38:12.565+0000] {processor.py:161} INFO - Started process (PID=832) to work on /home/airflow/.local/lib/python3.12/site-packages/airflow/example_dags/example_display_name.py
[2026-03-29T21:38:12.566+0000] {processor.py:830} INFO - Processing file /home/airflow/.local/lib/python3.12/site-packages/airflow/example_dags/example_display_name.py for tasks to queue
[2026-03-29T21:38:12.568+0000] {logging_mixin.py:188} INFO - [2026-03-29T21:38:12.567+0000] {dagbag.py:545} INFO - Filling up the DagBag from /home/airflow/.local/lib/python3.12/site-packages/airflow/example_dags/example_display_name.py
[2026-03-29T21:38:12.572+0000] {processor.py:840} INFO - DAG(s) 'example_display_name' retrieved from /home/airflow/.local/lib/python3.12/site-packages/airflow/example_dags/example_display_name.py
[2026-03-29T21:38:12.591+0000] {logging_mixin.py:188} INFO - [2026-03-29T21:38:12.591+0000] {dag.py:3089} INFO - Sync 1 DAGs
[2026-03-29T21:38:12.601+0000] {logging_mixin.py:188} INFO - [2026-03-29T21:38:12.601+0000] {dag.py:3947} INFO - Setting next_dagrun for example_display_name to None, run_after=None
[2026-03-29T21:38:12.615+0000] {processor.py:183} INFO - Processing /home/airflow/.local/lib/python3.12/site-packages/airflow/example_dags/example_display_name.py took 0.055 seconds
[2026-03-29T21:38:43.173+0000] {processor.py:161} INFO - Started process (PID=884) to work on /home/airflow/.local/lib/python3.12/site-packages/airflow/example_dags/example_display_name.py
[2026-03-29T21:38:43.174+0000] {processor.py:830} INFO - Processing file /home/airflow/.local/lib/python3.12/site-packages/airflow/example_dags/example_display_name.py for tasks to queue
[2026-03-29T21:38:43.179+0000] {logging_mixin.py:188} INFO - [2026-03-29T21:38:43.178+0000] {dagbag.py:545} INFO - Filling up the DagBag from /home/airflow/.local/lib/python3.12/site-packages/airflow/example_dags/example_display_name.py
[2026-03-29T21:38:43.184+0000] {processor.py:840} INFO - DAG(s) 'example_display_name' retrieved from /home/airflow/.local/lib/python3.12/site-packages/airflow/example_dags/example_display_name.py
[2026-03-29T21:38:43.203+0000] {logging_mixin.py:188} INFO - [2026-03-29T21:38:43.203+0000] {dag.py:3089} INFO - Sync 1 DAGs
[2026-03-29T21:38:43.214+0000] {logging_mixin.py:188} INFO - [2026-03-29T21:38:43.213+0000] {dag.py:3947} INFO - Setting next_dagrun for example_display_name to None, run_after=None
[2026-03-29T21:38:43.229+0000] {processor.py:183} INFO - Processing /home/airflow/.local/lib/python3.12/site-packages/airflow/example_dags/example_display_name.py took 0.075 seconds
[2026-03-29T21:39:13.637+0000] {processor.py:161} INFO - Started process (PID=936) to work on /home/airflow/.local/lib/python3.12/site-packages/airflow/example_dags/example_display_name.py
[2026-03-29T21:39:13.638+0000] {processor.py:830} INFO - Processing file /home/airflow/.local/lib/python3.12/site-packages/airflow/example_dags/example_display_name.py for tasks to queue
[2026-03-29T21:39:13.639+0000] {logging_mixin.py:188} INFO - [2026-03-29T21:39:13.639+0000] {dagbag.py:545} INFO - Filling up the DagBag from /home/airflow/.local/lib/python3.12/site-packages/airflow/example_dags/example_display_name.py
[2026-03-29T21:39:13.644+0000] {processor.py:840} INFO - DAG(s) 'example_display_name' retrieved from /home/airflow/.local/lib/python3.12/site-packages/airflow/example_dags/example_display_name.py
[2026-03-29T21:39:13.663+0000] {logging_mixin.py:188} INFO - [2026-03-29T21:39:13.662+0000] {dag.py:3089} INFO - Sync 1 DAGs
[2026-03-29T21:39:13.672+0000] {logging_mixin.py:188} INFO - [2026-03-29T21:39:13.672+0000] {dag.py:3947} INFO - Setting next_dagrun for example_display_name to None, run_after=None
[2026-03-29T21:39:13.684+0000] {processor.py:183} INFO - Processing /home/airflow/.local/lib/python3.12/site-packages/airflow/example_dags/example_display_name.py took 0.051 seconds
[2026-03-29T21:39:44.540+0000] {processor.py:161} INFO - Started process (PID=988) to work on /home/airflow/.local/lib/python3.12/site-packages/airflow/example_dags/example_display_name.py
[2026-03-29T21:39:44.541+0000] {processor.py:830} INFO - Processing file /home/airflow/.local/lib/python3.12/site-packages/airflow/example_dags/example_display_name.py for tasks to queue
[2026-03-29T21:39:44.543+0000] {logging_mixin.py:188} INFO - [2026-03-29T21:39:44.543+0000] {dagbag.py:545} INFO - Filling up the DagBag from /home/airflow/.local/lib/python3.12/site-packages/airflow/example_dags/example_display_name.py
[2026-03-29T21:39:44.550+0000] {processor.py:840} INFO - DAG(s) 'example_display_name' retrieved from /home/airflow/.local/lib/python3.12/site-packages/airflow/example_dags/example_display_name.py
[2026-03-29T21:39:44.572+0000] {logging_mixin.py:188} INFO - [2026-03-29T21:39:44.572+0000] {dag.py:3089} INFO - Sync 1 DAGs
[2026-03-29T21:39:44.585+0000] {logging_mixin.py:188} INFO - [2026-03-29T21:39:44.585+0000] {dag.py:3947} INFO - Setting next_dagrun for example_display_name to None, run_after=None
[2026-03-29T21:39:44.604+0000] {processor.py:183} INFO - Processing /home/airflow/.local/lib/python3.12/site-packages/airflow/example_dags/example_display_name.py took 0.071 seconds
[2026-03-29T21:40:15.532+0000] {processor.py:161} INFO - Started process (PID=1040) to work on /home/airflow/.local/lib/python3.12/site-packages/airflow/example_dags/example_display_name.py
[2026-03-29T21:40:15.533+0000] {processor.py:830} INFO - Processing file /home/airflow/.local/lib/python3.12/site-packages/airflow/example_dags/example_display_name.py for tasks to queue
[2026-03-29T21:40:15.535+0000] {logging_mixin.py:188} INFO - [2026-03-29T21:40:15.534+0000] {dagbag.py:545} INFO - Filling up the DagBag from /home/airflow/.local/lib/python3.12/site-packages/airflow/example_dags/example_display_name.py
[2026-03-29T21:40:15.539+0000] {processor.py:840} INFO - DAG(s) 'example_display_name' retrieved from /home/airflow/.local/lib/python3.12/site-packages/airflow/example_dags/example_display_name.py
[2026-03-29T21:40:15.557+0000] {logging_mixin.py:188} INFO - [2026-03-29T21:40:15.556+0000] {dag.py:3089} INFO - Sync 1 DAGs
[2026-03-29T21:40:15.569+0000] {logging_mixin.py:188} INFO - [2026-03-29T21:40:15.568+0000] {dag.py:3947} INFO - Setting next_dagrun for example_display_name to None, run_after=None
[2026-03-29T21:40:15.584+0000] {processor.py:183} INFO - Processing /home/airflow/.local/lib/python3.12/site-packages/airflow/example_dags/example_display_name.py took 0.058 seconds
[2026-03-29T21:40:46.039+0000] {processor.py:161} INFO - Started process (PID=1092) to work on /home/airflow/.local/lib/python3.12/site-packages/airflow/example_dags/example_display_name.py
[2026-03-29T21:40:46.040+0000] {processor.py:830} INFO - Processing file /home/airflow/.local/lib/python3.12/site-packages/airflow/example_dags/example_display_name.py for tasks to queue
[2026-03-29T21:40:46.042+0000] {logging_mixin.py:188} INFO - [2026-03-29T21:40:46.042+0000] {dagbag.py:545} INFO - Filling up the DagBag from /home/airflow/.local/lib/python3.12/site-packages/airflow/example_dags/example_display_name.py
[2026-03-29T21:40:46.047+0000] {processor.py:840} INFO - DAG(s) 'example_display_name' retrieved from /home/airflow/.local/lib/python3.12/site-packages/airflow/example_dags/example_display_name.py
[2026-03-29T21:40:46.063+0000] {logging_mixin.py:188} INFO - [2026-03-29T21:40:46.062+0000] {dag.py:3089} INFO - Sync 1 DAGs
[2026-03-29T21:40:46.073+0000] {logging_mixin.py:188} INFO - [2026-03-29T21:40:46.073+0000] {dag.py:3947} INFO - Setting next_dagrun for example_display_name to None, run_after=None
[2026-03-29T21:40:46.088+0000] {processor.py:183} INFO - Processing /home/airflow/.local/lib/python3.12/site-packages/airflow/example_dags/example_display_name.py took 0.053 seconds
[2026-03-29T21:41:16.926+0000] {processor.py:161} INFO - Started process (PID=1144) to work on /home/airflow/.local/lib/python3.12/site-packages/airflow/example_dags/example_display_name.py
[2026-03-29T21:41:16.927+0000] {processor.py:830} INFO - Processing file /home/airflow/.local/lib/python3.12/site-packages/airflow/example_dags/example_display_name.py for tasks to queue
[2026-03-29T21:41:16.930+0000] {logging_mixin.py:188} INFO - [2026-03-29T21:41:16.929+0000] {dagbag.py:545} INFO - Filling up the DagBag from /home/airflow/.local/lib/python3.12/site-packages/airflow/example_dags/example_display_name.py
[2026-03-29T21:41:16.934+0000] {processor.py:840} INFO - DAG(s) 'example_display_name' retrieved from /home/airflow/.local/lib/python3.12/site-packages/airflow/example_dags/example_display_name.py
[2026-03-29T21:41:16.949+0000] {logging_mixin.py:188} INFO - [2026-03-29T21:41:16.948+0000] {dag.py:3089} INFO - Sync 1 DAGs
[2026-03-29T21:41:16.959+0000] {logging_mixin.py:188} INFO - [2026-03-29T21:41:16.959+0000] {dag.py:3947} INFO - Setting next_dagrun for example_display_name to None, run_after=None
[2026-03-29T21:41:16.974+0000] {processor.py:183} INFO - Processing /home/airflow/.local/lib/python3.12/site-packages/airflow/example_dags/example_display_name.py took 0.054 seconds
[2026-03-29T21:41:47.885+0000] {processor.py:161} INFO - Started process (PID=1196) to work on /home/airflow/.local/lib/python3.12/site-packages/airflow/example_dags/example_display_name.py
[2026-03-29T21:41:47.886+0000] {processor.py:830} INFO - Processing file /home/airflow/.local/lib/python3.12/site-packages/airflow/example_dags/example_display_name.py for tasks to queue
[2026-03-29T21:41:47.888+0000] {logging_mixin.py:188} INFO - [2026-03-29T21:41:47.887+0000] {dagbag.py:545} INFO - Filling up the DagBag from /home/airflow/.local/lib/python3.12/site-packages/airflow/example_dags/example_display_name.py
[2026-03-29T21:41:47.892+0000] {processor.py:840} INFO - DAG(s) 'example_display_name' retrieved from /home/airflow/.local/lib/python3.12/site-packages/airflow/example_dags/example_display_name.py
[2026-03-29T21:41:47.909+0000] {logging_mixin.py:188} INFO - [2026-03-29T21:41:47.909+0000] {dag.py:3089} INFO - Sync 1 DAGs
[2026-03-29T21:41:47.919+0000] {logging_mixin.py:188} INFO - [2026-03-29T21:41:47.919+0000] {dag.py:3947} INFO - Setting next_dagrun for example_display_name to None, run_after=None
[2026-03-29T21:41:47.934+0000] {processor.py:183} INFO - Processing /home/airflow/.local/lib/python3.12/site-packages/airflow/example_dags/example_display_name.py took 0.054 seconds
[2026-03-29T21:42:19.028+0000] {processor.py:161} INFO - Started process (PID=1248) to work on /home/airflow/.local/lib/python3.12/site-packages/airflow/example_dags/example_display_name.py
[2026-03-29T21:42:19.030+0000] {processor.py:830} INFO - Processing file /home/airflow/.local/lib/python3.12/site-packages/airflow/example_dags/example_display_name.py for tasks to queue
[2026-03-29T21:42:19.033+0000] {logging_mixin.py:188} INFO - [2026-03-29T21:42:19.033+0000] {dagbag.py:545} INFO - Filling up the DagBag from /home/airflow/.local/lib/python3.12/site-packages/airflow/example_dags/example_display_name.py
[2026-03-29T21:42:19.038+0000] {processor.py:840} INFO - DAG(s) 'example_display_name' retrieved from /home/airflow/.local/lib/python3.12/site-packages/airflow/example_dags/example_display_name.py
[2026-03-29T21:42:19.055+0000] {logging_mixin.py:188} INFO - [2026-03-29T21:42:19.055+0000] {dag.py:3089} INFO - Sync 1 DAGs
[2026-03-29T21:42:19.063+0000] {logging_mixin.py:188} INFO - [2026-03-29T21:42:19.063+0000] {dag.py:3947} INFO - Setting next_dagrun for example_display_name to None, run_after=None
[2026-03-29T21:42:19.077+0000] {processor.py:183} INFO - Processing /home/airflow/.local/lib/python3.12/site-packages/airflow/example_dags/example_display_name.py took 0.053 seconds
[2026-03-29T21:42:50.409+0000] {processor.py:161} INFO - Started process (PID=1300) to work on /home/airflow/.local/lib/python3.12/site-packages/airflow/example_dags/example_display_name.py
[2026-03-29T21:42:50.410+0000] {processor.py:830} INFO - Processing file /home/airflow/.local/lib/python3.12/site-packages/airflow/example_dags/example_display_name.py for tasks to queue
[2026-03-29T21:42:50.412+0000] {logging_mixin.py:188} INFO - [2026-03-29T21:42:50.411+0000] {dagbag.py:545} INFO - Filling up the DagBag from /home/airflow/.local/lib/python3.12/site-packages/airflow/example_dags/example_display_name.py
[2026-03-29T21:42:50.418+0000] {processor.py:840} INFO - DAG(s) 'example_display_name' retrieved from /home/airflow/.local/lib/python3.12/site-packages/airflow/example_dags/example_display_name.py
[2026-03-29T21:42:50.447+0000] {logging_mixin.py:188} INFO - [2026-03-29T21:42:50.447+0000] {dag.py:3089} INFO - Sync 1 DAGs
[2026-03-29T21:42:50.459+0000] {logging_mixin.py:188} INFO - [2026-03-29T21:42:50.459+0000] {dag.py:3947} INFO - Setting next_dagrun for example_display_name to None, run_after=None
[2026-03-29T21:42:50.486+0000] {processor.py:183} INFO - Processing /home/airflow/.local/lib/python3.12/site-packages/airflow/example_dags/example_display_name.py took 0.084 seconds
[2026-03-29T21:43:21.844+0000] {processor.py:161} INFO - Started process (PID=1352) to work on /home/airflow/.local/lib/python3.12/site-packages/airflow/example_dags/example_display_name.py
[2026-03-29T21:43:21.846+0000] {processor.py:830} INFO - Processing file /home/airflow/.local/lib/python3.12/site-packages/airflow/example_dags/example_display_name.py for tasks to queue
[2026-03-29T21:43:21.849+0000] {logging_mixin.py:188} INFO - [2026-03-29T21:43:21.849+0000] {dagbag.py:545} INFO - Filling up the DagBag from /home/airflow/.local/lib/python3.12/site-packages/airflow/example_dags/example_display_name.py
[2026-03-29T21:43:21.860+0000] {processor.py:840} INFO - DAG(s) 'example_display_name' retrieved from /home/airflow/.local/lib/python3.12/site-packages/airflow/example_dags/example_display_name.py
[2026-03-29T21:43:21.895+0000] {logging_mixin.py:188} INFO - [2026-03-29T21:43:21.894+0000] {dag.py:3089} INFO - Sync 1 DAGs
[2026-03-29T21:43:21.909+0000] {logging_mixin.py:188} INFO - [2026-03-29T21:43:21.909+0000] {dag.py:3947} INFO - Setting next_dagrun for example_display_name to None, run_after=None
[2026-03-29T21:43:21.929+0000] {processor.py:183} INFO - Processing /home/airflow/.local/lib/python3.12/site-packages/airflow/example_dags/example_display_name.py took 0.098 seconds
[2026-03-29T21:43:52.603+0000] {processor.py:161} INFO - Started process (PID=1404) to work on /home/airflow/.local/lib/python3.12/site-packages/airflow/example_dags/example_display_name.py
[2026-03-29T21:43:52.604+0000] {processor.py:830} INFO - Processing file /home/airflow/.local/lib/python3.12/site-packages/airflow/example_dags/example_display_name.py for tasks to queue
[2026-03-29T21:43:52.606+0000] {logging_mixin.py:188} INFO - [2026-03-29T21:43:52.605+0000] {dagbag.py:545} INFO - Filling up the DagBag from /home/airflow/.local/lib/python3.12/site-packages/airflow/example_dags/example_display_name.py
[2026-03-29T21:43:52.610+0000] {processor.py:840} INFO - DAG(s) 'example_display_name' retrieved from /home/airflow/.local/lib/python3.12/site-packages/airflow/example_dags/example_display_name.py
[2026-03-29T21:43:52.629+0000] {logging_mixin.py:188} INFO - [2026-03-29T21:43:52.629+0000] {dag.py:3089} INFO - Sync 1 DAGs
[2026-03-29T21:43:52.644+0000] {logging_mixin.py:188} INFO - [2026-03-29T21:43:52.644+0000] {dag.py:3947} INFO - Setting next_dagrun for example_display_name to None, run_after=None
[2026-03-29T21:43:52.659+0000] {processor.py:183} INFO - Processing /home/airflow/.local/lib/python3.12/site-packages/airflow/example_dags/example_display_name.py took 0.063 seconds
[2026-03-29T21:44:22.939+0000] {processor.py:161} INFO - Started process (PID=1455) to work on /home/airflow/.local/lib/python3.12/site-packages/airflow/example_dags/example_display_name.py
[2026-03-29T21:44:22.940+0000] {processor.py:830} INFO - Processing file /home/airflow/.local/lib/python3.12/site-packages/airflow/example_dags/example_display_name.py for tasks to queue
[2026-03-29T21:44:22.942+0000] {logging_mixin.py:188} INFO - [2026-03-29T21:44:22.941+0000] {dagbag.py:545} INFO - Filling up the DagBag from /home/airflow/.local/lib/python3.12/site-packages/airflow/example_dags/example_display_name.py
[2026-03-29T21:44:22.947+0000] {processor.py:840} INFO - DAG(s) 'example_display_name' retrieved from /home/airflow/.local/lib/python3.12/site-packages/airflow/example_dags/example_display_name.py
[2026-03-29T21:44:22.966+0000] {logging_mixin.py:188} INFO - [2026-03-29T21:44:22.965+0000] {dag.py:3089} INFO - Sync 1 DAGs
[2026-03-29T21:44:22.980+0000] {logging_mixin.py:188} INFO - [2026-03-29T21:44:22.980+0000] {dag.py:3947} INFO - Setting next_dagrun for example_display_name to None, run_after=None
[2026-03-29T21:44:22.995+0000] {processor.py:183} INFO - Processing /home/airflow/.local/lib/python3.12/site-packages/airflow/example_dags/example_display_name.py took 0.062 seconds
[2026-03-29T21:44:54.237+0000] {processor.py:161} INFO - Started process (PID=1507) to work on /home/airflow/.local/lib/python3.12/site-packages/airflow/example_dags/example_display_name.py
[2026-03-29T21:44:54.238+0000] {processor.py:830} INFO - Processing file /home/airflow/.local/lib/python3.12/site-packages/airflow/example_dags/example_display_name.py for tasks to queue
[2026-03-29T21:44:54.240+0000] {logging_mixin.py:188} INFO - [2026-03-29T21:44:54.240+0000] {dagbag.py:545} INFO - Filling up the DagBag from /home/airflow/.local/lib/python3.12/site-packages/airflow/example_dags/example_display_name.py
[2026-03-29T21:44:54.246+0000] {processor.py:840} INFO - DAG(s) 'example_display_name' retrieved from /home/airflow/.local/lib/python3.12/site-packages/airflow/example_dags/example_display_name.py
[2026-03-29T21:44:54.264+0000] {logging_mixin.py:188} INFO - [2026-03-29T21:44:54.264+0000] {dag.py:3089} INFO - Sync 1 DAGs
[2026-03-29T21:44:54.276+0000] {logging_mixin.py:188} INFO - [2026-03-29T21:44:54.275+0000] {dag.py:3947} INFO - Setting next_dagrun for example_display_name to None, run_after=None
[2026-03-29T21:44:54.295+0000] {processor.py:183} INFO - Processing /home/airflow/.local/lib/python3.12/site-packages/airflow/example_dags/example_display_name.py took 0.069 seconds
[2026-03-29T21:45:25.498+0000] {processor.py:161} INFO - Started process (PID=1560) to work on /home/airflow/.local/lib/python3.12/site-packages/airflow/example_dags/example_display_name.py
[2026-03-29T21:45:25.499+0000] {processor.py:830} INFO - Processing file /home/airflow/.local/lib/python3.12/site-packages/airflow/example_dags/example_display_name.py for tasks to queue
[2026-03-29T21:45:25.501+0000] {logging_mixin.py:188} INFO - [2026-03-29T21:45:25.500+0000] {dagbag.py:545} INFO - Filling up the DagBag from /home/airflow/.local/lib/python3.12/site-packages/airflow/example_dags/example_display_name.py
[2026-03-29T21:45:25.508+0000] {processor.py:840} INFO - DAG(s) 'example_display_name' retrieved from /home/airflow/.local/lib/python3.12/site-packages/airflow/example_dags/example_display_name.py
[2026-03-29T21:45:25.533+0000] {logging_mixin.py:188} INFO - [2026-03-29T21:45:25.532+0000] {dag.py:3089} INFO - Sync 1 DAGs
[2026-03-29T21:45:25.550+0000] {logging_mixin.py:188} INFO - [2026-03-29T21:45:25.549+0000] {dag.py:3947} INFO - Setting next_dagrun for example_display_name to None, run_after=None
[2026-03-29T21:45:25.577+0000] {processor.py:183} INFO - Processing /home/airflow/.local/lib/python3.12/site-packages/airflow/example_dags/example_display_name.py took 0.087 seconds
[2026-03-29T21:45:55.673+0000] {processor.py:161} INFO - Started process (PID=1611) to work on /home/airflow/.local/lib/python3.12/site-packages/airflow/example_dags/example_display_name.py
[2026-03-29T21:45:55.674+0000] {processor.py:830} INFO - Processing file /home/airflow/.local/lib/python3.12/site-packages/airflow/example_dags/example_display_name.py for tasks to queue
[2026-03-29T21:45:55.675+0000] {logging_mixin.py:188} INFO - [2026-03-29T21:45:55.675+0000] {dagbag.py:545} INFO - Filling up the DagBag from /home/airflow/.local/lib/python3.12/site-packages/airflow/example_dags/example_display_name.py
[2026-03-29T21:45:55.681+0000] {processor.py:840} INFO - DAG(s) 'example_display_name' retrieved from /home/airflow/.local/lib/python3.12/site-packages/airflow/example_dags/example_display_name.py
[2026-03-29T21:45:55.696+0000] {logging_mixin.py:188} INFO - [2026-03-29T21:45:55.696+0000] {dag.py:3089} INFO - Sync 1 DAGs
[2026-03-29T21:45:55.705+0000] {logging_mixin.py:188} INFO - [2026-03-29T21:45:55.704+0000] {dag.py:3947} INFO - Setting next_dagrun for example_display_name to None, run_after=None
[2026-03-29T21:45:55.716+0000] {processor.py:183} INFO - Processing /home/airflow/.local/lib/python3.12/site-packages/airflow/example_dags/example_display_name.py took 0.050 seconds
[2026-03-29T21:46:26.024+0000] {processor.py:161} INFO - Started process (PID=1663) to work on /home/airflow/.local/lib/python3.12/site-packages/airflow/example_dags/example_display_name.py
[2026-03-29T21:46:26.025+0000] {processor.py:830} INFO - Processing file /home/airflow/.local/lib/python3.12/site-packages/airflow/example_dags/example_display_name.py for tasks to queue
[2026-03-29T21:46:26.026+0000] {logging_mixin.py:188} INFO - [2026-03-29T21:46:26.026+0000] {dagbag.py:545} INFO - Filling up the DagBag from /home/airflow/.local/lib/python3.12/site-packages/airflow/example_dags/example_display_name.py
[2026-03-29T21:46:26.030+0000] {processor.py:840} INFO - DAG(s) 'example_display_name' retrieved from /home/airflow/.local/lib/python3.12/site-packages/airflow/example_dags/example_display_name.py
[2026-03-29T21:46:26.044+0000] {logging_mixin.py:188} INFO - [2026-03-29T21:46:26.044+0000] {dag.py:3089} INFO - Sync 1 DAGs
[2026-03-29T21:46:26.053+0000] {logging_mixin.py:188} INFO - [2026-03-29T21:46:26.052+0000] {dag.py:3947} INFO - Setting next_dagrun for example_display_name to None, run_after=None
[2026-03-29T21:46:26.064+0000] {processor.py:183} INFO - Processing /home/airflow/.local/lib/python3.12/site-packages/airflow/example_dags/example_display_name.py took 0.045 seconds
[2026-03-29T21:46:56.835+0000] {processor.py:161} INFO - Started process (PID=1715) to work on /home/airflow/.local/lib/python3.12/site-packages/airflow/example_dags/example_display_name.py
[2026-03-29T21:46:56.835+0000] {processor.py:830} INFO - Processing file /home/airflow/.local/lib/python3.12/site-packages/airflow/example_dags/example_display_name.py for tasks to queue
[2026-03-29T21:46:56.837+0000] {logging_mixin.py:188} INFO - [2026-03-29T21:46:56.836+0000] {dagbag.py:545} INFO - Filling up the DagBag from /home/airflow/.local/lib/python3.12/site-packages/airflow/example_dags/example_display_name.py
[2026-03-29T21:46:56.842+0000] {processor.py:840} INFO - DAG(s) 'example_display_name' retrieved from /home/airflow/.local/lib/python3.12/site-packages/airflow/example_dags/example_display_name.py
[2026-03-29T21:46:56.859+0000] {logging_mixin.py:188} INFO - [2026-03-29T21:46:56.858+0000] {dag.py:3089} INFO - Sync 1 DAGs
[2026-03-29T21:46:56.867+0000] {logging_mixin.py:188} INFO - [2026-03-29T21:46:56.867+0000] {dag.py:3947} INFO - Setting next_dagrun for example_display_name to None, run_after=None
[2026-03-29T21:46:56.879+0000] {processor.py:183} INFO - Processing /home/airflow/.local/lib/python3.12/site-packages/airflow/example_dags/example_display_name.py took 0.049 seconds
[2026-03-29T21:47:27.100+0000] {processor.py:161} INFO - Started process (PID=1767) to work on /home/airflow/.local/lib/python3.12/site-packages/airflow/example_dags/example_display_name.py
[2026-03-29T21:47:27.105+0000] {processor.py:830} INFO - Processing file /home/airflow/.local/lib/python3.12/site-packages/airflow/example_dags/example_display_name.py for tasks to queue
[2026-03-29T21:47:27.106+0000] {logging_mixin.py:188} INFO - [2026-03-29T21:47:27.106+0000] {dagbag.py:545} INFO - Filling up the DagBag from /home/airflow/.local/lib/python3.12/site-packages/airflow/example_dags/example_display_name.py
[2026-03-29T21:47:27.111+0000] {processor.py:840} INFO - DAG(s) 'example_display_name' retrieved from /home/airflow/.local/lib/python3.12/site-packages/airflow/example_dags/example_display_name.py
[2026-03-29T21:47:27.125+0000] {logging_mixin.py:188} INFO - [2026-03-29T21:47:27.125+0000] {dag.py:3089} INFO - Sync 1 DAGs
[2026-03-29T21:47:27.136+0000] {logging_mixin.py:188} INFO - [2026-03-29T21:47:27.136+0000] {dag.py:3947} INFO - Setting next_dagrun for example_display_name to None, run_after=None
[2026-03-29T21:47:27.268+0000] {processor.py:183} INFO - Processing /home/airflow/.local/lib/python3.12/site-packages/airflow/example_dags/example_display_name.py took 0.174 seconds
[2026-03-29T21:47:57.746+0000] {processor.py:161} INFO - Started process (PID=1819) to work on /home/airflow/.local/lib/python3.12/site-packages/airflow/example_dags/example_display_name.py
[2026-03-29T21:47:57.749+0000] {processor.py:830} INFO - Processing file /home/airflow/.local/lib/python3.12/site-packages/airflow/example_dags/example_display_name.py for tasks to queue
[2026-03-29T21:47:57.751+0000] {logging_mixin.py:188} INFO - [2026-03-29T21:47:57.750+0000] {dagbag.py:545} INFO - Filling up the DagBag from /home/airflow/.local/lib/python3.12/site-packages/airflow/example_dags/example_display_name.py
[2026-03-29T21:47:57.758+0000] {processor.py:840} INFO - DAG(s) 'example_display_name' retrieved from /home/airflow/.local/lib/python3.12/site-packages/airflow/example_dags/example_display_name.py
[2026-03-29T21:47:57.786+0000] {logging_mixin.py:188} INFO - [2026-03-29T21:47:57.786+0000] {dag.py:3089} INFO - Sync 1 DAGs
[2026-03-29T21:47:57.797+0000] {logging_mixin.py:188} INFO - [2026-03-29T21:47:57.797+0000] {dag.py:3947} INFO - Setting next_dagrun for example_display_name to None, run_after=None
[2026-03-29T21:47:57.812+0000] {processor.py:183} INFO - Processing /home/airflow/.local/lib/python3.12/site-packages/airflow/example_dags/example_display_name.py took 0.072 seconds
[2026-03-29T21:48:28.136+0000] {processor.py:161} INFO - Started process (PID=1871) to work on /home/airflow/.local/lib/python3.12/site-packages/airflow/example_dags/example_display_name.py
[2026-03-29T21:48:28.137+0000] {processor.py:830} INFO - Processing file /home/airflow/.local/lib/python3.12/site-packages/airflow/example_dags/example_display_name.py for tasks to queue
[2026-03-29T21:48:28.139+0000] {logging_mixin.py:188} INFO - [2026-03-29T21:48:28.138+0000] {dagbag.py:545} INFO - Filling up the DagBag from /home/airflow/.local/lib/python3.12/site-packages/airflow/example_dags/example_display_name.py
[2026-03-29T21:48:28.143+0000] {processor.py:840} INFO - DAG(s) 'example_display_name' retrieved from /home/airflow/.local/lib/python3.12/site-packages/airflow/example_dags/example_display_name.py
[2026-03-29T21:48:28.161+0000] {logging_mixin.py:188} INFO - [2026-03-29T21:48:28.161+0000] {dag.py:3089} INFO - Sync 1 DAGs
[2026-03-29T21:48:28.174+0000] {logging_mixin.py:188} INFO - [2026-03-29T21:48:28.173+0000] {dag.py:3947} INFO - Setting next_dagrun for example_display_name to None, run_after=None
[2026-03-29T21:48:28.193+0000] {processor.py:183} INFO - Processing /home/airflow/.local/lib/python3.12/site-packages/airflow/example_dags/example_display_name.py took 0.063 seconds
[2026-03-29T21:48:59.319+0000] {processor.py:161} INFO - Started process (PID=1921) to work on /home/airflow/.local/lib/python3.12/site-packages/airflow/example_dags/example_display_name.py
[2026-03-29T21:48:59.320+0000] {processor.py:830} INFO - Processing file /home/airflow/.local/lib/python3.12/site-packages/airflow/example_dags/example_display_name.py for tasks to queue
[2026-03-29T21:48:59.322+0000] {logging_mixin.py:188} INFO - [2026-03-29T21:48:59.322+0000] {dagbag.py:545} INFO - Filling up the DagBag from /home/airflow/.local/lib/python3.12/site-packages/airflow/example_dags/example_display_name.py
[2026-03-29T21:48:59.328+0000] {processor.py:840} INFO - DAG(s) 'example_display_name' retrieved from /home/airflow/.local/lib/python3.12/site-packages/airflow/example_dags/example_display_name.py
[2026-03-29T21:48:59.346+0000] {logging_mixin.py:188} INFO - [2026-03-29T21:48:59.346+0000] {dag.py:3089} INFO - Sync 1 DAGs
[2026-03-29T21:48:59.361+0000] {logging_mixin.py:188} INFO - [2026-03-29T21:48:59.361+0000] {dag.py:3947} INFO - Setting next_dagrun for example_display_name to None, run_after=None
[2026-03-29T21:48:59.385+0000] {processor.py:183} INFO - Processing /home/airflow/.local/lib/python3.12/site-packages/airflow/example_dags/example_display_name.py took 0.071 seconds
[2026-03-29T21:49:30.698+0000] {processor.py:161} INFO - Started process (PID=1973) to work on /home/airflow/.local/lib/python3.12/site-packages/airflow/example_dags/example_display_name.py
[2026-03-29T21:49:30.699+0000] {processor.py:830} INFO - Processing file /home/airflow/.local/lib/python3.12/site-packages/airflow/example_dags/example_display_name.py for tasks to queue
[2026-03-29T21:49:30.701+0000] {logging_mixin.py:188} INFO - [2026-03-29T21:49:30.701+0000] {dagbag.py:545} INFO - Filling up the DagBag from /home/airflow/.local/lib/python3.12/site-packages/airflow/example_dags/example_display_name.py
[2026-03-29T21:49:30.707+0000] {processor.py:840} INFO - DAG(s) 'example_display_name' retrieved from /home/airflow/.local/lib/python3.12/site-packages/airflow/example_dags/example_display_name.py
[2026-03-29T21:49:30.860+0000] {logging_mixin.py:188} INFO - [2026-03-29T21:49:30.860+0000] {dag.py:3089} INFO - Sync 1 DAGs
[2026-03-29T21:49:30.871+0000] {logging_mixin.py:188} INFO - [2026-03-29T21:49:30.871+0000] {dag.py:3947} INFO - Setting next_dagrun for example_display_name to None, run_after=None
[2026-03-29T21:49:30.889+0000] {processor.py:183} INFO - Processing /home/airflow/.local/lib/python3.12/site-packages/airflow/example_dags/example_display_name.py took 0.199 seconds
