[2026-03-29T21:30:31.797+0000] {processor.py:161} INFO - Started process (PID=45) to work on /home/airflow/.local/lib/python3.12/site-packages/airflow/example_dags/example_setup_teardown.py
[2026-03-29T21:30:31.800+0000] {processor.py:830} INFO - Processing file /home/airflow/.local/lib/python3.12/site-packages/airflow/example_dags/example_setup_teardown.py for tasks to queue
[2026-03-29T21:30:31.808+0000] {logging_mixin.py:188} INFO - [2026-03-29T21:30:31.805+0000] {dagbag.py:545} INFO - Filling up the DagBag from /home/airflow/.local/lib/python3.12/site-packages/airflow/example_dags/example_setup_teardown.py
[2026-03-29T21:30:31.828+0000] {processor.py:840} INFO - DAG(s) 'example_setup_teardown' retrieved from /home/airflow/.local/lib/python3.12/site-packages/airflow/example_dags/example_setup_teardown.py
[2026-03-29T21:30:31.869+0000] {logging_mixin.py:188} INFO - [2026-03-29T21:30:31.868+0000] {dag.py:3089} INFO - Sync 1 DAGs
[2026-03-29T21:30:31.909+0000] {logging_mixin.py:188} INFO - [2026-03-29T21:30:31.909+0000] {dag.py:3947} INFO - Setting next_dagrun for example_setup_teardown to 2026-03-28 00:00:00+00:00, run_after=2026-03-29 00:00:00+00:00
[2026-03-29T21:30:31.964+0000] {processor.py:183} INFO - Processing /home/airflow/.local/lib/python3.12/site-packages/airflow/example_dags/example_setup_teardown.py took 0.200 seconds
[2026-03-29T21:31:02.644+0000] {processor.py:161} INFO - Started process (PID=97) to work on /home/airflow/.local/lib/python3.12/site-packages/airflow/example_dags/example_setup_teardown.py
[2026-03-29T21:31:02.657+0000] {processor.py:830} INFO - Processing file /home/airflow/.local/lib/python3.12/site-packages/airflow/example_dags/example_setup_teardown.py for tasks to queue
[2026-03-29T21:31:02.663+0000] {logging_mixin.py:188} INFO - [2026-03-29T21:31:02.662+0000] {dagbag.py:545} INFO - Filling up the DagBag from /home/airflow/.local/lib/python3.12/site-packages/airflow/example_dags/example_setup_teardown.py
[2026-03-29T21:31:02.681+0000] {processor.py:840} INFO - DAG(s) 'example_setup_teardown' retrieved from /home/airflow/.local/lib/python3.12/site-packages/airflow/example_dags/example_setup_teardown.py
[2026-03-29T21:31:02.907+0000] {logging_mixin.py:188} INFO - [2026-03-29T21:31:02.906+0000] {dag.py:3089} INFO - Sync 1 DAGs
[2026-03-29T21:31:02.949+0000] {logging_mixin.py:188} INFO - [2026-03-29T21:31:02.949+0000] {dag.py:3947} INFO - Setting next_dagrun for example_setup_teardown to 2026-03-28 00:00:00+00:00, run_after=2026-03-29 00:00:00+00:00
[2026-03-29T21:31:03.018+0000] {processor.py:183} INFO - Processing /home/airflow/.local/lib/python3.12/site-packages/airflow/example_dags/example_setup_teardown.py took 0.388 seconds
[2026-03-29T21:31:33.897+0000] {processor.py:161} INFO - Started process (PID=149) to work on /home/airflow/.local/lib/python3.12/site-packages/airflow/example_dags/example_setup_teardown.py
[2026-03-29T21:31:33.900+0000] {processor.py:830} INFO - Processing file /home/airflow/.local/lib/python3.12/site-packages/airflow/example_dags/example_setup_teardown.py for tasks to queue
[2026-03-29T21:31:33.903+0000] {logging_mixin.py:188} INFO - [2026-03-29T21:31:33.903+0000] {dagbag.py:545} INFO - Filling up the DagBag from /home/airflow/.local/lib/python3.12/site-packages/airflow/example_dags/example_setup_teardown.py
[2026-03-29T21:31:33.909+0000] {processor.py:840} INFO - DAG(s) 'example_setup_teardown' retrieved from /home/airflow/.local/lib/python3.12/site-packages/airflow/example_dags/example_setup_teardown.py
[2026-03-29T21:31:33.930+0000] {logging_mixin.py:188} INFO - [2026-03-29T21:31:33.929+0000] {dag.py:3089} INFO - Sync 1 DAGs
[2026-03-29T21:31:33.954+0000] {logging_mixin.py:188} INFO - [2026-03-29T21:31:33.954+0000] {dag.py:3947} INFO - Setting next_dagrun for example_setup_teardown to 2026-03-28 00:00:00+00:00, run_after=2026-03-29 00:00:00+00:00
[2026-03-29T21:31:33.982+0000] {processor.py:183} INFO - Processing /home/airflow/.local/lib/python3.12/site-packages/airflow/example_dags/example_setup_teardown.py took 0.090 seconds
[2026-03-29T21:32:04.984+0000] {processor.py:161} INFO - Started process (PID=201) to work on /home/airflow/.local/lib/python3.12/site-packages/airflow/example_dags/example_setup_teardown.py
[2026-03-29T21:32:04.990+0000] {processor.py:830} INFO - Processing file /home/airflow/.local/lib/python3.12/site-packages/airflow/example_dags/example_setup_teardown.py for tasks to queue
[2026-03-29T21:32:04.995+0000] {logging_mixin.py:188} INFO - [2026-03-29T21:32:04.995+0000] {dagbag.py:545} INFO - Filling up the DagBag from /home/airflow/.local/lib/python3.12/site-packages/airflow/example_dags/example_setup_teardown.py
[2026-03-29T21:32:05.021+0000] {processor.py:840} INFO - DAG(s) 'example_setup_teardown' retrieved from /home/airflow/.local/lib/python3.12/site-packages/airflow/example_dags/example_setup_teardown.py
[2026-03-29T21:32:05.103+0000] {logging_mixin.py:188} INFO - [2026-03-29T21:32:05.102+0000] {dag.py:3089} INFO - Sync 1 DAGs
[2026-03-29T21:32:05.181+0000] {logging_mixin.py:188} INFO - [2026-03-29T21:32:05.181+0000] {dag.py:3947} INFO - Setting next_dagrun for example_setup_teardown to 2026-03-28 00:00:00+00:00, run_after=2026-03-29 00:00:00+00:00
[2026-03-29T21:32:05.264+0000] {processor.py:183} INFO - Processing /home/airflow/.local/lib/python3.12/site-packages/airflow/example_dags/example_setup_teardown.py took 0.300 seconds
[2026-03-29T21:32:35.799+0000] {processor.py:161} INFO - Started process (PID=253) to work on /home/airflow/.local/lib/python3.12/site-packages/airflow/example_dags/example_setup_teardown.py
[2026-03-29T21:32:35.800+0000] {processor.py:830} INFO - Processing file /home/airflow/.local/lib/python3.12/site-packages/airflow/example_dags/example_setup_teardown.py for tasks to queue
[2026-03-29T21:32:35.802+0000] {logging_mixin.py:188} INFO - [2026-03-29T21:32:35.802+0000] {dagbag.py:545} INFO - Filling up the DagBag from /home/airflow/.local/lib/python3.12/site-packages/airflow/example_dags/example_setup_teardown.py
[2026-03-29T21:32:35.807+0000] {processor.py:840} INFO - DAG(s) 'example_setup_teardown' retrieved from /home/airflow/.local/lib/python3.12/site-packages/airflow/example_dags/example_setup_teardown.py
[2026-03-29T21:32:35.826+0000] {logging_mixin.py:188} INFO - [2026-03-29T21:32:35.826+0000] {dag.py:3089} INFO - Sync 1 DAGs
[2026-03-29T21:32:35.842+0000] {logging_mixin.py:188} INFO - [2026-03-29T21:32:35.842+0000] {dag.py:3947} INFO - Setting next_dagrun for example_setup_teardown to 2026-03-28 00:00:00+00:00, run_after=2026-03-29 00:00:00+00:00
[2026-03-29T21:32:35.861+0000] {processor.py:183} INFO - Processing /home/airflow/.local/lib/python3.12/site-packages/airflow/example_dags/example_setup_teardown.py took 0.066 seconds
[2026-03-29T21:33:06.155+0000] {processor.py:161} INFO - Started process (PID=305) to work on /home/airflow/.local/lib/python3.12/site-packages/airflow/example_dags/example_setup_teardown.py
[2026-03-29T21:33:06.156+0000] {processor.py:830} INFO - Processing file /home/airflow/.local/lib/python3.12/site-packages/airflow/example_dags/example_setup_teardown.py for tasks to queue
[2026-03-29T21:33:06.161+0000] {logging_mixin.py:188} INFO - [2026-03-29T21:33:06.161+0000] {dagbag.py:545} INFO - Filling up the DagBag from /home/airflow/.local/lib/python3.12/site-packages/airflow/example_dags/example_setup_teardown.py
[2026-03-29T21:33:06.168+0000] {processor.py:840} INFO - DAG(s) 'example_setup_teardown' retrieved from /home/airflow/.local/lib/python3.12/site-packages/airflow/example_dags/example_setup_teardown.py
[2026-03-29T21:33:06.196+0000] {logging_mixin.py:188} INFO - [2026-03-29T21:33:06.195+0000] {dag.py:3089} INFO - Sync 1 DAGs
[2026-03-29T21:33:06.219+0000] {logging_mixin.py:188} INFO - [2026-03-29T21:33:06.219+0000] {dag.py:3947} INFO - Setting next_dagrun for example_setup_teardown to 2026-03-28 00:00:00+00:00, run_after=2026-03-29 00:00:00+00:00
[2026-03-29T21:33:06.234+0000] {processor.py:183} INFO - Processing /home/airflow/.local/lib/python3.12/site-packages/airflow/example_dags/example_setup_teardown.py took 0.087 seconds
[2026-03-29T21:33:36.731+0000] {processor.py:161} INFO - Started process (PID=357) to work on /home/airflow/.local/lib/python3.12/site-packages/airflow/example_dags/example_setup_teardown.py
[2026-03-29T21:33:36.734+0000] {processor.py:830} INFO - Processing file /home/airflow/.local/lib/python3.12/site-packages/airflow/example_dags/example_setup_teardown.py for tasks to queue
[2026-03-29T21:33:36.735+0000] {logging_mixin.py:188} INFO - [2026-03-29T21:33:36.735+0000] {dagbag.py:545} INFO - Filling up the DagBag from /home/airflow/.local/lib/python3.12/site-packages/airflow/example_dags/example_setup_teardown.py
[2026-03-29T21:33:36.747+0000] {processor.py:840} INFO - DAG(s) 'example_setup_teardown' retrieved from /home/airflow/.local/lib/python3.12/site-packages/airflow/example_dags/example_setup_teardown.py
[2026-03-29T21:33:36.782+0000] {logging_mixin.py:188} INFO - [2026-03-29T21:33:36.782+0000] {dag.py:3089} INFO - Sync 1 DAGs
[2026-03-29T21:33:36.824+0000] {logging_mixin.py:188} INFO - [2026-03-29T21:33:36.823+0000] {dag.py:3947} INFO - Setting next_dagrun for example_setup_teardown to 2026-03-28 00:00:00+00:00, run_after=2026-03-29 00:00:00+00:00
[2026-03-29T21:33:36.856+0000] {processor.py:183} INFO - Processing /home/airflow/.local/lib/python3.12/site-packages/airflow/example_dags/example_setup_teardown.py took 0.130 seconds
[2026-03-29T21:34:07.588+0000] {processor.py:161} INFO - Started process (PID=409) to work on /home/airflow/.local/lib/python3.12/site-packages/airflow/example_dags/example_setup_teardown.py
[2026-03-29T21:34:07.590+0000] {processor.py:830} INFO - Processing file /home/airflow/.local/lib/python3.12/site-packages/airflow/example_dags/example_setup_teardown.py for tasks to queue
[2026-03-29T21:34:07.592+0000] {logging_mixin.py:188} INFO - [2026-03-29T21:34:07.592+0000] {dagbag.py:545} INFO - Filling up the DagBag from /home/airflow/.local/lib/python3.12/site-packages/airflow/example_dags/example_setup_teardown.py
[2026-03-29T21:34:07.601+0000] {processor.py:840} INFO - DAG(s) 'example_setup_teardown' retrieved from /home/airflow/.local/lib/python3.12/site-packages/airflow/example_dags/example_setup_teardown.py
[2026-03-29T21:34:07.625+0000] {logging_mixin.py:188} INFO - [2026-03-29T21:34:07.625+0000] {dag.py:3089} INFO - Sync 1 DAGs
[2026-03-29T21:34:07.649+0000] {logging_mixin.py:188} INFO - [2026-03-29T21:34:07.649+0000] {dag.py:3947} INFO - Setting next_dagrun for example_setup_teardown to 2026-03-28 00:00:00+00:00, run_after=2026-03-29 00:00:00+00:00
[2026-03-29T21:34:07.669+0000] {processor.py:183} INFO - Processing /home/airflow/.local/lib/python3.12/site-packages/airflow/example_dags/example_setup_teardown.py took 0.089 seconds
[2026-03-29T21:34:38.018+0000] {processor.py:161} INFO - Started process (PID=461) to work on /home/airflow/.local/lib/python3.12/site-packages/airflow/example_dags/example_setup_teardown.py
[2026-03-29T21:34:38.019+0000] {processor.py:830} INFO - Processing file /home/airflow/.local/lib/python3.12/site-packages/airflow/example_dags/example_setup_teardown.py for tasks to queue
[2026-03-29T21:34:38.023+0000] {logging_mixin.py:188} INFO - [2026-03-29T21:34:38.020+0000] {dagbag.py:545} INFO - Filling up the DagBag from /home/airflow/.local/lib/python3.12/site-packages/airflow/example_dags/example_setup_teardown.py
[2026-03-29T21:34:38.030+0000] {processor.py:840} INFO - DAG(s) 'example_setup_teardown' retrieved from /home/airflow/.local/lib/python3.12/site-packages/airflow/example_dags/example_setup_teardown.py
[2026-03-29T21:34:38.058+0000] {logging_mixin.py:188} INFO - [2026-03-29T21:34:38.058+0000] {dag.py:3089} INFO - Sync 1 DAGs
[2026-03-29T21:34:38.080+0000] {logging_mixin.py:188} INFO - [2026-03-29T21:34:38.079+0000] {dag.py:3947} INFO - Setting next_dagrun for example_setup_teardown to 2026-03-28 00:00:00+00:00, run_after=2026-03-29 00:00:00+00:00
[2026-03-29T21:34:38.102+0000] {processor.py:183} INFO - Processing /home/airflow/.local/lib/python3.12/site-packages/airflow/example_dags/example_setup_teardown.py took 0.089 seconds
[2026-03-29T21:35:09.083+0000] {processor.py:161} INFO - Started process (PID=513) to work on /home/airflow/.local/lib/python3.12/site-packages/airflow/example_dags/example_setup_teardown.py
[2026-03-29T21:35:09.084+0000] {processor.py:830} INFO - Processing file /home/airflow/.local/lib/python3.12/site-packages/airflow/example_dags/example_setup_teardown.py for tasks to queue
[2026-03-29T21:35:09.085+0000] {logging_mixin.py:188} INFO - [2026-03-29T21:35:09.085+0000] {dagbag.py:545} INFO - Filling up the DagBag from /home/airflow/.local/lib/python3.12/site-packages/airflow/example_dags/example_setup_teardown.py
[2026-03-29T21:35:09.091+0000] {processor.py:840} INFO - DAG(s) 'example_setup_teardown' retrieved from /home/airflow/.local/lib/python3.12/site-packages/airflow/example_dags/example_setup_teardown.py
[2026-03-29T21:35:09.111+0000] {logging_mixin.py:188} INFO - [2026-03-29T21:35:09.111+0000] {dag.py:3089} INFO - Sync 1 DAGs
[2026-03-29T21:35:09.130+0000] {logging_mixin.py:188} INFO - [2026-03-29T21:35:09.130+0000] {dag.py:3947} INFO - Setting next_dagrun for example_setup_teardown to 2026-03-28 00:00:00+00:00, run_after=2026-03-29 00:00:00+00:00
[2026-03-29T21:35:09.156+0000] {processor.py:183} INFO - Processing /home/airflow/.local/lib/python3.12/site-packages/airflow/example_dags/example_setup_teardown.py took 0.079 seconds
[2026-03-29T21:35:39.999+0000] {processor.py:161} INFO - Started process (PID=565) to work on /home/airflow/.local/lib/python3.12/site-packages/airflow/example_dags/example_setup_teardown.py
[2026-03-29T21:35:40.000+0000] {processor.py:830} INFO - Processing file /home/airflow/.local/lib/python3.12/site-packages/airflow/example_dags/example_setup_teardown.py for tasks to queue
[2026-03-29T21:35:40.002+0000] {logging_mixin.py:188} INFO - [2026-03-29T21:35:40.002+0000] {dagbag.py:545} INFO - Filling up the DagBag from /home/airflow/.local/lib/python3.12/site-packages/airflow/example_dags/example_setup_teardown.py
[2026-03-29T21:35:40.012+0000] {processor.py:840} INFO - DAG(s) 'example_setup_teardown' retrieved from /home/airflow/.local/lib/python3.12/site-packages/airflow/example_dags/example_setup_teardown.py
[2026-03-29T21:35:40.049+0000] {logging_mixin.py:188} INFO - [2026-03-29T21:35:40.048+0000] {dag.py:3089} INFO - Sync 1 DAGs
[2026-03-29T21:35:40.069+0000] {logging_mixin.py:188} INFO - [2026-03-29T21:35:40.069+0000] {dag.py:3947} INFO - Setting next_dagrun for example_setup_teardown to 2026-03-28 00:00:00+00:00, run_after=2026-03-29 00:00:00+00:00
[2026-03-29T21:35:40.086+0000] {processor.py:183} INFO - Processing /home/airflow/.local/lib/python3.12/site-packages/airflow/example_dags/example_setup_teardown.py took 0.093 seconds
[2026-03-29T21:36:10.615+0000] {processor.py:161} INFO - Started process (PID=617) to work on /home/airflow/.local/lib/python3.12/site-packages/airflow/example_dags/example_setup_teardown.py
[2026-03-29T21:36:10.616+0000] {processor.py:830} INFO - Processing file /home/airflow/.local/lib/python3.12/site-packages/airflow/example_dags/example_setup_teardown.py for tasks to queue
[2026-03-29T21:36:10.618+0000] {logging_mixin.py:188} INFO - [2026-03-29T21:36:10.618+0000] {dagbag.py:545} INFO - Filling up the DagBag from /home/airflow/.local/lib/python3.12/site-packages/airflow/example_dags/example_setup_teardown.py
[2026-03-29T21:36:10.623+0000] {processor.py:840} INFO - DAG(s) 'example_setup_teardown' retrieved from /home/airflow/.local/lib/python3.12/site-packages/airflow/example_dags/example_setup_teardown.py
[2026-03-29T21:36:10.640+0000] {logging_mixin.py:188} INFO - [2026-03-29T21:36:10.640+0000] {dag.py:3089} INFO - Sync 1 DAGs
[2026-03-29T21:36:10.660+0000] {logging_mixin.py:188} INFO - [2026-03-29T21:36:10.660+0000] {dag.py:3947} INFO - Setting next_dagrun for example_setup_teardown to 2026-03-28 00:00:00+00:00, run_after=2026-03-29 00:00:00+00:00
[2026-03-29T21:36:10.673+0000] {processor.py:183} INFO - Processing /home/airflow/.local/lib/python3.12/site-packages/airflow/example_dags/example_setup_teardown.py took 0.063 seconds
[2026-03-29T21:36:40.839+0000] {processor.py:161} INFO - Started process (PID=669) to work on /home/airflow/.local/lib/python3.12/site-packages/airflow/example_dags/example_setup_teardown.py
[2026-03-29T21:36:40.840+0000] {processor.py:830} INFO - Processing file /home/airflow/.local/lib/python3.12/site-packages/airflow/example_dags/example_setup_teardown.py for tasks to queue
[2026-03-29T21:36:40.843+0000] {logging_mixin.py:188} INFO - [2026-03-29T21:36:40.842+0000] {dagbag.py:545} INFO - Filling up the DagBag from /home/airflow/.local/lib/python3.12/site-packages/airflow/example_dags/example_setup_teardown.py
[2026-03-29T21:36:40.848+0000] {processor.py:840} INFO - DAG(s) 'example_setup_teardown' retrieved from /home/airflow/.local/lib/python3.12/site-packages/airflow/example_dags/example_setup_teardown.py
[2026-03-29T21:36:40.865+0000] {logging_mixin.py:188} INFO - [2026-03-29T21:36:40.865+0000] {dag.py:3089} INFO - Sync 1 DAGs
[2026-03-29T21:36:40.885+0000] {logging_mixin.py:188} INFO - [2026-03-29T21:36:40.884+0000] {dag.py:3947} INFO - Setting next_dagrun for example_setup_teardown to 2026-03-28 00:00:00+00:00, run_after=2026-03-29 00:00:00+00:00
[2026-03-29T21:36:40.897+0000] {processor.py:183} INFO - Processing /home/airflow/.local/lib/python3.12/site-packages/airflow/example_dags/example_setup_teardown.py took 0.063 seconds
[2026-03-29T21:37:11.526+0000] {processor.py:161} INFO - Started process (PID=721) to work on /home/airflow/.local/lib/python3.12/site-packages/airflow/example_dags/example_setup_teardown.py
[2026-03-29T21:37:11.527+0000] {processor.py:830} INFO - Processing file /home/airflow/.local/lib/python3.12/site-packages/airflow/example_dags/example_setup_teardown.py for tasks to queue
[2026-03-29T21:37:11.529+0000] {logging_mixin.py:188} INFO - [2026-03-29T21:37:11.529+0000] {dagbag.py:545} INFO - Filling up the DagBag from /home/airflow/.local/lib/python3.12/site-packages/airflow/example_dags/example_setup_teardown.py
[2026-03-29T21:37:11.534+0000] {processor.py:840} INFO - DAG(s) 'example_setup_teardown' retrieved from /home/airflow/.local/lib/python3.12/site-packages/airflow/example_dags/example_setup_teardown.py
[2026-03-29T21:37:11.551+0000] {logging_mixin.py:188} INFO - [2026-03-29T21:37:11.551+0000] {dag.py:3089} INFO - Sync 1 DAGs
[2026-03-29T21:37:11.568+0000] {logging_mixin.py:188} INFO - [2026-03-29T21:37:11.568+0000] {dag.py:3947} INFO - Setting next_dagrun for example_setup_teardown to 2026-03-28 00:00:00+00:00, run_after=2026-03-29 00:00:00+00:00
[2026-03-29T21:37:11.583+0000] {processor.py:183} INFO - Processing /home/airflow/.local/lib/python3.12/site-packages/airflow/example_dags/example_setup_teardown.py took 0.062 seconds
[2026-03-29T21:37:41.943+0000] {processor.py:161} INFO - Started process (PID=773) to work on /home/airflow/.local/lib/python3.12/site-packages/airflow/example_dags/example_setup_teardown.py
[2026-03-29T21:37:41.945+0000] {processor.py:830} INFO - Processing file /home/airflow/.local/lib/python3.12/site-packages/airflow/example_dags/example_setup_teardown.py for tasks to queue
[2026-03-29T21:37:41.948+0000] {logging_mixin.py:188} INFO - [2026-03-29T21:37:41.947+0000] {dagbag.py:545} INFO - Filling up the DagBag from /home/airflow/.local/lib/python3.12/site-packages/airflow/example_dags/example_setup_teardown.py
[2026-03-29T21:37:41.954+0000] {processor.py:840} INFO - DAG(s) 'example_setup_teardown' retrieved from /home/airflow/.local/lib/python3.12/site-packages/airflow/example_dags/example_setup_teardown.py
[2026-03-29T21:37:41.978+0000] {logging_mixin.py:188} INFO - [2026-03-29T21:37:41.978+0000] {dag.py:3089} INFO - Sync 1 DAGs
[2026-03-29T21:37:41.997+0000] {logging_mixin.py:188} INFO - [2026-03-29T21:37:41.997+0000] {dag.py:3947} INFO - Setting next_dagrun for example_setup_teardown to 2026-03-28 00:00:00+00:00, run_after=2026-03-29 00:00:00+00:00
[2026-03-29T21:37:42.014+0000] {processor.py:183} INFO - Processing /home/airflow/.local/lib/python3.12/site-packages/airflow/example_dags/example_setup_teardown.py took 0.079 seconds
[2026-03-29T21:38:12.258+0000] {processor.py:161} INFO - Started process (PID=825) to work on /home/airflow/.local/lib/python3.12/site-packages/airflow/example_dags/example_setup_teardown.py
[2026-03-29T21:38:12.259+0000] {processor.py:830} INFO - Processing file /home/airflow/.local/lib/python3.12/site-packages/airflow/example_dags/example_setup_teardown.py for tasks to queue
[2026-03-29T21:38:12.260+0000] {logging_mixin.py:188} INFO - [2026-03-29T21:38:12.260+0000] {dagbag.py:545} INFO - Filling up the DagBag from /home/airflow/.local/lib/python3.12/site-packages/airflow/example_dags/example_setup_teardown.py
[2026-03-29T21:38:12.265+0000] {processor.py:840} INFO - DAG(s) 'example_setup_teardown' retrieved from /home/airflow/.local/lib/python3.12/site-packages/airflow/example_dags/example_setup_teardown.py
[2026-03-29T21:38:12.280+0000] {logging_mixin.py:188} INFO - [2026-03-29T21:38:12.280+0000] {dag.py:3089} INFO - Sync 1 DAGs
[2026-03-29T21:38:12.296+0000] {logging_mixin.py:188} INFO - [2026-03-29T21:38:12.296+0000] {dag.py:3947} INFO - Setting next_dagrun for example_setup_teardown to 2026-03-28 00:00:00+00:00, run_after=2026-03-29 00:00:00+00:00
[2026-03-29T21:38:12.309+0000] {processor.py:183} INFO - Processing /home/airflow/.local/lib/python3.12/site-packages/airflow/example_dags/example_setup_teardown.py took 0.055 seconds
[2026-03-29T21:38:42.891+0000] {processor.py:161} INFO - Started process (PID=877) to work on /home/airflow/.local/lib/python3.12/site-packages/airflow/example_dags/example_setup_teardown.py
[2026-03-29T21:38:42.892+0000] {processor.py:830} INFO - Processing file /home/airflow/.local/lib/python3.12/site-packages/airflow/example_dags/example_setup_teardown.py for tasks to queue
[2026-03-29T21:38:42.894+0000] {logging_mixin.py:188} INFO - [2026-03-29T21:38:42.893+0000] {dagbag.py:545} INFO - Filling up the DagBag from /home/airflow/.local/lib/python3.12/site-packages/airflow/example_dags/example_setup_teardown.py
[2026-03-29T21:38:42.899+0000] {processor.py:840} INFO - DAG(s) 'example_setup_teardown' retrieved from /home/airflow/.local/lib/python3.12/site-packages/airflow/example_dags/example_setup_teardown.py
[2026-03-29T21:38:42.919+0000] {logging_mixin.py:188} INFO - [2026-03-29T21:38:42.919+0000] {dag.py:3089} INFO - Sync 1 DAGs
[2026-03-29T21:38:42.934+0000] {logging_mixin.py:188} INFO - [2026-03-29T21:38:42.934+0000] {dag.py:3947} INFO - Setting next_dagrun for example_setup_teardown to 2026-03-28 00:00:00+00:00, run_after=2026-03-29 00:00:00+00:00
[2026-03-29T21:38:42.947+0000] {processor.py:183} INFO - Processing /home/airflow/.local/lib/python3.12/site-packages/airflow/example_dags/example_setup_teardown.py took 0.061 seconds
[2026-03-29T21:39:13.371+0000] {processor.py:161} INFO - Started process (PID=929) to work on /home/airflow/.local/lib/python3.12/site-packages/airflow/example_dags/example_setup_teardown.py
[2026-03-29T21:39:13.372+0000] {processor.py:830} INFO - Processing file /home/airflow/.local/lib/python3.12/site-packages/airflow/example_dags/example_setup_teardown.py for tasks to queue
[2026-03-29T21:39:13.373+0000] {logging_mixin.py:188} INFO - [2026-03-29T21:39:13.373+0000] {dagbag.py:545} INFO - Filling up the DagBag from /home/airflow/.local/lib/python3.12/site-packages/airflow/example_dags/example_setup_teardown.py
[2026-03-29T21:39:13.377+0000] {processor.py:840} INFO - DAG(s) 'example_setup_teardown' retrieved from /home/airflow/.local/lib/python3.12/site-packages/airflow/example_dags/example_setup_teardown.py
[2026-03-29T21:39:13.392+0000] {logging_mixin.py:188} INFO - [2026-03-29T21:39:13.391+0000] {dag.py:3089} INFO - Sync 1 DAGs
[2026-03-29T21:39:13.408+0000] {logging_mixin.py:188} INFO - [2026-03-29T21:39:13.408+0000] {dag.py:3947} INFO - Setting next_dagrun for example_setup_teardown to 2026-03-28 00:00:00+00:00, run_after=2026-03-29 00:00:00+00:00
[2026-03-29T21:39:13.420+0000] {processor.py:183} INFO - Processing /home/airflow/.local/lib/python3.12/site-packages/airflow/example_dags/example_setup_teardown.py took 0.054 seconds
[2026-03-29T21:39:44.075+0000] {processor.py:161} INFO - Started process (PID=981) to work on /home/airflow/.local/lib/python3.12/site-packages/airflow/example_dags/example_setup_teardown.py
[2026-03-29T21:39:44.077+0000] {processor.py:830} INFO - Processing file /home/airflow/.local/lib/python3.12/site-packages/airflow/example_dags/example_setup_teardown.py for tasks to queue
[2026-03-29T21:39:44.080+0000] {logging_mixin.py:188} INFO - [2026-03-29T21:39:44.080+0000] {dagbag.py:545} INFO - Filling up the DagBag from /home/airflow/.local/lib/python3.12/site-packages/airflow/example_dags/example_setup_teardown.py
[2026-03-29T21:39:44.098+0000] {processor.py:840} INFO - DAG(s) 'example_setup_teardown' retrieved from /home/airflow/.local/lib/python3.12/site-packages/airflow/example_dags/example_setup_teardown.py
[2026-03-29T21:39:44.153+0000] {logging_mixin.py:188} INFO - [2026-03-29T21:39:44.151+0000] {dag.py:3089} INFO - Sync 1 DAGs
[2026-03-29T21:39:44.206+0000] {logging_mixin.py:188} INFO - [2026-03-29T21:39:44.206+0000] {dag.py:3947} INFO - Setting next_dagrun for example_setup_teardown to 2026-03-28 00:00:00+00:00, run_after=2026-03-29 00:00:00+00:00
[2026-03-29T21:39:44.239+0000] {processor.py:183} INFO - Processing /home/airflow/.local/lib/python3.12/site-packages/airflow/example_dags/example_setup_teardown.py took 0.178 seconds
[2026-03-29T21:40:15.016+0000] {processor.py:161} INFO - Started process (PID=1033) to work on /home/airflow/.local/lib/python3.12/site-packages/airflow/example_dags/example_setup_teardown.py
[2026-03-29T21:40:15.018+0000] {processor.py:830} INFO - Processing file /home/airflow/.local/lib/python3.12/site-packages/airflow/example_dags/example_setup_teardown.py for tasks to queue
[2026-03-29T21:40:15.022+0000] {logging_mixin.py:188} INFO - [2026-03-29T21:40:15.021+0000] {dagbag.py:545} INFO - Filling up the DagBag from /home/airflow/.local/lib/python3.12/site-packages/airflow/example_dags/example_setup_teardown.py
[2026-03-29T21:40:15.036+0000] {processor.py:840} INFO - DAG(s) 'example_setup_teardown' retrieved from /home/airflow/.local/lib/python3.12/site-packages/airflow/example_dags/example_setup_teardown.py
[2026-03-29T21:40:15.067+0000] {logging_mixin.py:188} INFO - [2026-03-29T21:40:15.067+0000] {dag.py:3089} INFO - Sync 1 DAGs
[2026-03-29T21:40:15.087+0000] {logging_mixin.py:188} INFO - [2026-03-29T21:40:15.086+0000] {dag.py:3947} INFO - Setting next_dagrun for example_setup_teardown to 2026-03-28 00:00:00+00:00, run_after=2026-03-29 00:00:00+00:00
[2026-03-29T21:40:15.101+0000] {processor.py:183} INFO - Processing /home/airflow/.local/lib/python3.12/site-packages/airflow/example_dags/example_setup_teardown.py took 0.096 seconds
[2026-03-29T21:40:45.678+0000] {processor.py:161} INFO - Started process (PID=1085) to work on /home/airflow/.local/lib/python3.12/site-packages/airflow/example_dags/example_setup_teardown.py
[2026-03-29T21:40:45.679+0000] {processor.py:830} INFO - Processing file /home/airflow/.local/lib/python3.12/site-packages/airflow/example_dags/example_setup_teardown.py for tasks to queue
[2026-03-29T21:40:45.682+0000] {logging_mixin.py:188} INFO - [2026-03-29T21:40:45.681+0000] {dagbag.py:545} INFO - Filling up the DagBag from /home/airflow/.local/lib/python3.12/site-packages/airflow/example_dags/example_setup_teardown.py
[2026-03-29T21:40:45.689+0000] {processor.py:840} INFO - DAG(s) 'example_setup_teardown' retrieved from /home/airflow/.local/lib/python3.12/site-packages/airflow/example_dags/example_setup_teardown.py
[2026-03-29T21:40:45.710+0000] {logging_mixin.py:188} INFO - [2026-03-29T21:40:45.710+0000] {dag.py:3089} INFO - Sync 1 DAGs
[2026-03-29T21:40:45.728+0000] {logging_mixin.py:188} INFO - [2026-03-29T21:40:45.728+0000] {dag.py:3947} INFO - Setting next_dagrun for example_setup_teardown to 2026-03-28 00:00:00+00:00, run_after=2026-03-29 00:00:00+00:00
[2026-03-29T21:40:45.748+0000] {processor.py:183} INFO - Processing /home/airflow/.local/lib/python3.12/site-packages/airflow/example_dags/example_setup_teardown.py took 0.077 seconds
[2026-03-29T21:41:16.607+0000] {processor.py:161} INFO - Started process (PID=1137) to work on /home/airflow/.local/lib/python3.12/site-packages/airflow/example_dags/example_setup_teardown.py
[2026-03-29T21:41:16.609+0000] {processor.py:830} INFO - Processing file /home/airflow/.local/lib/python3.12/site-packages/airflow/example_dags/example_setup_teardown.py for tasks to queue
[2026-03-29T21:41:16.610+0000] {logging_mixin.py:188} INFO - [2026-03-29T21:41:16.610+0000] {dagbag.py:545} INFO - Filling up the DagBag from /home/airflow/.local/lib/python3.12/site-packages/airflow/example_dags/example_setup_teardown.py
[2026-03-29T21:41:16.616+0000] {processor.py:840} INFO - DAG(s) 'example_setup_teardown' retrieved from /home/airflow/.local/lib/python3.12/site-packages/airflow/example_dags/example_setup_teardown.py
[2026-03-29T21:41:16.634+0000] {logging_mixin.py:188} INFO - [2026-03-29T21:41:16.634+0000] {dag.py:3089} INFO - Sync 1 DAGs
[2026-03-29T21:41:16.658+0000] {logging_mixin.py:188} INFO - [2026-03-29T21:41:16.658+0000] {dag.py:3947} INFO - Setting next_dagrun for example_setup_teardown to 2026-03-28 00:00:00+00:00, run_after=2026-03-29 00:00:00+00:00
[2026-03-29T21:41:16.671+0000] {processor.py:183} INFO - Processing /home/airflow/.local/lib/python3.12/site-packages/airflow/example_dags/example_setup_teardown.py took 0.075 seconds
[2026-03-29T21:41:47.524+0000] {processor.py:161} INFO - Started process (PID=1189) to work on /home/airflow/.local/lib/python3.12/site-packages/airflow/example_dags/example_setup_teardown.py
[2026-03-29T21:41:47.526+0000] {processor.py:830} INFO - Processing file /home/airflow/.local/lib/python3.12/site-packages/airflow/example_dags/example_setup_teardown.py for tasks to queue
[2026-03-29T21:41:47.527+0000] {logging_mixin.py:188} INFO - [2026-03-29T21:41:47.527+0000] {dagbag.py:545} INFO - Filling up the DagBag from /home/airflow/.local/lib/python3.12/site-packages/airflow/example_dags/example_setup_teardown.py
[2026-03-29T21:41:47.532+0000] {processor.py:840} INFO - DAG(s) 'example_setup_teardown' retrieved from /home/airflow/.local/lib/python3.12/site-packages/airflow/example_dags/example_setup_teardown.py
[2026-03-29T21:41:47.550+0000] {logging_mixin.py:188} INFO - [2026-03-29T21:41:47.550+0000] {dag.py:3089} INFO - Sync 1 DAGs
[2026-03-29T21:41:47.567+0000] {logging_mixin.py:188} INFO - [2026-03-29T21:41:47.567+0000] {dag.py:3947} INFO - Setting next_dagrun for example_setup_teardown to 2026-03-28 00:00:00+00:00, run_after=2026-03-29 00:00:00+00:00
[2026-03-29T21:41:47.581+0000] {processor.py:183} INFO - Processing /home/airflow/.local/lib/python3.12/site-packages/airflow/example_dags/example_setup_teardown.py took 0.066 seconds
[2026-03-29T21:42:18.630+0000] {processor.py:161} INFO - Started process (PID=1241) to work on /home/airflow/.local/lib/python3.12/site-packages/airflow/example_dags/example_setup_teardown.py
[2026-03-29T21:42:18.632+0000] {processor.py:830} INFO - Processing file /home/airflow/.local/lib/python3.12/site-packages/airflow/example_dags/example_setup_teardown.py for tasks to queue
[2026-03-29T21:42:18.633+0000] {logging_mixin.py:188} INFO - [2026-03-29T21:42:18.633+0000] {dagbag.py:545} INFO - Filling up the DagBag from /home/airflow/.local/lib/python3.12/site-packages/airflow/example_dags/example_setup_teardown.py
[2026-03-29T21:42:18.640+0000] {processor.py:840} INFO - DAG(s) 'example_setup_teardown' retrieved from /home/airflow/.local/lib/python3.12/site-packages/airflow/example_dags/example_setup_teardown.py
[2026-03-29T21:42:18.660+0000] {logging_mixin.py:188} INFO - [2026-03-29T21:42:18.660+0000] {dag.py:3089} INFO - Sync 1 DAGs
[2026-03-29T21:42:18.681+0000] {logging_mixin.py:188} INFO - [2026-03-29T21:42:18.680+0000] {dag.py:3947} INFO - Setting next_dagrun for example_setup_teardown to 2026-03-28 00:00:00+00:00, run_after=2026-03-29 00:00:00+00:00
[2026-03-29T21:42:18.700+0000] {processor.py:183} INFO - Processing /home/airflow/.local/lib/python3.12/site-packages/airflow/example_dags/example_setup_teardown.py took 0.076 seconds
[2026-03-29T21:42:48.736+0000] {processor.py:161} INFO - Started process (PID=1292) to work on /home/airflow/.local/lib/python3.12/site-packages/airflow/example_dags/example_setup_teardown.py
[2026-03-29T21:42:48.736+0000] {processor.py:830} INFO - Processing file /home/airflow/.local/lib/python3.12/site-packages/airflow/example_dags/example_setup_teardown.py for tasks to queue
[2026-03-29T21:42:48.738+0000] {logging_mixin.py:188} INFO - [2026-03-29T21:42:48.737+0000] {dagbag.py:545} INFO - Filling up the DagBag from /home/airflow/.local/lib/python3.12/site-packages/airflow/example_dags/example_setup_teardown.py
[2026-03-29T21:42:48.743+0000] {processor.py:840} INFO - DAG(s) 'example_setup_teardown' retrieved from /home/airflow/.local/lib/python3.12/site-packages/airflow/example_dags/example_setup_teardown.py
[2026-03-29T21:42:48.757+0000] {logging_mixin.py:188} INFO - [2026-03-29T21:42:48.757+0000] {dag.py:3089} INFO - Sync 1 DAGs
[2026-03-29T21:42:48.772+0000] {logging_mixin.py:188} INFO - [2026-03-29T21:42:48.772+0000] {dag.py:3947} INFO - Setting next_dagrun for example_setup_teardown to 2026-03-28 00:00:00+00:00, run_after=2026-03-29 00:00:00+00:00
[2026-03-29T21:42:48.784+0000] {processor.py:183} INFO - Processing /home/airflow/.local/lib/python3.12/site-packages/airflow/example_dags/example_setup_teardown.py took 0.053 seconds
[2026-03-29T21:43:18.910+0000] {processor.py:161} INFO - Started process (PID=1344) to work on /home/airflow/.local/lib/python3.12/site-packages/airflow/example_dags/example_setup_teardown.py
[2026-03-29T21:43:18.911+0000] {processor.py:830} INFO - Processing file /home/airflow/.local/lib/python3.12/site-packages/airflow/example_dags/example_setup_teardown.py for tasks to queue
[2026-03-29T21:43:18.913+0000] {logging_mixin.py:188} INFO - [2026-03-29T21:43:18.913+0000] {dagbag.py:545} INFO - Filling up the DagBag from /home/airflow/.local/lib/python3.12/site-packages/airflow/example_dags/example_setup_teardown.py
[2026-03-29T21:43:18.920+0000] {processor.py:840} INFO - DAG(s) 'example_setup_teardown' retrieved from /home/airflow/.local/lib/python3.12/site-packages/airflow/example_dags/example_setup_teardown.py
[2026-03-29T21:43:18.937+0000] {logging_mixin.py:188} INFO - [2026-03-29T21:43:18.937+0000] {dag.py:3089} INFO - Sync 1 DAGs
[2026-03-29T21:43:18.957+0000] {logging_mixin.py:188} INFO - [2026-03-29T21:43:18.956+0000] {dag.py:3947} INFO - Setting next_dagrun for example_setup_teardown to 2026-03-28 00:00:00+00:00, run_after=2026-03-29 00:00:00+00:00
[2026-03-29T21:43:18.969+0000] {processor.py:183} INFO - Processing /home/airflow/.local/lib/python3.12/site-packages/airflow/example_dags/example_setup_teardown.py took 0.064 seconds
[2026-03-29T21:43:49.105+0000] {processor.py:161} INFO - Started process (PID=1396) to work on /home/airflow/.local/lib/python3.12/site-packages/airflow/example_dags/example_setup_teardown.py
[2026-03-29T21:43:49.106+0000] {processor.py:830} INFO - Processing file /home/airflow/.local/lib/python3.12/site-packages/airflow/example_dags/example_setup_teardown.py for tasks to queue
[2026-03-29T21:43:49.108+0000] {logging_mixin.py:188} INFO - [2026-03-29T21:43:49.108+0000] {dagbag.py:545} INFO - Filling up the DagBag from /home/airflow/.local/lib/python3.12/site-packages/airflow/example_dags/example_setup_teardown.py
[2026-03-29T21:43:49.114+0000] {processor.py:840} INFO - DAG(s) 'example_setup_teardown' retrieved from /home/airflow/.local/lib/python3.12/site-packages/airflow/example_dags/example_setup_teardown.py
[2026-03-29T21:43:49.134+0000] {logging_mixin.py:188} INFO - [2026-03-29T21:43:49.134+0000] {dag.py:3089} INFO - Sync 1 DAGs
[2026-03-29T21:43:49.152+0000] {logging_mixin.py:188} INFO - [2026-03-29T21:43:49.151+0000] {dag.py:3947} INFO - Setting next_dagrun for example_setup_teardown to 2026-03-28 00:00:00+00:00, run_after=2026-03-29 00:00:00+00:00
[2026-03-29T21:43:49.163+0000] {processor.py:183} INFO - Processing /home/airflow/.local/lib/python3.12/site-packages/airflow/example_dags/example_setup_teardown.py took 0.065 seconds
[2026-03-29T21:44:19.282+0000] {processor.py:161} INFO - Started process (PID=1448) to work on /home/airflow/.local/lib/python3.12/site-packages/airflow/example_dags/example_setup_teardown.py
[2026-03-29T21:44:19.284+0000] {processor.py:830} INFO - Processing file /home/airflow/.local/lib/python3.12/site-packages/airflow/example_dags/example_setup_teardown.py for tasks to queue
[2026-03-29T21:44:19.285+0000] {logging_mixin.py:188} INFO - [2026-03-29T21:44:19.285+0000] {dagbag.py:545} INFO - Filling up the DagBag from /home/airflow/.local/lib/python3.12/site-packages/airflow/example_dags/example_setup_teardown.py
[2026-03-29T21:44:19.290+0000] {processor.py:840} INFO - DAG(s) 'example_setup_teardown' retrieved from /home/airflow/.local/lib/python3.12/site-packages/airflow/example_dags/example_setup_teardown.py
[2026-03-29T21:44:19.306+0000] {logging_mixin.py:188} INFO - [2026-03-29T21:44:19.306+0000] {dag.py:3089} INFO - Sync 1 DAGs
[2026-03-29T21:44:19.333+0000] {logging_mixin.py:188} INFO - [2026-03-29T21:44:19.332+0000] {dag.py:3947} INFO - Setting next_dagrun for example_setup_teardown to 2026-03-28 00:00:00+00:00, run_after=2026-03-29 00:00:00+00:00
[2026-03-29T21:44:19.354+0000] {processor.py:183} INFO - Processing /home/airflow/.local/lib/python3.12/site-packages/airflow/example_dags/example_setup_teardown.py took 0.079 seconds
[2026-03-29T21:44:49.881+0000] {processor.py:161} INFO - Started process (PID=1500) to work on /home/airflow/.local/lib/python3.12/site-packages/airflow/example_dags/example_setup_teardown.py
[2026-03-29T21:44:49.882+0000] {processor.py:830} INFO - Processing file /home/airflow/.local/lib/python3.12/site-packages/airflow/example_dags/example_setup_teardown.py for tasks to queue
[2026-03-29T21:44:49.889+0000] {logging_mixin.py:188} INFO - [2026-03-29T21:44:49.889+0000] {dagbag.py:545} INFO - Filling up the DagBag from /home/airflow/.local/lib/python3.12/site-packages/airflow/example_dags/example_setup_teardown.py
[2026-03-29T21:44:49.911+0000] {processor.py:840} INFO - DAG(s) 'example_setup_teardown' retrieved from /home/airflow/.local/lib/python3.12/site-packages/airflow/example_dags/example_setup_teardown.py
[2026-03-29T21:44:49.984+0000] {logging_mixin.py:188} INFO - [2026-03-29T21:44:49.984+0000] {dag.py:3089} INFO - Sync 1 DAGs
[2026-03-29T21:44:50.019+0000] {logging_mixin.py:188} INFO - [2026-03-29T21:44:50.019+0000] {dag.py:3947} INFO - Setting next_dagrun for example_setup_teardown to 2026-03-28 00:00:00+00:00, run_after=2026-03-29 00:00:00+00:00
[2026-03-29T21:44:50.051+0000] {processor.py:183} INFO - Processing /home/airflow/.local/lib/python3.12/site-packages/airflow/example_dags/example_setup_teardown.py took 0.176 seconds
[2026-03-29T21:45:20.401+0000] {processor.py:161} INFO - Started process (PID=1550) to work on /home/airflow/.local/lib/python3.12/site-packages/airflow/example_dags/example_setup_teardown.py
[2026-03-29T21:45:20.402+0000] {processor.py:830} INFO - Processing file /home/airflow/.local/lib/python3.12/site-packages/airflow/example_dags/example_setup_teardown.py for tasks to queue
[2026-03-29T21:45:20.405+0000] {logging_mixin.py:188} INFO - [2026-03-29T21:45:20.405+0000] {dagbag.py:545} INFO - Filling up the DagBag from /home/airflow/.local/lib/python3.12/site-packages/airflow/example_dags/example_setup_teardown.py
[2026-03-29T21:45:20.411+0000] {processor.py:840} INFO - DAG(s) 'example_setup_teardown' retrieved from /home/airflow/.local/lib/python3.12/site-packages/airflow/example_dags/example_setup_teardown.py
[2026-03-29T21:45:20.432+0000] {logging_mixin.py:188} INFO - [2026-03-29T21:45:20.432+0000] {dag.py:3089} INFO - Sync 1 DAGs
[2026-03-29T21:45:20.456+0000] {logging_mixin.py:188} INFO - [2026-03-29T21:45:20.456+0000] {dag.py:3947} INFO - Setting next_dagrun for example_setup_teardown to 2026-03-28 00:00:00+00:00, run_after=2026-03-29 00:00:00+00:00
[2026-03-29T21:45:20.475+0000] {processor.py:183} INFO - Processing /home/airflow/.local/lib/python3.12/site-packages/airflow/example_dags/example_setup_teardown.py took 0.082 seconds
[2026-03-29T21:45:50.506+0000] {processor.py:161} INFO - Started process (PID=1601) to work on /home/airflow/.local/lib/python3.12/site-packages/airflow/example_dags/example_setup_teardown.py
[2026-03-29T21:45:50.507+0000] {processor.py:830} INFO - Processing file /home/airflow/.local/lib/python3.12/site-packages/airflow/example_dags/example_setup_teardown.py for tasks to queue
[2026-03-29T21:45:50.508+0000] {logging_mixin.py:188} INFO - [2026-03-29T21:45:50.508+0000] {dagbag.py:545} INFO - Filling up the DagBag from /home/airflow/.local/lib/python3.12/site-packages/airflow/example_dags/example_setup_teardown.py
[2026-03-29T21:45:50.514+0000] {processor.py:840} INFO - DAG(s) 'example_setup_teardown' retrieved from /home/airflow/.local/lib/python3.12/site-packages/airflow/example_dags/example_setup_teardown.py
[2026-03-29T21:45:50.530+0000] {logging_mixin.py:188} INFO - [2026-03-29T21:45:50.530+0000] {dag.py:3089} INFO - Sync 1 DAGs
[2026-03-29T21:45:50.545+0000] {logging_mixin.py:188} INFO - [2026-03-29T21:45:50.545+0000] {dag.py:3947} INFO - Setting next_dagrun for example_setup_teardown to 2026-03-28 00:00:00+00:00, run_after=2026-03-29 00:00:00+00:00
[2026-03-29T21:45:50.557+0000] {processor.py:183} INFO - Processing /home/airflow/.local/lib/python3.12/site-packages/airflow/example_dags/example_setup_teardown.py took 0.057 seconds
[2026-03-29T21:46:21.504+0000] {processor.py:161} INFO - Started process (PID=1653) to work on /home/airflow/.local/lib/python3.12/site-packages/airflow/example_dags/example_setup_teardown.py
[2026-03-29T21:46:21.505+0000] {processor.py:830} INFO - Processing file /home/airflow/.local/lib/python3.12/site-packages/airflow/example_dags/example_setup_teardown.py for tasks to queue
[2026-03-29T21:46:21.506+0000] {logging_mixin.py:188} INFO - [2026-03-29T21:46:21.506+0000] {dagbag.py:545} INFO - Filling up the DagBag from /home/airflow/.local/lib/python3.12/site-packages/airflow/example_dags/example_setup_teardown.py
[2026-03-29T21:46:21.510+0000] {processor.py:840} INFO - DAG(s) 'example_setup_teardown' retrieved from /home/airflow/.local/lib/python3.12/site-packages/airflow/example_dags/example_setup_teardown.py
[2026-03-29T21:46:21.523+0000] {logging_mixin.py:188} INFO - [2026-03-29T21:46:21.523+0000] {dag.py:3089} INFO - Sync 1 DAGs
[2026-03-29T21:46:21.537+0000] {logging_mixin.py:188} INFO - [2026-03-29T21:46:21.537+0000] {dag.py:3947} INFO - Setting next_dagrun for example_setup_teardown to 2026-03-28 00:00:00+00:00, run_after=2026-03-29 00:00:00+00:00
[2026-03-29T21:46:21.549+0000] {processor.py:183} INFO - Processing /home/airflow/.local/lib/python3.12/site-packages/airflow/example_dags/example_setup_teardown.py took 0.051 seconds
[2026-03-29T21:46:53.266+0000] {processor.py:161} INFO - Started process (PID=1705) to work on /home/airflow/.local/lib/python3.12/site-packages/airflow/example_dags/example_setup_teardown.py
[2026-03-29T21:46:53.267+0000] {processor.py:830} INFO - Processing file /home/airflow/.local/lib/python3.12/site-packages/airflow/example_dags/example_setup_teardown.py for tasks to queue
[2026-03-29T21:46:53.269+0000] {logging_mixin.py:188} INFO - [2026-03-29T21:46:53.269+0000] {dagbag.py:545} INFO - Filling up the DagBag from /home/airflow/.local/lib/python3.12/site-packages/airflow/example_dags/example_setup_teardown.py
[2026-03-29T21:46:53.276+0000] {processor.py:840} INFO - DAG(s) 'example_setup_teardown' retrieved from /home/airflow/.local/lib/python3.12/site-packages/airflow/example_dags/example_setup_teardown.py
[2026-03-29T21:46:53.294+0000] {logging_mixin.py:188} INFO - [2026-03-29T21:46:53.294+0000] {dag.py:3089} INFO - Sync 1 DAGs
[2026-03-29T21:46:53.317+0000] {logging_mixin.py:188} INFO - [2026-03-29T21:46:53.317+0000] {dag.py:3947} INFO - Setting next_dagrun for example_setup_teardown to 2026-03-28 00:00:00+00:00, run_after=2026-03-29 00:00:00+00:00
[2026-03-29T21:46:53.331+0000] {processor.py:183} INFO - Processing /home/airflow/.local/lib/python3.12/site-packages/airflow/example_dags/example_setup_teardown.py took 0.071 seconds
[2026-03-29T21:47:23.699+0000] {processor.py:161} INFO - Started process (PID=1757) to work on /home/airflow/.local/lib/python3.12/site-packages/airflow/example_dags/example_setup_teardown.py
[2026-03-29T21:47:23.700+0000] {processor.py:830} INFO - Processing file /home/airflow/.local/lib/python3.12/site-packages/airflow/example_dags/example_setup_teardown.py for tasks to queue
[2026-03-29T21:47:23.702+0000] {logging_mixin.py:188} INFO - [2026-03-29T21:47:23.701+0000] {dagbag.py:545} INFO - Filling up the DagBag from /home/airflow/.local/lib/python3.12/site-packages/airflow/example_dags/example_setup_teardown.py
[2026-03-29T21:47:23.708+0000] {processor.py:840} INFO - DAG(s) 'example_setup_teardown' retrieved from /home/airflow/.local/lib/python3.12/site-packages/airflow/example_dags/example_setup_teardown.py
[2026-03-29T21:47:23.726+0000] {logging_mixin.py:188} INFO - [2026-03-29T21:47:23.725+0000] {dag.py:3089} INFO - Sync 1 DAGs
[2026-03-29T21:47:23.743+0000] {logging_mixin.py:188} INFO - [2026-03-29T21:47:23.743+0000] {dag.py:3947} INFO - Setting next_dagrun for example_setup_teardown to 2026-03-28 00:00:00+00:00, run_after=2026-03-29 00:00:00+00:00
[2026-03-29T21:47:23.926+0000] {processor.py:183} INFO - Processing /home/airflow/.local/lib/python3.12/site-packages/airflow/example_dags/example_setup_teardown.py took 0.235 seconds
[2026-03-29T21:47:54.800+0000] {processor.py:161} INFO - Started process (PID=1809) to work on /home/airflow/.local/lib/python3.12/site-packages/airflow/example_dags/example_setup_teardown.py
[2026-03-29T21:47:54.801+0000] {processor.py:830} INFO - Processing file /home/airflow/.local/lib/python3.12/site-packages/airflow/example_dags/example_setup_teardown.py for tasks to queue
[2026-03-29T21:47:54.803+0000] {logging_mixin.py:188} INFO - [2026-03-29T21:47:54.803+0000] {dagbag.py:545} INFO - Filling up the DagBag from /home/airflow/.local/lib/python3.12/site-packages/airflow/example_dags/example_setup_teardown.py
[2026-03-29T21:47:54.808+0000] {processor.py:840} INFO - DAG(s) 'example_setup_teardown' retrieved from /home/airflow/.local/lib/python3.12/site-packages/airflow/example_dags/example_setup_teardown.py
[2026-03-29T21:47:54.826+0000] {logging_mixin.py:188} INFO - [2026-03-29T21:47:54.825+0000] {dag.py:3089} INFO - Sync 1 DAGs
[2026-03-29T21:47:54.844+0000] {logging_mixin.py:188} INFO - [2026-03-29T21:47:54.844+0000] {dag.py:3947} INFO - Setting next_dagrun for example_setup_teardown to 2026-03-28 00:00:00+00:00, run_after=2026-03-29 00:00:00+00:00
[2026-03-29T21:47:54.866+0000] {processor.py:183} INFO - Processing /home/airflow/.local/lib/python3.12/site-packages/airflow/example_dags/example_setup_teardown.py took 0.070 seconds
[2026-03-29T21:48:25.770+0000] {processor.py:161} INFO - Started process (PID=1862) to work on /home/airflow/.local/lib/python3.12/site-packages/airflow/example_dags/example_setup_teardown.py
[2026-03-29T21:48:25.771+0000] {processor.py:830} INFO - Processing file /home/airflow/.local/lib/python3.12/site-packages/airflow/example_dags/example_setup_teardown.py for tasks to queue
[2026-03-29T21:48:25.772+0000] {logging_mixin.py:188} INFO - [2026-03-29T21:48:25.772+0000] {dagbag.py:545} INFO - Filling up the DagBag from /home/airflow/.local/lib/python3.12/site-packages/airflow/example_dags/example_setup_teardown.py
[2026-03-29T21:48:25.777+0000] {processor.py:840} INFO - DAG(s) 'example_setup_teardown' retrieved from /home/airflow/.local/lib/python3.12/site-packages/airflow/example_dags/example_setup_teardown.py
[2026-03-29T21:48:25.791+0000] {logging_mixin.py:188} INFO - [2026-03-29T21:48:25.790+0000] {dag.py:3089} INFO - Sync 1 DAGs
[2026-03-29T21:48:25.804+0000] {logging_mixin.py:188} INFO - [2026-03-29T21:48:25.804+0000] {dag.py:3947} INFO - Setting next_dagrun for example_setup_teardown to 2026-03-28 00:00:00+00:00, run_after=2026-03-29 00:00:00+00:00
[2026-03-29T21:48:25.816+0000] {processor.py:183} INFO - Processing /home/airflow/.local/lib/python3.12/site-packages/airflow/example_dags/example_setup_teardown.py took 0.050 seconds
[2026-03-29T21:48:58.890+0000] {processor.py:161} INFO - Started process (PID=1914) to work on /home/airflow/.local/lib/python3.12/site-packages/airflow/example_dags/example_setup_teardown.py
[2026-03-29T21:48:58.893+0000] {processor.py:830} INFO - Processing file /home/airflow/.local/lib/python3.12/site-packages/airflow/example_dags/example_setup_teardown.py for tasks to queue
[2026-03-29T21:48:58.895+0000] {logging_mixin.py:188} INFO - [2026-03-29T21:48:58.895+0000] {dagbag.py:545} INFO - Filling up the DagBag from /home/airflow/.local/lib/python3.12/site-packages/airflow/example_dags/example_setup_teardown.py
[2026-03-29T21:48:58.905+0000] {processor.py:840} INFO - DAG(s) 'example_setup_teardown' retrieved from /home/airflow/.local/lib/python3.12/site-packages/airflow/example_dags/example_setup_teardown.py
[2026-03-29T21:48:58.926+0000] {logging_mixin.py:188} INFO - [2026-03-29T21:48:58.925+0000] {dag.py:3089} INFO - Sync 1 DAGs
[2026-03-29T21:48:58.946+0000] {logging_mixin.py:188} INFO - [2026-03-29T21:48:58.946+0000] {dag.py:3947} INFO - Setting next_dagrun for example_setup_teardown to 2026-03-28 00:00:00+00:00, run_after=2026-03-29 00:00:00+00:00
[2026-03-29T21:48:58.968+0000] {processor.py:183} INFO - Processing /home/airflow/.local/lib/python3.12/site-packages/airflow/example_dags/example_setup_teardown.py took 0.083 seconds
[2026-03-29T21:49:29.842+0000] {processor.py:161} INFO - Started process (PID=1966) to work on /home/airflow/.local/lib/python3.12/site-packages/airflow/example_dags/example_setup_teardown.py
[2026-03-29T21:49:29.843+0000] {processor.py:830} INFO - Processing file /home/airflow/.local/lib/python3.12/site-packages/airflow/example_dags/example_setup_teardown.py for tasks to queue
[2026-03-29T21:49:29.845+0000] {logging_mixin.py:188} INFO - [2026-03-29T21:49:29.844+0000] {dagbag.py:545} INFO - Filling up the DagBag from /home/airflow/.local/lib/python3.12/site-packages/airflow/example_dags/example_setup_teardown.py
[2026-03-29T21:49:29.850+0000] {processor.py:840} INFO - DAG(s) 'example_setup_teardown' retrieved from /home/airflow/.local/lib/python3.12/site-packages/airflow/example_dags/example_setup_teardown.py
[2026-03-29T21:49:29.986+0000] {logging_mixin.py:188} INFO - [2026-03-29T21:49:29.986+0000] {dag.py:3089} INFO - Sync 1 DAGs
[2026-03-29T21:49:30.003+0000] {logging_mixin.py:188} INFO - [2026-03-29T21:49:30.003+0000] {dag.py:3947} INFO - Setting next_dagrun for example_setup_teardown to 2026-03-28 00:00:00+00:00, run_after=2026-03-29 00:00:00+00:00
[2026-03-29T21:49:30.023+0000] {processor.py:183} INFO - Processing /home/airflow/.local/lib/python3.12/site-packages/airflow/example_dags/example_setup_teardown.py took 0.187 seconds
[2026-03-29T21:50:00.613+0000] {processor.py:161} INFO - Started process (PID=2018) to work on /home/airflow/.local/lib/python3.12/site-packages/airflow/example_dags/example_setup_teardown.py
[2026-03-29T21:50:00.614+0000] {processor.py:830} INFO - Processing file /home/airflow/.local/lib/python3.12/site-packages/airflow/example_dags/example_setup_teardown.py for tasks to queue
[2026-03-29T21:50:00.616+0000] {logging_mixin.py:188} INFO - [2026-03-29T21:50:00.616+0000] {dagbag.py:545} INFO - Filling up the DagBag from /home/airflow/.local/lib/python3.12/site-packages/airflow/example_dags/example_setup_teardown.py
[2026-03-29T21:50:00.623+0000] {processor.py:840} INFO - DAG(s) 'example_setup_teardown' retrieved from /home/airflow/.local/lib/python3.12/site-packages/airflow/example_dags/example_setup_teardown.py
[2026-03-29T21:50:00.647+0000] {logging_mixin.py:188} INFO - [2026-03-29T21:50:00.646+0000] {dag.py:3089} INFO - Sync 1 DAGs
[2026-03-29T21:50:00.666+0000] {logging_mixin.py:188} INFO - [2026-03-29T21:50:00.666+0000] {dag.py:3947} INFO - Setting next_dagrun for example_setup_teardown to 2026-03-28 00:00:00+00:00, run_after=2026-03-29 00:00:00+00:00
[2026-03-29T21:50:00.679+0000] {processor.py:183} INFO - Processing /home/airflow/.local/lib/python3.12/site-packages/airflow/example_dags/example_setup_teardown.py took 0.076 seconds
[2026-03-29T21:50:30.719+0000] {processor.py:161} INFO - Started process (PID=2070) to work on /home/airflow/.local/lib/python3.12/site-packages/airflow/example_dags/example_setup_teardown.py
[2026-03-29T21:50:30.720+0000] {processor.py:830} INFO - Processing file /home/airflow/.local/lib/python3.12/site-packages/airflow/example_dags/example_setup_teardown.py for tasks to queue
[2026-03-29T21:50:30.722+0000] {logging_mixin.py:188} INFO - [2026-03-29T21:50:30.721+0000] {dagbag.py:545} INFO - Filling up the DagBag from /home/airflow/.local/lib/python3.12/site-packages/airflow/example_dags/example_setup_teardown.py
[2026-03-29T21:50:30.727+0000] {processor.py:840} INFO - DAG(s) 'example_setup_teardown' retrieved from /home/airflow/.local/lib/python3.12/site-packages/airflow/example_dags/example_setup_teardown.py
[2026-03-29T21:50:30.749+0000] {logging_mixin.py:188} INFO - [2026-03-29T21:50:30.749+0000] {dag.py:3089} INFO - Sync 1 DAGs
[2026-03-29T21:50:30.767+0000] {logging_mixin.py:188} INFO - [2026-03-29T21:50:30.767+0000] {dag.py:3947} INFO - Setting next_dagrun for example_setup_teardown to 2026-03-28 00:00:00+00:00, run_after=2026-03-29 00:00:00+00:00
[2026-03-29T21:50:30.788+0000] {processor.py:183} INFO - Processing /home/airflow/.local/lib/python3.12/site-packages/airflow/example_dags/example_setup_teardown.py took 0.075 seconds
[2026-03-29T21:51:00.832+0000] {processor.py:161} INFO - Started process (PID=2121) to work on /home/airflow/.local/lib/python3.12/site-packages/airflow/example_dags/example_setup_teardown.py
[2026-03-29T21:51:00.834+0000] {processor.py:830} INFO - Processing file /home/airflow/.local/lib/python3.12/site-packages/airflow/example_dags/example_setup_teardown.py for tasks to queue
[2026-03-29T21:51:00.836+0000] {logging_mixin.py:188} INFO - [2026-03-29T21:51:00.836+0000] {dagbag.py:545} INFO - Filling up the DagBag from /home/airflow/.local/lib/python3.12/site-packages/airflow/example_dags/example_setup_teardown.py
[2026-03-29T21:51:00.843+0000] {processor.py:840} INFO - DAG(s) 'example_setup_teardown' retrieved from /home/airflow/.local/lib/python3.12/site-packages/airflow/example_dags/example_setup_teardown.py
[2026-03-29T21:51:00.860+0000] {logging_mixin.py:188} INFO - [2026-03-29T21:51:00.860+0000] {dag.py:3089} INFO - Sync 1 DAGs
[2026-03-29T21:51:00.878+0000] {logging_mixin.py:188} INFO - [2026-03-29T21:51:00.878+0000] {dag.py:3947} INFO - Setting next_dagrun for example_setup_teardown to 2026-03-28 00:00:00+00:00, run_after=2026-03-29 00:00:00+00:00
[2026-03-29T21:51:00.892+0000] {processor.py:183} INFO - Processing /home/airflow/.local/lib/python3.12/site-packages/airflow/example_dags/example_setup_teardown.py took 0.064 seconds
[2026-03-29T21:51:30.981+0000] {processor.py:161} INFO - Started process (PID=2173) to work on /home/airflow/.local/lib/python3.12/site-packages/airflow/example_dags/example_setup_teardown.py
[2026-03-29T21:51:30.982+0000] {processor.py:830} INFO - Processing file /home/airflow/.local/lib/python3.12/site-packages/airflow/example_dags/example_setup_teardown.py for tasks to queue
[2026-03-29T21:51:30.983+0000] {logging_mixin.py:188} INFO - [2026-03-29T21:51:30.983+0000] {dagbag.py:545} INFO - Filling up the DagBag from /home/airflow/.local/lib/python3.12/site-packages/airflow/example_dags/example_setup_teardown.py
[2026-03-29T21:51:30.989+0000] {processor.py:840} INFO - DAG(s) 'example_setup_teardown' retrieved from /home/airflow/.local/lib/python3.12/site-packages/airflow/example_dags/example_setup_teardown.py
[2026-03-29T21:51:31.011+0000] {logging_mixin.py:188} INFO - [2026-03-29T21:51:31.011+0000] {dag.py:3089} INFO - Sync 1 DAGs
[2026-03-29T21:51:31.033+0000] {logging_mixin.py:188} INFO - [2026-03-29T21:51:31.033+0000] {dag.py:3947} INFO - Setting next_dagrun for example_setup_teardown to 2026-03-28 00:00:00+00:00, run_after=2026-03-29 00:00:00+00:00
[2026-03-29T21:51:31.051+0000] {processor.py:183} INFO - Processing /home/airflow/.local/lib/python3.12/site-packages/airflow/example_dags/example_setup_teardown.py took 0.076 seconds
[2026-03-29T21:52:01.408+0000] {processor.py:161} INFO - Started process (PID=2226) to work on /home/airflow/.local/lib/python3.12/site-packages/airflow/example_dags/example_setup_teardown.py
[2026-03-29T21:52:01.409+0000] {processor.py:830} INFO - Processing file /home/airflow/.local/lib/python3.12/site-packages/airflow/example_dags/example_setup_teardown.py for tasks to queue
[2026-03-29T21:52:01.412+0000] {logging_mixin.py:188} INFO - [2026-03-29T21:52:01.412+0000] {dagbag.py:545} INFO - Filling up the DagBag from /home/airflow/.local/lib/python3.12/site-packages/airflow/example_dags/example_setup_teardown.py
[2026-03-29T21:52:01.417+0000] {processor.py:840} INFO - DAG(s) 'example_setup_teardown' retrieved from /home/airflow/.local/lib/python3.12/site-packages/airflow/example_dags/example_setup_teardown.py
[2026-03-29T21:52:01.435+0000] {logging_mixin.py:188} INFO - [2026-03-29T21:52:01.434+0000] {dag.py:3089} INFO - Sync 1 DAGs
[2026-03-29T21:52:01.453+0000] {logging_mixin.py:188} INFO - [2026-03-29T21:52:01.453+0000] {dag.py:3947} INFO - Setting next_dagrun for example_setup_teardown to 2026-03-28 00:00:00+00:00, run_after=2026-03-29 00:00:00+00:00
[2026-03-29T21:52:01.478+0000] {processor.py:183} INFO - Processing /home/airflow/.local/lib/python3.12/site-packages/airflow/example_dags/example_setup_teardown.py took 0.078 seconds
[2026-03-29T21:52:31.835+0000] {processor.py:161} INFO - Started process (PID=2278) to work on /home/airflow/.local/lib/python3.12/site-packages/airflow/example_dags/example_setup_teardown.py
[2026-03-29T21:52:31.836+0000] {processor.py:830} INFO - Processing file /home/airflow/.local/lib/python3.12/site-packages/airflow/example_dags/example_setup_teardown.py for tasks to queue
[2026-03-29T21:52:31.838+0000] {logging_mixin.py:188} INFO - [2026-03-29T21:52:31.838+0000] {dagbag.py:545} INFO - Filling up the DagBag from /home/airflow/.local/lib/python3.12/site-packages/airflow/example_dags/example_setup_teardown.py
[2026-03-29T21:52:31.845+0000] {processor.py:840} INFO - DAG(s) 'example_setup_teardown' retrieved from /home/airflow/.local/lib/python3.12/site-packages/airflow/example_dags/example_setup_teardown.py
[2026-03-29T21:52:31.865+0000] {logging_mixin.py:188} INFO - [2026-03-29T21:52:31.865+0000] {dag.py:3089} INFO - Sync 1 DAGs
[2026-03-29T21:52:31.881+0000] {logging_mixin.py:188} INFO - [2026-03-29T21:52:31.881+0000] {dag.py:3947} INFO - Setting next_dagrun for example_setup_teardown to 2026-03-28 00:00:00+00:00, run_after=2026-03-29 00:00:00+00:00
[2026-03-29T21:52:31.902+0000] {processor.py:183} INFO - Processing /home/airflow/.local/lib/python3.12/site-packages/airflow/example_dags/example_setup_teardown.py took 0.071 seconds
[2026-03-29T21:53:02.627+0000] {processor.py:161} INFO - Started process (PID=2330) to work on /home/airflow/.local/lib/python3.12/site-packages/airflow/example_dags/example_setup_teardown.py
[2026-03-29T21:53:02.629+0000] {processor.py:830} INFO - Processing file /home/airflow/.local/lib/python3.12/site-packages/airflow/example_dags/example_setup_teardown.py for tasks to queue
[2026-03-29T21:53:02.632+0000] {logging_mixin.py:188} INFO - [2026-03-29T21:53:02.631+0000] {dagbag.py:545} INFO - Filling up the DagBag from /home/airflow/.local/lib/python3.12/site-packages/airflow/example_dags/example_setup_teardown.py
[2026-03-29T21:53:02.638+0000] {processor.py:840} INFO - DAG(s) 'example_setup_teardown' retrieved from /home/airflow/.local/lib/python3.12/site-packages/airflow/example_dags/example_setup_teardown.py
[2026-03-29T21:53:02.658+0000] {logging_mixin.py:188} INFO - [2026-03-29T21:53:02.658+0000] {dag.py:3089} INFO - Sync 1 DAGs
[2026-03-29T21:53:02.676+0000] {logging_mixin.py:188} INFO - [2026-03-29T21:53:02.676+0000] {dag.py:3947} INFO - Setting next_dagrun for example_setup_teardown to 2026-03-28 00:00:00+00:00, run_after=2026-03-29 00:00:00+00:00
[2026-03-29T21:53:02.695+0000] {processor.py:183} INFO - Processing /home/airflow/.local/lib/python3.12/site-packages/airflow/example_dags/example_setup_teardown.py took 0.074 seconds
[2026-03-29T21:53:32.849+0000] {processor.py:161} INFO - Started process (PID=2382) to work on /home/airflow/.local/lib/python3.12/site-packages/airflow/example_dags/example_setup_teardown.py
[2026-03-29T21:53:32.850+0000] {processor.py:830} INFO - Processing file /home/airflow/.local/lib/python3.12/site-packages/airflow/example_dags/example_setup_teardown.py for tasks to queue
[2026-03-29T21:53:32.851+0000] {logging_mixin.py:188} INFO - [2026-03-29T21:53:32.851+0000] {dagbag.py:545} INFO - Filling up the DagBag from /home/airflow/.local/lib/python3.12/site-packages/airflow/example_dags/example_setup_teardown.py
[2026-03-29T21:53:32.860+0000] {processor.py:840} INFO - DAG(s) 'example_setup_teardown' retrieved from /home/airflow/.local/lib/python3.12/site-packages/airflow/example_dags/example_setup_teardown.py
[2026-03-29T21:53:32.878+0000] {logging_mixin.py:188} INFO - [2026-03-29T21:53:32.878+0000] {dag.py:3089} INFO - Sync 1 DAGs
[2026-03-29T21:53:32.895+0000] {logging_mixin.py:188} INFO - [2026-03-29T21:53:32.895+0000] {dag.py:3947} INFO - Setting next_dagrun for example_setup_teardown to 2026-03-28 00:00:00+00:00, run_after=2026-03-29 00:00:00+00:00
[2026-03-29T21:53:32.908+0000] {processor.py:183} INFO - Processing /home/airflow/.local/lib/python3.12/site-packages/airflow/example_dags/example_setup_teardown.py took 0.065 seconds
[2026-03-29T21:54:04.164+0000] {processor.py:161} INFO - Started process (PID=2434) to work on /home/airflow/.local/lib/python3.12/site-packages/airflow/example_dags/example_setup_teardown.py
[2026-03-29T21:54:04.165+0000] {processor.py:830} INFO - Processing file /home/airflow/.local/lib/python3.12/site-packages/airflow/example_dags/example_setup_teardown.py for tasks to queue
[2026-03-29T21:54:04.168+0000] {logging_mixin.py:188} INFO - [2026-03-29T21:54:04.167+0000] {dagbag.py:545} INFO - Filling up the DagBag from /home/airflow/.local/lib/python3.12/site-packages/airflow/example_dags/example_setup_teardown.py
[2026-03-29T21:54:04.174+0000] {processor.py:840} INFO - DAG(s) 'example_setup_teardown' retrieved from /home/airflow/.local/lib/python3.12/site-packages/airflow/example_dags/example_setup_teardown.py
[2026-03-29T21:54:04.193+0000] {logging_mixin.py:188} INFO - [2026-03-29T21:54:04.192+0000] {dag.py:3089} INFO - Sync 1 DAGs
[2026-03-29T21:54:04.209+0000] {logging_mixin.py:188} INFO - [2026-03-29T21:54:04.209+0000] {dag.py:3947} INFO - Setting next_dagrun for example_setup_teardown to 2026-03-28 00:00:00+00:00, run_after=2026-03-29 00:00:00+00:00
[2026-03-29T21:54:04.223+0000] {processor.py:183} INFO - Processing /home/airflow/.local/lib/python3.12/site-packages/airflow/example_dags/example_setup_teardown.py took 0.064 seconds
[2026-03-29T21:54:34.637+0000] {processor.py:161} INFO - Started process (PID=2486) to work on /home/airflow/.local/lib/python3.12/site-packages/airflow/example_dags/example_setup_teardown.py
[2026-03-29T21:54:34.638+0000] {processor.py:830} INFO - Processing file /home/airflow/.local/lib/python3.12/site-packages/airflow/example_dags/example_setup_teardown.py for tasks to queue
[2026-03-29T21:54:34.639+0000] {logging_mixin.py:188} INFO - [2026-03-29T21:54:34.639+0000] {dagbag.py:545} INFO - Filling up the DagBag from /home/airflow/.local/lib/python3.12/site-packages/airflow/example_dags/example_setup_teardown.py
[2026-03-29T21:54:34.644+0000] {processor.py:840} INFO - DAG(s) 'example_setup_teardown' retrieved from /home/airflow/.local/lib/python3.12/site-packages/airflow/example_dags/example_setup_teardown.py
[2026-03-29T21:54:34.662+0000] {logging_mixin.py:188} INFO - [2026-03-29T21:54:34.661+0000] {dag.py:3089} INFO - Sync 1 DAGs
[2026-03-29T21:54:34.681+0000] {logging_mixin.py:188} INFO - [2026-03-29T21:54:34.681+0000] {dag.py:3947} INFO - Setting next_dagrun for example_setup_teardown to 2026-03-28 00:00:00+00:00, run_after=2026-03-29 00:00:00+00:00
[2026-03-29T21:54:34.704+0000] {processor.py:183} INFO - Processing /home/airflow/.local/lib/python3.12/site-packages/airflow/example_dags/example_setup_teardown.py took 0.072 seconds
[2026-03-29T21:55:05.013+0000] {processor.py:161} INFO - Started process (PID=2538) to work on /home/airflow/.local/lib/python3.12/site-packages/airflow/example_dags/example_setup_teardown.py
[2026-03-29T21:55:05.014+0000] {processor.py:830} INFO - Processing file /home/airflow/.local/lib/python3.12/site-packages/airflow/example_dags/example_setup_teardown.py for tasks to queue
[2026-03-29T21:55:05.015+0000] {logging_mixin.py:188} INFO - [2026-03-29T21:55:05.015+0000] {dagbag.py:545} INFO - Filling up the DagBag from /home/airflow/.local/lib/python3.12/site-packages/airflow/example_dags/example_setup_teardown.py
[2026-03-29T21:55:05.020+0000] {processor.py:840} INFO - DAG(s) 'example_setup_teardown' retrieved from /home/airflow/.local/lib/python3.12/site-packages/airflow/example_dags/example_setup_teardown.py
[2026-03-29T21:55:05.033+0000] {logging_mixin.py:188} INFO - [2026-03-29T21:55:05.033+0000] {dag.py:3089} INFO - Sync 1 DAGs
[2026-03-29T21:55:05.048+0000] {logging_mixin.py:188} INFO - [2026-03-29T21:55:05.047+0000] {dag.py:3947} INFO - Setting next_dagrun for example_setup_teardown to 2026-03-28 00:00:00+00:00, run_after=2026-03-29 00:00:00+00:00
[2026-03-29T21:55:05.058+0000] {processor.py:183} INFO - Processing /home/airflow/.local/lib/python3.12/site-packages/airflow/example_dags/example_setup_teardown.py took 0.049 seconds
[2026-03-29T21:55:35.775+0000] {processor.py:161} INFO - Started process (PID=2590) to work on /home/airflow/.local/lib/python3.12/site-packages/airflow/example_dags/example_setup_teardown.py
[2026-03-29T21:55:35.777+0000] {processor.py:830} INFO - Processing file /home/airflow/.local/lib/python3.12/site-packages/airflow/example_dags/example_setup_teardown.py for tasks to queue
[2026-03-29T21:55:35.779+0000] {logging_mixin.py:188} INFO - [2026-03-29T21:55:35.778+0000] {dagbag.py:545} INFO - Filling up the DagBag from /home/airflow/.local/lib/python3.12/site-packages/airflow/example_dags/example_setup_teardown.py
[2026-03-29T21:55:35.784+0000] {processor.py:840} INFO - DAG(s) 'example_setup_teardown' retrieved from /home/airflow/.local/lib/python3.12/site-packages/airflow/example_dags/example_setup_teardown.py
[2026-03-29T21:55:35.799+0000] {logging_mixin.py:188} INFO - [2026-03-29T21:55:35.799+0000] {dag.py:3089} INFO - Sync 1 DAGs
[2026-03-29T21:55:35.817+0000] {logging_mixin.py:188} INFO - [2026-03-29T21:55:35.817+0000] {dag.py:3947} INFO - Setting next_dagrun for example_setup_teardown to 2026-03-28 00:00:00+00:00, run_after=2026-03-29 00:00:00+00:00
[2026-03-29T21:55:35.836+0000] {processor.py:183} INFO - Processing /home/airflow/.local/lib/python3.12/site-packages/airflow/example_dags/example_setup_teardown.py took 0.067 seconds
[2026-03-29T21:56:06.119+0000] {processor.py:161} INFO - Started process (PID=2642) to work on /home/airflow/.local/lib/python3.12/site-packages/airflow/example_dags/example_setup_teardown.py
[2026-03-29T21:56:06.120+0000] {processor.py:830} INFO - Processing file /home/airflow/.local/lib/python3.12/site-packages/airflow/example_dags/example_setup_teardown.py for tasks to queue
[2026-03-29T21:56:06.122+0000] {logging_mixin.py:188} INFO - [2026-03-29T21:56:06.121+0000] {dagbag.py:545} INFO - Filling up the DagBag from /home/airflow/.local/lib/python3.12/site-packages/airflow/example_dags/example_setup_teardown.py
[2026-03-29T21:56:06.130+0000] {processor.py:840} INFO - DAG(s) 'example_setup_teardown' retrieved from /home/airflow/.local/lib/python3.12/site-packages/airflow/example_dags/example_setup_teardown.py
[2026-03-29T21:56:06.146+0000] {logging_mixin.py:188} INFO - [2026-03-29T21:56:06.146+0000] {dag.py:3089} INFO - Sync 1 DAGs
[2026-03-29T21:56:06.161+0000] {logging_mixin.py:188} INFO - [2026-03-29T21:56:06.161+0000] {dag.py:3947} INFO - Setting next_dagrun for example_setup_teardown to 2026-03-28 00:00:00+00:00, run_after=2026-03-29 00:00:00+00:00
[2026-03-29T21:56:06.176+0000] {processor.py:183} INFO - Processing /home/airflow/.local/lib/python3.12/site-packages/airflow/example_dags/example_setup_teardown.py took 0.061 seconds
[2026-03-29T21:56:36.934+0000] {processor.py:161} INFO - Started process (PID=2694) to work on /home/airflow/.local/lib/python3.12/site-packages/airflow/example_dags/example_setup_teardown.py
[2026-03-29T21:56:36.935+0000] {processor.py:830} INFO - Processing file /home/airflow/.local/lib/python3.12/site-packages/airflow/example_dags/example_setup_teardown.py for tasks to queue
[2026-03-29T21:56:36.937+0000] {logging_mixin.py:188} INFO - [2026-03-29T21:56:36.937+0000] {dagbag.py:545} INFO - Filling up the DagBag from /home/airflow/.local/lib/python3.12/site-packages/airflow/example_dags/example_setup_teardown.py
[2026-03-29T21:56:36.946+0000] {processor.py:840} INFO - DAG(s) 'example_setup_teardown' retrieved from /home/airflow/.local/lib/python3.12/site-packages/airflow/example_dags/example_setup_teardown.py
[2026-03-29T21:56:36.975+0000] {logging_mixin.py:188} INFO - [2026-03-29T21:56:36.975+0000] {dag.py:3089} INFO - Sync 1 DAGs
[2026-03-29T21:56:36.997+0000] {logging_mixin.py:188} INFO - [2026-03-29T21:56:36.997+0000] {dag.py:3947} INFO - Setting next_dagrun for example_setup_teardown to 2026-03-28 00:00:00+00:00, run_after=2026-03-29 00:00:00+00:00
[2026-03-29T21:56:37.019+0000] {processor.py:183} INFO - Processing /home/airflow/.local/lib/python3.12/site-packages/airflow/example_dags/example_setup_teardown.py took 0.091 seconds
[2026-03-29T21:57:07.764+0000] {processor.py:161} INFO - Started process (PID=2746) to work on /home/airflow/.local/lib/python3.12/site-packages/airflow/example_dags/example_setup_teardown.py
[2026-03-29T21:57:07.765+0000] {processor.py:830} INFO - Processing file /home/airflow/.local/lib/python3.12/site-packages/airflow/example_dags/example_setup_teardown.py for tasks to queue
[2026-03-29T21:57:07.767+0000] {logging_mixin.py:188} INFO - [2026-03-29T21:57:07.766+0000] {dagbag.py:545} INFO - Filling up the DagBag from /home/airflow/.local/lib/python3.12/site-packages/airflow/example_dags/example_setup_teardown.py
[2026-03-29T21:57:07.772+0000] {processor.py:840} INFO - DAG(s) 'example_setup_teardown' retrieved from /home/airflow/.local/lib/python3.12/site-packages/airflow/example_dags/example_setup_teardown.py
[2026-03-29T21:57:07.791+0000] {logging_mixin.py:188} INFO - [2026-03-29T21:57:07.791+0000] {dag.py:3089} INFO - Sync 1 DAGs
[2026-03-29T21:57:07.807+0000] {logging_mixin.py:188} INFO - [2026-03-29T21:57:07.807+0000] {dag.py:3947} INFO - Setting next_dagrun for example_setup_teardown to 2026-03-28 00:00:00+00:00, run_after=2026-03-29 00:00:00+00:00
[2026-03-29T21:57:07.824+0000] {processor.py:183} INFO - Processing /home/airflow/.local/lib/python3.12/site-packages/airflow/example_dags/example_setup_teardown.py took 0.068 seconds
[2026-03-29T21:57:37.876+0000] {processor.py:161} INFO - Started process (PID=2798) to work on /home/airflow/.local/lib/python3.12/site-packages/airflow/example_dags/example_setup_teardown.py
[2026-03-29T21:57:37.878+0000] {processor.py:830} INFO - Processing file /home/airflow/.local/lib/python3.12/site-packages/airflow/example_dags/example_setup_teardown.py for tasks to queue
[2026-03-29T21:57:37.880+0000] {logging_mixin.py:188} INFO - [2026-03-29T21:57:37.880+0000] {dagbag.py:545} INFO - Filling up the DagBag from /home/airflow/.local/lib/python3.12/site-packages/airflow/example_dags/example_setup_teardown.py
[2026-03-29T21:57:37.887+0000] {processor.py:840} INFO - DAG(s) 'example_setup_teardown' retrieved from /home/airflow/.local/lib/python3.12/site-packages/airflow/example_dags/example_setup_teardown.py
[2026-03-29T21:57:37.919+0000] {logging_mixin.py:188} INFO - [2026-03-29T21:57:37.919+0000] {dag.py:3089} INFO - Sync 1 DAGs
[2026-03-29T21:57:37.943+0000] {logging_mixin.py:188} INFO - [2026-03-29T21:57:37.943+0000] {dag.py:3947} INFO - Setting next_dagrun for example_setup_teardown to 2026-03-28 00:00:00+00:00, run_after=2026-03-29 00:00:00+00:00
[2026-03-29T21:57:37.959+0000] {processor.py:183} INFO - Processing /home/airflow/.local/lib/python3.12/site-packages/airflow/example_dags/example_setup_teardown.py took 0.088 seconds
[2026-03-29T21:58:08.763+0000] {processor.py:161} INFO - Started process (PID=2850) to work on /home/airflow/.local/lib/python3.12/site-packages/airflow/example_dags/example_setup_teardown.py
[2026-03-29T21:58:08.765+0000] {processor.py:830} INFO - Processing file /home/airflow/.local/lib/python3.12/site-packages/airflow/example_dags/example_setup_teardown.py for tasks to queue
[2026-03-29T21:58:08.767+0000] {logging_mixin.py:188} INFO - [2026-03-29T21:58:08.766+0000] {dagbag.py:545} INFO - Filling up the DagBag from /home/airflow/.local/lib/python3.12/site-packages/airflow/example_dags/example_setup_teardown.py
[2026-03-29T21:58:08.771+0000] {processor.py:840} INFO - DAG(s) 'example_setup_teardown' retrieved from /home/airflow/.local/lib/python3.12/site-packages/airflow/example_dags/example_setup_teardown.py
[2026-03-29T21:58:08.785+0000] {logging_mixin.py:188} INFO - [2026-03-29T21:58:08.785+0000] {dag.py:3089} INFO - Sync 1 DAGs
[2026-03-29T21:58:08.800+0000] {logging_mixin.py:188} INFO - [2026-03-29T21:58:08.800+0000] {dag.py:3947} INFO - Setting next_dagrun for example_setup_teardown to 2026-03-28 00:00:00+00:00, run_after=2026-03-29 00:00:00+00:00
[2026-03-29T21:58:08.817+0000] {processor.py:183} INFO - Processing /home/airflow/.local/lib/python3.12/site-packages/airflow/example_dags/example_setup_teardown.py took 0.061 seconds
