[2026-03-29T21:30:29.524+0000] {processor.py:161} INFO - Started process (PID=37) to work on /home/airflow/.local/lib/python3.12/site-packages/airflow/example_dags/example_latest_only.py
[2026-03-29T21:30:29.528+0000] {processor.py:830} INFO - Processing file /home/airflow/.local/lib/python3.12/site-packages/airflow/example_dags/example_latest_only.py for tasks to queue
[2026-03-29T21:30:29.533+0000] {logging_mixin.py:188} INFO - [2026-03-29T21:30:29.532+0000] {dagbag.py:545} INFO - Filling up the DagBag from /home/airflow/.local/lib/python3.12/site-packages/airflow/example_dags/example_latest_only.py
[2026-03-29T21:30:29.550+0000] {processor.py:840} INFO - DAG(s) 'latest_only' retrieved from /home/airflow/.local/lib/python3.12/site-packages/airflow/example_dags/example_latest_only.py
[2026-03-29T21:30:29.604+0000] {logging_mixin.py:188} INFO - [2026-03-29T21:30:29.603+0000] {dag.py:3089} INFO - Sync 1 DAGs
[2026-03-29T21:30:29.705+0000] {logging_mixin.py:188} INFO - [2026-03-29T21:30:29.704+0000] {dag.py:3947} INFO - Setting next_dagrun for latest_only to 2026-03-29 16:00:00+00:00, run_after=2026-03-29 20:00:00+00:00
[2026-03-29T21:30:29.796+0000] {processor.py:183} INFO - Processing /home/airflow/.local/lib/python3.12/site-packages/airflow/example_dags/example_latest_only.py took 0.284 seconds
[2026-03-29T21:31:01.148+0000] {processor.py:161} INFO - Started process (PID=89) to work on /home/airflow/.local/lib/python3.12/site-packages/airflow/example_dags/example_latest_only.py
[2026-03-29T21:31:01.151+0000] {processor.py:830} INFO - Processing file /home/airflow/.local/lib/python3.12/site-packages/airflow/example_dags/example_latest_only.py for tasks to queue
[2026-03-29T21:31:01.156+0000] {logging_mixin.py:188} INFO - [2026-03-29T21:31:01.155+0000] {dagbag.py:545} INFO - Filling up the DagBag from /home/airflow/.local/lib/python3.12/site-packages/airflow/example_dags/example_latest_only.py
[2026-03-29T21:31:01.163+0000] {processor.py:840} INFO - DAG(s) 'latest_only' retrieved from /home/airflow/.local/lib/python3.12/site-packages/airflow/example_dags/example_latest_only.py
[2026-03-29T21:31:01.318+0000] {logging_mixin.py:188} INFO - [2026-03-29T21:31:01.317+0000] {dag.py:3089} INFO - Sync 1 DAGs
[2026-03-29T21:31:01.347+0000] {logging_mixin.py:188} INFO - [2026-03-29T21:31:01.347+0000] {dag.py:3947} INFO - Setting next_dagrun for latest_only to 2026-03-29 16:00:00+00:00, run_after=2026-03-29 20:00:00+00:00
[2026-03-29T21:31:01.383+0000] {processor.py:183} INFO - Processing /home/airflow/.local/lib/python3.12/site-packages/airflow/example_dags/example_latest_only.py took 0.243 seconds
[2026-03-29T21:31:31.598+0000] {processor.py:161} INFO - Started process (PID=141) to work on /home/airflow/.local/lib/python3.12/site-packages/airflow/example_dags/example_latest_only.py
[2026-03-29T21:31:31.600+0000] {processor.py:830} INFO - Processing file /home/airflow/.local/lib/python3.12/site-packages/airflow/example_dags/example_latest_only.py for tasks to queue
[2026-03-29T21:31:31.601+0000] {logging_mixin.py:188} INFO - [2026-03-29T21:31:31.601+0000] {dagbag.py:545} INFO - Filling up the DagBag from /home/airflow/.local/lib/python3.12/site-packages/airflow/example_dags/example_latest_only.py
[2026-03-29T21:31:31.606+0000] {processor.py:840} INFO - DAG(s) 'latest_only' retrieved from /home/airflow/.local/lib/python3.12/site-packages/airflow/example_dags/example_latest_only.py
[2026-03-29T21:31:31.625+0000] {logging_mixin.py:188} INFO - [2026-03-29T21:31:31.625+0000] {dag.py:3089} INFO - Sync 1 DAGs
[2026-03-29T21:31:31.648+0000] {logging_mixin.py:188} INFO - [2026-03-29T21:31:31.647+0000] {dag.py:3947} INFO - Setting next_dagrun for latest_only to 2026-03-29 16:00:00+00:00, run_after=2026-03-29 20:00:00+00:00
[2026-03-29T21:31:31.669+0000] {processor.py:183} INFO - Processing /home/airflow/.local/lib/python3.12/site-packages/airflow/example_dags/example_latest_only.py took 0.076 seconds
[2026-03-29T21:32:03.707+0000] {processor.py:161} INFO - Started process (PID=193) to work on /home/airflow/.local/lib/python3.12/site-packages/airflow/example_dags/example_latest_only.py
[2026-03-29T21:32:03.710+0000] {processor.py:830} INFO - Processing file /home/airflow/.local/lib/python3.12/site-packages/airflow/example_dags/example_latest_only.py for tasks to queue
[2026-03-29T21:32:03.713+0000] {logging_mixin.py:188} INFO - [2026-03-29T21:32:03.712+0000] {dagbag.py:545} INFO - Filling up the DagBag from /home/airflow/.local/lib/python3.12/site-packages/airflow/example_dags/example_latest_only.py
[2026-03-29T21:32:03.724+0000] {processor.py:840} INFO - DAG(s) 'latest_only' retrieved from /home/airflow/.local/lib/python3.12/site-packages/airflow/example_dags/example_latest_only.py
[2026-03-29T21:32:03.760+0000] {logging_mixin.py:188} INFO - [2026-03-29T21:32:03.760+0000] {dag.py:3089} INFO - Sync 1 DAGs
[2026-03-29T21:32:03.804+0000] {logging_mixin.py:188} INFO - [2026-03-29T21:32:03.803+0000] {dag.py:3947} INFO - Setting next_dagrun for latest_only to 2026-03-29 16:00:00+00:00, run_after=2026-03-29 20:00:00+00:00
[2026-03-29T21:32:03.838+0000] {processor.py:183} INFO - Processing /home/airflow/.local/lib/python3.12/site-packages/airflow/example_dags/example_latest_only.py took 0.142 seconds
[2026-03-29T21:32:34.411+0000] {processor.py:161} INFO - Started process (PID=245) to work on /home/airflow/.local/lib/python3.12/site-packages/airflow/example_dags/example_latest_only.py
[2026-03-29T21:32:34.413+0000] {processor.py:830} INFO - Processing file /home/airflow/.local/lib/python3.12/site-packages/airflow/example_dags/example_latest_only.py for tasks to queue
[2026-03-29T21:32:34.414+0000] {logging_mixin.py:188} INFO - [2026-03-29T21:32:34.414+0000] {dagbag.py:545} INFO - Filling up the DagBag from /home/airflow/.local/lib/python3.12/site-packages/airflow/example_dags/example_latest_only.py
[2026-03-29T21:32:34.417+0000] {processor.py:840} INFO - DAG(s) 'latest_only' retrieved from /home/airflow/.local/lib/python3.12/site-packages/airflow/example_dags/example_latest_only.py
[2026-03-29T21:32:34.430+0000] {logging_mixin.py:188} INFO - [2026-03-29T21:32:34.430+0000] {dag.py:3089} INFO - Sync 1 DAGs
[2026-03-29T21:32:34.444+0000] {logging_mixin.py:188} INFO - [2026-03-29T21:32:34.444+0000] {dag.py:3947} INFO - Setting next_dagrun for latest_only to 2026-03-29 16:00:00+00:00, run_after=2026-03-29 20:00:00+00:00
[2026-03-29T21:32:34.455+0000] {processor.py:183} INFO - Processing /home/airflow/.local/lib/python3.12/site-packages/airflow/example_dags/example_latest_only.py took 0.048 seconds
[2026-03-29T21:33:04.780+0000] {processor.py:161} INFO - Started process (PID=297) to work on /home/airflow/.local/lib/python3.12/site-packages/airflow/example_dags/example_latest_only.py
[2026-03-29T21:33:04.781+0000] {processor.py:830} INFO - Processing file /home/airflow/.local/lib/python3.12/site-packages/airflow/example_dags/example_latest_only.py for tasks to queue
[2026-03-29T21:33:04.785+0000] {logging_mixin.py:188} INFO - [2026-03-29T21:33:04.784+0000] {dagbag.py:545} INFO - Filling up the DagBag from /home/airflow/.local/lib/python3.12/site-packages/airflow/example_dags/example_latest_only.py
[2026-03-29T21:33:04.789+0000] {processor.py:840} INFO - DAG(s) 'latest_only' retrieved from /home/airflow/.local/lib/python3.12/site-packages/airflow/example_dags/example_latest_only.py
[2026-03-29T21:33:04.805+0000] {logging_mixin.py:188} INFO - [2026-03-29T21:33:04.805+0000] {dag.py:3089} INFO - Sync 1 DAGs
[2026-03-29T21:33:04.825+0000] {logging_mixin.py:188} INFO - [2026-03-29T21:33:04.825+0000] {dag.py:3947} INFO - Setting next_dagrun for latest_only to 2026-03-29 16:00:00+00:00, run_after=2026-03-29 20:00:00+00:00
[2026-03-29T21:33:04.851+0000] {processor.py:183} INFO - Processing /home/airflow/.local/lib/python3.12/site-packages/airflow/example_dags/example_latest_only.py took 0.077 seconds
[2026-03-29T21:33:35.323+0000] {processor.py:161} INFO - Started process (PID=349) to work on /home/airflow/.local/lib/python3.12/site-packages/airflow/example_dags/example_latest_only.py
[2026-03-29T21:33:35.324+0000] {processor.py:830} INFO - Processing file /home/airflow/.local/lib/python3.12/site-packages/airflow/example_dags/example_latest_only.py for tasks to queue
[2026-03-29T21:33:35.325+0000] {logging_mixin.py:188} INFO - [2026-03-29T21:33:35.325+0000] {dagbag.py:545} INFO - Filling up the DagBag from /home/airflow/.local/lib/python3.12/site-packages/airflow/example_dags/example_latest_only.py
[2026-03-29T21:33:35.329+0000] {processor.py:840} INFO - DAG(s) 'latest_only' retrieved from /home/airflow/.local/lib/python3.12/site-packages/airflow/example_dags/example_latest_only.py
[2026-03-29T21:33:35.349+0000] {logging_mixin.py:188} INFO - [2026-03-29T21:33:35.349+0000] {dag.py:3089} INFO - Sync 1 DAGs
[2026-03-29T21:33:35.368+0000] {logging_mixin.py:188} INFO - [2026-03-29T21:33:35.368+0000] {dag.py:3947} INFO - Setting next_dagrun for latest_only to 2026-03-29 16:00:00+00:00, run_after=2026-03-29 20:00:00+00:00
[2026-03-29T21:33:35.385+0000] {processor.py:183} INFO - Processing /home/airflow/.local/lib/python3.12/site-packages/airflow/example_dags/example_latest_only.py took 0.067 seconds
[2026-03-29T21:34:06.030+0000] {processor.py:161} INFO - Started process (PID=401) to work on /home/airflow/.local/lib/python3.12/site-packages/airflow/example_dags/example_latest_only.py
[2026-03-29T21:34:06.032+0000] {processor.py:830} INFO - Processing file /home/airflow/.local/lib/python3.12/site-packages/airflow/example_dags/example_latest_only.py for tasks to queue
[2026-03-29T21:34:06.033+0000] {logging_mixin.py:188} INFO - [2026-03-29T21:34:06.033+0000] {dagbag.py:545} INFO - Filling up the DagBag from /home/airflow/.local/lib/python3.12/site-packages/airflow/example_dags/example_latest_only.py
[2026-03-29T21:34:06.058+0000] {processor.py:840} INFO - DAG(s) 'latest_only' retrieved from /home/airflow/.local/lib/python3.12/site-packages/airflow/example_dags/example_latest_only.py
[2026-03-29T21:34:06.081+0000] {logging_mixin.py:188} INFO - [2026-03-29T21:34:06.081+0000] {dag.py:3089} INFO - Sync 1 DAGs
[2026-03-29T21:34:06.100+0000] {logging_mixin.py:188} INFO - [2026-03-29T21:34:06.100+0000] {dag.py:3947} INFO - Setting next_dagrun for latest_only to 2026-03-29 16:00:00+00:00, run_after=2026-03-29 20:00:00+00:00
[2026-03-29T21:34:06.119+0000] {processor.py:183} INFO - Processing /home/airflow/.local/lib/python3.12/site-packages/airflow/example_dags/example_latest_only.py took 0.096 seconds
[2026-03-29T21:34:36.360+0000] {processor.py:161} INFO - Started process (PID=453) to work on /home/airflow/.local/lib/python3.12/site-packages/airflow/example_dags/example_latest_only.py
[2026-03-29T21:34:36.362+0000] {processor.py:830} INFO - Processing file /home/airflow/.local/lib/python3.12/site-packages/airflow/example_dags/example_latest_only.py for tasks to queue
[2026-03-29T21:34:36.363+0000] {logging_mixin.py:188} INFO - [2026-03-29T21:34:36.363+0000] {dagbag.py:545} INFO - Filling up the DagBag from /home/airflow/.local/lib/python3.12/site-packages/airflow/example_dags/example_latest_only.py
[2026-03-29T21:34:36.369+0000] {processor.py:840} INFO - DAG(s) 'latest_only' retrieved from /home/airflow/.local/lib/python3.12/site-packages/airflow/example_dags/example_latest_only.py
[2026-03-29T21:34:36.392+0000] {logging_mixin.py:188} INFO - [2026-03-29T21:34:36.391+0000] {dag.py:3089} INFO - Sync 1 DAGs
[2026-03-29T21:34:36.424+0000] {logging_mixin.py:188} INFO - [2026-03-29T21:34:36.423+0000] {dag.py:3947} INFO - Setting next_dagrun for latest_only to 2026-03-29 16:00:00+00:00, run_after=2026-03-29 20:00:00+00:00
[2026-03-29T21:34:36.458+0000] {processor.py:183} INFO - Processing /home/airflow/.local/lib/python3.12/site-packages/airflow/example_dags/example_latest_only.py took 0.107 seconds
[2026-03-29T21:35:06.493+0000] {processor.py:161} INFO - Started process (PID=504) to work on /home/airflow/.local/lib/python3.12/site-packages/airflow/example_dags/example_latest_only.py
[2026-03-29T21:35:06.494+0000] {processor.py:830} INFO - Processing file /home/airflow/.local/lib/python3.12/site-packages/airflow/example_dags/example_latest_only.py for tasks to queue
[2026-03-29T21:35:06.495+0000] {logging_mixin.py:188} INFO - [2026-03-29T21:35:06.495+0000] {dagbag.py:545} INFO - Filling up the DagBag from /home/airflow/.local/lib/python3.12/site-packages/airflow/example_dags/example_latest_only.py
[2026-03-29T21:35:06.498+0000] {processor.py:840} INFO - DAG(s) 'latest_only' retrieved from /home/airflow/.local/lib/python3.12/site-packages/airflow/example_dags/example_latest_only.py
[2026-03-29T21:35:06.511+0000] {logging_mixin.py:188} INFO - [2026-03-29T21:35:06.511+0000] {dag.py:3089} INFO - Sync 1 DAGs
[2026-03-29T21:35:06.525+0000] {logging_mixin.py:188} INFO - [2026-03-29T21:35:06.525+0000] {dag.py:3947} INFO - Setting next_dagrun for latest_only to 2026-03-29 16:00:00+00:00, run_after=2026-03-29 20:00:00+00:00
[2026-03-29T21:35:06.537+0000] {processor.py:183} INFO - Processing /home/airflow/.local/lib/python3.12/site-packages/airflow/example_dags/example_latest_only.py took 0.049 seconds
[2026-03-29T21:35:37.433+0000] {processor.py:161} INFO - Started process (PID=556) to work on /home/airflow/.local/lib/python3.12/site-packages/airflow/example_dags/example_latest_only.py
[2026-03-29T21:35:37.435+0000] {processor.py:830} INFO - Processing file /home/airflow/.local/lib/python3.12/site-packages/airflow/example_dags/example_latest_only.py for tasks to queue
[2026-03-29T21:35:37.438+0000] {logging_mixin.py:188} INFO - [2026-03-29T21:35:37.438+0000] {dagbag.py:545} INFO - Filling up the DagBag from /home/airflow/.local/lib/python3.12/site-packages/airflow/example_dags/example_latest_only.py
[2026-03-29T21:35:37.442+0000] {processor.py:840} INFO - DAG(s) 'latest_only' retrieved from /home/airflow/.local/lib/python3.12/site-packages/airflow/example_dags/example_latest_only.py
[2026-03-29T21:35:37.456+0000] {logging_mixin.py:188} INFO - [2026-03-29T21:35:37.456+0000] {dag.py:3089} INFO - Sync 1 DAGs
[2026-03-29T21:35:37.469+0000] {logging_mixin.py:188} INFO - [2026-03-29T21:35:37.469+0000] {dag.py:3947} INFO - Setting next_dagrun for latest_only to 2026-03-29 16:00:00+00:00, run_after=2026-03-29 20:00:00+00:00
[2026-03-29T21:35:37.481+0000] {processor.py:183} INFO - Processing /home/airflow/.local/lib/python3.12/site-packages/airflow/example_dags/example_latest_only.py took 0.056 seconds
[2026-03-29T21:36:07.949+0000] {processor.py:161} INFO - Started process (PID=608) to work on /home/airflow/.local/lib/python3.12/site-packages/airflow/example_dags/example_latest_only.py
[2026-03-29T21:36:07.950+0000] {processor.py:830} INFO - Processing file /home/airflow/.local/lib/python3.12/site-packages/airflow/example_dags/example_latest_only.py for tasks to queue
[2026-03-29T21:36:07.953+0000] {logging_mixin.py:188} INFO - [2026-03-29T21:36:07.953+0000] {dagbag.py:545} INFO - Filling up the DagBag from /home/airflow/.local/lib/python3.12/site-packages/airflow/example_dags/example_latest_only.py
[2026-03-29T21:36:07.958+0000] {processor.py:840} INFO - DAG(s) 'latest_only' retrieved from /home/airflow/.local/lib/python3.12/site-packages/airflow/example_dags/example_latest_only.py
[2026-03-29T21:36:07.975+0000] {logging_mixin.py:188} INFO - [2026-03-29T21:36:07.974+0000] {dag.py:3089} INFO - Sync 1 DAGs
[2026-03-29T21:36:07.990+0000] {logging_mixin.py:188} INFO - [2026-03-29T21:36:07.990+0000] {dag.py:3947} INFO - Setting next_dagrun for latest_only to 2026-03-29 16:00:00+00:00, run_after=2026-03-29 20:00:00+00:00
[2026-03-29T21:36:08.001+0000] {processor.py:183} INFO - Processing /home/airflow/.local/lib/python3.12/site-packages/airflow/example_dags/example_latest_only.py took 0.057 seconds
[2026-03-29T21:36:38.296+0000] {processor.py:161} INFO - Started process (PID=660) to work on /home/airflow/.local/lib/python3.12/site-packages/airflow/example_dags/example_latest_only.py
[2026-03-29T21:36:38.297+0000] {processor.py:830} INFO - Processing file /home/airflow/.local/lib/python3.12/site-packages/airflow/example_dags/example_latest_only.py for tasks to queue
[2026-03-29T21:36:38.298+0000] {logging_mixin.py:188} INFO - [2026-03-29T21:36:38.298+0000] {dagbag.py:545} INFO - Filling up the DagBag from /home/airflow/.local/lib/python3.12/site-packages/airflow/example_dags/example_latest_only.py
[2026-03-29T21:36:38.301+0000] {processor.py:840} INFO - DAG(s) 'latest_only' retrieved from /home/airflow/.local/lib/python3.12/site-packages/airflow/example_dags/example_latest_only.py
[2026-03-29T21:36:38.314+0000] {logging_mixin.py:188} INFO - [2026-03-29T21:36:38.314+0000] {dag.py:3089} INFO - Sync 1 DAGs
[2026-03-29T21:36:38.329+0000] {logging_mixin.py:188} INFO - [2026-03-29T21:36:38.328+0000] {dag.py:3947} INFO - Setting next_dagrun for latest_only to 2026-03-29 16:00:00+00:00, run_after=2026-03-29 20:00:00+00:00
[2026-03-29T21:36:38.341+0000] {processor.py:183} INFO - Processing /home/airflow/.local/lib/python3.12/site-packages/airflow/example_dags/example_latest_only.py took 0.049 seconds
[2026-03-29T21:37:09.043+0000] {processor.py:161} INFO - Started process (PID=712) to work on /home/airflow/.local/lib/python3.12/site-packages/airflow/example_dags/example_latest_only.py
[2026-03-29T21:37:09.045+0000] {processor.py:830} INFO - Processing file /home/airflow/.local/lib/python3.12/site-packages/airflow/example_dags/example_latest_only.py for tasks to queue
[2026-03-29T21:37:09.048+0000] {logging_mixin.py:188} INFO - [2026-03-29T21:37:09.048+0000] {dagbag.py:545} INFO - Filling up the DagBag from /home/airflow/.local/lib/python3.12/site-packages/airflow/example_dags/example_latest_only.py
[2026-03-29T21:37:09.052+0000] {processor.py:840} INFO - DAG(s) 'latest_only' retrieved from /home/airflow/.local/lib/python3.12/site-packages/airflow/example_dags/example_latest_only.py
[2026-03-29T21:37:09.069+0000] {logging_mixin.py:188} INFO - [2026-03-29T21:37:09.068+0000] {dag.py:3089} INFO - Sync 1 DAGs
[2026-03-29T21:37:09.083+0000] {logging_mixin.py:188} INFO - [2026-03-29T21:37:09.083+0000] {dag.py:3947} INFO - Setting next_dagrun for latest_only to 2026-03-29 16:00:00+00:00, run_after=2026-03-29 20:00:00+00:00
[2026-03-29T21:37:09.094+0000] {processor.py:183} INFO - Processing /home/airflow/.local/lib/python3.12/site-packages/airflow/example_dags/example_latest_only.py took 0.061 seconds
[2026-03-29T21:37:39.214+0000] {processor.py:161} INFO - Started process (PID=764) to work on /home/airflow/.local/lib/python3.12/site-packages/airflow/example_dags/example_latest_only.py
[2026-03-29T21:37:39.215+0000] {processor.py:830} INFO - Processing file /home/airflow/.local/lib/python3.12/site-packages/airflow/example_dags/example_latest_only.py for tasks to queue
[2026-03-29T21:37:39.216+0000] {logging_mixin.py:188} INFO - [2026-03-29T21:37:39.216+0000] {dagbag.py:545} INFO - Filling up the DagBag from /home/airflow/.local/lib/python3.12/site-packages/airflow/example_dags/example_latest_only.py
[2026-03-29T21:37:39.219+0000] {processor.py:840} INFO - DAG(s) 'latest_only' retrieved from /home/airflow/.local/lib/python3.12/site-packages/airflow/example_dags/example_latest_only.py
[2026-03-29T21:37:39.233+0000] {logging_mixin.py:188} INFO - [2026-03-29T21:37:39.233+0000] {dag.py:3089} INFO - Sync 1 DAGs
[2026-03-29T21:37:39.247+0000] {logging_mixin.py:188} INFO - [2026-03-29T21:37:39.247+0000] {dag.py:3947} INFO - Setting next_dagrun for latest_only to 2026-03-29 16:00:00+00:00, run_after=2026-03-29 20:00:00+00:00
[2026-03-29T21:37:39.258+0000] {processor.py:183} INFO - Processing /home/airflow/.local/lib/python3.12/site-packages/airflow/example_dags/example_latest_only.py took 0.047 seconds
[2026-03-29T21:38:09.837+0000] {processor.py:161} INFO - Started process (PID=816) to work on /home/airflow/.local/lib/python3.12/site-packages/airflow/example_dags/example_latest_only.py
[2026-03-29T21:38:09.838+0000] {processor.py:830} INFO - Processing file /home/airflow/.local/lib/python3.12/site-packages/airflow/example_dags/example_latest_only.py for tasks to queue
[2026-03-29T21:38:09.840+0000] {logging_mixin.py:188} INFO - [2026-03-29T21:38:09.840+0000] {dagbag.py:545} INFO - Filling up the DagBag from /home/airflow/.local/lib/python3.12/site-packages/airflow/example_dags/example_latest_only.py
[2026-03-29T21:38:09.844+0000] {processor.py:840} INFO - DAG(s) 'latest_only' retrieved from /home/airflow/.local/lib/python3.12/site-packages/airflow/example_dags/example_latest_only.py
[2026-03-29T21:38:09.860+0000] {logging_mixin.py:188} INFO - [2026-03-29T21:38:09.860+0000] {dag.py:3089} INFO - Sync 1 DAGs
[2026-03-29T21:38:09.884+0000] {logging_mixin.py:188} INFO - [2026-03-29T21:38:09.884+0000] {dag.py:3947} INFO - Setting next_dagrun for latest_only to 2026-03-29 16:00:00+00:00, run_after=2026-03-29 20:00:00+00:00
[2026-03-29T21:38:09.908+0000] {processor.py:183} INFO - Processing /home/airflow/.local/lib/python3.12/site-packages/airflow/example_dags/example_latest_only.py took 0.077 seconds
[2026-03-29T21:38:40.441+0000] {processor.py:161} INFO - Started process (PID=868) to work on /home/airflow/.local/lib/python3.12/site-packages/airflow/example_dags/example_latest_only.py
[2026-03-29T21:38:40.442+0000] {processor.py:830} INFO - Processing file /home/airflow/.local/lib/python3.12/site-packages/airflow/example_dags/example_latest_only.py for tasks to queue
[2026-03-29T21:38:40.443+0000] {logging_mixin.py:188} INFO - [2026-03-29T21:38:40.443+0000] {dagbag.py:545} INFO - Filling up the DagBag from /home/airflow/.local/lib/python3.12/site-packages/airflow/example_dags/example_latest_only.py
[2026-03-29T21:38:40.447+0000] {processor.py:840} INFO - DAG(s) 'latest_only' retrieved from /home/airflow/.local/lib/python3.12/site-packages/airflow/example_dags/example_latest_only.py
[2026-03-29T21:38:40.462+0000] {logging_mixin.py:188} INFO - [2026-03-29T21:38:40.462+0000] {dag.py:3089} INFO - Sync 1 DAGs
[2026-03-29T21:38:40.480+0000] {logging_mixin.py:188} INFO - [2026-03-29T21:38:40.479+0000] {dag.py:3947} INFO - Setting next_dagrun for latest_only to 2026-03-29 16:00:00+00:00, run_after=2026-03-29 20:00:00+00:00
[2026-03-29T21:38:40.494+0000] {processor.py:183} INFO - Processing /home/airflow/.local/lib/python3.12/site-packages/airflow/example_dags/example_latest_only.py took 0.058 seconds
[2026-03-29T21:39:10.835+0000] {processor.py:161} INFO - Started process (PID=920) to work on /home/airflow/.local/lib/python3.12/site-packages/airflow/example_dags/example_latest_only.py
[2026-03-29T21:39:10.836+0000] {processor.py:830} INFO - Processing file /home/airflow/.local/lib/python3.12/site-packages/airflow/example_dags/example_latest_only.py for tasks to queue
[2026-03-29T21:39:10.838+0000] {logging_mixin.py:188} INFO - [2026-03-29T21:39:10.837+0000] {dagbag.py:545} INFO - Filling up the DagBag from /home/airflow/.local/lib/python3.12/site-packages/airflow/example_dags/example_latest_only.py
[2026-03-29T21:39:10.841+0000] {processor.py:840} INFO - DAG(s) 'latest_only' retrieved from /home/airflow/.local/lib/python3.12/site-packages/airflow/example_dags/example_latest_only.py
[2026-03-29T21:39:10.854+0000] {logging_mixin.py:188} INFO - [2026-03-29T21:39:10.854+0000] {dag.py:3089} INFO - Sync 1 DAGs
[2026-03-29T21:39:10.867+0000] {logging_mixin.py:188} INFO - [2026-03-29T21:39:10.867+0000] {dag.py:3947} INFO - Setting next_dagrun for latest_only to 2026-03-29 16:00:00+00:00, run_after=2026-03-29 20:00:00+00:00
[2026-03-29T21:39:10.879+0000] {processor.py:183} INFO - Processing /home/airflow/.local/lib/python3.12/site-packages/airflow/example_dags/example_latest_only.py took 0.048 seconds
[2026-03-29T21:39:41.029+0000] {processor.py:161} INFO - Started process (PID=972) to work on /home/airflow/.local/lib/python3.12/site-packages/airflow/example_dags/example_latest_only.py
[2026-03-29T21:39:41.031+0000] {processor.py:830} INFO - Processing file /home/airflow/.local/lib/python3.12/site-packages/airflow/example_dags/example_latest_only.py for tasks to queue
[2026-03-29T21:39:41.034+0000] {logging_mixin.py:188} INFO - [2026-03-29T21:39:41.034+0000] {dagbag.py:545} INFO - Filling up the DagBag from /home/airflow/.local/lib/python3.12/site-packages/airflow/example_dags/example_latest_only.py
[2026-03-29T21:39:41.041+0000] {processor.py:840} INFO - DAG(s) 'latest_only' retrieved from /home/airflow/.local/lib/python3.12/site-packages/airflow/example_dags/example_latest_only.py
[2026-03-29T21:39:41.057+0000] {logging_mixin.py:188} INFO - [2026-03-29T21:39:41.057+0000] {dag.py:3089} INFO - Sync 1 DAGs
[2026-03-29T21:39:41.073+0000] {logging_mixin.py:188} INFO - [2026-03-29T21:39:41.073+0000] {dag.py:3947} INFO - Setting next_dagrun for latest_only to 2026-03-29 16:00:00+00:00, run_after=2026-03-29 20:00:00+00:00
[2026-03-29T21:39:41.088+0000] {processor.py:183} INFO - Processing /home/airflow/.local/lib/python3.12/site-packages/airflow/example_dags/example_latest_only.py took 0.065 seconds
[2026-03-29T21:40:11.930+0000] {processor.py:161} INFO - Started process (PID=1024) to work on /home/airflow/.local/lib/python3.12/site-packages/airflow/example_dags/example_latest_only.py
[2026-03-29T21:40:11.931+0000] {processor.py:830} INFO - Processing file /home/airflow/.local/lib/python3.12/site-packages/airflow/example_dags/example_latest_only.py for tasks to queue
[2026-03-29T21:40:11.934+0000] {logging_mixin.py:188} INFO - [2026-03-29T21:40:11.934+0000] {dagbag.py:545} INFO - Filling up the DagBag from /home/airflow/.local/lib/python3.12/site-packages/airflow/example_dags/example_latest_only.py
[2026-03-29T21:40:11.938+0000] {processor.py:840} INFO - DAG(s) 'latest_only' retrieved from /home/airflow/.local/lib/python3.12/site-packages/airflow/example_dags/example_latest_only.py
[2026-03-29T21:40:11.960+0000] {logging_mixin.py:188} INFO - [2026-03-29T21:40:11.960+0000] {dag.py:3089} INFO - Sync 1 DAGs
[2026-03-29T21:40:11.977+0000] {logging_mixin.py:188} INFO - [2026-03-29T21:40:11.977+0000] {dag.py:3947} INFO - Setting next_dagrun for latest_only to 2026-03-29 16:00:00+00:00, run_after=2026-03-29 20:00:00+00:00
[2026-03-29T21:40:11.995+0000] {processor.py:183} INFO - Processing /home/airflow/.local/lib/python3.12/site-packages/airflow/example_dags/example_latest_only.py took 0.073 seconds
[2026-03-29T21:40:43.179+0000] {processor.py:161} INFO - Started process (PID=1076) to work on /home/airflow/.local/lib/python3.12/site-packages/airflow/example_dags/example_latest_only.py
[2026-03-29T21:40:43.180+0000] {processor.py:830} INFO - Processing file /home/airflow/.local/lib/python3.12/site-packages/airflow/example_dags/example_latest_only.py for tasks to queue
[2026-03-29T21:40:43.182+0000] {logging_mixin.py:188} INFO - [2026-03-29T21:40:43.182+0000] {dagbag.py:545} INFO - Filling up the DagBag from /home/airflow/.local/lib/python3.12/site-packages/airflow/example_dags/example_latest_only.py
[2026-03-29T21:40:43.185+0000] {processor.py:840} INFO - DAG(s) 'latest_only' retrieved from /home/airflow/.local/lib/python3.12/site-packages/airflow/example_dags/example_latest_only.py
[2026-03-29T21:40:43.208+0000] {logging_mixin.py:188} INFO - [2026-03-29T21:40:43.207+0000] {dag.py:3089} INFO - Sync 1 DAGs
[2026-03-29T21:40:43.224+0000] {logging_mixin.py:188} INFO - [2026-03-29T21:40:43.223+0000] {dag.py:3947} INFO - Setting next_dagrun for latest_only to 2026-03-29 16:00:00+00:00, run_after=2026-03-29 20:00:00+00:00
[2026-03-29T21:40:43.237+0000] {processor.py:183} INFO - Processing /home/airflow/.local/lib/python3.12/site-packages/airflow/example_dags/example_latest_only.py took 0.062 seconds
[2026-03-29T21:41:13.982+0000] {processor.py:161} INFO - Started process (PID=1128) to work on /home/airflow/.local/lib/python3.12/site-packages/airflow/example_dags/example_latest_only.py
[2026-03-29T21:41:13.983+0000] {processor.py:830} INFO - Processing file /home/airflow/.local/lib/python3.12/site-packages/airflow/example_dags/example_latest_only.py for tasks to queue
[2026-03-29T21:41:13.984+0000] {logging_mixin.py:188} INFO - [2026-03-29T21:41:13.984+0000] {dagbag.py:545} INFO - Filling up the DagBag from /home/airflow/.local/lib/python3.12/site-packages/airflow/example_dags/example_latest_only.py
[2026-03-29T21:41:13.987+0000] {processor.py:840} INFO - DAG(s) 'latest_only' retrieved from /home/airflow/.local/lib/python3.12/site-packages/airflow/example_dags/example_latest_only.py
[2026-03-29T21:41:14.001+0000] {logging_mixin.py:188} INFO - [2026-03-29T21:41:14.001+0000] {dag.py:3089} INFO - Sync 1 DAGs
[2026-03-29T21:41:14.014+0000] {logging_mixin.py:188} INFO - [2026-03-29T21:41:14.014+0000] {dag.py:3947} INFO - Setting next_dagrun for latest_only to 2026-03-29 16:00:00+00:00, run_after=2026-03-29 20:00:00+00:00
[2026-03-29T21:41:14.026+0000] {processor.py:183} INFO - Processing /home/airflow/.local/lib/python3.12/site-packages/airflow/example_dags/example_latest_only.py took 0.049 seconds
[2026-03-29T21:41:44.657+0000] {processor.py:161} INFO - Started process (PID=1180) to work on /home/airflow/.local/lib/python3.12/site-packages/airflow/example_dags/example_latest_only.py
[2026-03-29T21:41:44.658+0000] {processor.py:830} INFO - Processing file /home/airflow/.local/lib/python3.12/site-packages/airflow/example_dags/example_latest_only.py for tasks to queue
[2026-03-29T21:41:44.659+0000] {logging_mixin.py:188} INFO - [2026-03-29T21:41:44.659+0000] {dagbag.py:545} INFO - Filling up the DagBag from /home/airflow/.local/lib/python3.12/site-packages/airflow/example_dags/example_latest_only.py
[2026-03-29T21:41:44.664+0000] {processor.py:840} INFO - DAG(s) 'latest_only' retrieved from /home/airflow/.local/lib/python3.12/site-packages/airflow/example_dags/example_latest_only.py
[2026-03-29T21:41:44.682+0000] {logging_mixin.py:188} INFO - [2026-03-29T21:41:44.682+0000] {dag.py:3089} INFO - Sync 1 DAGs
[2026-03-29T21:41:44.700+0000] {logging_mixin.py:188} INFO - [2026-03-29T21:41:44.700+0000] {dag.py:3947} INFO - Setting next_dagrun for latest_only to 2026-03-29 16:00:00+00:00, run_after=2026-03-29 20:00:00+00:00
[2026-03-29T21:41:44.713+0000] {processor.py:183} INFO - Processing /home/airflow/.local/lib/python3.12/site-packages/airflow/example_dags/example_latest_only.py took 0.062 seconds
[2026-03-29T21:42:14.894+0000] {processor.py:161} INFO - Started process (PID=1232) to work on /home/airflow/.local/lib/python3.12/site-packages/airflow/example_dags/example_latest_only.py
[2026-03-29T21:42:14.895+0000] {processor.py:830} INFO - Processing file /home/airflow/.local/lib/python3.12/site-packages/airflow/example_dags/example_latest_only.py for tasks to queue
[2026-03-29T21:42:14.896+0000] {logging_mixin.py:188} INFO - [2026-03-29T21:42:14.896+0000] {dagbag.py:545} INFO - Filling up the DagBag from /home/airflow/.local/lib/python3.12/site-packages/airflow/example_dags/example_latest_only.py
[2026-03-29T21:42:14.900+0000] {processor.py:840} INFO - DAG(s) 'latest_only' retrieved from /home/airflow/.local/lib/python3.12/site-packages/airflow/example_dags/example_latest_only.py
[2026-03-29T21:42:14.913+0000] {logging_mixin.py:188} INFO - [2026-03-29T21:42:14.912+0000] {dag.py:3089} INFO - Sync 1 DAGs
[2026-03-29T21:42:14.927+0000] {logging_mixin.py:188} INFO - [2026-03-29T21:42:14.926+0000] {dag.py:3947} INFO - Setting next_dagrun for latest_only to 2026-03-29 16:00:00+00:00, run_after=2026-03-29 20:00:00+00:00
[2026-03-29T21:42:14.939+0000] {processor.py:183} INFO - Processing /home/airflow/.local/lib/python3.12/site-packages/airflow/example_dags/example_latest_only.py took 0.049 seconds
[2026-03-29T21:42:45.305+0000] {processor.py:161} INFO - Started process (PID=1284) to work on /home/airflow/.local/lib/python3.12/site-packages/airflow/example_dags/example_latest_only.py
[2026-03-29T21:42:45.306+0000] {processor.py:830} INFO - Processing file /home/airflow/.local/lib/python3.12/site-packages/airflow/example_dags/example_latest_only.py for tasks to queue
[2026-03-29T21:42:45.307+0000] {logging_mixin.py:188} INFO - [2026-03-29T21:42:45.307+0000] {dagbag.py:545} INFO - Filling up the DagBag from /home/airflow/.local/lib/python3.12/site-packages/airflow/example_dags/example_latest_only.py
[2026-03-29T21:42:45.310+0000] {processor.py:840} INFO - DAG(s) 'latest_only' retrieved from /home/airflow/.local/lib/python3.12/site-packages/airflow/example_dags/example_latest_only.py
[2026-03-29T21:42:45.326+0000] {logging_mixin.py:188} INFO - [2026-03-29T21:42:45.326+0000] {dag.py:3089} INFO - Sync 1 DAGs
[2026-03-29T21:42:45.340+0000] {logging_mixin.py:188} INFO - [2026-03-29T21:42:45.340+0000] {dag.py:3947} INFO - Setting next_dagrun for latest_only to 2026-03-29 16:00:00+00:00, run_after=2026-03-29 20:00:00+00:00
[2026-03-29T21:42:45.354+0000] {processor.py:183} INFO - Processing /home/airflow/.local/lib/python3.12/site-packages/airflow/example_dags/example_latest_only.py took 0.056 seconds
[2026-03-29T21:43:15.528+0000] {processor.py:161} INFO - Started process (PID=1336) to work on /home/airflow/.local/lib/python3.12/site-packages/airflow/example_dags/example_latest_only.py
[2026-03-29T21:43:15.529+0000] {processor.py:830} INFO - Processing file /home/airflow/.local/lib/python3.12/site-packages/airflow/example_dags/example_latest_only.py for tasks to queue
[2026-03-29T21:43:15.530+0000] {logging_mixin.py:188} INFO - [2026-03-29T21:43:15.530+0000] {dagbag.py:545} INFO - Filling up the DagBag from /home/airflow/.local/lib/python3.12/site-packages/airflow/example_dags/example_latest_only.py
[2026-03-29T21:43:15.533+0000] {processor.py:840} INFO - DAG(s) 'latest_only' retrieved from /home/airflow/.local/lib/python3.12/site-packages/airflow/example_dags/example_latest_only.py
[2026-03-29T21:43:15.546+0000] {logging_mixin.py:188} INFO - [2026-03-29T21:43:15.546+0000] {dag.py:3089} INFO - Sync 1 DAGs
[2026-03-29T21:43:15.560+0000] {logging_mixin.py:188} INFO - [2026-03-29T21:43:15.560+0000] {dag.py:3947} INFO - Setting next_dagrun for latest_only to 2026-03-29 16:00:00+00:00, run_after=2026-03-29 20:00:00+00:00
[2026-03-29T21:43:15.572+0000] {processor.py:183} INFO - Processing /home/airflow/.local/lib/python3.12/site-packages/airflow/example_dags/example_latest_only.py took 0.048 seconds
[2026-03-29T21:43:46.677+0000] {processor.py:161} INFO - Started process (PID=1388) to work on /home/airflow/.local/lib/python3.12/site-packages/airflow/example_dags/example_latest_only.py
[2026-03-29T21:43:46.679+0000] {processor.py:830} INFO - Processing file /home/airflow/.local/lib/python3.12/site-packages/airflow/example_dags/example_latest_only.py for tasks to queue
[2026-03-29T21:43:46.682+0000] {logging_mixin.py:188} INFO - [2026-03-29T21:43:46.681+0000] {dagbag.py:545} INFO - Filling up the DagBag from /home/airflow/.local/lib/python3.12/site-packages/airflow/example_dags/example_latest_only.py
[2026-03-29T21:43:46.688+0000] {processor.py:840} INFO - DAG(s) 'latest_only' retrieved from /home/airflow/.local/lib/python3.12/site-packages/airflow/example_dags/example_latest_only.py
[2026-03-29T21:43:46.710+0000] {logging_mixin.py:188} INFO - [2026-03-29T21:43:46.710+0000] {dag.py:3089} INFO - Sync 1 DAGs
[2026-03-29T21:43:46.732+0000] {logging_mixin.py:188} INFO - [2026-03-29T21:43:46.732+0000] {dag.py:3947} INFO - Setting next_dagrun for latest_only to 2026-03-29 16:00:00+00:00, run_after=2026-03-29 20:00:00+00:00
[2026-03-29T21:43:46.748+0000] {processor.py:183} INFO - Processing /home/airflow/.local/lib/python3.12/site-packages/airflow/example_dags/example_latest_only.py took 0.076 seconds
[2026-03-29T21:44:17.365+0000] {processor.py:161} INFO - Started process (PID=1438) to work on /home/airflow/.local/lib/python3.12/site-packages/airflow/example_dags/example_latest_only.py
[2026-03-29T21:44:17.366+0000] {processor.py:830} INFO - Processing file /home/airflow/.local/lib/python3.12/site-packages/airflow/example_dags/example_latest_only.py for tasks to queue
[2026-03-29T21:44:17.368+0000] {logging_mixin.py:188} INFO - [2026-03-29T21:44:17.368+0000] {dagbag.py:545} INFO - Filling up the DagBag from /home/airflow/.local/lib/python3.12/site-packages/airflow/example_dags/example_latest_only.py
[2026-03-29T21:44:17.373+0000] {processor.py:840} INFO - DAG(s) 'latest_only' retrieved from /home/airflow/.local/lib/python3.12/site-packages/airflow/example_dags/example_latest_only.py
[2026-03-29T21:44:17.391+0000] {logging_mixin.py:188} INFO - [2026-03-29T21:44:17.390+0000] {dag.py:3089} INFO - Sync 1 DAGs
[2026-03-29T21:44:17.410+0000] {logging_mixin.py:188} INFO - [2026-03-29T21:44:17.410+0000] {dag.py:3947} INFO - Setting next_dagrun for latest_only to 2026-03-29 16:00:00+00:00, run_after=2026-03-29 20:00:00+00:00
[2026-03-29T21:44:17.425+0000] {processor.py:183} INFO - Processing /home/airflow/.local/lib/python3.12/site-packages/airflow/example_dags/example_latest_only.py took 0.067 seconds
[2026-03-29T21:44:47.748+0000] {processor.py:161} INFO - Started process (PID=1490) to work on /home/airflow/.local/lib/python3.12/site-packages/airflow/example_dags/example_latest_only.py
[2026-03-29T21:44:47.750+0000] {processor.py:830} INFO - Processing file /home/airflow/.local/lib/python3.12/site-packages/airflow/example_dags/example_latest_only.py for tasks to queue
[2026-03-29T21:44:47.752+0000] {logging_mixin.py:188} INFO - [2026-03-29T21:44:47.752+0000] {dagbag.py:545} INFO - Filling up the DagBag from /home/airflow/.local/lib/python3.12/site-packages/airflow/example_dags/example_latest_only.py
[2026-03-29T21:44:47.757+0000] {processor.py:840} INFO - DAG(s) 'latest_only' retrieved from /home/airflow/.local/lib/python3.12/site-packages/airflow/example_dags/example_latest_only.py
[2026-03-29T21:44:47.782+0000] {logging_mixin.py:188} INFO - [2026-03-29T21:44:47.781+0000] {dag.py:3089} INFO - Sync 1 DAGs
[2026-03-29T21:44:47.803+0000] {logging_mixin.py:188} INFO - [2026-03-29T21:44:47.803+0000] {dag.py:3947} INFO - Setting next_dagrun for latest_only to 2026-03-29 16:00:00+00:00, run_after=2026-03-29 20:00:00+00:00
[2026-03-29T21:44:47.824+0000] {processor.py:183} INFO - Processing /home/airflow/.local/lib/python3.12/site-packages/airflow/example_dags/example_latest_only.py took 0.084 seconds
[2026-03-29T21:45:18.950+0000] {processor.py:161} INFO - Started process (PID=1542) to work on /home/airflow/.local/lib/python3.12/site-packages/airflow/example_dags/example_latest_only.py
[2026-03-29T21:45:18.953+0000] {processor.py:830} INFO - Processing file /home/airflow/.local/lib/python3.12/site-packages/airflow/example_dags/example_latest_only.py for tasks to queue
[2026-03-29T21:45:18.956+0000] {logging_mixin.py:188} INFO - [2026-03-29T21:45:18.955+0000] {dagbag.py:545} INFO - Filling up the DagBag from /home/airflow/.local/lib/python3.12/site-packages/airflow/example_dags/example_latest_only.py
[2026-03-29T21:45:18.965+0000] {processor.py:840} INFO - DAG(s) 'latest_only' retrieved from /home/airflow/.local/lib/python3.12/site-packages/airflow/example_dags/example_latest_only.py
[2026-03-29T21:45:18.992+0000] {logging_mixin.py:188} INFO - [2026-03-29T21:45:18.991+0000] {dag.py:3089} INFO - Sync 1 DAGs
[2026-03-29T21:45:19.013+0000] {logging_mixin.py:188} INFO - [2026-03-29T21:45:19.013+0000] {dag.py:3947} INFO - Setting next_dagrun for latest_only to 2026-03-29 16:00:00+00:00, run_after=2026-03-29 20:00:00+00:00
[2026-03-29T21:45:19.037+0000] {processor.py:183} INFO - Processing /home/airflow/.local/lib/python3.12/site-packages/airflow/example_dags/example_latest_only.py took 0.092 seconds
[2026-03-29T21:45:49.963+0000] {processor.py:161} INFO - Started process (PID=1594) to work on /home/airflow/.local/lib/python3.12/site-packages/airflow/example_dags/example_latest_only.py
[2026-03-29T21:45:49.965+0000] {processor.py:830} INFO - Processing file /home/airflow/.local/lib/python3.12/site-packages/airflow/example_dags/example_latest_only.py for tasks to queue
[2026-03-29T21:45:49.967+0000] {logging_mixin.py:188} INFO - [2026-03-29T21:45:49.967+0000] {dagbag.py:545} INFO - Filling up the DagBag from /home/airflow/.local/lib/python3.12/site-packages/airflow/example_dags/example_latest_only.py
[2026-03-29T21:45:49.975+0000] {processor.py:840} INFO - DAG(s) 'latest_only' retrieved from /home/airflow/.local/lib/python3.12/site-packages/airflow/example_dags/example_latest_only.py
[2026-03-29T21:45:49.999+0000] {logging_mixin.py:188} INFO - [2026-03-29T21:45:49.999+0000] {dag.py:3089} INFO - Sync 1 DAGs
[2026-03-29T21:45:50.026+0000] {logging_mixin.py:188} INFO - [2026-03-29T21:45:50.025+0000] {dag.py:3947} INFO - Setting next_dagrun for latest_only to 2026-03-29 16:00:00+00:00, run_after=2026-03-29 20:00:00+00:00
[2026-03-29T21:45:50.062+0000] {processor.py:183} INFO - Processing /home/airflow/.local/lib/python3.12/site-packages/airflow/example_dags/example_latest_only.py took 0.107 seconds
[2026-03-29T21:46:21.166+0000] {processor.py:161} INFO - Started process (PID=1646) to work on /home/airflow/.local/lib/python3.12/site-packages/airflow/example_dags/example_latest_only.py
[2026-03-29T21:46:21.167+0000] {processor.py:830} INFO - Processing file /home/airflow/.local/lib/python3.12/site-packages/airflow/example_dags/example_latest_only.py for tasks to queue
[2026-03-29T21:46:21.168+0000] {logging_mixin.py:188} INFO - [2026-03-29T21:46:21.168+0000] {dagbag.py:545} INFO - Filling up the DagBag from /home/airflow/.local/lib/python3.12/site-packages/airflow/example_dags/example_latest_only.py
[2026-03-29T21:46:21.171+0000] {processor.py:840} INFO - DAG(s) 'latest_only' retrieved from /home/airflow/.local/lib/python3.12/site-packages/airflow/example_dags/example_latest_only.py
[2026-03-29T21:46:21.187+0000] {logging_mixin.py:188} INFO - [2026-03-29T21:46:21.187+0000] {dag.py:3089} INFO - Sync 1 DAGs
[2026-03-29T21:46:21.207+0000] {logging_mixin.py:188} INFO - [2026-03-29T21:46:21.206+0000] {dag.py:3947} INFO - Setting next_dagrun for latest_only to 2026-03-29 16:00:00+00:00, run_after=2026-03-29 20:00:00+00:00
[2026-03-29T21:46:21.220+0000] {processor.py:183} INFO - Processing /home/airflow/.local/lib/python3.12/site-packages/airflow/example_dags/example_latest_only.py took 0.058 seconds
[2026-03-29T21:46:52.830+0000] {processor.py:161} INFO - Started process (PID=1698) to work on /home/airflow/.local/lib/python3.12/site-packages/airflow/example_dags/example_latest_only.py
[2026-03-29T21:46:52.831+0000] {processor.py:830} INFO - Processing file /home/airflow/.local/lib/python3.12/site-packages/airflow/example_dags/example_latest_only.py for tasks to queue
[2026-03-29T21:46:52.833+0000] {logging_mixin.py:188} INFO - [2026-03-29T21:46:52.832+0000] {dagbag.py:545} INFO - Filling up the DagBag from /home/airflow/.local/lib/python3.12/site-packages/airflow/example_dags/example_latest_only.py
[2026-03-29T21:46:52.836+0000] {processor.py:840} INFO - DAG(s) 'latest_only' retrieved from /home/airflow/.local/lib/python3.12/site-packages/airflow/example_dags/example_latest_only.py
[2026-03-29T21:46:52.854+0000] {logging_mixin.py:188} INFO - [2026-03-29T21:46:52.853+0000] {dag.py:3089} INFO - Sync 1 DAGs
[2026-03-29T21:46:52.873+0000] {logging_mixin.py:188} INFO - [2026-03-29T21:46:52.873+0000] {dag.py:3947} INFO - Setting next_dagrun for latest_only to 2026-03-29 16:00:00+00:00, run_after=2026-03-29 20:00:00+00:00
[2026-03-29T21:46:53.025+0000] {processor.py:183} INFO - Processing /home/airflow/.local/lib/python3.12/site-packages/airflow/example_dags/example_latest_only.py took 0.200 seconds
[2026-03-29T21:47:23.354+0000] {processor.py:161} INFO - Started process (PID=1750) to work on /home/airflow/.local/lib/python3.12/site-packages/airflow/example_dags/example_latest_only.py
[2026-03-29T21:47:23.355+0000] {processor.py:830} INFO - Processing file /home/airflow/.local/lib/python3.12/site-packages/airflow/example_dags/example_latest_only.py for tasks to queue
[2026-03-29T21:47:23.358+0000] {logging_mixin.py:188} INFO - [2026-03-29T21:47:23.358+0000] {dagbag.py:545} INFO - Filling up the DagBag from /home/airflow/.local/lib/python3.12/site-packages/airflow/example_dags/example_latest_only.py
[2026-03-29T21:47:23.362+0000] {processor.py:840} INFO - DAG(s) 'latest_only' retrieved from /home/airflow/.local/lib/python3.12/site-packages/airflow/example_dags/example_latest_only.py
[2026-03-29T21:47:23.377+0000] {logging_mixin.py:188} INFO - [2026-03-29T21:47:23.377+0000] {dag.py:3089} INFO - Sync 1 DAGs
[2026-03-29T21:47:23.401+0000] {logging_mixin.py:188} INFO - [2026-03-29T21:47:23.401+0000] {dag.py:3947} INFO - Setting next_dagrun for latest_only to 2026-03-29 16:00:00+00:00, run_after=2026-03-29 20:00:00+00:00
[2026-03-29T21:47:23.420+0000] {processor.py:183} INFO - Processing /home/airflow/.local/lib/python3.12/site-packages/airflow/example_dags/example_latest_only.py took 0.071 seconds
[2026-03-29T21:47:54.495+0000] {processor.py:161} INFO - Started process (PID=1802) to work on /home/airflow/.local/lib/python3.12/site-packages/airflow/example_dags/example_latest_only.py
[2026-03-29T21:47:54.496+0000] {processor.py:830} INFO - Processing file /home/airflow/.local/lib/python3.12/site-packages/airflow/example_dags/example_latest_only.py for tasks to queue
[2026-03-29T21:47:54.498+0000] {logging_mixin.py:188} INFO - [2026-03-29T21:47:54.498+0000] {dagbag.py:545} INFO - Filling up the DagBag from /home/airflow/.local/lib/python3.12/site-packages/airflow/example_dags/example_latest_only.py
[2026-03-29T21:47:54.502+0000] {processor.py:840} INFO - DAG(s) 'latest_only' retrieved from /home/airflow/.local/lib/python3.12/site-packages/airflow/example_dags/example_latest_only.py
[2026-03-29T21:47:54.520+0000] {logging_mixin.py:188} INFO - [2026-03-29T21:47:54.520+0000] {dag.py:3089} INFO - Sync 1 DAGs
[2026-03-29T21:47:54.541+0000] {logging_mixin.py:188} INFO - [2026-03-29T21:47:54.541+0000] {dag.py:3947} INFO - Setting next_dagrun for latest_only to 2026-03-29 16:00:00+00:00, run_after=2026-03-29 20:00:00+00:00
[2026-03-29T21:47:54.561+0000] {processor.py:183} INFO - Processing /home/airflow/.local/lib/python3.12/site-packages/airflow/example_dags/example_latest_only.py took 0.070 seconds
[2026-03-29T21:48:25.361+0000] {processor.py:161} INFO - Started process (PID=1854) to work on /home/airflow/.local/lib/python3.12/site-packages/airflow/example_dags/example_latest_only.py
[2026-03-29T21:48:25.362+0000] {processor.py:830} INFO - Processing file /home/airflow/.local/lib/python3.12/site-packages/airflow/example_dags/example_latest_only.py for tasks to queue
[2026-03-29T21:48:25.364+0000] {logging_mixin.py:188} INFO - [2026-03-29T21:48:25.363+0000] {dagbag.py:545} INFO - Filling up the DagBag from /home/airflow/.local/lib/python3.12/site-packages/airflow/example_dags/example_latest_only.py
[2026-03-29T21:48:25.367+0000] {processor.py:840} INFO - DAG(s) 'latest_only' retrieved from /home/airflow/.local/lib/python3.12/site-packages/airflow/example_dags/example_latest_only.py
[2026-03-29T21:48:25.389+0000] {logging_mixin.py:188} INFO - [2026-03-29T21:48:25.389+0000] {dag.py:3089} INFO - Sync 1 DAGs
[2026-03-29T21:48:25.411+0000] {logging_mixin.py:188} INFO - [2026-03-29T21:48:25.411+0000] {dag.py:3947} INFO - Setting next_dagrun for latest_only to 2026-03-29 16:00:00+00:00, run_after=2026-03-29 20:00:00+00:00
[2026-03-29T21:48:25.436+0000] {processor.py:183} INFO - Processing /home/airflow/.local/lib/python3.12/site-packages/airflow/example_dags/example_latest_only.py took 0.080 seconds
[2026-03-29T21:48:57.828+0000] {processor.py:161} INFO - Started process (PID=1906) to work on /home/airflow/.local/lib/python3.12/site-packages/airflow/example_dags/example_latest_only.py
[2026-03-29T21:48:57.829+0000] {processor.py:830} INFO - Processing file /home/airflow/.local/lib/python3.12/site-packages/airflow/example_dags/example_latest_only.py for tasks to queue
[2026-03-29T21:48:57.832+0000] {logging_mixin.py:188} INFO - [2026-03-29T21:48:57.831+0000] {dagbag.py:545} INFO - Filling up the DagBag from /home/airflow/.local/lib/python3.12/site-packages/airflow/example_dags/example_latest_only.py
[2026-03-29T21:48:57.838+0000] {processor.py:840} INFO - DAG(s) 'latest_only' retrieved from /home/airflow/.local/lib/python3.12/site-packages/airflow/example_dags/example_latest_only.py
[2026-03-29T21:48:57.864+0000] {logging_mixin.py:188} INFO - [2026-03-29T21:48:57.864+0000] {dag.py:3089} INFO - Sync 1 DAGs
[2026-03-29T21:48:58.023+0000] {logging_mixin.py:188} INFO - [2026-03-29T21:48:58.023+0000] {dag.py:3947} INFO - Setting next_dagrun for latest_only to 2026-03-29 16:00:00+00:00, run_after=2026-03-29 20:00:00+00:00
[2026-03-29T21:48:58.046+0000] {processor.py:183} INFO - Processing /home/airflow/.local/lib/python3.12/site-packages/airflow/example_dags/example_latest_only.py took 0.240 seconds
[2026-03-29T21:49:28.245+0000] {processor.py:161} INFO - Started process (PID=1958) to work on /home/airflow/.local/lib/python3.12/site-packages/airflow/example_dags/example_latest_only.py
[2026-03-29T21:49:28.246+0000] {processor.py:830} INFO - Processing file /home/airflow/.local/lib/python3.12/site-packages/airflow/example_dags/example_latest_only.py for tasks to queue
[2026-03-29T21:49:28.250+0000] {logging_mixin.py:188} INFO - [2026-03-29T21:49:28.250+0000] {dagbag.py:545} INFO - Filling up the DagBag from /home/airflow/.local/lib/python3.12/site-packages/airflow/example_dags/example_latest_only.py
[2026-03-29T21:49:28.253+0000] {processor.py:840} INFO - DAG(s) 'latest_only' retrieved from /home/airflow/.local/lib/python3.12/site-packages/airflow/example_dags/example_latest_only.py
[2026-03-29T21:49:28.269+0000] {logging_mixin.py:188} INFO - [2026-03-29T21:49:28.269+0000] {dag.py:3089} INFO - Sync 1 DAGs
[2026-03-29T21:49:28.553+0000] {logging_mixin.py:188} INFO - [2026-03-29T21:49:28.552+0000] {dag.py:3947} INFO - Setting next_dagrun for latest_only to 2026-03-29 16:00:00+00:00, run_after=2026-03-29 20:00:00+00:00
[2026-03-29T21:49:28.596+0000] {processor.py:183} INFO - Processing /home/airflow/.local/lib/python3.12/site-packages/airflow/example_dags/example_latest_only.py took 0.359 seconds
[2026-03-29T21:49:59.105+0000] {processor.py:161} INFO - Started process (PID=2010) to work on /home/airflow/.local/lib/python3.12/site-packages/airflow/example_dags/example_latest_only.py
[2026-03-29T21:49:59.106+0000] {processor.py:830} INFO - Processing file /home/airflow/.local/lib/python3.12/site-packages/airflow/example_dags/example_latest_only.py for tasks to queue
[2026-03-29T21:49:59.107+0000] {logging_mixin.py:188} INFO - [2026-03-29T21:49:59.107+0000] {dagbag.py:545} INFO - Filling up the DagBag from /home/airflow/.local/lib/python3.12/site-packages/airflow/example_dags/example_latest_only.py
[2026-03-29T21:49:59.111+0000] {processor.py:840} INFO - DAG(s) 'latest_only' retrieved from /home/airflow/.local/lib/python3.12/site-packages/airflow/example_dags/example_latest_only.py
[2026-03-29T21:49:59.132+0000] {logging_mixin.py:188} INFO - [2026-03-29T21:49:59.132+0000] {dag.py:3089} INFO - Sync 1 DAGs
[2026-03-29T21:49:59.154+0000] {logging_mixin.py:188} INFO - [2026-03-29T21:49:59.154+0000] {dag.py:3947} INFO - Setting next_dagrun for latest_only to 2026-03-29 16:00:00+00:00, run_after=2026-03-29 20:00:00+00:00
[2026-03-29T21:49:59.180+0000] {processor.py:183} INFO - Processing /home/airflow/.local/lib/python3.12/site-packages/airflow/example_dags/example_latest_only.py took 0.079 seconds
[2026-03-29T21:50:29.283+0000] {processor.py:161} INFO - Started process (PID=2062) to work on /home/airflow/.local/lib/python3.12/site-packages/airflow/example_dags/example_latest_only.py
[2026-03-29T21:50:29.285+0000] {processor.py:830} INFO - Processing file /home/airflow/.local/lib/python3.12/site-packages/airflow/example_dags/example_latest_only.py for tasks to queue
[2026-03-29T21:50:29.287+0000] {logging_mixin.py:188} INFO - [2026-03-29T21:50:29.287+0000] {dagbag.py:545} INFO - Filling up the DagBag from /home/airflow/.local/lib/python3.12/site-packages/airflow/example_dags/example_latest_only.py
[2026-03-29T21:50:29.292+0000] {processor.py:840} INFO - DAG(s) 'latest_only' retrieved from /home/airflow/.local/lib/python3.12/site-packages/airflow/example_dags/example_latest_only.py
[2026-03-29T21:50:29.312+0000] {logging_mixin.py:188} INFO - [2026-03-29T21:50:29.312+0000] {dag.py:3089} INFO - Sync 1 DAGs
[2026-03-29T21:50:29.338+0000] {logging_mixin.py:188} INFO - [2026-03-29T21:50:29.337+0000] {dag.py:3947} INFO - Setting next_dagrun for latest_only to 2026-03-29 16:00:00+00:00, run_after=2026-03-29 20:00:00+00:00
[2026-03-29T21:50:29.362+0000] {processor.py:183} INFO - Processing /home/airflow/.local/lib/python3.12/site-packages/airflow/example_dags/example_latest_only.py took 0.084 seconds
[2026-03-29T21:50:59.559+0000] {processor.py:161} INFO - Started process (PID=2114) to work on /home/airflow/.local/lib/python3.12/site-packages/airflow/example_dags/example_latest_only.py
[2026-03-29T21:50:59.560+0000] {processor.py:830} INFO - Processing file /home/airflow/.local/lib/python3.12/site-packages/airflow/example_dags/example_latest_only.py for tasks to queue
[2026-03-29T21:50:59.561+0000] {logging_mixin.py:188} INFO - [2026-03-29T21:50:59.561+0000] {dagbag.py:545} INFO - Filling up the DagBag from /home/airflow/.local/lib/python3.12/site-packages/airflow/example_dags/example_latest_only.py
[2026-03-29T21:50:59.564+0000] {processor.py:840} INFO - DAG(s) 'latest_only' retrieved from /home/airflow/.local/lib/python3.12/site-packages/airflow/example_dags/example_latest_only.py
[2026-03-29T21:50:59.577+0000] {logging_mixin.py:188} INFO - [2026-03-29T21:50:59.577+0000] {dag.py:3089} INFO - Sync 1 DAGs
[2026-03-29T21:50:59.592+0000] {logging_mixin.py:188} INFO - [2026-03-29T21:50:59.592+0000] {dag.py:3947} INFO - Setting next_dagrun for latest_only to 2026-03-29 16:00:00+00:00, run_after=2026-03-29 20:00:00+00:00
[2026-03-29T21:50:59.603+0000] {processor.py:183} INFO - Processing /home/airflow/.local/lib/python3.12/site-packages/airflow/example_dags/example_latest_only.py took 0.049 seconds
[2026-03-29T21:51:30.648+0000] {processor.py:161} INFO - Started process (PID=2166) to work on /home/airflow/.local/lib/python3.12/site-packages/airflow/example_dags/example_latest_only.py
[2026-03-29T21:51:30.649+0000] {processor.py:830} INFO - Processing file /home/airflow/.local/lib/python3.12/site-packages/airflow/example_dags/example_latest_only.py for tasks to queue
[2026-03-29T21:51:30.650+0000] {logging_mixin.py:188} INFO - [2026-03-29T21:51:30.650+0000] {dagbag.py:545} INFO - Filling up the DagBag from /home/airflow/.local/lib/python3.12/site-packages/airflow/example_dags/example_latest_only.py
[2026-03-29T21:51:30.654+0000] {processor.py:840} INFO - DAG(s) 'latest_only' retrieved from /home/airflow/.local/lib/python3.12/site-packages/airflow/example_dags/example_latest_only.py
[2026-03-29T21:51:30.680+0000] {logging_mixin.py:188} INFO - [2026-03-29T21:51:30.680+0000] {dag.py:3089} INFO - Sync 1 DAGs
[2026-03-29T21:51:30.702+0000] {logging_mixin.py:188} INFO - [2026-03-29T21:51:30.701+0000] {dag.py:3947} INFO - Setting next_dagrun for latest_only to 2026-03-29 16:00:00+00:00, run_after=2026-03-29 20:00:00+00:00
[2026-03-29T21:51:30.718+0000] {processor.py:183} INFO - Processing /home/airflow/.local/lib/python3.12/site-packages/airflow/example_dags/example_latest_only.py took 0.075 seconds
[2026-03-29T21:52:01.009+0000] {processor.py:161} INFO - Started process (PID=2218) to work on /home/airflow/.local/lib/python3.12/site-packages/airflow/example_dags/example_latest_only.py
[2026-03-29T21:52:01.010+0000] {processor.py:830} INFO - Processing file /home/airflow/.local/lib/python3.12/site-packages/airflow/example_dags/example_latest_only.py for tasks to queue
[2026-03-29T21:52:01.012+0000] {logging_mixin.py:188} INFO - [2026-03-29T21:52:01.012+0000] {dagbag.py:545} INFO - Filling up the DagBag from /home/airflow/.local/lib/python3.12/site-packages/airflow/example_dags/example_latest_only.py
[2026-03-29T21:52:01.016+0000] {processor.py:840} INFO - DAG(s) 'latest_only' retrieved from /home/airflow/.local/lib/python3.12/site-packages/airflow/example_dags/example_latest_only.py
[2026-03-29T21:52:01.035+0000] {logging_mixin.py:188} INFO - [2026-03-29T21:52:01.035+0000] {dag.py:3089} INFO - Sync 1 DAGs
[2026-03-29T21:52:01.052+0000] {logging_mixin.py:188} INFO - [2026-03-29T21:52:01.052+0000] {dag.py:3947} INFO - Setting next_dagrun for latest_only to 2026-03-29 16:00:00+00:00, run_after=2026-03-29 20:00:00+00:00
[2026-03-29T21:52:01.071+0000] {processor.py:183} INFO - Processing /home/airflow/.local/lib/python3.12/site-packages/airflow/example_dags/example_latest_only.py took 0.068 seconds
[2026-03-29T21:52:31.452+0000] {processor.py:161} INFO - Started process (PID=2270) to work on /home/airflow/.local/lib/python3.12/site-packages/airflow/example_dags/example_latest_only.py
[2026-03-29T21:52:31.454+0000] {processor.py:830} INFO - Processing file /home/airflow/.local/lib/python3.12/site-packages/airflow/example_dags/example_latest_only.py for tasks to queue
[2026-03-29T21:52:31.456+0000] {logging_mixin.py:188} INFO - [2026-03-29T21:52:31.456+0000] {dagbag.py:545} INFO - Filling up the DagBag from /home/airflow/.local/lib/python3.12/site-packages/airflow/example_dags/example_latest_only.py
[2026-03-29T21:52:31.460+0000] {processor.py:840} INFO - DAG(s) 'latest_only' retrieved from /home/airflow/.local/lib/python3.12/site-packages/airflow/example_dags/example_latest_only.py
[2026-03-29T21:52:31.478+0000] {logging_mixin.py:188} INFO - [2026-03-29T21:52:31.478+0000] {dag.py:3089} INFO - Sync 1 DAGs
[2026-03-29T21:52:31.497+0000] {logging_mixin.py:188} INFO - [2026-03-29T21:52:31.497+0000] {dag.py:3947} INFO - Setting next_dagrun for latest_only to 2026-03-29 16:00:00+00:00, run_after=2026-03-29 20:00:00+00:00
[2026-03-29T21:52:31.516+0000] {processor.py:183} INFO - Processing /home/airflow/.local/lib/python3.12/site-packages/airflow/example_dags/example_latest_only.py took 0.069 seconds
[2026-03-29T21:53:01.840+0000] {processor.py:161} INFO - Started process (PID=2322) to work on /home/airflow/.local/lib/python3.12/site-packages/airflow/example_dags/example_latest_only.py
[2026-03-29T21:53:01.841+0000] {processor.py:830} INFO - Processing file /home/airflow/.local/lib/python3.12/site-packages/airflow/example_dags/example_latest_only.py for tasks to queue
[2026-03-29T21:53:01.842+0000] {logging_mixin.py:188} INFO - [2026-03-29T21:53:01.842+0000] {dagbag.py:545} INFO - Filling up the DagBag from /home/airflow/.local/lib/python3.12/site-packages/airflow/example_dags/example_latest_only.py
[2026-03-29T21:53:01.847+0000] {processor.py:840} INFO - DAG(s) 'latest_only' retrieved from /home/airflow/.local/lib/python3.12/site-packages/airflow/example_dags/example_latest_only.py
[2026-03-29T21:53:01.871+0000] {logging_mixin.py:188} INFO - [2026-03-29T21:53:01.871+0000] {dag.py:3089} INFO - Sync 1 DAGs
[2026-03-29T21:53:01.887+0000] {logging_mixin.py:188} INFO - [2026-03-29T21:53:01.887+0000] {dag.py:3947} INFO - Setting next_dagrun for latest_only to 2026-03-29 16:00:00+00:00, run_after=2026-03-29 20:00:00+00:00
[2026-03-29T21:53:01.903+0000] {processor.py:183} INFO - Processing /home/airflow/.local/lib/python3.12/site-packages/airflow/example_dags/example_latest_only.py took 0.067 seconds
[2026-03-29T21:53:32.402+0000] {processor.py:161} INFO - Started process (PID=2374) to work on /home/airflow/.local/lib/python3.12/site-packages/airflow/example_dags/example_latest_only.py
[2026-03-29T21:53:32.404+0000] {processor.py:830} INFO - Processing file /home/airflow/.local/lib/python3.12/site-packages/airflow/example_dags/example_latest_only.py for tasks to queue
[2026-03-29T21:53:32.406+0000] {logging_mixin.py:188} INFO - [2026-03-29T21:53:32.406+0000] {dagbag.py:545} INFO - Filling up the DagBag from /home/airflow/.local/lib/python3.12/site-packages/airflow/example_dags/example_latest_only.py
[2026-03-29T21:53:32.410+0000] {processor.py:840} INFO - DAG(s) 'latest_only' retrieved from /home/airflow/.local/lib/python3.12/site-packages/airflow/example_dags/example_latest_only.py
[2026-03-29T21:53:32.428+0000] {logging_mixin.py:188} INFO - [2026-03-29T21:53:32.428+0000] {dag.py:3089} INFO - Sync 1 DAGs
[2026-03-29T21:53:32.448+0000] {logging_mixin.py:188} INFO - [2026-03-29T21:53:32.448+0000] {dag.py:3947} INFO - Setting next_dagrun for latest_only to 2026-03-29 16:00:00+00:00, run_after=2026-03-29 20:00:00+00:00
[2026-03-29T21:53:32.468+0000] {processor.py:183} INFO - Processing /home/airflow/.local/lib/python3.12/site-packages/airflow/example_dags/example_latest_only.py took 0.071 seconds
[2026-03-29T21:54:03.631+0000] {processor.py:161} INFO - Started process (PID=2426) to work on /home/airflow/.local/lib/python3.12/site-packages/airflow/example_dags/example_latest_only.py
[2026-03-29T21:54:03.633+0000] {processor.py:830} INFO - Processing file /home/airflow/.local/lib/python3.12/site-packages/airflow/example_dags/example_latest_only.py for tasks to queue
[2026-03-29T21:54:03.636+0000] {logging_mixin.py:188} INFO - [2026-03-29T21:54:03.636+0000] {dagbag.py:545} INFO - Filling up the DagBag from /home/airflow/.local/lib/python3.12/site-packages/airflow/example_dags/example_latest_only.py
[2026-03-29T21:54:03.644+0000] {processor.py:840} INFO - DAG(s) 'latest_only' retrieved from /home/airflow/.local/lib/python3.12/site-packages/airflow/example_dags/example_latest_only.py
[2026-03-29T21:54:03.668+0000] {logging_mixin.py:188} INFO - [2026-03-29T21:54:03.667+0000] {dag.py:3089} INFO - Sync 1 DAGs
[2026-03-29T21:54:03.693+0000] {logging_mixin.py:188} INFO - [2026-03-29T21:54:03.693+0000] {dag.py:3947} INFO - Setting next_dagrun for latest_only to 2026-03-29 16:00:00+00:00, run_after=2026-03-29 20:00:00+00:00
[2026-03-29T21:54:03.714+0000] {processor.py:183} INFO - Processing /home/airflow/.local/lib/python3.12/site-packages/airflow/example_dags/example_latest_only.py took 0.088 seconds
[2026-03-29T21:54:34.272+0000] {processor.py:161} INFO - Started process (PID=2478) to work on /home/airflow/.local/lib/python3.12/site-packages/airflow/example_dags/example_latest_only.py
[2026-03-29T21:54:34.273+0000] {processor.py:830} INFO - Processing file /home/airflow/.local/lib/python3.12/site-packages/airflow/example_dags/example_latest_only.py for tasks to queue
[2026-03-29T21:54:34.275+0000] {logging_mixin.py:188} INFO - [2026-03-29T21:54:34.275+0000] {dagbag.py:545} INFO - Filling up the DagBag from /home/airflow/.local/lib/python3.12/site-packages/airflow/example_dags/example_latest_only.py
[2026-03-29T21:54:34.278+0000] {processor.py:840} INFO - DAG(s) 'latest_only' retrieved from /home/airflow/.local/lib/python3.12/site-packages/airflow/example_dags/example_latest_only.py
[2026-03-29T21:54:34.292+0000] {logging_mixin.py:188} INFO - [2026-03-29T21:54:34.292+0000] {dag.py:3089} INFO - Sync 1 DAGs
[2026-03-29T21:54:34.306+0000] {logging_mixin.py:188} INFO - [2026-03-29T21:54:34.306+0000] {dag.py:3947} INFO - Setting next_dagrun for latest_only to 2026-03-29 16:00:00+00:00, run_after=2026-03-29 20:00:00+00:00
[2026-03-29T21:54:34.317+0000] {processor.py:183} INFO - Processing /home/airflow/.local/lib/python3.12/site-packages/airflow/example_dags/example_latest_only.py took 0.049 seconds
[2026-03-29T21:55:04.626+0000] {processor.py:161} INFO - Started process (PID=2530) to work on /home/airflow/.local/lib/python3.12/site-packages/airflow/example_dags/example_latest_only.py
[2026-03-29T21:55:04.627+0000] {processor.py:830} INFO - Processing file /home/airflow/.local/lib/python3.12/site-packages/airflow/example_dags/example_latest_only.py for tasks to queue
[2026-03-29T21:55:04.628+0000] {logging_mixin.py:188} INFO - [2026-03-29T21:55:04.628+0000] {dagbag.py:545} INFO - Filling up the DagBag from /home/airflow/.local/lib/python3.12/site-packages/airflow/example_dags/example_latest_only.py
[2026-03-29T21:55:04.632+0000] {processor.py:840} INFO - DAG(s) 'latest_only' retrieved from /home/airflow/.local/lib/python3.12/site-packages/airflow/example_dags/example_latest_only.py
[2026-03-29T21:55:04.645+0000] {logging_mixin.py:188} INFO - [2026-03-29T21:55:04.644+0000] {dag.py:3089} INFO - Sync 1 DAGs
[2026-03-29T21:55:04.659+0000] {logging_mixin.py:188} INFO - [2026-03-29T21:55:04.659+0000] {dag.py:3947} INFO - Setting next_dagrun for latest_only to 2026-03-29 16:00:00+00:00, run_after=2026-03-29 20:00:00+00:00
[2026-03-29T21:55:04.670+0000] {processor.py:183} INFO - Processing /home/airflow/.local/lib/python3.12/site-packages/airflow/example_dags/example_latest_only.py took 0.048 seconds
[2026-03-29T21:55:35.358+0000] {processor.py:161} INFO - Started process (PID=2582) to work on /home/airflow/.local/lib/python3.12/site-packages/airflow/example_dags/example_latest_only.py
[2026-03-29T21:55:35.362+0000] {processor.py:830} INFO - Processing file /home/airflow/.local/lib/python3.12/site-packages/airflow/example_dags/example_latest_only.py for tasks to queue
[2026-03-29T21:55:35.366+0000] {logging_mixin.py:188} INFO - [2026-03-29T21:55:35.365+0000] {dagbag.py:545} INFO - Filling up the DagBag from /home/airflow/.local/lib/python3.12/site-packages/airflow/example_dags/example_latest_only.py
[2026-03-29T21:55:35.373+0000] {processor.py:840} INFO - DAG(s) 'latest_only' retrieved from /home/airflow/.local/lib/python3.12/site-packages/airflow/example_dags/example_latest_only.py
[2026-03-29T21:55:35.394+0000] {logging_mixin.py:188} INFO - [2026-03-29T21:55:35.394+0000] {dag.py:3089} INFO - Sync 1 DAGs
[2026-03-29T21:55:35.413+0000] {logging_mixin.py:188} INFO - [2026-03-29T21:55:35.413+0000] {dag.py:3947} INFO - Setting next_dagrun for latest_only to 2026-03-29 16:00:00+00:00, run_after=2026-03-29 20:00:00+00:00
[2026-03-29T21:55:35.430+0000] {processor.py:183} INFO - Processing /home/airflow/.local/lib/python3.12/site-packages/airflow/example_dags/example_latest_only.py took 0.078 seconds
[2026-03-29T21:56:05.739+0000] {processor.py:161} INFO - Started process (PID=2634) to work on /home/airflow/.local/lib/python3.12/site-packages/airflow/example_dags/example_latest_only.py
[2026-03-29T21:56:05.741+0000] {processor.py:830} INFO - Processing file /home/airflow/.local/lib/python3.12/site-packages/airflow/example_dags/example_latest_only.py for tasks to queue
[2026-03-29T21:56:05.743+0000] {logging_mixin.py:188} INFO - [2026-03-29T21:56:05.743+0000] {dagbag.py:545} INFO - Filling up the DagBag from /home/airflow/.local/lib/python3.12/site-packages/airflow/example_dags/example_latest_only.py
[2026-03-29T21:56:05.747+0000] {processor.py:840} INFO - DAG(s) 'latest_only' retrieved from /home/airflow/.local/lib/python3.12/site-packages/airflow/example_dags/example_latest_only.py
[2026-03-29T21:56:05.767+0000] {logging_mixin.py:188} INFO - [2026-03-29T21:56:05.766+0000] {dag.py:3089} INFO - Sync 1 DAGs
[2026-03-29T21:56:05.788+0000] {logging_mixin.py:188} INFO - [2026-03-29T21:56:05.788+0000] {dag.py:3947} INFO - Setting next_dagrun for latest_only to 2026-03-29 16:00:00+00:00, run_after=2026-03-29 20:00:00+00:00
[2026-03-29T21:56:05.807+0000] {processor.py:183} INFO - Processing /home/airflow/.local/lib/python3.12/site-packages/airflow/example_dags/example_latest_only.py took 0.073 seconds
[2026-03-29T21:56:36.472+0000] {processor.py:161} INFO - Started process (PID=2686) to work on /home/airflow/.local/lib/python3.12/site-packages/airflow/example_dags/example_latest_only.py
[2026-03-29T21:56:36.474+0000] {processor.py:830} INFO - Processing file /home/airflow/.local/lib/python3.12/site-packages/airflow/example_dags/example_latest_only.py for tasks to queue
[2026-03-29T21:56:36.477+0000] {logging_mixin.py:188} INFO - [2026-03-29T21:56:36.476+0000] {dagbag.py:545} INFO - Filling up the DagBag from /home/airflow/.local/lib/python3.12/site-packages/airflow/example_dags/example_latest_only.py
[2026-03-29T21:56:36.484+0000] {processor.py:840} INFO - DAG(s) 'latest_only' retrieved from /home/airflow/.local/lib/python3.12/site-packages/airflow/example_dags/example_latest_only.py
[2026-03-29T21:56:36.508+0000] {logging_mixin.py:188} INFO - [2026-03-29T21:56:36.508+0000] {dag.py:3089} INFO - Sync 1 DAGs
[2026-03-29T21:56:36.528+0000] {logging_mixin.py:188} INFO - [2026-03-29T21:56:36.528+0000] {dag.py:3947} INFO - Setting next_dagrun for latest_only to 2026-03-29 16:00:00+00:00, run_after=2026-03-29 20:00:00+00:00
[2026-03-29T21:56:36.550+0000] {processor.py:183} INFO - Processing /home/airflow/.local/lib/python3.12/site-packages/airflow/example_dags/example_latest_only.py took 0.087 seconds
[2026-03-29T21:57:07.123+0000] {processor.py:161} INFO - Started process (PID=2738) to work on /home/airflow/.local/lib/python3.12/site-packages/airflow/example_dags/example_latest_only.py
[2026-03-29T21:57:07.124+0000] {processor.py:830} INFO - Processing file /home/airflow/.local/lib/python3.12/site-packages/airflow/example_dags/example_latest_only.py for tasks to queue
[2026-03-29T21:57:07.144+0000] {logging_mixin.py:188} INFO - [2026-03-29T21:57:07.144+0000] {dagbag.py:545} INFO - Filling up the DagBag from /home/airflow/.local/lib/python3.12/site-packages/airflow/example_dags/example_latest_only.py
[2026-03-29T21:57:07.177+0000] {processor.py:840} INFO - DAG(s) 'latest_only' retrieved from /home/airflow/.local/lib/python3.12/site-packages/airflow/example_dags/example_latest_only.py
[2026-03-29T21:57:07.292+0000] {logging_mixin.py:188} INFO - [2026-03-29T21:57:07.291+0000] {dag.py:3089} INFO - Sync 1 DAGs
[2026-03-29T21:57:07.330+0000] {logging_mixin.py:188} INFO - [2026-03-29T21:57:07.329+0000] {dag.py:3947} INFO - Setting next_dagrun for latest_only to 2026-03-29 16:00:00+00:00, run_after=2026-03-29 20:00:00+00:00
[2026-03-29T21:57:07.351+0000] {processor.py:183} INFO - Processing /home/airflow/.local/lib/python3.12/site-packages/airflow/example_dags/example_latest_only.py took 0.232 seconds
[2026-03-29T21:57:37.496+0000] {processor.py:161} INFO - Started process (PID=2790) to work on /home/airflow/.local/lib/python3.12/site-packages/airflow/example_dags/example_latest_only.py
[2026-03-29T21:57:37.497+0000] {processor.py:830} INFO - Processing file /home/airflow/.local/lib/python3.12/site-packages/airflow/example_dags/example_latest_only.py for tasks to queue
[2026-03-29T21:57:37.499+0000] {logging_mixin.py:188} INFO - [2026-03-29T21:57:37.499+0000] {dagbag.py:545} INFO - Filling up the DagBag from /home/airflow/.local/lib/python3.12/site-packages/airflow/example_dags/example_latest_only.py
[2026-03-29T21:57:37.503+0000] {processor.py:840} INFO - DAG(s) 'latest_only' retrieved from /home/airflow/.local/lib/python3.12/site-packages/airflow/example_dags/example_latest_only.py
[2026-03-29T21:57:37.520+0000] {logging_mixin.py:188} INFO - [2026-03-29T21:57:37.520+0000] {dag.py:3089} INFO - Sync 1 DAGs
[2026-03-29T21:57:37.538+0000] {logging_mixin.py:188} INFO - [2026-03-29T21:57:37.538+0000] {dag.py:3947} INFO - Setting next_dagrun for latest_only to 2026-03-29 16:00:00+00:00, run_after=2026-03-29 20:00:00+00:00
[2026-03-29T21:57:37.553+0000] {processor.py:183} INFO - Processing /home/airflow/.local/lib/python3.12/site-packages/airflow/example_dags/example_latest_only.py took 0.064 seconds
[2026-03-29T21:58:08.411+0000] {processor.py:161} INFO - Started process (PID=2842) to work on /home/airflow/.local/lib/python3.12/site-packages/airflow/example_dags/example_latest_only.py
[2026-03-29T21:58:08.412+0000] {processor.py:830} INFO - Processing file /home/airflow/.local/lib/python3.12/site-packages/airflow/example_dags/example_latest_only.py for tasks to queue
[2026-03-29T21:58:08.414+0000] {logging_mixin.py:188} INFO - [2026-03-29T21:58:08.413+0000] {dagbag.py:545} INFO - Filling up the DagBag from /home/airflow/.local/lib/python3.12/site-packages/airflow/example_dags/example_latest_only.py
[2026-03-29T21:58:08.417+0000] {processor.py:840} INFO - DAG(s) 'latest_only' retrieved from /home/airflow/.local/lib/python3.12/site-packages/airflow/example_dags/example_latest_only.py
[2026-03-29T21:58:08.431+0000] {logging_mixin.py:188} INFO - [2026-03-29T21:58:08.431+0000] {dag.py:3089} INFO - Sync 1 DAGs
[2026-03-29T21:58:08.446+0000] {logging_mixin.py:188} INFO - [2026-03-29T21:58:08.446+0000] {dag.py:3947} INFO - Setting next_dagrun for latest_only to 2026-03-29 16:00:00+00:00, run_after=2026-03-29 20:00:00+00:00
[2026-03-29T21:58:08.458+0000] {processor.py:183} INFO - Processing /home/airflow/.local/lib/python3.12/site-packages/airflow/example_dags/example_latest_only.py took 0.051 seconds
[2026-03-29T21:58:39.130+0000] {processor.py:161} INFO - Started process (PID=2894) to work on /home/airflow/.local/lib/python3.12/site-packages/airflow/example_dags/example_latest_only.py
[2026-03-29T21:58:39.131+0000] {processor.py:830} INFO - Processing file /home/airflow/.local/lib/python3.12/site-packages/airflow/example_dags/example_latest_only.py for tasks to queue
[2026-03-29T21:58:39.132+0000] {logging_mixin.py:188} INFO - [2026-03-29T21:58:39.132+0000] {dagbag.py:545} INFO - Filling up the DagBag from /home/airflow/.local/lib/python3.12/site-packages/airflow/example_dags/example_latest_only.py
[2026-03-29T21:58:39.135+0000] {processor.py:840} INFO - DAG(s) 'latest_only' retrieved from /home/airflow/.local/lib/python3.12/site-packages/airflow/example_dags/example_latest_only.py
[2026-03-29T21:58:39.149+0000] {logging_mixin.py:188} INFO - [2026-03-29T21:58:39.149+0000] {dag.py:3089} INFO - Sync 1 DAGs
[2026-03-29T21:58:39.163+0000] {logging_mixin.py:188} INFO - [2026-03-29T21:58:39.163+0000] {dag.py:3947} INFO - Setting next_dagrun for latest_only to 2026-03-29 16:00:00+00:00, run_after=2026-03-29 20:00:00+00:00
[2026-03-29T21:58:39.174+0000] {processor.py:183} INFO - Processing /home/airflow/.local/lib/python3.12/site-packages/airflow/example_dags/example_latest_only.py took 0.048 seconds
[2026-03-29T21:59:09.588+0000] {processor.py:161} INFO - Started process (PID=2946) to work on /home/airflow/.local/lib/python3.12/site-packages/airflow/example_dags/example_latest_only.py
[2026-03-29T21:59:09.589+0000] {processor.py:830} INFO - Processing file /home/airflow/.local/lib/python3.12/site-packages/airflow/example_dags/example_latest_only.py for tasks to queue
[2026-03-29T21:59:09.590+0000] {logging_mixin.py:188} INFO - [2026-03-29T21:59:09.590+0000] {dagbag.py:545} INFO - Filling up the DagBag from /home/airflow/.local/lib/python3.12/site-packages/airflow/example_dags/example_latest_only.py
[2026-03-29T21:59:09.593+0000] {processor.py:840} INFO - DAG(s) 'latest_only' retrieved from /home/airflow/.local/lib/python3.12/site-packages/airflow/example_dags/example_latest_only.py
[2026-03-29T21:59:09.608+0000] {logging_mixin.py:188} INFO - [2026-03-29T21:59:09.608+0000] {dag.py:3089} INFO - Sync 1 DAGs
[2026-03-29T21:59:09.622+0000] {logging_mixin.py:188} INFO - [2026-03-29T21:59:09.622+0000] {dag.py:3947} INFO - Setting next_dagrun for latest_only to 2026-03-29 16:00:00+00:00, run_after=2026-03-29 20:00:00+00:00
[2026-03-29T21:59:09.634+0000] {processor.py:183} INFO - Processing /home/airflow/.local/lib/python3.12/site-packages/airflow/example_dags/example_latest_only.py took 0.050 seconds
[2026-03-29T21:59:39.914+0000] {processor.py:161} INFO - Started process (PID=2998) to work on /home/airflow/.local/lib/python3.12/site-packages/airflow/example_dags/example_latest_only.py
[2026-03-29T21:59:39.915+0000] {processor.py:830} INFO - Processing file /home/airflow/.local/lib/python3.12/site-packages/airflow/example_dags/example_latest_only.py for tasks to queue
[2026-03-29T21:59:39.916+0000] {logging_mixin.py:188} INFO - [2026-03-29T21:59:39.916+0000] {dagbag.py:545} INFO - Filling up the DagBag from /home/airflow/.local/lib/python3.12/site-packages/airflow/example_dags/example_latest_only.py
[2026-03-29T21:59:39.919+0000] {processor.py:840} INFO - DAG(s) 'latest_only' retrieved from /home/airflow/.local/lib/python3.12/site-packages/airflow/example_dags/example_latest_only.py
[2026-03-29T21:59:39.933+0000] {logging_mixin.py:188} INFO - [2026-03-29T21:59:39.933+0000] {dag.py:3089} INFO - Sync 1 DAGs
[2026-03-29T21:59:39.947+0000] {logging_mixin.py:188} INFO - [2026-03-29T21:59:39.947+0000] {dag.py:3947} INFO - Setting next_dagrun for latest_only to 2026-03-29 16:00:00+00:00, run_after=2026-03-29 20:00:00+00:00
[2026-03-29T21:59:39.958+0000] {processor.py:183} INFO - Processing /home/airflow/.local/lib/python3.12/site-packages/airflow/example_dags/example_latest_only.py took 0.049 seconds
[2026-03-29T22:00:10.398+0000] {processor.py:161} INFO - Started process (PID=3050) to work on /home/airflow/.local/lib/python3.12/site-packages/airflow/example_dags/example_latest_only.py
[2026-03-29T22:00:10.399+0000] {processor.py:830} INFO - Processing file /home/airflow/.local/lib/python3.12/site-packages/airflow/example_dags/example_latest_only.py for tasks to queue
[2026-03-29T22:00:10.400+0000] {logging_mixin.py:188} INFO - [2026-03-29T22:00:10.400+0000] {dagbag.py:545} INFO - Filling up the DagBag from /home/airflow/.local/lib/python3.12/site-packages/airflow/example_dags/example_latest_only.py
[2026-03-29T22:00:10.403+0000] {processor.py:840} INFO - DAG(s) 'latest_only' retrieved from /home/airflow/.local/lib/python3.12/site-packages/airflow/example_dags/example_latest_only.py
[2026-03-29T22:00:10.420+0000] {logging_mixin.py:188} INFO - [2026-03-29T22:00:10.420+0000] {dag.py:3089} INFO - Sync 1 DAGs
[2026-03-29T22:00:10.439+0000] {logging_mixin.py:188} INFO - [2026-03-29T22:00:10.439+0000] {dag.py:3947} INFO - Setting next_dagrun for latest_only to 2026-03-29 16:00:00+00:00, run_after=2026-03-29 20:00:00+00:00
[2026-03-29T22:00:10.460+0000] {processor.py:183} INFO - Processing /home/airflow/.local/lib/python3.12/site-packages/airflow/example_dags/example_latest_only.py took 0.067 seconds
[2026-03-29T22:00:41.131+0000] {processor.py:161} INFO - Started process (PID=3102) to work on /home/airflow/.local/lib/python3.12/site-packages/airflow/example_dags/example_latest_only.py
[2026-03-29T22:00:41.134+0000] {processor.py:830} INFO - Processing file /home/airflow/.local/lib/python3.12/site-packages/airflow/example_dags/example_latest_only.py for tasks to queue
[2026-03-29T22:00:41.135+0000] {logging_mixin.py:188} INFO - [2026-03-29T22:00:41.135+0000] {dagbag.py:545} INFO - Filling up the DagBag from /home/airflow/.local/lib/python3.12/site-packages/airflow/example_dags/example_latest_only.py
[2026-03-29T22:00:41.138+0000] {processor.py:840} INFO - DAG(s) 'latest_only' retrieved from /home/airflow/.local/lib/python3.12/site-packages/airflow/example_dags/example_latest_only.py
[2026-03-29T22:00:41.168+0000] {logging_mixin.py:188} INFO - [2026-03-29T22:00:41.168+0000] {dag.py:3089} INFO - Sync 1 DAGs
[2026-03-29T22:00:41.193+0000] {logging_mixin.py:188} INFO - [2026-03-29T22:00:41.192+0000] {dag.py:3947} INFO - Setting next_dagrun for latest_only to 2026-03-29 16:00:00+00:00, run_after=2026-03-29 20:00:00+00:00
[2026-03-29T22:00:41.213+0000] {processor.py:183} INFO - Processing /home/airflow/.local/lib/python3.12/site-packages/airflow/example_dags/example_latest_only.py took 0.087 seconds
[2026-03-29T22:01:12.075+0000] {processor.py:161} INFO - Started process (PID=3154) to work on /home/airflow/.local/lib/python3.12/site-packages/airflow/example_dags/example_latest_only.py
[2026-03-29T22:01:12.077+0000] {processor.py:830} INFO - Processing file /home/airflow/.local/lib/python3.12/site-packages/airflow/example_dags/example_latest_only.py for tasks to queue
[2026-03-29T22:01:12.080+0000] {logging_mixin.py:188} INFO - [2026-03-29T22:01:12.080+0000] {dagbag.py:545} INFO - Filling up the DagBag from /home/airflow/.local/lib/python3.12/site-packages/airflow/example_dags/example_latest_only.py
[2026-03-29T22:01:12.084+0000] {processor.py:840} INFO - DAG(s) 'latest_only' retrieved from /home/airflow/.local/lib/python3.12/site-packages/airflow/example_dags/example_latest_only.py
[2026-03-29T22:01:12.103+0000] {logging_mixin.py:188} INFO - [2026-03-29T22:01:12.103+0000] {dag.py:3089} INFO - Sync 1 DAGs
[2026-03-29T22:01:12.125+0000] {logging_mixin.py:188} INFO - [2026-03-29T22:01:12.125+0000] {dag.py:3947} INFO - Setting next_dagrun for latest_only to 2026-03-29 16:00:00+00:00, run_after=2026-03-29 20:00:00+00:00
[2026-03-29T22:01:12.144+0000] {processor.py:183} INFO - Processing /home/airflow/.local/lib/python3.12/site-packages/airflow/example_dags/example_latest_only.py took 0.075 seconds
