[2026-03-29T21:30:32.381+0000] {processor.py:161} INFO - Started process (PID=49) to work on /home/airflow/.local/lib/python3.12/site-packages/airflow/example_dags/example_branch_labels.py
[2026-03-29T21:30:32.382+0000] {processor.py:830} INFO - Processing file /home/airflow/.local/lib/python3.12/site-packages/airflow/example_dags/example_branch_labels.py for tasks to queue
[2026-03-29T21:30:32.388+0000] {logging_mixin.py:188} INFO - [2026-03-29T21:30:32.386+0000] {dagbag.py:545} INFO - Filling up the DagBag from /home/airflow/.local/lib/python3.12/site-packages/airflow/example_dags/example_branch_labels.py
[2026-03-29T21:30:32.416+0000] {processor.py:840} INFO - DAG(s) 'example_branch_labels' retrieved from /home/airflow/.local/lib/python3.12/site-packages/airflow/example_dags/example_branch_labels.py
[2026-03-29T21:30:32.451+0000] {logging_mixin.py:188} INFO - [2026-03-29T21:30:32.451+0000] {dag.py:3089} INFO - Sync 1 DAGs
[2026-03-29T21:30:32.520+0000] {logging_mixin.py:188} INFO - [2026-03-29T21:30:32.519+0000] {dag.py:3947} INFO - Setting next_dagrun for example_branch_labels to 2026-03-28 00:00:00+00:00, run_after=2026-03-29 00:00:00+00:00
[2026-03-29T21:30:32.592+0000] {processor.py:183} INFO - Processing /home/airflow/.local/lib/python3.12/site-packages/airflow/example_dags/example_branch_labels.py took 0.218 seconds
[2026-03-29T21:31:03.402+0000] {processor.py:161} INFO - Started process (PID=101) to work on /home/airflow/.local/lib/python3.12/site-packages/airflow/example_dags/example_branch_labels.py
[2026-03-29T21:31:03.404+0000] {processor.py:830} INFO - Processing file /home/airflow/.local/lib/python3.12/site-packages/airflow/example_dags/example_branch_labels.py for tasks to queue
[2026-03-29T21:31:03.408+0000] {logging_mixin.py:188} INFO - [2026-03-29T21:31:03.407+0000] {dagbag.py:545} INFO - Filling up the DagBag from /home/airflow/.local/lib/python3.12/site-packages/airflow/example_dags/example_branch_labels.py
[2026-03-29T21:31:03.419+0000] {processor.py:840} INFO - DAG(s) 'example_branch_labels' retrieved from /home/airflow/.local/lib/python3.12/site-packages/airflow/example_dags/example_branch_labels.py
[2026-03-29T21:31:03.596+0000] {logging_mixin.py:188} INFO - [2026-03-29T21:31:03.595+0000] {dag.py:3089} INFO - Sync 1 DAGs
[2026-03-29T21:31:03.633+0000] {logging_mixin.py:188} INFO - [2026-03-29T21:31:03.633+0000] {dag.py:3947} INFO - Setting next_dagrun for example_branch_labels to 2026-03-28 00:00:00+00:00, run_after=2026-03-29 00:00:00+00:00
[2026-03-29T21:31:03.673+0000] {processor.py:183} INFO - Processing /home/airflow/.local/lib/python3.12/site-packages/airflow/example_dags/example_branch_labels.py took 0.280 seconds
[2026-03-29T21:31:34.100+0000] {processor.py:161} INFO - Started process (PID=153) to work on /home/airflow/.local/lib/python3.12/site-packages/airflow/example_dags/example_branch_labels.py
[2026-03-29T21:31:34.101+0000] {processor.py:830} INFO - Processing file /home/airflow/.local/lib/python3.12/site-packages/airflow/example_dags/example_branch_labels.py for tasks to queue
[2026-03-29T21:31:34.102+0000] {logging_mixin.py:188} INFO - [2026-03-29T21:31:34.102+0000] {dagbag.py:545} INFO - Filling up the DagBag from /home/airflow/.local/lib/python3.12/site-packages/airflow/example_dags/example_branch_labels.py
[2026-03-29T21:31:34.111+0000] {processor.py:840} INFO - DAG(s) 'example_branch_labels' retrieved from /home/airflow/.local/lib/python3.12/site-packages/airflow/example_dags/example_branch_labels.py
[2026-03-29T21:31:34.131+0000] {logging_mixin.py:188} INFO - [2026-03-29T21:31:34.130+0000] {dag.py:3089} INFO - Sync 1 DAGs
[2026-03-29T21:31:34.151+0000] {logging_mixin.py:188} INFO - [2026-03-29T21:31:34.151+0000] {dag.py:3947} INFO - Setting next_dagrun for example_branch_labels to 2026-03-28 00:00:00+00:00, run_after=2026-03-29 00:00:00+00:00
[2026-03-29T21:31:34.177+0000] {processor.py:183} INFO - Processing /home/airflow/.local/lib/python3.12/site-packages/airflow/example_dags/example_branch_labels.py took 0.084 seconds
[2026-03-29T21:32:05.653+0000] {processor.py:161} INFO - Started process (PID=205) to work on /home/airflow/.local/lib/python3.12/site-packages/airflow/example_dags/example_branch_labels.py
[2026-03-29T21:32:05.657+0000] {processor.py:830} INFO - Processing file /home/airflow/.local/lib/python3.12/site-packages/airflow/example_dags/example_branch_labels.py for tasks to queue
[2026-03-29T21:32:05.662+0000] {logging_mixin.py:188} INFO - [2026-03-29T21:32:05.661+0000] {dagbag.py:545} INFO - Filling up the DagBag from /home/airflow/.local/lib/python3.12/site-packages/airflow/example_dags/example_branch_labels.py
[2026-03-29T21:32:05.677+0000] {processor.py:840} INFO - DAG(s) 'example_branch_labels' retrieved from /home/airflow/.local/lib/python3.12/site-packages/airflow/example_dags/example_branch_labels.py
[2026-03-29T21:32:05.723+0000] {logging_mixin.py:188} INFO - [2026-03-29T21:32:05.722+0000] {dag.py:3089} INFO - Sync 1 DAGs
[2026-03-29T21:32:05.763+0000] {logging_mixin.py:188} INFO - [2026-03-29T21:32:05.763+0000] {dag.py:3947} INFO - Setting next_dagrun for example_branch_labels to 2026-03-28 00:00:00+00:00, run_after=2026-03-29 00:00:00+00:00
[2026-03-29T21:32:05.799+0000] {processor.py:183} INFO - Processing /home/airflow/.local/lib/python3.12/site-packages/airflow/example_dags/example_branch_labels.py took 0.158 seconds
[2026-03-29T21:32:35.948+0000] {processor.py:161} INFO - Started process (PID=257) to work on /home/airflow/.local/lib/python3.12/site-packages/airflow/example_dags/example_branch_labels.py
[2026-03-29T21:32:35.951+0000] {processor.py:830} INFO - Processing file /home/airflow/.local/lib/python3.12/site-packages/airflow/example_dags/example_branch_labels.py for tasks to queue
[2026-03-29T21:32:35.952+0000] {logging_mixin.py:188} INFO - [2026-03-29T21:32:35.952+0000] {dagbag.py:545} INFO - Filling up the DagBag from /home/airflow/.local/lib/python3.12/site-packages/airflow/example_dags/example_branch_labels.py
[2026-03-29T21:32:35.957+0000] {processor.py:840} INFO - DAG(s) 'example_branch_labels' retrieved from /home/airflow/.local/lib/python3.12/site-packages/airflow/example_dags/example_branch_labels.py
[2026-03-29T21:32:35.974+0000] {logging_mixin.py:188} INFO - [2026-03-29T21:32:35.974+0000] {dag.py:3089} INFO - Sync 1 DAGs
[2026-03-29T21:32:35.990+0000] {logging_mixin.py:188} INFO - [2026-03-29T21:32:35.989+0000] {dag.py:3947} INFO - Setting next_dagrun for example_branch_labels to 2026-03-28 00:00:00+00:00, run_after=2026-03-29 00:00:00+00:00
[2026-03-29T21:32:36.009+0000] {processor.py:183} INFO - Processing /home/airflow/.local/lib/python3.12/site-packages/airflow/example_dags/example_branch_labels.py took 0.065 seconds
[2026-03-29T21:33:06.430+0000] {processor.py:161} INFO - Started process (PID=309) to work on /home/airflow/.local/lib/python3.12/site-packages/airflow/example_dags/example_branch_labels.py
[2026-03-29T21:33:06.432+0000] {processor.py:830} INFO - Processing file /home/airflow/.local/lib/python3.12/site-packages/airflow/example_dags/example_branch_labels.py for tasks to queue
[2026-03-29T21:33:06.434+0000] {logging_mixin.py:188} INFO - [2026-03-29T21:33:06.433+0000] {dagbag.py:545} INFO - Filling up the DagBag from /home/airflow/.local/lib/python3.12/site-packages/airflow/example_dags/example_branch_labels.py
[2026-03-29T21:33:06.442+0000] {processor.py:840} INFO - DAG(s) 'example_branch_labels' retrieved from /home/airflow/.local/lib/python3.12/site-packages/airflow/example_dags/example_branch_labels.py
[2026-03-29T21:33:06.465+0000] {logging_mixin.py:188} INFO - [2026-03-29T21:33:06.465+0000] {dag.py:3089} INFO - Sync 1 DAGs
[2026-03-29T21:33:06.486+0000] {logging_mixin.py:188} INFO - [2026-03-29T21:33:06.486+0000] {dag.py:3947} INFO - Setting next_dagrun for example_branch_labels to 2026-03-28 00:00:00+00:00, run_after=2026-03-29 00:00:00+00:00
[2026-03-29T21:33:06.504+0000] {processor.py:183} INFO - Processing /home/airflow/.local/lib/python3.12/site-packages/airflow/example_dags/example_branch_labels.py took 0.081 seconds
[2026-03-29T21:33:37.079+0000] {processor.py:161} INFO - Started process (PID=361) to work on /home/airflow/.local/lib/python3.12/site-packages/airflow/example_dags/example_branch_labels.py
[2026-03-29T21:33:37.082+0000] {processor.py:830} INFO - Processing file /home/airflow/.local/lib/python3.12/site-packages/airflow/example_dags/example_branch_labels.py for tasks to queue
[2026-03-29T21:33:37.088+0000] {logging_mixin.py:188} INFO - [2026-03-29T21:33:37.087+0000] {dagbag.py:545} INFO - Filling up the DagBag from /home/airflow/.local/lib/python3.12/site-packages/airflow/example_dags/example_branch_labels.py
[2026-03-29T21:33:37.098+0000] {processor.py:840} INFO - DAG(s) 'example_branch_labels' retrieved from /home/airflow/.local/lib/python3.12/site-packages/airflow/example_dags/example_branch_labels.py
[2026-03-29T21:33:37.132+0000] {logging_mixin.py:188} INFO - [2026-03-29T21:33:37.131+0000] {dag.py:3089} INFO - Sync 1 DAGs
[2026-03-29T21:33:37.161+0000] {logging_mixin.py:188} INFO - [2026-03-29T21:33:37.160+0000] {dag.py:3947} INFO - Setting next_dagrun for example_branch_labels to 2026-03-28 00:00:00+00:00, run_after=2026-03-29 00:00:00+00:00
[2026-03-29T21:33:37.180+0000] {processor.py:183} INFO - Processing /home/airflow/.local/lib/python3.12/site-packages/airflow/example_dags/example_branch_labels.py took 0.111 seconds
[2026-03-29T21:34:07.780+0000] {processor.py:161} INFO - Started process (PID=413) to work on /home/airflow/.local/lib/python3.12/site-packages/airflow/example_dags/example_branch_labels.py
[2026-03-29T21:34:07.781+0000] {processor.py:830} INFO - Processing file /home/airflow/.local/lib/python3.12/site-packages/airflow/example_dags/example_branch_labels.py for tasks to queue
[2026-03-29T21:34:07.789+0000] {logging_mixin.py:188} INFO - [2026-03-29T21:34:07.788+0000] {dagbag.py:545} INFO - Filling up the DagBag from /home/airflow/.local/lib/python3.12/site-packages/airflow/example_dags/example_branch_labels.py
[2026-03-29T21:34:07.802+0000] {processor.py:840} INFO - DAG(s) 'example_branch_labels' retrieved from /home/airflow/.local/lib/python3.12/site-packages/airflow/example_dags/example_branch_labels.py
[2026-03-29T21:34:07.826+0000] {logging_mixin.py:188} INFO - [2026-03-29T21:34:07.826+0000] {dag.py:3089} INFO - Sync 1 DAGs
[2026-03-29T21:34:07.848+0000] {logging_mixin.py:188} INFO - [2026-03-29T21:34:07.848+0000] {dag.py:3947} INFO - Setting next_dagrun for example_branch_labels to 2026-03-28 00:00:00+00:00, run_after=2026-03-29 00:00:00+00:00
[2026-03-29T21:34:07.865+0000] {processor.py:183} INFO - Processing /home/airflow/.local/lib/python3.12/site-packages/airflow/example_dags/example_branch_labels.py took 0.092 seconds
[2026-03-29T21:34:38.251+0000] {processor.py:161} INFO - Started process (PID=465) to work on /home/airflow/.local/lib/python3.12/site-packages/airflow/example_dags/example_branch_labels.py
[2026-03-29T21:34:38.254+0000] {processor.py:830} INFO - Processing file /home/airflow/.local/lib/python3.12/site-packages/airflow/example_dags/example_branch_labels.py for tasks to queue
[2026-03-29T21:34:38.257+0000] {logging_mixin.py:188} INFO - [2026-03-29T21:34:38.256+0000] {dagbag.py:545} INFO - Filling up the DagBag from /home/airflow/.local/lib/python3.12/site-packages/airflow/example_dags/example_branch_labels.py
[2026-03-29T21:34:38.265+0000] {processor.py:840} INFO - DAG(s) 'example_branch_labels' retrieved from /home/airflow/.local/lib/python3.12/site-packages/airflow/example_dags/example_branch_labels.py
[2026-03-29T21:34:38.290+0000] {logging_mixin.py:188} INFO - [2026-03-29T21:34:38.290+0000] {dag.py:3089} INFO - Sync 1 DAGs
[2026-03-29T21:34:38.312+0000] {logging_mixin.py:188} INFO - [2026-03-29T21:34:38.312+0000] {dag.py:3947} INFO - Setting next_dagrun for example_branch_labels to 2026-03-28 00:00:00+00:00, run_after=2026-03-29 00:00:00+00:00
[2026-03-29T21:34:38.334+0000] {processor.py:183} INFO - Processing /home/airflow/.local/lib/python3.12/site-packages/airflow/example_dags/example_branch_labels.py took 0.093 seconds
[2026-03-29T21:35:09.266+0000] {processor.py:161} INFO - Started process (PID=517) to work on /home/airflow/.local/lib/python3.12/site-packages/airflow/example_dags/example_branch_labels.py
[2026-03-29T21:35:09.268+0000] {processor.py:830} INFO - Processing file /home/airflow/.local/lib/python3.12/site-packages/airflow/example_dags/example_branch_labels.py for tasks to queue
[2026-03-29T21:35:09.271+0000] {logging_mixin.py:188} INFO - [2026-03-29T21:35:09.271+0000] {dagbag.py:545} INFO - Filling up the DagBag from /home/airflow/.local/lib/python3.12/site-packages/airflow/example_dags/example_branch_labels.py
[2026-03-29T21:35:09.278+0000] {processor.py:840} INFO - DAG(s) 'example_branch_labels' retrieved from /home/airflow/.local/lib/python3.12/site-packages/airflow/example_dags/example_branch_labels.py
[2026-03-29T21:35:09.298+0000] {logging_mixin.py:188} INFO - [2026-03-29T21:35:09.298+0000] {dag.py:3089} INFO - Sync 1 DAGs
[2026-03-29T21:35:09.322+0000] {logging_mixin.py:188} INFO - [2026-03-29T21:35:09.322+0000] {dag.py:3947} INFO - Setting next_dagrun for example_branch_labels to 2026-03-28 00:00:00+00:00, run_after=2026-03-29 00:00:00+00:00
[2026-03-29T21:35:09.337+0000] {processor.py:183} INFO - Processing /home/airflow/.local/lib/python3.12/site-packages/airflow/example_dags/example_branch_labels.py took 0.076 seconds
[2026-03-29T21:35:40.191+0000] {processor.py:161} INFO - Started process (PID=569) to work on /home/airflow/.local/lib/python3.12/site-packages/airflow/example_dags/example_branch_labels.py
[2026-03-29T21:35:40.192+0000] {processor.py:830} INFO - Processing file /home/airflow/.local/lib/python3.12/site-packages/airflow/example_dags/example_branch_labels.py for tasks to queue
[2026-03-29T21:35:40.193+0000] {logging_mixin.py:188} INFO - [2026-03-29T21:35:40.193+0000] {dagbag.py:545} INFO - Filling up the DagBag from /home/airflow/.local/lib/python3.12/site-packages/airflow/example_dags/example_branch_labels.py
[2026-03-29T21:35:40.202+0000] {processor.py:840} INFO - DAG(s) 'example_branch_labels' retrieved from /home/airflow/.local/lib/python3.12/site-packages/airflow/example_dags/example_branch_labels.py
[2026-03-29T21:35:40.221+0000] {logging_mixin.py:188} INFO - [2026-03-29T21:35:40.221+0000] {dag.py:3089} INFO - Sync 1 DAGs
[2026-03-29T21:35:40.246+0000] {logging_mixin.py:188} INFO - [2026-03-29T21:35:40.246+0000] {dag.py:3947} INFO - Setting next_dagrun for example_branch_labels to 2026-03-28 00:00:00+00:00, run_after=2026-03-29 00:00:00+00:00
[2026-03-29T21:35:40.263+0000] {processor.py:183} INFO - Processing /home/airflow/.local/lib/python3.12/site-packages/airflow/example_dags/example_branch_labels.py took 0.077 seconds
[2026-03-29T21:36:10.767+0000] {processor.py:161} INFO - Started process (PID=621) to work on /home/airflow/.local/lib/python3.12/site-packages/airflow/example_dags/example_branch_labels.py
[2026-03-29T21:36:10.768+0000] {processor.py:830} INFO - Processing file /home/airflow/.local/lib/python3.12/site-packages/airflow/example_dags/example_branch_labels.py for tasks to queue
[2026-03-29T21:36:10.770+0000] {logging_mixin.py:188} INFO - [2026-03-29T21:36:10.769+0000] {dagbag.py:545} INFO - Filling up the DagBag from /home/airflow/.local/lib/python3.12/site-packages/airflow/example_dags/example_branch_labels.py
[2026-03-29T21:36:10.775+0000] {processor.py:840} INFO - DAG(s) 'example_branch_labels' retrieved from /home/airflow/.local/lib/python3.12/site-packages/airflow/example_dags/example_branch_labels.py
[2026-03-29T21:36:10.790+0000] {logging_mixin.py:188} INFO - [2026-03-29T21:36:10.790+0000] {dag.py:3089} INFO - Sync 1 DAGs
[2026-03-29T21:36:10.806+0000] {logging_mixin.py:188} INFO - [2026-03-29T21:36:10.806+0000] {dag.py:3947} INFO - Setting next_dagrun for example_branch_labels to 2026-03-28 00:00:00+00:00, run_after=2026-03-29 00:00:00+00:00
[2026-03-29T21:36:10.824+0000] {processor.py:183} INFO - Processing /home/airflow/.local/lib/python3.12/site-packages/airflow/example_dags/example_branch_labels.py took 0.063 seconds
[2026-03-29T21:36:41.006+0000] {processor.py:161} INFO - Started process (PID=673) to work on /home/airflow/.local/lib/python3.12/site-packages/airflow/example_dags/example_branch_labels.py
[2026-03-29T21:36:41.010+0000] {processor.py:830} INFO - Processing file /home/airflow/.local/lib/python3.12/site-packages/airflow/example_dags/example_branch_labels.py for tasks to queue
[2026-03-29T21:36:41.012+0000] {logging_mixin.py:188} INFO - [2026-03-29T21:36:41.012+0000] {dagbag.py:545} INFO - Filling up the DagBag from /home/airflow/.local/lib/python3.12/site-packages/airflow/example_dags/example_branch_labels.py
[2026-03-29T21:36:41.017+0000] {processor.py:840} INFO - DAG(s) 'example_branch_labels' retrieved from /home/airflow/.local/lib/python3.12/site-packages/airflow/example_dags/example_branch_labels.py
[2026-03-29T21:36:41.039+0000] {logging_mixin.py:188} INFO - [2026-03-29T21:36:41.038+0000] {dag.py:3089} INFO - Sync 1 DAGs
[2026-03-29T21:36:41.059+0000] {logging_mixin.py:188} INFO - [2026-03-29T21:36:41.059+0000] {dag.py:3947} INFO - Setting next_dagrun for example_branch_labels to 2026-03-28 00:00:00+00:00, run_after=2026-03-29 00:00:00+00:00
[2026-03-29T21:36:41.074+0000] {processor.py:183} INFO - Processing /home/airflow/.local/lib/python3.12/site-packages/airflow/example_dags/example_branch_labels.py took 0.073 seconds
[2026-03-29T21:37:11.697+0000] {processor.py:161} INFO - Started process (PID=725) to work on /home/airflow/.local/lib/python3.12/site-packages/airflow/example_dags/example_branch_labels.py
[2026-03-29T21:37:11.698+0000] {processor.py:830} INFO - Processing file /home/airflow/.local/lib/python3.12/site-packages/airflow/example_dags/example_branch_labels.py for tasks to queue
[2026-03-29T21:37:11.700+0000] {logging_mixin.py:188} INFO - [2026-03-29T21:37:11.700+0000] {dagbag.py:545} INFO - Filling up the DagBag from /home/airflow/.local/lib/python3.12/site-packages/airflow/example_dags/example_branch_labels.py
[2026-03-29T21:37:11.708+0000] {processor.py:840} INFO - DAG(s) 'example_branch_labels' retrieved from /home/airflow/.local/lib/python3.12/site-packages/airflow/example_dags/example_branch_labels.py
[2026-03-29T21:37:11.726+0000] {logging_mixin.py:188} INFO - [2026-03-29T21:37:11.726+0000] {dag.py:3089} INFO - Sync 1 DAGs
[2026-03-29T21:37:11.761+0000] {logging_mixin.py:188} INFO - [2026-03-29T21:37:11.760+0000] {dag.py:3947} INFO - Setting next_dagrun for example_branch_labels to 2026-03-28 00:00:00+00:00, run_after=2026-03-29 00:00:00+00:00
[2026-03-29T21:37:11.779+0000] {processor.py:183} INFO - Processing /home/airflow/.local/lib/python3.12/site-packages/airflow/example_dags/example_branch_labels.py took 0.087 seconds
[2026-03-29T21:37:42.124+0000] {processor.py:161} INFO - Started process (PID=777) to work on /home/airflow/.local/lib/python3.12/site-packages/airflow/example_dags/example_branch_labels.py
[2026-03-29T21:37:42.126+0000] {processor.py:830} INFO - Processing file /home/airflow/.local/lib/python3.12/site-packages/airflow/example_dags/example_branch_labels.py for tasks to queue
[2026-03-29T21:37:42.128+0000] {logging_mixin.py:188} INFO - [2026-03-29T21:37:42.127+0000] {dagbag.py:545} INFO - Filling up the DagBag from /home/airflow/.local/lib/python3.12/site-packages/airflow/example_dags/example_branch_labels.py
[2026-03-29T21:37:42.135+0000] {processor.py:840} INFO - DAG(s) 'example_branch_labels' retrieved from /home/airflow/.local/lib/python3.12/site-packages/airflow/example_dags/example_branch_labels.py
[2026-03-29T21:37:42.159+0000] {logging_mixin.py:188} INFO - [2026-03-29T21:37:42.159+0000] {dag.py:3089} INFO - Sync 1 DAGs
[2026-03-29T21:37:42.181+0000] {logging_mixin.py:188} INFO - [2026-03-29T21:37:42.181+0000] {dag.py:3947} INFO - Setting next_dagrun for example_branch_labels to 2026-03-28 00:00:00+00:00, run_after=2026-03-29 00:00:00+00:00
[2026-03-29T21:37:42.200+0000] {processor.py:183} INFO - Processing /home/airflow/.local/lib/python3.12/site-packages/airflow/example_dags/example_branch_labels.py took 0.083 seconds
[2026-03-29T21:38:12.415+0000] {processor.py:161} INFO - Started process (PID=829) to work on /home/airflow/.local/lib/python3.12/site-packages/airflow/example_dags/example_branch_labels.py
[2026-03-29T21:38:12.417+0000] {processor.py:830} INFO - Processing file /home/airflow/.local/lib/python3.12/site-packages/airflow/example_dags/example_branch_labels.py for tasks to queue
[2026-03-29T21:38:12.422+0000] {logging_mixin.py:188} INFO - [2026-03-29T21:38:12.422+0000] {dagbag.py:545} INFO - Filling up the DagBag from /home/airflow/.local/lib/python3.12/site-packages/airflow/example_dags/example_branch_labels.py
[2026-03-29T21:38:12.428+0000] {processor.py:840} INFO - DAG(s) 'example_branch_labels' retrieved from /home/airflow/.local/lib/python3.12/site-packages/airflow/example_dags/example_branch_labels.py
[2026-03-29T21:38:12.446+0000] {logging_mixin.py:188} INFO - [2026-03-29T21:38:12.445+0000] {dag.py:3089} INFO - Sync 1 DAGs
[2026-03-29T21:38:12.466+0000] {logging_mixin.py:188} INFO - [2026-03-29T21:38:12.466+0000] {dag.py:3947} INFO - Setting next_dagrun for example_branch_labels to 2026-03-28 00:00:00+00:00, run_after=2026-03-29 00:00:00+00:00
[2026-03-29T21:38:12.483+0000] {processor.py:183} INFO - Processing /home/airflow/.local/lib/python3.12/site-packages/airflow/example_dags/example_branch_labels.py took 0.077 seconds
[2026-03-29T21:38:43.032+0000] {processor.py:161} INFO - Started process (PID=881) to work on /home/airflow/.local/lib/python3.12/site-packages/airflow/example_dags/example_branch_labels.py
[2026-03-29T21:38:43.034+0000] {processor.py:830} INFO - Processing file /home/airflow/.local/lib/python3.12/site-packages/airflow/example_dags/example_branch_labels.py for tasks to queue
[2026-03-29T21:38:43.036+0000] {logging_mixin.py:188} INFO - [2026-03-29T21:38:43.035+0000] {dagbag.py:545} INFO - Filling up the DagBag from /home/airflow/.local/lib/python3.12/site-packages/airflow/example_dags/example_branch_labels.py
[2026-03-29T21:38:43.042+0000] {processor.py:840} INFO - DAG(s) 'example_branch_labels' retrieved from /home/airflow/.local/lib/python3.12/site-packages/airflow/example_dags/example_branch_labels.py
[2026-03-29T21:38:43.057+0000] {logging_mixin.py:188} INFO - [2026-03-29T21:38:43.057+0000] {dag.py:3089} INFO - Sync 1 DAGs
[2026-03-29T21:38:43.077+0000] {logging_mixin.py:188} INFO - [2026-03-29T21:38:43.076+0000] {dag.py:3947} INFO - Setting next_dagrun for example_branch_labels to 2026-03-28 00:00:00+00:00, run_after=2026-03-29 00:00:00+00:00
[2026-03-29T21:38:43.091+0000] {processor.py:183} INFO - Processing /home/airflow/.local/lib/python3.12/site-packages/airflow/example_dags/example_branch_labels.py took 0.064 seconds
[2026-03-29T21:39:13.503+0000] {processor.py:161} INFO - Started process (PID=933) to work on /home/airflow/.local/lib/python3.12/site-packages/airflow/example_dags/example_branch_labels.py
[2026-03-29T21:39:13.504+0000] {processor.py:830} INFO - Processing file /home/airflow/.local/lib/python3.12/site-packages/airflow/example_dags/example_branch_labels.py for tasks to queue
[2026-03-29T21:39:13.505+0000] {logging_mixin.py:188} INFO - [2026-03-29T21:39:13.505+0000] {dagbag.py:545} INFO - Filling up the DagBag from /home/airflow/.local/lib/python3.12/site-packages/airflow/example_dags/example_branch_labels.py
[2026-03-29T21:39:13.512+0000] {processor.py:840} INFO - DAG(s) 'example_branch_labels' retrieved from /home/airflow/.local/lib/python3.12/site-packages/airflow/example_dags/example_branch_labels.py
[2026-03-29T21:39:13.527+0000] {logging_mixin.py:188} INFO - [2026-03-29T21:39:13.527+0000] {dag.py:3089} INFO - Sync 1 DAGs
[2026-03-29T21:39:13.545+0000] {logging_mixin.py:188} INFO - [2026-03-29T21:39:13.545+0000] {dag.py:3947} INFO - Setting next_dagrun for example_branch_labels to 2026-03-28 00:00:00+00:00, run_after=2026-03-29 00:00:00+00:00
[2026-03-29T21:39:13.558+0000] {processor.py:183} INFO - Processing /home/airflow/.local/lib/python3.12/site-packages/airflow/example_dags/example_branch_labels.py took 0.060 seconds
[2026-03-29T21:39:44.380+0000] {processor.py:161} INFO - Started process (PID=985) to work on /home/airflow/.local/lib/python3.12/site-packages/airflow/example_dags/example_branch_labels.py
[2026-03-29T21:39:44.382+0000] {processor.py:830} INFO - Processing file /home/airflow/.local/lib/python3.12/site-packages/airflow/example_dags/example_branch_labels.py for tasks to queue
[2026-03-29T21:39:44.385+0000] {logging_mixin.py:188} INFO - [2026-03-29T21:39:44.385+0000] {dagbag.py:545} INFO - Filling up the DagBag from /home/airflow/.local/lib/python3.12/site-packages/airflow/example_dags/example_branch_labels.py
[2026-03-29T21:39:44.392+0000] {processor.py:840} INFO - DAG(s) 'example_branch_labels' retrieved from /home/airflow/.local/lib/python3.12/site-packages/airflow/example_dags/example_branch_labels.py
[2026-03-29T21:39:44.413+0000] {logging_mixin.py:188} INFO - [2026-03-29T21:39:44.413+0000] {dag.py:3089} INFO - Sync 1 DAGs
[2026-03-29T21:39:44.440+0000] {logging_mixin.py:188} INFO - [2026-03-29T21:39:44.440+0000] {dag.py:3947} INFO - Setting next_dagrun for example_branch_labels to 2026-03-28 00:00:00+00:00, run_after=2026-03-29 00:00:00+00:00
[2026-03-29T21:39:44.458+0000] {processor.py:183} INFO - Processing /home/airflow/.local/lib/python3.12/site-packages/airflow/example_dags/example_branch_labels.py took 0.083 seconds
[2026-03-29T21:40:15.346+0000] {processor.py:161} INFO - Started process (PID=1037) to work on /home/airflow/.local/lib/python3.12/site-packages/airflow/example_dags/example_branch_labels.py
[2026-03-29T21:40:15.347+0000] {processor.py:830} INFO - Processing file /home/airflow/.local/lib/python3.12/site-packages/airflow/example_dags/example_branch_labels.py for tasks to queue
[2026-03-29T21:40:15.349+0000] {logging_mixin.py:188} INFO - [2026-03-29T21:40:15.349+0000] {dagbag.py:545} INFO - Filling up the DagBag from /home/airflow/.local/lib/python3.12/site-packages/airflow/example_dags/example_branch_labels.py
[2026-03-29T21:40:15.358+0000] {processor.py:840} INFO - DAG(s) 'example_branch_labels' retrieved from /home/airflow/.local/lib/python3.12/site-packages/airflow/example_dags/example_branch_labels.py
[2026-03-29T21:40:15.385+0000] {logging_mixin.py:188} INFO - [2026-03-29T21:40:15.385+0000] {dag.py:3089} INFO - Sync 1 DAGs
[2026-03-29T21:40:15.402+0000] {logging_mixin.py:188} INFO - [2026-03-29T21:40:15.402+0000] {dag.py:3947} INFO - Setting next_dagrun for example_branch_labels to 2026-03-28 00:00:00+00:00, run_after=2026-03-29 00:00:00+00:00
[2026-03-29T21:40:15.414+0000] {processor.py:183} INFO - Processing /home/airflow/.local/lib/python3.12/site-packages/airflow/example_dags/example_branch_labels.py took 0.074 seconds
[2026-03-29T21:40:45.889+0000] {processor.py:161} INFO - Started process (PID=1089) to work on /home/airflow/.local/lib/python3.12/site-packages/airflow/example_dags/example_branch_labels.py
[2026-03-29T21:40:45.892+0000] {processor.py:830} INFO - Processing file /home/airflow/.local/lib/python3.12/site-packages/airflow/example_dags/example_branch_labels.py for tasks to queue
[2026-03-29T21:40:45.893+0000] {logging_mixin.py:188} INFO - [2026-03-29T21:40:45.893+0000] {dagbag.py:545} INFO - Filling up the DagBag from /home/airflow/.local/lib/python3.12/site-packages/airflow/example_dags/example_branch_labels.py
[2026-03-29T21:40:45.899+0000] {processor.py:840} INFO - DAG(s) 'example_branch_labels' retrieved from /home/airflow/.local/lib/python3.12/site-packages/airflow/example_dags/example_branch_labels.py
[2026-03-29T21:40:45.922+0000] {logging_mixin.py:188} INFO - [2026-03-29T21:40:45.922+0000] {dag.py:3089} INFO - Sync 1 DAGs
[2026-03-29T21:40:45.947+0000] {logging_mixin.py:188} INFO - [2026-03-29T21:40:45.947+0000] {dag.py:3947} INFO - Setting next_dagrun for example_branch_labels to 2026-03-28 00:00:00+00:00, run_after=2026-03-29 00:00:00+00:00
[2026-03-29T21:40:45.961+0000] {processor.py:183} INFO - Processing /home/airflow/.local/lib/python3.12/site-packages/airflow/example_dags/example_branch_labels.py took 0.077 seconds
[2026-03-29T21:41:16.771+0000] {processor.py:161} INFO - Started process (PID=1141) to work on /home/airflow/.local/lib/python3.12/site-packages/airflow/example_dags/example_branch_labels.py
[2026-03-29T21:41:16.772+0000] {processor.py:830} INFO - Processing file /home/airflow/.local/lib/python3.12/site-packages/airflow/example_dags/example_branch_labels.py for tasks to queue
[2026-03-29T21:41:16.776+0000] {logging_mixin.py:188} INFO - [2026-03-29T21:41:16.775+0000] {dagbag.py:545} INFO - Filling up the DagBag from /home/airflow/.local/lib/python3.12/site-packages/airflow/example_dags/example_branch_labels.py
[2026-03-29T21:41:16.785+0000] {processor.py:840} INFO - DAG(s) 'example_branch_labels' retrieved from /home/airflow/.local/lib/python3.12/site-packages/airflow/example_dags/example_branch_labels.py
[2026-03-29T21:41:16.812+0000] {logging_mixin.py:188} INFO - [2026-03-29T21:41:16.812+0000] {dag.py:3089} INFO - Sync 1 DAGs
[2026-03-29T21:41:16.829+0000] {logging_mixin.py:188} INFO - [2026-03-29T21:41:16.829+0000] {dag.py:3947} INFO - Setting next_dagrun for example_branch_labels to 2026-03-28 00:00:00+00:00, run_after=2026-03-29 00:00:00+00:00
[2026-03-29T21:41:16.845+0000] {processor.py:183} INFO - Processing /home/airflow/.local/lib/python3.12/site-packages/airflow/example_dags/example_branch_labels.py took 0.078 seconds
[2026-03-29T21:41:47.729+0000] {processor.py:161} INFO - Started process (PID=1193) to work on /home/airflow/.local/lib/python3.12/site-packages/airflow/example_dags/example_branch_labels.py
[2026-03-29T21:41:47.730+0000] {processor.py:830} INFO - Processing file /home/airflow/.local/lib/python3.12/site-packages/airflow/example_dags/example_branch_labels.py for tasks to queue
[2026-03-29T21:41:47.731+0000] {logging_mixin.py:188} INFO - [2026-03-29T21:41:47.731+0000] {dagbag.py:545} INFO - Filling up the DagBag from /home/airflow/.local/lib/python3.12/site-packages/airflow/example_dags/example_branch_labels.py
[2026-03-29T21:41:47.736+0000] {processor.py:840} INFO - DAG(s) 'example_branch_labels' retrieved from /home/airflow/.local/lib/python3.12/site-packages/airflow/example_dags/example_branch_labels.py
[2026-03-29T21:41:47.758+0000] {logging_mixin.py:188} INFO - [2026-03-29T21:41:47.758+0000] {dag.py:3089} INFO - Sync 1 DAGs
[2026-03-29T21:41:47.777+0000] {logging_mixin.py:188} INFO - [2026-03-29T21:41:47.777+0000] {dag.py:3947} INFO - Setting next_dagrun for example_branch_labels to 2026-03-28 00:00:00+00:00, run_after=2026-03-29 00:00:00+00:00
[2026-03-29T21:41:47.794+0000] {processor.py:183} INFO - Processing /home/airflow/.local/lib/python3.12/site-packages/airflow/example_dags/example_branch_labels.py took 0.070 seconds
[2026-03-29T21:42:18.905+0000] {processor.py:161} INFO - Started process (PID=1245) to work on /home/airflow/.local/lib/python3.12/site-packages/airflow/example_dags/example_branch_labels.py
[2026-03-29T21:42:18.906+0000] {processor.py:830} INFO - Processing file /home/airflow/.local/lib/python3.12/site-packages/airflow/example_dags/example_branch_labels.py for tasks to queue
[2026-03-29T21:42:18.907+0000] {logging_mixin.py:188} INFO - [2026-03-29T21:42:18.907+0000] {dagbag.py:545} INFO - Filling up the DagBag from /home/airflow/.local/lib/python3.12/site-packages/airflow/example_dags/example_branch_labels.py
[2026-03-29T21:42:18.914+0000] {processor.py:840} INFO - DAG(s) 'example_branch_labels' retrieved from /home/airflow/.local/lib/python3.12/site-packages/airflow/example_dags/example_branch_labels.py
[2026-03-29T21:42:18.931+0000] {logging_mixin.py:188} INFO - [2026-03-29T21:42:18.931+0000] {dag.py:3089} INFO - Sync 1 DAGs
[2026-03-29T21:42:18.949+0000] {logging_mixin.py:188} INFO - [2026-03-29T21:42:18.949+0000] {dag.py:3947} INFO - Setting next_dagrun for example_branch_labels to 2026-03-28 00:00:00+00:00, run_after=2026-03-29 00:00:00+00:00
[2026-03-29T21:42:18.964+0000] {processor.py:183} INFO - Processing /home/airflow/.local/lib/python3.12/site-packages/airflow/example_dags/example_branch_labels.py took 0.065 seconds
[2026-03-29T21:42:50.187+0000] {processor.py:161} INFO - Started process (PID=1297) to work on /home/airflow/.local/lib/python3.12/site-packages/airflow/example_dags/example_branch_labels.py
[2026-03-29T21:42:50.189+0000] {processor.py:830} INFO - Processing file /home/airflow/.local/lib/python3.12/site-packages/airflow/example_dags/example_branch_labels.py for tasks to queue
[2026-03-29T21:42:50.191+0000] {logging_mixin.py:188} INFO - [2026-03-29T21:42:50.191+0000] {dagbag.py:545} INFO - Filling up the DagBag from /home/airflow/.local/lib/python3.12/site-packages/airflow/example_dags/example_branch_labels.py
[2026-03-29T21:42:50.201+0000] {processor.py:840} INFO - DAG(s) 'example_branch_labels' retrieved from /home/airflow/.local/lib/python3.12/site-packages/airflow/example_dags/example_branch_labels.py
[2026-03-29T21:42:50.232+0000] {logging_mixin.py:188} INFO - [2026-03-29T21:42:50.232+0000] {dag.py:3089} INFO - Sync 1 DAGs
[2026-03-29T21:42:50.255+0000] {logging_mixin.py:188} INFO - [2026-03-29T21:42:50.255+0000] {dag.py:3947} INFO - Setting next_dagrun for example_branch_labels to 2026-03-28 00:00:00+00:00, run_after=2026-03-29 00:00:00+00:00
[2026-03-29T21:42:50.273+0000] {processor.py:183} INFO - Processing /home/airflow/.local/lib/python3.12/site-packages/airflow/example_dags/example_branch_labels.py took 0.096 seconds
[2026-03-29T21:43:20.311+0000] {processor.py:161} INFO - Started process (PID=1348) to work on /home/airflow/.local/lib/python3.12/site-packages/airflow/example_dags/example_branch_labels.py
[2026-03-29T21:43:20.312+0000] {processor.py:830} INFO - Processing file /home/airflow/.local/lib/python3.12/site-packages/airflow/example_dags/example_branch_labels.py for tasks to queue
[2026-03-29T21:43:20.313+0000] {logging_mixin.py:188} INFO - [2026-03-29T21:43:20.313+0000] {dagbag.py:545} INFO - Filling up the DagBag from /home/airflow/.local/lib/python3.12/site-packages/airflow/example_dags/example_branch_labels.py
[2026-03-29T21:43:20.318+0000] {processor.py:840} INFO - DAG(s) 'example_branch_labels' retrieved from /home/airflow/.local/lib/python3.12/site-packages/airflow/example_dags/example_branch_labels.py
[2026-03-29T21:43:20.335+0000] {logging_mixin.py:188} INFO - [2026-03-29T21:43:20.335+0000] {dag.py:3089} INFO - Sync 1 DAGs
[2026-03-29T21:43:20.351+0000] {logging_mixin.py:188} INFO - [2026-03-29T21:43:20.350+0000] {dag.py:3947} INFO - Setting next_dagrun for example_branch_labels to 2026-03-28 00:00:00+00:00, run_after=2026-03-29 00:00:00+00:00
[2026-03-29T21:43:20.362+0000] {processor.py:183} INFO - Processing /home/airflow/.local/lib/python3.12/site-packages/airflow/example_dags/example_branch_labels.py took 0.062 seconds
[2026-03-29T21:43:50.392+0000] {processor.py:161} INFO - Started process (PID=1400) to work on /home/airflow/.local/lib/python3.12/site-packages/airflow/example_dags/example_branch_labels.py
[2026-03-29T21:43:50.393+0000] {processor.py:830} INFO - Processing file /home/airflow/.local/lib/python3.12/site-packages/airflow/example_dags/example_branch_labels.py for tasks to queue
[2026-03-29T21:43:50.394+0000] {logging_mixin.py:188} INFO - [2026-03-29T21:43:50.394+0000] {dagbag.py:545} INFO - Filling up the DagBag from /home/airflow/.local/lib/python3.12/site-packages/airflow/example_dags/example_branch_labels.py
[2026-03-29T21:43:50.399+0000] {processor.py:840} INFO - DAG(s) 'example_branch_labels' retrieved from /home/airflow/.local/lib/python3.12/site-packages/airflow/example_dags/example_branch_labels.py
[2026-03-29T21:43:50.414+0000] {logging_mixin.py:188} INFO - [2026-03-29T21:43:50.414+0000] {dag.py:3089} INFO - Sync 1 DAGs
[2026-03-29T21:43:50.429+0000] {logging_mixin.py:188} INFO - [2026-03-29T21:43:50.429+0000] {dag.py:3947} INFO - Setting next_dagrun for example_branch_labels to 2026-03-28 00:00:00+00:00, run_after=2026-03-29 00:00:00+00:00
[2026-03-29T21:43:50.440+0000] {processor.py:183} INFO - Processing /home/airflow/.local/lib/python3.12/site-packages/airflow/example_dags/example_branch_labels.py took 0.052 seconds
[2026-03-29T21:44:20.597+0000] {processor.py:161} INFO - Started process (PID=1452) to work on /home/airflow/.local/lib/python3.12/site-packages/airflow/example_dags/example_branch_labels.py
[2026-03-29T21:44:20.600+0000] {processor.py:830} INFO - Processing file /home/airflow/.local/lib/python3.12/site-packages/airflow/example_dags/example_branch_labels.py for tasks to queue
[2026-03-29T21:44:20.603+0000] {logging_mixin.py:188} INFO - [2026-03-29T21:44:20.602+0000] {dagbag.py:545} INFO - Filling up the DagBag from /home/airflow/.local/lib/python3.12/site-packages/airflow/example_dags/example_branch_labels.py
[2026-03-29T21:44:20.614+0000] {processor.py:840} INFO - DAG(s) 'example_branch_labels' retrieved from /home/airflow/.local/lib/python3.12/site-packages/airflow/example_dags/example_branch_labels.py
[2026-03-29T21:44:20.650+0000] {logging_mixin.py:188} INFO - [2026-03-29T21:44:20.650+0000] {dag.py:3089} INFO - Sync 1 DAGs
[2026-03-29T21:44:20.676+0000] {logging_mixin.py:188} INFO - [2026-03-29T21:44:20.675+0000] {dag.py:3947} INFO - Setting next_dagrun for example_branch_labels to 2026-03-28 00:00:00+00:00, run_after=2026-03-29 00:00:00+00:00
[2026-03-29T21:44:20.689+0000] {processor.py:183} INFO - Processing /home/airflow/.local/lib/python3.12/site-packages/airflow/example_dags/example_branch_labels.py took 0.107 seconds
[2026-03-29T21:44:51.688+0000] {processor.py:161} INFO - Started process (PID=1504) to work on /home/airflow/.local/lib/python3.12/site-packages/airflow/example_dags/example_branch_labels.py
[2026-03-29T21:44:51.689+0000] {processor.py:830} INFO - Processing file /home/airflow/.local/lib/python3.12/site-packages/airflow/example_dags/example_branch_labels.py for tasks to queue
[2026-03-29T21:44:51.691+0000] {logging_mixin.py:188} INFO - [2026-03-29T21:44:51.691+0000] {dagbag.py:545} INFO - Filling up the DagBag from /home/airflow/.local/lib/python3.12/site-packages/airflow/example_dags/example_branch_labels.py
[2026-03-29T21:44:51.699+0000] {processor.py:840} INFO - DAG(s) 'example_branch_labels' retrieved from /home/airflow/.local/lib/python3.12/site-packages/airflow/example_dags/example_branch_labels.py
[2026-03-29T21:44:51.723+0000] {logging_mixin.py:188} INFO - [2026-03-29T21:44:51.723+0000] {dag.py:3089} INFO - Sync 1 DAGs
[2026-03-29T21:44:51.746+0000] {logging_mixin.py:188} INFO - [2026-03-29T21:44:51.746+0000] {dag.py:3947} INFO - Setting next_dagrun for example_branch_labels to 2026-03-28 00:00:00+00:00, run_after=2026-03-29 00:00:00+00:00
[2026-03-29T21:44:51.768+0000] {processor.py:183} INFO - Processing /home/airflow/.local/lib/python3.12/site-packages/airflow/example_dags/example_branch_labels.py took 0.087 seconds
[2026-03-29T21:45:22.040+0000] {processor.py:161} INFO - Started process (PID=1556) to work on /home/airflow/.local/lib/python3.12/site-packages/airflow/example_dags/example_branch_labels.py
[2026-03-29T21:45:22.042+0000] {processor.py:830} INFO - Processing file /home/airflow/.local/lib/python3.12/site-packages/airflow/example_dags/example_branch_labels.py for tasks to queue
[2026-03-29T21:45:22.046+0000] {logging_mixin.py:188} INFO - [2026-03-29T21:45:22.045+0000] {dagbag.py:545} INFO - Filling up the DagBag from /home/airflow/.local/lib/python3.12/site-packages/airflow/example_dags/example_branch_labels.py
[2026-03-29T21:45:22.059+0000] {processor.py:840} INFO - DAG(s) 'example_branch_labels' retrieved from /home/airflow/.local/lib/python3.12/site-packages/airflow/example_dags/example_branch_labels.py
[2026-03-29T21:45:22.098+0000] {logging_mixin.py:188} INFO - [2026-03-29T21:45:22.098+0000] {dag.py:3089} INFO - Sync 1 DAGs
[2026-03-29T21:45:22.128+0000] {logging_mixin.py:188} INFO - [2026-03-29T21:45:22.128+0000] {dag.py:3947} INFO - Setting next_dagrun for example_branch_labels to 2026-03-28 00:00:00+00:00, run_after=2026-03-29 00:00:00+00:00
[2026-03-29T21:45:22.144+0000] {processor.py:183} INFO - Processing /home/airflow/.local/lib/python3.12/site-packages/airflow/example_dags/example_branch_labels.py took 0.119 seconds
[2026-03-29T21:45:52.246+0000] {processor.py:161} INFO - Started process (PID=1608) to work on /home/airflow/.local/lib/python3.12/site-packages/airflow/example_dags/example_branch_labels.py
[2026-03-29T21:45:52.247+0000] {processor.py:830} INFO - Processing file /home/airflow/.local/lib/python3.12/site-packages/airflow/example_dags/example_branch_labels.py for tasks to queue
[2026-03-29T21:45:52.249+0000] {logging_mixin.py:188} INFO - [2026-03-29T21:45:52.249+0000] {dagbag.py:545} INFO - Filling up the DagBag from /home/airflow/.local/lib/python3.12/site-packages/airflow/example_dags/example_branch_labels.py
[2026-03-29T21:45:52.262+0000] {processor.py:840} INFO - DAG(s) 'example_branch_labels' retrieved from /home/airflow/.local/lib/python3.12/site-packages/airflow/example_dags/example_branch_labels.py
[2026-03-29T21:45:52.304+0000] {logging_mixin.py:188} INFO - [2026-03-29T21:45:52.303+0000] {dag.py:3089} INFO - Sync 1 DAGs
[2026-03-29T21:45:52.331+0000] {logging_mixin.py:188} INFO - [2026-03-29T21:45:52.330+0000] {dag.py:3947} INFO - Setting next_dagrun for example_branch_labels to 2026-03-28 00:00:00+00:00, run_after=2026-03-29 00:00:00+00:00
[2026-03-29T21:45:52.351+0000] {processor.py:183} INFO - Processing /home/airflow/.local/lib/python3.12/site-packages/airflow/example_dags/example_branch_labels.py took 0.110 seconds
[2026-03-29T21:46:22.770+0000] {processor.py:161} INFO - Started process (PID=1658) to work on /home/airflow/.local/lib/python3.12/site-packages/airflow/example_dags/example_branch_labels.py
[2026-03-29T21:46:22.772+0000] {processor.py:830} INFO - Processing file /home/airflow/.local/lib/python3.12/site-packages/airflow/example_dags/example_branch_labels.py for tasks to queue
[2026-03-29T21:46:22.776+0000] {logging_mixin.py:188} INFO - [2026-03-29T21:46:22.776+0000] {dagbag.py:545} INFO - Filling up the DagBag from /home/airflow/.local/lib/python3.12/site-packages/airflow/example_dags/example_branch_labels.py
[2026-03-29T21:46:22.783+0000] {processor.py:840} INFO - DAG(s) 'example_branch_labels' retrieved from /home/airflow/.local/lib/python3.12/site-packages/airflow/example_dags/example_branch_labels.py
[2026-03-29T21:46:22.802+0000] {logging_mixin.py:188} INFO - [2026-03-29T21:46:22.802+0000] {dag.py:3089} INFO - Sync 1 DAGs
[2026-03-29T21:46:22.829+0000] {logging_mixin.py:188} INFO - [2026-03-29T21:46:22.828+0000] {dag.py:3947} INFO - Setting next_dagrun for example_branch_labels to 2026-03-28 00:00:00+00:00, run_after=2026-03-29 00:00:00+00:00
[2026-03-29T21:46:22.844+0000] {processor.py:183} INFO - Processing /home/airflow/.local/lib/python3.12/site-packages/airflow/example_dags/example_branch_labels.py took 0.080 seconds
[2026-03-29T21:46:53.528+0000] {processor.py:161} INFO - Started process (PID=1710) to work on /home/airflow/.local/lib/python3.12/site-packages/airflow/example_dags/example_branch_labels.py
[2026-03-29T21:46:53.529+0000] {processor.py:830} INFO - Processing file /home/airflow/.local/lib/python3.12/site-packages/airflow/example_dags/example_branch_labels.py for tasks to queue
[2026-03-29T21:46:53.531+0000] {logging_mixin.py:188} INFO - [2026-03-29T21:46:53.531+0000] {dagbag.py:545} INFO - Filling up the DagBag from /home/airflow/.local/lib/python3.12/site-packages/airflow/example_dags/example_branch_labels.py
[2026-03-29T21:46:53.537+0000] {processor.py:840} INFO - DAG(s) 'example_branch_labels' retrieved from /home/airflow/.local/lib/python3.12/site-packages/airflow/example_dags/example_branch_labels.py
[2026-03-29T21:46:53.554+0000] {logging_mixin.py:188} INFO - [2026-03-29T21:46:53.553+0000] {dag.py:3089} INFO - Sync 1 DAGs
[2026-03-29T21:46:53.570+0000] {logging_mixin.py:188} INFO - [2026-03-29T21:46:53.570+0000] {dag.py:3947} INFO - Setting next_dagrun for example_branch_labels to 2026-03-28 00:00:00+00:00, run_after=2026-03-29 00:00:00+00:00
[2026-03-29T21:46:53.586+0000] {processor.py:183} INFO - Processing /home/airflow/.local/lib/python3.12/site-packages/airflow/example_dags/example_branch_labels.py took 0.063 seconds
[2026-03-29T21:47:24.377+0000] {processor.py:161} INFO - Started process (PID=1762) to work on /home/airflow/.local/lib/python3.12/site-packages/airflow/example_dags/example_branch_labels.py
[2026-03-29T21:47:24.380+0000] {processor.py:830} INFO - Processing file /home/airflow/.local/lib/python3.12/site-packages/airflow/example_dags/example_branch_labels.py for tasks to queue
[2026-03-29T21:47:24.382+0000] {logging_mixin.py:188} INFO - [2026-03-29T21:47:24.382+0000] {dagbag.py:545} INFO - Filling up the DagBag from /home/airflow/.local/lib/python3.12/site-packages/airflow/example_dags/example_branch_labels.py
[2026-03-29T21:47:24.388+0000] {processor.py:840} INFO - DAG(s) 'example_branch_labels' retrieved from /home/airflow/.local/lib/python3.12/site-packages/airflow/example_dags/example_branch_labels.py
[2026-03-29T21:47:24.405+0000] {logging_mixin.py:188} INFO - [2026-03-29T21:47:24.405+0000] {dag.py:3089} INFO - Sync 1 DAGs
[2026-03-29T21:47:24.426+0000] {logging_mixin.py:188} INFO - [2026-03-29T21:47:24.426+0000] {dag.py:3947} INFO - Setting next_dagrun for example_branch_labels to 2026-03-28 00:00:00+00:00, run_after=2026-03-29 00:00:00+00:00
[2026-03-29T21:47:24.552+0000] {processor.py:183} INFO - Processing /home/airflow/.local/lib/python3.12/site-packages/airflow/example_dags/example_branch_labels.py took 0.180 seconds
[2026-03-29T21:47:55.177+0000] {processor.py:161} INFO - Started process (PID=1814) to work on /home/airflow/.local/lib/python3.12/site-packages/airflow/example_dags/example_branch_labels.py
[2026-03-29T21:47:55.179+0000] {processor.py:830} INFO - Processing file /home/airflow/.local/lib/python3.12/site-packages/airflow/example_dags/example_branch_labels.py for tasks to queue
[2026-03-29T21:47:55.180+0000] {logging_mixin.py:188} INFO - [2026-03-29T21:47:55.180+0000] {dagbag.py:545} INFO - Filling up the DagBag from /home/airflow/.local/lib/python3.12/site-packages/airflow/example_dags/example_branch_labels.py
[2026-03-29T21:47:55.186+0000] {processor.py:840} INFO - DAG(s) 'example_branch_labels' retrieved from /home/airflow/.local/lib/python3.12/site-packages/airflow/example_dags/example_branch_labels.py
[2026-03-29T21:47:55.203+0000] {logging_mixin.py:188} INFO - [2026-03-29T21:47:55.203+0000] {dag.py:3089} INFO - Sync 1 DAGs
[2026-03-29T21:47:55.225+0000] {logging_mixin.py:188} INFO - [2026-03-29T21:47:55.225+0000] {dag.py:3947} INFO - Setting next_dagrun for example_branch_labels to 2026-03-28 00:00:00+00:00, run_after=2026-03-29 00:00:00+00:00
[2026-03-29T21:47:55.238+0000] {processor.py:183} INFO - Processing /home/airflow/.local/lib/python3.12/site-packages/airflow/example_dags/example_branch_labels.py took 0.067 seconds
[2026-03-29T21:48:25.939+0000] {processor.py:161} INFO - Started process (PID=1866) to work on /home/airflow/.local/lib/python3.12/site-packages/airflow/example_dags/example_branch_labels.py
[2026-03-29T21:48:25.940+0000] {processor.py:830} INFO - Processing file /home/airflow/.local/lib/python3.12/site-packages/airflow/example_dags/example_branch_labels.py for tasks to queue
[2026-03-29T21:48:25.942+0000] {logging_mixin.py:188} INFO - [2026-03-29T21:48:25.942+0000] {dagbag.py:545} INFO - Filling up the DagBag from /home/airflow/.local/lib/python3.12/site-packages/airflow/example_dags/example_branch_labels.py
[2026-03-29T21:48:25.947+0000] {processor.py:840} INFO - DAG(s) 'example_branch_labels' retrieved from /home/airflow/.local/lib/python3.12/site-packages/airflow/example_dags/example_branch_labels.py
[2026-03-29T21:48:25.963+0000] {logging_mixin.py:188} INFO - [2026-03-29T21:48:25.963+0000] {dag.py:3089} INFO - Sync 1 DAGs
[2026-03-29T21:48:25.980+0000] {logging_mixin.py:188} INFO - [2026-03-29T21:48:25.980+0000] {dag.py:3947} INFO - Setting next_dagrun for example_branch_labels to 2026-03-28 00:00:00+00:00, run_after=2026-03-29 00:00:00+00:00
[2026-03-29T21:48:25.994+0000] {processor.py:183} INFO - Processing /home/airflow/.local/lib/python3.12/site-packages/airflow/example_dags/example_branch_labels.py took 0.059 seconds
[2026-03-29T21:48:59.086+0000] {processor.py:161} INFO - Started process (PID=1918) to work on /home/airflow/.local/lib/python3.12/site-packages/airflow/example_dags/example_branch_labels.py
[2026-03-29T21:48:59.087+0000] {processor.py:830} INFO - Processing file /home/airflow/.local/lib/python3.12/site-packages/airflow/example_dags/example_branch_labels.py for tasks to queue
[2026-03-29T21:48:59.091+0000] {logging_mixin.py:188} INFO - [2026-03-29T21:48:59.090+0000] {dagbag.py:545} INFO - Filling up the DagBag from /home/airflow/.local/lib/python3.12/site-packages/airflow/example_dags/example_branch_labels.py
[2026-03-29T21:48:59.101+0000] {processor.py:840} INFO - DAG(s) 'example_branch_labels' retrieved from /home/airflow/.local/lib/python3.12/site-packages/airflow/example_dags/example_branch_labels.py
[2026-03-29T21:48:59.151+0000] {logging_mixin.py:188} INFO - [2026-03-29T21:48:59.150+0000] {dag.py:3089} INFO - Sync 1 DAGs
[2026-03-29T21:48:59.183+0000] {logging_mixin.py:188} INFO - [2026-03-29T21:48:59.182+0000] {dag.py:3947} INFO - Setting next_dagrun for example_branch_labels to 2026-03-28 00:00:00+00:00, run_after=2026-03-29 00:00:00+00:00
[2026-03-29T21:48:59.205+0000] {processor.py:183} INFO - Processing /home/airflow/.local/lib/python3.12/site-packages/airflow/example_dags/example_branch_labels.py took 0.127 seconds
[2026-03-29T21:49:30.300+0000] {processor.py:161} INFO - Started process (PID=1970) to work on /home/airflow/.local/lib/python3.12/site-packages/airflow/example_dags/example_branch_labels.py
[2026-03-29T21:49:30.302+0000] {processor.py:830} INFO - Processing file /home/airflow/.local/lib/python3.12/site-packages/airflow/example_dags/example_branch_labels.py for tasks to queue
[2026-03-29T21:49:30.304+0000] {logging_mixin.py:188} INFO - [2026-03-29T21:49:30.304+0000] {dagbag.py:545} INFO - Filling up the DagBag from /home/airflow/.local/lib/python3.12/site-packages/airflow/example_dags/example_branch_labels.py
[2026-03-29T21:49:30.316+0000] {processor.py:840} INFO - DAG(s) 'example_branch_labels' retrieved from /home/airflow/.local/lib/python3.12/site-packages/airflow/example_dags/example_branch_labels.py
[2026-03-29T21:49:30.450+0000] {logging_mixin.py:188} INFO - [2026-03-29T21:49:30.450+0000] {dag.py:3089} INFO - Sync 1 DAGs
[2026-03-29T21:49:30.467+0000] {logging_mixin.py:188} INFO - [2026-03-29T21:49:30.467+0000] {dag.py:3947} INFO - Setting next_dagrun for example_branch_labels to 2026-03-28 00:00:00+00:00, run_after=2026-03-29 00:00:00+00:00
[2026-03-29T21:49:30.479+0000] {processor.py:183} INFO - Processing /home/airflow/.local/lib/python3.12/site-packages/airflow/example_dags/example_branch_labels.py took 0.183 seconds
[2026-03-29T21:50:00.790+0000] {processor.py:161} INFO - Started process (PID=2022) to work on /home/airflow/.local/lib/python3.12/site-packages/airflow/example_dags/example_branch_labels.py
[2026-03-29T21:50:00.792+0000] {processor.py:830} INFO - Processing file /home/airflow/.local/lib/python3.12/site-packages/airflow/example_dags/example_branch_labels.py for tasks to queue
[2026-03-29T21:50:00.796+0000] {logging_mixin.py:188} INFO - [2026-03-29T21:50:00.795+0000] {dagbag.py:545} INFO - Filling up the DagBag from /home/airflow/.local/lib/python3.12/site-packages/airflow/example_dags/example_branch_labels.py
[2026-03-29T21:50:00.801+0000] {processor.py:840} INFO - DAG(s) 'example_branch_labels' retrieved from /home/airflow/.local/lib/python3.12/site-packages/airflow/example_dags/example_branch_labels.py
[2026-03-29T21:50:00.830+0000] {logging_mixin.py:188} INFO - [2026-03-29T21:50:00.830+0000] {dag.py:3089} INFO - Sync 1 DAGs
[2026-03-29T21:50:00.848+0000] {logging_mixin.py:188} INFO - [2026-03-29T21:50:00.848+0000] {dag.py:3947} INFO - Setting next_dagrun for example_branch_labels to 2026-03-28 00:00:00+00:00, run_after=2026-03-29 00:00:00+00:00
[2026-03-29T21:50:00.861+0000] {processor.py:183} INFO - Processing /home/airflow/.local/lib/python3.12/site-packages/airflow/example_dags/example_branch_labels.py took 0.079 seconds
[2026-03-29T21:50:30.963+0000] {processor.py:161} INFO - Started process (PID=2074) to work on /home/airflow/.local/lib/python3.12/site-packages/airflow/example_dags/example_branch_labels.py
[2026-03-29T21:50:30.964+0000] {processor.py:830} INFO - Processing file /home/airflow/.local/lib/python3.12/site-packages/airflow/example_dags/example_branch_labels.py for tasks to queue
[2026-03-29T21:50:30.967+0000] {logging_mixin.py:188} INFO - [2026-03-29T21:50:30.967+0000] {dagbag.py:545} INFO - Filling up the DagBag from /home/airflow/.local/lib/python3.12/site-packages/airflow/example_dags/example_branch_labels.py
[2026-03-29T21:50:30.974+0000] {processor.py:840} INFO - DAG(s) 'example_branch_labels' retrieved from /home/airflow/.local/lib/python3.12/site-packages/airflow/example_dags/example_branch_labels.py
[2026-03-29T21:50:31.001+0000] {logging_mixin.py:188} INFO - [2026-03-29T21:50:31.001+0000] {dag.py:3089} INFO - Sync 1 DAGs
[2026-03-29T21:50:31.026+0000] {logging_mixin.py:188} INFO - [2026-03-29T21:50:31.026+0000] {dag.py:3947} INFO - Setting next_dagrun for example_branch_labels to 2026-03-28 00:00:00+00:00, run_after=2026-03-29 00:00:00+00:00
[2026-03-29T21:50:31.043+0000] {processor.py:183} INFO - Processing /home/airflow/.local/lib/python3.12/site-packages/airflow/example_dags/example_branch_labels.py took 0.090 seconds
[2026-03-29T21:51:01.096+0000] {processor.py:161} INFO - Started process (PID=2126) to work on /home/airflow/.local/lib/python3.12/site-packages/airflow/example_dags/example_branch_labels.py
[2026-03-29T21:51:01.098+0000] {processor.py:830} INFO - Processing file /home/airflow/.local/lib/python3.12/site-packages/airflow/example_dags/example_branch_labels.py for tasks to queue
[2026-03-29T21:51:01.100+0000] {logging_mixin.py:188} INFO - [2026-03-29T21:51:01.100+0000] {dagbag.py:545} INFO - Filling up the DagBag from /home/airflow/.local/lib/python3.12/site-packages/airflow/example_dags/example_branch_labels.py
[2026-03-29T21:51:01.107+0000] {processor.py:840} INFO - DAG(s) 'example_branch_labels' retrieved from /home/airflow/.local/lib/python3.12/site-packages/airflow/example_dags/example_branch_labels.py
[2026-03-29T21:51:01.126+0000] {logging_mixin.py:188} INFO - [2026-03-29T21:51:01.125+0000] {dag.py:3089} INFO - Sync 1 DAGs
[2026-03-29T21:51:01.142+0000] {logging_mixin.py:188} INFO - [2026-03-29T21:51:01.142+0000] {dag.py:3947} INFO - Setting next_dagrun for example_branch_labels to 2026-03-28 00:00:00+00:00, run_after=2026-03-29 00:00:00+00:00
[2026-03-29T21:51:01.156+0000] {processor.py:183} INFO - Processing /home/airflow/.local/lib/python3.12/site-packages/airflow/example_dags/example_branch_labels.py took 0.065 seconds
[2026-03-29T21:51:31.310+0000] {processor.py:161} INFO - Started process (PID=2178) to work on /home/airflow/.local/lib/python3.12/site-packages/airflow/example_dags/example_branch_labels.py
[2026-03-29T21:51:31.313+0000] {processor.py:830} INFO - Processing file /home/airflow/.local/lib/python3.12/site-packages/airflow/example_dags/example_branch_labels.py for tasks to queue
[2026-03-29T21:51:31.314+0000] {logging_mixin.py:188} INFO - [2026-03-29T21:51:31.314+0000] {dagbag.py:545} INFO - Filling up the DagBag from /home/airflow/.local/lib/python3.12/site-packages/airflow/example_dags/example_branch_labels.py
[2026-03-29T21:51:31.320+0000] {processor.py:840} INFO - DAG(s) 'example_branch_labels' retrieved from /home/airflow/.local/lib/python3.12/site-packages/airflow/example_dags/example_branch_labels.py
[2026-03-29T21:51:31.335+0000] {logging_mixin.py:188} INFO - [2026-03-29T21:51:31.335+0000] {dag.py:3089} INFO - Sync 1 DAGs
[2026-03-29T21:51:31.355+0000] {logging_mixin.py:188} INFO - [2026-03-29T21:51:31.354+0000] {dag.py:3947} INFO - Setting next_dagrun for example_branch_labels to 2026-03-28 00:00:00+00:00, run_after=2026-03-29 00:00:00+00:00
[2026-03-29T21:51:31.369+0000] {processor.py:183} INFO - Processing /home/airflow/.local/lib/python3.12/site-packages/airflow/example_dags/example_branch_labels.py took 0.064 seconds
[2026-03-29T21:52:01.592+0000] {processor.py:161} INFO - Started process (PID=2230) to work on /home/airflow/.local/lib/python3.12/site-packages/airflow/example_dags/example_branch_labels.py
[2026-03-29T21:52:01.594+0000] {processor.py:830} INFO - Processing file /home/airflow/.local/lib/python3.12/site-packages/airflow/example_dags/example_branch_labels.py for tasks to queue
[2026-03-29T21:52:01.596+0000] {logging_mixin.py:188} INFO - [2026-03-29T21:52:01.596+0000] {dagbag.py:545} INFO - Filling up the DagBag from /home/airflow/.local/lib/python3.12/site-packages/airflow/example_dags/example_branch_labels.py
[2026-03-29T21:52:01.603+0000] {processor.py:840} INFO - DAG(s) 'example_branch_labels' retrieved from /home/airflow/.local/lib/python3.12/site-packages/airflow/example_dags/example_branch_labels.py
[2026-03-29T21:52:01.630+0000] {logging_mixin.py:188} INFO - [2026-03-29T21:52:01.627+0000] {dag.py:3089} INFO - Sync 1 DAGs
[2026-03-29T21:52:01.648+0000] {logging_mixin.py:188} INFO - [2026-03-29T21:52:01.648+0000] {dag.py:3947} INFO - Setting next_dagrun for example_branch_labels to 2026-03-28 00:00:00+00:00, run_after=2026-03-29 00:00:00+00:00
[2026-03-29T21:52:01.662+0000] {processor.py:183} INFO - Processing /home/airflow/.local/lib/python3.12/site-packages/airflow/example_dags/example_branch_labels.py took 0.077 seconds
[2026-03-29T21:52:32.028+0000] {processor.py:161} INFO - Started process (PID=2282) to work on /home/airflow/.local/lib/python3.12/site-packages/airflow/example_dags/example_branch_labels.py
[2026-03-29T21:52:32.029+0000] {processor.py:830} INFO - Processing file /home/airflow/.local/lib/python3.12/site-packages/airflow/example_dags/example_branch_labels.py for tasks to queue
[2026-03-29T21:52:32.031+0000] {logging_mixin.py:188} INFO - [2026-03-29T21:52:32.030+0000] {dagbag.py:545} INFO - Filling up the DagBag from /home/airflow/.local/lib/python3.12/site-packages/airflow/example_dags/example_branch_labels.py
[2026-03-29T21:52:32.039+0000] {processor.py:840} INFO - DAG(s) 'example_branch_labels' retrieved from /home/airflow/.local/lib/python3.12/site-packages/airflow/example_dags/example_branch_labels.py
[2026-03-29T21:52:32.059+0000] {logging_mixin.py:188} INFO - [2026-03-29T21:52:32.058+0000] {dag.py:3089} INFO - Sync 1 DAGs
[2026-03-29T21:52:32.077+0000] {logging_mixin.py:188} INFO - [2026-03-29T21:52:32.077+0000] {dag.py:3947} INFO - Setting next_dagrun for example_branch_labels to 2026-03-28 00:00:00+00:00, run_after=2026-03-29 00:00:00+00:00
[2026-03-29T21:52:32.094+0000] {processor.py:183} INFO - Processing /home/airflow/.local/lib/python3.12/site-packages/airflow/example_dags/example_branch_labels.py took 0.073 seconds
[2026-03-29T21:53:02.834+0000] {processor.py:161} INFO - Started process (PID=2334) to work on /home/airflow/.local/lib/python3.12/site-packages/airflow/example_dags/example_branch_labels.py
[2026-03-29T21:53:02.837+0000] {processor.py:830} INFO - Processing file /home/airflow/.local/lib/python3.12/site-packages/airflow/example_dags/example_branch_labels.py for tasks to queue
[2026-03-29T21:53:02.839+0000] {logging_mixin.py:188} INFO - [2026-03-29T21:53:02.838+0000] {dagbag.py:545} INFO - Filling up the DagBag from /home/airflow/.local/lib/python3.12/site-packages/airflow/example_dags/example_branch_labels.py
[2026-03-29T21:53:02.847+0000] {processor.py:840} INFO - DAG(s) 'example_branch_labels' retrieved from /home/airflow/.local/lib/python3.12/site-packages/airflow/example_dags/example_branch_labels.py
[2026-03-29T21:53:02.874+0000] {logging_mixin.py:188} INFO - [2026-03-29T21:53:02.874+0000] {dag.py:3089} INFO - Sync 1 DAGs
[2026-03-29T21:53:02.899+0000] {logging_mixin.py:188} INFO - [2026-03-29T21:53:02.899+0000] {dag.py:3947} INFO - Setting next_dagrun for example_branch_labels to 2026-03-28 00:00:00+00:00, run_after=2026-03-29 00:00:00+00:00
[2026-03-29T21:53:02.920+0000] {processor.py:183} INFO - Processing /home/airflow/.local/lib/python3.12/site-packages/airflow/example_dags/example_branch_labels.py took 0.099 seconds
[2026-03-29T21:53:33.010+0000] {processor.py:161} INFO - Started process (PID=2386) to work on /home/airflow/.local/lib/python3.12/site-packages/airflow/example_dags/example_branch_labels.py
[2026-03-29T21:53:33.011+0000] {processor.py:830} INFO - Processing file /home/airflow/.local/lib/python3.12/site-packages/airflow/example_dags/example_branch_labels.py for tasks to queue
[2026-03-29T21:53:33.013+0000] {logging_mixin.py:188} INFO - [2026-03-29T21:53:33.013+0000] {dagbag.py:545} INFO - Filling up the DagBag from /home/airflow/.local/lib/python3.12/site-packages/airflow/example_dags/example_branch_labels.py
[2026-03-29T21:53:33.020+0000] {processor.py:840} INFO - DAG(s) 'example_branch_labels' retrieved from /home/airflow/.local/lib/python3.12/site-packages/airflow/example_dags/example_branch_labels.py
[2026-03-29T21:53:33.043+0000] {logging_mixin.py:188} INFO - [2026-03-29T21:53:33.043+0000] {dag.py:3089} INFO - Sync 1 DAGs
[2026-03-29T21:53:33.061+0000] {logging_mixin.py:188} INFO - [2026-03-29T21:53:33.061+0000] {dag.py:3947} INFO - Setting next_dagrun for example_branch_labels to 2026-03-28 00:00:00+00:00, run_after=2026-03-29 00:00:00+00:00
[2026-03-29T21:53:33.078+0000] {processor.py:183} INFO - Processing /home/airflow/.local/lib/python3.12/site-packages/airflow/example_dags/example_branch_labels.py took 0.073 seconds
[2026-03-29T21:54:04.329+0000] {processor.py:161} INFO - Started process (PID=2438) to work on /home/airflow/.local/lib/python3.12/site-packages/airflow/example_dags/example_branch_labels.py
[2026-03-29T21:54:04.331+0000] {processor.py:830} INFO - Processing file /home/airflow/.local/lib/python3.12/site-packages/airflow/example_dags/example_branch_labels.py for tasks to queue
[2026-03-29T21:54:04.333+0000] {logging_mixin.py:188} INFO - [2026-03-29T21:54:04.333+0000] {dagbag.py:545} INFO - Filling up the DagBag from /home/airflow/.local/lib/python3.12/site-packages/airflow/example_dags/example_branch_labels.py
[2026-03-29T21:54:04.339+0000] {processor.py:840} INFO - DAG(s) 'example_branch_labels' retrieved from /home/airflow/.local/lib/python3.12/site-packages/airflow/example_dags/example_branch_labels.py
[2026-03-29T21:54:04.363+0000] {logging_mixin.py:188} INFO - [2026-03-29T21:54:04.363+0000] {dag.py:3089} INFO - Sync 1 DAGs
[2026-03-29T21:54:04.381+0000] {logging_mixin.py:188} INFO - [2026-03-29T21:54:04.381+0000] {dag.py:3947} INFO - Setting next_dagrun for example_branch_labels to 2026-03-28 00:00:00+00:00, run_after=2026-03-29 00:00:00+00:00
[2026-03-29T21:54:04.394+0000] {processor.py:183} INFO - Processing /home/airflow/.local/lib/python3.12/site-packages/airflow/example_dags/example_branch_labels.py took 0.074 seconds
[2026-03-29T21:54:34.792+0000] {processor.py:161} INFO - Started process (PID=2490) to work on /home/airflow/.local/lib/python3.12/site-packages/airflow/example_dags/example_branch_labels.py
[2026-03-29T21:54:34.794+0000] {processor.py:830} INFO - Processing file /home/airflow/.local/lib/python3.12/site-packages/airflow/example_dags/example_branch_labels.py for tasks to queue
[2026-03-29T21:54:34.796+0000] {logging_mixin.py:188} INFO - [2026-03-29T21:54:34.795+0000] {dagbag.py:545} INFO - Filling up the DagBag from /home/airflow/.local/lib/python3.12/site-packages/airflow/example_dags/example_branch_labels.py
[2026-03-29T21:54:34.801+0000] {processor.py:840} INFO - DAG(s) 'example_branch_labels' retrieved from /home/airflow/.local/lib/python3.12/site-packages/airflow/example_dags/example_branch_labels.py
[2026-03-29T21:54:34.818+0000] {logging_mixin.py:188} INFO - [2026-03-29T21:54:34.818+0000] {dag.py:3089} INFO - Sync 1 DAGs
[2026-03-29T21:54:34.835+0000] {logging_mixin.py:188} INFO - [2026-03-29T21:54:34.835+0000] {dag.py:3947} INFO - Setting next_dagrun for example_branch_labels to 2026-03-28 00:00:00+00:00, run_after=2026-03-29 00:00:00+00:00
[2026-03-29T21:54:34.853+0000] {processor.py:183} INFO - Processing /home/airflow/.local/lib/python3.12/site-packages/airflow/example_dags/example_branch_labels.py took 0.066 seconds
[2026-03-29T21:55:05.187+0000] {processor.py:161} INFO - Started process (PID=2542) to work on /home/airflow/.local/lib/python3.12/site-packages/airflow/example_dags/example_branch_labels.py
[2026-03-29T21:55:05.188+0000] {processor.py:830} INFO - Processing file /home/airflow/.local/lib/python3.12/site-packages/airflow/example_dags/example_branch_labels.py for tasks to queue
[2026-03-29T21:55:05.190+0000] {logging_mixin.py:188} INFO - [2026-03-29T21:55:05.189+0000] {dagbag.py:545} INFO - Filling up the DagBag from /home/airflow/.local/lib/python3.12/site-packages/airflow/example_dags/example_branch_labels.py
[2026-03-29T21:55:05.195+0000] {processor.py:840} INFO - DAG(s) 'example_branch_labels' retrieved from /home/airflow/.local/lib/python3.12/site-packages/airflow/example_dags/example_branch_labels.py
[2026-03-29T21:55:05.210+0000] {logging_mixin.py:188} INFO - [2026-03-29T21:55:05.210+0000] {dag.py:3089} INFO - Sync 1 DAGs
[2026-03-29T21:55:05.226+0000] {logging_mixin.py:188} INFO - [2026-03-29T21:55:05.225+0000] {dag.py:3947} INFO - Setting next_dagrun for example_branch_labels to 2026-03-28 00:00:00+00:00, run_after=2026-03-29 00:00:00+00:00
[2026-03-29T21:55:05.239+0000] {processor.py:183} INFO - Processing /home/airflow/.local/lib/python3.12/site-packages/airflow/example_dags/example_branch_labels.py took 0.057 seconds
[2026-03-29T21:55:35.938+0000] {processor.py:161} INFO - Started process (PID=2594) to work on /home/airflow/.local/lib/python3.12/site-packages/airflow/example_dags/example_branch_labels.py
[2026-03-29T21:55:35.939+0000] {processor.py:830} INFO - Processing file /home/airflow/.local/lib/python3.12/site-packages/airflow/example_dags/example_branch_labels.py for tasks to queue
[2026-03-29T21:55:35.941+0000] {logging_mixin.py:188} INFO - [2026-03-29T21:55:35.941+0000] {dagbag.py:545} INFO - Filling up the DagBag from /home/airflow/.local/lib/python3.12/site-packages/airflow/example_dags/example_branch_labels.py
[2026-03-29T21:55:35.951+0000] {processor.py:840} INFO - DAG(s) 'example_branch_labels' retrieved from /home/airflow/.local/lib/python3.12/site-packages/airflow/example_dags/example_branch_labels.py
[2026-03-29T21:55:35.971+0000] {logging_mixin.py:188} INFO - [2026-03-29T21:55:35.971+0000] {dag.py:3089} INFO - Sync 1 DAGs
[2026-03-29T21:55:35.990+0000] {logging_mixin.py:188} INFO - [2026-03-29T21:55:35.990+0000] {dag.py:3947} INFO - Setting next_dagrun for example_branch_labels to 2026-03-28 00:00:00+00:00, run_after=2026-03-29 00:00:00+00:00
[2026-03-29T21:55:36.008+0000] {processor.py:183} INFO - Processing /home/airflow/.local/lib/python3.12/site-packages/airflow/example_dags/example_branch_labels.py took 0.076 seconds
[2026-03-29T21:56:06.280+0000] {processor.py:161} INFO - Started process (PID=2646) to work on /home/airflow/.local/lib/python3.12/site-packages/airflow/example_dags/example_branch_labels.py
[2026-03-29T21:56:06.281+0000] {processor.py:830} INFO - Processing file /home/airflow/.local/lib/python3.12/site-packages/airflow/example_dags/example_branch_labels.py for tasks to queue
[2026-03-29T21:56:06.282+0000] {logging_mixin.py:188} INFO - [2026-03-29T21:56:06.282+0000] {dagbag.py:545} INFO - Filling up the DagBag from /home/airflow/.local/lib/python3.12/site-packages/airflow/example_dags/example_branch_labels.py
[2026-03-29T21:56:06.288+0000] {processor.py:840} INFO - DAG(s) 'example_branch_labels' retrieved from /home/airflow/.local/lib/python3.12/site-packages/airflow/example_dags/example_branch_labels.py
[2026-03-29T21:56:06.307+0000] {logging_mixin.py:188} INFO - [2026-03-29T21:56:06.307+0000] {dag.py:3089} INFO - Sync 1 DAGs
[2026-03-29T21:56:06.324+0000] {logging_mixin.py:188} INFO - [2026-03-29T21:56:06.324+0000] {dag.py:3947} INFO - Setting next_dagrun for example_branch_labels to 2026-03-28 00:00:00+00:00, run_after=2026-03-29 00:00:00+00:00
[2026-03-29T21:56:06.338+0000] {processor.py:183} INFO - Processing /home/airflow/.local/lib/python3.12/site-packages/airflow/example_dags/example_branch_labels.py took 0.063 seconds
[2026-03-29T21:56:37.207+0000] {processor.py:161} INFO - Started process (PID=2698) to work on /home/airflow/.local/lib/python3.12/site-packages/airflow/example_dags/example_branch_labels.py
[2026-03-29T21:56:37.209+0000] {processor.py:830} INFO - Processing file /home/airflow/.local/lib/python3.12/site-packages/airflow/example_dags/example_branch_labels.py for tasks to queue
[2026-03-29T21:56:37.211+0000] {logging_mixin.py:188} INFO - [2026-03-29T21:56:37.211+0000] {dagbag.py:545} INFO - Filling up the DagBag from /home/airflow/.local/lib/python3.12/site-packages/airflow/example_dags/example_branch_labels.py
[2026-03-29T21:56:37.221+0000] {processor.py:840} INFO - DAG(s) 'example_branch_labels' retrieved from /home/airflow/.local/lib/python3.12/site-packages/airflow/example_dags/example_branch_labels.py
[2026-03-29T21:56:37.251+0000] {logging_mixin.py:188} INFO - [2026-03-29T21:56:37.251+0000] {dag.py:3089} INFO - Sync 1 DAGs
[2026-03-29T21:56:37.269+0000] {logging_mixin.py:188} INFO - [2026-03-29T21:56:37.269+0000] {dag.py:3947} INFO - Setting next_dagrun for example_branch_labels to 2026-03-28 00:00:00+00:00, run_after=2026-03-29 00:00:00+00:00
[2026-03-29T21:56:37.284+0000] {processor.py:183} INFO - Processing /home/airflow/.local/lib/python3.12/site-packages/airflow/example_dags/example_branch_labels.py took 0.087 seconds
[2026-03-29T21:57:07.923+0000] {processor.py:161} INFO - Started process (PID=2750) to work on /home/airflow/.local/lib/python3.12/site-packages/airflow/example_dags/example_branch_labels.py
[2026-03-29T21:57:07.924+0000] {processor.py:830} INFO - Processing file /home/airflow/.local/lib/python3.12/site-packages/airflow/example_dags/example_branch_labels.py for tasks to queue
[2026-03-29T21:57:07.927+0000] {logging_mixin.py:188} INFO - [2026-03-29T21:57:07.927+0000] {dagbag.py:545} INFO - Filling up the DagBag from /home/airflow/.local/lib/python3.12/site-packages/airflow/example_dags/example_branch_labels.py
[2026-03-29T21:57:07.936+0000] {processor.py:840} INFO - DAG(s) 'example_branch_labels' retrieved from /home/airflow/.local/lib/python3.12/site-packages/airflow/example_dags/example_branch_labels.py
[2026-03-29T21:57:07.960+0000] {logging_mixin.py:188} INFO - [2026-03-29T21:57:07.959+0000] {dag.py:3089} INFO - Sync 1 DAGs
[2026-03-29T21:57:07.982+0000] {logging_mixin.py:188} INFO - [2026-03-29T21:57:07.981+0000] {dag.py:3947} INFO - Setting next_dagrun for example_branch_labels to 2026-03-28 00:00:00+00:00, run_after=2026-03-29 00:00:00+00:00
[2026-03-29T21:57:07.996+0000] {processor.py:183} INFO - Processing /home/airflow/.local/lib/python3.12/site-packages/airflow/example_dags/example_branch_labels.py took 0.077 seconds
[2026-03-29T21:57:38.065+0000] {processor.py:161} INFO - Started process (PID=2802) to work on /home/airflow/.local/lib/python3.12/site-packages/airflow/example_dags/example_branch_labels.py
[2026-03-29T21:57:38.066+0000] {processor.py:830} INFO - Processing file /home/airflow/.local/lib/python3.12/site-packages/airflow/example_dags/example_branch_labels.py for tasks to queue
[2026-03-29T21:57:38.068+0000] {logging_mixin.py:188} INFO - [2026-03-29T21:57:38.068+0000] {dagbag.py:545} INFO - Filling up the DagBag from /home/airflow/.local/lib/python3.12/site-packages/airflow/example_dags/example_branch_labels.py
[2026-03-29T21:57:38.080+0000] {processor.py:840} INFO - DAG(s) 'example_branch_labels' retrieved from /home/airflow/.local/lib/python3.12/site-packages/airflow/example_dags/example_branch_labels.py
[2026-03-29T21:57:38.104+0000] {logging_mixin.py:188} INFO - [2026-03-29T21:57:38.104+0000] {dag.py:3089} INFO - Sync 1 DAGs
[2026-03-29T21:57:38.125+0000] {logging_mixin.py:188} INFO - [2026-03-29T21:57:38.125+0000] {dag.py:3947} INFO - Setting next_dagrun for example_branch_labels to 2026-03-28 00:00:00+00:00, run_after=2026-03-29 00:00:00+00:00
[2026-03-29T21:57:38.140+0000] {processor.py:183} INFO - Processing /home/airflow/.local/lib/python3.12/site-packages/airflow/example_dags/example_branch_labels.py took 0.079 seconds
[2026-03-29T21:58:08.949+0000] {processor.py:161} INFO - Started process (PID=2854) to work on /home/airflow/.local/lib/python3.12/site-packages/airflow/example_dags/example_branch_labels.py
[2026-03-29T21:58:08.950+0000] {processor.py:830} INFO - Processing file /home/airflow/.local/lib/python3.12/site-packages/airflow/example_dags/example_branch_labels.py for tasks to queue
[2026-03-29T21:58:08.951+0000] {logging_mixin.py:188} INFO - [2026-03-29T21:58:08.951+0000] {dagbag.py:545} INFO - Filling up the DagBag from /home/airflow/.local/lib/python3.12/site-packages/airflow/example_dags/example_branch_labels.py
[2026-03-29T21:58:08.959+0000] {processor.py:840} INFO - DAG(s) 'example_branch_labels' retrieved from /home/airflow/.local/lib/python3.12/site-packages/airflow/example_dags/example_branch_labels.py
[2026-03-29T21:58:08.980+0000] {logging_mixin.py:188} INFO - [2026-03-29T21:58:08.979+0000] {dag.py:3089} INFO - Sync 1 DAGs
[2026-03-29T21:58:08.999+0000] {logging_mixin.py:188} INFO - [2026-03-29T21:58:08.999+0000] {dag.py:3947} INFO - Setting next_dagrun for example_branch_labels to 2026-03-28 00:00:00+00:00, run_after=2026-03-29 00:00:00+00:00
[2026-03-29T21:58:09.013+0000] {processor.py:183} INFO - Processing /home/airflow/.local/lib/python3.12/site-packages/airflow/example_dags/example_branch_labels.py took 0.069 seconds
[2026-03-29T21:58:39.689+0000] {processor.py:161} INFO - Started process (PID=2906) to work on /home/airflow/.local/lib/python3.12/site-packages/airflow/example_dags/example_branch_labels.py
[2026-03-29T21:58:39.690+0000] {processor.py:830} INFO - Processing file /home/airflow/.local/lib/python3.12/site-packages/airflow/example_dags/example_branch_labels.py for tasks to queue
[2026-03-29T21:58:39.691+0000] {logging_mixin.py:188} INFO - [2026-03-29T21:58:39.691+0000] {dagbag.py:545} INFO - Filling up the DagBag from /home/airflow/.local/lib/python3.12/site-packages/airflow/example_dags/example_branch_labels.py
[2026-03-29T21:58:39.697+0000] {processor.py:840} INFO - DAG(s) 'example_branch_labels' retrieved from /home/airflow/.local/lib/python3.12/site-packages/airflow/example_dags/example_branch_labels.py
[2026-03-29T21:58:39.716+0000] {logging_mixin.py:188} INFO - [2026-03-29T21:58:39.715+0000] {dag.py:3089} INFO - Sync 1 DAGs
[2026-03-29T21:58:39.733+0000] {logging_mixin.py:188} INFO - [2026-03-29T21:58:39.733+0000] {dag.py:3947} INFO - Setting next_dagrun for example_branch_labels to 2026-03-28 00:00:00+00:00, run_after=2026-03-29 00:00:00+00:00
[2026-03-29T21:58:39.756+0000] {processor.py:183} INFO - Processing /home/airflow/.local/lib/python3.12/site-packages/airflow/example_dags/example_branch_labels.py took 0.071 seconds
[2026-03-29T21:59:10.130+0000] {processor.py:161} INFO - Started process (PID=2958) to work on /home/airflow/.local/lib/python3.12/site-packages/airflow/example_dags/example_branch_labels.py
[2026-03-29T21:59:10.131+0000] {processor.py:830} INFO - Processing file /home/airflow/.local/lib/python3.12/site-packages/airflow/example_dags/example_branch_labels.py for tasks to queue
[2026-03-29T21:59:10.133+0000] {logging_mixin.py:188} INFO - [2026-03-29T21:59:10.133+0000] {dagbag.py:545} INFO - Filling up the DagBag from /home/airflow/.local/lib/python3.12/site-packages/airflow/example_dags/example_branch_labels.py
[2026-03-29T21:59:10.139+0000] {processor.py:840} INFO - DAG(s) 'example_branch_labels' retrieved from /home/airflow/.local/lib/python3.12/site-packages/airflow/example_dags/example_branch_labels.py
[2026-03-29T21:59:10.159+0000] {logging_mixin.py:188} INFO - [2026-03-29T21:59:10.158+0000] {dag.py:3089} INFO - Sync 1 DAGs
[2026-03-29T21:59:10.176+0000] {logging_mixin.py:188} INFO - [2026-03-29T21:59:10.176+0000] {dag.py:3947} INFO - Setting next_dagrun for example_branch_labels to 2026-03-28 00:00:00+00:00, run_after=2026-03-29 00:00:00+00:00
[2026-03-29T21:59:10.205+0000] {processor.py:183} INFO - Processing /home/airflow/.local/lib/python3.12/site-packages/airflow/example_dags/example_branch_labels.py took 0.083 seconds
[2026-03-29T21:59:40.564+0000] {processor.py:161} INFO - Started process (PID=3010) to work on /home/airflow/.local/lib/python3.12/site-packages/airflow/example_dags/example_branch_labels.py
[2026-03-29T21:59:40.565+0000] {processor.py:830} INFO - Processing file /home/airflow/.local/lib/python3.12/site-packages/airflow/example_dags/example_branch_labels.py for tasks to queue
[2026-03-29T21:59:40.569+0000] {logging_mixin.py:188} INFO - [2026-03-29T21:59:40.569+0000] {dagbag.py:545} INFO - Filling up the DagBag from /home/airflow/.local/lib/python3.12/site-packages/airflow/example_dags/example_branch_labels.py
[2026-03-29T21:59:40.575+0000] {processor.py:840} INFO - DAG(s) 'example_branch_labels' retrieved from /home/airflow/.local/lib/python3.12/site-packages/airflow/example_dags/example_branch_labels.py
[2026-03-29T21:59:40.596+0000] {logging_mixin.py:188} INFO - [2026-03-29T21:59:40.596+0000] {dag.py:3089} INFO - Sync 1 DAGs
[2026-03-29T21:59:40.615+0000] {logging_mixin.py:188} INFO - [2026-03-29T21:59:40.614+0000] {dag.py:3947} INFO - Setting next_dagrun for example_branch_labels to 2026-03-28 00:00:00+00:00, run_after=2026-03-29 00:00:00+00:00
[2026-03-29T21:59:40.631+0000] {processor.py:183} INFO - Processing /home/airflow/.local/lib/python3.12/site-packages/airflow/example_dags/example_branch_labels.py took 0.071 seconds
[2026-03-29T22:00:10.910+0000] {processor.py:161} INFO - Started process (PID=3062) to work on /home/airflow/.local/lib/python3.12/site-packages/airflow/example_dags/example_branch_labels.py
[2026-03-29T22:00:10.911+0000] {processor.py:830} INFO - Processing file /home/airflow/.local/lib/python3.12/site-packages/airflow/example_dags/example_branch_labels.py for tasks to queue
[2026-03-29T22:00:10.914+0000] {logging_mixin.py:188} INFO - [2026-03-29T22:00:10.914+0000] {dagbag.py:545} INFO - Filling up the DagBag from /home/airflow/.local/lib/python3.12/site-packages/airflow/example_dags/example_branch_labels.py
[2026-03-29T22:00:10.919+0000] {processor.py:840} INFO - DAG(s) 'example_branch_labels' retrieved from /home/airflow/.local/lib/python3.12/site-packages/airflow/example_dags/example_branch_labels.py
[2026-03-29T22:00:10.941+0000] {logging_mixin.py:188} INFO - [2026-03-29T22:00:10.941+0000] {dag.py:3089} INFO - Sync 1 DAGs
[2026-03-29T22:00:10.961+0000] {logging_mixin.py:188} INFO - [2026-03-29T22:00:10.961+0000] {dag.py:3947} INFO - Setting next_dagrun for example_branch_labels to 2026-03-28 00:00:00+00:00, run_after=2026-03-29 00:00:00+00:00
[2026-03-29T22:00:10.974+0000] {processor.py:183} INFO - Processing /home/airflow/.local/lib/python3.12/site-packages/airflow/example_dags/example_branch_labels.py took 0.069 seconds
[2026-03-29T22:00:41.723+0000] {processor.py:161} INFO - Started process (PID=3114) to work on /home/airflow/.local/lib/python3.12/site-packages/airflow/example_dags/example_branch_labels.py
[2026-03-29T22:00:41.725+0000] {processor.py:830} INFO - Processing file /home/airflow/.local/lib/python3.12/site-packages/airflow/example_dags/example_branch_labels.py for tasks to queue
[2026-03-29T22:00:41.728+0000] {logging_mixin.py:188} INFO - [2026-03-29T22:00:41.728+0000] {dagbag.py:545} INFO - Filling up the DagBag from /home/airflow/.local/lib/python3.12/site-packages/airflow/example_dags/example_branch_labels.py
[2026-03-29T22:00:41.737+0000] {processor.py:840} INFO - DAG(s) 'example_branch_labels' retrieved from /home/airflow/.local/lib/python3.12/site-packages/airflow/example_dags/example_branch_labels.py
[2026-03-29T22:00:41.756+0000] {logging_mixin.py:188} INFO - [2026-03-29T22:00:41.756+0000] {dag.py:3089} INFO - Sync 1 DAGs
[2026-03-29T22:00:41.774+0000] {logging_mixin.py:188} INFO - [2026-03-29T22:00:41.773+0000] {dag.py:3947} INFO - Setting next_dagrun for example_branch_labels to 2026-03-28 00:00:00+00:00, run_after=2026-03-29 00:00:00+00:00
[2026-03-29T22:00:41.787+0000] {processor.py:183} INFO - Processing /home/airflow/.local/lib/python3.12/site-packages/airflow/example_dags/example_branch_labels.py took 0.068 seconds
[2026-03-29T22:01:12.641+0000] {processor.py:161} INFO - Started process (PID=3166) to work on /home/airflow/.local/lib/python3.12/site-packages/airflow/example_dags/example_branch_labels.py
[2026-03-29T22:01:12.642+0000] {processor.py:830} INFO - Processing file /home/airflow/.local/lib/python3.12/site-packages/airflow/example_dags/example_branch_labels.py for tasks to queue
[2026-03-29T22:01:12.643+0000] {logging_mixin.py:188} INFO - [2026-03-29T22:01:12.643+0000] {dagbag.py:545} INFO - Filling up the DagBag from /home/airflow/.local/lib/python3.12/site-packages/airflow/example_dags/example_branch_labels.py
[2026-03-29T22:01:12.648+0000] {processor.py:840} INFO - DAG(s) 'example_branch_labels' retrieved from /home/airflow/.local/lib/python3.12/site-packages/airflow/example_dags/example_branch_labels.py
[2026-03-29T22:01:12.670+0000] {logging_mixin.py:188} INFO - [2026-03-29T22:01:12.670+0000] {dag.py:3089} INFO - Sync 1 DAGs
[2026-03-29T22:01:12.689+0000] {logging_mixin.py:188} INFO - [2026-03-29T22:01:12.689+0000] {dag.py:3947} INFO - Setting next_dagrun for example_branch_labels to 2026-03-28 00:00:00+00:00, run_after=2026-03-29 00:00:00+00:00
[2026-03-29T22:01:12.703+0000] {processor.py:183} INFO - Processing /home/airflow/.local/lib/python3.12/site-packages/airflow/example_dags/example_branch_labels.py took 0.066 seconds
[2026-03-29T22:01:43.760+0000] {processor.py:161} INFO - Started process (PID=3218) to work on /home/airflow/.local/lib/python3.12/site-packages/airflow/example_dags/example_branch_labels.py
[2026-03-29T22:01:43.761+0000] {processor.py:830} INFO - Processing file /home/airflow/.local/lib/python3.12/site-packages/airflow/example_dags/example_branch_labels.py for tasks to queue
[2026-03-29T22:01:43.765+0000] {logging_mixin.py:188} INFO - [2026-03-29T22:01:43.765+0000] {dagbag.py:545} INFO - Filling up the DagBag from /home/airflow/.local/lib/python3.12/site-packages/airflow/example_dags/example_branch_labels.py
[2026-03-29T22:01:43.773+0000] {processor.py:840} INFO - DAG(s) 'example_branch_labels' retrieved from /home/airflow/.local/lib/python3.12/site-packages/airflow/example_dags/example_branch_labels.py
[2026-03-29T22:01:43.803+0000] {logging_mixin.py:188} INFO - [2026-03-29T22:01:43.802+0000] {dag.py:3089} INFO - Sync 1 DAGs
[2026-03-29T22:01:43.823+0000] {logging_mixin.py:188} INFO - [2026-03-29T22:01:43.822+0000] {dag.py:3947} INFO - Setting next_dagrun for example_branch_labels to 2026-03-28 00:00:00+00:00, run_after=2026-03-29 00:00:00+00:00
[2026-03-29T22:01:43.847+0000] {processor.py:183} INFO - Processing /home/airflow/.local/lib/python3.12/site-packages/airflow/example_dags/example_branch_labels.py took 0.093 seconds
[2026-03-29T22:02:13.914+0000] {processor.py:161} INFO - Started process (PID=3270) to work on /home/airflow/.local/lib/python3.12/site-packages/airflow/example_dags/example_branch_labels.py
[2026-03-29T22:02:13.915+0000] {processor.py:830} INFO - Processing file /home/airflow/.local/lib/python3.12/site-packages/airflow/example_dags/example_branch_labels.py for tasks to queue
[2026-03-29T22:02:13.916+0000] {logging_mixin.py:188} INFO - [2026-03-29T22:02:13.916+0000] {dagbag.py:545} INFO - Filling up the DagBag from /home/airflow/.local/lib/python3.12/site-packages/airflow/example_dags/example_branch_labels.py
[2026-03-29T22:02:13.922+0000] {processor.py:840} INFO - DAG(s) 'example_branch_labels' retrieved from /home/airflow/.local/lib/python3.12/site-packages/airflow/example_dags/example_branch_labels.py
[2026-03-29T22:02:13.936+0000] {logging_mixin.py:188} INFO - [2026-03-29T22:02:13.936+0000] {dag.py:3089} INFO - Sync 1 DAGs
[2026-03-29T22:02:13.950+0000] {logging_mixin.py:188} INFO - [2026-03-29T22:02:13.950+0000] {dag.py:3947} INFO - Setting next_dagrun for example_branch_labels to 2026-03-28 00:00:00+00:00, run_after=2026-03-29 00:00:00+00:00
[2026-03-29T22:02:13.961+0000] {processor.py:183} INFO - Processing /home/airflow/.local/lib/python3.12/site-packages/airflow/example_dags/example_branch_labels.py took 0.053 seconds
[2026-03-29T22:02:44.878+0000] {processor.py:161} INFO - Started process (PID=3322) to work on /home/airflow/.local/lib/python3.12/site-packages/airflow/example_dags/example_branch_labels.py
[2026-03-29T22:02:44.879+0000] {processor.py:830} INFO - Processing file /home/airflow/.local/lib/python3.12/site-packages/airflow/example_dags/example_branch_labels.py for tasks to queue
[2026-03-29T22:02:44.880+0000] {logging_mixin.py:188} INFO - [2026-03-29T22:02:44.880+0000] {dagbag.py:545} INFO - Filling up the DagBag from /home/airflow/.local/lib/python3.12/site-packages/airflow/example_dags/example_branch_labels.py
[2026-03-29T22:02:44.886+0000] {processor.py:840} INFO - DAG(s) 'example_branch_labels' retrieved from /home/airflow/.local/lib/python3.12/site-packages/airflow/example_dags/example_branch_labels.py
[2026-03-29T22:02:44.907+0000] {logging_mixin.py:188} INFO - [2026-03-29T22:02:44.907+0000] {dag.py:3089} INFO - Sync 1 DAGs
[2026-03-29T22:02:44.928+0000] {logging_mixin.py:188} INFO - [2026-03-29T22:02:44.928+0000] {dag.py:3947} INFO - Setting next_dagrun for example_branch_labels to 2026-03-28 00:00:00+00:00, run_after=2026-03-29 00:00:00+00:00
[2026-03-29T22:02:44.947+0000] {processor.py:183} INFO - Processing /home/airflow/.local/lib/python3.12/site-packages/airflow/example_dags/example_branch_labels.py took 0.073 seconds
