[2026-03-29T21:30:28.550+0000] {processor.py:161} INFO - Started process (PID=31) to work on /home/airflow/.local/lib/python3.12/site-packages/airflow/example_dags/example_subdag_operator.py
[2026-03-29T21:30:28.552+0000] {processor.py:830} INFO - Processing file /home/airflow/.local/lib/python3.12/site-packages/airflow/example_dags/example_subdag_operator.py for tasks to queue
[2026-03-29T21:30:28.556+0000] {logging_mixin.py:188} INFO - [2026-03-29T21:30:28.555+0000] {dagbag.py:545} INFO - Filling up the DagBag from /home/airflow/.local/lib/python3.12/site-packages/airflow/example_dags/example_subdag_operator.py
[2026-03-29T21:30:28.606+0000] {processor.py:840} INFO - DAG(s) 'example_subdag_operator.section-1', 'example_subdag_operator.section-2', 'example_subdag_operator' retrieved from /home/airflow/.local/lib/python3.12/site-packages/airflow/example_dags/example_subdag_operator.py
[2026-03-29T21:30:28.616+0000] {logging_mixin.py:188} INFO - [2026-03-29T21:30:28.615+0000] {dag.py:3089} INFO - Sync 3 DAGs
[2026-03-29T21:30:28.653+0000] {logging_mixin.py:188} INFO - [2026-03-29T21:30:28.652+0000] {dag.py:3947} INFO - Setting next_dagrun for example_subdag_operator to 2022-01-01 00:00:00+00:00, run_after=2022-01-01 00:00:00+00:00
[2026-03-29T21:30:28.671+0000] {logging_mixin.py:188} INFO - [2026-03-29T21:30:28.670+0000] {dag.py:3947} INFO - Setting next_dagrun for example_subdag_operator.section-1 to None, run_after=None
[2026-03-29T21:30:28.673+0000] {logging_mixin.py:188} INFO - [2026-03-29T21:30:28.673+0000] {dag.py:3947} INFO - Setting next_dagrun for example_subdag_operator.section-2 to None, run_after=None
[2026-03-29T21:30:28.684+0000] {logging_mixin.py:188} INFO - [2026-03-29T21:30:28.684+0000] {dag.py:3089} INFO - Sync 2 DAGs
[2026-03-29T21:30:28.692+0000] {logging_mixin.py:188} INFO - [2026-03-29T21:30:28.692+0000] {dag.py:3947} INFO - Setting next_dagrun for example_subdag_operator.section-1 to None, run_after=None
[2026-03-29T21:30:28.692+0000] {logging_mixin.py:188} INFO - [2026-03-29T21:30:28.692+0000] {dag.py:3947} INFO - Setting next_dagrun for example_subdag_operator.section-2 to None, run_after=None
[2026-03-29T21:30:28.710+0000] {processor.py:183} INFO - Processing /home/airflow/.local/lib/python3.12/site-packages/airflow/example_dags/example_subdag_operator.py took 0.178 seconds
[2026-03-29T21:31:00.132+0000] {processor.py:161} INFO - Started process (PID=83) to work on /home/airflow/.local/lib/python3.12/site-packages/airflow/example_dags/example_subdag_operator.py
[2026-03-29T21:31:00.134+0000] {processor.py:830} INFO - Processing file /home/airflow/.local/lib/python3.12/site-packages/airflow/example_dags/example_subdag_operator.py for tasks to queue
[2026-03-29T21:31:00.136+0000] {logging_mixin.py:188} INFO - [2026-03-29T21:31:00.136+0000] {dagbag.py:545} INFO - Filling up the DagBag from /home/airflow/.local/lib/python3.12/site-packages/airflow/example_dags/example_subdag_operator.py
[2026-03-29T21:31:00.172+0000] {processor.py:840} INFO - DAG(s) 'example_subdag_operator.section-1', 'example_subdag_operator.section-2', 'example_subdag_operator' retrieved from /home/airflow/.local/lib/python3.12/site-packages/airflow/example_dags/example_subdag_operator.py
[2026-03-29T21:31:00.317+0000] {logging_mixin.py:188} INFO - [2026-03-29T21:31:00.316+0000] {dag.py:3089} INFO - Sync 3 DAGs
[2026-03-29T21:31:00.355+0000] {logging_mixin.py:188} INFO - [2026-03-29T21:31:00.355+0000] {dag.py:3947} INFO - Setting next_dagrun for example_subdag_operator to 2022-01-01 00:00:00+00:00, run_after=2022-01-01 00:00:00+00:00
[2026-03-29T21:31:00.362+0000] {logging_mixin.py:188} INFO - [2026-03-29T21:31:00.362+0000] {dag.py:3947} INFO - Setting next_dagrun for example_subdag_operator.section-1 to None, run_after=None
[2026-03-29T21:31:00.364+0000] {logging_mixin.py:188} INFO - [2026-03-29T21:31:00.364+0000] {dag.py:3947} INFO - Setting next_dagrun for example_subdag_operator.section-2 to None, run_after=None
[2026-03-29T21:31:00.388+0000] {logging_mixin.py:188} INFO - [2026-03-29T21:31:00.387+0000] {dag.py:3089} INFO - Sync 2 DAGs
[2026-03-29T21:31:00.402+0000] {logging_mixin.py:188} INFO - [2026-03-29T21:31:00.402+0000] {dag.py:3947} INFO - Setting next_dagrun for example_subdag_operator.section-1 to None, run_after=None
[2026-03-29T21:31:00.403+0000] {logging_mixin.py:188} INFO - [2026-03-29T21:31:00.403+0000] {dag.py:3947} INFO - Setting next_dagrun for example_subdag_operator.section-2 to None, run_after=None
[2026-03-29T21:31:00.415+0000] {processor.py:183} INFO - Processing /home/airflow/.local/lib/python3.12/site-packages/airflow/example_dags/example_subdag_operator.py took 0.291 seconds
[2026-03-29T21:31:31.052+0000] {processor.py:161} INFO - Started process (PID=135) to work on /home/airflow/.local/lib/python3.12/site-packages/airflow/example_dags/example_subdag_operator.py
[2026-03-29T21:31:31.053+0000] {processor.py:830} INFO - Processing file /home/airflow/.local/lib/python3.12/site-packages/airflow/example_dags/example_subdag_operator.py for tasks to queue
[2026-03-29T21:31:31.055+0000] {logging_mixin.py:188} INFO - [2026-03-29T21:31:31.055+0000] {dagbag.py:545} INFO - Filling up the DagBag from /home/airflow/.local/lib/python3.12/site-packages/airflow/example_dags/example_subdag_operator.py
[2026-03-29T21:31:31.078+0000] {processor.py:840} INFO - DAG(s) 'example_subdag_operator.section-1', 'example_subdag_operator.section-2', 'example_subdag_operator' retrieved from /home/airflow/.local/lib/python3.12/site-packages/airflow/example_dags/example_subdag_operator.py
[2026-03-29T21:31:31.091+0000] {logging_mixin.py:188} INFO - [2026-03-29T21:31:31.091+0000] {dag.py:3089} INFO - Sync 3 DAGs
[2026-03-29T21:31:31.108+0000] {logging_mixin.py:188} INFO - [2026-03-29T21:31:31.108+0000] {dag.py:3947} INFO - Setting next_dagrun for example_subdag_operator to 2022-01-01 00:00:00+00:00, run_after=2022-01-01 00:00:00+00:00
[2026-03-29T21:31:31.112+0000] {logging_mixin.py:188} INFO - [2026-03-29T21:31:31.111+0000] {dag.py:3947} INFO - Setting next_dagrun for example_subdag_operator.section-1 to None, run_after=None
[2026-03-29T21:31:31.113+0000] {logging_mixin.py:188} INFO - [2026-03-29T21:31:31.113+0000] {dag.py:3947} INFO - Setting next_dagrun for example_subdag_operator.section-2 to None, run_after=None
[2026-03-29T21:31:31.118+0000] {logging_mixin.py:188} INFO - [2026-03-29T21:31:31.118+0000] {dag.py:3089} INFO - Sync 2 DAGs
[2026-03-29T21:31:31.122+0000] {logging_mixin.py:188} INFO - [2026-03-29T21:31:31.122+0000] {dag.py:3947} INFO - Setting next_dagrun for example_subdag_operator.section-1 to None, run_after=None
[2026-03-29T21:31:31.122+0000] {logging_mixin.py:188} INFO - [2026-03-29T21:31:31.122+0000] {dag.py:3947} INFO - Setting next_dagrun for example_subdag_operator.section-2 to None, run_after=None
[2026-03-29T21:31:31.130+0000] {processor.py:183} INFO - Processing /home/airflow/.local/lib/python3.12/site-packages/airflow/example_dags/example_subdag_operator.py took 0.085 seconds
[2026-03-29T21:32:02.682+0000] {processor.py:161} INFO - Started process (PID=187) to work on /home/airflow/.local/lib/python3.12/site-packages/airflow/example_dags/example_subdag_operator.py
[2026-03-29T21:32:02.684+0000] {processor.py:830} INFO - Processing file /home/airflow/.local/lib/python3.12/site-packages/airflow/example_dags/example_subdag_operator.py for tasks to queue
[2026-03-29T21:32:02.687+0000] {logging_mixin.py:188} INFO - [2026-03-29T21:32:02.686+0000] {dagbag.py:545} INFO - Filling up the DagBag from /home/airflow/.local/lib/python3.12/site-packages/airflow/example_dags/example_subdag_operator.py
[2026-03-29T21:32:02.737+0000] {processor.py:840} INFO - DAG(s) 'example_subdag_operator.section-1', 'example_subdag_operator.section-2', 'example_subdag_operator' retrieved from /home/airflow/.local/lib/python3.12/site-packages/airflow/example_dags/example_subdag_operator.py
[2026-03-29T21:32:02.782+0000] {logging_mixin.py:188} INFO - [2026-03-29T21:32:02.782+0000] {dag.py:3089} INFO - Sync 3 DAGs
[2026-03-29T21:32:02.891+0000] {logging_mixin.py:188} INFO - [2026-03-29T21:32:02.891+0000] {dag.py:3947} INFO - Setting next_dagrun for example_subdag_operator to 2022-01-01 00:00:00+00:00, run_after=2022-01-01 00:00:00+00:00
[2026-03-29T21:32:02.908+0000] {logging_mixin.py:188} INFO - [2026-03-29T21:32:02.907+0000] {dag.py:3947} INFO - Setting next_dagrun for example_subdag_operator.section-1 to None, run_after=None
[2026-03-29T21:32:02.915+0000] {logging_mixin.py:188} INFO - [2026-03-29T21:32:02.914+0000] {dag.py:3947} INFO - Setting next_dagrun for example_subdag_operator.section-2 to None, run_after=None
[2026-03-29T21:32:02.945+0000] {logging_mixin.py:188} INFO - [2026-03-29T21:32:02.944+0000] {dag.py:3089} INFO - Sync 2 DAGs
[2026-03-29T21:32:02.964+0000] {logging_mixin.py:188} INFO - [2026-03-29T21:32:02.963+0000] {dag.py:3947} INFO - Setting next_dagrun for example_subdag_operator.section-1 to None, run_after=None
[2026-03-29T21:32:02.967+0000] {logging_mixin.py:188} INFO - [2026-03-29T21:32:02.966+0000] {dag.py:3947} INFO - Setting next_dagrun for example_subdag_operator.section-2 to None, run_after=None
[2026-03-29T21:32:03.018+0000] {processor.py:183} INFO - Processing /home/airflow/.local/lib/python3.12/site-packages/airflow/example_dags/example_subdag_operator.py took 0.351 seconds
[2026-03-29T21:32:33.927+0000] {processor.py:161} INFO - Started process (PID=239) to work on /home/airflow/.local/lib/python3.12/site-packages/airflow/example_dags/example_subdag_operator.py
[2026-03-29T21:32:33.928+0000] {processor.py:830} INFO - Processing file /home/airflow/.local/lib/python3.12/site-packages/airflow/example_dags/example_subdag_operator.py for tasks to queue
[2026-03-29T21:32:33.931+0000] {logging_mixin.py:188} INFO - [2026-03-29T21:32:33.930+0000] {dagbag.py:545} INFO - Filling up the DagBag from /home/airflow/.local/lib/python3.12/site-packages/airflow/example_dags/example_subdag_operator.py
[2026-03-29T21:32:33.966+0000] {processor.py:840} INFO - DAG(s) 'example_subdag_operator.section-1', 'example_subdag_operator.section-2', 'example_subdag_operator' retrieved from /home/airflow/.local/lib/python3.12/site-packages/airflow/example_dags/example_subdag_operator.py
[2026-03-29T21:32:33.980+0000] {logging_mixin.py:188} INFO - [2026-03-29T21:32:33.980+0000] {dag.py:3089} INFO - Sync 3 DAGs
[2026-03-29T21:32:34.000+0000] {logging_mixin.py:188} INFO - [2026-03-29T21:32:34.000+0000] {dag.py:3947} INFO - Setting next_dagrun for example_subdag_operator to 2022-01-01 00:00:00+00:00, run_after=2022-01-01 00:00:00+00:00
[2026-03-29T21:32:34.003+0000] {logging_mixin.py:188} INFO - [2026-03-29T21:32:34.003+0000] {dag.py:3947} INFO - Setting next_dagrun for example_subdag_operator.section-1 to None, run_after=None
[2026-03-29T21:32:34.006+0000] {logging_mixin.py:188} INFO - [2026-03-29T21:32:34.005+0000] {dag.py:3947} INFO - Setting next_dagrun for example_subdag_operator.section-2 to None, run_after=None
[2026-03-29T21:32:34.013+0000] {logging_mixin.py:188} INFO - [2026-03-29T21:32:34.013+0000] {dag.py:3089} INFO - Sync 2 DAGs
[2026-03-29T21:32:34.019+0000] {logging_mixin.py:188} INFO - [2026-03-29T21:32:34.018+0000] {dag.py:3947} INFO - Setting next_dagrun for example_subdag_operator.section-1 to None, run_after=None
[2026-03-29T21:32:34.019+0000] {logging_mixin.py:188} INFO - [2026-03-29T21:32:34.019+0000] {dag.py:3947} INFO - Setting next_dagrun for example_subdag_operator.section-2 to None, run_after=None
[2026-03-29T21:32:34.030+0000] {processor.py:183} INFO - Processing /home/airflow/.local/lib/python3.12/site-packages/airflow/example_dags/example_subdag_operator.py took 0.110 seconds
[2026-03-29T21:33:04.351+0000] {processor.py:161} INFO - Started process (PID=291) to work on /home/airflow/.local/lib/python3.12/site-packages/airflow/example_dags/example_subdag_operator.py
[2026-03-29T21:33:04.353+0000] {processor.py:830} INFO - Processing file /home/airflow/.local/lib/python3.12/site-packages/airflow/example_dags/example_subdag_operator.py for tasks to queue
[2026-03-29T21:33:04.356+0000] {logging_mixin.py:188} INFO - [2026-03-29T21:33:04.355+0000] {dagbag.py:545} INFO - Filling up the DagBag from /home/airflow/.local/lib/python3.12/site-packages/airflow/example_dags/example_subdag_operator.py
[2026-03-29T21:33:04.387+0000] {processor.py:840} INFO - DAG(s) 'example_subdag_operator.section-1', 'example_subdag_operator.section-2', 'example_subdag_operator' retrieved from /home/airflow/.local/lib/python3.12/site-packages/airflow/example_dags/example_subdag_operator.py
[2026-03-29T21:33:04.402+0000] {logging_mixin.py:188} INFO - [2026-03-29T21:33:04.401+0000] {dag.py:3089} INFO - Sync 3 DAGs
[2026-03-29T21:33:04.425+0000] {logging_mixin.py:188} INFO - [2026-03-29T21:33:04.424+0000] {dag.py:3947} INFO - Setting next_dagrun for example_subdag_operator to 2022-01-01 00:00:00+00:00, run_after=2022-01-01 00:00:00+00:00
[2026-03-29T21:33:04.430+0000] {logging_mixin.py:188} INFO - [2026-03-29T21:33:04.429+0000] {dag.py:3947} INFO - Setting next_dagrun for example_subdag_operator.section-1 to None, run_after=None
[2026-03-29T21:33:04.433+0000] {logging_mixin.py:188} INFO - [2026-03-29T21:33:04.433+0000] {dag.py:3947} INFO - Setting next_dagrun for example_subdag_operator.section-2 to None, run_after=None
[2026-03-29T21:33:04.439+0000] {logging_mixin.py:188} INFO - [2026-03-29T21:33:04.439+0000] {dag.py:3089} INFO - Sync 2 DAGs
[2026-03-29T21:33:04.446+0000] {logging_mixin.py:188} INFO - [2026-03-29T21:33:04.446+0000] {dag.py:3947} INFO - Setting next_dagrun for example_subdag_operator.section-1 to None, run_after=None
[2026-03-29T21:33:04.447+0000] {logging_mixin.py:188} INFO - [2026-03-29T21:33:04.446+0000] {dag.py:3947} INFO - Setting next_dagrun for example_subdag_operator.section-2 to None, run_after=None
[2026-03-29T21:33:04.457+0000] {processor.py:183} INFO - Processing /home/airflow/.local/lib/python3.12/site-packages/airflow/example_dags/example_subdag_operator.py took 0.115 seconds
[2026-03-29T21:33:34.945+0000] {processor.py:161} INFO - Started process (PID=343) to work on /home/airflow/.local/lib/python3.12/site-packages/airflow/example_dags/example_subdag_operator.py
[2026-03-29T21:33:34.946+0000] {processor.py:830} INFO - Processing file /home/airflow/.local/lib/python3.12/site-packages/airflow/example_dags/example_subdag_operator.py for tasks to queue
[2026-03-29T21:33:34.948+0000] {logging_mixin.py:188} INFO - [2026-03-29T21:33:34.948+0000] {dagbag.py:545} INFO - Filling up the DagBag from /home/airflow/.local/lib/python3.12/site-packages/airflow/example_dags/example_subdag_operator.py
[2026-03-29T21:33:34.978+0000] {processor.py:840} INFO - DAG(s) 'example_subdag_operator.section-1', 'example_subdag_operator.section-2', 'example_subdag_operator' retrieved from /home/airflow/.local/lib/python3.12/site-packages/airflow/example_dags/example_subdag_operator.py
[2026-03-29T21:33:34.991+0000] {logging_mixin.py:188} INFO - [2026-03-29T21:33:34.991+0000] {dag.py:3089} INFO - Sync 3 DAGs
[2026-03-29T21:33:35.010+0000] {logging_mixin.py:188} INFO - [2026-03-29T21:33:35.010+0000] {dag.py:3947} INFO - Setting next_dagrun for example_subdag_operator to 2022-01-01 00:00:00+00:00, run_after=2022-01-01 00:00:00+00:00
[2026-03-29T21:33:35.016+0000] {logging_mixin.py:188} INFO - [2026-03-29T21:33:35.015+0000] {dag.py:3947} INFO - Setting next_dagrun for example_subdag_operator.section-1 to None, run_after=None
[2026-03-29T21:33:35.016+0000] {logging_mixin.py:188} INFO - [2026-03-29T21:33:35.016+0000] {dag.py:3947} INFO - Setting next_dagrun for example_subdag_operator.section-2 to None, run_after=None
[2026-03-29T21:33:35.023+0000] {logging_mixin.py:188} INFO - [2026-03-29T21:33:35.023+0000] {dag.py:3089} INFO - Sync 2 DAGs
[2026-03-29T21:33:35.027+0000] {logging_mixin.py:188} INFO - [2026-03-29T21:33:35.027+0000] {dag.py:3947} INFO - Setting next_dagrun for example_subdag_operator.section-1 to None, run_after=None
[2026-03-29T21:33:35.027+0000] {logging_mixin.py:188} INFO - [2026-03-29T21:33:35.027+0000] {dag.py:3947} INFO - Setting next_dagrun for example_subdag_operator.section-2 to None, run_after=None
[2026-03-29T21:33:35.038+0000] {processor.py:183} INFO - Processing /home/airflow/.local/lib/python3.12/site-packages/airflow/example_dags/example_subdag_operator.py took 0.102 seconds
[2026-03-29T21:34:05.651+0000] {processor.py:161} INFO - Started process (PID=395) to work on /home/airflow/.local/lib/python3.12/site-packages/airflow/example_dags/example_subdag_operator.py
[2026-03-29T21:34:05.653+0000] {processor.py:830} INFO - Processing file /home/airflow/.local/lib/python3.12/site-packages/airflow/example_dags/example_subdag_operator.py for tasks to queue
[2026-03-29T21:34:05.657+0000] {logging_mixin.py:188} INFO - [2026-03-29T21:34:05.657+0000] {dagbag.py:545} INFO - Filling up the DagBag from /home/airflow/.local/lib/python3.12/site-packages/airflow/example_dags/example_subdag_operator.py
[2026-03-29T21:34:05.686+0000] {processor.py:840} INFO - DAG(s) 'example_subdag_operator.section-1', 'example_subdag_operator.section-2', 'example_subdag_operator' retrieved from /home/airflow/.local/lib/python3.12/site-packages/airflow/example_dags/example_subdag_operator.py
[2026-03-29T21:34:05.709+0000] {logging_mixin.py:188} INFO - [2026-03-29T21:34:05.709+0000] {dag.py:3089} INFO - Sync 3 DAGs
[2026-03-29T21:34:05.729+0000] {logging_mixin.py:188} INFO - [2026-03-29T21:34:05.729+0000] {dag.py:3947} INFO - Setting next_dagrun for example_subdag_operator to 2022-01-01 00:00:00+00:00, run_after=2022-01-01 00:00:00+00:00
[2026-03-29T21:34:05.735+0000] {logging_mixin.py:188} INFO - [2026-03-29T21:34:05.735+0000] {dag.py:3947} INFO - Setting next_dagrun for example_subdag_operator.section-1 to None, run_after=None
[2026-03-29T21:34:05.738+0000] {logging_mixin.py:188} INFO - [2026-03-29T21:34:05.738+0000] {dag.py:3947} INFO - Setting next_dagrun for example_subdag_operator.section-2 to None, run_after=None
[2026-03-29T21:34:05.745+0000] {logging_mixin.py:188} INFO - [2026-03-29T21:34:05.745+0000] {dag.py:3089} INFO - Sync 2 DAGs
[2026-03-29T21:34:05.751+0000] {logging_mixin.py:188} INFO - [2026-03-29T21:34:05.750+0000] {dag.py:3947} INFO - Setting next_dagrun for example_subdag_operator.section-1 to None, run_after=None
[2026-03-29T21:34:05.752+0000] {logging_mixin.py:188} INFO - [2026-03-29T21:34:05.752+0000] {dag.py:3947} INFO - Setting next_dagrun for example_subdag_operator.section-2 to None, run_after=None
[2026-03-29T21:34:05.762+0000] {processor.py:183} INFO - Processing /home/airflow/.local/lib/python3.12/site-packages/airflow/example_dags/example_subdag_operator.py took 0.121 seconds
[2026-03-29T21:34:35.827+0000] {processor.py:161} INFO - Started process (PID=447) to work on /home/airflow/.local/lib/python3.12/site-packages/airflow/example_dags/example_subdag_operator.py
[2026-03-29T21:34:35.828+0000] {processor.py:830} INFO - Processing file /home/airflow/.local/lib/python3.12/site-packages/airflow/example_dags/example_subdag_operator.py for tasks to queue
[2026-03-29T21:34:35.830+0000] {logging_mixin.py:188} INFO - [2026-03-29T21:34:35.830+0000] {dagbag.py:545} INFO - Filling up the DagBag from /home/airflow/.local/lib/python3.12/site-packages/airflow/example_dags/example_subdag_operator.py
[2026-03-29T21:34:35.861+0000] {processor.py:840} INFO - DAG(s) 'example_subdag_operator.section-1', 'example_subdag_operator.section-2', 'example_subdag_operator' retrieved from /home/airflow/.local/lib/python3.12/site-packages/airflow/example_dags/example_subdag_operator.py
[2026-03-29T21:34:35.881+0000] {logging_mixin.py:188} INFO - [2026-03-29T21:34:35.881+0000] {dag.py:3089} INFO - Sync 3 DAGs
[2026-03-29T21:34:35.914+0000] {logging_mixin.py:188} INFO - [2026-03-29T21:34:35.913+0000] {dag.py:3947} INFO - Setting next_dagrun for example_subdag_operator to 2022-01-01 00:00:00+00:00, run_after=2022-01-01 00:00:00+00:00
[2026-03-29T21:34:35.917+0000] {logging_mixin.py:188} INFO - [2026-03-29T21:34:35.917+0000] {dag.py:3947} INFO - Setting next_dagrun for example_subdag_operator.section-1 to None, run_after=None
[2026-03-29T21:34:35.919+0000] {logging_mixin.py:188} INFO - [2026-03-29T21:34:35.918+0000] {dag.py:3947} INFO - Setting next_dagrun for example_subdag_operator.section-2 to None, run_after=None
[2026-03-29T21:34:35.928+0000] {logging_mixin.py:188} INFO - [2026-03-29T21:34:35.928+0000] {dag.py:3089} INFO - Sync 2 DAGs
[2026-03-29T21:34:35.938+0000] {logging_mixin.py:188} INFO - [2026-03-29T21:34:35.938+0000] {dag.py:3947} INFO - Setting next_dagrun for example_subdag_operator.section-1 to None, run_after=None
[2026-03-29T21:34:35.940+0000] {logging_mixin.py:188} INFO - [2026-03-29T21:34:35.939+0000] {dag.py:3947} INFO - Setting next_dagrun for example_subdag_operator.section-2 to None, run_after=None
[2026-03-29T21:34:35.961+0000] {processor.py:183} INFO - Processing /home/airflow/.local/lib/python3.12/site-packages/airflow/example_dags/example_subdag_operator.py took 0.142 seconds
[2026-03-29T21:35:06.179+0000] {processor.py:161} INFO - Started process (PID=499) to work on /home/airflow/.local/lib/python3.12/site-packages/airflow/example_dags/example_subdag_operator.py
[2026-03-29T21:35:06.180+0000] {processor.py:830} INFO - Processing file /home/airflow/.local/lib/python3.12/site-packages/airflow/example_dags/example_subdag_operator.py for tasks to queue
[2026-03-29T21:35:06.181+0000] {logging_mixin.py:188} INFO - [2026-03-29T21:35:06.181+0000] {dagbag.py:545} INFO - Filling up the DagBag from /home/airflow/.local/lib/python3.12/site-packages/airflow/example_dags/example_subdag_operator.py
[2026-03-29T21:35:06.202+0000] {processor.py:840} INFO - DAG(s) 'example_subdag_operator.section-1', 'example_subdag_operator.section-2', 'example_subdag_operator' retrieved from /home/airflow/.local/lib/python3.12/site-packages/airflow/example_dags/example_subdag_operator.py
[2026-03-29T21:35:06.218+0000] {logging_mixin.py:188} INFO - [2026-03-29T21:35:06.218+0000] {dag.py:3089} INFO - Sync 3 DAGs
[2026-03-29T21:35:06.237+0000] {logging_mixin.py:188} INFO - [2026-03-29T21:35:06.237+0000] {dag.py:3947} INFO - Setting next_dagrun for example_subdag_operator to 2022-01-01 00:00:00+00:00, run_after=2022-01-01 00:00:00+00:00
[2026-03-29T21:35:06.240+0000] {logging_mixin.py:188} INFO - [2026-03-29T21:35:06.240+0000] {dag.py:3947} INFO - Setting next_dagrun for example_subdag_operator.section-1 to None, run_after=None
[2026-03-29T21:35:06.241+0000] {logging_mixin.py:188} INFO - [2026-03-29T21:35:06.241+0000] {dag.py:3947} INFO - Setting next_dagrun for example_subdag_operator.section-2 to None, run_after=None
[2026-03-29T21:35:06.251+0000] {logging_mixin.py:188} INFO - [2026-03-29T21:35:06.251+0000] {dag.py:3089} INFO - Sync 2 DAGs
[2026-03-29T21:35:06.259+0000] {logging_mixin.py:188} INFO - [2026-03-29T21:35:06.259+0000] {dag.py:3947} INFO - Setting next_dagrun for example_subdag_operator.section-1 to None, run_after=None
[2026-03-29T21:35:06.260+0000] {logging_mixin.py:188} INFO - [2026-03-29T21:35:06.260+0000] {dag.py:3947} INFO - Setting next_dagrun for example_subdag_operator.section-2 to None, run_after=None
[2026-03-29T21:35:06.274+0000] {processor.py:183} INFO - Processing /home/airflow/.local/lib/python3.12/site-packages/airflow/example_dags/example_subdag_operator.py took 0.104 seconds
[2026-03-29T21:35:37.166+0000] {processor.py:161} INFO - Started process (PID=551) to work on /home/airflow/.local/lib/python3.12/site-packages/airflow/example_dags/example_subdag_operator.py
[2026-03-29T21:35:37.168+0000] {processor.py:830} INFO - Processing file /home/airflow/.local/lib/python3.12/site-packages/airflow/example_dags/example_subdag_operator.py for tasks to queue
[2026-03-29T21:35:37.169+0000] {logging_mixin.py:188} INFO - [2026-03-29T21:35:37.169+0000] {dagbag.py:545} INFO - Filling up the DagBag from /home/airflow/.local/lib/python3.12/site-packages/airflow/example_dags/example_subdag_operator.py
[2026-03-29T21:35:37.191+0000] {processor.py:840} INFO - DAG(s) 'example_subdag_operator.section-1', 'example_subdag_operator.section-2', 'example_subdag_operator' retrieved from /home/airflow/.local/lib/python3.12/site-packages/airflow/example_dags/example_subdag_operator.py
[2026-03-29T21:35:37.203+0000] {logging_mixin.py:188} INFO - [2026-03-29T21:35:37.203+0000] {dag.py:3089} INFO - Sync 3 DAGs
[2026-03-29T21:35:37.233+0000] {logging_mixin.py:188} INFO - [2026-03-29T21:35:37.232+0000] {dag.py:3947} INFO - Setting next_dagrun for example_subdag_operator to 2022-01-01 00:00:00+00:00, run_after=2022-01-01 00:00:00+00:00
[2026-03-29T21:35:37.237+0000] {logging_mixin.py:188} INFO - [2026-03-29T21:35:37.237+0000] {dag.py:3947} INFO - Setting next_dagrun for example_subdag_operator.section-1 to None, run_after=None
[2026-03-29T21:35:37.238+0000] {logging_mixin.py:188} INFO - [2026-03-29T21:35:37.238+0000] {dag.py:3947} INFO - Setting next_dagrun for example_subdag_operator.section-2 to None, run_after=None
[2026-03-29T21:35:37.246+0000] {logging_mixin.py:188} INFO - [2026-03-29T21:35:37.246+0000] {dag.py:3089} INFO - Sync 2 DAGs
[2026-03-29T21:35:37.250+0000] {logging_mixin.py:188} INFO - [2026-03-29T21:35:37.250+0000] {dag.py:3947} INFO - Setting next_dagrun for example_subdag_operator.section-1 to None, run_after=None
[2026-03-29T21:35:37.252+0000] {logging_mixin.py:188} INFO - [2026-03-29T21:35:37.252+0000] {dag.py:3947} INFO - Setting next_dagrun for example_subdag_operator.section-2 to None, run_after=None
[2026-03-29T21:35:37.259+0000] {processor.py:183} INFO - Processing /home/airflow/.local/lib/python3.12/site-packages/airflow/example_dags/example_subdag_operator.py took 0.099 seconds
[2026-03-29T21:36:07.672+0000] {processor.py:161} INFO - Started process (PID=603) to work on /home/airflow/.local/lib/python3.12/site-packages/airflow/example_dags/example_subdag_operator.py
[2026-03-29T21:36:07.676+0000] {processor.py:830} INFO - Processing file /home/airflow/.local/lib/python3.12/site-packages/airflow/example_dags/example_subdag_operator.py for tasks to queue
[2026-03-29T21:36:07.680+0000] {logging_mixin.py:188} INFO - [2026-03-29T21:36:07.679+0000] {dagbag.py:545} INFO - Filling up the DagBag from /home/airflow/.local/lib/python3.12/site-packages/airflow/example_dags/example_subdag_operator.py
[2026-03-29T21:36:07.701+0000] {processor.py:840} INFO - DAG(s) 'example_subdag_operator.section-1', 'example_subdag_operator.section-2', 'example_subdag_operator' retrieved from /home/airflow/.local/lib/python3.12/site-packages/airflow/example_dags/example_subdag_operator.py
[2026-03-29T21:36:07.715+0000] {logging_mixin.py:188} INFO - [2026-03-29T21:36:07.715+0000] {dag.py:3089} INFO - Sync 3 DAGs
[2026-03-29T21:36:07.738+0000] {logging_mixin.py:188} INFO - [2026-03-29T21:36:07.738+0000] {dag.py:3947} INFO - Setting next_dagrun for example_subdag_operator to 2022-01-01 00:00:00+00:00, run_after=2022-01-01 00:00:00+00:00
[2026-03-29T21:36:07.745+0000] {logging_mixin.py:188} INFO - [2026-03-29T21:36:07.745+0000] {dag.py:3947} INFO - Setting next_dagrun for example_subdag_operator.section-1 to None, run_after=None
[2026-03-29T21:36:07.747+0000] {logging_mixin.py:188} INFO - [2026-03-29T21:36:07.746+0000] {dag.py:3947} INFO - Setting next_dagrun for example_subdag_operator.section-2 to None, run_after=None
[2026-03-29T21:36:07.755+0000] {logging_mixin.py:188} INFO - [2026-03-29T21:36:07.754+0000] {dag.py:3089} INFO - Sync 2 DAGs
[2026-03-29T21:36:07.759+0000] {logging_mixin.py:188} INFO - [2026-03-29T21:36:07.759+0000] {dag.py:3947} INFO - Setting next_dagrun for example_subdag_operator.section-1 to None, run_after=None
[2026-03-29T21:36:07.760+0000] {logging_mixin.py:188} INFO - [2026-03-29T21:36:07.760+0000] {dag.py:3947} INFO - Setting next_dagrun for example_subdag_operator.section-2 to None, run_after=None
[2026-03-29T21:36:07.768+0000] {processor.py:183} INFO - Processing /home/airflow/.local/lib/python3.12/site-packages/airflow/example_dags/example_subdag_operator.py took 0.101 seconds
[2026-03-29T21:36:38.010+0000] {processor.py:161} INFO - Started process (PID=655) to work on /home/airflow/.local/lib/python3.12/site-packages/airflow/example_dags/example_subdag_operator.py
[2026-03-29T21:36:38.011+0000] {processor.py:830} INFO - Processing file /home/airflow/.local/lib/python3.12/site-packages/airflow/example_dags/example_subdag_operator.py for tasks to queue
[2026-03-29T21:36:38.012+0000] {logging_mixin.py:188} INFO - [2026-03-29T21:36:38.012+0000] {dagbag.py:545} INFO - Filling up the DagBag from /home/airflow/.local/lib/python3.12/site-packages/airflow/example_dags/example_subdag_operator.py
[2026-03-29T21:36:38.032+0000] {processor.py:840} INFO - DAG(s) 'example_subdag_operator.section-1', 'example_subdag_operator.section-2', 'example_subdag_operator' retrieved from /home/airflow/.local/lib/python3.12/site-packages/airflow/example_dags/example_subdag_operator.py
[2026-03-29T21:36:38.044+0000] {logging_mixin.py:188} INFO - [2026-03-29T21:36:38.043+0000] {dag.py:3089} INFO - Sync 3 DAGs
[2026-03-29T21:36:38.062+0000] {logging_mixin.py:188} INFO - [2026-03-29T21:36:38.061+0000] {dag.py:3947} INFO - Setting next_dagrun for example_subdag_operator to 2022-01-01 00:00:00+00:00, run_after=2022-01-01 00:00:00+00:00
[2026-03-29T21:36:38.065+0000] {logging_mixin.py:188} INFO - [2026-03-29T21:36:38.065+0000] {dag.py:3947} INFO - Setting next_dagrun for example_subdag_operator.section-1 to None, run_after=None
[2026-03-29T21:36:38.066+0000] {logging_mixin.py:188} INFO - [2026-03-29T21:36:38.066+0000] {dag.py:3947} INFO - Setting next_dagrun for example_subdag_operator.section-2 to None, run_after=None
[2026-03-29T21:36:38.071+0000] {logging_mixin.py:188} INFO - [2026-03-29T21:36:38.071+0000] {dag.py:3089} INFO - Sync 2 DAGs
[2026-03-29T21:36:38.075+0000] {logging_mixin.py:188} INFO - [2026-03-29T21:36:38.075+0000] {dag.py:3947} INFO - Setting next_dagrun for example_subdag_operator.section-1 to None, run_after=None
[2026-03-29T21:36:38.075+0000] {logging_mixin.py:188} INFO - [2026-03-29T21:36:38.075+0000] {dag.py:3947} INFO - Setting next_dagrun for example_subdag_operator.section-2 to None, run_after=None
[2026-03-29T21:36:38.083+0000] {processor.py:183} INFO - Processing /home/airflow/.local/lib/python3.12/site-packages/airflow/example_dags/example_subdag_operator.py took 0.079 seconds
[2026-03-29T21:37:08.791+0000] {processor.py:161} INFO - Started process (PID=707) to work on /home/airflow/.local/lib/python3.12/site-packages/airflow/example_dags/example_subdag_operator.py
[2026-03-29T21:37:08.792+0000] {processor.py:830} INFO - Processing file /home/airflow/.local/lib/python3.12/site-packages/airflow/example_dags/example_subdag_operator.py for tasks to queue
[2026-03-29T21:37:08.794+0000] {logging_mixin.py:188} INFO - [2026-03-29T21:37:08.794+0000] {dagbag.py:545} INFO - Filling up the DagBag from /home/airflow/.local/lib/python3.12/site-packages/airflow/example_dags/example_subdag_operator.py
[2026-03-29T21:37:08.817+0000] {processor.py:840} INFO - DAG(s) 'example_subdag_operator.section-1', 'example_subdag_operator.section-2', 'example_subdag_operator' retrieved from /home/airflow/.local/lib/python3.12/site-packages/airflow/example_dags/example_subdag_operator.py
[2026-03-29T21:37:08.830+0000] {logging_mixin.py:188} INFO - [2026-03-29T21:37:08.830+0000] {dag.py:3089} INFO - Sync 3 DAGs
[2026-03-29T21:37:08.851+0000] {logging_mixin.py:188} INFO - [2026-03-29T21:37:08.851+0000] {dag.py:3947} INFO - Setting next_dagrun for example_subdag_operator to 2022-01-01 00:00:00+00:00, run_after=2022-01-01 00:00:00+00:00
[2026-03-29T21:37:08.855+0000] {logging_mixin.py:188} INFO - [2026-03-29T21:37:08.855+0000] {dag.py:3947} INFO - Setting next_dagrun for example_subdag_operator.section-1 to None, run_after=None
[2026-03-29T21:37:08.856+0000] {logging_mixin.py:188} INFO - [2026-03-29T21:37:08.856+0000] {dag.py:3947} INFO - Setting next_dagrun for example_subdag_operator.section-2 to None, run_after=None
[2026-03-29T21:37:08.862+0000] {logging_mixin.py:188} INFO - [2026-03-29T21:37:08.862+0000] {dag.py:3089} INFO - Sync 2 DAGs
[2026-03-29T21:37:08.866+0000] {logging_mixin.py:188} INFO - [2026-03-29T21:37:08.866+0000] {dag.py:3947} INFO - Setting next_dagrun for example_subdag_operator.section-1 to None, run_after=None
[2026-03-29T21:37:08.866+0000] {logging_mixin.py:188} INFO - [2026-03-29T21:37:08.866+0000] {dag.py:3947} INFO - Setting next_dagrun for example_subdag_operator.section-2 to None, run_after=None
[2026-03-29T21:37:08.875+0000] {processor.py:183} INFO - Processing /home/airflow/.local/lib/python3.12/site-packages/airflow/example_dags/example_subdag_operator.py took 0.089 seconds
[2026-03-29T21:37:38.940+0000] {processor.py:161} INFO - Started process (PID=759) to work on /home/airflow/.local/lib/python3.12/site-packages/airflow/example_dags/example_subdag_operator.py
[2026-03-29T21:37:38.941+0000] {processor.py:830} INFO - Processing file /home/airflow/.local/lib/python3.12/site-packages/airflow/example_dags/example_subdag_operator.py for tasks to queue
[2026-03-29T21:37:38.942+0000] {logging_mixin.py:188} INFO - [2026-03-29T21:37:38.941+0000] {dagbag.py:545} INFO - Filling up the DagBag from /home/airflow/.local/lib/python3.12/site-packages/airflow/example_dags/example_subdag_operator.py
[2026-03-29T21:37:38.957+0000] {processor.py:840} INFO - DAG(s) 'example_subdag_operator.section-1', 'example_subdag_operator.section-2', 'example_subdag_operator' retrieved from /home/airflow/.local/lib/python3.12/site-packages/airflow/example_dags/example_subdag_operator.py
[2026-03-29T21:37:38.967+0000] {logging_mixin.py:188} INFO - [2026-03-29T21:37:38.966+0000] {dag.py:3089} INFO - Sync 3 DAGs
[2026-03-29T21:37:38.981+0000] {logging_mixin.py:188} INFO - [2026-03-29T21:37:38.980+0000] {dag.py:3947} INFO - Setting next_dagrun for example_subdag_operator to 2022-01-01 00:00:00+00:00, run_after=2022-01-01 00:00:00+00:00
[2026-03-29T21:37:38.983+0000] {logging_mixin.py:188} INFO - [2026-03-29T21:37:38.983+0000] {dag.py:3947} INFO - Setting next_dagrun for example_subdag_operator.section-1 to None, run_after=None
[2026-03-29T21:37:38.984+0000] {logging_mixin.py:188} INFO - [2026-03-29T21:37:38.984+0000] {dag.py:3947} INFO - Setting next_dagrun for example_subdag_operator.section-2 to None, run_after=None
[2026-03-29T21:37:38.988+0000] {logging_mixin.py:188} INFO - [2026-03-29T21:37:38.988+0000] {dag.py:3089} INFO - Sync 2 DAGs
[2026-03-29T21:37:38.992+0000] {logging_mixin.py:188} INFO - [2026-03-29T21:37:38.992+0000] {dag.py:3947} INFO - Setting next_dagrun for example_subdag_operator.section-1 to None, run_after=None
[2026-03-29T21:37:38.992+0000] {logging_mixin.py:188} INFO - [2026-03-29T21:37:38.992+0000] {dag.py:3947} INFO - Setting next_dagrun for example_subdag_operator.section-2 to None, run_after=None
[2026-03-29T21:37:38.999+0000] {processor.py:183} INFO - Processing /home/airflow/.local/lib/python3.12/site-packages/airflow/example_dags/example_subdag_operator.py took 0.063 seconds
[2026-03-29T21:38:09.549+0000] {processor.py:161} INFO - Started process (PID=811) to work on /home/airflow/.local/lib/python3.12/site-packages/airflow/example_dags/example_subdag_operator.py
[2026-03-29T21:38:09.551+0000] {processor.py:830} INFO - Processing file /home/airflow/.local/lib/python3.12/site-packages/airflow/example_dags/example_subdag_operator.py for tasks to queue
[2026-03-29T21:38:09.553+0000] {logging_mixin.py:188} INFO - [2026-03-29T21:38:09.553+0000] {dagbag.py:545} INFO - Filling up the DagBag from /home/airflow/.local/lib/python3.12/site-packages/airflow/example_dags/example_subdag_operator.py
[2026-03-29T21:38:09.575+0000] {processor.py:840} INFO - DAG(s) 'example_subdag_operator.section-1', 'example_subdag_operator.section-2', 'example_subdag_operator' retrieved from /home/airflow/.local/lib/python3.12/site-packages/airflow/example_dags/example_subdag_operator.py
[2026-03-29T21:38:09.587+0000] {logging_mixin.py:188} INFO - [2026-03-29T21:38:09.587+0000] {dag.py:3089} INFO - Sync 3 DAGs
[2026-03-29T21:38:09.605+0000] {logging_mixin.py:188} INFO - [2026-03-29T21:38:09.604+0000] {dag.py:3947} INFO - Setting next_dagrun for example_subdag_operator to 2022-01-01 00:00:00+00:00, run_after=2022-01-01 00:00:00+00:00
[2026-03-29T21:38:09.608+0000] {logging_mixin.py:188} INFO - [2026-03-29T21:38:09.608+0000] {dag.py:3947} INFO - Setting next_dagrun for example_subdag_operator.section-1 to None, run_after=None
[2026-03-29T21:38:09.609+0000] {logging_mixin.py:188} INFO - [2026-03-29T21:38:09.609+0000] {dag.py:3947} INFO - Setting next_dagrun for example_subdag_operator.section-2 to None, run_after=None
[2026-03-29T21:38:09.614+0000] {logging_mixin.py:188} INFO - [2026-03-29T21:38:09.614+0000] {dag.py:3089} INFO - Sync 2 DAGs
[2026-03-29T21:38:09.618+0000] {logging_mixin.py:188} INFO - [2026-03-29T21:38:09.618+0000] {dag.py:3947} INFO - Setting next_dagrun for example_subdag_operator.section-1 to None, run_after=None
[2026-03-29T21:38:09.619+0000] {logging_mixin.py:188} INFO - [2026-03-29T21:38:09.619+0000] {dag.py:3947} INFO - Setting next_dagrun for example_subdag_operator.section-2 to None, run_after=None
[2026-03-29T21:38:09.627+0000] {processor.py:183} INFO - Processing /home/airflow/.local/lib/python3.12/site-packages/airflow/example_dags/example_subdag_operator.py took 0.082 seconds
[2026-03-29T21:38:40.195+0000] {processor.py:161} INFO - Started process (PID=863) to work on /home/airflow/.local/lib/python3.12/site-packages/airflow/example_dags/example_subdag_operator.py
[2026-03-29T21:38:40.197+0000] {processor.py:830} INFO - Processing file /home/airflow/.local/lib/python3.12/site-packages/airflow/example_dags/example_subdag_operator.py for tasks to queue
[2026-03-29T21:38:40.200+0000] {logging_mixin.py:188} INFO - [2026-03-29T21:38:40.199+0000] {dagbag.py:545} INFO - Filling up the DagBag from /home/airflow/.local/lib/python3.12/site-packages/airflow/example_dags/example_subdag_operator.py
[2026-03-29T21:38:40.220+0000] {processor.py:840} INFO - DAG(s) 'example_subdag_operator.section-1', 'example_subdag_operator.section-2', 'example_subdag_operator' retrieved from /home/airflow/.local/lib/python3.12/site-packages/airflow/example_dags/example_subdag_operator.py
[2026-03-29T21:38:40.231+0000] {logging_mixin.py:188} INFO - [2026-03-29T21:38:40.231+0000] {dag.py:3089} INFO - Sync 3 DAGs
[2026-03-29T21:38:40.247+0000] {logging_mixin.py:188} INFO - [2026-03-29T21:38:40.247+0000] {dag.py:3947} INFO - Setting next_dagrun for example_subdag_operator to 2022-01-01 00:00:00+00:00, run_after=2022-01-01 00:00:00+00:00
[2026-03-29T21:38:40.251+0000] {logging_mixin.py:188} INFO - [2026-03-29T21:38:40.251+0000] {dag.py:3947} INFO - Setting next_dagrun for example_subdag_operator.section-1 to None, run_after=None
[2026-03-29T21:38:40.252+0000] {logging_mixin.py:188} INFO - [2026-03-29T21:38:40.252+0000] {dag.py:3947} INFO - Setting next_dagrun for example_subdag_operator.section-2 to None, run_after=None
[2026-03-29T21:38:40.257+0000] {logging_mixin.py:188} INFO - [2026-03-29T21:38:40.257+0000] {dag.py:3089} INFO - Sync 2 DAGs
[2026-03-29T21:38:40.261+0000] {logging_mixin.py:188} INFO - [2026-03-29T21:38:40.261+0000] {dag.py:3947} INFO - Setting next_dagrun for example_subdag_operator.section-1 to None, run_after=None
[2026-03-29T21:38:40.262+0000] {logging_mixin.py:188} INFO - [2026-03-29T21:38:40.261+0000] {dag.py:3947} INFO - Setting next_dagrun for example_subdag_operator.section-2 to None, run_after=None
[2026-03-29T21:38:40.272+0000] {processor.py:183} INFO - Processing /home/airflow/.local/lib/python3.12/site-packages/airflow/example_dags/example_subdag_operator.py took 0.083 seconds
[2026-03-29T21:39:10.605+0000] {processor.py:161} INFO - Started process (PID=915) to work on /home/airflow/.local/lib/python3.12/site-packages/airflow/example_dags/example_subdag_operator.py
[2026-03-29T21:39:10.606+0000] {processor.py:830} INFO - Processing file /home/airflow/.local/lib/python3.12/site-packages/airflow/example_dags/example_subdag_operator.py for tasks to queue
[2026-03-29T21:39:10.608+0000] {logging_mixin.py:188} INFO - [2026-03-29T21:39:10.608+0000] {dagbag.py:545} INFO - Filling up the DagBag from /home/airflow/.local/lib/python3.12/site-packages/airflow/example_dags/example_subdag_operator.py
[2026-03-29T21:39:10.625+0000] {processor.py:840} INFO - DAG(s) 'example_subdag_operator.section-1', 'example_subdag_operator.section-2', 'example_subdag_operator' retrieved from /home/airflow/.local/lib/python3.12/site-packages/airflow/example_dags/example_subdag_operator.py
[2026-03-29T21:39:10.638+0000] {logging_mixin.py:188} INFO - [2026-03-29T21:39:10.638+0000] {dag.py:3089} INFO - Sync 3 DAGs
[2026-03-29T21:39:10.656+0000] {logging_mixin.py:188} INFO - [2026-03-29T21:39:10.656+0000] {dag.py:3947} INFO - Setting next_dagrun for example_subdag_operator to 2022-01-01 00:00:00+00:00, run_after=2022-01-01 00:00:00+00:00
[2026-03-29T21:39:10.660+0000] {logging_mixin.py:188} INFO - [2026-03-29T21:39:10.660+0000] {dag.py:3947} INFO - Setting next_dagrun for example_subdag_operator.section-1 to None, run_after=None
[2026-03-29T21:39:10.661+0000] {logging_mixin.py:188} INFO - [2026-03-29T21:39:10.661+0000] {dag.py:3947} INFO - Setting next_dagrun for example_subdag_operator.section-2 to None, run_after=None
[2026-03-29T21:39:10.667+0000] {logging_mixin.py:188} INFO - [2026-03-29T21:39:10.667+0000] {dag.py:3089} INFO - Sync 2 DAGs
[2026-03-29T21:39:10.671+0000] {logging_mixin.py:188} INFO - [2026-03-29T21:39:10.671+0000] {dag.py:3947} INFO - Setting next_dagrun for example_subdag_operator.section-1 to None, run_after=None
[2026-03-29T21:39:10.672+0000] {logging_mixin.py:188} INFO - [2026-03-29T21:39:10.672+0000] {dag.py:3947} INFO - Setting next_dagrun for example_subdag_operator.section-2 to None, run_after=None
[2026-03-29T21:39:10.679+0000] {processor.py:183} INFO - Processing /home/airflow/.local/lib/python3.12/site-packages/airflow/example_dags/example_subdag_operator.py took 0.078 seconds
[2026-03-29T21:39:40.808+0000] {processor.py:161} INFO - Started process (PID=967) to work on /home/airflow/.local/lib/python3.12/site-packages/airflow/example_dags/example_subdag_operator.py
[2026-03-29T21:39:40.809+0000] {processor.py:830} INFO - Processing file /home/airflow/.local/lib/python3.12/site-packages/airflow/example_dags/example_subdag_operator.py for tasks to queue
[2026-03-29T21:39:40.810+0000] {logging_mixin.py:188} INFO - [2026-03-29T21:39:40.810+0000] {dagbag.py:545} INFO - Filling up the DagBag from /home/airflow/.local/lib/python3.12/site-packages/airflow/example_dags/example_subdag_operator.py
[2026-03-29T21:39:40.826+0000] {processor.py:840} INFO - DAG(s) 'example_subdag_operator.section-1', 'example_subdag_operator.section-2', 'example_subdag_operator' retrieved from /home/airflow/.local/lib/python3.12/site-packages/airflow/example_dags/example_subdag_operator.py
[2026-03-29T21:39:40.835+0000] {logging_mixin.py:188} INFO - [2026-03-29T21:39:40.835+0000] {dag.py:3089} INFO - Sync 3 DAGs
[2026-03-29T21:39:40.849+0000] {logging_mixin.py:188} INFO - [2026-03-29T21:39:40.849+0000] {dag.py:3947} INFO - Setting next_dagrun for example_subdag_operator to 2022-01-01 00:00:00+00:00, run_after=2022-01-01 00:00:00+00:00
[2026-03-29T21:39:40.851+0000] {logging_mixin.py:188} INFO - [2026-03-29T21:39:40.851+0000] {dag.py:3947} INFO - Setting next_dagrun for example_subdag_operator.section-1 to None, run_after=None
[2026-03-29T21:39:40.852+0000] {logging_mixin.py:188} INFO - [2026-03-29T21:39:40.852+0000] {dag.py:3947} INFO - Setting next_dagrun for example_subdag_operator.section-2 to None, run_after=None
[2026-03-29T21:39:40.856+0000] {logging_mixin.py:188} INFO - [2026-03-29T21:39:40.856+0000] {dag.py:3089} INFO - Sync 2 DAGs
[2026-03-29T21:39:40.860+0000] {logging_mixin.py:188} INFO - [2026-03-29T21:39:40.860+0000] {dag.py:3947} INFO - Setting next_dagrun for example_subdag_operator.section-1 to None, run_after=None
[2026-03-29T21:39:40.861+0000] {logging_mixin.py:188} INFO - [2026-03-29T21:39:40.861+0000] {dag.py:3947} INFO - Setting next_dagrun for example_subdag_operator.section-2 to None, run_after=None
[2026-03-29T21:39:40.868+0000] {processor.py:183} INFO - Processing /home/airflow/.local/lib/python3.12/site-packages/airflow/example_dags/example_subdag_operator.py took 0.064 seconds
[2026-03-29T21:40:11.742+0000] {processor.py:161} INFO - Started process (PID=1019) to work on /home/airflow/.local/lib/python3.12/site-packages/airflow/example_dags/example_subdag_operator.py
[2026-03-29T21:40:11.743+0000] {processor.py:830} INFO - Processing file /home/airflow/.local/lib/python3.12/site-packages/airflow/example_dags/example_subdag_operator.py for tasks to queue
[2026-03-29T21:40:11.747+0000] {logging_mixin.py:188} INFO - [2026-03-29T21:40:11.747+0000] {dagbag.py:545} INFO - Filling up the DagBag from /home/airflow/.local/lib/python3.12/site-packages/airflow/example_dags/example_subdag_operator.py
[2026-03-29T21:40:11.772+0000] {processor.py:840} INFO - DAG(s) 'example_subdag_operator.section-1', 'example_subdag_operator.section-2', 'example_subdag_operator' retrieved from /home/airflow/.local/lib/python3.12/site-packages/airflow/example_dags/example_subdag_operator.py
[2026-03-29T21:40:11.782+0000] {logging_mixin.py:188} INFO - [2026-03-29T21:40:11.782+0000] {dag.py:3089} INFO - Sync 3 DAGs
[2026-03-29T21:40:11.798+0000] {logging_mixin.py:188} INFO - [2026-03-29T21:40:11.798+0000] {dag.py:3947} INFO - Setting next_dagrun for example_subdag_operator to 2022-01-01 00:00:00+00:00, run_after=2022-01-01 00:00:00+00:00
[2026-03-29T21:40:11.801+0000] {logging_mixin.py:188} INFO - [2026-03-29T21:40:11.801+0000] {dag.py:3947} INFO - Setting next_dagrun for example_subdag_operator.section-1 to None, run_after=None
[2026-03-29T21:40:11.802+0000] {logging_mixin.py:188} INFO - [2026-03-29T21:40:11.801+0000] {dag.py:3947} INFO - Setting next_dagrun for example_subdag_operator.section-2 to None, run_after=None
[2026-03-29T21:40:11.806+0000] {logging_mixin.py:188} INFO - [2026-03-29T21:40:11.806+0000] {dag.py:3089} INFO - Sync 2 DAGs
[2026-03-29T21:40:11.811+0000] {logging_mixin.py:188} INFO - [2026-03-29T21:40:11.811+0000] {dag.py:3947} INFO - Setting next_dagrun for example_subdag_operator.section-1 to None, run_after=None
[2026-03-29T21:40:11.811+0000] {logging_mixin.py:188} INFO - [2026-03-29T21:40:11.811+0000] {dag.py:3947} INFO - Setting next_dagrun for example_subdag_operator.section-2 to None, run_after=None
[2026-03-29T21:40:11.819+0000] {processor.py:183} INFO - Processing /home/airflow/.local/lib/python3.12/site-packages/airflow/example_dags/example_subdag_operator.py took 0.085 seconds
[2026-03-29T21:40:42.902+0000] {processor.py:161} INFO - Started process (PID=1071) to work on /home/airflow/.local/lib/python3.12/site-packages/airflow/example_dags/example_subdag_operator.py
[2026-03-29T21:40:42.903+0000] {processor.py:830} INFO - Processing file /home/airflow/.local/lib/python3.12/site-packages/airflow/example_dags/example_subdag_operator.py for tasks to queue
[2026-03-29T21:40:42.907+0000] {logging_mixin.py:188} INFO - [2026-03-29T21:40:42.907+0000] {dagbag.py:545} INFO - Filling up the DagBag from /home/airflow/.local/lib/python3.12/site-packages/airflow/example_dags/example_subdag_operator.py
[2026-03-29T21:40:42.932+0000] {processor.py:840} INFO - DAG(s) 'example_subdag_operator.section-1', 'example_subdag_operator.section-2', 'example_subdag_operator' retrieved from /home/airflow/.local/lib/python3.12/site-packages/airflow/example_dags/example_subdag_operator.py
[2026-03-29T21:40:42.943+0000] {logging_mixin.py:188} INFO - [2026-03-29T21:40:42.942+0000] {dag.py:3089} INFO - Sync 3 DAGs
[2026-03-29T21:40:42.959+0000] {logging_mixin.py:188} INFO - [2026-03-29T21:40:42.959+0000] {dag.py:3947} INFO - Setting next_dagrun for example_subdag_operator to 2022-01-01 00:00:00+00:00, run_after=2022-01-01 00:00:00+00:00
[2026-03-29T21:40:42.962+0000] {logging_mixin.py:188} INFO - [2026-03-29T21:40:42.962+0000] {dag.py:3947} INFO - Setting next_dagrun for example_subdag_operator.section-1 to None, run_after=None
[2026-03-29T21:40:42.963+0000] {logging_mixin.py:188} INFO - [2026-03-29T21:40:42.963+0000] {dag.py:3947} INFO - Setting next_dagrun for example_subdag_operator.section-2 to None, run_after=None
[2026-03-29T21:40:42.967+0000] {logging_mixin.py:188} INFO - [2026-03-29T21:40:42.967+0000] {dag.py:3089} INFO - Sync 2 DAGs
[2026-03-29T21:40:42.973+0000] {logging_mixin.py:188} INFO - [2026-03-29T21:40:42.972+0000] {dag.py:3947} INFO - Setting next_dagrun for example_subdag_operator.section-1 to None, run_after=None
[2026-03-29T21:40:42.973+0000] {logging_mixin.py:188} INFO - [2026-03-29T21:40:42.973+0000] {dag.py:3947} INFO - Setting next_dagrun for example_subdag_operator.section-2 to None, run_after=None
[2026-03-29T21:40:42.981+0000] {processor.py:183} INFO - Processing /home/airflow/.local/lib/python3.12/site-packages/airflow/example_dags/example_subdag_operator.py took 0.085 seconds
[2026-03-29T21:41:13.730+0000] {processor.py:161} INFO - Started process (PID=1123) to work on /home/airflow/.local/lib/python3.12/site-packages/airflow/example_dags/example_subdag_operator.py
[2026-03-29T21:41:13.731+0000] {processor.py:830} INFO - Processing file /home/airflow/.local/lib/python3.12/site-packages/airflow/example_dags/example_subdag_operator.py for tasks to queue
[2026-03-29T21:41:13.732+0000] {logging_mixin.py:188} INFO - [2026-03-29T21:41:13.732+0000] {dagbag.py:545} INFO - Filling up the DagBag from /home/airflow/.local/lib/python3.12/site-packages/airflow/example_dags/example_subdag_operator.py
[2026-03-29T21:41:13.756+0000] {processor.py:840} INFO - DAG(s) 'example_subdag_operator.section-1', 'example_subdag_operator.section-2', 'example_subdag_operator' retrieved from /home/airflow/.local/lib/python3.12/site-packages/airflow/example_dags/example_subdag_operator.py
[2026-03-29T21:41:13.767+0000] {logging_mixin.py:188} INFO - [2026-03-29T21:41:13.767+0000] {dag.py:3089} INFO - Sync 3 DAGs
[2026-03-29T21:41:13.785+0000] {logging_mixin.py:188} INFO - [2026-03-29T21:41:13.784+0000] {dag.py:3947} INFO - Setting next_dagrun for example_subdag_operator to 2022-01-01 00:00:00+00:00, run_after=2022-01-01 00:00:00+00:00
[2026-03-29T21:41:13.787+0000] {logging_mixin.py:188} INFO - [2026-03-29T21:41:13.787+0000] {dag.py:3947} INFO - Setting next_dagrun for example_subdag_operator.section-1 to None, run_after=None
[2026-03-29T21:41:13.788+0000] {logging_mixin.py:188} INFO - [2026-03-29T21:41:13.788+0000] {dag.py:3947} INFO - Setting next_dagrun for example_subdag_operator.section-2 to None, run_after=None
[2026-03-29T21:41:13.797+0000] {logging_mixin.py:188} INFO - [2026-03-29T21:41:13.797+0000] {dag.py:3089} INFO - Sync 2 DAGs
[2026-03-29T21:41:13.803+0000] {logging_mixin.py:188} INFO - [2026-03-29T21:41:13.803+0000] {dag.py:3947} INFO - Setting next_dagrun for example_subdag_operator.section-1 to None, run_after=None
[2026-03-29T21:41:13.804+0000] {logging_mixin.py:188} INFO - [2026-03-29T21:41:13.804+0000] {dag.py:3947} INFO - Setting next_dagrun for example_subdag_operator.section-2 to None, run_after=None
[2026-03-29T21:41:13.815+0000] {processor.py:183} INFO - Processing /home/airflow/.local/lib/python3.12/site-packages/airflow/example_dags/example_subdag_operator.py took 0.091 seconds
[2026-03-29T21:41:44.384+0000] {processor.py:161} INFO - Started process (PID=1175) to work on /home/airflow/.local/lib/python3.12/site-packages/airflow/example_dags/example_subdag_operator.py
[2026-03-29T21:41:44.386+0000] {processor.py:830} INFO - Processing file /home/airflow/.local/lib/python3.12/site-packages/airflow/example_dags/example_subdag_operator.py for tasks to queue
[2026-03-29T21:41:44.388+0000] {logging_mixin.py:188} INFO - [2026-03-29T21:41:44.388+0000] {dagbag.py:545} INFO - Filling up the DagBag from /home/airflow/.local/lib/python3.12/site-packages/airflow/example_dags/example_subdag_operator.py
[2026-03-29T21:41:44.408+0000] {processor.py:840} INFO - DAG(s) 'example_subdag_operator.section-1', 'example_subdag_operator.section-2', 'example_subdag_operator' retrieved from /home/airflow/.local/lib/python3.12/site-packages/airflow/example_dags/example_subdag_operator.py
[2026-03-29T21:41:44.418+0000] {logging_mixin.py:188} INFO - [2026-03-29T21:41:44.418+0000] {dag.py:3089} INFO - Sync 3 DAGs
[2026-03-29T21:41:44.440+0000] {logging_mixin.py:188} INFO - [2026-03-29T21:41:44.440+0000] {dag.py:3947} INFO - Setting next_dagrun for example_subdag_operator to 2022-01-01 00:00:00+00:00, run_after=2022-01-01 00:00:00+00:00
[2026-03-29T21:41:44.443+0000] {logging_mixin.py:188} INFO - [2026-03-29T21:41:44.443+0000] {dag.py:3947} INFO - Setting next_dagrun for example_subdag_operator.section-1 to None, run_after=None
[2026-03-29T21:41:44.444+0000] {logging_mixin.py:188} INFO - [2026-03-29T21:41:44.444+0000] {dag.py:3947} INFO - Setting next_dagrun for example_subdag_operator.section-2 to None, run_after=None
[2026-03-29T21:41:44.453+0000] {logging_mixin.py:188} INFO - [2026-03-29T21:41:44.453+0000] {dag.py:3089} INFO - Sync 2 DAGs
[2026-03-29T21:41:44.459+0000] {logging_mixin.py:188} INFO - [2026-03-29T21:41:44.458+0000] {dag.py:3947} INFO - Setting next_dagrun for example_subdag_operator.section-1 to None, run_after=None
[2026-03-29T21:41:44.459+0000] {logging_mixin.py:188} INFO - [2026-03-29T21:41:44.459+0000] {dag.py:3947} INFO - Setting next_dagrun for example_subdag_operator.section-2 to None, run_after=None
[2026-03-29T21:41:44.473+0000] {processor.py:183} INFO - Processing /home/airflow/.local/lib/python3.12/site-packages/airflow/example_dags/example_subdag_operator.py took 0.095 seconds
[2026-03-29T21:42:14.631+0000] {processor.py:161} INFO - Started process (PID=1227) to work on /home/airflow/.local/lib/python3.12/site-packages/airflow/example_dags/example_subdag_operator.py
[2026-03-29T21:42:14.632+0000] {processor.py:830} INFO - Processing file /home/airflow/.local/lib/python3.12/site-packages/airflow/example_dags/example_subdag_operator.py for tasks to queue
[2026-03-29T21:42:14.633+0000] {logging_mixin.py:188} INFO - [2026-03-29T21:42:14.633+0000] {dagbag.py:545} INFO - Filling up the DagBag from /home/airflow/.local/lib/python3.12/site-packages/airflow/example_dags/example_subdag_operator.py
[2026-03-29T21:42:14.655+0000] {processor.py:840} INFO - DAG(s) 'example_subdag_operator.section-1', 'example_subdag_operator.section-2', 'example_subdag_operator' retrieved from /home/airflow/.local/lib/python3.12/site-packages/airflow/example_dags/example_subdag_operator.py
[2026-03-29T21:42:14.672+0000] {logging_mixin.py:188} INFO - [2026-03-29T21:42:14.671+0000] {dag.py:3089} INFO - Sync 3 DAGs
[2026-03-29T21:42:14.693+0000] {logging_mixin.py:188} INFO - [2026-03-29T21:42:14.693+0000] {dag.py:3947} INFO - Setting next_dagrun for example_subdag_operator to 2022-01-01 00:00:00+00:00, run_after=2022-01-01 00:00:00+00:00
[2026-03-29T21:42:14.696+0000] {logging_mixin.py:188} INFO - [2026-03-29T21:42:14.696+0000] {dag.py:3947} INFO - Setting next_dagrun for example_subdag_operator.section-1 to None, run_after=None
[2026-03-29T21:42:14.697+0000] {logging_mixin.py:188} INFO - [2026-03-29T21:42:14.697+0000] {dag.py:3947} INFO - Setting next_dagrun for example_subdag_operator.section-2 to None, run_after=None
[2026-03-29T21:42:14.704+0000] {logging_mixin.py:188} INFO - [2026-03-29T21:42:14.703+0000] {dag.py:3089} INFO - Sync 2 DAGs
[2026-03-29T21:42:14.710+0000] {logging_mixin.py:188} INFO - [2026-03-29T21:42:14.710+0000] {dag.py:3947} INFO - Setting next_dagrun for example_subdag_operator.section-1 to None, run_after=None
[2026-03-29T21:42:14.711+0000] {logging_mixin.py:188} INFO - [2026-03-29T21:42:14.711+0000] {dag.py:3947} INFO - Setting next_dagrun for example_subdag_operator.section-2 to None, run_after=None
[2026-03-29T21:42:14.723+0000] {processor.py:183} INFO - Processing /home/airflow/.local/lib/python3.12/site-packages/airflow/example_dags/example_subdag_operator.py took 0.097 seconds
[2026-03-29T21:42:45.011+0000] {processor.py:161} INFO - Started process (PID=1279) to work on /home/airflow/.local/lib/python3.12/site-packages/airflow/example_dags/example_subdag_operator.py
[2026-03-29T21:42:45.014+0000] {processor.py:830} INFO - Processing file /home/airflow/.local/lib/python3.12/site-packages/airflow/example_dags/example_subdag_operator.py for tasks to queue
[2026-03-29T21:42:45.017+0000] {logging_mixin.py:188} INFO - [2026-03-29T21:42:45.017+0000] {dagbag.py:545} INFO - Filling up the DagBag from /home/airflow/.local/lib/python3.12/site-packages/airflow/example_dags/example_subdag_operator.py
[2026-03-29T21:42:45.041+0000] {processor.py:840} INFO - DAG(s) 'example_subdag_operator.section-1', 'example_subdag_operator.section-2', 'example_subdag_operator' retrieved from /home/airflow/.local/lib/python3.12/site-packages/airflow/example_dags/example_subdag_operator.py
[2026-03-29T21:42:45.061+0000] {logging_mixin.py:188} INFO - [2026-03-29T21:42:45.060+0000] {dag.py:3089} INFO - Sync 3 DAGs
[2026-03-29T21:42:45.078+0000] {logging_mixin.py:188} INFO - [2026-03-29T21:42:45.078+0000] {dag.py:3947} INFO - Setting next_dagrun for example_subdag_operator to 2022-01-01 00:00:00+00:00, run_after=2022-01-01 00:00:00+00:00
[2026-03-29T21:42:45.081+0000] {logging_mixin.py:188} INFO - [2026-03-29T21:42:45.081+0000] {dag.py:3947} INFO - Setting next_dagrun for example_subdag_operator.section-1 to None, run_after=None
[2026-03-29T21:42:45.082+0000] {logging_mixin.py:188} INFO - [2026-03-29T21:42:45.082+0000] {dag.py:3947} INFO - Setting next_dagrun for example_subdag_operator.section-2 to None, run_after=None
[2026-03-29T21:42:45.093+0000] {logging_mixin.py:188} INFO - [2026-03-29T21:42:45.090+0000] {dag.py:3089} INFO - Sync 2 DAGs
[2026-03-29T21:42:45.099+0000] {logging_mixin.py:188} INFO - [2026-03-29T21:42:45.098+0000] {dag.py:3947} INFO - Setting next_dagrun for example_subdag_operator.section-1 to None, run_after=None
[2026-03-29T21:42:45.099+0000] {logging_mixin.py:188} INFO - [2026-03-29T21:42:45.099+0000] {dag.py:3947} INFO - Setting next_dagrun for example_subdag_operator.section-2 to None, run_after=None
[2026-03-29T21:42:45.111+0000] {processor.py:183} INFO - Processing /home/airflow/.local/lib/python3.12/site-packages/airflow/example_dags/example_subdag_operator.py took 0.108 seconds
[2026-03-29T21:43:15.278+0000] {processor.py:161} INFO - Started process (PID=1331) to work on /home/airflow/.local/lib/python3.12/site-packages/airflow/example_dags/example_subdag_operator.py
[2026-03-29T21:43:15.279+0000] {processor.py:830} INFO - Processing file /home/airflow/.local/lib/python3.12/site-packages/airflow/example_dags/example_subdag_operator.py for tasks to queue
[2026-03-29T21:43:15.280+0000] {logging_mixin.py:188} INFO - [2026-03-29T21:43:15.280+0000] {dagbag.py:545} INFO - Filling up the DagBag from /home/airflow/.local/lib/python3.12/site-packages/airflow/example_dags/example_subdag_operator.py
[2026-03-29T21:43:15.301+0000] {processor.py:840} INFO - DAG(s) 'example_subdag_operator.section-1', 'example_subdag_operator.section-2', 'example_subdag_operator' retrieved from /home/airflow/.local/lib/python3.12/site-packages/airflow/example_dags/example_subdag_operator.py
[2026-03-29T21:43:15.314+0000] {logging_mixin.py:188} INFO - [2026-03-29T21:43:15.314+0000] {dag.py:3089} INFO - Sync 3 DAGs
[2026-03-29T21:43:15.330+0000] {logging_mixin.py:188} INFO - [2026-03-29T21:43:15.330+0000] {dag.py:3947} INFO - Setting next_dagrun for example_subdag_operator to 2022-01-01 00:00:00+00:00, run_after=2022-01-01 00:00:00+00:00
[2026-03-29T21:43:15.333+0000] {logging_mixin.py:188} INFO - [2026-03-29T21:43:15.333+0000] {dag.py:3947} INFO - Setting next_dagrun for example_subdag_operator.section-1 to None, run_after=None
[2026-03-29T21:43:15.337+0000] {logging_mixin.py:188} INFO - [2026-03-29T21:43:15.337+0000] {dag.py:3947} INFO - Setting next_dagrun for example_subdag_operator.section-2 to None, run_after=None
[2026-03-29T21:43:15.342+0000] {logging_mixin.py:188} INFO - [2026-03-29T21:43:15.342+0000] {dag.py:3089} INFO - Sync 2 DAGs
[2026-03-29T21:43:15.347+0000] {logging_mixin.py:188} INFO - [2026-03-29T21:43:15.346+0000] {dag.py:3947} INFO - Setting next_dagrun for example_subdag_operator.section-1 to None, run_after=None
[2026-03-29T21:43:15.347+0000] {logging_mixin.py:188} INFO - [2026-03-29T21:43:15.347+0000] {dag.py:3947} INFO - Setting next_dagrun for example_subdag_operator.section-2 to None, run_after=None
[2026-03-29T21:43:15.356+0000] {processor.py:183} INFO - Processing /home/airflow/.local/lib/python3.12/site-packages/airflow/example_dags/example_subdag_operator.py took 0.084 seconds
[2026-03-29T21:43:45.802+0000] {processor.py:161} INFO - Started process (PID=1381) to work on /home/airflow/.local/lib/python3.12/site-packages/airflow/example_dags/example_subdag_operator.py
[2026-03-29T21:43:45.804+0000] {processor.py:830} INFO - Processing file /home/airflow/.local/lib/python3.12/site-packages/airflow/example_dags/example_subdag_operator.py for tasks to queue
[2026-03-29T21:43:45.806+0000] {logging_mixin.py:188} INFO - [2026-03-29T21:43:45.806+0000] {dagbag.py:545} INFO - Filling up the DagBag from /home/airflow/.local/lib/python3.12/site-packages/airflow/example_dags/example_subdag_operator.py
[2026-03-29T21:43:45.833+0000] {processor.py:840} INFO - DAG(s) 'example_subdag_operator.section-1', 'example_subdag_operator.section-2', 'example_subdag_operator' retrieved from /home/airflow/.local/lib/python3.12/site-packages/airflow/example_dags/example_subdag_operator.py
[2026-03-29T21:43:45.849+0000] {logging_mixin.py:188} INFO - [2026-03-29T21:43:45.848+0000] {dag.py:3089} INFO - Sync 3 DAGs
[2026-03-29T21:43:45.872+0000] {logging_mixin.py:188} INFO - [2026-03-29T21:43:45.872+0000] {dag.py:3947} INFO - Setting next_dagrun for example_subdag_operator to 2022-01-01 00:00:00+00:00, run_after=2022-01-01 00:00:00+00:00
[2026-03-29T21:43:45.876+0000] {logging_mixin.py:188} INFO - [2026-03-29T21:43:45.876+0000] {dag.py:3947} INFO - Setting next_dagrun for example_subdag_operator.section-1 to None, run_after=None
[2026-03-29T21:43:45.877+0000] {logging_mixin.py:188} INFO - [2026-03-29T21:43:45.877+0000] {dag.py:3947} INFO - Setting next_dagrun for example_subdag_operator.section-2 to None, run_after=None
[2026-03-29T21:43:45.883+0000] {logging_mixin.py:188} INFO - [2026-03-29T21:43:45.883+0000] {dag.py:3089} INFO - Sync 2 DAGs
[2026-03-29T21:43:45.888+0000] {logging_mixin.py:188} INFO - [2026-03-29T21:43:45.888+0000] {dag.py:3947} INFO - Setting next_dagrun for example_subdag_operator.section-1 to None, run_after=None
[2026-03-29T21:43:45.889+0000] {logging_mixin.py:188} INFO - [2026-03-29T21:43:45.889+0000] {dag.py:3947} INFO - Setting next_dagrun for example_subdag_operator.section-2 to None, run_after=None
[2026-03-29T21:43:45.904+0000] {processor.py:183} INFO - Processing /home/airflow/.local/lib/python3.12/site-packages/airflow/example_dags/example_subdag_operator.py took 0.111 seconds
[2026-03-29T21:44:16.105+0000] {processor.py:161} INFO - Started process (PID=1433) to work on /home/airflow/.local/lib/python3.12/site-packages/airflow/example_dags/example_subdag_operator.py
[2026-03-29T21:44:16.107+0000] {processor.py:830} INFO - Processing file /home/airflow/.local/lib/python3.12/site-packages/airflow/example_dags/example_subdag_operator.py for tasks to queue
[2026-03-29T21:44:16.109+0000] {logging_mixin.py:188} INFO - [2026-03-29T21:44:16.108+0000] {dagbag.py:545} INFO - Filling up the DagBag from /home/airflow/.local/lib/python3.12/site-packages/airflow/example_dags/example_subdag_operator.py
[2026-03-29T21:44:16.132+0000] {processor.py:840} INFO - DAG(s) 'example_subdag_operator.section-1', 'example_subdag_operator.section-2', 'example_subdag_operator' retrieved from /home/airflow/.local/lib/python3.12/site-packages/airflow/example_dags/example_subdag_operator.py
[2026-03-29T21:44:16.146+0000] {logging_mixin.py:188} INFO - [2026-03-29T21:44:16.146+0000] {dag.py:3089} INFO - Sync 3 DAGs
[2026-03-29T21:44:16.170+0000] {logging_mixin.py:188} INFO - [2026-03-29T21:44:16.169+0000] {dag.py:3947} INFO - Setting next_dagrun for example_subdag_operator to 2022-01-01 00:00:00+00:00, run_after=2022-01-01 00:00:00+00:00
[2026-03-29T21:44:16.176+0000] {logging_mixin.py:188} INFO - [2026-03-29T21:44:16.175+0000] {dag.py:3947} INFO - Setting next_dagrun for example_subdag_operator.section-1 to None, run_after=None
[2026-03-29T21:44:16.178+0000] {logging_mixin.py:188} INFO - [2026-03-29T21:44:16.178+0000] {dag.py:3947} INFO - Setting next_dagrun for example_subdag_operator.section-2 to None, run_after=None
[2026-03-29T21:44:16.186+0000] {logging_mixin.py:188} INFO - [2026-03-29T21:44:16.186+0000] {dag.py:3089} INFO - Sync 2 DAGs
[2026-03-29T21:44:16.191+0000] {logging_mixin.py:188} INFO - [2026-03-29T21:44:16.190+0000] {dag.py:3947} INFO - Setting next_dagrun for example_subdag_operator.section-1 to None, run_after=None
[2026-03-29T21:44:16.192+0000] {logging_mixin.py:188} INFO - [2026-03-29T21:44:16.192+0000] {dag.py:3947} INFO - Setting next_dagrun for example_subdag_operator.section-2 to None, run_after=None
[2026-03-29T21:44:16.208+0000] {processor.py:183} INFO - Processing /home/airflow/.local/lib/python3.12/site-packages/airflow/example_dags/example_subdag_operator.py took 0.110 seconds
[2026-03-29T21:44:47.437+0000] {processor.py:161} INFO - Started process (PID=1485) to work on /home/airflow/.local/lib/python3.12/site-packages/airflow/example_dags/example_subdag_operator.py
[2026-03-29T21:44:47.442+0000] {processor.py:830} INFO - Processing file /home/airflow/.local/lib/python3.12/site-packages/airflow/example_dags/example_subdag_operator.py for tasks to queue
[2026-03-29T21:44:47.445+0000] {logging_mixin.py:188} INFO - [2026-03-29T21:44:47.444+0000] {dagbag.py:545} INFO - Filling up the DagBag from /home/airflow/.local/lib/python3.12/site-packages/airflow/example_dags/example_subdag_operator.py
[2026-03-29T21:44:47.474+0000] {processor.py:840} INFO - DAG(s) 'example_subdag_operator.section-1', 'example_subdag_operator.section-2', 'example_subdag_operator' retrieved from /home/airflow/.local/lib/python3.12/site-packages/airflow/example_dags/example_subdag_operator.py
[2026-03-29T21:44:47.492+0000] {logging_mixin.py:188} INFO - [2026-03-29T21:44:47.492+0000] {dag.py:3089} INFO - Sync 3 DAGs
[2026-03-29T21:44:47.516+0000] {logging_mixin.py:188} INFO - [2026-03-29T21:44:47.516+0000] {dag.py:3947} INFO - Setting next_dagrun for example_subdag_operator to 2022-01-01 00:00:00+00:00, run_after=2022-01-01 00:00:00+00:00
[2026-03-29T21:44:47.519+0000] {logging_mixin.py:188} INFO - [2026-03-29T21:44:47.519+0000] {dag.py:3947} INFO - Setting next_dagrun for example_subdag_operator.section-1 to None, run_after=None
[2026-03-29T21:44:47.520+0000] {logging_mixin.py:188} INFO - [2026-03-29T21:44:47.520+0000] {dag.py:3947} INFO - Setting next_dagrun for example_subdag_operator.section-2 to None, run_after=None
[2026-03-29T21:44:47.531+0000] {logging_mixin.py:188} INFO - [2026-03-29T21:44:47.530+0000] {dag.py:3089} INFO - Sync 2 DAGs
[2026-03-29T21:44:47.536+0000] {logging_mixin.py:188} INFO - [2026-03-29T21:44:47.536+0000] {dag.py:3947} INFO - Setting next_dagrun for example_subdag_operator.section-1 to None, run_after=None
[2026-03-29T21:44:47.536+0000] {logging_mixin.py:188} INFO - [2026-03-29T21:44:47.536+0000] {dag.py:3947} INFO - Setting next_dagrun for example_subdag_operator.section-2 to None, run_after=None
[2026-03-29T21:44:47.549+0000] {processor.py:183} INFO - Processing /home/airflow/.local/lib/python3.12/site-packages/airflow/example_dags/example_subdag_operator.py took 0.119 seconds
[2026-03-29T21:45:18.635+0000] {processor.py:161} INFO - Started process (PID=1537) to work on /home/airflow/.local/lib/python3.12/site-packages/airflow/example_dags/example_subdag_operator.py
[2026-03-29T21:45:18.637+0000] {processor.py:830} INFO - Processing file /home/airflow/.local/lib/python3.12/site-packages/airflow/example_dags/example_subdag_operator.py for tasks to queue
[2026-03-29T21:45:18.640+0000] {logging_mixin.py:188} INFO - [2026-03-29T21:45:18.640+0000] {dagbag.py:545} INFO - Filling up the DagBag from /home/airflow/.local/lib/python3.12/site-packages/airflow/example_dags/example_subdag_operator.py
[2026-03-29T21:45:18.667+0000] {processor.py:840} INFO - DAG(s) 'example_subdag_operator.section-1', 'example_subdag_operator.section-2', 'example_subdag_operator' retrieved from /home/airflow/.local/lib/python3.12/site-packages/airflow/example_dags/example_subdag_operator.py
[2026-03-29T21:45:18.681+0000] {logging_mixin.py:188} INFO - [2026-03-29T21:45:18.681+0000] {dag.py:3089} INFO - Sync 3 DAGs
[2026-03-29T21:45:18.701+0000] {logging_mixin.py:188} INFO - [2026-03-29T21:45:18.701+0000] {dag.py:3947} INFO - Setting next_dagrun for example_subdag_operator to 2022-01-01 00:00:00+00:00, run_after=2022-01-01 00:00:00+00:00
[2026-03-29T21:45:18.704+0000] {logging_mixin.py:188} INFO - [2026-03-29T21:45:18.704+0000] {dag.py:3947} INFO - Setting next_dagrun for example_subdag_operator.section-1 to None, run_after=None
[2026-03-29T21:45:18.705+0000] {logging_mixin.py:188} INFO - [2026-03-29T21:45:18.705+0000] {dag.py:3947} INFO - Setting next_dagrun for example_subdag_operator.section-2 to None, run_after=None
[2026-03-29T21:45:18.710+0000] {logging_mixin.py:188} INFO - [2026-03-29T21:45:18.710+0000] {dag.py:3089} INFO - Sync 2 DAGs
[2026-03-29T21:45:18.715+0000] {logging_mixin.py:188} INFO - [2026-03-29T21:45:18.715+0000] {dag.py:3947} INFO - Setting next_dagrun for example_subdag_operator.section-1 to None, run_after=None
[2026-03-29T21:45:18.716+0000] {logging_mixin.py:188} INFO - [2026-03-29T21:45:18.716+0000] {dag.py:3947} INFO - Setting next_dagrun for example_subdag_operator.section-2 to None, run_after=None
[2026-03-29T21:45:18.729+0000] {processor.py:183} INFO - Processing /home/airflow/.local/lib/python3.12/site-packages/airflow/example_dags/example_subdag_operator.py took 0.105 seconds
[2026-03-29T21:45:49.710+0000] {processor.py:161} INFO - Started process (PID=1589) to work on /home/airflow/.local/lib/python3.12/site-packages/airflow/example_dags/example_subdag_operator.py
[2026-03-29T21:45:49.712+0000] {processor.py:830} INFO - Processing file /home/airflow/.local/lib/python3.12/site-packages/airflow/example_dags/example_subdag_operator.py for tasks to queue
[2026-03-29T21:45:49.716+0000] {logging_mixin.py:188} INFO - [2026-03-29T21:45:49.716+0000] {dagbag.py:545} INFO - Filling up the DagBag from /home/airflow/.local/lib/python3.12/site-packages/airflow/example_dags/example_subdag_operator.py
[2026-03-29T21:45:49.741+0000] {processor.py:840} INFO - DAG(s) 'example_subdag_operator.section-1', 'example_subdag_operator.section-2', 'example_subdag_operator' retrieved from /home/airflow/.local/lib/python3.12/site-packages/airflow/example_dags/example_subdag_operator.py
[2026-03-29T21:45:49.754+0000] {logging_mixin.py:188} INFO - [2026-03-29T21:45:49.754+0000] {dag.py:3089} INFO - Sync 3 DAGs
[2026-03-29T21:45:49.776+0000] {logging_mixin.py:188} INFO - [2026-03-29T21:45:49.776+0000] {dag.py:3947} INFO - Setting next_dagrun for example_subdag_operator to 2022-01-01 00:00:00+00:00, run_after=2022-01-01 00:00:00+00:00
[2026-03-29T21:45:49.779+0000] {logging_mixin.py:188} INFO - [2026-03-29T21:45:49.779+0000] {dag.py:3947} INFO - Setting next_dagrun for example_subdag_operator.section-1 to None, run_after=None
[2026-03-29T21:45:49.780+0000] {logging_mixin.py:188} INFO - [2026-03-29T21:45:49.780+0000] {dag.py:3947} INFO - Setting next_dagrun for example_subdag_operator.section-2 to None, run_after=None
[2026-03-29T21:45:49.787+0000] {logging_mixin.py:188} INFO - [2026-03-29T21:45:49.786+0000] {dag.py:3089} INFO - Sync 2 DAGs
[2026-03-29T21:45:49.791+0000] {logging_mixin.py:188} INFO - [2026-03-29T21:45:49.791+0000] {dag.py:3947} INFO - Setting next_dagrun for example_subdag_operator.section-1 to None, run_after=None
[2026-03-29T21:45:49.792+0000] {logging_mixin.py:188} INFO - [2026-03-29T21:45:49.792+0000] {dag.py:3947} INFO - Setting next_dagrun for example_subdag_operator.section-2 to None, run_after=None
[2026-03-29T21:45:49.802+0000] {processor.py:183} INFO - Processing /home/airflow/.local/lib/python3.12/site-packages/airflow/example_dags/example_subdag_operator.py took 0.112 seconds
[2026-03-29T21:46:20.875+0000] {processor.py:161} INFO - Started process (PID=1641) to work on /home/airflow/.local/lib/python3.12/site-packages/airflow/example_dags/example_subdag_operator.py
[2026-03-29T21:46:20.876+0000] {processor.py:830} INFO - Processing file /home/airflow/.local/lib/python3.12/site-packages/airflow/example_dags/example_subdag_operator.py for tasks to queue
[2026-03-29T21:46:20.877+0000] {logging_mixin.py:188} INFO - [2026-03-29T21:46:20.877+0000] {dagbag.py:545} INFO - Filling up the DagBag from /home/airflow/.local/lib/python3.12/site-packages/airflow/example_dags/example_subdag_operator.py
[2026-03-29T21:46:20.900+0000] {processor.py:840} INFO - DAG(s) 'example_subdag_operator.section-1', 'example_subdag_operator.section-2', 'example_subdag_operator' retrieved from /home/airflow/.local/lib/python3.12/site-packages/airflow/example_dags/example_subdag_operator.py
[2026-03-29T21:46:20.913+0000] {logging_mixin.py:188} INFO - [2026-03-29T21:46:20.913+0000] {dag.py:3089} INFO - Sync 3 DAGs
[2026-03-29T21:46:20.931+0000] {logging_mixin.py:188} INFO - [2026-03-29T21:46:20.931+0000] {dag.py:3947} INFO - Setting next_dagrun for example_subdag_operator to 2022-01-01 00:00:00+00:00, run_after=2022-01-01 00:00:00+00:00
[2026-03-29T21:46:20.935+0000] {logging_mixin.py:188} INFO - [2026-03-29T21:46:20.935+0000] {dag.py:3947} INFO - Setting next_dagrun for example_subdag_operator.section-1 to None, run_after=None
[2026-03-29T21:46:20.937+0000] {logging_mixin.py:188} INFO - [2026-03-29T21:46:20.937+0000] {dag.py:3947} INFO - Setting next_dagrun for example_subdag_operator.section-2 to None, run_after=None
[2026-03-29T21:46:20.942+0000] {logging_mixin.py:188} INFO - [2026-03-29T21:46:20.942+0000] {dag.py:3089} INFO - Sync 2 DAGs
[2026-03-29T21:46:20.946+0000] {logging_mixin.py:188} INFO - [2026-03-29T21:46:20.946+0000] {dag.py:3947} INFO - Setting next_dagrun for example_subdag_operator.section-1 to None, run_after=None
[2026-03-29T21:46:20.947+0000] {logging_mixin.py:188} INFO - [2026-03-29T21:46:20.946+0000] {dag.py:3947} INFO - Setting next_dagrun for example_subdag_operator.section-2 to None, run_after=None
[2026-03-29T21:46:20.960+0000] {processor.py:183} INFO - Processing /home/airflow/.local/lib/python3.12/site-packages/airflow/example_dags/example_subdag_operator.py took 0.091 seconds
[2026-03-29T21:46:52.063+0000] {processor.py:161} INFO - Started process (PID=1693) to work on /home/airflow/.local/lib/python3.12/site-packages/airflow/example_dags/example_subdag_operator.py
[2026-03-29T21:46:52.065+0000] {processor.py:830} INFO - Processing file /home/airflow/.local/lib/python3.12/site-packages/airflow/example_dags/example_subdag_operator.py for tasks to queue
[2026-03-29T21:46:52.068+0000] {logging_mixin.py:188} INFO - [2026-03-29T21:46:52.068+0000] {dagbag.py:545} INFO - Filling up the DagBag from /home/airflow/.local/lib/python3.12/site-packages/airflow/example_dags/example_subdag_operator.py
[2026-03-29T21:46:52.103+0000] {processor.py:840} INFO - DAG(s) 'example_subdag_operator.section-1', 'example_subdag_operator.section-2', 'example_subdag_operator' retrieved from /home/airflow/.local/lib/python3.12/site-packages/airflow/example_dags/example_subdag_operator.py
[2026-03-29T21:46:52.118+0000] {logging_mixin.py:188} INFO - [2026-03-29T21:46:52.117+0000] {dag.py:3089} INFO - Sync 3 DAGs
[2026-03-29T21:46:52.139+0000] {logging_mixin.py:188} INFO - [2026-03-29T21:46:52.138+0000] {dag.py:3947} INFO - Setting next_dagrun for example_subdag_operator to 2022-01-01 00:00:00+00:00, run_after=2022-01-01 00:00:00+00:00
[2026-03-29T21:46:52.144+0000] {logging_mixin.py:188} INFO - [2026-03-29T21:46:52.143+0000] {dag.py:3947} INFO - Setting next_dagrun for example_subdag_operator.section-1 to None, run_after=None
[2026-03-29T21:46:52.145+0000] {logging_mixin.py:188} INFO - [2026-03-29T21:46:52.144+0000] {dag.py:3947} INFO - Setting next_dagrun for example_subdag_operator.section-2 to None, run_after=None
[2026-03-29T21:46:52.151+0000] {logging_mixin.py:188} INFO - [2026-03-29T21:46:52.150+0000] {dag.py:3089} INFO - Sync 2 DAGs
[2026-03-29T21:46:52.365+0000] {logging_mixin.py:188} INFO - [2026-03-29T21:46:52.365+0000] {dag.py:3947} INFO - Setting next_dagrun for example_subdag_operator.section-1 to None, run_after=None
[2026-03-29T21:46:52.366+0000] {logging_mixin.py:188} INFO - [2026-03-29T21:46:52.366+0000] {dag.py:3947} INFO - Setting next_dagrun for example_subdag_operator.section-2 to None, run_after=None
[2026-03-29T21:46:52.378+0000] {processor.py:183} INFO - Processing /home/airflow/.local/lib/python3.12/site-packages/airflow/example_dags/example_subdag_operator.py took 0.321 seconds
[2026-03-29T21:47:23.100+0000] {processor.py:161} INFO - Started process (PID=1745) to work on /home/airflow/.local/lib/python3.12/site-packages/airflow/example_dags/example_subdag_operator.py
[2026-03-29T21:47:23.102+0000] {processor.py:830} INFO - Processing file /home/airflow/.local/lib/python3.12/site-packages/airflow/example_dags/example_subdag_operator.py for tasks to queue
[2026-03-29T21:47:23.104+0000] {logging_mixin.py:188} INFO - [2026-03-29T21:47:23.103+0000] {dagbag.py:545} INFO - Filling up the DagBag from /home/airflow/.local/lib/python3.12/site-packages/airflow/example_dags/example_subdag_operator.py
[2026-03-29T21:47:23.127+0000] {processor.py:840} INFO - DAG(s) 'example_subdag_operator.section-1', 'example_subdag_operator.section-2', 'example_subdag_operator' retrieved from /home/airflow/.local/lib/python3.12/site-packages/airflow/example_dags/example_subdag_operator.py
[2026-03-29T21:47:23.141+0000] {logging_mixin.py:188} INFO - [2026-03-29T21:47:23.141+0000] {dag.py:3089} INFO - Sync 3 DAGs
[2026-03-29T21:47:23.160+0000] {logging_mixin.py:188} INFO - [2026-03-29T21:47:23.160+0000] {dag.py:3947} INFO - Setting next_dagrun for example_subdag_operator to 2022-01-01 00:00:00+00:00, run_after=2022-01-01 00:00:00+00:00
[2026-03-29T21:47:23.167+0000] {logging_mixin.py:188} INFO - [2026-03-29T21:47:23.167+0000] {dag.py:3947} INFO - Setting next_dagrun for example_subdag_operator.section-1 to None, run_after=None
[2026-03-29T21:47:23.168+0000] {logging_mixin.py:188} INFO - [2026-03-29T21:47:23.168+0000] {dag.py:3947} INFO - Setting next_dagrun for example_subdag_operator.section-2 to None, run_after=None
[2026-03-29T21:47:23.176+0000] {logging_mixin.py:188} INFO - [2026-03-29T21:47:23.175+0000] {dag.py:3089} INFO - Sync 2 DAGs
[2026-03-29T21:47:23.180+0000] {logging_mixin.py:188} INFO - [2026-03-29T21:47:23.180+0000] {dag.py:3947} INFO - Setting next_dagrun for example_subdag_operator.section-1 to None, run_after=None
[2026-03-29T21:47:23.182+0000] {logging_mixin.py:188} INFO - [2026-03-29T21:47:23.182+0000] {dag.py:3947} INFO - Setting next_dagrun for example_subdag_operator.section-2 to None, run_after=None
[2026-03-29T21:47:23.194+0000] {processor.py:183} INFO - Processing /home/airflow/.local/lib/python3.12/site-packages/airflow/example_dags/example_subdag_operator.py took 0.098 seconds
[2026-03-29T21:47:54.216+0000] {processor.py:161} INFO - Started process (PID=1797) to work on /home/airflow/.local/lib/python3.12/site-packages/airflow/example_dags/example_subdag_operator.py
[2026-03-29T21:47:54.217+0000] {processor.py:830} INFO - Processing file /home/airflow/.local/lib/python3.12/site-packages/airflow/example_dags/example_subdag_operator.py for tasks to queue
[2026-03-29T21:47:54.219+0000] {logging_mixin.py:188} INFO - [2026-03-29T21:47:54.219+0000] {dagbag.py:545} INFO - Filling up the DagBag from /home/airflow/.local/lib/python3.12/site-packages/airflow/example_dags/example_subdag_operator.py
[2026-03-29T21:47:54.246+0000] {processor.py:840} INFO - DAG(s) 'example_subdag_operator.section-1', 'example_subdag_operator.section-2', 'example_subdag_operator' retrieved from /home/airflow/.local/lib/python3.12/site-packages/airflow/example_dags/example_subdag_operator.py
[2026-03-29T21:47:54.258+0000] {logging_mixin.py:188} INFO - [2026-03-29T21:47:54.257+0000] {dag.py:3089} INFO - Sync 3 DAGs
[2026-03-29T21:47:54.277+0000] {logging_mixin.py:188} INFO - [2026-03-29T21:47:54.277+0000] {dag.py:3947} INFO - Setting next_dagrun for example_subdag_operator to 2022-01-01 00:00:00+00:00, run_after=2022-01-01 00:00:00+00:00
[2026-03-29T21:47:54.280+0000] {logging_mixin.py:188} INFO - [2026-03-29T21:47:54.280+0000] {dag.py:3947} INFO - Setting next_dagrun for example_subdag_operator.section-1 to None, run_after=None
[2026-03-29T21:47:54.284+0000] {logging_mixin.py:188} INFO - [2026-03-29T21:47:54.284+0000] {dag.py:3947} INFO - Setting next_dagrun for example_subdag_operator.section-2 to None, run_after=None
[2026-03-29T21:47:54.289+0000] {logging_mixin.py:188} INFO - [2026-03-29T21:47:54.289+0000] {dag.py:3089} INFO - Sync 2 DAGs
[2026-03-29T21:47:54.294+0000] {logging_mixin.py:188} INFO - [2026-03-29T21:47:54.294+0000] {dag.py:3947} INFO - Setting next_dagrun for example_subdag_operator.section-1 to None, run_after=None
[2026-03-29T21:47:54.295+0000] {logging_mixin.py:188} INFO - [2026-03-29T21:47:54.295+0000] {dag.py:3947} INFO - Setting next_dagrun for example_subdag_operator.section-2 to None, run_after=None
[2026-03-29T21:47:54.306+0000] {processor.py:183} INFO - Processing /home/airflow/.local/lib/python3.12/site-packages/airflow/example_dags/example_subdag_operator.py took 0.098 seconds
[2026-03-29T21:48:25.099+0000] {processor.py:161} INFO - Started process (PID=1849) to work on /home/airflow/.local/lib/python3.12/site-packages/airflow/example_dags/example_subdag_operator.py
[2026-03-29T21:48:25.100+0000] {processor.py:830} INFO - Processing file /home/airflow/.local/lib/python3.12/site-packages/airflow/example_dags/example_subdag_operator.py for tasks to queue
[2026-03-29T21:48:25.102+0000] {logging_mixin.py:188} INFO - [2026-03-29T21:48:25.101+0000] {dagbag.py:545} INFO - Filling up the DagBag from /home/airflow/.local/lib/python3.12/site-packages/airflow/example_dags/example_subdag_operator.py
[2026-03-29T21:48:25.125+0000] {processor.py:840} INFO - DAG(s) 'example_subdag_operator.section-1', 'example_subdag_operator.section-2', 'example_subdag_operator' retrieved from /home/airflow/.local/lib/python3.12/site-packages/airflow/example_dags/example_subdag_operator.py
[2026-03-29T21:48:25.142+0000] {logging_mixin.py:188} INFO - [2026-03-29T21:48:25.141+0000] {dag.py:3089} INFO - Sync 3 DAGs
[2026-03-29T21:48:25.162+0000] {logging_mixin.py:188} INFO - [2026-03-29T21:48:25.162+0000] {dag.py:3947} INFO - Setting next_dagrun for example_subdag_operator to 2022-01-01 00:00:00+00:00, run_after=2022-01-01 00:00:00+00:00
[2026-03-29T21:48:25.167+0000] {logging_mixin.py:188} INFO - [2026-03-29T21:48:25.167+0000] {dag.py:3947} INFO - Setting next_dagrun for example_subdag_operator.section-1 to None, run_after=None
[2026-03-29T21:48:25.171+0000] {logging_mixin.py:188} INFO - [2026-03-29T21:48:25.171+0000] {dag.py:3947} INFO - Setting next_dagrun for example_subdag_operator.section-2 to None, run_after=None
[2026-03-29T21:48:25.181+0000] {logging_mixin.py:188} INFO - [2026-03-29T21:48:25.181+0000] {dag.py:3089} INFO - Sync 2 DAGs
[2026-03-29T21:48:25.187+0000] {logging_mixin.py:188} INFO - [2026-03-29T21:48:25.187+0000] {dag.py:3947} INFO - Setting next_dagrun for example_subdag_operator.section-1 to None, run_after=None
[2026-03-29T21:48:25.190+0000] {logging_mixin.py:188} INFO - [2026-03-29T21:48:25.190+0000] {dag.py:3947} INFO - Setting next_dagrun for example_subdag_operator.section-2 to None, run_after=None
[2026-03-29T21:48:25.198+0000] {processor.py:183} INFO - Processing /home/airflow/.local/lib/python3.12/site-packages/airflow/example_dags/example_subdag_operator.py took 0.105 seconds
[2026-03-29T21:48:56.498+0000] {processor.py:161} INFO - Started process (PID=1901) to work on /home/airflow/.local/lib/python3.12/site-packages/airflow/example_dags/example_subdag_operator.py
[2026-03-29T21:48:56.499+0000] {processor.py:830} INFO - Processing file /home/airflow/.local/lib/python3.12/site-packages/airflow/example_dags/example_subdag_operator.py for tasks to queue
[2026-03-29T21:48:56.501+0000] {logging_mixin.py:188} INFO - [2026-03-29T21:48:56.501+0000] {dagbag.py:545} INFO - Filling up the DagBag from /home/airflow/.local/lib/python3.12/site-packages/airflow/example_dags/example_subdag_operator.py
[2026-03-29T21:48:56.529+0000] {processor.py:840} INFO - DAG(s) 'example_subdag_operator.section-1', 'example_subdag_operator.section-2', 'example_subdag_operator' retrieved from /home/airflow/.local/lib/python3.12/site-packages/airflow/example_dags/example_subdag_operator.py
[2026-03-29T21:48:56.541+0000] {logging_mixin.py:188} INFO - [2026-03-29T21:48:56.541+0000] {dag.py:3089} INFO - Sync 3 DAGs
[2026-03-29T21:48:56.703+0000] {logging_mixin.py:188} INFO - [2026-03-29T21:48:56.703+0000] {dag.py:3947} INFO - Setting next_dagrun for example_subdag_operator to 2022-01-01 00:00:00+00:00, run_after=2022-01-01 00:00:00+00:00
[2026-03-29T21:48:56.707+0000] {logging_mixin.py:188} INFO - [2026-03-29T21:48:56.707+0000] {dag.py:3947} INFO - Setting next_dagrun for example_subdag_operator.section-1 to None, run_after=None
[2026-03-29T21:48:56.708+0000] {logging_mixin.py:188} INFO - [2026-03-29T21:48:56.708+0000] {dag.py:3947} INFO - Setting next_dagrun for example_subdag_operator.section-2 to None, run_after=None
[2026-03-29T21:48:56.714+0000] {logging_mixin.py:188} INFO - [2026-03-29T21:48:56.714+0000] {dag.py:3089} INFO - Sync 2 DAGs
[2026-03-29T21:48:56.718+0000] {logging_mixin.py:188} INFO - [2026-03-29T21:48:56.718+0000] {dag.py:3947} INFO - Setting next_dagrun for example_subdag_operator.section-1 to None, run_after=None
[2026-03-29T21:48:56.718+0000] {logging_mixin.py:188} INFO - [2026-03-29T21:48:56.718+0000] {dag.py:3947} INFO - Setting next_dagrun for example_subdag_operator.section-2 to None, run_after=None
[2026-03-29T21:48:56.726+0000] {processor.py:183} INFO - Processing /home/airflow/.local/lib/python3.12/site-packages/airflow/example_dags/example_subdag_operator.py took 0.241 seconds
[2026-03-29T21:49:27.552+0000] {processor.py:161} INFO - Started process (PID=1953) to work on /home/airflow/.local/lib/python3.12/site-packages/airflow/example_dags/example_subdag_operator.py
[2026-03-29T21:49:27.553+0000] {processor.py:830} INFO - Processing file /home/airflow/.local/lib/python3.12/site-packages/airflow/example_dags/example_subdag_operator.py for tasks to queue
[2026-03-29T21:49:27.555+0000] {logging_mixin.py:188} INFO - [2026-03-29T21:49:27.555+0000] {dagbag.py:545} INFO - Filling up the DagBag from /home/airflow/.local/lib/python3.12/site-packages/airflow/example_dags/example_subdag_operator.py
[2026-03-29T21:49:27.574+0000] {processor.py:840} INFO - DAG(s) 'example_subdag_operator.section-1', 'example_subdag_operator.section-2', 'example_subdag_operator' retrieved from /home/airflow/.local/lib/python3.12/site-packages/airflow/example_dags/example_subdag_operator.py
[2026-03-29T21:49:27.584+0000] {logging_mixin.py:188} INFO - [2026-03-29T21:49:27.584+0000] {dag.py:3089} INFO - Sync 3 DAGs
[2026-03-29T21:49:27.600+0000] {logging_mixin.py:188} INFO - [2026-03-29T21:49:27.600+0000] {dag.py:3947} INFO - Setting next_dagrun for example_subdag_operator to 2022-01-01 00:00:00+00:00, run_after=2022-01-01 00:00:00+00:00
[2026-03-29T21:49:27.713+0000] {logging_mixin.py:188} INFO - [2026-03-29T21:49:27.713+0000] {dag.py:3947} INFO - Setting next_dagrun for example_subdag_operator.section-1 to None, run_after=None
[2026-03-29T21:49:27.715+0000] {logging_mixin.py:188} INFO - [2026-03-29T21:49:27.714+0000] {dag.py:3947} INFO - Setting next_dagrun for example_subdag_operator.section-2 to None, run_after=None
[2026-03-29T21:49:27.721+0000] {logging_mixin.py:188} INFO - [2026-03-29T21:49:27.720+0000] {dag.py:3089} INFO - Sync 2 DAGs
[2026-03-29T21:49:27.758+0000] {logging_mixin.py:188} INFO - [2026-03-29T21:49:27.758+0000] {dag.py:3947} INFO - Setting next_dagrun for example_subdag_operator.section-1 to None, run_after=None
[2026-03-29T21:49:27.759+0000] {logging_mixin.py:188} INFO - [2026-03-29T21:49:27.759+0000] {dag.py:3947} INFO - Setting next_dagrun for example_subdag_operator.section-2 to None, run_after=None
[2026-03-29T21:49:27.773+0000] {processor.py:183} INFO - Processing /home/airflow/.local/lib/python3.12/site-packages/airflow/example_dags/example_subdag_operator.py took 0.225 seconds
