[2026-03-29T21:30:29.944+0000] {processor.py:161} INFO - Started process (PID=39) to work on /home/airflow/.local/lib/python3.12/site-packages/airflow/example_dags/example_short_circuit_decorator.py
[2026-03-29T21:30:29.951+0000] {processor.py:830} INFO - Processing file /home/airflow/.local/lib/python3.12/site-packages/airflow/example_dags/example_short_circuit_decorator.py for tasks to queue
[2026-03-29T21:30:29.974+0000] {logging_mixin.py:188} INFO - [2026-03-29T21:30:29.972+0000] {dagbag.py:545} INFO - Filling up the DagBag from /home/airflow/.local/lib/python3.12/site-packages/airflow/example_dags/example_short_circuit_decorator.py
[2026-03-29T21:30:30.015+0000] {processor.py:840} INFO - DAG(s) 'example_short_circuit_decorator' retrieved from /home/airflow/.local/lib/python3.12/site-packages/airflow/example_dags/example_short_circuit_decorator.py
[2026-03-29T21:30:30.129+0000] {logging_mixin.py:188} INFO - [2026-03-29T21:30:30.129+0000] {dag.py:3089} INFO - Sync 1 DAGs
[2026-03-29T21:30:30.219+0000] {logging_mixin.py:188} INFO - [2026-03-29T21:30:30.219+0000] {dag.py:3947} INFO - Setting next_dagrun for example_short_circuit_decorator to 2026-03-28 00:00:00+00:00, run_after=2026-03-29 00:00:00+00:00
[2026-03-29T21:30:30.269+0000] {processor.py:183} INFO - Processing /home/airflow/.local/lib/python3.12/site-packages/airflow/example_dags/example_short_circuit_decorator.py took 0.336 seconds
[2026-03-29T21:31:01.418+0000] {processor.py:161} INFO - Started process (PID=91) to work on /home/airflow/.local/lib/python3.12/site-packages/airflow/example_dags/example_short_circuit_decorator.py
[2026-03-29T21:31:01.420+0000] {processor.py:830} INFO - Processing file /home/airflow/.local/lib/python3.12/site-packages/airflow/example_dags/example_short_circuit_decorator.py for tasks to queue
[2026-03-29T21:31:01.423+0000] {logging_mixin.py:188} INFO - [2026-03-29T21:31:01.422+0000] {dagbag.py:545} INFO - Filling up the DagBag from /home/airflow/.local/lib/python3.12/site-packages/airflow/example_dags/example_short_circuit_decorator.py
[2026-03-29T21:31:01.436+0000] {processor.py:840} INFO - DAG(s) 'example_short_circuit_decorator' retrieved from /home/airflow/.local/lib/python3.12/site-packages/airflow/example_dags/example_short_circuit_decorator.py
[2026-03-29T21:31:01.585+0000] {logging_mixin.py:188} INFO - [2026-03-29T21:31:01.585+0000] {dag.py:3089} INFO - Sync 1 DAGs
[2026-03-29T21:31:01.620+0000] {logging_mixin.py:188} INFO - [2026-03-29T21:31:01.619+0000] {dag.py:3947} INFO - Setting next_dagrun for example_short_circuit_decorator to 2026-03-28 00:00:00+00:00, run_after=2026-03-29 00:00:00+00:00
[2026-03-29T21:31:01.654+0000] {processor.py:183} INFO - Processing /home/airflow/.local/lib/python3.12/site-packages/airflow/example_dags/example_short_circuit_decorator.py took 0.244 seconds
[2026-03-29T21:31:31.691+0000] {processor.py:161} INFO - Started process (PID=143) to work on /home/airflow/.local/lib/python3.12/site-packages/airflow/example_dags/example_short_circuit_decorator.py
[2026-03-29T21:31:31.694+0000] {processor.py:830} INFO - Processing file /home/airflow/.local/lib/python3.12/site-packages/airflow/example_dags/example_short_circuit_decorator.py for tasks to queue
[2026-03-29T21:31:31.695+0000] {logging_mixin.py:188} INFO - [2026-03-29T21:31:31.695+0000] {dagbag.py:545} INFO - Filling up the DagBag from /home/airflow/.local/lib/python3.12/site-packages/airflow/example_dags/example_short_circuit_decorator.py
[2026-03-29T21:31:31.701+0000] {processor.py:840} INFO - DAG(s) 'example_short_circuit_decorator' retrieved from /home/airflow/.local/lib/python3.12/site-packages/airflow/example_dags/example_short_circuit_decorator.py
[2026-03-29T21:31:31.716+0000] {logging_mixin.py:188} INFO - [2026-03-29T21:31:31.716+0000] {dag.py:3089} INFO - Sync 1 DAGs
[2026-03-29T21:31:31.730+0000] {logging_mixin.py:188} INFO - [2026-03-29T21:31:31.729+0000] {dag.py:3947} INFO - Setting next_dagrun for example_short_circuit_decorator to 2026-03-28 00:00:00+00:00, run_after=2026-03-29 00:00:00+00:00
[2026-03-29T21:31:31.741+0000] {processor.py:183} INFO - Processing /home/airflow/.local/lib/python3.12/site-packages/airflow/example_dags/example_short_circuit_decorator.py took 0.054 seconds
[2026-03-29T21:32:03.892+0000] {processor.py:161} INFO - Started process (PID=195) to work on /home/airflow/.local/lib/python3.12/site-packages/airflow/example_dags/example_short_circuit_decorator.py
[2026-03-29T21:32:03.898+0000] {processor.py:830} INFO - Processing file /home/airflow/.local/lib/python3.12/site-packages/airflow/example_dags/example_short_circuit_decorator.py for tasks to queue
[2026-03-29T21:32:03.901+0000] {logging_mixin.py:188} INFO - [2026-03-29T21:32:03.900+0000] {dagbag.py:545} INFO - Filling up the DagBag from /home/airflow/.local/lib/python3.12/site-packages/airflow/example_dags/example_short_circuit_decorator.py
[2026-03-29T21:32:03.925+0000] {processor.py:840} INFO - DAG(s) 'example_short_circuit_decorator' retrieved from /home/airflow/.local/lib/python3.12/site-packages/airflow/example_dags/example_short_circuit_decorator.py
[2026-03-29T21:32:04.068+0000] {logging_mixin.py:188} INFO - [2026-03-29T21:32:04.066+0000] {dag.py:3089} INFO - Sync 1 DAGs
[2026-03-29T21:32:04.168+0000] {logging_mixin.py:188} INFO - [2026-03-29T21:32:04.167+0000] {dag.py:3947} INFO - Setting next_dagrun for example_short_circuit_decorator to 2026-03-28 00:00:00+00:00, run_after=2026-03-29 00:00:00+00:00
[2026-03-29T21:32:04.232+0000] {processor.py:183} INFO - Processing /home/airflow/.local/lib/python3.12/site-packages/airflow/example_dags/example_short_circuit_decorator.py took 0.353 seconds
[2026-03-29T21:32:34.476+0000] {processor.py:161} INFO - Started process (PID=247) to work on /home/airflow/.local/lib/python3.12/site-packages/airflow/example_dags/example_short_circuit_decorator.py
[2026-03-29T21:32:34.478+0000] {processor.py:830} INFO - Processing file /home/airflow/.local/lib/python3.12/site-packages/airflow/example_dags/example_short_circuit_decorator.py for tasks to queue
[2026-03-29T21:32:34.481+0000] {logging_mixin.py:188} INFO - [2026-03-29T21:32:34.480+0000] {dagbag.py:545} INFO - Filling up the DagBag from /home/airflow/.local/lib/python3.12/site-packages/airflow/example_dags/example_short_circuit_decorator.py
[2026-03-29T21:32:34.489+0000] {processor.py:840} INFO - DAG(s) 'example_short_circuit_decorator' retrieved from /home/airflow/.local/lib/python3.12/site-packages/airflow/example_dags/example_short_circuit_decorator.py
[2026-03-29T21:32:34.512+0000] {logging_mixin.py:188} INFO - [2026-03-29T21:32:34.512+0000] {dag.py:3089} INFO - Sync 1 DAGs
[2026-03-29T21:32:34.531+0000] {logging_mixin.py:188} INFO - [2026-03-29T21:32:34.531+0000] {dag.py:3947} INFO - Setting next_dagrun for example_short_circuit_decorator to 2026-03-28 00:00:00+00:00, run_after=2026-03-29 00:00:00+00:00
[2026-03-29T21:32:34.545+0000] {processor.py:183} INFO - Processing /home/airflow/.local/lib/python3.12/site-packages/airflow/example_dags/example_short_circuit_decorator.py took 0.073 seconds
[2026-03-29T21:33:04.872+0000] {processor.py:161} INFO - Started process (PID=299) to work on /home/airflow/.local/lib/python3.12/site-packages/airflow/example_dags/example_short_circuit_decorator.py
[2026-03-29T21:33:04.873+0000] {processor.py:830} INFO - Processing file /home/airflow/.local/lib/python3.12/site-packages/airflow/example_dags/example_short_circuit_decorator.py for tasks to queue
[2026-03-29T21:33:04.875+0000] {logging_mixin.py:188} INFO - [2026-03-29T21:33:04.874+0000] {dagbag.py:545} INFO - Filling up the DagBag from /home/airflow/.local/lib/python3.12/site-packages/airflow/example_dags/example_short_circuit_decorator.py
[2026-03-29T21:33:04.883+0000] {processor.py:840} INFO - DAG(s) 'example_short_circuit_decorator' retrieved from /home/airflow/.local/lib/python3.12/site-packages/airflow/example_dags/example_short_circuit_decorator.py
[2026-03-29T21:33:04.903+0000] {logging_mixin.py:188} INFO - [2026-03-29T21:33:04.903+0000] {dag.py:3089} INFO - Sync 1 DAGs
[2026-03-29T21:33:04.920+0000] {logging_mixin.py:188} INFO - [2026-03-29T21:33:04.920+0000] {dag.py:3947} INFO - Setting next_dagrun for example_short_circuit_decorator to 2026-03-28 00:00:00+00:00, run_after=2026-03-29 00:00:00+00:00
[2026-03-29T21:33:04.944+0000] {processor.py:183} INFO - Processing /home/airflow/.local/lib/python3.12/site-packages/airflow/example_dags/example_short_circuit_decorator.py took 0.078 seconds
[2026-03-29T21:33:35.410+0000] {processor.py:161} INFO - Started process (PID=351) to work on /home/airflow/.local/lib/python3.12/site-packages/airflow/example_dags/example_short_circuit_decorator.py
[2026-03-29T21:33:35.412+0000] {processor.py:830} INFO - Processing file /home/airflow/.local/lib/python3.12/site-packages/airflow/example_dags/example_short_circuit_decorator.py for tasks to queue
[2026-03-29T21:33:35.414+0000] {logging_mixin.py:188} INFO - [2026-03-29T21:33:35.414+0000] {dagbag.py:545} INFO - Filling up the DagBag from /home/airflow/.local/lib/python3.12/site-packages/airflow/example_dags/example_short_circuit_decorator.py
[2026-03-29T21:33:35.421+0000] {processor.py:840} INFO - DAG(s) 'example_short_circuit_decorator' retrieved from /home/airflow/.local/lib/python3.12/site-packages/airflow/example_dags/example_short_circuit_decorator.py
[2026-03-29T21:33:35.449+0000] {logging_mixin.py:188} INFO - [2026-03-29T21:33:35.448+0000] {dag.py:3089} INFO - Sync 1 DAGs
[2026-03-29T21:33:35.466+0000] {logging_mixin.py:188} INFO - [2026-03-29T21:33:35.466+0000] {dag.py:3947} INFO - Setting next_dagrun for example_short_circuit_decorator to 2026-03-28 00:00:00+00:00, run_after=2026-03-29 00:00:00+00:00
[2026-03-29T21:33:35.487+0000] {processor.py:183} INFO - Processing /home/airflow/.local/lib/python3.12/site-packages/airflow/example_dags/example_short_circuit_decorator.py took 0.085 seconds
[2026-03-29T21:34:06.145+0000] {processor.py:161} INFO - Started process (PID=403) to work on /home/airflow/.local/lib/python3.12/site-packages/airflow/example_dags/example_short_circuit_decorator.py
[2026-03-29T21:34:06.147+0000] {processor.py:830} INFO - Processing file /home/airflow/.local/lib/python3.12/site-packages/airflow/example_dags/example_short_circuit_decorator.py for tasks to queue
[2026-03-29T21:34:06.149+0000] {logging_mixin.py:188} INFO - [2026-03-29T21:34:06.148+0000] {dagbag.py:545} INFO - Filling up the DagBag from /home/airflow/.local/lib/python3.12/site-packages/airflow/example_dags/example_short_circuit_decorator.py
[2026-03-29T21:34:06.157+0000] {processor.py:840} INFO - DAG(s) 'example_short_circuit_decorator' retrieved from /home/airflow/.local/lib/python3.12/site-packages/airflow/example_dags/example_short_circuit_decorator.py
[2026-03-29T21:34:06.174+0000] {logging_mixin.py:188} INFO - [2026-03-29T21:34:06.174+0000] {dag.py:3089} INFO - Sync 1 DAGs
[2026-03-29T21:34:06.201+0000] {logging_mixin.py:188} INFO - [2026-03-29T21:34:06.200+0000] {dag.py:3947} INFO - Setting next_dagrun for example_short_circuit_decorator to 2026-03-28 00:00:00+00:00, run_after=2026-03-29 00:00:00+00:00
[2026-03-29T21:34:06.225+0000] {processor.py:183} INFO - Processing /home/airflow/.local/lib/python3.12/site-packages/airflow/example_dags/example_short_circuit_decorator.py took 0.085 seconds
[2026-03-29T21:34:36.629+0000] {processor.py:161} INFO - Started process (PID=455) to work on /home/airflow/.local/lib/python3.12/site-packages/airflow/example_dags/example_short_circuit_decorator.py
[2026-03-29T21:34:36.631+0000] {processor.py:830} INFO - Processing file /home/airflow/.local/lib/python3.12/site-packages/airflow/example_dags/example_short_circuit_decorator.py for tasks to queue
[2026-03-29T21:34:36.633+0000] {logging_mixin.py:188} INFO - [2026-03-29T21:34:36.633+0000] {dagbag.py:545} INFO - Filling up the DagBag from /home/airflow/.local/lib/python3.12/site-packages/airflow/example_dags/example_short_circuit_decorator.py
[2026-03-29T21:34:36.650+0000] {processor.py:840} INFO - DAG(s) 'example_short_circuit_decorator' retrieved from /home/airflow/.local/lib/python3.12/site-packages/airflow/example_dags/example_short_circuit_decorator.py
[2026-03-29T21:34:36.683+0000] {logging_mixin.py:188} INFO - [2026-03-29T21:34:36.683+0000] {dag.py:3089} INFO - Sync 1 DAGs
[2026-03-29T21:34:36.719+0000] {logging_mixin.py:188} INFO - [2026-03-29T21:34:36.718+0000] {dag.py:3947} INFO - Setting next_dagrun for example_short_circuit_decorator to 2026-03-28 00:00:00+00:00, run_after=2026-03-29 00:00:00+00:00
[2026-03-29T21:34:36.756+0000] {processor.py:183} INFO - Processing /home/airflow/.local/lib/python3.12/site-packages/airflow/example_dags/example_short_circuit_decorator.py took 0.134 seconds
[2026-03-29T21:35:07.619+0000] {processor.py:161} INFO - Started process (PID=507) to work on /home/airflow/.local/lib/python3.12/site-packages/airflow/example_dags/example_short_circuit_decorator.py
[2026-03-29T21:35:07.621+0000] {processor.py:830} INFO - Processing file /home/airflow/.local/lib/python3.12/site-packages/airflow/example_dags/example_short_circuit_decorator.py for tasks to queue
[2026-03-29T21:35:07.623+0000] {logging_mixin.py:188} INFO - [2026-03-29T21:35:07.623+0000] {dagbag.py:545} INFO - Filling up the DagBag from /home/airflow/.local/lib/python3.12/site-packages/airflow/example_dags/example_short_circuit_decorator.py
[2026-03-29T21:35:07.634+0000] {processor.py:840} INFO - DAG(s) 'example_short_circuit_decorator' retrieved from /home/airflow/.local/lib/python3.12/site-packages/airflow/example_dags/example_short_circuit_decorator.py
[2026-03-29T21:35:07.667+0000] {logging_mixin.py:188} INFO - [2026-03-29T21:35:07.666+0000] {dag.py:3089} INFO - Sync 1 DAGs
[2026-03-29T21:35:07.687+0000] {logging_mixin.py:188} INFO - [2026-03-29T21:35:07.686+0000] {dag.py:3947} INFO - Setting next_dagrun for example_short_circuit_decorator to 2026-03-28 00:00:00+00:00, run_after=2026-03-29 00:00:00+00:00
[2026-03-29T21:35:07.710+0000] {processor.py:183} INFO - Processing /home/airflow/.local/lib/python3.12/site-packages/airflow/example_dags/example_short_circuit_decorator.py took 0.099 seconds
[2026-03-29T21:35:38.559+0000] {processor.py:161} INFO - Started process (PID=559) to work on /home/airflow/.local/lib/python3.12/site-packages/airflow/example_dags/example_short_circuit_decorator.py
[2026-03-29T21:35:38.560+0000] {processor.py:830} INFO - Processing file /home/airflow/.local/lib/python3.12/site-packages/airflow/example_dags/example_short_circuit_decorator.py for tasks to queue
[2026-03-29T21:35:38.562+0000] {logging_mixin.py:188} INFO - [2026-03-29T21:35:38.561+0000] {dagbag.py:545} INFO - Filling up the DagBag from /home/airflow/.local/lib/python3.12/site-packages/airflow/example_dags/example_short_circuit_decorator.py
[2026-03-29T21:35:38.568+0000] {processor.py:840} INFO - DAG(s) 'example_short_circuit_decorator' retrieved from /home/airflow/.local/lib/python3.12/site-packages/airflow/example_dags/example_short_circuit_decorator.py
[2026-03-29T21:35:38.586+0000] {logging_mixin.py:188} INFO - [2026-03-29T21:35:38.585+0000] {dag.py:3089} INFO - Sync 1 DAGs
[2026-03-29T21:35:38.601+0000] {logging_mixin.py:188} INFO - [2026-03-29T21:35:38.601+0000] {dag.py:3947} INFO - Setting next_dagrun for example_short_circuit_decorator to 2026-03-28 00:00:00+00:00, run_after=2026-03-29 00:00:00+00:00
[2026-03-29T21:35:38.614+0000] {processor.py:183} INFO - Processing /home/airflow/.local/lib/python3.12/site-packages/airflow/example_dags/example_short_circuit_decorator.py took 0.060 seconds
[2026-03-29T21:36:09.099+0000] {processor.py:161} INFO - Started process (PID=611) to work on /home/airflow/.local/lib/python3.12/site-packages/airflow/example_dags/example_short_circuit_decorator.py
[2026-03-29T21:36:09.100+0000] {processor.py:830} INFO - Processing file /home/airflow/.local/lib/python3.12/site-packages/airflow/example_dags/example_short_circuit_decorator.py for tasks to queue
[2026-03-29T21:36:09.101+0000] {logging_mixin.py:188} INFO - [2026-03-29T21:36:09.101+0000] {dagbag.py:545} INFO - Filling up the DagBag from /home/airflow/.local/lib/python3.12/site-packages/airflow/example_dags/example_short_circuit_decorator.py
[2026-03-29T21:36:09.112+0000] {processor.py:840} INFO - DAG(s) 'example_short_circuit_decorator' retrieved from /home/airflow/.local/lib/python3.12/site-packages/airflow/example_dags/example_short_circuit_decorator.py
[2026-03-29T21:36:09.247+0000] {logging_mixin.py:188} INFO - [2026-03-29T21:36:09.247+0000] {dag.py:3089} INFO - Sync 1 DAGs
[2026-03-29T21:36:09.268+0000] {logging_mixin.py:188} INFO - [2026-03-29T21:36:09.268+0000] {dag.py:3947} INFO - Setting next_dagrun for example_short_circuit_decorator to 2026-03-28 00:00:00+00:00, run_after=2026-03-29 00:00:00+00:00
[2026-03-29T21:36:09.288+0000] {processor.py:183} INFO - Processing /home/airflow/.local/lib/python3.12/site-packages/airflow/example_dags/example_short_circuit_decorator.py took 0.197 seconds
[2026-03-29T21:36:39.335+0000] {processor.py:161} INFO - Started process (PID=662) to work on /home/airflow/.local/lib/python3.12/site-packages/airflow/example_dags/example_short_circuit_decorator.py
[2026-03-29T21:36:39.337+0000] {processor.py:830} INFO - Processing file /home/airflow/.local/lib/python3.12/site-packages/airflow/example_dags/example_short_circuit_decorator.py for tasks to queue
[2026-03-29T21:36:39.339+0000] {logging_mixin.py:188} INFO - [2026-03-29T21:36:39.339+0000] {dagbag.py:545} INFO - Filling up the DagBag from /home/airflow/.local/lib/python3.12/site-packages/airflow/example_dags/example_short_circuit_decorator.py
[2026-03-29T21:36:39.348+0000] {processor.py:840} INFO - DAG(s) 'example_short_circuit_decorator' retrieved from /home/airflow/.local/lib/python3.12/site-packages/airflow/example_dags/example_short_circuit_decorator.py
[2026-03-29T21:36:39.368+0000] {logging_mixin.py:188} INFO - [2026-03-29T21:36:39.368+0000] {dag.py:3089} INFO - Sync 1 DAGs
[2026-03-29T21:36:39.389+0000] {logging_mixin.py:188} INFO - [2026-03-29T21:36:39.389+0000] {dag.py:3947} INFO - Setting next_dagrun for example_short_circuit_decorator to 2026-03-28 00:00:00+00:00, run_after=2026-03-29 00:00:00+00:00
[2026-03-29T21:36:39.404+0000] {processor.py:183} INFO - Processing /home/airflow/.local/lib/python3.12/site-packages/airflow/example_dags/example_short_circuit_decorator.py took 0.076 seconds
[2026-03-29T21:37:10.178+0000] {processor.py:161} INFO - Started process (PID=715) to work on /home/airflow/.local/lib/python3.12/site-packages/airflow/example_dags/example_short_circuit_decorator.py
[2026-03-29T21:37:10.180+0000] {processor.py:830} INFO - Processing file /home/airflow/.local/lib/python3.12/site-packages/airflow/example_dags/example_short_circuit_decorator.py for tasks to queue
[2026-03-29T21:37:10.181+0000] {logging_mixin.py:188} INFO - [2026-03-29T21:37:10.181+0000] {dagbag.py:545} INFO - Filling up the DagBag from /home/airflow/.local/lib/python3.12/site-packages/airflow/example_dags/example_short_circuit_decorator.py
[2026-03-29T21:37:10.188+0000] {processor.py:840} INFO - DAG(s) 'example_short_circuit_decorator' retrieved from /home/airflow/.local/lib/python3.12/site-packages/airflow/example_dags/example_short_circuit_decorator.py
[2026-03-29T21:37:10.208+0000] {logging_mixin.py:188} INFO - [2026-03-29T21:37:10.207+0000] {dag.py:3089} INFO - Sync 1 DAGs
[2026-03-29T21:37:10.226+0000] {logging_mixin.py:188} INFO - [2026-03-29T21:37:10.226+0000] {dag.py:3947} INFO - Setting next_dagrun for example_short_circuit_decorator to 2026-03-28 00:00:00+00:00, run_after=2026-03-29 00:00:00+00:00
[2026-03-29T21:37:10.242+0000] {processor.py:183} INFO - Processing /home/airflow/.local/lib/python3.12/site-packages/airflow/example_dags/example_short_circuit_decorator.py took 0.069 seconds
[2026-03-29T21:37:40.285+0000] {processor.py:161} INFO - Started process (PID=766) to work on /home/airflow/.local/lib/python3.12/site-packages/airflow/example_dags/example_short_circuit_decorator.py
[2026-03-29T21:37:40.286+0000] {processor.py:830} INFO - Processing file /home/airflow/.local/lib/python3.12/site-packages/airflow/example_dags/example_short_circuit_decorator.py for tasks to queue
[2026-03-29T21:37:40.287+0000] {logging_mixin.py:188} INFO - [2026-03-29T21:37:40.287+0000] {dagbag.py:545} INFO - Filling up the DagBag from /home/airflow/.local/lib/python3.12/site-packages/airflow/example_dags/example_short_circuit_decorator.py
[2026-03-29T21:37:40.294+0000] {processor.py:840} INFO - DAG(s) 'example_short_circuit_decorator' retrieved from /home/airflow/.local/lib/python3.12/site-packages/airflow/example_dags/example_short_circuit_decorator.py
[2026-03-29T21:37:40.311+0000] {logging_mixin.py:188} INFO - [2026-03-29T21:37:40.310+0000] {dag.py:3089} INFO - Sync 1 DAGs
[2026-03-29T21:37:40.325+0000] {logging_mixin.py:188} INFO - [2026-03-29T21:37:40.325+0000] {dag.py:3947} INFO - Setting next_dagrun for example_short_circuit_decorator to 2026-03-28 00:00:00+00:00, run_after=2026-03-29 00:00:00+00:00
[2026-03-29T21:37:40.337+0000] {processor.py:183} INFO - Processing /home/airflow/.local/lib/python3.12/site-packages/airflow/example_dags/example_short_circuit_decorator.py took 0.057 seconds
[2026-03-29T21:38:10.939+0000] {processor.py:161} INFO - Started process (PID=819) to work on /home/airflow/.local/lib/python3.12/site-packages/airflow/example_dags/example_short_circuit_decorator.py
[2026-03-29T21:38:10.940+0000] {processor.py:830} INFO - Processing file /home/airflow/.local/lib/python3.12/site-packages/airflow/example_dags/example_short_circuit_decorator.py for tasks to queue
[2026-03-29T21:38:10.941+0000] {logging_mixin.py:188} INFO - [2026-03-29T21:38:10.941+0000] {dagbag.py:545} INFO - Filling up the DagBag from /home/airflow/.local/lib/python3.12/site-packages/airflow/example_dags/example_short_circuit_decorator.py
[2026-03-29T21:38:10.948+0000] {processor.py:840} INFO - DAG(s) 'example_short_circuit_decorator' retrieved from /home/airflow/.local/lib/python3.12/site-packages/airflow/example_dags/example_short_circuit_decorator.py
[2026-03-29T21:38:10.972+0000] {logging_mixin.py:188} INFO - [2026-03-29T21:38:10.972+0000] {dag.py:3089} INFO - Sync 1 DAGs
[2026-03-29T21:38:10.992+0000] {logging_mixin.py:188} INFO - [2026-03-29T21:38:10.992+0000] {dag.py:3947} INFO - Setting next_dagrun for example_short_circuit_decorator to 2026-03-28 00:00:00+00:00, run_after=2026-03-29 00:00:00+00:00
[2026-03-29T21:38:11.007+0000] {processor.py:183} INFO - Processing /home/airflow/.local/lib/python3.12/site-packages/airflow/example_dags/example_short_circuit_decorator.py took 0.072 seconds
[2026-03-29T21:38:41.554+0000] {processor.py:161} INFO - Started process (PID=871) to work on /home/airflow/.local/lib/python3.12/site-packages/airflow/example_dags/example_short_circuit_decorator.py
[2026-03-29T21:38:41.555+0000] {processor.py:830} INFO - Processing file /home/airflow/.local/lib/python3.12/site-packages/airflow/example_dags/example_short_circuit_decorator.py for tasks to queue
[2026-03-29T21:38:41.557+0000] {logging_mixin.py:188} INFO - [2026-03-29T21:38:41.556+0000] {dagbag.py:545} INFO - Filling up the DagBag from /home/airflow/.local/lib/python3.12/site-packages/airflow/example_dags/example_short_circuit_decorator.py
[2026-03-29T21:38:41.564+0000] {processor.py:840} INFO - DAG(s) 'example_short_circuit_decorator' retrieved from /home/airflow/.local/lib/python3.12/site-packages/airflow/example_dags/example_short_circuit_decorator.py
[2026-03-29T21:38:41.584+0000] {logging_mixin.py:188} INFO - [2026-03-29T21:38:41.584+0000] {dag.py:3089} INFO - Sync 1 DAGs
[2026-03-29T21:38:41.604+0000] {logging_mixin.py:188} INFO - [2026-03-29T21:38:41.604+0000] {dag.py:3947} INFO - Setting next_dagrun for example_short_circuit_decorator to 2026-03-28 00:00:00+00:00, run_after=2026-03-29 00:00:00+00:00
[2026-03-29T21:38:41.617+0000] {processor.py:183} INFO - Processing /home/airflow/.local/lib/python3.12/site-packages/airflow/example_dags/example_short_circuit_decorator.py took 0.070 seconds
[2026-03-29T21:39:11.946+0000] {processor.py:161} INFO - Started process (PID=923) to work on /home/airflow/.local/lib/python3.12/site-packages/airflow/example_dags/example_short_circuit_decorator.py
[2026-03-29T21:39:11.947+0000] {processor.py:830} INFO - Processing file /home/airflow/.local/lib/python3.12/site-packages/airflow/example_dags/example_short_circuit_decorator.py for tasks to queue
[2026-03-29T21:39:11.949+0000] {logging_mixin.py:188} INFO - [2026-03-29T21:39:11.948+0000] {dagbag.py:545} INFO - Filling up the DagBag from /home/airflow/.local/lib/python3.12/site-packages/airflow/example_dags/example_short_circuit_decorator.py
[2026-03-29T21:39:11.963+0000] {processor.py:840} INFO - DAG(s) 'example_short_circuit_decorator' retrieved from /home/airflow/.local/lib/python3.12/site-packages/airflow/example_dags/example_short_circuit_decorator.py
[2026-03-29T21:39:11.987+0000] {logging_mixin.py:188} INFO - [2026-03-29T21:39:11.987+0000] {dag.py:3089} INFO - Sync 1 DAGs
[2026-03-29T21:39:12.007+0000] {logging_mixin.py:188} INFO - [2026-03-29T21:39:12.007+0000] {dag.py:3947} INFO - Setting next_dagrun for example_short_circuit_decorator to 2026-03-28 00:00:00+00:00, run_after=2026-03-29 00:00:00+00:00
[2026-03-29T21:39:12.023+0000] {processor.py:183} INFO - Processing /home/airflow/.local/lib/python3.12/site-packages/airflow/example_dags/example_short_circuit_decorator.py took 0.082 seconds
[2026-03-29T21:39:42.119+0000] {processor.py:161} INFO - Started process (PID=974) to work on /home/airflow/.local/lib/python3.12/site-packages/airflow/example_dags/example_short_circuit_decorator.py
[2026-03-29T21:39:42.120+0000] {processor.py:830} INFO - Processing file /home/airflow/.local/lib/python3.12/site-packages/airflow/example_dags/example_short_circuit_decorator.py for tasks to queue
[2026-03-29T21:39:42.122+0000] {logging_mixin.py:188} INFO - [2026-03-29T21:39:42.122+0000] {dagbag.py:545} INFO - Filling up the DagBag from /home/airflow/.local/lib/python3.12/site-packages/airflow/example_dags/example_short_circuit_decorator.py
[2026-03-29T21:39:42.133+0000] {processor.py:840} INFO - DAG(s) 'example_short_circuit_decorator' retrieved from /home/airflow/.local/lib/python3.12/site-packages/airflow/example_dags/example_short_circuit_decorator.py
[2026-03-29T21:39:42.153+0000] {logging_mixin.py:188} INFO - [2026-03-29T21:39:42.153+0000] {dag.py:3089} INFO - Sync 1 DAGs
[2026-03-29T21:39:42.170+0000] {logging_mixin.py:188} INFO - [2026-03-29T21:39:42.170+0000] {dag.py:3947} INFO - Setting next_dagrun for example_short_circuit_decorator to 2026-03-28 00:00:00+00:00, run_after=2026-03-29 00:00:00+00:00
[2026-03-29T21:39:42.183+0000] {processor.py:183} INFO - Processing /home/airflow/.local/lib/python3.12/site-packages/airflow/example_dags/example_short_circuit_decorator.py took 0.069 seconds
[2026-03-29T21:40:13.270+0000] {processor.py:161} INFO - Started process (PID=1026) to work on /home/airflow/.local/lib/python3.12/site-packages/airflow/example_dags/example_short_circuit_decorator.py
[2026-03-29T21:40:13.272+0000] {processor.py:830} INFO - Processing file /home/airflow/.local/lib/python3.12/site-packages/airflow/example_dags/example_short_circuit_decorator.py for tasks to queue
[2026-03-29T21:40:13.278+0000] {logging_mixin.py:188} INFO - [2026-03-29T21:40:13.277+0000] {dagbag.py:545} INFO - Filling up the DagBag from /home/airflow/.local/lib/python3.12/site-packages/airflow/example_dags/example_short_circuit_decorator.py
[2026-03-29T21:40:13.297+0000] {processor.py:840} INFO - DAG(s) 'example_short_circuit_decorator' retrieved from /home/airflow/.local/lib/python3.12/site-packages/airflow/example_dags/example_short_circuit_decorator.py
[2026-03-29T21:40:13.347+0000] {logging_mixin.py:188} INFO - [2026-03-29T21:40:13.347+0000] {dag.py:3089} INFO - Sync 1 DAGs
[2026-03-29T21:40:13.376+0000] {logging_mixin.py:188} INFO - [2026-03-29T21:40:13.375+0000] {dag.py:3947} INFO - Setting next_dagrun for example_short_circuit_decorator to 2026-03-28 00:00:00+00:00, run_after=2026-03-29 00:00:00+00:00
[2026-03-29T21:40:13.399+0000] {processor.py:183} INFO - Processing /home/airflow/.local/lib/python3.12/site-packages/airflow/example_dags/example_short_circuit_decorator.py took 0.143 seconds
[2026-03-29T21:40:44.207+0000] {processor.py:161} INFO - Started process (PID=1078) to work on /home/airflow/.local/lib/python3.12/site-packages/airflow/example_dags/example_short_circuit_decorator.py
[2026-03-29T21:40:44.209+0000] {processor.py:830} INFO - Processing file /home/airflow/.local/lib/python3.12/site-packages/airflow/example_dags/example_short_circuit_decorator.py for tasks to queue
[2026-03-29T21:40:44.211+0000] {logging_mixin.py:188} INFO - [2026-03-29T21:40:44.210+0000] {dagbag.py:545} INFO - Filling up the DagBag from /home/airflow/.local/lib/python3.12/site-packages/airflow/example_dags/example_short_circuit_decorator.py
[2026-03-29T21:40:44.219+0000] {processor.py:840} INFO - DAG(s) 'example_short_circuit_decorator' retrieved from /home/airflow/.local/lib/python3.12/site-packages/airflow/example_dags/example_short_circuit_decorator.py
[2026-03-29T21:40:44.237+0000] {logging_mixin.py:188} INFO - [2026-03-29T21:40:44.237+0000] {dag.py:3089} INFO - Sync 1 DAGs
[2026-03-29T21:40:44.253+0000] {logging_mixin.py:188} INFO - [2026-03-29T21:40:44.253+0000] {dag.py:3947} INFO - Setting next_dagrun for example_short_circuit_decorator to 2026-03-28 00:00:00+00:00, run_after=2026-03-29 00:00:00+00:00
[2026-03-29T21:40:44.272+0000] {processor.py:183} INFO - Processing /home/airflow/.local/lib/python3.12/site-packages/airflow/example_dags/example_short_circuit_decorator.py took 0.071 seconds
[2026-03-29T21:41:15.010+0000] {processor.py:161} INFO - Started process (PID=1130) to work on /home/airflow/.local/lib/python3.12/site-packages/airflow/example_dags/example_short_circuit_decorator.py
[2026-03-29T21:41:15.014+0000] {processor.py:830} INFO - Processing file /home/airflow/.local/lib/python3.12/site-packages/airflow/example_dags/example_short_circuit_decorator.py for tasks to queue
[2026-03-29T21:41:15.018+0000] {logging_mixin.py:188} INFO - [2026-03-29T21:41:15.017+0000] {dagbag.py:545} INFO - Filling up the DagBag from /home/airflow/.local/lib/python3.12/site-packages/airflow/example_dags/example_short_circuit_decorator.py
[2026-03-29T21:41:15.033+0000] {processor.py:840} INFO - DAG(s) 'example_short_circuit_decorator' retrieved from /home/airflow/.local/lib/python3.12/site-packages/airflow/example_dags/example_short_circuit_decorator.py
[2026-03-29T21:41:15.067+0000] {logging_mixin.py:188} INFO - [2026-03-29T21:41:15.067+0000] {dag.py:3089} INFO - Sync 1 DAGs
[2026-03-29T21:41:15.094+0000] {logging_mixin.py:188} INFO - [2026-03-29T21:41:15.094+0000] {dag.py:3947} INFO - Setting next_dagrun for example_short_circuit_decorator to 2026-03-28 00:00:00+00:00, run_after=2026-03-29 00:00:00+00:00
[2026-03-29T21:41:15.113+0000] {processor.py:183} INFO - Processing /home/airflow/.local/lib/python3.12/site-packages/airflow/example_dags/example_short_circuit_decorator.py took 0.110 seconds
[2026-03-29T21:41:45.732+0000] {processor.py:161} INFO - Started process (PID=1182) to work on /home/airflow/.local/lib/python3.12/site-packages/airflow/example_dags/example_short_circuit_decorator.py
[2026-03-29T21:41:45.734+0000] {processor.py:830} INFO - Processing file /home/airflow/.local/lib/python3.12/site-packages/airflow/example_dags/example_short_circuit_decorator.py for tasks to queue
[2026-03-29T21:41:45.736+0000] {logging_mixin.py:188} INFO - [2026-03-29T21:41:45.736+0000] {dagbag.py:545} INFO - Filling up the DagBag from /home/airflow/.local/lib/python3.12/site-packages/airflow/example_dags/example_short_circuit_decorator.py
[2026-03-29T21:41:45.757+0000] {processor.py:840} INFO - DAG(s) 'example_short_circuit_decorator' retrieved from /home/airflow/.local/lib/python3.12/site-packages/airflow/example_dags/example_short_circuit_decorator.py
[2026-03-29T21:41:45.788+0000] {logging_mixin.py:188} INFO - [2026-03-29T21:41:45.788+0000] {dag.py:3089} INFO - Sync 1 DAGs
[2026-03-29T21:41:45.823+0000] {logging_mixin.py:188} INFO - [2026-03-29T21:41:45.823+0000] {dag.py:3947} INFO - Setting next_dagrun for example_short_circuit_decorator to 2026-03-28 00:00:00+00:00, run_after=2026-03-29 00:00:00+00:00
[2026-03-29T21:41:45.842+0000] {processor.py:183} INFO - Processing /home/airflow/.local/lib/python3.12/site-packages/airflow/example_dags/example_short_circuit_decorator.py took 0.124 seconds
[2026-03-29T21:42:15.939+0000] {processor.py:161} INFO - Started process (PID=1234) to work on /home/airflow/.local/lib/python3.12/site-packages/airflow/example_dags/example_short_circuit_decorator.py
[2026-03-29T21:42:15.943+0000] {processor.py:830} INFO - Processing file /home/airflow/.local/lib/python3.12/site-packages/airflow/example_dags/example_short_circuit_decorator.py for tasks to queue
[2026-03-29T21:42:15.944+0000] {logging_mixin.py:188} INFO - [2026-03-29T21:42:15.944+0000] {dagbag.py:545} INFO - Filling up the DagBag from /home/airflow/.local/lib/python3.12/site-packages/airflow/example_dags/example_short_circuit_decorator.py
[2026-03-29T21:42:15.959+0000] {processor.py:840} INFO - DAG(s) 'example_short_circuit_decorator' retrieved from /home/airflow/.local/lib/python3.12/site-packages/airflow/example_dags/example_short_circuit_decorator.py
[2026-03-29T21:42:15.992+0000] {logging_mixin.py:188} INFO - [2026-03-29T21:42:15.992+0000] {dag.py:3089} INFO - Sync 1 DAGs
[2026-03-29T21:42:16.067+0000] {logging_mixin.py:188} INFO - [2026-03-29T21:42:16.067+0000] {dag.py:3947} INFO - Setting next_dagrun for example_short_circuit_decorator to 2026-03-28 00:00:00+00:00, run_after=2026-03-29 00:00:00+00:00
[2026-03-29T21:42:16.099+0000] {processor.py:183} INFO - Processing /home/airflow/.local/lib/python3.12/site-packages/airflow/example_dags/example_short_circuit_decorator.py took 0.166 seconds
[2026-03-29T21:42:46.335+0000] {processor.py:161} INFO - Started process (PID=1286) to work on /home/airflow/.local/lib/python3.12/site-packages/airflow/example_dags/example_short_circuit_decorator.py
[2026-03-29T21:42:46.337+0000] {processor.py:830} INFO - Processing file /home/airflow/.local/lib/python3.12/site-packages/airflow/example_dags/example_short_circuit_decorator.py for tasks to queue
[2026-03-29T21:42:46.341+0000] {logging_mixin.py:188} INFO - [2026-03-29T21:42:46.340+0000] {dagbag.py:545} INFO - Filling up the DagBag from /home/airflow/.local/lib/python3.12/site-packages/airflow/example_dags/example_short_circuit_decorator.py
[2026-03-29T21:42:46.354+0000] {processor.py:840} INFO - DAG(s) 'example_short_circuit_decorator' retrieved from /home/airflow/.local/lib/python3.12/site-packages/airflow/example_dags/example_short_circuit_decorator.py
[2026-03-29T21:42:46.376+0000] {logging_mixin.py:188} INFO - [2026-03-29T21:42:46.376+0000] {dag.py:3089} INFO - Sync 1 DAGs
[2026-03-29T21:42:46.398+0000] {logging_mixin.py:188} INFO - [2026-03-29T21:42:46.398+0000] {dag.py:3947} INFO - Setting next_dagrun for example_short_circuit_decorator to 2026-03-28 00:00:00+00:00, run_after=2026-03-29 00:00:00+00:00
[2026-03-29T21:42:46.418+0000] {processor.py:183} INFO - Processing /home/airflow/.local/lib/python3.12/site-packages/airflow/example_dags/example_short_circuit_decorator.py took 0.091 seconds
[2026-03-29T21:43:16.567+0000] {processor.py:161} INFO - Started process (PID=1338) to work on /home/airflow/.local/lib/python3.12/site-packages/airflow/example_dags/example_short_circuit_decorator.py
[2026-03-29T21:43:16.569+0000] {processor.py:830} INFO - Processing file /home/airflow/.local/lib/python3.12/site-packages/airflow/example_dags/example_short_circuit_decorator.py for tasks to queue
[2026-03-29T21:43:16.571+0000] {logging_mixin.py:188} INFO - [2026-03-29T21:43:16.571+0000] {dagbag.py:545} INFO - Filling up the DagBag from /home/airflow/.local/lib/python3.12/site-packages/airflow/example_dags/example_short_circuit_decorator.py
[2026-03-29T21:43:16.581+0000] {processor.py:840} INFO - DAG(s) 'example_short_circuit_decorator' retrieved from /home/airflow/.local/lib/python3.12/site-packages/airflow/example_dags/example_short_circuit_decorator.py
[2026-03-29T21:43:16.605+0000] {logging_mixin.py:188} INFO - [2026-03-29T21:43:16.605+0000] {dag.py:3089} INFO - Sync 1 DAGs
[2026-03-29T21:43:16.625+0000] {logging_mixin.py:188} INFO - [2026-03-29T21:43:16.625+0000] {dag.py:3947} INFO - Setting next_dagrun for example_short_circuit_decorator to 2026-03-28 00:00:00+00:00, run_after=2026-03-29 00:00:00+00:00
[2026-03-29T21:43:16.639+0000] {processor.py:183} INFO - Processing /home/airflow/.local/lib/python3.12/site-packages/airflow/example_dags/example_short_circuit_decorator.py took 0.078 seconds
[2026-03-29T21:43:46.770+0000] {processor.py:161} INFO - Started process (PID=1390) to work on /home/airflow/.local/lib/python3.12/site-packages/airflow/example_dags/example_short_circuit_decorator.py
[2026-03-29T21:43:46.770+0000] {processor.py:830} INFO - Processing file /home/airflow/.local/lib/python3.12/site-packages/airflow/example_dags/example_short_circuit_decorator.py for tasks to queue
[2026-03-29T21:43:46.772+0000] {logging_mixin.py:188} INFO - [2026-03-29T21:43:46.771+0000] {dagbag.py:545} INFO - Filling up the DagBag from /home/airflow/.local/lib/python3.12/site-packages/airflow/example_dags/example_short_circuit_decorator.py
[2026-03-29T21:43:46.778+0000] {processor.py:840} INFO - DAG(s) 'example_short_circuit_decorator' retrieved from /home/airflow/.local/lib/python3.12/site-packages/airflow/example_dags/example_short_circuit_decorator.py
[2026-03-29T21:43:46.794+0000] {logging_mixin.py:188} INFO - [2026-03-29T21:43:46.793+0000] {dag.py:3089} INFO - Sync 1 DAGs
[2026-03-29T21:43:46.809+0000] {logging_mixin.py:188} INFO - [2026-03-29T21:43:46.809+0000] {dag.py:3947} INFO - Setting next_dagrun for example_short_circuit_decorator to 2026-03-28 00:00:00+00:00, run_after=2026-03-29 00:00:00+00:00
[2026-03-29T21:43:46.821+0000] {processor.py:183} INFO - Processing /home/airflow/.local/lib/python3.12/site-packages/airflow/example_dags/example_short_circuit_decorator.py took 0.056 seconds
[2026-03-29T21:44:17.444+0000] {processor.py:161} INFO - Started process (PID=1440) to work on /home/airflow/.local/lib/python3.12/site-packages/airflow/example_dags/example_short_circuit_decorator.py
[2026-03-29T21:44:17.445+0000] {processor.py:830} INFO - Processing file /home/airflow/.local/lib/python3.12/site-packages/airflow/example_dags/example_short_circuit_decorator.py for tasks to queue
[2026-03-29T21:44:17.446+0000] {logging_mixin.py:188} INFO - [2026-03-29T21:44:17.446+0000] {dagbag.py:545} INFO - Filling up the DagBag from /home/airflow/.local/lib/python3.12/site-packages/airflow/example_dags/example_short_circuit_decorator.py
[2026-03-29T21:44:17.454+0000] {processor.py:840} INFO - DAG(s) 'example_short_circuit_decorator' retrieved from /home/airflow/.local/lib/python3.12/site-packages/airflow/example_dags/example_short_circuit_decorator.py
[2026-03-29T21:44:17.475+0000] {logging_mixin.py:188} INFO - [2026-03-29T21:44:17.475+0000] {dag.py:3089} INFO - Sync 1 DAGs
[2026-03-29T21:44:17.501+0000] {logging_mixin.py:188} INFO - [2026-03-29T21:44:17.501+0000] {dag.py:3947} INFO - Setting next_dagrun for example_short_circuit_decorator to 2026-03-28 00:00:00+00:00, run_after=2026-03-29 00:00:00+00:00
[2026-03-29T21:44:17.522+0000] {processor.py:183} INFO - Processing /home/airflow/.local/lib/python3.12/site-packages/airflow/example_dags/example_short_circuit_decorator.py took 0.083 seconds
[2026-03-29T21:44:47.835+0000] {processor.py:161} INFO - Started process (PID=1492) to work on /home/airflow/.local/lib/python3.12/site-packages/airflow/example_dags/example_short_circuit_decorator.py
[2026-03-29T21:44:47.836+0000] {processor.py:830} INFO - Processing file /home/airflow/.local/lib/python3.12/site-packages/airflow/example_dags/example_short_circuit_decorator.py for tasks to queue
[2026-03-29T21:44:47.839+0000] {logging_mixin.py:188} INFO - [2026-03-29T21:44:47.838+0000] {dagbag.py:545} INFO - Filling up the DagBag from /home/airflow/.local/lib/python3.12/site-packages/airflow/example_dags/example_short_circuit_decorator.py
[2026-03-29T21:44:47.845+0000] {processor.py:840} INFO - DAG(s) 'example_short_circuit_decorator' retrieved from /home/airflow/.local/lib/python3.12/site-packages/airflow/example_dags/example_short_circuit_decorator.py
[2026-03-29T21:44:47.866+0000] {logging_mixin.py:188} INFO - [2026-03-29T21:44:47.865+0000] {dag.py:3089} INFO - Sync 1 DAGs
[2026-03-29T21:44:47.887+0000] {logging_mixin.py:188} INFO - [2026-03-29T21:44:47.886+0000] {dag.py:3947} INFO - Setting next_dagrun for example_short_circuit_decorator to 2026-03-28 00:00:00+00:00, run_after=2026-03-29 00:00:00+00:00
[2026-03-29T21:44:47.914+0000] {processor.py:183} INFO - Processing /home/airflow/.local/lib/python3.12/site-packages/airflow/example_dags/example_short_circuit_decorator.py took 0.084 seconds
[2026-03-29T21:45:19.049+0000] {processor.py:161} INFO - Started process (PID=1544) to work on /home/airflow/.local/lib/python3.12/site-packages/airflow/example_dags/example_short_circuit_decorator.py
[2026-03-29T21:45:19.051+0000] {processor.py:830} INFO - Processing file /home/airflow/.local/lib/python3.12/site-packages/airflow/example_dags/example_short_circuit_decorator.py for tasks to queue
[2026-03-29T21:45:19.052+0000] {logging_mixin.py:188} INFO - [2026-03-29T21:45:19.052+0000] {dagbag.py:545} INFO - Filling up the DagBag from /home/airflow/.local/lib/python3.12/site-packages/airflow/example_dags/example_short_circuit_decorator.py
[2026-03-29T21:45:19.060+0000] {processor.py:840} INFO - DAG(s) 'example_short_circuit_decorator' retrieved from /home/airflow/.local/lib/python3.12/site-packages/airflow/example_dags/example_short_circuit_decorator.py
[2026-03-29T21:45:19.086+0000] {logging_mixin.py:188} INFO - [2026-03-29T21:45:19.085+0000] {dag.py:3089} INFO - Sync 1 DAGs
[2026-03-29T21:45:19.108+0000] {logging_mixin.py:188} INFO - [2026-03-29T21:45:19.108+0000] {dag.py:3947} INFO - Setting next_dagrun for example_short_circuit_decorator to 2026-03-28 00:00:00+00:00, run_after=2026-03-29 00:00:00+00:00
[2026-03-29T21:45:19.124+0000] {processor.py:183} INFO - Processing /home/airflow/.local/lib/python3.12/site-packages/airflow/example_dags/example_short_circuit_decorator.py took 0.080 seconds
[2026-03-29T21:45:50.105+0000] {processor.py:161} INFO - Started process (PID=1596) to work on /home/airflow/.local/lib/python3.12/site-packages/airflow/example_dags/example_short_circuit_decorator.py
[2026-03-29T21:45:50.109+0000] {processor.py:830} INFO - Processing file /home/airflow/.local/lib/python3.12/site-packages/airflow/example_dags/example_short_circuit_decorator.py for tasks to queue
[2026-03-29T21:45:50.114+0000] {logging_mixin.py:188} INFO - [2026-03-29T21:45:50.113+0000] {dagbag.py:545} INFO - Filling up the DagBag from /home/airflow/.local/lib/python3.12/site-packages/airflow/example_dags/example_short_circuit_decorator.py
[2026-03-29T21:45:50.127+0000] {processor.py:840} INFO - DAG(s) 'example_short_circuit_decorator' retrieved from /home/airflow/.local/lib/python3.12/site-packages/airflow/example_dags/example_short_circuit_decorator.py
[2026-03-29T21:45:50.164+0000] {logging_mixin.py:188} INFO - [2026-03-29T21:45:50.163+0000] {dag.py:3089} INFO - Sync 1 DAGs
[2026-03-29T21:45:50.197+0000] {logging_mixin.py:188} INFO - [2026-03-29T21:45:50.196+0000] {dag.py:3947} INFO - Setting next_dagrun for example_short_circuit_decorator to 2026-03-28 00:00:00+00:00, run_after=2026-03-29 00:00:00+00:00
[2026-03-29T21:45:50.235+0000] {processor.py:183} INFO - Processing /home/airflow/.local/lib/python3.12/site-packages/airflow/example_dags/example_short_circuit_decorator.py took 0.138 seconds
[2026-03-29T21:46:21.241+0000] {processor.py:161} INFO - Started process (PID=1648) to work on /home/airflow/.local/lib/python3.12/site-packages/airflow/example_dags/example_short_circuit_decorator.py
[2026-03-29T21:46:21.244+0000] {processor.py:830} INFO - Processing file /home/airflow/.local/lib/python3.12/site-packages/airflow/example_dags/example_short_circuit_decorator.py for tasks to queue
[2026-03-29T21:46:21.246+0000] {logging_mixin.py:188} INFO - [2026-03-29T21:46:21.246+0000] {dagbag.py:545} INFO - Filling up the DagBag from /home/airflow/.local/lib/python3.12/site-packages/airflow/example_dags/example_short_circuit_decorator.py
[2026-03-29T21:46:21.264+0000] {processor.py:840} INFO - DAG(s) 'example_short_circuit_decorator' retrieved from /home/airflow/.local/lib/python3.12/site-packages/airflow/example_dags/example_short_circuit_decorator.py
[2026-03-29T21:46:21.290+0000] {logging_mixin.py:188} INFO - [2026-03-29T21:46:21.290+0000] {dag.py:3089} INFO - Sync 1 DAGs
[2026-03-29T21:46:21.310+0000] {logging_mixin.py:188} INFO - [2026-03-29T21:46:21.310+0000] {dag.py:3947} INFO - Setting next_dagrun for example_short_circuit_decorator to 2026-03-28 00:00:00+00:00, run_after=2026-03-29 00:00:00+00:00
[2026-03-29T21:46:21.329+0000] {processor.py:183} INFO - Processing /home/airflow/.local/lib/python3.12/site-packages/airflow/example_dags/example_short_circuit_decorator.py took 0.092 seconds
[2026-03-29T21:46:52.945+0000] {processor.py:161} INFO - Started process (PID=1700) to work on /home/airflow/.local/lib/python3.12/site-packages/airflow/example_dags/example_short_circuit_decorator.py
[2026-03-29T21:46:52.946+0000] {processor.py:830} INFO - Processing file /home/airflow/.local/lib/python3.12/site-packages/airflow/example_dags/example_short_circuit_decorator.py for tasks to queue
[2026-03-29T21:46:52.947+0000] {logging_mixin.py:188} INFO - [2026-03-29T21:46:52.947+0000] {dagbag.py:545} INFO - Filling up the DagBag from /home/airflow/.local/lib/python3.12/site-packages/airflow/example_dags/example_short_circuit_decorator.py
[2026-03-29T21:46:52.954+0000] {processor.py:840} INFO - DAG(s) 'example_short_circuit_decorator' retrieved from /home/airflow/.local/lib/python3.12/site-packages/airflow/example_dags/example_short_circuit_decorator.py
[2026-03-29T21:46:52.971+0000] {logging_mixin.py:188} INFO - [2026-03-29T21:46:52.971+0000] {dag.py:3089} INFO - Sync 1 DAGs
[2026-03-29T21:46:52.987+0000] {logging_mixin.py:188} INFO - [2026-03-29T21:46:52.987+0000] {dag.py:3947} INFO - Setting next_dagrun for example_short_circuit_decorator to 2026-03-28 00:00:00+00:00, run_after=2026-03-29 00:00:00+00:00
[2026-03-29T21:46:53.135+0000] {processor.py:183} INFO - Processing /home/airflow/.local/lib/python3.12/site-packages/airflow/example_dags/example_short_circuit_decorator.py took 0.195 seconds
[2026-03-29T21:47:23.438+0000] {processor.py:161} INFO - Started process (PID=1752) to work on /home/airflow/.local/lib/python3.12/site-packages/airflow/example_dags/example_short_circuit_decorator.py
[2026-03-29T21:47:23.439+0000] {processor.py:830} INFO - Processing file /home/airflow/.local/lib/python3.12/site-packages/airflow/example_dags/example_short_circuit_decorator.py for tasks to queue
[2026-03-29T21:47:23.442+0000] {logging_mixin.py:188} INFO - [2026-03-29T21:47:23.442+0000] {dagbag.py:545} INFO - Filling up the DagBag from /home/airflow/.local/lib/python3.12/site-packages/airflow/example_dags/example_short_circuit_decorator.py
[2026-03-29T21:47:23.450+0000] {processor.py:840} INFO - DAG(s) 'example_short_circuit_decorator' retrieved from /home/airflow/.local/lib/python3.12/site-packages/airflow/example_dags/example_short_circuit_decorator.py
[2026-03-29T21:47:23.472+0000] {logging_mixin.py:188} INFO - [2026-03-29T21:47:23.472+0000] {dag.py:3089} INFO - Sync 1 DAGs
[2026-03-29T21:47:23.490+0000] {logging_mixin.py:188} INFO - [2026-03-29T21:47:23.490+0000] {dag.py:3947} INFO - Setting next_dagrun for example_short_circuit_decorator to 2026-03-28 00:00:00+00:00, run_after=2026-03-29 00:00:00+00:00
[2026-03-29T21:47:23.505+0000] {processor.py:183} INFO - Processing /home/airflow/.local/lib/python3.12/site-packages/airflow/example_dags/example_short_circuit_decorator.py took 0.071 seconds
[2026-03-29T21:47:54.579+0000] {processor.py:161} INFO - Started process (PID=1804) to work on /home/airflow/.local/lib/python3.12/site-packages/airflow/example_dags/example_short_circuit_decorator.py
[2026-03-29T21:47:54.579+0000] {processor.py:830} INFO - Processing file /home/airflow/.local/lib/python3.12/site-packages/airflow/example_dags/example_short_circuit_decorator.py for tasks to queue
[2026-03-29T21:47:54.581+0000] {logging_mixin.py:188} INFO - [2026-03-29T21:47:54.580+0000] {dagbag.py:545} INFO - Filling up the DagBag from /home/airflow/.local/lib/python3.12/site-packages/airflow/example_dags/example_short_circuit_decorator.py
[2026-03-29T21:47:54.587+0000] {processor.py:840} INFO - DAG(s) 'example_short_circuit_decorator' retrieved from /home/airflow/.local/lib/python3.12/site-packages/airflow/example_dags/example_short_circuit_decorator.py
[2026-03-29T21:47:54.602+0000] {logging_mixin.py:188} INFO - [2026-03-29T21:47:54.602+0000] {dag.py:3089} INFO - Sync 1 DAGs
[2026-03-29T21:47:54.617+0000] {logging_mixin.py:188} INFO - [2026-03-29T21:47:54.616+0000] {dag.py:3947} INFO - Setting next_dagrun for example_short_circuit_decorator to 2026-03-28 00:00:00+00:00, run_after=2026-03-29 00:00:00+00:00
[2026-03-29T21:47:54.627+0000] {processor.py:183} INFO - Processing /home/airflow/.local/lib/python3.12/site-packages/airflow/example_dags/example_short_circuit_decorator.py took 0.053 seconds
[2026-03-29T21:48:25.457+0000] {processor.py:161} INFO - Started process (PID=1856) to work on /home/airflow/.local/lib/python3.12/site-packages/airflow/example_dags/example_short_circuit_decorator.py
[2026-03-29T21:48:25.458+0000] {processor.py:830} INFO - Processing file /home/airflow/.local/lib/python3.12/site-packages/airflow/example_dags/example_short_circuit_decorator.py for tasks to queue
[2026-03-29T21:48:25.459+0000] {logging_mixin.py:188} INFO - [2026-03-29T21:48:25.459+0000] {dagbag.py:545} INFO - Filling up the DagBag from /home/airflow/.local/lib/python3.12/site-packages/airflow/example_dags/example_short_circuit_decorator.py
[2026-03-29T21:48:25.465+0000] {processor.py:840} INFO - DAG(s) 'example_short_circuit_decorator' retrieved from /home/airflow/.local/lib/python3.12/site-packages/airflow/example_dags/example_short_circuit_decorator.py
[2026-03-29T21:48:25.482+0000] {logging_mixin.py:188} INFO - [2026-03-29T21:48:25.482+0000] {dag.py:3089} INFO - Sync 1 DAGs
[2026-03-29T21:48:25.497+0000] {logging_mixin.py:188} INFO - [2026-03-29T21:48:25.497+0000] {dag.py:3947} INFO - Setting next_dagrun for example_short_circuit_decorator to 2026-03-28 00:00:00+00:00, run_after=2026-03-29 00:00:00+00:00
[2026-03-29T21:48:25.508+0000] {processor.py:183} INFO - Processing /home/airflow/.local/lib/python3.12/site-packages/airflow/example_dags/example_short_circuit_decorator.py took 0.057 seconds
[2026-03-29T21:48:58.088+0000] {processor.py:161} INFO - Started process (PID=1908) to work on /home/airflow/.local/lib/python3.12/site-packages/airflow/example_dags/example_short_circuit_decorator.py
[2026-03-29T21:48:58.089+0000] {processor.py:830} INFO - Processing file /home/airflow/.local/lib/python3.12/site-packages/airflow/example_dags/example_short_circuit_decorator.py for tasks to queue
[2026-03-29T21:48:58.091+0000] {logging_mixin.py:188} INFO - [2026-03-29T21:48:58.091+0000] {dagbag.py:545} INFO - Filling up the DagBag from /home/airflow/.local/lib/python3.12/site-packages/airflow/example_dags/example_short_circuit_decorator.py
[2026-03-29T21:48:58.100+0000] {processor.py:840} INFO - DAG(s) 'example_short_circuit_decorator' retrieved from /home/airflow/.local/lib/python3.12/site-packages/airflow/example_dags/example_short_circuit_decorator.py
[2026-03-29T21:48:58.127+0000] {logging_mixin.py:188} INFO - [2026-03-29T21:48:58.127+0000] {dag.py:3089} INFO - Sync 1 DAGs
[2026-03-29T21:48:58.295+0000] {logging_mixin.py:188} INFO - [2026-03-29T21:48:58.294+0000] {dag.py:3947} INFO - Setting next_dagrun for example_short_circuit_decorator to 2026-03-28 00:00:00+00:00, run_after=2026-03-29 00:00:00+00:00
[2026-03-29T21:48:58.319+0000] {processor.py:183} INFO - Processing /home/airflow/.local/lib/python3.12/site-packages/airflow/example_dags/example_short_circuit_decorator.py took 0.238 seconds
[2026-03-29T21:49:29.125+0000] {processor.py:161} INFO - Started process (PID=1960) to work on /home/airflow/.local/lib/python3.12/site-packages/airflow/example_dags/example_short_circuit_decorator.py
[2026-03-29T21:49:29.126+0000] {processor.py:830} INFO - Processing file /home/airflow/.local/lib/python3.12/site-packages/airflow/example_dags/example_short_circuit_decorator.py for tasks to queue
[2026-03-29T21:49:29.128+0000] {logging_mixin.py:188} INFO - [2026-03-29T21:49:29.127+0000] {dagbag.py:545} INFO - Filling up the DagBag from /home/airflow/.local/lib/python3.12/site-packages/airflow/example_dags/example_short_circuit_decorator.py
[2026-03-29T21:49:29.134+0000] {processor.py:840} INFO - DAG(s) 'example_short_circuit_decorator' retrieved from /home/airflow/.local/lib/python3.12/site-packages/airflow/example_dags/example_short_circuit_decorator.py
[2026-03-29T21:49:29.153+0000] {logging_mixin.py:188} INFO - [2026-03-29T21:49:29.153+0000] {dag.py:3089} INFO - Sync 1 DAGs
[2026-03-29T21:49:29.286+0000] {logging_mixin.py:188} INFO - [2026-03-29T21:49:29.286+0000] {dag.py:3947} INFO - Setting next_dagrun for example_short_circuit_decorator to 2026-03-28 00:00:00+00:00, run_after=2026-03-29 00:00:00+00:00
[2026-03-29T21:49:29.298+0000] {processor.py:183} INFO - Processing /home/airflow/.local/lib/python3.12/site-packages/airflow/example_dags/example_short_circuit_decorator.py took 0.177 seconds
