[2026-03-29T21:30:36.268+0000] {processor.py:161} INFO - Started process (PID=72) to work on /home/airflow/.local/lib/python3.12/site-packages/airflow/example_dags/example_external_task_marker_dag.py
[2026-03-29T21:30:36.270+0000] {processor.py:830} INFO - Processing file /home/airflow/.local/lib/python3.12/site-packages/airflow/example_dags/example_external_task_marker_dag.py for tasks to queue
[2026-03-29T21:30:36.274+0000] {logging_mixin.py:188} INFO - [2026-03-29T21:30:36.274+0000] {dagbag.py:545} INFO - Filling up the DagBag from /home/airflow/.local/lib/python3.12/site-packages/airflow/example_dags/example_external_task_marker_dag.py
[2026-03-29T21:30:36.287+0000] {processor.py:840} INFO - DAG(s) 'example_external_task_marker_child', 'example_external_task_marker_parent' retrieved from /home/airflow/.local/lib/python3.12/site-packages/airflow/example_dags/example_external_task_marker_dag.py
[2026-03-29T21:30:36.313+0000] {logging_mixin.py:188} INFO - [2026-03-29T21:30:36.312+0000] {dag.py:3089} INFO - Sync 2 DAGs
[2026-03-29T21:30:36.347+0000] {logging_mixin.py:188} INFO - [2026-03-29T21:30:36.346+0000] {dag.py:3947} INFO - Setting next_dagrun for example_external_task_marker_child to None, run_after=None
[2026-03-29T21:30:36.354+0000] {logging_mixin.py:188} INFO - [2026-03-29T21:30:36.353+0000] {dag.py:3947} INFO - Setting next_dagrun for example_external_task_marker_parent to None, run_after=None
[2026-03-29T21:30:36.401+0000] {processor.py:183} INFO - Processing /home/airflow/.local/lib/python3.12/site-packages/airflow/example_dags/example_external_task_marker_dag.py took 0.143 seconds
[2026-03-29T21:31:06.876+0000] {processor.py:161} INFO - Started process (PID=124) to work on /home/airflow/.local/lib/python3.12/site-packages/airflow/example_dags/example_external_task_marker_dag.py
[2026-03-29T21:31:06.878+0000] {processor.py:830} INFO - Processing file /home/airflow/.local/lib/python3.12/site-packages/airflow/example_dags/example_external_task_marker_dag.py for tasks to queue
[2026-03-29T21:31:06.882+0000] {logging_mixin.py:188} INFO - [2026-03-29T21:31:06.880+0000] {dagbag.py:545} INFO - Filling up the DagBag from /home/airflow/.local/lib/python3.12/site-packages/airflow/example_dags/example_external_task_marker_dag.py
[2026-03-29T21:31:06.894+0000] {processor.py:840} INFO - DAG(s) 'example_external_task_marker_parent', 'example_external_task_marker_child' retrieved from /home/airflow/.local/lib/python3.12/site-packages/airflow/example_dags/example_external_task_marker_dag.py
[2026-03-29T21:31:07.109+0000] {logging_mixin.py:188} INFO - [2026-03-29T21:31:07.108+0000] {dag.py:3089} INFO - Sync 2 DAGs
[2026-03-29T21:31:07.130+0000] {logging_mixin.py:188} INFO - [2026-03-29T21:31:07.129+0000] {dag.py:3947} INFO - Setting next_dagrun for example_external_task_marker_child to None, run_after=None
[2026-03-29T21:31:07.137+0000] {logging_mixin.py:188} INFO - [2026-03-29T21:31:07.137+0000] {dag.py:3947} INFO - Setting next_dagrun for example_external_task_marker_parent to None, run_after=None
[2026-03-29T21:31:07.163+0000] {processor.py:183} INFO - Processing /home/airflow/.local/lib/python3.12/site-packages/airflow/example_dags/example_external_task_marker_dag.py took 0.294 seconds
[2026-03-29T21:31:37.471+0000] {processor.py:161} INFO - Started process (PID=176) to work on /home/airflow/.local/lib/python3.12/site-packages/airflow/example_dags/example_external_task_marker_dag.py
[2026-03-29T21:31:37.472+0000] {processor.py:830} INFO - Processing file /home/airflow/.local/lib/python3.12/site-packages/airflow/example_dags/example_external_task_marker_dag.py for tasks to queue
[2026-03-29T21:31:37.473+0000] {logging_mixin.py:188} INFO - [2026-03-29T21:31:37.473+0000] {dagbag.py:545} INFO - Filling up the DagBag from /home/airflow/.local/lib/python3.12/site-packages/airflow/example_dags/example_external_task_marker_dag.py
[2026-03-29T21:31:37.478+0000] {processor.py:840} INFO - DAG(s) 'example_external_task_marker_parent', 'example_external_task_marker_child' retrieved from /home/airflow/.local/lib/python3.12/site-packages/airflow/example_dags/example_external_task_marker_dag.py
[2026-03-29T21:31:37.498+0000] {logging_mixin.py:188} INFO - [2026-03-29T21:31:37.497+0000] {dag.py:3089} INFO - Sync 2 DAGs
[2026-03-29T21:31:37.509+0000] {logging_mixin.py:188} INFO - [2026-03-29T21:31:37.509+0000] {dag.py:3947} INFO - Setting next_dagrun for example_external_task_marker_child to None, run_after=None
[2026-03-29T21:31:37.512+0000] {logging_mixin.py:188} INFO - [2026-03-29T21:31:37.512+0000] {dag.py:3947} INFO - Setting next_dagrun for example_external_task_marker_parent to None, run_after=None
[2026-03-29T21:31:37.529+0000] {processor.py:183} INFO - Processing /home/airflow/.local/lib/python3.12/site-packages/airflow/example_dags/example_external_task_marker_dag.py took 0.062 seconds
[2026-03-29T21:32:08.327+0000] {processor.py:161} INFO - Started process (PID=228) to work on /home/airflow/.local/lib/python3.12/site-packages/airflow/example_dags/example_external_task_marker_dag.py
[2026-03-29T21:32:08.328+0000] {processor.py:830} INFO - Processing file /home/airflow/.local/lib/python3.12/site-packages/airflow/example_dags/example_external_task_marker_dag.py for tasks to queue
[2026-03-29T21:32:08.330+0000] {logging_mixin.py:188} INFO - [2026-03-29T21:32:08.329+0000] {dagbag.py:545} INFO - Filling up the DagBag from /home/airflow/.local/lib/python3.12/site-packages/airflow/example_dags/example_external_task_marker_dag.py
[2026-03-29T21:32:08.334+0000] {processor.py:840} INFO - DAG(s) 'example_external_task_marker_child', 'example_external_task_marker_parent' retrieved from /home/airflow/.local/lib/python3.12/site-packages/airflow/example_dags/example_external_task_marker_dag.py
[2026-03-29T21:32:08.354+0000] {logging_mixin.py:188} INFO - [2026-03-29T21:32:08.354+0000] {dag.py:3089} INFO - Sync 2 DAGs
[2026-03-29T21:32:08.364+0000] {logging_mixin.py:188} INFO - [2026-03-29T21:32:08.364+0000] {dag.py:3947} INFO - Setting next_dagrun for example_external_task_marker_child to None, run_after=None
[2026-03-29T21:32:08.367+0000] {logging_mixin.py:188} INFO - [2026-03-29T21:32:08.367+0000] {dag.py:3947} INFO - Setting next_dagrun for example_external_task_marker_parent to None, run_after=None
[2026-03-29T21:32:08.382+0000] {processor.py:183} INFO - Processing /home/airflow/.local/lib/python3.12/site-packages/airflow/example_dags/example_external_task_marker_dag.py took 0.061 seconds
[2026-03-29T21:32:38.913+0000] {processor.py:161} INFO - Started process (PID=280) to work on /home/airflow/.local/lib/python3.12/site-packages/airflow/example_dags/example_external_task_marker_dag.py
[2026-03-29T21:32:38.914+0000] {processor.py:830} INFO - Processing file /home/airflow/.local/lib/python3.12/site-packages/airflow/example_dags/example_external_task_marker_dag.py for tasks to queue
[2026-03-29T21:32:38.916+0000] {logging_mixin.py:188} INFO - [2026-03-29T21:32:38.916+0000] {dagbag.py:545} INFO - Filling up the DagBag from /home/airflow/.local/lib/python3.12/site-packages/airflow/example_dags/example_external_task_marker_dag.py
[2026-03-29T21:32:38.921+0000] {processor.py:840} INFO - DAG(s) 'example_external_task_marker_parent', 'example_external_task_marker_child' retrieved from /home/airflow/.local/lib/python3.12/site-packages/airflow/example_dags/example_external_task_marker_dag.py
[2026-03-29T21:32:38.944+0000] {logging_mixin.py:188} INFO - [2026-03-29T21:32:38.944+0000] {dag.py:3089} INFO - Sync 2 DAGs
[2026-03-29T21:32:38.955+0000] {logging_mixin.py:188} INFO - [2026-03-29T21:32:38.955+0000] {dag.py:3947} INFO - Setting next_dagrun for example_external_task_marker_child to None, run_after=None
[2026-03-29T21:32:38.959+0000] {logging_mixin.py:188} INFO - [2026-03-29T21:32:38.959+0000] {dag.py:3947} INFO - Setting next_dagrun for example_external_task_marker_parent to None, run_after=None
[2026-03-29T21:32:38.973+0000] {processor.py:183} INFO - Processing /home/airflow/.local/lib/python3.12/site-packages/airflow/example_dags/example_external_task_marker_dag.py took 0.065 seconds
[2026-03-29T21:33:09.568+0000] {processor.py:161} INFO - Started process (PID=332) to work on /home/airflow/.local/lib/python3.12/site-packages/airflow/example_dags/example_external_task_marker_dag.py
[2026-03-29T21:33:09.569+0000] {processor.py:830} INFO - Processing file /home/airflow/.local/lib/python3.12/site-packages/airflow/example_dags/example_external_task_marker_dag.py for tasks to queue
[2026-03-29T21:33:09.570+0000] {logging_mixin.py:188} INFO - [2026-03-29T21:33:09.570+0000] {dagbag.py:545} INFO - Filling up the DagBag from /home/airflow/.local/lib/python3.12/site-packages/airflow/example_dags/example_external_task_marker_dag.py
[2026-03-29T21:33:09.574+0000] {processor.py:840} INFO - DAG(s) 'example_external_task_marker_child', 'example_external_task_marker_parent' retrieved from /home/airflow/.local/lib/python3.12/site-packages/airflow/example_dags/example_external_task_marker_dag.py
[2026-03-29T21:33:09.592+0000] {logging_mixin.py:188} INFO - [2026-03-29T21:33:09.591+0000] {dag.py:3089} INFO - Sync 2 DAGs
[2026-03-29T21:33:09.600+0000] {logging_mixin.py:188} INFO - [2026-03-29T21:33:09.600+0000] {dag.py:3947} INFO - Setting next_dagrun for example_external_task_marker_child to None, run_after=None
[2026-03-29T21:33:09.603+0000] {logging_mixin.py:188} INFO - [2026-03-29T21:33:09.603+0000] {dag.py:3947} INFO - Setting next_dagrun for example_external_task_marker_parent to None, run_after=None
[2026-03-29T21:33:09.613+0000] {processor.py:183} INFO - Processing /home/airflow/.local/lib/python3.12/site-packages/airflow/example_dags/example_external_task_marker_dag.py took 0.049 seconds
[2026-03-29T21:33:40.836+0000] {processor.py:161} INFO - Started process (PID=384) to work on /home/airflow/.local/lib/python3.12/site-packages/airflow/example_dags/example_external_task_marker_dag.py
[2026-03-29T21:33:40.838+0000] {processor.py:830} INFO - Processing file /home/airflow/.local/lib/python3.12/site-packages/airflow/example_dags/example_external_task_marker_dag.py for tasks to queue
[2026-03-29T21:33:40.841+0000] {logging_mixin.py:188} INFO - [2026-03-29T21:33:40.840+0000] {dagbag.py:545} INFO - Filling up the DagBag from /home/airflow/.local/lib/python3.12/site-packages/airflow/example_dags/example_external_task_marker_dag.py
[2026-03-29T21:33:40.848+0000] {processor.py:840} INFO - DAG(s) 'example_external_task_marker_parent', 'example_external_task_marker_child' retrieved from /home/airflow/.local/lib/python3.12/site-packages/airflow/example_dags/example_external_task_marker_dag.py
[2026-03-29T21:33:40.884+0000] {logging_mixin.py:188} INFO - [2026-03-29T21:33:40.884+0000] {dag.py:3089} INFO - Sync 2 DAGs
[2026-03-29T21:33:40.900+0000] {logging_mixin.py:188} INFO - [2026-03-29T21:33:40.899+0000] {dag.py:3947} INFO - Setting next_dagrun for example_external_task_marker_child to None, run_after=None
[2026-03-29T21:33:40.907+0000] {logging_mixin.py:188} INFO - [2026-03-29T21:33:40.906+0000] {dag.py:3947} INFO - Setting next_dagrun for example_external_task_marker_parent to None, run_after=None
[2026-03-29T21:33:40.952+0000] {processor.py:183} INFO - Processing /home/airflow/.local/lib/python3.12/site-packages/airflow/example_dags/example_external_task_marker_dag.py took 0.127 seconds
[2026-03-29T21:34:11.631+0000] {processor.py:161} INFO - Started process (PID=436) to work on /home/airflow/.local/lib/python3.12/site-packages/airflow/example_dags/example_external_task_marker_dag.py
[2026-03-29T21:34:11.632+0000] {processor.py:830} INFO - Processing file /home/airflow/.local/lib/python3.12/site-packages/airflow/example_dags/example_external_task_marker_dag.py for tasks to queue
[2026-03-29T21:34:11.633+0000] {logging_mixin.py:188} INFO - [2026-03-29T21:34:11.633+0000] {dagbag.py:545} INFO - Filling up the DagBag from /home/airflow/.local/lib/python3.12/site-packages/airflow/example_dags/example_external_task_marker_dag.py
[2026-03-29T21:34:11.646+0000] {processor.py:840} INFO - DAG(s) 'example_external_task_marker_parent', 'example_external_task_marker_child' retrieved from /home/airflow/.local/lib/python3.12/site-packages/airflow/example_dags/example_external_task_marker_dag.py
[2026-03-29T21:34:11.675+0000] {logging_mixin.py:188} INFO - [2026-03-29T21:34:11.675+0000] {dag.py:3089} INFO - Sync 2 DAGs
[2026-03-29T21:34:11.693+0000] {logging_mixin.py:188} INFO - [2026-03-29T21:34:11.693+0000] {dag.py:3947} INFO - Setting next_dagrun for example_external_task_marker_child to None, run_after=None
[2026-03-29T21:34:11.697+0000] {logging_mixin.py:188} INFO - [2026-03-29T21:34:11.697+0000] {dag.py:3947} INFO - Setting next_dagrun for example_external_task_marker_parent to None, run_after=None
[2026-03-29T21:34:11.718+0000] {processor.py:183} INFO - Processing /home/airflow/.local/lib/python3.12/site-packages/airflow/example_dags/example_external_task_marker_dag.py took 0.092 seconds
[2026-03-29T21:34:42.478+0000] {processor.py:161} INFO - Started process (PID=488) to work on /home/airflow/.local/lib/python3.12/site-packages/airflow/example_dags/example_external_task_marker_dag.py
[2026-03-29T21:34:42.479+0000] {processor.py:830} INFO - Processing file /home/airflow/.local/lib/python3.12/site-packages/airflow/example_dags/example_external_task_marker_dag.py for tasks to queue
[2026-03-29T21:34:42.483+0000] {logging_mixin.py:188} INFO - [2026-03-29T21:34:42.483+0000] {dagbag.py:545} INFO - Filling up the DagBag from /home/airflow/.local/lib/python3.12/site-packages/airflow/example_dags/example_external_task_marker_dag.py
[2026-03-29T21:34:42.490+0000] {processor.py:840} INFO - DAG(s) 'example_external_task_marker_parent', 'example_external_task_marker_child' retrieved from /home/airflow/.local/lib/python3.12/site-packages/airflow/example_dags/example_external_task_marker_dag.py
[2026-03-29T21:34:42.513+0000] {logging_mixin.py:188} INFO - [2026-03-29T21:34:42.513+0000] {dag.py:3089} INFO - Sync 2 DAGs
[2026-03-29T21:34:42.526+0000] {logging_mixin.py:188} INFO - [2026-03-29T21:34:42.526+0000] {dag.py:3947} INFO - Setting next_dagrun for example_external_task_marker_child to None, run_after=None
[2026-03-29T21:34:42.531+0000] {logging_mixin.py:188} INFO - [2026-03-29T21:34:42.531+0000] {dag.py:3947} INFO - Setting next_dagrun for example_external_task_marker_parent to None, run_after=None
[2026-03-29T21:34:42.543+0000] {processor.py:183} INFO - Processing /home/airflow/.local/lib/python3.12/site-packages/airflow/example_dags/example_external_task_marker_dag.py took 0.069 seconds
[2026-03-29T21:35:13.543+0000] {processor.py:161} INFO - Started process (PID=540) to work on /home/airflow/.local/lib/python3.12/site-packages/airflow/example_dags/example_external_task_marker_dag.py
[2026-03-29T21:35:13.546+0000] {processor.py:830} INFO - Processing file /home/airflow/.local/lib/python3.12/site-packages/airflow/example_dags/example_external_task_marker_dag.py for tasks to queue
[2026-03-29T21:35:13.548+0000] {logging_mixin.py:188} INFO - [2026-03-29T21:35:13.547+0000] {dagbag.py:545} INFO - Filling up the DagBag from /home/airflow/.local/lib/python3.12/site-packages/airflow/example_dags/example_external_task_marker_dag.py
[2026-03-29T21:35:13.555+0000] {processor.py:840} INFO - DAG(s) 'example_external_task_marker_parent', 'example_external_task_marker_child' retrieved from /home/airflow/.local/lib/python3.12/site-packages/airflow/example_dags/example_external_task_marker_dag.py
[2026-03-29T21:35:13.582+0000] {logging_mixin.py:188} INFO - [2026-03-29T21:35:13.581+0000] {dag.py:3089} INFO - Sync 2 DAGs
[2026-03-29T21:35:13.594+0000] {logging_mixin.py:188} INFO - [2026-03-29T21:35:13.594+0000] {dag.py:3947} INFO - Setting next_dagrun for example_external_task_marker_child to None, run_after=None
[2026-03-29T21:35:13.598+0000] {logging_mixin.py:188} INFO - [2026-03-29T21:35:13.598+0000] {dag.py:3947} INFO - Setting next_dagrun for example_external_task_marker_parent to None, run_after=None
[2026-03-29T21:35:13.612+0000] {processor.py:183} INFO - Processing /home/airflow/.local/lib/python3.12/site-packages/airflow/example_dags/example_external_task_marker_dag.py took 0.076 seconds
[2026-03-29T21:35:44.177+0000] {processor.py:161} INFO - Started process (PID=592) to work on /home/airflow/.local/lib/python3.12/site-packages/airflow/example_dags/example_external_task_marker_dag.py
[2026-03-29T21:35:44.178+0000] {processor.py:830} INFO - Processing file /home/airflow/.local/lib/python3.12/site-packages/airflow/example_dags/example_external_task_marker_dag.py for tasks to queue
[2026-03-29T21:35:44.179+0000] {logging_mixin.py:188} INFO - [2026-03-29T21:35:44.179+0000] {dagbag.py:545} INFO - Filling up the DagBag from /home/airflow/.local/lib/python3.12/site-packages/airflow/example_dags/example_external_task_marker_dag.py
[2026-03-29T21:35:44.185+0000] {processor.py:840} INFO - DAG(s) 'example_external_task_marker_child', 'example_external_task_marker_parent' retrieved from /home/airflow/.local/lib/python3.12/site-packages/airflow/example_dags/example_external_task_marker_dag.py
[2026-03-29T21:35:44.203+0000] {logging_mixin.py:188} INFO - [2026-03-29T21:35:44.203+0000] {dag.py:3089} INFO - Sync 2 DAGs
[2026-03-29T21:35:44.213+0000] {logging_mixin.py:188} INFO - [2026-03-29T21:35:44.213+0000] {dag.py:3947} INFO - Setting next_dagrun for example_external_task_marker_child to None, run_after=None
[2026-03-29T21:35:44.216+0000] {logging_mixin.py:188} INFO - [2026-03-29T21:35:44.216+0000] {dag.py:3947} INFO - Setting next_dagrun for example_external_task_marker_parent to None, run_after=None
[2026-03-29T21:35:44.228+0000] {processor.py:183} INFO - Processing /home/airflow/.local/lib/python3.12/site-packages/airflow/example_dags/example_external_task_marker_dag.py took 0.057 seconds
[2026-03-29T21:36:15.246+0000] {processor.py:161} INFO - Started process (PID=644) to work on /home/airflow/.local/lib/python3.12/site-packages/airflow/example_dags/example_external_task_marker_dag.py
[2026-03-29T21:36:15.247+0000] {processor.py:830} INFO - Processing file /home/airflow/.local/lib/python3.12/site-packages/airflow/example_dags/example_external_task_marker_dag.py for tasks to queue
[2026-03-29T21:36:15.249+0000] {logging_mixin.py:188} INFO - [2026-03-29T21:36:15.249+0000] {dagbag.py:545} INFO - Filling up the DagBag from /home/airflow/.local/lib/python3.12/site-packages/airflow/example_dags/example_external_task_marker_dag.py
[2026-03-29T21:36:15.256+0000] {processor.py:840} INFO - DAG(s) 'example_external_task_marker_child', 'example_external_task_marker_parent' retrieved from /home/airflow/.local/lib/python3.12/site-packages/airflow/example_dags/example_external_task_marker_dag.py
[2026-03-29T21:36:15.283+0000] {logging_mixin.py:188} INFO - [2026-03-29T21:36:15.282+0000] {dag.py:3089} INFO - Sync 2 DAGs
[2026-03-29T21:36:15.298+0000] {logging_mixin.py:188} INFO - [2026-03-29T21:36:15.297+0000] {dag.py:3947} INFO - Setting next_dagrun for example_external_task_marker_child to None, run_after=None
[2026-03-29T21:36:15.303+0000] {logging_mixin.py:188} INFO - [2026-03-29T21:36:15.303+0000] {dag.py:3947} INFO - Setting next_dagrun for example_external_task_marker_parent to None, run_after=None
[2026-03-29T21:36:15.329+0000] {processor.py:183} INFO - Processing /home/airflow/.local/lib/python3.12/site-packages/airflow/example_dags/example_external_task_marker_dag.py took 0.093 seconds
[2026-03-29T21:36:45.985+0000] {processor.py:161} INFO - Started process (PID=696) to work on /home/airflow/.local/lib/python3.12/site-packages/airflow/example_dags/example_external_task_marker_dag.py
[2026-03-29T21:36:45.985+0000] {processor.py:830} INFO - Processing file /home/airflow/.local/lib/python3.12/site-packages/airflow/example_dags/example_external_task_marker_dag.py for tasks to queue
[2026-03-29T21:36:45.987+0000] {logging_mixin.py:188} INFO - [2026-03-29T21:36:45.986+0000] {dagbag.py:545} INFO - Filling up the DagBag from /home/airflow/.local/lib/python3.12/site-packages/airflow/example_dags/example_external_task_marker_dag.py
[2026-03-29T21:36:45.991+0000] {processor.py:840} INFO - DAG(s) 'example_external_task_marker_child', 'example_external_task_marker_parent' retrieved from /home/airflow/.local/lib/python3.12/site-packages/airflow/example_dags/example_external_task_marker_dag.py
[2026-03-29T21:36:46.011+0000] {logging_mixin.py:188} INFO - [2026-03-29T21:36:46.011+0000] {dag.py:3089} INFO - Sync 2 DAGs
[2026-03-29T21:36:46.021+0000] {logging_mixin.py:188} INFO - [2026-03-29T21:36:46.021+0000] {dag.py:3947} INFO - Setting next_dagrun for example_external_task_marker_child to None, run_after=None
[2026-03-29T21:36:46.024+0000] {logging_mixin.py:188} INFO - [2026-03-29T21:36:46.024+0000] {dag.py:3947} INFO - Setting next_dagrun for example_external_task_marker_parent to None, run_after=None
[2026-03-29T21:36:46.038+0000] {processor.py:183} INFO - Processing /home/airflow/.local/lib/python3.12/site-packages/airflow/example_dags/example_external_task_marker_dag.py took 0.061 seconds
[2026-03-29T21:37:16.738+0000] {processor.py:161} INFO - Started process (PID=748) to work on /home/airflow/.local/lib/python3.12/site-packages/airflow/example_dags/example_external_task_marker_dag.py
[2026-03-29T21:37:16.738+0000] {processor.py:830} INFO - Processing file /home/airflow/.local/lib/python3.12/site-packages/airflow/example_dags/example_external_task_marker_dag.py for tasks to queue
[2026-03-29T21:37:16.740+0000] {logging_mixin.py:188} INFO - [2026-03-29T21:37:16.739+0000] {dagbag.py:545} INFO - Filling up the DagBag from /home/airflow/.local/lib/python3.12/site-packages/airflow/example_dags/example_external_task_marker_dag.py
[2026-03-29T21:37:16.744+0000] {processor.py:840} INFO - DAG(s) 'example_external_task_marker_parent', 'example_external_task_marker_child' retrieved from /home/airflow/.local/lib/python3.12/site-packages/airflow/example_dags/example_external_task_marker_dag.py
[2026-03-29T21:37:16.759+0000] {logging_mixin.py:188} INFO - [2026-03-29T21:37:16.759+0000] {dag.py:3089} INFO - Sync 2 DAGs
[2026-03-29T21:37:16.767+0000] {logging_mixin.py:188} INFO - [2026-03-29T21:37:16.767+0000] {dag.py:3947} INFO - Setting next_dagrun for example_external_task_marker_child to None, run_after=None
[2026-03-29T21:37:16.770+0000] {logging_mixin.py:188} INFO - [2026-03-29T21:37:16.770+0000] {dag.py:3947} INFO - Setting next_dagrun for example_external_task_marker_parent to None, run_after=None
[2026-03-29T21:37:16.780+0000] {processor.py:183} INFO - Processing /home/airflow/.local/lib/python3.12/site-packages/airflow/example_dags/example_external_task_marker_dag.py took 0.046 seconds
[2026-03-29T21:37:47.219+0000] {processor.py:161} INFO - Started process (PID=800) to work on /home/airflow/.local/lib/python3.12/site-packages/airflow/example_dags/example_external_task_marker_dag.py
[2026-03-29T21:37:47.220+0000] {processor.py:830} INFO - Processing file /home/airflow/.local/lib/python3.12/site-packages/airflow/example_dags/example_external_task_marker_dag.py for tasks to queue
[2026-03-29T21:37:47.222+0000] {logging_mixin.py:188} INFO - [2026-03-29T21:37:47.221+0000] {dagbag.py:545} INFO - Filling up the DagBag from /home/airflow/.local/lib/python3.12/site-packages/airflow/example_dags/example_external_task_marker_dag.py
[2026-03-29T21:37:47.227+0000] {processor.py:840} INFO - DAG(s) 'example_external_task_marker_parent', 'example_external_task_marker_child' retrieved from /home/airflow/.local/lib/python3.12/site-packages/airflow/example_dags/example_external_task_marker_dag.py
[2026-03-29T21:37:47.250+0000] {logging_mixin.py:188} INFO - [2026-03-29T21:37:47.250+0000] {dag.py:3089} INFO - Sync 2 DAGs
[2026-03-29T21:37:47.261+0000] {logging_mixin.py:188} INFO - [2026-03-29T21:37:47.261+0000] {dag.py:3947} INFO - Setting next_dagrun for example_external_task_marker_child to None, run_after=None
[2026-03-29T21:37:47.264+0000] {logging_mixin.py:188} INFO - [2026-03-29T21:37:47.264+0000] {dag.py:3947} INFO - Setting next_dagrun for example_external_task_marker_parent to None, run_after=None
[2026-03-29T21:37:47.277+0000] {processor.py:183} INFO - Processing /home/airflow/.local/lib/python3.12/site-packages/airflow/example_dags/example_external_task_marker_dag.py took 0.062 seconds
[2026-03-29T21:38:17.445+0000] {processor.py:161} INFO - Started process (PID=852) to work on /home/airflow/.local/lib/python3.12/site-packages/airflow/example_dags/example_external_task_marker_dag.py
[2026-03-29T21:38:17.446+0000] {processor.py:830} INFO - Processing file /home/airflow/.local/lib/python3.12/site-packages/airflow/example_dags/example_external_task_marker_dag.py for tasks to queue
[2026-03-29T21:38:17.447+0000] {logging_mixin.py:188} INFO - [2026-03-29T21:38:17.447+0000] {dagbag.py:545} INFO - Filling up the DagBag from /home/airflow/.local/lib/python3.12/site-packages/airflow/example_dags/example_external_task_marker_dag.py
[2026-03-29T21:38:17.451+0000] {processor.py:840} INFO - DAG(s) 'example_external_task_marker_child', 'example_external_task_marker_parent' retrieved from /home/airflow/.local/lib/python3.12/site-packages/airflow/example_dags/example_external_task_marker_dag.py
[2026-03-29T21:38:17.468+0000] {logging_mixin.py:188} INFO - [2026-03-29T21:38:17.468+0000] {dag.py:3089} INFO - Sync 2 DAGs
[2026-03-29T21:38:17.476+0000] {logging_mixin.py:188} INFO - [2026-03-29T21:38:17.476+0000] {dag.py:3947} INFO - Setting next_dagrun for example_external_task_marker_child to None, run_after=None
[2026-03-29T21:38:17.479+0000] {logging_mixin.py:188} INFO - [2026-03-29T21:38:17.479+0000] {dag.py:3947} INFO - Setting next_dagrun for example_external_task_marker_parent to None, run_after=None
[2026-03-29T21:38:17.489+0000] {processor.py:183} INFO - Processing /home/airflow/.local/lib/python3.12/site-packages/airflow/example_dags/example_external_task_marker_dag.py took 0.049 seconds
[2026-03-29T21:38:48.022+0000] {processor.py:161} INFO - Started process (PID=904) to work on /home/airflow/.local/lib/python3.12/site-packages/airflow/example_dags/example_external_task_marker_dag.py
[2026-03-29T21:38:48.023+0000] {processor.py:830} INFO - Processing file /home/airflow/.local/lib/python3.12/site-packages/airflow/example_dags/example_external_task_marker_dag.py for tasks to queue
[2026-03-29T21:38:48.025+0000] {logging_mixin.py:188} INFO - [2026-03-29T21:38:48.024+0000] {dagbag.py:545} INFO - Filling up the DagBag from /home/airflow/.local/lib/python3.12/site-packages/airflow/example_dags/example_external_task_marker_dag.py
[2026-03-29T21:38:48.029+0000] {processor.py:840} INFO - DAG(s) 'example_external_task_marker_parent', 'example_external_task_marker_child' retrieved from /home/airflow/.local/lib/python3.12/site-packages/airflow/example_dags/example_external_task_marker_dag.py
[2026-03-29T21:38:48.047+0000] {logging_mixin.py:188} INFO - [2026-03-29T21:38:48.047+0000] {dag.py:3089} INFO - Sync 2 DAGs
[2026-03-29T21:38:48.057+0000] {logging_mixin.py:188} INFO - [2026-03-29T21:38:48.056+0000] {dag.py:3947} INFO - Setting next_dagrun for example_external_task_marker_child to None, run_after=None
[2026-03-29T21:38:48.059+0000] {logging_mixin.py:188} INFO - [2026-03-29T21:38:48.059+0000] {dag.py:3947} INFO - Setting next_dagrun for example_external_task_marker_parent to None, run_after=None
[2026-03-29T21:38:48.071+0000] {processor.py:183} INFO - Processing /home/airflow/.local/lib/python3.12/site-packages/airflow/example_dags/example_external_task_marker_dag.py took 0.053 seconds
[2026-03-29T21:39:18.468+0000] {processor.py:161} INFO - Started process (PID=956) to work on /home/airflow/.local/lib/python3.12/site-packages/airflow/example_dags/example_external_task_marker_dag.py
[2026-03-29T21:39:18.470+0000] {processor.py:830} INFO - Processing file /home/airflow/.local/lib/python3.12/site-packages/airflow/example_dags/example_external_task_marker_dag.py for tasks to queue
[2026-03-29T21:39:18.471+0000] {logging_mixin.py:188} INFO - [2026-03-29T21:39:18.471+0000] {dagbag.py:545} INFO - Filling up the DagBag from /home/airflow/.local/lib/python3.12/site-packages/airflow/example_dags/example_external_task_marker_dag.py
[2026-03-29T21:39:18.476+0000] {processor.py:840} INFO - DAG(s) 'example_external_task_marker_child', 'example_external_task_marker_parent' retrieved from /home/airflow/.local/lib/python3.12/site-packages/airflow/example_dags/example_external_task_marker_dag.py
[2026-03-29T21:39:18.494+0000] {logging_mixin.py:188} INFO - [2026-03-29T21:39:18.493+0000] {dag.py:3089} INFO - Sync 2 DAGs
[2026-03-29T21:39:18.503+0000] {logging_mixin.py:188} INFO - [2026-03-29T21:39:18.503+0000] {dag.py:3947} INFO - Setting next_dagrun for example_external_task_marker_child to None, run_after=None
[2026-03-29T21:39:18.506+0000] {logging_mixin.py:188} INFO - [2026-03-29T21:39:18.506+0000] {dag.py:3947} INFO - Setting next_dagrun for example_external_task_marker_parent to None, run_after=None
[2026-03-29T21:39:18.519+0000] {processor.py:183} INFO - Processing /home/airflow/.local/lib/python3.12/site-packages/airflow/example_dags/example_external_task_marker_dag.py took 0.055 seconds
[2026-03-29T21:39:49.220+0000] {processor.py:161} INFO - Started process (PID=1008) to work on /home/airflow/.local/lib/python3.12/site-packages/airflow/example_dags/example_external_task_marker_dag.py
[2026-03-29T21:39:49.221+0000] {processor.py:830} INFO - Processing file /home/airflow/.local/lib/python3.12/site-packages/airflow/example_dags/example_external_task_marker_dag.py for tasks to queue
[2026-03-29T21:39:49.223+0000] {logging_mixin.py:188} INFO - [2026-03-29T21:39:49.223+0000] {dagbag.py:545} INFO - Filling up the DagBag from /home/airflow/.local/lib/python3.12/site-packages/airflow/example_dags/example_external_task_marker_dag.py
[2026-03-29T21:39:49.229+0000] {processor.py:840} INFO - DAG(s) 'example_external_task_marker_child', 'example_external_task_marker_parent' retrieved from /home/airflow/.local/lib/python3.12/site-packages/airflow/example_dags/example_external_task_marker_dag.py
[2026-03-29T21:39:49.247+0000] {logging_mixin.py:188} INFO - [2026-03-29T21:39:49.247+0000] {dag.py:3089} INFO - Sync 2 DAGs
[2026-03-29T21:39:49.257+0000] {logging_mixin.py:188} INFO - [2026-03-29T21:39:49.257+0000] {dag.py:3947} INFO - Setting next_dagrun for example_external_task_marker_child to None, run_after=None
[2026-03-29T21:39:49.260+0000] {logging_mixin.py:188} INFO - [2026-03-29T21:39:49.260+0000] {dag.py:3947} INFO - Setting next_dagrun for example_external_task_marker_parent to None, run_after=None
[2026-03-29T21:39:49.276+0000] {processor.py:183} INFO - Processing /home/airflow/.local/lib/python3.12/site-packages/airflow/example_dags/example_external_task_marker_dag.py took 0.061 seconds
[2026-03-29T21:40:19.990+0000] {processor.py:161} INFO - Started process (PID=1060) to work on /home/airflow/.local/lib/python3.12/site-packages/airflow/example_dags/example_external_task_marker_dag.py
[2026-03-29T21:40:19.994+0000] {processor.py:830} INFO - Processing file /home/airflow/.local/lib/python3.12/site-packages/airflow/example_dags/example_external_task_marker_dag.py for tasks to queue
[2026-03-29T21:40:19.996+0000] {logging_mixin.py:188} INFO - [2026-03-29T21:40:19.995+0000] {dagbag.py:545} INFO - Filling up the DagBag from /home/airflow/.local/lib/python3.12/site-packages/airflow/example_dags/example_external_task_marker_dag.py
[2026-03-29T21:40:20.008+0000] {processor.py:840} INFO - DAG(s) 'example_external_task_marker_parent', 'example_external_task_marker_child' retrieved from /home/airflow/.local/lib/python3.12/site-packages/airflow/example_dags/example_external_task_marker_dag.py
[2026-03-29T21:40:20.029+0000] {logging_mixin.py:188} INFO - [2026-03-29T21:40:20.029+0000] {dag.py:3089} INFO - Sync 2 DAGs
[2026-03-29T21:40:20.040+0000] {logging_mixin.py:188} INFO - [2026-03-29T21:40:20.039+0000] {dag.py:3947} INFO - Setting next_dagrun for example_external_task_marker_child to None, run_after=None
[2026-03-29T21:40:20.044+0000] {logging_mixin.py:188} INFO - [2026-03-29T21:40:20.044+0000] {dag.py:3947} INFO - Setting next_dagrun for example_external_task_marker_parent to None, run_after=None
[2026-03-29T21:40:20.058+0000] {processor.py:183} INFO - Processing /home/airflow/.local/lib/python3.12/site-packages/airflow/example_dags/example_external_task_marker_dag.py took 0.074 seconds
[2026-03-29T21:40:50.320+0000] {processor.py:161} INFO - Started process (PID=1112) to work on /home/airflow/.local/lib/python3.12/site-packages/airflow/example_dags/example_external_task_marker_dag.py
[2026-03-29T21:40:50.321+0000] {processor.py:830} INFO - Processing file /home/airflow/.local/lib/python3.12/site-packages/airflow/example_dags/example_external_task_marker_dag.py for tasks to queue
[2026-03-29T21:40:50.325+0000] {logging_mixin.py:188} INFO - [2026-03-29T21:40:50.325+0000] {dagbag.py:545} INFO - Filling up the DagBag from /home/airflow/.local/lib/python3.12/site-packages/airflow/example_dags/example_external_task_marker_dag.py
[2026-03-29T21:40:50.331+0000] {processor.py:840} INFO - DAG(s) 'example_external_task_marker_parent', 'example_external_task_marker_child' retrieved from /home/airflow/.local/lib/python3.12/site-packages/airflow/example_dags/example_external_task_marker_dag.py
[2026-03-29T21:40:50.357+0000] {logging_mixin.py:188} INFO - [2026-03-29T21:40:50.357+0000] {dag.py:3089} INFO - Sync 2 DAGs
[2026-03-29T21:40:50.367+0000] {logging_mixin.py:188} INFO - [2026-03-29T21:40:50.367+0000] {dag.py:3947} INFO - Setting next_dagrun for example_external_task_marker_child to None, run_after=None
[2026-03-29T21:40:50.370+0000] {logging_mixin.py:188} INFO - [2026-03-29T21:40:50.370+0000] {dag.py:3947} INFO - Setting next_dagrun for example_external_task_marker_parent to None, run_after=None
[2026-03-29T21:40:50.388+0000] {processor.py:183} INFO - Processing /home/airflow/.local/lib/python3.12/site-packages/airflow/example_dags/example_external_task_marker_dag.py took 0.076 seconds
[2026-03-29T21:41:20.924+0000] {processor.py:161} INFO - Started process (PID=1164) to work on /home/airflow/.local/lib/python3.12/site-packages/airflow/example_dags/example_external_task_marker_dag.py
[2026-03-29T21:41:20.925+0000] {processor.py:830} INFO - Processing file /home/airflow/.local/lib/python3.12/site-packages/airflow/example_dags/example_external_task_marker_dag.py for tasks to queue
[2026-03-29T21:41:20.928+0000] {logging_mixin.py:188} INFO - [2026-03-29T21:41:20.927+0000] {dagbag.py:545} INFO - Filling up the DagBag from /home/airflow/.local/lib/python3.12/site-packages/airflow/example_dags/example_external_task_marker_dag.py
[2026-03-29T21:41:20.934+0000] {processor.py:840} INFO - DAG(s) 'example_external_task_marker_child', 'example_external_task_marker_parent' retrieved from /home/airflow/.local/lib/python3.12/site-packages/airflow/example_dags/example_external_task_marker_dag.py
[2026-03-29T21:41:20.952+0000] {logging_mixin.py:188} INFO - [2026-03-29T21:41:20.952+0000] {dag.py:3089} INFO - Sync 2 DAGs
[2026-03-29T21:41:20.964+0000] {logging_mixin.py:188} INFO - [2026-03-29T21:41:20.963+0000] {dag.py:3947} INFO - Setting next_dagrun for example_external_task_marker_child to None, run_after=None
[2026-03-29T21:41:20.967+0000] {logging_mixin.py:188} INFO - [2026-03-29T21:41:20.967+0000] {dag.py:3947} INFO - Setting next_dagrun for example_external_task_marker_parent to None, run_after=None
[2026-03-29T21:41:20.980+0000] {processor.py:183} INFO - Processing /home/airflow/.local/lib/python3.12/site-packages/airflow/example_dags/example_external_task_marker_dag.py took 0.061 seconds
[2026-03-29T21:41:51.901+0000] {processor.py:161} INFO - Started process (PID=1216) to work on /home/airflow/.local/lib/python3.12/site-packages/airflow/example_dags/example_external_task_marker_dag.py
[2026-03-29T21:41:51.902+0000] {processor.py:830} INFO - Processing file /home/airflow/.local/lib/python3.12/site-packages/airflow/example_dags/example_external_task_marker_dag.py for tasks to queue
[2026-03-29T21:41:51.903+0000] {logging_mixin.py:188} INFO - [2026-03-29T21:41:51.903+0000] {dagbag.py:545} INFO - Filling up the DagBag from /home/airflow/.local/lib/python3.12/site-packages/airflow/example_dags/example_external_task_marker_dag.py
[2026-03-29T21:41:51.910+0000] {processor.py:840} INFO - DAG(s) 'example_external_task_marker_parent', 'example_external_task_marker_child' retrieved from /home/airflow/.local/lib/python3.12/site-packages/airflow/example_dags/example_external_task_marker_dag.py
[2026-03-29T21:41:51.933+0000] {logging_mixin.py:188} INFO - [2026-03-29T21:41:51.932+0000] {dag.py:3089} INFO - Sync 2 DAGs
[2026-03-29T21:41:51.945+0000] {logging_mixin.py:188} INFO - [2026-03-29T21:41:51.945+0000] {dag.py:3947} INFO - Setting next_dagrun for example_external_task_marker_child to None, run_after=None
[2026-03-29T21:41:51.954+0000] {logging_mixin.py:188} INFO - [2026-03-29T21:41:51.953+0000] {dag.py:3947} INFO - Setting next_dagrun for example_external_task_marker_parent to None, run_after=None
[2026-03-29T21:41:51.967+0000] {processor.py:183} INFO - Processing /home/airflow/.local/lib/python3.12/site-packages/airflow/example_dags/example_external_task_marker_dag.py took 0.072 seconds
[2026-03-29T21:42:22.220+0000] {processor.py:161} INFO - Started process (PID=1268) to work on /home/airflow/.local/lib/python3.12/site-packages/airflow/example_dags/example_external_task_marker_dag.py
[2026-03-29T21:42:22.224+0000] {processor.py:830} INFO - Processing file /home/airflow/.local/lib/python3.12/site-packages/airflow/example_dags/example_external_task_marker_dag.py for tasks to queue
[2026-03-29T21:42:22.226+0000] {logging_mixin.py:188} INFO - [2026-03-29T21:42:22.226+0000] {dagbag.py:545} INFO - Filling up the DagBag from /home/airflow/.local/lib/python3.12/site-packages/airflow/example_dags/example_external_task_marker_dag.py
[2026-03-29T21:42:22.231+0000] {processor.py:840} INFO - DAG(s) 'example_external_task_marker_parent', 'example_external_task_marker_child' retrieved from /home/airflow/.local/lib/python3.12/site-packages/airflow/example_dags/example_external_task_marker_dag.py
[2026-03-29T21:42:22.253+0000] {logging_mixin.py:188} INFO - [2026-03-29T21:42:22.253+0000] {dag.py:3089} INFO - Sync 2 DAGs
[2026-03-29T21:42:22.265+0000] {logging_mixin.py:188} INFO - [2026-03-29T21:42:22.265+0000] {dag.py:3947} INFO - Setting next_dagrun for example_external_task_marker_child to None, run_after=None
[2026-03-29T21:42:22.270+0000] {logging_mixin.py:188} INFO - [2026-03-29T21:42:22.270+0000] {dag.py:3947} INFO - Setting next_dagrun for example_external_task_marker_parent to None, run_after=None
[2026-03-29T21:42:22.287+0000] {processor.py:183} INFO - Processing /home/airflow/.local/lib/python3.12/site-packages/airflow/example_dags/example_external_task_marker_dag.py took 0.071 seconds
[2026-03-29T21:42:52.485+0000] {processor.py:161} INFO - Started process (PID=1320) to work on /home/airflow/.local/lib/python3.12/site-packages/airflow/example_dags/example_external_task_marker_dag.py
[2026-03-29T21:42:52.486+0000] {processor.py:830} INFO - Processing file /home/airflow/.local/lib/python3.12/site-packages/airflow/example_dags/example_external_task_marker_dag.py for tasks to queue
[2026-03-29T21:42:52.487+0000] {logging_mixin.py:188} INFO - [2026-03-29T21:42:52.487+0000] {dagbag.py:545} INFO - Filling up the DagBag from /home/airflow/.local/lib/python3.12/site-packages/airflow/example_dags/example_external_task_marker_dag.py
[2026-03-29T21:42:52.493+0000] {processor.py:840} INFO - DAG(s) 'example_external_task_marker_parent', 'example_external_task_marker_child' retrieved from /home/airflow/.local/lib/python3.12/site-packages/airflow/example_dags/example_external_task_marker_dag.py
[2026-03-29T21:42:52.510+0000] {logging_mixin.py:188} INFO - [2026-03-29T21:42:52.510+0000] {dag.py:3089} INFO - Sync 2 DAGs
[2026-03-29T21:42:52.520+0000] {logging_mixin.py:188} INFO - [2026-03-29T21:42:52.520+0000] {dag.py:3947} INFO - Setting next_dagrun for example_external_task_marker_child to None, run_after=None
[2026-03-29T21:42:52.523+0000] {logging_mixin.py:188} INFO - [2026-03-29T21:42:52.522+0000] {dag.py:3947} INFO - Setting next_dagrun for example_external_task_marker_parent to None, run_after=None
[2026-03-29T21:42:52.533+0000] {processor.py:183} INFO - Processing /home/airflow/.local/lib/python3.12/site-packages/airflow/example_dags/example_external_task_marker_dag.py took 0.053 seconds
[2026-03-29T21:43:22.977+0000] {processor.py:161} INFO - Started process (PID=1372) to work on /home/airflow/.local/lib/python3.12/site-packages/airflow/example_dags/example_external_task_marker_dag.py
[2026-03-29T21:43:22.979+0000] {processor.py:830} INFO - Processing file /home/airflow/.local/lib/python3.12/site-packages/airflow/example_dags/example_external_task_marker_dag.py for tasks to queue
[2026-03-29T21:43:22.981+0000] {logging_mixin.py:188} INFO - [2026-03-29T21:43:22.980+0000] {dagbag.py:545} INFO - Filling up the DagBag from /home/airflow/.local/lib/python3.12/site-packages/airflow/example_dags/example_external_task_marker_dag.py
[2026-03-29T21:43:22.986+0000] {processor.py:840} INFO - DAG(s) 'example_external_task_marker_parent', 'example_external_task_marker_child' retrieved from /home/airflow/.local/lib/python3.12/site-packages/airflow/example_dags/example_external_task_marker_dag.py
[2026-03-29T21:43:23.011+0000] {logging_mixin.py:188} INFO - [2026-03-29T21:43:23.010+0000] {dag.py:3089} INFO - Sync 2 DAGs
[2026-03-29T21:43:23.023+0000] {logging_mixin.py:188} INFO - [2026-03-29T21:43:23.023+0000] {dag.py:3947} INFO - Setting next_dagrun for example_external_task_marker_child to None, run_after=None
[2026-03-29T21:43:23.026+0000] {logging_mixin.py:188} INFO - [2026-03-29T21:43:23.026+0000] {dag.py:3947} INFO - Setting next_dagrun for example_external_task_marker_parent to None, run_after=None
[2026-03-29T21:43:23.040+0000] {processor.py:183} INFO - Processing /home/airflow/.local/lib/python3.12/site-packages/airflow/example_dags/example_external_task_marker_dag.py took 0.067 seconds
[2026-03-29T21:43:54.264+0000] {processor.py:161} INFO - Started process (PID=1424) to work on /home/airflow/.local/lib/python3.12/site-packages/airflow/example_dags/example_external_task_marker_dag.py
[2026-03-29T21:43:54.265+0000] {processor.py:830} INFO - Processing file /home/airflow/.local/lib/python3.12/site-packages/airflow/example_dags/example_external_task_marker_dag.py for tasks to queue
[2026-03-29T21:43:54.266+0000] {logging_mixin.py:188} INFO - [2026-03-29T21:43:54.266+0000] {dagbag.py:545} INFO - Filling up the DagBag from /home/airflow/.local/lib/python3.12/site-packages/airflow/example_dags/example_external_task_marker_dag.py
[2026-03-29T21:43:54.273+0000] {processor.py:840} INFO - DAG(s) 'example_external_task_marker_child', 'example_external_task_marker_parent' retrieved from /home/airflow/.local/lib/python3.12/site-packages/airflow/example_dags/example_external_task_marker_dag.py
[2026-03-29T21:43:54.299+0000] {logging_mixin.py:188} INFO - [2026-03-29T21:43:54.299+0000] {dag.py:3089} INFO - Sync 2 DAGs
[2026-03-29T21:43:54.312+0000] {logging_mixin.py:188} INFO - [2026-03-29T21:43:54.311+0000] {dag.py:3947} INFO - Setting next_dagrun for example_external_task_marker_child to None, run_after=None
[2026-03-29T21:43:54.317+0000] {logging_mixin.py:188} INFO - [2026-03-29T21:43:54.316+0000] {dag.py:3947} INFO - Setting next_dagrun for example_external_task_marker_parent to None, run_after=None
[2026-03-29T21:43:54.338+0000] {processor.py:183} INFO - Processing /home/airflow/.local/lib/python3.12/site-packages/airflow/example_dags/example_external_task_marker_dag.py took 0.080 seconds
[2026-03-29T21:44:25.476+0000] {processor.py:161} INFO - Started process (PID=1476) to work on /home/airflow/.local/lib/python3.12/site-packages/airflow/example_dags/example_external_task_marker_dag.py
[2026-03-29T21:44:25.478+0000] {processor.py:830} INFO - Processing file /home/airflow/.local/lib/python3.12/site-packages/airflow/example_dags/example_external_task_marker_dag.py for tasks to queue
[2026-03-29T21:44:25.483+0000] {logging_mixin.py:188} INFO - [2026-03-29T21:44:25.482+0000] {dagbag.py:545} INFO - Filling up the DagBag from /home/airflow/.local/lib/python3.12/site-packages/airflow/example_dags/example_external_task_marker_dag.py
[2026-03-29T21:44:25.487+0000] {processor.py:840} INFO - DAG(s) 'example_external_task_marker_child', 'example_external_task_marker_parent' retrieved from /home/airflow/.local/lib/python3.12/site-packages/airflow/example_dags/example_external_task_marker_dag.py
[2026-03-29T21:44:25.510+0000] {logging_mixin.py:188} INFO - [2026-03-29T21:44:25.509+0000] {dag.py:3089} INFO - Sync 2 DAGs
[2026-03-29T21:44:25.521+0000] {logging_mixin.py:188} INFO - [2026-03-29T21:44:25.521+0000] {dag.py:3947} INFO - Setting next_dagrun for example_external_task_marker_child to None, run_after=None
[2026-03-29T21:44:25.524+0000] {logging_mixin.py:188} INFO - [2026-03-29T21:44:25.524+0000] {dag.py:3947} INFO - Setting next_dagrun for example_external_task_marker_parent to None, run_after=None
[2026-03-29T21:44:25.544+0000] {processor.py:183} INFO - Processing /home/airflow/.local/lib/python3.12/site-packages/airflow/example_dags/example_external_task_marker_dag.py took 0.072 seconds
[2026-03-29T21:44:55.587+0000] {processor.py:161} INFO - Started process (PID=1528) to work on /home/airflow/.local/lib/python3.12/site-packages/airflow/example_dags/example_external_task_marker_dag.py
[2026-03-29T21:44:55.588+0000] {processor.py:830} INFO - Processing file /home/airflow/.local/lib/python3.12/site-packages/airflow/example_dags/example_external_task_marker_dag.py for tasks to queue
[2026-03-29T21:44:55.590+0000] {logging_mixin.py:188} INFO - [2026-03-29T21:44:55.590+0000] {dagbag.py:545} INFO - Filling up the DagBag from /home/airflow/.local/lib/python3.12/site-packages/airflow/example_dags/example_external_task_marker_dag.py
[2026-03-29T21:44:55.594+0000] {processor.py:840} INFO - DAG(s) 'example_external_task_marker_parent', 'example_external_task_marker_child' retrieved from /home/airflow/.local/lib/python3.12/site-packages/airflow/example_dags/example_external_task_marker_dag.py
[2026-03-29T21:44:55.612+0000] {logging_mixin.py:188} INFO - [2026-03-29T21:44:55.612+0000] {dag.py:3089} INFO - Sync 2 DAGs
[2026-03-29T21:44:55.622+0000] {logging_mixin.py:188} INFO - [2026-03-29T21:44:55.622+0000] {dag.py:3947} INFO - Setting next_dagrun for example_external_task_marker_child to None, run_after=None
[2026-03-29T21:44:55.624+0000] {logging_mixin.py:188} INFO - [2026-03-29T21:44:55.624+0000] {dag.py:3947} INFO - Setting next_dagrun for example_external_task_marker_parent to None, run_after=None
[2026-03-29T21:44:55.638+0000] {processor.py:183} INFO - Processing /home/airflow/.local/lib/python3.12/site-packages/airflow/example_dags/example_external_task_marker_dag.py took 0.056 seconds
[2026-03-29T21:45:26.799+0000] {processor.py:161} INFO - Started process (PID=1580) to work on /home/airflow/.local/lib/python3.12/site-packages/airflow/example_dags/example_external_task_marker_dag.py
[2026-03-29T21:45:26.800+0000] {processor.py:830} INFO - Processing file /home/airflow/.local/lib/python3.12/site-packages/airflow/example_dags/example_external_task_marker_dag.py for tasks to queue
[2026-03-29T21:45:26.801+0000] {logging_mixin.py:188} INFO - [2026-03-29T21:45:26.801+0000] {dagbag.py:545} INFO - Filling up the DagBag from /home/airflow/.local/lib/python3.12/site-packages/airflow/example_dags/example_external_task_marker_dag.py
[2026-03-29T21:45:26.806+0000] {processor.py:840} INFO - DAG(s) 'example_external_task_marker_child', 'example_external_task_marker_parent' retrieved from /home/airflow/.local/lib/python3.12/site-packages/airflow/example_dags/example_external_task_marker_dag.py
[2026-03-29T21:45:26.822+0000] {logging_mixin.py:188} INFO - [2026-03-29T21:45:26.822+0000] {dag.py:3089} INFO - Sync 2 DAGs
[2026-03-29T21:45:26.831+0000] {logging_mixin.py:188} INFO - [2026-03-29T21:45:26.831+0000] {dag.py:3947} INFO - Setting next_dagrun for example_external_task_marker_child to None, run_after=None
[2026-03-29T21:45:26.834+0000] {logging_mixin.py:188} INFO - [2026-03-29T21:45:26.834+0000] {dag.py:3947} INFO - Setting next_dagrun for example_external_task_marker_parent to None, run_after=None
[2026-03-29T21:45:26.844+0000] {processor.py:183} INFO - Processing /home/airflow/.local/lib/python3.12/site-packages/airflow/example_dags/example_external_task_marker_dag.py took 0.049 seconds
[2026-03-29T21:45:58.154+0000] {processor.py:161} INFO - Started process (PID=1632) to work on /home/airflow/.local/lib/python3.12/site-packages/airflow/example_dags/example_external_task_marker_dag.py
[2026-03-29T21:45:58.154+0000] {processor.py:830} INFO - Processing file /home/airflow/.local/lib/python3.12/site-packages/airflow/example_dags/example_external_task_marker_dag.py for tasks to queue
[2026-03-29T21:45:58.156+0000] {logging_mixin.py:188} INFO - [2026-03-29T21:45:58.156+0000] {dagbag.py:545} INFO - Filling up the DagBag from /home/airflow/.local/lib/python3.12/site-packages/airflow/example_dags/example_external_task_marker_dag.py
[2026-03-29T21:45:58.161+0000] {processor.py:840} INFO - DAG(s) 'example_external_task_marker_parent', 'example_external_task_marker_child' retrieved from /home/airflow/.local/lib/python3.12/site-packages/airflow/example_dags/example_external_task_marker_dag.py
[2026-03-29T21:45:58.179+0000] {logging_mixin.py:188} INFO - [2026-03-29T21:45:58.179+0000] {dag.py:3089} INFO - Sync 2 DAGs
[2026-03-29T21:45:58.189+0000] {logging_mixin.py:188} INFO - [2026-03-29T21:45:58.189+0000] {dag.py:3947} INFO - Setting next_dagrun for example_external_task_marker_child to None, run_after=None
[2026-03-29T21:45:58.192+0000] {logging_mixin.py:188} INFO - [2026-03-29T21:45:58.192+0000] {dag.py:3947} INFO - Setting next_dagrun for example_external_task_marker_parent to None, run_after=None
[2026-03-29T21:45:58.204+0000] {processor.py:183} INFO - Processing /home/airflow/.local/lib/python3.12/site-packages/airflow/example_dags/example_external_task_marker_dag.py took 0.055 seconds
[2026-03-29T21:46:29.057+0000] {processor.py:161} INFO - Started process (PID=1683) to work on /home/airflow/.local/lib/python3.12/site-packages/airflow/example_dags/example_external_task_marker_dag.py
[2026-03-29T21:46:29.058+0000] {processor.py:830} INFO - Processing file /home/airflow/.local/lib/python3.12/site-packages/airflow/example_dags/example_external_task_marker_dag.py for tasks to queue
[2026-03-29T21:46:29.060+0000] {logging_mixin.py:188} INFO - [2026-03-29T21:46:29.060+0000] {dagbag.py:545} INFO - Filling up the DagBag from /home/airflow/.local/lib/python3.12/site-packages/airflow/example_dags/example_external_task_marker_dag.py
[2026-03-29T21:46:29.069+0000] {processor.py:840} INFO - DAG(s) 'example_external_task_marker_parent', 'example_external_task_marker_child' retrieved from /home/airflow/.local/lib/python3.12/site-packages/airflow/example_dags/example_external_task_marker_dag.py
[2026-03-29T21:46:29.099+0000] {logging_mixin.py:188} INFO - [2026-03-29T21:46:29.098+0000] {dag.py:3089} INFO - Sync 2 DAGs
[2026-03-29T21:46:29.128+0000] {logging_mixin.py:188} INFO - [2026-03-29T21:46:29.128+0000] {dag.py:3947} INFO - Setting next_dagrun for example_external_task_marker_child to None, run_after=None
[2026-03-29T21:46:29.135+0000] {logging_mixin.py:188} INFO - [2026-03-29T21:46:29.135+0000] {dag.py:3947} INFO - Setting next_dagrun for example_external_task_marker_parent to None, run_after=None
[2026-03-29T21:46:29.192+0000] {processor.py:183} INFO - Processing /home/airflow/.local/lib/python3.12/site-packages/airflow/example_dags/example_external_task_marker_dag.py took 0.140 seconds
[2026-03-29T21:47:00.178+0000] {processor.py:161} INFO - Started process (PID=1736) to work on /home/airflow/.local/lib/python3.12/site-packages/airflow/example_dags/example_external_task_marker_dag.py
[2026-03-29T21:47:00.180+0000] {processor.py:830} INFO - Processing file /home/airflow/.local/lib/python3.12/site-packages/airflow/example_dags/example_external_task_marker_dag.py for tasks to queue
[2026-03-29T21:47:00.182+0000] {logging_mixin.py:188} INFO - [2026-03-29T21:47:00.182+0000] {dagbag.py:545} INFO - Filling up the DagBag from /home/airflow/.local/lib/python3.12/site-packages/airflow/example_dags/example_external_task_marker_dag.py
[2026-03-29T21:47:00.188+0000] {processor.py:840} INFO - DAG(s) 'example_external_task_marker_child', 'example_external_task_marker_parent' retrieved from /home/airflow/.local/lib/python3.12/site-packages/airflow/example_dags/example_external_task_marker_dag.py
[2026-03-29T21:47:00.218+0000] {logging_mixin.py:188} INFO - [2026-03-29T21:47:00.218+0000] {dag.py:3089} INFO - Sync 2 DAGs
[2026-03-29T21:47:00.235+0000] {logging_mixin.py:188} INFO - [2026-03-29T21:47:00.234+0000] {dag.py:3947} INFO - Setting next_dagrun for example_external_task_marker_child to None, run_after=None
[2026-03-29T21:47:00.238+0000] {logging_mixin.py:188} INFO - [2026-03-29T21:47:00.238+0000] {dag.py:3947} INFO - Setting next_dagrun for example_external_task_marker_parent to None, run_after=None
[2026-03-29T21:47:00.257+0000] {processor.py:183} INFO - Processing /home/airflow/.local/lib/python3.12/site-packages/airflow/example_dags/example_external_task_marker_dag.py took 0.084 seconds
[2026-03-29T21:47:31.457+0000] {processor.py:161} INFO - Started process (PID=1788) to work on /home/airflow/.local/lib/python3.12/site-packages/airflow/example_dags/example_external_task_marker_dag.py
[2026-03-29T21:47:31.459+0000] {processor.py:830} INFO - Processing file /home/airflow/.local/lib/python3.12/site-packages/airflow/example_dags/example_external_task_marker_dag.py for tasks to queue
[2026-03-29T21:47:31.462+0000] {logging_mixin.py:188} INFO - [2026-03-29T21:47:31.461+0000] {dagbag.py:545} INFO - Filling up the DagBag from /home/airflow/.local/lib/python3.12/site-packages/airflow/example_dags/example_external_task_marker_dag.py
[2026-03-29T21:47:31.468+0000] {processor.py:840} INFO - DAG(s) 'example_external_task_marker_child', 'example_external_task_marker_parent' retrieved from /home/airflow/.local/lib/python3.12/site-packages/airflow/example_dags/example_external_task_marker_dag.py
[2026-03-29T21:47:31.496+0000] {logging_mixin.py:188} INFO - [2026-03-29T21:47:31.496+0000] {dag.py:3089} INFO - Sync 2 DAGs
[2026-03-29T21:47:31.508+0000] {logging_mixin.py:188} INFO - [2026-03-29T21:47:31.507+0000] {dag.py:3947} INFO - Setting next_dagrun for example_external_task_marker_child to None, run_after=None
[2026-03-29T21:47:31.512+0000] {logging_mixin.py:188} INFO - [2026-03-29T21:47:31.511+0000] {dag.py:3947} INFO - Setting next_dagrun for example_external_task_marker_parent to None, run_after=None
[2026-03-29T21:47:31.527+0000] {processor.py:183} INFO - Processing /home/airflow/.local/lib/python3.12/site-packages/airflow/example_dags/example_external_task_marker_dag.py took 0.079 seconds
[2026-03-29T21:48:01.981+0000] {processor.py:161} INFO - Started process (PID=1840) to work on /home/airflow/.local/lib/python3.12/site-packages/airflow/example_dags/example_external_task_marker_dag.py
[2026-03-29T21:48:01.983+0000] {processor.py:830} INFO - Processing file /home/airflow/.local/lib/python3.12/site-packages/airflow/example_dags/example_external_task_marker_dag.py for tasks to queue
[2026-03-29T21:48:01.985+0000] {logging_mixin.py:188} INFO - [2026-03-29T21:48:01.984+0000] {dagbag.py:545} INFO - Filling up the DagBag from /home/airflow/.local/lib/python3.12/site-packages/airflow/example_dags/example_external_task_marker_dag.py
[2026-03-29T21:48:01.990+0000] {processor.py:840} INFO - DAG(s) 'example_external_task_marker_child', 'example_external_task_marker_parent' retrieved from /home/airflow/.local/lib/python3.12/site-packages/airflow/example_dags/example_external_task_marker_dag.py
[2026-03-29T21:48:02.009+0000] {logging_mixin.py:188} INFO - [2026-03-29T21:48:02.009+0000] {dag.py:3089} INFO - Sync 2 DAGs
[2026-03-29T21:48:02.021+0000] {logging_mixin.py:188} INFO - [2026-03-29T21:48:02.021+0000] {dag.py:3947} INFO - Setting next_dagrun for example_external_task_marker_child to None, run_after=None
[2026-03-29T21:48:02.026+0000] {logging_mixin.py:188} INFO - [2026-03-29T21:48:02.026+0000] {dag.py:3947} INFO - Setting next_dagrun for example_external_task_marker_parent to None, run_after=None
[2026-03-29T21:48:02.201+0000] {processor.py:183} INFO - Processing /home/airflow/.local/lib/python3.12/site-packages/airflow/example_dags/example_external_task_marker_dag.py took 0.225 seconds
[2026-03-29T21:48:32.274+0000] {processor.py:161} INFO - Started process (PID=1892) to work on /home/airflow/.local/lib/python3.12/site-packages/airflow/example_dags/example_external_task_marker_dag.py
[2026-03-29T21:48:32.275+0000] {processor.py:830} INFO - Processing file /home/airflow/.local/lib/python3.12/site-packages/airflow/example_dags/example_external_task_marker_dag.py for tasks to queue
[2026-03-29T21:48:32.276+0000] {logging_mixin.py:188} INFO - [2026-03-29T21:48:32.276+0000] {dagbag.py:545} INFO - Filling up the DagBag from /home/airflow/.local/lib/python3.12/site-packages/airflow/example_dags/example_external_task_marker_dag.py
[2026-03-29T21:48:32.280+0000] {processor.py:840} INFO - DAG(s) 'example_external_task_marker_child', 'example_external_task_marker_parent' retrieved from /home/airflow/.local/lib/python3.12/site-packages/airflow/example_dags/example_external_task_marker_dag.py
[2026-03-29T21:48:32.296+0000] {logging_mixin.py:188} INFO - [2026-03-29T21:48:32.295+0000] {dag.py:3089} INFO - Sync 2 DAGs
[2026-03-29T21:48:32.304+0000] {logging_mixin.py:188} INFO - [2026-03-29T21:48:32.304+0000] {dag.py:3947} INFO - Setting next_dagrun for example_external_task_marker_child to None, run_after=None
[2026-03-29T21:48:32.308+0000] {logging_mixin.py:188} INFO - [2026-03-29T21:48:32.307+0000] {dag.py:3947} INFO - Setting next_dagrun for example_external_task_marker_parent to None, run_after=None
[2026-03-29T21:48:32.319+0000] {processor.py:183} INFO - Processing /home/airflow/.local/lib/python3.12/site-packages/airflow/example_dags/example_external_task_marker_dag.py took 0.049 seconds
[2026-03-29T21:49:03.314+0000] {processor.py:161} INFO - Started process (PID=1944) to work on /home/airflow/.local/lib/python3.12/site-packages/airflow/example_dags/example_external_task_marker_dag.py
[2026-03-29T21:49:03.315+0000] {processor.py:830} INFO - Processing file /home/airflow/.local/lib/python3.12/site-packages/airflow/example_dags/example_external_task_marker_dag.py for tasks to queue
[2026-03-29T21:49:03.318+0000] {logging_mixin.py:188} INFO - [2026-03-29T21:49:03.318+0000] {dagbag.py:545} INFO - Filling up the DagBag from /home/airflow/.local/lib/python3.12/site-packages/airflow/example_dags/example_external_task_marker_dag.py
[2026-03-29T21:49:03.327+0000] {processor.py:840} INFO - DAG(s) 'example_external_task_marker_child', 'example_external_task_marker_parent' retrieved from /home/airflow/.local/lib/python3.12/site-packages/airflow/example_dags/example_external_task_marker_dag.py
[2026-03-29T21:49:03.350+0000] {logging_mixin.py:188} INFO - [2026-03-29T21:49:03.350+0000] {dag.py:3089} INFO - Sync 2 DAGs
[2026-03-29T21:49:03.363+0000] {logging_mixin.py:188} INFO - [2026-03-29T21:49:03.363+0000] {dag.py:3947} INFO - Setting next_dagrun for example_external_task_marker_child to None, run_after=None
[2026-03-29T21:49:03.370+0000] {logging_mixin.py:188} INFO - [2026-03-29T21:49:03.370+0000] {dag.py:3947} INFO - Setting next_dagrun for example_external_task_marker_parent to None, run_after=None
[2026-03-29T21:49:03.382+0000] {processor.py:183} INFO - Processing /home/airflow/.local/lib/python3.12/site-packages/airflow/example_dags/example_external_task_marker_dag.py took 0.075 seconds
[2026-03-29T21:49:34.044+0000] {processor.py:161} INFO - Started process (PID=1996) to work on /home/airflow/.local/lib/python3.12/site-packages/airflow/example_dags/example_external_task_marker_dag.py
[2026-03-29T21:49:34.049+0000] {processor.py:830} INFO - Processing file /home/airflow/.local/lib/python3.12/site-packages/airflow/example_dags/example_external_task_marker_dag.py for tasks to queue
[2026-03-29T21:49:34.051+0000] {logging_mixin.py:188} INFO - [2026-03-29T21:49:34.051+0000] {dagbag.py:545} INFO - Filling up the DagBag from /home/airflow/.local/lib/python3.12/site-packages/airflow/example_dags/example_external_task_marker_dag.py
[2026-03-29T21:49:34.056+0000] {processor.py:840} INFO - DAG(s) 'example_external_task_marker_parent', 'example_external_task_marker_child' retrieved from /home/airflow/.local/lib/python3.12/site-packages/airflow/example_dags/example_external_task_marker_dag.py
[2026-03-29T21:49:34.079+0000] {logging_mixin.py:188} INFO - [2026-03-29T21:49:34.079+0000] {dag.py:3089} INFO - Sync 2 DAGs
[2026-03-29T21:49:34.088+0000] {logging_mixin.py:188} INFO - [2026-03-29T21:49:34.088+0000] {dag.py:3947} INFO - Setting next_dagrun for example_external_task_marker_child to None, run_after=None
[2026-03-29T21:49:34.091+0000] {logging_mixin.py:188} INFO - [2026-03-29T21:49:34.091+0000] {dag.py:3947} INFO - Setting next_dagrun for example_external_task_marker_parent to None, run_after=None
[2026-03-29T21:49:34.106+0000] {processor.py:183} INFO - Processing /home/airflow/.local/lib/python3.12/site-packages/airflow/example_dags/example_external_task_marker_dag.py took 0.068 seconds
[2026-03-29T21:50:05.085+0000] {processor.py:161} INFO - Started process (PID=2048) to work on /home/airflow/.local/lib/python3.12/site-packages/airflow/example_dags/example_external_task_marker_dag.py
[2026-03-29T21:50:05.086+0000] {processor.py:830} INFO - Processing file /home/airflow/.local/lib/python3.12/site-packages/airflow/example_dags/example_external_task_marker_dag.py for tasks to queue
[2026-03-29T21:50:05.088+0000] {logging_mixin.py:188} INFO - [2026-03-29T21:50:05.087+0000] {dagbag.py:545} INFO - Filling up the DagBag from /home/airflow/.local/lib/python3.12/site-packages/airflow/example_dags/example_external_task_marker_dag.py
[2026-03-29T21:50:05.092+0000] {processor.py:840} INFO - DAG(s) 'example_external_task_marker_parent', 'example_external_task_marker_child' retrieved from /home/airflow/.local/lib/python3.12/site-packages/airflow/example_dags/example_external_task_marker_dag.py
[2026-03-29T21:50:05.107+0000] {logging_mixin.py:188} INFO - [2026-03-29T21:50:05.107+0000] {dag.py:3089} INFO - Sync 2 DAGs
[2026-03-29T21:50:05.116+0000] {logging_mixin.py:188} INFO - [2026-03-29T21:50:05.116+0000] {dag.py:3947} INFO - Setting next_dagrun for example_external_task_marker_child to None, run_after=None
[2026-03-29T21:50:05.119+0000] {logging_mixin.py:188} INFO - [2026-03-29T21:50:05.118+0000] {dag.py:3947} INFO - Setting next_dagrun for example_external_task_marker_parent to None, run_after=None
[2026-03-29T21:50:05.129+0000] {processor.py:183} INFO - Processing /home/airflow/.local/lib/python3.12/site-packages/airflow/example_dags/example_external_task_marker_dag.py took 0.048 seconds
[2026-03-29T21:50:35.358+0000] {processor.py:161} INFO - Started process (PID=2100) to work on /home/airflow/.local/lib/python3.12/site-packages/airflow/example_dags/example_external_task_marker_dag.py
[2026-03-29T21:50:35.360+0000] {processor.py:830} INFO - Processing file /home/airflow/.local/lib/python3.12/site-packages/airflow/example_dags/example_external_task_marker_dag.py for tasks to queue
[2026-03-29T21:50:35.363+0000] {logging_mixin.py:188} INFO - [2026-03-29T21:50:35.363+0000] {dagbag.py:545} INFO - Filling up the DagBag from /home/airflow/.local/lib/python3.12/site-packages/airflow/example_dags/example_external_task_marker_dag.py
[2026-03-29T21:50:35.369+0000] {processor.py:840} INFO - DAG(s) 'example_external_task_marker_parent', 'example_external_task_marker_child' retrieved from /home/airflow/.local/lib/python3.12/site-packages/airflow/example_dags/example_external_task_marker_dag.py
[2026-03-29T21:50:35.398+0000] {logging_mixin.py:188} INFO - [2026-03-29T21:50:35.398+0000] {dag.py:3089} INFO - Sync 2 DAGs
[2026-03-29T21:50:35.414+0000] {logging_mixin.py:188} INFO - [2026-03-29T21:50:35.413+0000] {dag.py:3947} INFO - Setting next_dagrun for example_external_task_marker_child to None, run_after=None
[2026-03-29T21:50:35.417+0000] {logging_mixin.py:188} INFO - [2026-03-29T21:50:35.417+0000] {dag.py:3947} INFO - Setting next_dagrun for example_external_task_marker_parent to None, run_after=None
[2026-03-29T21:50:35.434+0000] {processor.py:183} INFO - Processing /home/airflow/.local/lib/python3.12/site-packages/airflow/example_dags/example_external_task_marker_dag.py took 0.081 seconds
[2026-03-29T21:51:05.580+0000] {processor.py:161} INFO - Started process (PID=2152) to work on /home/airflow/.local/lib/python3.12/site-packages/airflow/example_dags/example_external_task_marker_dag.py
[2026-03-29T21:51:05.581+0000] {processor.py:830} INFO - Processing file /home/airflow/.local/lib/python3.12/site-packages/airflow/example_dags/example_external_task_marker_dag.py for tasks to queue
[2026-03-29T21:51:05.584+0000] {logging_mixin.py:188} INFO - [2026-03-29T21:51:05.584+0000] {dagbag.py:545} INFO - Filling up the DagBag from /home/airflow/.local/lib/python3.12/site-packages/airflow/example_dags/example_external_task_marker_dag.py
[2026-03-29T21:51:05.590+0000] {processor.py:840} INFO - DAG(s) 'example_external_task_marker_parent', 'example_external_task_marker_child' retrieved from /home/airflow/.local/lib/python3.12/site-packages/airflow/example_dags/example_external_task_marker_dag.py
[2026-03-29T21:51:05.608+0000] {logging_mixin.py:188} INFO - [2026-03-29T21:51:05.607+0000] {dag.py:3089} INFO - Sync 2 DAGs
[2026-03-29T21:51:05.616+0000] {logging_mixin.py:188} INFO - [2026-03-29T21:51:05.616+0000] {dag.py:3947} INFO - Setting next_dagrun for example_external_task_marker_child to None, run_after=None
[2026-03-29T21:51:05.619+0000] {logging_mixin.py:188} INFO - [2026-03-29T21:51:05.619+0000] {dag.py:3947} INFO - Setting next_dagrun for example_external_task_marker_parent to None, run_after=None
[2026-03-29T21:51:05.629+0000] {processor.py:183} INFO - Processing /home/airflow/.local/lib/python3.12/site-packages/airflow/example_dags/example_external_task_marker_dag.py took 0.053 seconds
[2026-03-29T21:51:36.602+0000] {processor.py:161} INFO - Started process (PID=2202) to work on /home/airflow/.local/lib/python3.12/site-packages/airflow/example_dags/example_external_task_marker_dag.py
[2026-03-29T21:51:36.603+0000] {processor.py:830} INFO - Processing file /home/airflow/.local/lib/python3.12/site-packages/airflow/example_dags/example_external_task_marker_dag.py for tasks to queue
[2026-03-29T21:51:36.604+0000] {logging_mixin.py:188} INFO - [2026-03-29T21:51:36.604+0000] {dagbag.py:545} INFO - Filling up the DagBag from /home/airflow/.local/lib/python3.12/site-packages/airflow/example_dags/example_external_task_marker_dag.py
[2026-03-29T21:51:36.608+0000] {processor.py:840} INFO - DAG(s) 'example_external_task_marker_parent', 'example_external_task_marker_child' retrieved from /home/airflow/.local/lib/python3.12/site-packages/airflow/example_dags/example_external_task_marker_dag.py
[2026-03-29T21:51:36.625+0000] {logging_mixin.py:188} INFO - [2026-03-29T21:51:36.625+0000] {dag.py:3089} INFO - Sync 2 DAGs
[2026-03-29T21:51:36.634+0000] {logging_mixin.py:188} INFO - [2026-03-29T21:51:36.634+0000] {dag.py:3947} INFO - Setting next_dagrun for example_external_task_marker_child to None, run_after=None
[2026-03-29T21:51:36.637+0000] {logging_mixin.py:188} INFO - [2026-03-29T21:51:36.636+0000] {dag.py:3947} INFO - Setting next_dagrun for example_external_task_marker_parent to None, run_after=None
[2026-03-29T21:51:36.647+0000] {processor.py:183} INFO - Processing /home/airflow/.local/lib/python3.12/site-packages/airflow/example_dags/example_external_task_marker_dag.py took 0.050 seconds
[2026-03-29T21:52:06.960+0000] {processor.py:161} INFO - Started process (PID=2254) to work on /home/airflow/.local/lib/python3.12/site-packages/airflow/example_dags/example_external_task_marker_dag.py
[2026-03-29T21:52:06.960+0000] {processor.py:830} INFO - Processing file /home/airflow/.local/lib/python3.12/site-packages/airflow/example_dags/example_external_task_marker_dag.py for tasks to queue
[2026-03-29T21:52:06.962+0000] {logging_mixin.py:188} INFO - [2026-03-29T21:52:06.962+0000] {dagbag.py:545} INFO - Filling up the DagBag from /home/airflow/.local/lib/python3.12/site-packages/airflow/example_dags/example_external_task_marker_dag.py
[2026-03-29T21:52:06.966+0000] {processor.py:840} INFO - DAG(s) 'example_external_task_marker_child', 'example_external_task_marker_parent' retrieved from /home/airflow/.local/lib/python3.12/site-packages/airflow/example_dags/example_external_task_marker_dag.py
[2026-03-29T21:52:06.983+0000] {logging_mixin.py:188} INFO - [2026-03-29T21:52:06.982+0000] {dag.py:3089} INFO - Sync 2 DAGs
[2026-03-29T21:52:06.992+0000] {logging_mixin.py:188} INFO - [2026-03-29T21:52:06.992+0000] {dag.py:3947} INFO - Setting next_dagrun for example_external_task_marker_child to None, run_after=None
[2026-03-29T21:52:06.994+0000] {logging_mixin.py:188} INFO - [2026-03-29T21:52:06.994+0000] {dag.py:3947} INFO - Setting next_dagrun for example_external_task_marker_parent to None, run_after=None
[2026-03-29T21:52:07.006+0000] {processor.py:183} INFO - Processing /home/airflow/.local/lib/python3.12/site-packages/airflow/example_dags/example_external_task_marker_dag.py took 0.050 seconds
[2026-03-29T21:52:37.440+0000] {processor.py:161} INFO - Started process (PID=2306) to work on /home/airflow/.local/lib/python3.12/site-packages/airflow/example_dags/example_external_task_marker_dag.py
[2026-03-29T21:52:37.441+0000] {processor.py:830} INFO - Processing file /home/airflow/.local/lib/python3.12/site-packages/airflow/example_dags/example_external_task_marker_dag.py for tasks to queue
[2026-03-29T21:52:37.442+0000] {logging_mixin.py:188} INFO - [2026-03-29T21:52:37.442+0000] {dagbag.py:545} INFO - Filling up the DagBag from /home/airflow/.local/lib/python3.12/site-packages/airflow/example_dags/example_external_task_marker_dag.py
[2026-03-29T21:52:37.447+0000] {processor.py:840} INFO - DAG(s) 'example_external_task_marker_parent', 'example_external_task_marker_child' retrieved from /home/airflow/.local/lib/python3.12/site-packages/airflow/example_dags/example_external_task_marker_dag.py
[2026-03-29T21:52:37.467+0000] {logging_mixin.py:188} INFO - [2026-03-29T21:52:37.466+0000] {dag.py:3089} INFO - Sync 2 DAGs
[2026-03-29T21:52:37.477+0000] {logging_mixin.py:188} INFO - [2026-03-29T21:52:37.476+0000] {dag.py:3947} INFO - Setting next_dagrun for example_external_task_marker_child to None, run_after=None
[2026-03-29T21:52:37.479+0000] {logging_mixin.py:188} INFO - [2026-03-29T21:52:37.479+0000] {dag.py:3947} INFO - Setting next_dagrun for example_external_task_marker_parent to None, run_after=None
[2026-03-29T21:52:37.491+0000] {processor.py:183} INFO - Processing /home/airflow/.local/lib/python3.12/site-packages/airflow/example_dags/example_external_task_marker_dag.py took 0.057 seconds
[2026-03-29T21:53:08.289+0000] {processor.py:161} INFO - Started process (PID=2358) to work on /home/airflow/.local/lib/python3.12/site-packages/airflow/example_dags/example_external_task_marker_dag.py
[2026-03-29T21:53:08.291+0000] {processor.py:830} INFO - Processing file /home/airflow/.local/lib/python3.12/site-packages/airflow/example_dags/example_external_task_marker_dag.py for tasks to queue
[2026-03-29T21:53:08.292+0000] {logging_mixin.py:188} INFO - [2026-03-29T21:53:08.292+0000] {dagbag.py:545} INFO - Filling up the DagBag from /home/airflow/.local/lib/python3.12/site-packages/airflow/example_dags/example_external_task_marker_dag.py
[2026-03-29T21:53:08.297+0000] {processor.py:840} INFO - DAG(s) 'example_external_task_marker_parent', 'example_external_task_marker_child' retrieved from /home/airflow/.local/lib/python3.12/site-packages/airflow/example_dags/example_external_task_marker_dag.py
[2026-03-29T21:53:08.317+0000] {logging_mixin.py:188} INFO - [2026-03-29T21:53:08.316+0000] {dag.py:3089} INFO - Sync 2 DAGs
[2026-03-29T21:53:08.328+0000] {logging_mixin.py:188} INFO - [2026-03-29T21:53:08.328+0000] {dag.py:3947} INFO - Setting next_dagrun for example_external_task_marker_child to None, run_after=None
[2026-03-29T21:53:08.331+0000] {logging_mixin.py:188} INFO - [2026-03-29T21:53:08.331+0000] {dag.py:3947} INFO - Setting next_dagrun for example_external_task_marker_parent to None, run_after=None
[2026-03-29T21:53:08.349+0000] {processor.py:183} INFO - Processing /home/airflow/.local/lib/python3.12/site-packages/airflow/example_dags/example_external_task_marker_dag.py took 0.064 seconds
[2026-03-29T21:53:39.195+0000] {processor.py:161} INFO - Started process (PID=2410) to work on /home/airflow/.local/lib/python3.12/site-packages/airflow/example_dags/example_external_task_marker_dag.py
[2026-03-29T21:53:39.199+0000] {processor.py:830} INFO - Processing file /home/airflow/.local/lib/python3.12/site-packages/airflow/example_dags/example_external_task_marker_dag.py for tasks to queue
[2026-03-29T21:53:39.200+0000] {logging_mixin.py:188} INFO - [2026-03-29T21:53:39.200+0000] {dagbag.py:545} INFO - Filling up the DagBag from /home/airflow/.local/lib/python3.12/site-packages/airflow/example_dags/example_external_task_marker_dag.py
[2026-03-29T21:53:39.204+0000] {processor.py:840} INFO - DAG(s) 'example_external_task_marker_parent', 'example_external_task_marker_child' retrieved from /home/airflow/.local/lib/python3.12/site-packages/airflow/example_dags/example_external_task_marker_dag.py
[2026-03-29T21:53:39.221+0000] {logging_mixin.py:188} INFO - [2026-03-29T21:53:39.221+0000] {dag.py:3089} INFO - Sync 2 DAGs
[2026-03-29T21:53:39.230+0000] {logging_mixin.py:188} INFO - [2026-03-29T21:53:39.230+0000] {dag.py:3947} INFO - Setting next_dagrun for example_external_task_marker_child to None, run_after=None
[2026-03-29T21:53:39.234+0000] {logging_mixin.py:188} INFO - [2026-03-29T21:53:39.234+0000] {dag.py:3947} INFO - Setting next_dagrun for example_external_task_marker_parent to None, run_after=None
[2026-03-29T21:53:39.250+0000] {processor.py:183} INFO - Processing /home/airflow/.local/lib/python3.12/site-packages/airflow/example_dags/example_external_task_marker_dag.py took 0.060 seconds
[2026-03-29T21:54:09.514+0000] {processor.py:161} INFO - Started process (PID=2462) to work on /home/airflow/.local/lib/python3.12/site-packages/airflow/example_dags/example_external_task_marker_dag.py
[2026-03-29T21:54:09.516+0000] {processor.py:830} INFO - Processing file /home/airflow/.local/lib/python3.12/site-packages/airflow/example_dags/example_external_task_marker_dag.py for tasks to queue
[2026-03-29T21:54:09.518+0000] {logging_mixin.py:188} INFO - [2026-03-29T21:54:09.518+0000] {dagbag.py:545} INFO - Filling up the DagBag from /home/airflow/.local/lib/python3.12/site-packages/airflow/example_dags/example_external_task_marker_dag.py
[2026-03-29T21:54:09.523+0000] {processor.py:840} INFO - DAG(s) 'example_external_task_marker_child', 'example_external_task_marker_parent' retrieved from /home/airflow/.local/lib/python3.12/site-packages/airflow/example_dags/example_external_task_marker_dag.py
[2026-03-29T21:54:09.544+0000] {logging_mixin.py:188} INFO - [2026-03-29T21:54:09.544+0000] {dag.py:3089} INFO - Sync 2 DAGs
[2026-03-29T21:54:09.554+0000] {logging_mixin.py:188} INFO - [2026-03-29T21:54:09.554+0000] {dag.py:3947} INFO - Setting next_dagrun for example_external_task_marker_child to None, run_after=None
[2026-03-29T21:54:09.558+0000] {logging_mixin.py:188} INFO - [2026-03-29T21:54:09.558+0000] {dag.py:3947} INFO - Setting next_dagrun for example_external_task_marker_parent to None, run_after=None
[2026-03-29T21:54:09.569+0000] {processor.py:183} INFO - Processing /home/airflow/.local/lib/python3.12/site-packages/airflow/example_dags/example_external_task_marker_dag.py took 0.061 seconds
[2026-03-29T21:54:40.569+0000] {processor.py:161} INFO - Started process (PID=2514) to work on /home/airflow/.local/lib/python3.12/site-packages/airflow/example_dags/example_external_task_marker_dag.py
[2026-03-29T21:54:40.571+0000] {processor.py:830} INFO - Processing file /home/airflow/.local/lib/python3.12/site-packages/airflow/example_dags/example_external_task_marker_dag.py for tasks to queue
[2026-03-29T21:54:40.573+0000] {logging_mixin.py:188} INFO - [2026-03-29T21:54:40.572+0000] {dagbag.py:545} INFO - Filling up the DagBag from /home/airflow/.local/lib/python3.12/site-packages/airflow/example_dags/example_external_task_marker_dag.py
[2026-03-29T21:54:40.577+0000] {processor.py:840} INFO - DAG(s) 'example_external_task_marker_child', 'example_external_task_marker_parent' retrieved from /home/airflow/.local/lib/python3.12/site-packages/airflow/example_dags/example_external_task_marker_dag.py
[2026-03-29T21:54:40.596+0000] {logging_mixin.py:188} INFO - [2026-03-29T21:54:40.596+0000] {dag.py:3089} INFO - Sync 2 DAGs
[2026-03-29T21:54:40.607+0000] {logging_mixin.py:188} INFO - [2026-03-29T21:54:40.607+0000] {dag.py:3947} INFO - Setting next_dagrun for example_external_task_marker_child to None, run_after=None
[2026-03-29T21:54:40.610+0000] {logging_mixin.py:188} INFO - [2026-03-29T21:54:40.609+0000] {dag.py:3947} INFO - Setting next_dagrun for example_external_task_marker_parent to None, run_after=None
[2026-03-29T21:54:40.622+0000] {processor.py:183} INFO - Processing /home/airflow/.local/lib/python3.12/site-packages/airflow/example_dags/example_external_task_marker_dag.py took 0.058 seconds
[2026-03-29T21:55:11.325+0000] {processor.py:161} INFO - Started process (PID=2566) to work on /home/airflow/.local/lib/python3.12/site-packages/airflow/example_dags/example_external_task_marker_dag.py
[2026-03-29T21:55:11.327+0000] {processor.py:830} INFO - Processing file /home/airflow/.local/lib/python3.12/site-packages/airflow/example_dags/example_external_task_marker_dag.py for tasks to queue
[2026-03-29T21:55:11.329+0000] {logging_mixin.py:188} INFO - [2026-03-29T21:55:11.329+0000] {dagbag.py:545} INFO - Filling up the DagBag from /home/airflow/.local/lib/python3.12/site-packages/airflow/example_dags/example_external_task_marker_dag.py
[2026-03-29T21:55:11.335+0000] {processor.py:840} INFO - DAG(s) 'example_external_task_marker_parent', 'example_external_task_marker_child' retrieved from /home/airflow/.local/lib/python3.12/site-packages/airflow/example_dags/example_external_task_marker_dag.py
[2026-03-29T21:55:11.356+0000] {logging_mixin.py:188} INFO - [2026-03-29T21:55:11.355+0000] {dag.py:3089} INFO - Sync 2 DAGs
[2026-03-29T21:55:11.366+0000] {logging_mixin.py:188} INFO - [2026-03-29T21:55:11.365+0000] {dag.py:3947} INFO - Setting next_dagrun for example_external_task_marker_child to None, run_after=None
[2026-03-29T21:55:11.369+0000] {logging_mixin.py:188} INFO - [2026-03-29T21:55:11.368+0000] {dag.py:3947} INFO - Setting next_dagrun for example_external_task_marker_parent to None, run_after=None
[2026-03-29T21:55:11.380+0000] {processor.py:183} INFO - Processing /home/airflow/.local/lib/python3.12/site-packages/airflow/example_dags/example_external_task_marker_dag.py took 0.059 seconds
[2026-03-29T21:55:42.128+0000] {processor.py:161} INFO - Started process (PID=2618) to work on /home/airflow/.local/lib/python3.12/site-packages/airflow/example_dags/example_external_task_marker_dag.py
[2026-03-29T21:55:42.129+0000] {processor.py:830} INFO - Processing file /home/airflow/.local/lib/python3.12/site-packages/airflow/example_dags/example_external_task_marker_dag.py for tasks to queue
[2026-03-29T21:55:42.131+0000] {logging_mixin.py:188} INFO - [2026-03-29T21:55:42.131+0000] {dagbag.py:545} INFO - Filling up the DagBag from /home/airflow/.local/lib/python3.12/site-packages/airflow/example_dags/example_external_task_marker_dag.py
[2026-03-29T21:55:42.139+0000] {processor.py:840} INFO - DAG(s) 'example_external_task_marker_parent', 'example_external_task_marker_child' retrieved from /home/airflow/.local/lib/python3.12/site-packages/airflow/example_dags/example_external_task_marker_dag.py
[2026-03-29T21:55:42.162+0000] {logging_mixin.py:188} INFO - [2026-03-29T21:55:42.161+0000] {dag.py:3089} INFO - Sync 2 DAGs
[2026-03-29T21:55:42.172+0000] {logging_mixin.py:188} INFO - [2026-03-29T21:55:42.172+0000] {dag.py:3947} INFO - Setting next_dagrun for example_external_task_marker_child to None, run_after=None
[2026-03-29T21:55:42.174+0000] {logging_mixin.py:188} INFO - [2026-03-29T21:55:42.174+0000] {dag.py:3947} INFO - Setting next_dagrun for example_external_task_marker_parent to None, run_after=None
[2026-03-29T21:55:42.185+0000] {processor.py:183} INFO - Processing /home/airflow/.local/lib/python3.12/site-packages/airflow/example_dags/example_external_task_marker_dag.py took 0.062 seconds
[2026-03-29T21:56:12.854+0000] {processor.py:161} INFO - Started process (PID=2670) to work on /home/airflow/.local/lib/python3.12/site-packages/airflow/example_dags/example_external_task_marker_dag.py
[2026-03-29T21:56:12.855+0000] {processor.py:830} INFO - Processing file /home/airflow/.local/lib/python3.12/site-packages/airflow/example_dags/example_external_task_marker_dag.py for tasks to queue
[2026-03-29T21:56:12.856+0000] {logging_mixin.py:188} INFO - [2026-03-29T21:56:12.856+0000] {dagbag.py:545} INFO - Filling up the DagBag from /home/airflow/.local/lib/python3.12/site-packages/airflow/example_dags/example_external_task_marker_dag.py
[2026-03-29T21:56:12.861+0000] {processor.py:840} INFO - DAG(s) 'example_external_task_marker_child', 'example_external_task_marker_parent' retrieved from /home/airflow/.local/lib/python3.12/site-packages/airflow/example_dags/example_external_task_marker_dag.py
[2026-03-29T21:56:12.883+0000] {logging_mixin.py:188} INFO - [2026-03-29T21:56:12.883+0000] {dag.py:3089} INFO - Sync 2 DAGs
[2026-03-29T21:56:12.895+0000] {logging_mixin.py:188} INFO - [2026-03-29T21:56:12.894+0000] {dag.py:3947} INFO - Setting next_dagrun for example_external_task_marker_child to None, run_after=None
[2026-03-29T21:56:12.897+0000] {logging_mixin.py:188} INFO - [2026-03-29T21:56:12.897+0000] {dag.py:3947} INFO - Setting next_dagrun for example_external_task_marker_parent to None, run_after=None
[2026-03-29T21:56:12.909+0000] {processor.py:183} INFO - Processing /home/airflow/.local/lib/python3.12/site-packages/airflow/example_dags/example_external_task_marker_dag.py took 0.060 seconds
[2026-03-29T21:56:43.841+0000] {processor.py:161} INFO - Started process (PID=2722) to work on /home/airflow/.local/lib/python3.12/site-packages/airflow/example_dags/example_external_task_marker_dag.py
[2026-03-29T21:56:43.843+0000] {processor.py:830} INFO - Processing file /home/airflow/.local/lib/python3.12/site-packages/airflow/example_dags/example_external_task_marker_dag.py for tasks to queue
[2026-03-29T21:56:43.845+0000] {logging_mixin.py:188} INFO - [2026-03-29T21:56:43.845+0000] {dagbag.py:545} INFO - Filling up the DagBag from /home/airflow/.local/lib/python3.12/site-packages/airflow/example_dags/example_external_task_marker_dag.py
[2026-03-29T21:56:43.852+0000] {processor.py:840} INFO - DAG(s) 'example_external_task_marker_child', 'example_external_task_marker_parent' retrieved from /home/airflow/.local/lib/python3.12/site-packages/airflow/example_dags/example_external_task_marker_dag.py
[2026-03-29T21:56:43.893+0000] {logging_mixin.py:188} INFO - [2026-03-29T21:56:43.892+0000] {dag.py:3089} INFO - Sync 2 DAGs
[2026-03-29T21:56:43.919+0000] {logging_mixin.py:188} INFO - [2026-03-29T21:56:43.919+0000] {dag.py:3947} INFO - Setting next_dagrun for example_external_task_marker_child to None, run_after=None
[2026-03-29T21:56:43.927+0000] {logging_mixin.py:188} INFO - [2026-03-29T21:56:43.927+0000] {dag.py:3947} INFO - Setting next_dagrun for example_external_task_marker_parent to None, run_after=None
[2026-03-29T21:56:43.948+0000] {processor.py:183} INFO - Processing /home/airflow/.local/lib/python3.12/site-packages/airflow/example_dags/example_external_task_marker_dag.py took 0.114 seconds
[2026-03-29T21:57:14.381+0000] {processor.py:161} INFO - Started process (PID=2774) to work on /home/airflow/.local/lib/python3.12/site-packages/airflow/example_dags/example_external_task_marker_dag.py
[2026-03-29T21:57:14.384+0000] {processor.py:830} INFO - Processing file /home/airflow/.local/lib/python3.12/site-packages/airflow/example_dags/example_external_task_marker_dag.py for tasks to queue
[2026-03-29T21:57:14.385+0000] {logging_mixin.py:188} INFO - [2026-03-29T21:57:14.385+0000] {dagbag.py:545} INFO - Filling up the DagBag from /home/airflow/.local/lib/python3.12/site-packages/airflow/example_dags/example_external_task_marker_dag.py
[2026-03-29T21:57:14.390+0000] {processor.py:840} INFO - DAG(s) 'example_external_task_marker_child', 'example_external_task_marker_parent' retrieved from /home/airflow/.local/lib/python3.12/site-packages/airflow/example_dags/example_external_task_marker_dag.py
[2026-03-29T21:57:14.416+0000] {logging_mixin.py:188} INFO - [2026-03-29T21:57:14.416+0000] {dag.py:3089} INFO - Sync 2 DAGs
[2026-03-29T21:57:14.438+0000] {logging_mixin.py:188} INFO - [2026-03-29T21:57:14.437+0000] {dag.py:3947} INFO - Setting next_dagrun for example_external_task_marker_child to None, run_after=None
[2026-03-29T21:57:14.443+0000] {logging_mixin.py:188} INFO - [2026-03-29T21:57:14.443+0000] {dag.py:3947} INFO - Setting next_dagrun for example_external_task_marker_parent to None, run_after=None
[2026-03-29T21:57:14.464+0000] {processor.py:183} INFO - Processing /home/airflow/.local/lib/python3.12/site-packages/airflow/example_dags/example_external_task_marker_dag.py took 0.088 seconds
[2026-03-29T21:57:45.458+0000] {processor.py:161} INFO - Started process (PID=2826) to work on /home/airflow/.local/lib/python3.12/site-packages/airflow/example_dags/example_external_task_marker_dag.py
[2026-03-29T21:57:45.459+0000] {processor.py:830} INFO - Processing file /home/airflow/.local/lib/python3.12/site-packages/airflow/example_dags/example_external_task_marker_dag.py for tasks to queue
[2026-03-29T21:57:45.460+0000] {logging_mixin.py:188} INFO - [2026-03-29T21:57:45.460+0000] {dagbag.py:545} INFO - Filling up the DagBag from /home/airflow/.local/lib/python3.12/site-packages/airflow/example_dags/example_external_task_marker_dag.py
[2026-03-29T21:57:45.465+0000] {processor.py:840} INFO - DAG(s) 'example_external_task_marker_parent', 'example_external_task_marker_child' retrieved from /home/airflow/.local/lib/python3.12/site-packages/airflow/example_dags/example_external_task_marker_dag.py
[2026-03-29T21:57:45.482+0000] {logging_mixin.py:188} INFO - [2026-03-29T21:57:45.482+0000] {dag.py:3089} INFO - Sync 2 DAGs
[2026-03-29T21:57:45.491+0000] {logging_mixin.py:188} INFO - [2026-03-29T21:57:45.491+0000] {dag.py:3947} INFO - Setting next_dagrun for example_external_task_marker_child to None, run_after=None
[2026-03-29T21:57:45.494+0000] {logging_mixin.py:188} INFO - [2026-03-29T21:57:45.494+0000] {dag.py:3947} INFO - Setting next_dagrun for example_external_task_marker_parent to None, run_after=None
[2026-03-29T21:57:45.508+0000] {processor.py:183} INFO - Processing /home/airflow/.local/lib/python3.12/site-packages/airflow/example_dags/example_external_task_marker_dag.py took 0.055 seconds
[2026-03-29T21:58:16.137+0000] {processor.py:161} INFO - Started process (PID=2878) to work on /home/airflow/.local/lib/python3.12/site-packages/airflow/example_dags/example_external_task_marker_dag.py
[2026-03-29T21:58:16.138+0000] {processor.py:830} INFO - Processing file /home/airflow/.local/lib/python3.12/site-packages/airflow/example_dags/example_external_task_marker_dag.py for tasks to queue
[2026-03-29T21:58:16.140+0000] {logging_mixin.py:188} INFO - [2026-03-29T21:58:16.139+0000] {dagbag.py:545} INFO - Filling up the DagBag from /home/airflow/.local/lib/python3.12/site-packages/airflow/example_dags/example_external_task_marker_dag.py
[2026-03-29T21:58:16.145+0000] {processor.py:840} INFO - DAG(s) 'example_external_task_marker_child', 'example_external_task_marker_parent' retrieved from /home/airflow/.local/lib/python3.12/site-packages/airflow/example_dags/example_external_task_marker_dag.py
[2026-03-29T21:58:16.163+0000] {logging_mixin.py:188} INFO - [2026-03-29T21:58:16.163+0000] {dag.py:3089} INFO - Sync 2 DAGs
[2026-03-29T21:58:16.174+0000] {logging_mixin.py:188} INFO - [2026-03-29T21:58:16.174+0000] {dag.py:3947} INFO - Setting next_dagrun for example_external_task_marker_child to None, run_after=None
[2026-03-29T21:58:16.179+0000] {logging_mixin.py:188} INFO - [2026-03-29T21:58:16.179+0000] {dag.py:3947} INFO - Setting next_dagrun for example_external_task_marker_parent to None, run_after=None
[2026-03-29T21:58:16.191+0000] {processor.py:183} INFO - Processing /home/airflow/.local/lib/python3.12/site-packages/airflow/example_dags/example_external_task_marker_dag.py took 0.060 seconds
[2026-03-29T21:58:47.269+0000] {processor.py:161} INFO - Started process (PID=2930) to work on /home/airflow/.local/lib/python3.12/site-packages/airflow/example_dags/example_external_task_marker_dag.py
[2026-03-29T21:58:47.270+0000] {processor.py:830} INFO - Processing file /home/airflow/.local/lib/python3.12/site-packages/airflow/example_dags/example_external_task_marker_dag.py for tasks to queue
[2026-03-29T21:58:47.272+0000] {logging_mixin.py:188} INFO - [2026-03-29T21:58:47.272+0000] {dagbag.py:545} INFO - Filling up the DagBag from /home/airflow/.local/lib/python3.12/site-packages/airflow/example_dags/example_external_task_marker_dag.py
[2026-03-29T21:58:47.277+0000] {processor.py:840} INFO - DAG(s) 'example_external_task_marker_child', 'example_external_task_marker_parent' retrieved from /home/airflow/.local/lib/python3.12/site-packages/airflow/example_dags/example_external_task_marker_dag.py
[2026-03-29T21:58:47.305+0000] {logging_mixin.py:188} INFO - [2026-03-29T21:58:47.305+0000] {dag.py:3089} INFO - Sync 2 DAGs
[2026-03-29T21:58:47.316+0000] {logging_mixin.py:188} INFO - [2026-03-29T21:58:47.316+0000] {dag.py:3947} INFO - Setting next_dagrun for example_external_task_marker_child to None, run_after=None
[2026-03-29T21:58:47.321+0000] {logging_mixin.py:188} INFO - [2026-03-29T21:58:47.321+0000] {dag.py:3947} INFO - Setting next_dagrun for example_external_task_marker_parent to None, run_after=None
[2026-03-29T21:58:47.334+0000] {processor.py:183} INFO - Processing /home/airflow/.local/lib/python3.12/site-packages/airflow/example_dags/example_external_task_marker_dag.py took 0.070 seconds
[2026-03-29T21:59:17.539+0000] {processor.py:161} INFO - Started process (PID=2982) to work on /home/airflow/.local/lib/python3.12/site-packages/airflow/example_dags/example_external_task_marker_dag.py
[2026-03-29T21:59:17.541+0000] {processor.py:830} INFO - Processing file /home/airflow/.local/lib/python3.12/site-packages/airflow/example_dags/example_external_task_marker_dag.py for tasks to queue
[2026-03-29T21:59:17.542+0000] {logging_mixin.py:188} INFO - [2026-03-29T21:59:17.542+0000] {dagbag.py:545} INFO - Filling up the DagBag from /home/airflow/.local/lib/python3.12/site-packages/airflow/example_dags/example_external_task_marker_dag.py
[2026-03-29T21:59:17.548+0000] {processor.py:840} INFO - DAG(s) 'example_external_task_marker_parent', 'example_external_task_marker_child' retrieved from /home/airflow/.local/lib/python3.12/site-packages/airflow/example_dags/example_external_task_marker_dag.py
[2026-03-29T21:59:17.568+0000] {logging_mixin.py:188} INFO - [2026-03-29T21:59:17.568+0000] {dag.py:3089} INFO - Sync 2 DAGs
[2026-03-29T21:59:17.578+0000] {logging_mixin.py:188} INFO - [2026-03-29T21:59:17.578+0000] {dag.py:3947} INFO - Setting next_dagrun for example_external_task_marker_child to None, run_after=None
[2026-03-29T21:59:17.583+0000] {logging_mixin.py:188} INFO - [2026-03-29T21:59:17.583+0000] {dag.py:3947} INFO - Setting next_dagrun for example_external_task_marker_parent to None, run_after=None
[2026-03-29T21:59:17.596+0000] {processor.py:183} INFO - Processing /home/airflow/.local/lib/python3.12/site-packages/airflow/example_dags/example_external_task_marker_dag.py took 0.062 seconds
[2026-03-29T21:59:47.846+0000] {processor.py:161} INFO - Started process (PID=3034) to work on /home/airflow/.local/lib/python3.12/site-packages/airflow/example_dags/example_external_task_marker_dag.py
[2026-03-29T21:59:47.848+0000] {processor.py:830} INFO - Processing file /home/airflow/.local/lib/python3.12/site-packages/airflow/example_dags/example_external_task_marker_dag.py for tasks to queue
[2026-03-29T21:59:47.850+0000] {logging_mixin.py:188} INFO - [2026-03-29T21:59:47.849+0000] {dagbag.py:545} INFO - Filling up the DagBag from /home/airflow/.local/lib/python3.12/site-packages/airflow/example_dags/example_external_task_marker_dag.py
[2026-03-29T21:59:47.855+0000] {processor.py:840} INFO - DAG(s) 'example_external_task_marker_child', 'example_external_task_marker_parent' retrieved from /home/airflow/.local/lib/python3.12/site-packages/airflow/example_dags/example_external_task_marker_dag.py
[2026-03-29T21:59:47.873+0000] {logging_mixin.py:188} INFO - [2026-03-29T21:59:47.873+0000] {dag.py:3089} INFO - Sync 2 DAGs
[2026-03-29T21:59:47.890+0000] {logging_mixin.py:188} INFO - [2026-03-29T21:59:47.890+0000] {dag.py:3947} INFO - Setting next_dagrun for example_external_task_marker_child to None, run_after=None
[2026-03-29T21:59:47.895+0000] {logging_mixin.py:188} INFO - [2026-03-29T21:59:47.895+0000] {dag.py:3947} INFO - Setting next_dagrun for example_external_task_marker_parent to None, run_after=None
[2026-03-29T21:59:47.914+0000] {processor.py:183} INFO - Processing /home/airflow/.local/lib/python3.12/site-packages/airflow/example_dags/example_external_task_marker_dag.py took 0.072 seconds
[2026-03-29T22:00:18.148+0000] {processor.py:161} INFO - Started process (PID=3086) to work on /home/airflow/.local/lib/python3.12/site-packages/airflow/example_dags/example_external_task_marker_dag.py
[2026-03-29T22:00:18.150+0000] {processor.py:830} INFO - Processing file /home/airflow/.local/lib/python3.12/site-packages/airflow/example_dags/example_external_task_marker_dag.py for tasks to queue
[2026-03-29T22:00:18.151+0000] {logging_mixin.py:188} INFO - [2026-03-29T22:00:18.151+0000] {dagbag.py:545} INFO - Filling up the DagBag from /home/airflow/.local/lib/python3.12/site-packages/airflow/example_dags/example_external_task_marker_dag.py
[2026-03-29T22:00:18.158+0000] {processor.py:840} INFO - DAG(s) 'example_external_task_marker_child', 'example_external_task_marker_parent' retrieved from /home/airflow/.local/lib/python3.12/site-packages/airflow/example_dags/example_external_task_marker_dag.py
[2026-03-29T22:00:18.180+0000] {logging_mixin.py:188} INFO - [2026-03-29T22:00:18.179+0000] {dag.py:3089} INFO - Sync 2 DAGs
[2026-03-29T22:00:18.191+0000] {logging_mixin.py:188} INFO - [2026-03-29T22:00:18.191+0000] {dag.py:3947} INFO - Setting next_dagrun for example_external_task_marker_child to None, run_after=None
[2026-03-29T22:00:18.197+0000] {logging_mixin.py:188} INFO - [2026-03-29T22:00:18.197+0000] {dag.py:3947} INFO - Setting next_dagrun for example_external_task_marker_parent to None, run_after=None
[2026-03-29T22:00:18.209+0000] {processor.py:183} INFO - Processing /home/airflow/.local/lib/python3.12/site-packages/airflow/example_dags/example_external_task_marker_dag.py took 0.066 seconds
[2026-03-29T22:00:49.302+0000] {processor.py:161} INFO - Started process (PID=3138) to work on /home/airflow/.local/lib/python3.12/site-packages/airflow/example_dags/example_external_task_marker_dag.py
[2026-03-29T22:00:49.303+0000] {processor.py:830} INFO - Processing file /home/airflow/.local/lib/python3.12/site-packages/airflow/example_dags/example_external_task_marker_dag.py for tasks to queue
[2026-03-29T22:00:49.305+0000] {logging_mixin.py:188} INFO - [2026-03-29T22:00:49.305+0000] {dagbag.py:545} INFO - Filling up the DagBag from /home/airflow/.local/lib/python3.12/site-packages/airflow/example_dags/example_external_task_marker_dag.py
[2026-03-29T22:00:49.310+0000] {processor.py:840} INFO - DAG(s) 'example_external_task_marker_parent', 'example_external_task_marker_child' retrieved from /home/airflow/.local/lib/python3.12/site-packages/airflow/example_dags/example_external_task_marker_dag.py
[2026-03-29T22:00:49.329+0000] {logging_mixin.py:188} INFO - [2026-03-29T22:00:49.329+0000] {dag.py:3089} INFO - Sync 2 DAGs
[2026-03-29T22:00:49.339+0000] {logging_mixin.py:188} INFO - [2026-03-29T22:00:49.339+0000] {dag.py:3947} INFO - Setting next_dagrun for example_external_task_marker_child to None, run_after=None
[2026-03-29T22:00:49.343+0000] {logging_mixin.py:188} INFO - [2026-03-29T22:00:49.343+0000] {dag.py:3947} INFO - Setting next_dagrun for example_external_task_marker_parent to None, run_after=None
[2026-03-29T22:00:49.366+0000] {processor.py:183} INFO - Processing /home/airflow/.local/lib/python3.12/site-packages/airflow/example_dags/example_external_task_marker_dag.py took 0.069 seconds
