[2026-03-29T21:30:31.592+0000] {processor.py:161} INFO - Started process (PID=44) to work on /home/airflow/.local/lib/python3.12/site-packages/airflow/example_dags/example_branch_day_of_week_operator.py
[2026-03-29T21:30:31.597+0000] {processor.py:830} INFO - Processing file /home/airflow/.local/lib/python3.12/site-packages/airflow/example_dags/example_branch_day_of_week_operator.py for tasks to queue
[2026-03-29T21:30:31.603+0000] {logging_mixin.py:188} INFO - [2026-03-29T21:30:31.602+0000] {dagbag.py:545} INFO - Filling up the DagBag from /home/airflow/.local/lib/python3.12/site-packages/airflow/example_dags/example_branch_day_of_week_operator.py
[2026-03-29T21:30:31.634+0000] {processor.py:840} INFO - DAG(s) 'example_weekday_branch_operator' retrieved from /home/airflow/.local/lib/python3.12/site-packages/airflow/example_dags/example_branch_day_of_week_operator.py
[2026-03-29T21:30:31.695+0000] {logging_mixin.py:188} INFO - [2026-03-29T21:30:31.695+0000] {dag.py:3089} INFO - Sync 1 DAGs
[2026-03-29T21:30:31.792+0000] {logging_mixin.py:188} INFO - [2026-03-29T21:30:31.791+0000] {dag.py:3947} INFO - Setting next_dagrun for example_weekday_branch_operator to 2026-03-28 00:00:00+00:00, run_after=2026-03-29 00:00:00+00:00
[2026-03-29T21:30:31.850+0000] {processor.py:183} INFO - Processing /home/airflow/.local/lib/python3.12/site-packages/airflow/example_dags/example_branch_day_of_week_operator.py took 0.277 seconds
[2026-03-29T21:31:02.150+0000] {processor.py:161} INFO - Started process (PID=96) to work on /home/airflow/.local/lib/python3.12/site-packages/airflow/example_dags/example_branch_day_of_week_operator.py
[2026-03-29T21:31:02.152+0000] {processor.py:830} INFO - Processing file /home/airflow/.local/lib/python3.12/site-packages/airflow/example_dags/example_branch_day_of_week_operator.py for tasks to queue
[2026-03-29T21:31:02.155+0000] {logging_mixin.py:188} INFO - [2026-03-29T21:31:02.154+0000] {dagbag.py:545} INFO - Filling up the DagBag from /home/airflow/.local/lib/python3.12/site-packages/airflow/example_dags/example_branch_day_of_week_operator.py
[2026-03-29T21:31:02.166+0000] {processor.py:840} INFO - DAG(s) 'example_weekday_branch_operator' retrieved from /home/airflow/.local/lib/python3.12/site-packages/airflow/example_dags/example_branch_day_of_week_operator.py
[2026-03-29T21:31:02.407+0000] {logging_mixin.py:188} INFO - [2026-03-29T21:31:02.406+0000] {dag.py:3089} INFO - Sync 1 DAGs
[2026-03-29T21:31:02.465+0000] {logging_mixin.py:188} INFO - [2026-03-29T21:31:02.464+0000] {dag.py:3947} INFO - Setting next_dagrun for example_weekday_branch_operator to 2026-03-28 00:00:00+00:00, run_after=2026-03-29 00:00:00+00:00
[2026-03-29T21:31:02.566+0000] {processor.py:183} INFO - Processing /home/airflow/.local/lib/python3.12/site-packages/airflow/example_dags/example_branch_day_of_week_operator.py took 0.425 seconds
[2026-03-29T21:31:32.877+0000] {processor.py:161} INFO - Started process (PID=148) to work on /home/airflow/.local/lib/python3.12/site-packages/airflow/example_dags/example_branch_day_of_week_operator.py
[2026-03-29T21:31:32.879+0000] {processor.py:830} INFO - Processing file /home/airflow/.local/lib/python3.12/site-packages/airflow/example_dags/example_branch_day_of_week_operator.py for tasks to queue
[2026-03-29T21:31:32.880+0000] {logging_mixin.py:188} INFO - [2026-03-29T21:31:32.880+0000] {dagbag.py:545} INFO - Filling up the DagBag from /home/airflow/.local/lib/python3.12/site-packages/airflow/example_dags/example_branch_day_of_week_operator.py
[2026-03-29T21:31:32.886+0000] {processor.py:840} INFO - DAG(s) 'example_weekday_branch_operator' retrieved from /home/airflow/.local/lib/python3.12/site-packages/airflow/example_dags/example_branch_day_of_week_operator.py
[2026-03-29T21:31:32.900+0000] {logging_mixin.py:188} INFO - [2026-03-29T21:31:32.900+0000] {dag.py:3089} INFO - Sync 1 DAGs
[2026-03-29T21:31:32.923+0000] {logging_mixin.py:188} INFO - [2026-03-29T21:31:32.923+0000] {dag.py:3947} INFO - Setting next_dagrun for example_weekday_branch_operator to 2026-03-28 00:00:00+00:00, run_after=2026-03-29 00:00:00+00:00
[2026-03-29T21:31:32.938+0000] {processor.py:183} INFO - Processing /home/airflow/.local/lib/python3.12/site-packages/airflow/example_dags/example_branch_day_of_week_operator.py took 0.065 seconds
[2026-03-29T21:32:04.728+0000] {processor.py:161} INFO - Started process (PID=200) to work on /home/airflow/.local/lib/python3.12/site-packages/airflow/example_dags/example_branch_day_of_week_operator.py
[2026-03-29T21:32:04.731+0000] {processor.py:830} INFO - Processing file /home/airflow/.local/lib/python3.12/site-packages/airflow/example_dags/example_branch_day_of_week_operator.py for tasks to queue
[2026-03-29T21:32:04.735+0000] {logging_mixin.py:188} INFO - [2026-03-29T21:32:04.734+0000] {dagbag.py:545} INFO - Filling up the DagBag from /home/airflow/.local/lib/python3.12/site-packages/airflow/example_dags/example_branch_day_of_week_operator.py
[2026-03-29T21:32:04.751+0000] {processor.py:840} INFO - DAG(s) 'example_weekday_branch_operator' retrieved from /home/airflow/.local/lib/python3.12/site-packages/airflow/example_dags/example_branch_day_of_week_operator.py
[2026-03-29T21:32:04.791+0000] {logging_mixin.py:188} INFO - [2026-03-29T21:32:04.790+0000] {dag.py:3089} INFO - Sync 1 DAGs
[2026-03-29T21:32:04.835+0000] {logging_mixin.py:188} INFO - [2026-03-29T21:32:04.834+0000] {dag.py:3947} INFO - Setting next_dagrun for example_weekday_branch_operator to 2026-03-28 00:00:00+00:00, run_after=2026-03-29 00:00:00+00:00
[2026-03-29T21:32:04.913+0000] {processor.py:183} INFO - Processing /home/airflow/.local/lib/python3.12/site-packages/airflow/example_dags/example_branch_day_of_week_operator.py took 0.195 seconds
[2026-03-29T21:32:35.731+0000] {processor.py:161} INFO - Started process (PID=252) to work on /home/airflow/.local/lib/python3.12/site-packages/airflow/example_dags/example_branch_day_of_week_operator.py
[2026-03-29T21:32:35.732+0000] {processor.py:830} INFO - Processing file /home/airflow/.local/lib/python3.12/site-packages/airflow/example_dags/example_branch_day_of_week_operator.py for tasks to queue
[2026-03-29T21:32:35.734+0000] {logging_mixin.py:188} INFO - [2026-03-29T21:32:35.734+0000] {dagbag.py:545} INFO - Filling up the DagBag from /home/airflow/.local/lib/python3.12/site-packages/airflow/example_dags/example_branch_day_of_week_operator.py
[2026-03-29T21:32:35.739+0000] {processor.py:840} INFO - DAG(s) 'example_weekday_branch_operator' retrieved from /home/airflow/.local/lib/python3.12/site-packages/airflow/example_dags/example_branch_day_of_week_operator.py
[2026-03-29T21:32:35.764+0000] {logging_mixin.py:188} INFO - [2026-03-29T21:32:35.764+0000] {dag.py:3089} INFO - Sync 1 DAGs
[2026-03-29T21:32:35.784+0000] {logging_mixin.py:188} INFO - [2026-03-29T21:32:35.784+0000] {dag.py:3947} INFO - Setting next_dagrun for example_weekday_branch_operator to 2026-03-28 00:00:00+00:00, run_after=2026-03-29 00:00:00+00:00
[2026-03-29T21:32:35.797+0000] {processor.py:183} INFO - Processing /home/airflow/.local/lib/python3.12/site-packages/airflow/example_dags/example_branch_day_of_week_operator.py took 0.070 seconds
[2026-03-29T21:33:06.112+0000] {processor.py:161} INFO - Started process (PID=304) to work on /home/airflow/.local/lib/python3.12/site-packages/airflow/example_dags/example_branch_day_of_week_operator.py
[2026-03-29T21:33:06.113+0000] {processor.py:830} INFO - Processing file /home/airflow/.local/lib/python3.12/site-packages/airflow/example_dags/example_branch_day_of_week_operator.py for tasks to queue
[2026-03-29T21:33:06.115+0000] {logging_mixin.py:188} INFO - [2026-03-29T21:33:06.115+0000] {dagbag.py:545} INFO - Filling up the DagBag from /home/airflow/.local/lib/python3.12/site-packages/airflow/example_dags/example_branch_day_of_week_operator.py
[2026-03-29T21:33:06.125+0000] {processor.py:840} INFO - DAG(s) 'example_weekday_branch_operator' retrieved from /home/airflow/.local/lib/python3.12/site-packages/airflow/example_dags/example_branch_day_of_week_operator.py
[2026-03-29T21:33:06.145+0000] {logging_mixin.py:188} INFO - [2026-03-29T21:33:06.144+0000] {dag.py:3089} INFO - Sync 1 DAGs
[2026-03-29T21:33:06.174+0000] {logging_mixin.py:188} INFO - [2026-03-29T21:33:06.174+0000] {dag.py:3947} INFO - Setting next_dagrun for example_weekday_branch_operator to 2026-03-28 00:00:00+00:00, run_after=2026-03-29 00:00:00+00:00
[2026-03-29T21:33:06.205+0000] {processor.py:183} INFO - Processing /home/airflow/.local/lib/python3.12/site-packages/airflow/example_dags/example_branch_day_of_week_operator.py took 0.099 seconds
[2026-03-29T21:33:36.648+0000] {processor.py:161} INFO - Started process (PID=356) to work on /home/airflow/.local/lib/python3.12/site-packages/airflow/example_dags/example_branch_day_of_week_operator.py
[2026-03-29T21:33:36.649+0000] {processor.py:830} INFO - Processing file /home/airflow/.local/lib/python3.12/site-packages/airflow/example_dags/example_branch_day_of_week_operator.py for tasks to queue
[2026-03-29T21:33:36.651+0000] {logging_mixin.py:188} INFO - [2026-03-29T21:33:36.651+0000] {dagbag.py:545} INFO - Filling up the DagBag from /home/airflow/.local/lib/python3.12/site-packages/airflow/example_dags/example_branch_day_of_week_operator.py
[2026-03-29T21:33:36.659+0000] {processor.py:840} INFO - DAG(s) 'example_weekday_branch_operator' retrieved from /home/airflow/.local/lib/python3.12/site-packages/airflow/example_dags/example_branch_day_of_week_operator.py
[2026-03-29T21:33:36.684+0000] {logging_mixin.py:188} INFO - [2026-03-29T21:33:36.684+0000] {dag.py:3089} INFO - Sync 1 DAGs
[2026-03-29T21:33:36.715+0000] {logging_mixin.py:188} INFO - [2026-03-29T21:33:36.715+0000] {dag.py:3947} INFO - Setting next_dagrun for example_weekday_branch_operator to 2026-03-28 00:00:00+00:00, run_after=2026-03-29 00:00:00+00:00
[2026-03-29T21:33:36.735+0000] {processor.py:183} INFO - Processing /home/airflow/.local/lib/python3.12/site-packages/airflow/example_dags/example_branch_day_of_week_operator.py took 0.093 seconds
[2026-03-29T21:34:07.535+0000] {processor.py:161} INFO - Started process (PID=408) to work on /home/airflow/.local/lib/python3.12/site-packages/airflow/example_dags/example_branch_day_of_week_operator.py
[2026-03-29T21:34:07.537+0000] {processor.py:830} INFO - Processing file /home/airflow/.local/lib/python3.12/site-packages/airflow/example_dags/example_branch_day_of_week_operator.py for tasks to queue
[2026-03-29T21:34:07.541+0000] {logging_mixin.py:188} INFO - [2026-03-29T21:34:07.541+0000] {dagbag.py:545} INFO - Filling up the DagBag from /home/airflow/.local/lib/python3.12/site-packages/airflow/example_dags/example_branch_day_of_week_operator.py
[2026-03-29T21:34:07.553+0000] {processor.py:840} INFO - DAG(s) 'example_weekday_branch_operator' retrieved from /home/airflow/.local/lib/python3.12/site-packages/airflow/example_dags/example_branch_day_of_week_operator.py
[2026-03-29T21:34:07.575+0000] {logging_mixin.py:188} INFO - [2026-03-29T21:34:07.574+0000] {dag.py:3089} INFO - Sync 1 DAGs
[2026-03-29T21:34:07.600+0000] {logging_mixin.py:188} INFO - [2026-03-29T21:34:07.599+0000] {dag.py:3947} INFO - Setting next_dagrun for example_weekday_branch_operator to 2026-03-28 00:00:00+00:00, run_after=2026-03-29 00:00:00+00:00
[2026-03-29T21:34:07.624+0000] {processor.py:183} INFO - Processing /home/airflow/.local/lib/python3.12/site-packages/airflow/example_dags/example_branch_day_of_week_operator.py took 0.097 seconds
[2026-03-29T21:34:37.924+0000] {processor.py:161} INFO - Started process (PID=460) to work on /home/airflow/.local/lib/python3.12/site-packages/airflow/example_dags/example_branch_day_of_week_operator.py
[2026-03-29T21:34:37.925+0000] {processor.py:830} INFO - Processing file /home/airflow/.local/lib/python3.12/site-packages/airflow/example_dags/example_branch_day_of_week_operator.py for tasks to queue
[2026-03-29T21:34:37.928+0000] {logging_mixin.py:188} INFO - [2026-03-29T21:34:37.928+0000] {dagbag.py:545} INFO - Filling up the DagBag from /home/airflow/.local/lib/python3.12/site-packages/airflow/example_dags/example_branch_day_of_week_operator.py
[2026-03-29T21:34:37.936+0000] {processor.py:840} INFO - DAG(s) 'example_weekday_branch_operator' retrieved from /home/airflow/.local/lib/python3.12/site-packages/airflow/example_dags/example_branch_day_of_week_operator.py
[2026-03-29T21:34:37.958+0000] {logging_mixin.py:188} INFO - [2026-03-29T21:34:37.958+0000] {dag.py:3089} INFO - Sync 1 DAGs
[2026-03-29T21:34:37.984+0000] {logging_mixin.py:188} INFO - [2026-03-29T21:34:37.984+0000] {dag.py:3947} INFO - Setting next_dagrun for example_weekday_branch_operator to 2026-03-28 00:00:00+00:00, run_after=2026-03-29 00:00:00+00:00
[2026-03-29T21:34:38.009+0000] {processor.py:183} INFO - Processing /home/airflow/.local/lib/python3.12/site-packages/airflow/example_dags/example_branch_day_of_week_operator.py took 0.092 seconds
[2026-03-29T21:35:09.009+0000] {processor.py:161} INFO - Started process (PID=512) to work on /home/airflow/.local/lib/python3.12/site-packages/airflow/example_dags/example_branch_day_of_week_operator.py
[2026-03-29T21:35:09.010+0000] {processor.py:830} INFO - Processing file /home/airflow/.local/lib/python3.12/site-packages/airflow/example_dags/example_branch_day_of_week_operator.py for tasks to queue
[2026-03-29T21:35:09.013+0000] {logging_mixin.py:188} INFO - [2026-03-29T21:35:09.013+0000] {dagbag.py:545} INFO - Filling up the DagBag from /home/airflow/.local/lib/python3.12/site-packages/airflow/example_dags/example_branch_day_of_week_operator.py
[2026-03-29T21:35:09.025+0000] {processor.py:840} INFO - DAG(s) 'example_weekday_branch_operator' retrieved from /home/airflow/.local/lib/python3.12/site-packages/airflow/example_dags/example_branch_day_of_week_operator.py
[2026-03-29T21:35:09.049+0000] {logging_mixin.py:188} INFO - [2026-03-29T21:35:09.049+0000] {dag.py:3089} INFO - Sync 1 DAGs
[2026-03-29T21:35:09.074+0000] {logging_mixin.py:188} INFO - [2026-03-29T21:35:09.074+0000] {dag.py:3947} INFO - Setting next_dagrun for example_weekday_branch_operator to 2026-03-28 00:00:00+00:00, run_after=2026-03-29 00:00:00+00:00
[2026-03-29T21:35:09.091+0000] {processor.py:183} INFO - Processing /home/airflow/.local/lib/python3.12/site-packages/airflow/example_dags/example_branch_day_of_week_operator.py took 0.089 seconds
[2026-03-29T21:35:39.888+0000] {processor.py:161} INFO - Started process (PID=564) to work on /home/airflow/.local/lib/python3.12/site-packages/airflow/example_dags/example_branch_day_of_week_operator.py
[2026-03-29T21:35:39.890+0000] {processor.py:830} INFO - Processing file /home/airflow/.local/lib/python3.12/site-packages/airflow/example_dags/example_branch_day_of_week_operator.py for tasks to queue
[2026-03-29T21:35:39.892+0000] {logging_mixin.py:188} INFO - [2026-03-29T21:35:39.891+0000] {dagbag.py:545} INFO - Filling up the DagBag from /home/airflow/.local/lib/python3.12/site-packages/airflow/example_dags/example_branch_day_of_week_operator.py
[2026-03-29T21:35:39.904+0000] {processor.py:840} INFO - DAG(s) 'example_weekday_branch_operator' retrieved from /home/airflow/.local/lib/python3.12/site-packages/airflow/example_dags/example_branch_day_of_week_operator.py
[2026-03-29T21:35:39.948+0000] {logging_mixin.py:188} INFO - [2026-03-29T21:35:39.947+0000] {dag.py:3089} INFO - Sync 1 DAGs
[2026-03-29T21:35:39.979+0000] {logging_mixin.py:188} INFO - [2026-03-29T21:35:39.979+0000] {dag.py:3947} INFO - Setting next_dagrun for example_weekday_branch_operator to 2026-03-28 00:00:00+00:00, run_after=2026-03-29 00:00:00+00:00
[2026-03-29T21:35:40.003+0000] {processor.py:183} INFO - Processing /home/airflow/.local/lib/python3.12/site-packages/airflow/example_dags/example_branch_day_of_week_operator.py took 0.120 seconds
[2026-03-29T21:36:10.575+0000] {processor.py:161} INFO - Started process (PID=616) to work on /home/airflow/.local/lib/python3.12/site-packages/airflow/example_dags/example_branch_day_of_week_operator.py
[2026-03-29T21:36:10.576+0000] {processor.py:830} INFO - Processing file /home/airflow/.local/lib/python3.12/site-packages/airflow/example_dags/example_branch_day_of_week_operator.py for tasks to queue
[2026-03-29T21:36:10.577+0000] {logging_mixin.py:188} INFO - [2026-03-29T21:36:10.577+0000] {dagbag.py:545} INFO - Filling up the DagBag from /home/airflow/.local/lib/python3.12/site-packages/airflow/example_dags/example_branch_day_of_week_operator.py
[2026-03-29T21:36:10.585+0000] {processor.py:840} INFO - DAG(s) 'example_weekday_branch_operator' retrieved from /home/airflow/.local/lib/python3.12/site-packages/airflow/example_dags/example_branch_day_of_week_operator.py
[2026-03-29T21:36:10.603+0000] {logging_mixin.py:188} INFO - [2026-03-29T21:36:10.603+0000] {dag.py:3089} INFO - Sync 1 DAGs
[2026-03-29T21:36:10.621+0000] {logging_mixin.py:188} INFO - [2026-03-29T21:36:10.621+0000] {dag.py:3947} INFO - Setting next_dagrun for example_weekday_branch_operator to 2026-03-28 00:00:00+00:00, run_after=2026-03-29 00:00:00+00:00
[2026-03-29T21:36:10.636+0000] {processor.py:183} INFO - Processing /home/airflow/.local/lib/python3.12/site-packages/airflow/example_dags/example_branch_day_of_week_operator.py took 0.066 seconds
[2026-03-29T21:36:40.797+0000] {processor.py:161} INFO - Started process (PID=668) to work on /home/airflow/.local/lib/python3.12/site-packages/airflow/example_dags/example_branch_day_of_week_operator.py
[2026-03-29T21:36:40.798+0000] {processor.py:830} INFO - Processing file /home/airflow/.local/lib/python3.12/site-packages/airflow/example_dags/example_branch_day_of_week_operator.py for tasks to queue
[2026-03-29T21:36:40.800+0000] {logging_mixin.py:188} INFO - [2026-03-29T21:36:40.799+0000] {dagbag.py:545} INFO - Filling up the DagBag from /home/airflow/.local/lib/python3.12/site-packages/airflow/example_dags/example_branch_day_of_week_operator.py
[2026-03-29T21:36:40.805+0000] {processor.py:840} INFO - DAG(s) 'example_weekday_branch_operator' retrieved from /home/airflow/.local/lib/python3.12/site-packages/airflow/example_dags/example_branch_day_of_week_operator.py
[2026-03-29T21:36:40.828+0000] {logging_mixin.py:188} INFO - [2026-03-29T21:36:40.828+0000] {dag.py:3089} INFO - Sync 1 DAGs
[2026-03-29T21:36:40.847+0000] {logging_mixin.py:188} INFO - [2026-03-29T21:36:40.847+0000] {dag.py:3947} INFO - Setting next_dagrun for example_weekday_branch_operator to 2026-03-28 00:00:00+00:00, run_after=2026-03-29 00:00:00+00:00
[2026-03-29T21:36:40.860+0000] {processor.py:183} INFO - Processing /home/airflow/.local/lib/python3.12/site-packages/airflow/example_dags/example_branch_day_of_week_operator.py took 0.067 seconds
[2026-03-29T21:37:11.480+0000] {processor.py:161} INFO - Started process (PID=720) to work on /home/airflow/.local/lib/python3.12/site-packages/airflow/example_dags/example_branch_day_of_week_operator.py
[2026-03-29T21:37:11.481+0000] {processor.py:830} INFO - Processing file /home/airflow/.local/lib/python3.12/site-packages/airflow/example_dags/example_branch_day_of_week_operator.py for tasks to queue
[2026-03-29T21:37:11.483+0000] {logging_mixin.py:188} INFO - [2026-03-29T21:37:11.483+0000] {dagbag.py:545} INFO - Filling up the DagBag from /home/airflow/.local/lib/python3.12/site-packages/airflow/example_dags/example_branch_day_of_week_operator.py
[2026-03-29T21:37:11.489+0000] {processor.py:840} INFO - DAG(s) 'example_weekday_branch_operator' retrieved from /home/airflow/.local/lib/python3.12/site-packages/airflow/example_dags/example_branch_day_of_week_operator.py
[2026-03-29T21:37:11.507+0000] {logging_mixin.py:188} INFO - [2026-03-29T21:37:11.507+0000] {dag.py:3089} INFO - Sync 1 DAGs
[2026-03-29T21:37:11.524+0000] {logging_mixin.py:188} INFO - [2026-03-29T21:37:11.524+0000] {dag.py:3947} INFO - Setting next_dagrun for example_weekday_branch_operator to 2026-03-28 00:00:00+00:00, run_after=2026-03-29 00:00:00+00:00
[2026-03-29T21:37:11.540+0000] {processor.py:183} INFO - Processing /home/airflow/.local/lib/python3.12/site-packages/airflow/example_dags/example_branch_day_of_week_operator.py took 0.065 seconds
[2026-03-29T21:37:41.839+0000] {processor.py:161} INFO - Started process (PID=772) to work on /home/airflow/.local/lib/python3.12/site-packages/airflow/example_dags/example_branch_day_of_week_operator.py
[2026-03-29T21:37:41.840+0000] {processor.py:830} INFO - Processing file /home/airflow/.local/lib/python3.12/site-packages/airflow/example_dags/example_branch_day_of_week_operator.py for tasks to queue
[2026-03-29T21:37:41.843+0000] {logging_mixin.py:188} INFO - [2026-03-29T21:37:41.843+0000] {dagbag.py:545} INFO - Filling up the DagBag from /home/airflow/.local/lib/python3.12/site-packages/airflow/example_dags/example_branch_day_of_week_operator.py
[2026-03-29T21:37:41.857+0000] {processor.py:840} INFO - DAG(s) 'example_weekday_branch_operator' retrieved from /home/airflow/.local/lib/python3.12/site-packages/airflow/example_dags/example_branch_day_of_week_operator.py
[2026-03-29T21:37:41.896+0000] {logging_mixin.py:188} INFO - [2026-03-29T21:37:41.896+0000] {dag.py:3089} INFO - Sync 1 DAGs
[2026-03-29T21:37:41.935+0000] {logging_mixin.py:188} INFO - [2026-03-29T21:37:41.935+0000] {dag.py:3947} INFO - Setting next_dagrun for example_weekday_branch_operator to 2026-03-28 00:00:00+00:00, run_after=2026-03-29 00:00:00+00:00
[2026-03-29T21:37:41.954+0000] {processor.py:183} INFO - Processing /home/airflow/.local/lib/python3.12/site-packages/airflow/example_dags/example_branch_day_of_week_operator.py took 0.125 seconds
[2026-03-29T21:38:12.216+0000] {processor.py:161} INFO - Started process (PID=824) to work on /home/airflow/.local/lib/python3.12/site-packages/airflow/example_dags/example_branch_day_of_week_operator.py
[2026-03-29T21:38:12.217+0000] {processor.py:830} INFO - Processing file /home/airflow/.local/lib/python3.12/site-packages/airflow/example_dags/example_branch_day_of_week_operator.py for tasks to queue
[2026-03-29T21:38:12.219+0000] {logging_mixin.py:188} INFO - [2026-03-29T21:38:12.219+0000] {dagbag.py:545} INFO - Filling up the DagBag from /home/airflow/.local/lib/python3.12/site-packages/airflow/example_dags/example_branch_day_of_week_operator.py
[2026-03-29T21:38:12.224+0000] {processor.py:840} INFO - DAG(s) 'example_weekday_branch_operator' retrieved from /home/airflow/.local/lib/python3.12/site-packages/airflow/example_dags/example_branch_day_of_week_operator.py
[2026-03-29T21:38:12.242+0000] {logging_mixin.py:188} INFO - [2026-03-29T21:38:12.242+0000] {dag.py:3089} INFO - Sync 1 DAGs
[2026-03-29T21:38:12.261+0000] {logging_mixin.py:188} INFO - [2026-03-29T21:38:12.261+0000] {dag.py:3947} INFO - Setting next_dagrun for example_weekday_branch_operator to 2026-03-28 00:00:00+00:00, run_after=2026-03-29 00:00:00+00:00
[2026-03-29T21:38:12.273+0000] {processor.py:183} INFO - Processing /home/airflow/.local/lib/python3.12/site-packages/airflow/example_dags/example_branch_day_of_week_operator.py took 0.061 seconds
[2026-03-29T21:38:42.842+0000] {processor.py:161} INFO - Started process (PID=876) to work on /home/airflow/.local/lib/python3.12/site-packages/airflow/example_dags/example_branch_day_of_week_operator.py
[2026-03-29T21:38:42.843+0000] {processor.py:830} INFO - Processing file /home/airflow/.local/lib/python3.12/site-packages/airflow/example_dags/example_branch_day_of_week_operator.py for tasks to queue
[2026-03-29T21:38:42.844+0000] {logging_mixin.py:188} INFO - [2026-03-29T21:38:42.844+0000] {dagbag.py:545} INFO - Filling up the DagBag from /home/airflow/.local/lib/python3.12/site-packages/airflow/example_dags/example_branch_day_of_week_operator.py
[2026-03-29T21:38:42.850+0000] {processor.py:840} INFO - DAG(s) 'example_weekday_branch_operator' retrieved from /home/airflow/.local/lib/python3.12/site-packages/airflow/example_dags/example_branch_day_of_week_operator.py
[2026-03-29T21:38:42.866+0000] {logging_mixin.py:188} INFO - [2026-03-29T21:38:42.866+0000] {dag.py:3089} INFO - Sync 1 DAGs
[2026-03-29T21:38:42.885+0000] {logging_mixin.py:188} INFO - [2026-03-29T21:38:42.885+0000] {dag.py:3947} INFO - Setting next_dagrun for example_weekday_branch_operator to 2026-03-28 00:00:00+00:00, run_after=2026-03-29 00:00:00+00:00
[2026-03-29T21:38:42.899+0000] {processor.py:183} INFO - Processing /home/airflow/.local/lib/python3.12/site-packages/airflow/example_dags/example_branch_day_of_week_operator.py took 0.062 seconds
[2026-03-29T21:39:13.332+0000] {processor.py:161} INFO - Started process (PID=928) to work on /home/airflow/.local/lib/python3.12/site-packages/airflow/example_dags/example_branch_day_of_week_operator.py
[2026-03-29T21:39:13.334+0000] {processor.py:830} INFO - Processing file /home/airflow/.local/lib/python3.12/site-packages/airflow/example_dags/example_branch_day_of_week_operator.py for tasks to queue
[2026-03-29T21:39:13.336+0000] {logging_mixin.py:188} INFO - [2026-03-29T21:39:13.336+0000] {dagbag.py:545} INFO - Filling up the DagBag from /home/airflow/.local/lib/python3.12/site-packages/airflow/example_dags/example_branch_day_of_week_operator.py
[2026-03-29T21:39:13.342+0000] {processor.py:840} INFO - DAG(s) 'example_weekday_branch_operator' retrieved from /home/airflow/.local/lib/python3.12/site-packages/airflow/example_dags/example_branch_day_of_week_operator.py
[2026-03-29T21:39:13.357+0000] {logging_mixin.py:188} INFO - [2026-03-29T21:39:13.357+0000] {dag.py:3089} INFO - Sync 1 DAGs
[2026-03-29T21:39:13.373+0000] {logging_mixin.py:188} INFO - [2026-03-29T21:39:13.373+0000] {dag.py:3947} INFO - Setting next_dagrun for example_weekday_branch_operator to 2026-03-28 00:00:00+00:00, run_after=2026-03-29 00:00:00+00:00
[2026-03-29T21:39:13.385+0000] {processor.py:183} INFO - Processing /home/airflow/.local/lib/python3.12/site-packages/airflow/example_dags/example_branch_day_of_week_operator.py took 0.057 seconds
[2026-03-29T21:39:43.959+0000] {processor.py:161} INFO - Started process (PID=980) to work on /home/airflow/.local/lib/python3.12/site-packages/airflow/example_dags/example_branch_day_of_week_operator.py
[2026-03-29T21:39:43.961+0000] {processor.py:830} INFO - Processing file /home/airflow/.local/lib/python3.12/site-packages/airflow/example_dags/example_branch_day_of_week_operator.py for tasks to queue
[2026-03-29T21:39:43.964+0000] {logging_mixin.py:188} INFO - [2026-03-29T21:39:43.964+0000] {dagbag.py:545} INFO - Filling up the DagBag from /home/airflow/.local/lib/python3.12/site-packages/airflow/example_dags/example_branch_day_of_week_operator.py
[2026-03-29T21:39:43.981+0000] {processor.py:840} INFO - DAG(s) 'example_weekday_branch_operator' retrieved from /home/airflow/.local/lib/python3.12/site-packages/airflow/example_dags/example_branch_day_of_week_operator.py
[2026-03-29T21:39:44.024+0000] {logging_mixin.py:188} INFO - [2026-03-29T21:39:44.024+0000] {dag.py:3089} INFO - Sync 1 DAGs
[2026-03-29T21:39:44.072+0000] {logging_mixin.py:188} INFO - [2026-03-29T21:39:44.071+0000] {dag.py:3947} INFO - Setting next_dagrun for example_weekday_branch_operator to 2026-03-28 00:00:00+00:00, run_after=2026-03-29 00:00:00+00:00
[2026-03-29T21:39:44.119+0000] {processor.py:183} INFO - Processing /home/airflow/.local/lib/python3.12/site-packages/airflow/example_dags/example_branch_day_of_week_operator.py took 0.170 seconds
[2026-03-29T21:40:14.868+0000] {processor.py:161} INFO - Started process (PID=1032) to work on /home/airflow/.local/lib/python3.12/site-packages/airflow/example_dags/example_branch_day_of_week_operator.py
[2026-03-29T21:40:14.870+0000] {processor.py:830} INFO - Processing file /home/airflow/.local/lib/python3.12/site-packages/airflow/example_dags/example_branch_day_of_week_operator.py for tasks to queue
[2026-03-29T21:40:14.872+0000] {logging_mixin.py:188} INFO - [2026-03-29T21:40:14.872+0000] {dagbag.py:545} INFO - Filling up the DagBag from /home/airflow/.local/lib/python3.12/site-packages/airflow/example_dags/example_branch_day_of_week_operator.py
[2026-03-29T21:40:14.881+0000] {processor.py:840} INFO - DAG(s) 'example_weekday_branch_operator' retrieved from /home/airflow/.local/lib/python3.12/site-packages/airflow/example_dags/example_branch_day_of_week_operator.py
[2026-03-29T21:40:14.901+0000] {logging_mixin.py:188} INFO - [2026-03-29T21:40:14.900+0000] {dag.py:3089} INFO - Sync 1 DAGs
[2026-03-29T21:40:14.931+0000] {logging_mixin.py:188} INFO - [2026-03-29T21:40:14.930+0000] {dag.py:3947} INFO - Setting next_dagrun for example_weekday_branch_operator to 2026-03-28 00:00:00+00:00, run_after=2026-03-29 00:00:00+00:00
[2026-03-29T21:40:14.961+0000] {processor.py:183} INFO - Processing /home/airflow/.local/lib/python3.12/site-packages/airflow/example_dags/example_branch_day_of_week_operator.py took 0.103 seconds
[2026-03-29T21:40:45.580+0000] {processor.py:161} INFO - Started process (PID=1084) to work on /home/airflow/.local/lib/python3.12/site-packages/airflow/example_dags/example_branch_day_of_week_operator.py
[2026-03-29T21:40:45.581+0000] {processor.py:830} INFO - Processing file /home/airflow/.local/lib/python3.12/site-packages/airflow/example_dags/example_branch_day_of_week_operator.py for tasks to queue
[2026-03-29T21:40:45.582+0000] {logging_mixin.py:188} INFO - [2026-03-29T21:40:45.582+0000] {dagbag.py:545} INFO - Filling up the DagBag from /home/airflow/.local/lib/python3.12/site-packages/airflow/example_dags/example_branch_day_of_week_operator.py
[2026-03-29T21:40:45.588+0000] {processor.py:840} INFO - DAG(s) 'example_weekday_branch_operator' retrieved from /home/airflow/.local/lib/python3.12/site-packages/airflow/example_dags/example_branch_day_of_week_operator.py
[2026-03-29T21:40:45.607+0000] {logging_mixin.py:188} INFO - [2026-03-29T21:40:45.607+0000] {dag.py:3089} INFO - Sync 1 DAGs
[2026-03-29T21:40:45.628+0000] {logging_mixin.py:188} INFO - [2026-03-29T21:40:45.628+0000] {dag.py:3947} INFO - Setting next_dagrun for example_weekday_branch_operator to 2026-03-28 00:00:00+00:00, run_after=2026-03-29 00:00:00+00:00
[2026-03-29T21:40:45.646+0000] {processor.py:183} INFO - Processing /home/airflow/.local/lib/python3.12/site-packages/airflow/example_dags/example_branch_day_of_week_operator.py took 0.072 seconds
[2026-03-29T21:41:16.513+0000] {processor.py:161} INFO - Started process (PID=1136) to work on /home/airflow/.local/lib/python3.12/site-packages/airflow/example_dags/example_branch_day_of_week_operator.py
[2026-03-29T21:41:16.514+0000] {processor.py:830} INFO - Processing file /home/airflow/.local/lib/python3.12/site-packages/airflow/example_dags/example_branch_day_of_week_operator.py for tasks to queue
[2026-03-29T21:41:16.516+0000] {logging_mixin.py:188} INFO - [2026-03-29T21:41:16.516+0000] {dagbag.py:545} INFO - Filling up the DagBag from /home/airflow/.local/lib/python3.12/site-packages/airflow/example_dags/example_branch_day_of_week_operator.py
[2026-03-29T21:41:16.524+0000] {processor.py:840} INFO - DAG(s) 'example_weekday_branch_operator' retrieved from /home/airflow/.local/lib/python3.12/site-packages/airflow/example_dags/example_branch_day_of_week_operator.py
[2026-03-29T21:41:16.546+0000] {logging_mixin.py:188} INFO - [2026-03-29T21:41:16.546+0000] {dag.py:3089} INFO - Sync 1 DAGs
[2026-03-29T21:41:16.565+0000] {logging_mixin.py:188} INFO - [2026-03-29T21:41:16.564+0000] {dag.py:3947} INFO - Setting next_dagrun for example_weekday_branch_operator to 2026-03-28 00:00:00+00:00, run_after=2026-03-29 00:00:00+00:00
[2026-03-29T21:41:16.578+0000] {processor.py:183} INFO - Processing /home/airflow/.local/lib/python3.12/site-packages/airflow/example_dags/example_branch_day_of_week_operator.py took 0.073 seconds
[2026-03-29T21:41:47.437+0000] {processor.py:161} INFO - Started process (PID=1188) to work on /home/airflow/.local/lib/python3.12/site-packages/airflow/example_dags/example_branch_day_of_week_operator.py
[2026-03-29T21:41:47.439+0000] {processor.py:830} INFO - Processing file /home/airflow/.local/lib/python3.12/site-packages/airflow/example_dags/example_branch_day_of_week_operator.py for tasks to queue
[2026-03-29T21:41:47.440+0000] {logging_mixin.py:188} INFO - [2026-03-29T21:41:47.440+0000] {dagbag.py:545} INFO - Filling up the DagBag from /home/airflow/.local/lib/python3.12/site-packages/airflow/example_dags/example_branch_day_of_week_operator.py
[2026-03-29T21:41:47.447+0000] {processor.py:840} INFO - DAG(s) 'example_weekday_branch_operator' retrieved from /home/airflow/.local/lib/python3.12/site-packages/airflow/example_dags/example_branch_day_of_week_operator.py
[2026-03-29T21:41:47.468+0000] {logging_mixin.py:188} INFO - [2026-03-29T21:41:47.468+0000] {dag.py:3089} INFO - Sync 1 DAGs
[2026-03-29T21:41:47.487+0000] {logging_mixin.py:188} INFO - [2026-03-29T21:41:47.487+0000] {dag.py:3947} INFO - Setting next_dagrun for example_weekday_branch_operator to 2026-03-28 00:00:00+00:00, run_after=2026-03-29 00:00:00+00:00
[2026-03-29T21:41:47.502+0000] {processor.py:183} INFO - Processing /home/airflow/.local/lib/python3.12/site-packages/airflow/example_dags/example_branch_day_of_week_operator.py took 0.077 seconds
[2026-03-29T21:42:18.535+0000] {processor.py:161} INFO - Started process (PID=1240) to work on /home/airflow/.local/lib/python3.12/site-packages/airflow/example_dags/example_branch_day_of_week_operator.py
[2026-03-29T21:42:18.537+0000] {processor.py:830} INFO - Processing file /home/airflow/.local/lib/python3.12/site-packages/airflow/example_dags/example_branch_day_of_week_operator.py for tasks to queue
[2026-03-29T21:42:18.540+0000] {logging_mixin.py:188} INFO - [2026-03-29T21:42:18.540+0000] {dagbag.py:545} INFO - Filling up the DagBag from /home/airflow/.local/lib/python3.12/site-packages/airflow/example_dags/example_branch_day_of_week_operator.py
[2026-03-29T21:42:18.551+0000] {processor.py:840} INFO - DAG(s) 'example_weekday_branch_operator' retrieved from /home/airflow/.local/lib/python3.12/site-packages/airflow/example_dags/example_branch_day_of_week_operator.py
[2026-03-29T21:42:18.570+0000] {logging_mixin.py:188} INFO - [2026-03-29T21:42:18.570+0000] {dag.py:3089} INFO - Sync 1 DAGs
[2026-03-29T21:42:18.593+0000] {logging_mixin.py:188} INFO - [2026-03-29T21:42:18.593+0000] {dag.py:3947} INFO - Setting next_dagrun for example_weekday_branch_operator to 2026-03-28 00:00:00+00:00, run_after=2026-03-29 00:00:00+00:00
[2026-03-29T21:42:18.608+0000] {processor.py:183} INFO - Processing /home/airflow/.local/lib/python3.12/site-packages/airflow/example_dags/example_branch_day_of_week_operator.py took 0.080 seconds
[2026-03-29T21:42:48.669+0000] {processor.py:161} INFO - Started process (PID=1291) to work on /home/airflow/.local/lib/python3.12/site-packages/airflow/example_dags/example_branch_day_of_week_operator.py
[2026-03-29T21:42:48.671+0000] {processor.py:830} INFO - Processing file /home/airflow/.local/lib/python3.12/site-packages/airflow/example_dags/example_branch_day_of_week_operator.py for tasks to queue
[2026-03-29T21:42:48.672+0000] {logging_mixin.py:188} INFO - [2026-03-29T21:42:48.672+0000] {dagbag.py:545} INFO - Filling up the DagBag from /home/airflow/.local/lib/python3.12/site-packages/airflow/example_dags/example_branch_day_of_week_operator.py
[2026-03-29T21:42:48.678+0000] {processor.py:840} INFO - DAG(s) 'example_weekday_branch_operator' retrieved from /home/airflow/.local/lib/python3.12/site-packages/airflow/example_dags/example_branch_day_of_week_operator.py
[2026-03-29T21:42:48.692+0000] {logging_mixin.py:188} INFO - [2026-03-29T21:42:48.692+0000] {dag.py:3089} INFO - Sync 1 DAGs
[2026-03-29T21:42:48.707+0000] {logging_mixin.py:188} INFO - [2026-03-29T21:42:48.707+0000] {dag.py:3947} INFO - Setting next_dagrun for example_weekday_branch_operator to 2026-03-28 00:00:00+00:00, run_after=2026-03-29 00:00:00+00:00
[2026-03-29T21:42:48.718+0000] {processor.py:183} INFO - Processing /home/airflow/.local/lib/python3.12/site-packages/airflow/example_dags/example_branch_day_of_week_operator.py took 0.053 seconds
[2026-03-29T21:43:18.799+0000] {processor.py:161} INFO - Started process (PID=1343) to work on /home/airflow/.local/lib/python3.12/site-packages/airflow/example_dags/example_branch_day_of_week_operator.py
[2026-03-29T21:43:18.801+0000] {processor.py:830} INFO - Processing file /home/airflow/.local/lib/python3.12/site-packages/airflow/example_dags/example_branch_day_of_week_operator.py for tasks to queue
[2026-03-29T21:43:18.804+0000] {logging_mixin.py:188} INFO - [2026-03-29T21:43:18.803+0000] {dagbag.py:545} INFO - Filling up the DagBag from /home/airflow/.local/lib/python3.12/site-packages/airflow/example_dags/example_branch_day_of_week_operator.py
[2026-03-29T21:43:18.815+0000] {processor.py:840} INFO - DAG(s) 'example_weekday_branch_operator' retrieved from /home/airflow/.local/lib/python3.12/site-packages/airflow/example_dags/example_branch_day_of_week_operator.py
[2026-03-29T21:43:18.843+0000] {logging_mixin.py:188} INFO - [2026-03-29T21:43:18.843+0000] {dag.py:3089} INFO - Sync 1 DAGs
[2026-03-29T21:43:18.866+0000] {logging_mixin.py:188} INFO - [2026-03-29T21:43:18.866+0000] {dag.py:3947} INFO - Setting next_dagrun for example_weekday_branch_operator to 2026-03-28 00:00:00+00:00, run_after=2026-03-29 00:00:00+00:00
[2026-03-29T21:43:18.889+0000] {processor.py:183} INFO - Processing /home/airflow/.local/lib/python3.12/site-packages/airflow/example_dags/example_branch_day_of_week_operator.py took 0.099 seconds
[2026-03-29T21:43:48.991+0000] {processor.py:161} INFO - Started process (PID=1395) to work on /home/airflow/.local/lib/python3.12/site-packages/airflow/example_dags/example_branch_day_of_week_operator.py
[2026-03-29T21:43:48.993+0000] {processor.py:830} INFO - Processing file /home/airflow/.local/lib/python3.12/site-packages/airflow/example_dags/example_branch_day_of_week_operator.py for tasks to queue
[2026-03-29T21:43:48.996+0000] {logging_mixin.py:188} INFO - [2026-03-29T21:43:48.996+0000] {dagbag.py:545} INFO - Filling up the DagBag from /home/airflow/.local/lib/python3.12/site-packages/airflow/example_dags/example_branch_day_of_week_operator.py
[2026-03-29T21:43:49.007+0000] {processor.py:840} INFO - DAG(s) 'example_weekday_branch_operator' retrieved from /home/airflow/.local/lib/python3.12/site-packages/airflow/example_dags/example_branch_day_of_week_operator.py
[2026-03-29T21:43:49.033+0000] {logging_mixin.py:188} INFO - [2026-03-29T21:43:49.032+0000] {dag.py:3089} INFO - Sync 1 DAGs
[2026-03-29T21:43:49.061+0000] {logging_mixin.py:188} INFO - [2026-03-29T21:43:49.061+0000] {dag.py:3947} INFO - Setting next_dagrun for example_weekday_branch_operator to 2026-03-28 00:00:00+00:00, run_after=2026-03-29 00:00:00+00:00
[2026-03-29T21:43:49.085+0000] {processor.py:183} INFO - Processing /home/airflow/.local/lib/python3.12/site-packages/airflow/example_dags/example_branch_day_of_week_operator.py took 0.101 seconds
[2026-03-29T21:44:19.160+0000] {processor.py:161} INFO - Started process (PID=1446) to work on /home/airflow/.local/lib/python3.12/site-packages/airflow/example_dags/example_branch_day_of_week_operator.py
[2026-03-29T21:44:19.162+0000] {processor.py:830} INFO - Processing file /home/airflow/.local/lib/python3.12/site-packages/airflow/example_dags/example_branch_day_of_week_operator.py for tasks to queue
[2026-03-29T21:44:19.164+0000] {logging_mixin.py:188} INFO - [2026-03-29T21:44:19.164+0000] {dagbag.py:545} INFO - Filling up the DagBag from /home/airflow/.local/lib/python3.12/site-packages/airflow/example_dags/example_branch_day_of_week_operator.py
[2026-03-29T21:44:19.173+0000] {processor.py:840} INFO - DAG(s) 'example_weekday_branch_operator' retrieved from /home/airflow/.local/lib/python3.12/site-packages/airflow/example_dags/example_branch_day_of_week_operator.py
[2026-03-29T21:44:19.202+0000] {logging_mixin.py:188} INFO - [2026-03-29T21:44:19.202+0000] {dag.py:3089} INFO - Sync 1 DAGs
[2026-03-29T21:44:19.232+0000] {logging_mixin.py:188} INFO - [2026-03-29T21:44:19.232+0000] {dag.py:3947} INFO - Setting next_dagrun for example_weekday_branch_operator to 2026-03-28 00:00:00+00:00, run_after=2026-03-29 00:00:00+00:00
[2026-03-29T21:44:19.257+0000] {processor.py:183} INFO - Processing /home/airflow/.local/lib/python3.12/site-packages/airflow/example_dags/example_branch_day_of_week_operator.py took 0.106 seconds
[2026-03-29T21:44:49.728+0000] {processor.py:161} INFO - Started process (PID=1499) to work on /home/airflow/.local/lib/python3.12/site-packages/airflow/example_dags/example_branch_day_of_week_operator.py
[2026-03-29T21:44:49.733+0000] {processor.py:830} INFO - Processing file /home/airflow/.local/lib/python3.12/site-packages/airflow/example_dags/example_branch_day_of_week_operator.py for tasks to queue
[2026-03-29T21:44:49.737+0000] {logging_mixin.py:188} INFO - [2026-03-29T21:44:49.736+0000] {dagbag.py:545} INFO - Filling up the DagBag from /home/airflow/.local/lib/python3.12/site-packages/airflow/example_dags/example_branch_day_of_week_operator.py
[2026-03-29T21:44:49.748+0000] {processor.py:840} INFO - DAG(s) 'example_weekday_branch_operator' retrieved from /home/airflow/.local/lib/python3.12/site-packages/airflow/example_dags/example_branch_day_of_week_operator.py
[2026-03-29T21:44:49.776+0000] {logging_mixin.py:188} INFO - [2026-03-29T21:44:49.776+0000] {dag.py:3089} INFO - Sync 1 DAGs
[2026-03-29T21:44:49.812+0000] {logging_mixin.py:188} INFO - [2026-03-29T21:44:49.811+0000] {dag.py:3947} INFO - Setting next_dagrun for example_weekday_branch_operator to 2026-03-28 00:00:00+00:00, run_after=2026-03-29 00:00:00+00:00
[2026-03-29T21:44:49.844+0000] {processor.py:183} INFO - Processing /home/airflow/.local/lib/python3.12/site-packages/airflow/example_dags/example_branch_day_of_week_operator.py took 0.129 seconds
[2026-03-29T21:45:20.282+0000] {processor.py:161} INFO - Started process (PID=1549) to work on /home/airflow/.local/lib/python3.12/site-packages/airflow/example_dags/example_branch_day_of_week_operator.py
[2026-03-29T21:45:20.283+0000] {processor.py:830} INFO - Processing file /home/airflow/.local/lib/python3.12/site-packages/airflow/example_dags/example_branch_day_of_week_operator.py for tasks to queue
[2026-03-29T21:45:20.287+0000] {logging_mixin.py:188} INFO - [2026-03-29T21:45:20.286+0000] {dagbag.py:545} INFO - Filling up the DagBag from /home/airflow/.local/lib/python3.12/site-packages/airflow/example_dags/example_branch_day_of_week_operator.py
[2026-03-29T21:45:20.298+0000] {processor.py:840} INFO - DAG(s) 'example_weekday_branch_operator' retrieved from /home/airflow/.local/lib/python3.12/site-packages/airflow/example_dags/example_branch_day_of_week_operator.py
[2026-03-29T21:45:20.326+0000] {logging_mixin.py:188} INFO - [2026-03-29T21:45:20.326+0000] {dag.py:3089} INFO - Sync 1 DAGs
[2026-03-29T21:45:20.352+0000] {logging_mixin.py:188} INFO - [2026-03-29T21:45:20.352+0000] {dag.py:3947} INFO - Setting next_dagrun for example_weekday_branch_operator to 2026-03-28 00:00:00+00:00, run_after=2026-03-29 00:00:00+00:00
[2026-03-29T21:45:20.378+0000] {processor.py:183} INFO - Processing /home/airflow/.local/lib/python3.12/site-packages/airflow/example_dags/example_branch_day_of_week_operator.py took 0.104 seconds
[2026-03-29T21:45:50.431+0000] {processor.py:161} INFO - Started process (PID=1600) to work on /home/airflow/.local/lib/python3.12/site-packages/airflow/example_dags/example_branch_day_of_week_operator.py
[2026-03-29T21:45:50.432+0000] {processor.py:830} INFO - Processing file /home/airflow/.local/lib/python3.12/site-packages/airflow/example_dags/example_branch_day_of_week_operator.py for tasks to queue
[2026-03-29T21:45:50.434+0000] {logging_mixin.py:188} INFO - [2026-03-29T21:45:50.433+0000] {dagbag.py:545} INFO - Filling up the DagBag from /home/airflow/.local/lib/python3.12/site-packages/airflow/example_dags/example_branch_day_of_week_operator.py
[2026-03-29T21:45:50.439+0000] {processor.py:840} INFO - DAG(s) 'example_weekday_branch_operator' retrieved from /home/airflow/.local/lib/python3.12/site-packages/airflow/example_dags/example_branch_day_of_week_operator.py
[2026-03-29T21:45:50.456+0000] {logging_mixin.py:188} INFO - [2026-03-29T21:45:50.456+0000] {dag.py:3089} INFO - Sync 1 DAGs
[2026-03-29T21:45:50.472+0000] {logging_mixin.py:188} INFO - [2026-03-29T21:45:50.472+0000] {dag.py:3947} INFO - Setting next_dagrun for example_weekday_branch_operator to 2026-03-28 00:00:00+00:00, run_after=2026-03-29 00:00:00+00:00
[2026-03-29T21:45:50.486+0000] {processor.py:183} INFO - Processing /home/airflow/.local/lib/python3.12/site-packages/airflow/example_dags/example_branch_day_of_week_operator.py took 0.059 seconds
[2026-03-29T21:46:21.432+0000] {processor.py:161} INFO - Started process (PID=1652) to work on /home/airflow/.local/lib/python3.12/site-packages/airflow/example_dags/example_branch_day_of_week_operator.py
[2026-03-29T21:46:21.434+0000] {processor.py:830} INFO - Processing file /home/airflow/.local/lib/python3.12/site-packages/airflow/example_dags/example_branch_day_of_week_operator.py for tasks to queue
[2026-03-29T21:46:21.435+0000] {logging_mixin.py:188} INFO - [2026-03-29T21:46:21.435+0000] {dagbag.py:545} INFO - Filling up the DagBag from /home/airflow/.local/lib/python3.12/site-packages/airflow/example_dags/example_branch_day_of_week_operator.py
[2026-03-29T21:46:21.440+0000] {processor.py:840} INFO - DAG(s) 'example_weekday_branch_operator' retrieved from /home/airflow/.local/lib/python3.12/site-packages/airflow/example_dags/example_branch_day_of_week_operator.py
[2026-03-29T21:46:21.458+0000] {logging_mixin.py:188} INFO - [2026-03-29T21:46:21.458+0000] {dag.py:3089} INFO - Sync 1 DAGs
[2026-03-29T21:46:21.476+0000] {logging_mixin.py:188} INFO - [2026-03-29T21:46:21.476+0000] {dag.py:3947} INFO - Setting next_dagrun for example_weekday_branch_operator to 2026-03-28 00:00:00+00:00, run_after=2026-03-29 00:00:00+00:00
[2026-03-29T21:46:21.493+0000] {processor.py:183} INFO - Processing /home/airflow/.local/lib/python3.12/site-packages/airflow/example_dags/example_branch_day_of_week_operator.py took 0.065 seconds
[2026-03-29T21:46:53.198+0000] {processor.py:161} INFO - Started process (PID=1704) to work on /home/airflow/.local/lib/python3.12/site-packages/airflow/example_dags/example_branch_day_of_week_operator.py
[2026-03-29T21:46:53.200+0000] {processor.py:830} INFO - Processing file /home/airflow/.local/lib/python3.12/site-packages/airflow/example_dags/example_branch_day_of_week_operator.py for tasks to queue
[2026-03-29T21:46:53.202+0000] {logging_mixin.py:188} INFO - [2026-03-29T21:46:53.202+0000] {dagbag.py:545} INFO - Filling up the DagBag from /home/airflow/.local/lib/python3.12/site-packages/airflow/example_dags/example_branch_day_of_week_operator.py
[2026-03-29T21:46:53.210+0000] {processor.py:840} INFO - DAG(s) 'example_weekday_branch_operator' retrieved from /home/airflow/.local/lib/python3.12/site-packages/airflow/example_dags/example_branch_day_of_week_operator.py
[2026-03-29T21:46:53.229+0000] {logging_mixin.py:188} INFO - [2026-03-29T21:46:53.229+0000] {dag.py:3089} INFO - Sync 1 DAGs
[2026-03-29T21:46:53.252+0000] {logging_mixin.py:188} INFO - [2026-03-29T21:46:53.252+0000] {dag.py:3947} INFO - Setting next_dagrun for example_weekday_branch_operator to 2026-03-28 00:00:00+00:00, run_after=2026-03-29 00:00:00+00:00
[2026-03-29T21:46:53.270+0000] {processor.py:183} INFO - Processing /home/airflow/.local/lib/python3.12/site-packages/airflow/example_dags/example_branch_day_of_week_operator.py took 0.077 seconds
[2026-03-29T21:47:23.611+0000] {processor.py:161} INFO - Started process (PID=1756) to work on /home/airflow/.local/lib/python3.12/site-packages/airflow/example_dags/example_branch_day_of_week_operator.py
[2026-03-29T21:47:23.612+0000] {processor.py:830} INFO - Processing file /home/airflow/.local/lib/python3.12/site-packages/airflow/example_dags/example_branch_day_of_week_operator.py for tasks to queue
[2026-03-29T21:47:23.614+0000] {logging_mixin.py:188} INFO - [2026-03-29T21:47:23.614+0000] {dagbag.py:545} INFO - Filling up the DagBag from /home/airflow/.local/lib/python3.12/site-packages/airflow/example_dags/example_branch_day_of_week_operator.py
[2026-03-29T21:47:23.620+0000] {processor.py:840} INFO - DAG(s) 'example_weekday_branch_operator' retrieved from /home/airflow/.local/lib/python3.12/site-packages/airflow/example_dags/example_branch_day_of_week_operator.py
[2026-03-29T21:47:23.639+0000] {logging_mixin.py:188} INFO - [2026-03-29T21:47:23.638+0000] {dag.py:3089} INFO - Sync 1 DAGs
[2026-03-29T21:47:23.661+0000] {logging_mixin.py:188} INFO - [2026-03-29T21:47:23.660+0000] {dag.py:3947} INFO - Setting next_dagrun for example_weekday_branch_operator to 2026-03-28 00:00:00+00:00, run_after=2026-03-29 00:00:00+00:00
[2026-03-29T21:47:23.676+0000] {processor.py:183} INFO - Processing /home/airflow/.local/lib/python3.12/site-packages/airflow/example_dags/example_branch_day_of_week_operator.py took 0.073 seconds
[2026-03-29T21:47:54.740+0000] {processor.py:161} INFO - Started process (PID=1808) to work on /home/airflow/.local/lib/python3.12/site-packages/airflow/example_dags/example_branch_day_of_week_operator.py
[2026-03-29T21:47:54.742+0000] {processor.py:830} INFO - Processing file /home/airflow/.local/lib/python3.12/site-packages/airflow/example_dags/example_branch_day_of_week_operator.py for tasks to queue
[2026-03-29T21:47:54.743+0000] {logging_mixin.py:188} INFO - [2026-03-29T21:47:54.743+0000] {dagbag.py:545} INFO - Filling up the DagBag from /home/airflow/.local/lib/python3.12/site-packages/airflow/example_dags/example_branch_day_of_week_operator.py
[2026-03-29T21:47:54.754+0000] {processor.py:840} INFO - DAG(s) 'example_weekday_branch_operator' retrieved from /home/airflow/.local/lib/python3.12/site-packages/airflow/example_dags/example_branch_day_of_week_operator.py
[2026-03-29T21:47:54.777+0000] {logging_mixin.py:188} INFO - [2026-03-29T21:47:54.777+0000] {dag.py:3089} INFO - Sync 1 DAGs
[2026-03-29T21:47:54.797+0000] {logging_mixin.py:188} INFO - [2026-03-29T21:47:54.796+0000] {dag.py:3947} INFO - Setting next_dagrun for example_weekday_branch_operator to 2026-03-28 00:00:00+00:00, run_after=2026-03-29 00:00:00+00:00
[2026-03-29T21:47:54.809+0000] {processor.py:183} INFO - Processing /home/airflow/.local/lib/python3.12/site-packages/airflow/example_dags/example_branch_day_of_week_operator.py took 0.075 seconds
[2026-03-29T21:48:25.690+0000] {processor.py:161} INFO - Started process (PID=1861) to work on /home/airflow/.local/lib/python3.12/site-packages/airflow/example_dags/example_branch_day_of_week_operator.py
[2026-03-29T21:48:25.693+0000] {processor.py:830} INFO - Processing file /home/airflow/.local/lib/python3.12/site-packages/airflow/example_dags/example_branch_day_of_week_operator.py for tasks to queue
[2026-03-29T21:48:25.694+0000] {logging_mixin.py:188} INFO - [2026-03-29T21:48:25.694+0000] {dagbag.py:545} INFO - Filling up the DagBag from /home/airflow/.local/lib/python3.12/site-packages/airflow/example_dags/example_branch_day_of_week_operator.py
[2026-03-29T21:48:25.700+0000] {processor.py:840} INFO - DAG(s) 'example_weekday_branch_operator' retrieved from /home/airflow/.local/lib/python3.12/site-packages/airflow/example_dags/example_branch_day_of_week_operator.py
[2026-03-29T21:48:25.718+0000] {logging_mixin.py:188} INFO - [2026-03-29T21:48:25.717+0000] {dag.py:3089} INFO - Sync 1 DAGs
[2026-03-29T21:48:25.739+0000] {logging_mixin.py:188} INFO - [2026-03-29T21:48:25.739+0000] {dag.py:3947} INFO - Setting next_dagrun for example_weekday_branch_operator to 2026-03-28 00:00:00+00:00, run_after=2026-03-29 00:00:00+00:00
[2026-03-29T21:48:25.758+0000] {processor.py:183} INFO - Processing /home/airflow/.local/lib/python3.12/site-packages/airflow/example_dags/example_branch_day_of_week_operator.py took 0.076 seconds
[2026-03-29T21:48:58.806+0000] {processor.py:161} INFO - Started process (PID=1913) to work on /home/airflow/.local/lib/python3.12/site-packages/airflow/example_dags/example_branch_day_of_week_operator.py
[2026-03-29T21:48:58.808+0000] {processor.py:830} INFO - Processing file /home/airflow/.local/lib/python3.12/site-packages/airflow/example_dags/example_branch_day_of_week_operator.py for tasks to queue
[2026-03-29T21:48:58.810+0000] {logging_mixin.py:188} INFO - [2026-03-29T21:48:58.809+0000] {dagbag.py:545} INFO - Filling up the DagBag from /home/airflow/.local/lib/python3.12/site-packages/airflow/example_dags/example_branch_day_of_week_operator.py
[2026-03-29T21:48:58.822+0000] {processor.py:840} INFO - DAG(s) 'example_weekday_branch_operator' retrieved from /home/airflow/.local/lib/python3.12/site-packages/airflow/example_dags/example_branch_day_of_week_operator.py
[2026-03-29T21:48:58.848+0000] {logging_mixin.py:188} INFO - [2026-03-29T21:48:58.848+0000] {dag.py:3089} INFO - Sync 1 DAGs
[2026-03-29T21:48:58.873+0000] {logging_mixin.py:188} INFO - [2026-03-29T21:48:58.873+0000] {dag.py:3947} INFO - Setting next_dagrun for example_weekday_branch_operator to 2026-03-28 00:00:00+00:00, run_after=2026-03-29 00:00:00+00:00
[2026-03-29T21:48:58.890+0000] {processor.py:183} INFO - Processing /home/airflow/.local/lib/python3.12/site-packages/airflow/example_dags/example_branch_day_of_week_operator.py took 0.090 seconds
[2026-03-29T21:49:29.770+0000] {processor.py:161} INFO - Started process (PID=1965) to work on /home/airflow/.local/lib/python3.12/site-packages/airflow/example_dags/example_branch_day_of_week_operator.py
[2026-03-29T21:49:29.772+0000] {processor.py:830} INFO - Processing file /home/airflow/.local/lib/python3.12/site-packages/airflow/example_dags/example_branch_day_of_week_operator.py for tasks to queue
[2026-03-29T21:49:29.774+0000] {logging_mixin.py:188} INFO - [2026-03-29T21:49:29.774+0000] {dagbag.py:545} INFO - Filling up the DagBag from /home/airflow/.local/lib/python3.12/site-packages/airflow/example_dags/example_branch_day_of_week_operator.py
[2026-03-29T21:49:29.783+0000] {processor.py:840} INFO - DAG(s) 'example_weekday_branch_operator' retrieved from /home/airflow/.local/lib/python3.12/site-packages/airflow/example_dags/example_branch_day_of_week_operator.py
[2026-03-29T21:49:29.803+0000] {logging_mixin.py:188} INFO - [2026-03-29T21:49:29.803+0000] {dag.py:3089} INFO - Sync 1 DAGs
[2026-03-29T21:49:29.945+0000] {logging_mixin.py:188} INFO - [2026-03-29T21:49:29.945+0000] {dag.py:3947} INFO - Setting next_dagrun for example_weekday_branch_operator to 2026-03-28 00:00:00+00:00, run_after=2026-03-29 00:00:00+00:00
[2026-03-29T21:49:29.961+0000] {processor.py:183} INFO - Processing /home/airflow/.local/lib/python3.12/site-packages/airflow/example_dags/example_branch_day_of_week_operator.py took 0.196 seconds
[2026-03-29T21:50:00.513+0000] {processor.py:161} INFO - Started process (PID=2017) to work on /home/airflow/.local/lib/python3.12/site-packages/airflow/example_dags/example_branch_day_of_week_operator.py
[2026-03-29T21:50:00.514+0000] {processor.py:830} INFO - Processing file /home/airflow/.local/lib/python3.12/site-packages/airflow/example_dags/example_branch_day_of_week_operator.py for tasks to queue
[2026-03-29T21:50:00.515+0000] {logging_mixin.py:188} INFO - [2026-03-29T21:50:00.515+0000] {dagbag.py:545} INFO - Filling up the DagBag from /home/airflow/.local/lib/python3.12/site-packages/airflow/example_dags/example_branch_day_of_week_operator.py
[2026-03-29T21:50:00.522+0000] {processor.py:840} INFO - DAG(s) 'example_weekday_branch_operator' retrieved from /home/airflow/.local/lib/python3.12/site-packages/airflow/example_dags/example_branch_day_of_week_operator.py
[2026-03-29T21:50:00.542+0000] {logging_mixin.py:188} INFO - [2026-03-29T21:50:00.542+0000] {dag.py:3089} INFO - Sync 1 DAGs
[2026-03-29T21:50:00.561+0000] {logging_mixin.py:188} INFO - [2026-03-29T21:50:00.561+0000] {dag.py:3947} INFO - Setting next_dagrun for example_weekday_branch_operator to 2026-03-28 00:00:00+00:00, run_after=2026-03-29 00:00:00+00:00
[2026-03-29T21:50:00.586+0000] {processor.py:183} INFO - Processing /home/airflow/.local/lib/python3.12/site-packages/airflow/example_dags/example_branch_day_of_week_operator.py took 0.079 seconds
[2026-03-29T21:50:30.643+0000] {processor.py:161} INFO - Started process (PID=2068) to work on /home/airflow/.local/lib/python3.12/site-packages/airflow/example_dags/example_branch_day_of_week_operator.py
[2026-03-29T21:50:30.644+0000] {processor.py:830} INFO - Processing file /home/airflow/.local/lib/python3.12/site-packages/airflow/example_dags/example_branch_day_of_week_operator.py for tasks to queue
[2026-03-29T21:50:30.646+0000] {logging_mixin.py:188} INFO - [2026-03-29T21:50:30.646+0000] {dagbag.py:545} INFO - Filling up the DagBag from /home/airflow/.local/lib/python3.12/site-packages/airflow/example_dags/example_branch_day_of_week_operator.py
[2026-03-29T21:50:30.652+0000] {processor.py:840} INFO - DAG(s) 'example_weekday_branch_operator' retrieved from /home/airflow/.local/lib/python3.12/site-packages/airflow/example_dags/example_branch_day_of_week_operator.py
[2026-03-29T21:50:30.667+0000] {logging_mixin.py:188} INFO - [2026-03-29T21:50:30.667+0000] {dag.py:3089} INFO - Sync 1 DAGs
[2026-03-29T21:50:30.683+0000] {logging_mixin.py:188} INFO - [2026-03-29T21:50:30.682+0000] {dag.py:3947} INFO - Setting next_dagrun for example_weekday_branch_operator to 2026-03-28 00:00:00+00:00, run_after=2026-03-29 00:00:00+00:00
[2026-03-29T21:50:30.694+0000] {processor.py:183} INFO - Processing /home/airflow/.local/lib/python3.12/site-packages/airflow/example_dags/example_branch_day_of_week_operator.py took 0.058 seconds
[2026-03-29T21:51:00.813+0000] {processor.py:161} INFO - Started process (PID=2120) to work on /home/airflow/.local/lib/python3.12/site-packages/airflow/example_dags/example_branch_day_of_week_operator.py
[2026-03-29T21:51:00.813+0000] {processor.py:830} INFO - Processing file /home/airflow/.local/lib/python3.12/site-packages/airflow/example_dags/example_branch_day_of_week_operator.py for tasks to queue
[2026-03-29T21:51:00.815+0000] {logging_mixin.py:188} INFO - [2026-03-29T21:51:00.815+0000] {dagbag.py:545} INFO - Filling up the DagBag from /home/airflow/.local/lib/python3.12/site-packages/airflow/example_dags/example_branch_day_of_week_operator.py
[2026-03-29T21:51:00.821+0000] {processor.py:840} INFO - DAG(s) 'example_weekday_branch_operator' retrieved from /home/airflow/.local/lib/python3.12/site-packages/airflow/example_dags/example_branch_day_of_week_operator.py
[2026-03-29T21:51:00.840+0000] {logging_mixin.py:188} INFO - [2026-03-29T21:51:00.840+0000] {dag.py:3089} INFO - Sync 1 DAGs
[2026-03-29T21:51:00.861+0000] {logging_mixin.py:188} INFO - [2026-03-29T21:51:00.861+0000] {dag.py:3947} INFO - Setting next_dagrun for example_weekday_branch_operator to 2026-03-28 00:00:00+00:00, run_after=2026-03-29 00:00:00+00:00
[2026-03-29T21:51:00.877+0000] {processor.py:183} INFO - Processing /home/airflow/.local/lib/python3.12/site-packages/airflow/example_dags/example_branch_day_of_week_operator.py took 0.069 seconds
[2026-03-29T21:51:30.972+0000] {processor.py:161} INFO - Started process (PID=2172) to work on /home/airflow/.local/lib/python3.12/site-packages/airflow/example_dags/example_branch_day_of_week_operator.py
[2026-03-29T21:51:30.973+0000] {processor.py:830} INFO - Processing file /home/airflow/.local/lib/python3.12/site-packages/airflow/example_dags/example_branch_day_of_week_operator.py for tasks to queue
[2026-03-29T21:51:30.975+0000] {logging_mixin.py:188} INFO - [2026-03-29T21:51:30.975+0000] {dagbag.py:545} INFO - Filling up the DagBag from /home/airflow/.local/lib/python3.12/site-packages/airflow/example_dags/example_branch_day_of_week_operator.py
[2026-03-29T21:51:30.988+0000] {processor.py:840} INFO - DAG(s) 'example_weekday_branch_operator' retrieved from /home/airflow/.local/lib/python3.12/site-packages/airflow/example_dags/example_branch_day_of_week_operator.py
[2026-03-29T21:51:31.011+0000] {logging_mixin.py:188} INFO - [2026-03-29T21:51:31.010+0000] {dag.py:3089} INFO - Sync 1 DAGs
[2026-03-29T21:51:31.033+0000] {logging_mixin.py:188} INFO - [2026-03-29T21:51:31.033+0000] {dag.py:3947} INFO - Setting next_dagrun for example_weekday_branch_operator to 2026-03-28 00:00:00+00:00, run_after=2026-03-29 00:00:00+00:00
[2026-03-29T21:51:31.051+0000] {processor.py:183} INFO - Processing /home/airflow/.local/lib/python3.12/site-packages/airflow/example_dags/example_branch_day_of_week_operator.py took 0.085 seconds
[2026-03-29T21:52:01.313+0000] {processor.py:161} INFO - Started process (PID=2225) to work on /home/airflow/.local/lib/python3.12/site-packages/airflow/example_dags/example_branch_day_of_week_operator.py
[2026-03-29T21:52:01.315+0000] {processor.py:830} INFO - Processing file /home/airflow/.local/lib/python3.12/site-packages/airflow/example_dags/example_branch_day_of_week_operator.py for tasks to queue
[2026-03-29T21:52:01.316+0000] {logging_mixin.py:188} INFO - [2026-03-29T21:52:01.316+0000] {dagbag.py:545} INFO - Filling up the DagBag from /home/airflow/.local/lib/python3.12/site-packages/airflow/example_dags/example_branch_day_of_week_operator.py
[2026-03-29T21:52:01.322+0000] {processor.py:840} INFO - DAG(s) 'example_weekday_branch_operator' retrieved from /home/airflow/.local/lib/python3.12/site-packages/airflow/example_dags/example_branch_day_of_week_operator.py
[2026-03-29T21:52:01.337+0000] {logging_mixin.py:188} INFO - [2026-03-29T21:52:01.336+0000] {dag.py:3089} INFO - Sync 1 DAGs
[2026-03-29T21:52:01.354+0000] {logging_mixin.py:188} INFO - [2026-03-29T21:52:01.354+0000] {dag.py:3947} INFO - Setting next_dagrun for example_weekday_branch_operator to 2026-03-28 00:00:00+00:00, run_after=2026-03-29 00:00:00+00:00
[2026-03-29T21:52:01.382+0000] {processor.py:183} INFO - Processing /home/airflow/.local/lib/python3.12/site-packages/airflow/example_dags/example_branch_day_of_week_operator.py took 0.073 seconds
[2026-03-29T21:52:31.744+0000] {processor.py:161} INFO - Started process (PID=2277) to work on /home/airflow/.local/lib/python3.12/site-packages/airflow/example_dags/example_branch_day_of_week_operator.py
[2026-03-29T21:52:31.746+0000] {processor.py:830} INFO - Processing file /home/airflow/.local/lib/python3.12/site-packages/airflow/example_dags/example_branch_day_of_week_operator.py for tasks to queue
[2026-03-29T21:52:31.748+0000] {logging_mixin.py:188} INFO - [2026-03-29T21:52:31.747+0000] {dagbag.py:545} INFO - Filling up the DagBag from /home/airflow/.local/lib/python3.12/site-packages/airflow/example_dags/example_branch_day_of_week_operator.py
[2026-03-29T21:52:31.756+0000] {processor.py:840} INFO - DAG(s) 'example_weekday_branch_operator' retrieved from /home/airflow/.local/lib/python3.12/site-packages/airflow/example_dags/example_branch_day_of_week_operator.py
[2026-03-29T21:52:31.776+0000] {logging_mixin.py:188} INFO - [2026-03-29T21:52:31.776+0000] {dag.py:3089} INFO - Sync 1 DAGs
[2026-03-29T21:52:31.796+0000] {logging_mixin.py:188} INFO - [2026-03-29T21:52:31.795+0000] {dag.py:3947} INFO - Setting next_dagrun for example_weekday_branch_operator to 2026-03-28 00:00:00+00:00, run_after=2026-03-29 00:00:00+00:00
[2026-03-29T21:52:31.814+0000] {processor.py:183} INFO - Processing /home/airflow/.local/lib/python3.12/site-packages/airflow/example_dags/example_branch_day_of_week_operator.py took 0.076 seconds
[2026-03-29T21:53:02.579+0000] {processor.py:161} INFO - Started process (PID=2329) to work on /home/airflow/.local/lib/python3.12/site-packages/airflow/example_dags/example_branch_day_of_week_operator.py
[2026-03-29T21:53:02.580+0000] {processor.py:830} INFO - Processing file /home/airflow/.local/lib/python3.12/site-packages/airflow/example_dags/example_branch_day_of_week_operator.py for tasks to queue
[2026-03-29T21:53:02.582+0000] {logging_mixin.py:188} INFO - [2026-03-29T21:53:02.581+0000] {dagbag.py:545} INFO - Filling up the DagBag from /home/airflow/.local/lib/python3.12/site-packages/airflow/example_dags/example_branch_day_of_week_operator.py
[2026-03-29T21:53:02.587+0000] {processor.py:840} INFO - DAG(s) 'example_weekday_branch_operator' retrieved from /home/airflow/.local/lib/python3.12/site-packages/airflow/example_dags/example_branch_day_of_week_operator.py
[2026-03-29T21:53:02.604+0000] {logging_mixin.py:188} INFO - [2026-03-29T21:53:02.604+0000] {dag.py:3089} INFO - Sync 1 DAGs
[2026-03-29T21:53:02.623+0000] {logging_mixin.py:188} INFO - [2026-03-29T21:53:02.623+0000] {dag.py:3947} INFO - Setting next_dagrun for example_weekday_branch_operator to 2026-03-28 00:00:00+00:00, run_after=2026-03-29 00:00:00+00:00
[2026-03-29T21:53:02.641+0000] {processor.py:183} INFO - Processing /home/airflow/.local/lib/python3.12/site-packages/airflow/example_dags/example_branch_day_of_week_operator.py took 0.072 seconds
[2026-03-29T21:53:32.767+0000] {processor.py:161} INFO - Started process (PID=2381) to work on /home/airflow/.local/lib/python3.12/site-packages/airflow/example_dags/example_branch_day_of_week_operator.py
[2026-03-29T21:53:32.769+0000] {processor.py:830} INFO - Processing file /home/airflow/.local/lib/python3.12/site-packages/airflow/example_dags/example_branch_day_of_week_operator.py for tasks to queue
[2026-03-29T21:53:32.771+0000] {logging_mixin.py:188} INFO - [2026-03-29T21:53:32.771+0000] {dagbag.py:545} INFO - Filling up the DagBag from /home/airflow/.local/lib/python3.12/site-packages/airflow/example_dags/example_branch_day_of_week_operator.py
[2026-03-29T21:53:32.777+0000] {processor.py:840} INFO - DAG(s) 'example_weekday_branch_operator' retrieved from /home/airflow/.local/lib/python3.12/site-packages/airflow/example_dags/example_branch_day_of_week_operator.py
[2026-03-29T21:53:32.793+0000] {logging_mixin.py:188} INFO - [2026-03-29T21:53:32.793+0000] {dag.py:3089} INFO - Sync 1 DAGs
[2026-03-29T21:53:32.809+0000] {logging_mixin.py:188} INFO - [2026-03-29T21:53:32.808+0000] {dag.py:3947} INFO - Setting next_dagrun for example_weekday_branch_operator to 2026-03-28 00:00:00+00:00, run_after=2026-03-29 00:00:00+00:00
[2026-03-29T21:53:32.830+0000] {processor.py:183} INFO - Processing /home/airflow/.local/lib/python3.12/site-packages/airflow/example_dags/example_branch_day_of_week_operator.py took 0.070 seconds
[2026-03-29T21:54:04.074+0000] {processor.py:161} INFO - Started process (PID=2433) to work on /home/airflow/.local/lib/python3.12/site-packages/airflow/example_dags/example_branch_day_of_week_operator.py
[2026-03-29T21:54:04.075+0000] {processor.py:830} INFO - Processing file /home/airflow/.local/lib/python3.12/site-packages/airflow/example_dags/example_branch_day_of_week_operator.py for tasks to queue
[2026-03-29T21:54:04.077+0000] {logging_mixin.py:188} INFO - [2026-03-29T21:54:04.076+0000] {dagbag.py:545} INFO - Filling up the DagBag from /home/airflow/.local/lib/python3.12/site-packages/airflow/example_dags/example_branch_day_of_week_operator.py
[2026-03-29T21:54:04.082+0000] {processor.py:840} INFO - DAG(s) 'example_weekday_branch_operator' retrieved from /home/airflow/.local/lib/python3.12/site-packages/airflow/example_dags/example_branch_day_of_week_operator.py
[2026-03-29T21:54:04.103+0000] {logging_mixin.py:188} INFO - [2026-03-29T21:54:04.103+0000] {dag.py:3089} INFO - Sync 1 DAGs
[2026-03-29T21:54:04.122+0000] {logging_mixin.py:188} INFO - [2026-03-29T21:54:04.122+0000] {dag.py:3947} INFO - Setting next_dagrun for example_weekday_branch_operator to 2026-03-28 00:00:00+00:00, run_after=2026-03-29 00:00:00+00:00
[2026-03-29T21:54:04.144+0000] {processor.py:183} INFO - Processing /home/airflow/.local/lib/python3.12/site-packages/airflow/example_dags/example_branch_day_of_week_operator.py took 0.078 seconds
[2026-03-29T21:54:34.571+0000] {processor.py:161} INFO - Started process (PID=2485) to work on /home/airflow/.local/lib/python3.12/site-packages/airflow/example_dags/example_branch_day_of_week_operator.py
[2026-03-29T21:54:34.573+0000] {processor.py:830} INFO - Processing file /home/airflow/.local/lib/python3.12/site-packages/airflow/example_dags/example_branch_day_of_week_operator.py for tasks to queue
[2026-03-29T21:54:34.576+0000] {logging_mixin.py:188} INFO - [2026-03-29T21:54:34.576+0000] {dagbag.py:545} INFO - Filling up the DagBag from /home/airflow/.local/lib/python3.12/site-packages/airflow/example_dags/example_branch_day_of_week_operator.py
[2026-03-29T21:54:34.582+0000] {processor.py:840} INFO - DAG(s) 'example_weekday_branch_operator' retrieved from /home/airflow/.local/lib/python3.12/site-packages/airflow/example_dags/example_branch_day_of_week_operator.py
[2026-03-29T21:54:34.597+0000] {logging_mixin.py:188} INFO - [2026-03-29T21:54:34.597+0000] {dag.py:3089} INFO - Sync 1 DAGs
[2026-03-29T21:54:34.613+0000] {logging_mixin.py:188} INFO - [2026-03-29T21:54:34.613+0000] {dag.py:3947} INFO - Setting next_dagrun for example_weekday_branch_operator to 2026-03-28 00:00:00+00:00, run_after=2026-03-29 00:00:00+00:00
[2026-03-29T21:54:34.626+0000] {processor.py:183} INFO - Processing /home/airflow/.local/lib/python3.12/site-packages/airflow/example_dags/example_branch_day_of_week_operator.py took 0.059 seconds
[2026-03-29T21:55:04.933+0000] {processor.py:161} INFO - Started process (PID=2537) to work on /home/airflow/.local/lib/python3.12/site-packages/airflow/example_dags/example_branch_day_of_week_operator.py
[2026-03-29T21:55:04.935+0000] {processor.py:830} INFO - Processing file /home/airflow/.local/lib/python3.12/site-packages/airflow/example_dags/example_branch_day_of_week_operator.py for tasks to queue
[2026-03-29T21:55:04.937+0000] {logging_mixin.py:188} INFO - [2026-03-29T21:55:04.937+0000] {dagbag.py:545} INFO - Filling up the DagBag from /home/airflow/.local/lib/python3.12/site-packages/airflow/example_dags/example_branch_day_of_week_operator.py
[2026-03-29T21:55:04.944+0000] {processor.py:840} INFO - DAG(s) 'example_weekday_branch_operator' retrieved from /home/airflow/.local/lib/python3.12/site-packages/airflow/example_dags/example_branch_day_of_week_operator.py
[2026-03-29T21:55:04.960+0000] {logging_mixin.py:188} INFO - [2026-03-29T21:55:04.960+0000] {dag.py:3089} INFO - Sync 1 DAGs
[2026-03-29T21:55:04.978+0000] {logging_mixin.py:188} INFO - [2026-03-29T21:55:04.978+0000] {dag.py:3947} INFO - Setting next_dagrun for example_weekday_branch_operator to 2026-03-28 00:00:00+00:00, run_after=2026-03-29 00:00:00+00:00
[2026-03-29T21:55:04.994+0000] {processor.py:183} INFO - Processing /home/airflow/.local/lib/python3.12/site-packages/airflow/example_dags/example_branch_day_of_week_operator.py took 0.069 seconds
[2026-03-29T21:55:35.693+0000] {processor.py:161} INFO - Started process (PID=2589) to work on /home/airflow/.local/lib/python3.12/site-packages/airflow/example_dags/example_branch_day_of_week_operator.py
[2026-03-29T21:55:35.694+0000] {processor.py:830} INFO - Processing file /home/airflow/.local/lib/python3.12/site-packages/airflow/example_dags/example_branch_day_of_week_operator.py for tasks to queue
[2026-03-29T21:55:35.696+0000] {logging_mixin.py:188} INFO - [2026-03-29T21:55:35.696+0000] {dagbag.py:545} INFO - Filling up the DagBag from /home/airflow/.local/lib/python3.12/site-packages/airflow/example_dags/example_branch_day_of_week_operator.py
[2026-03-29T21:55:35.702+0000] {processor.py:840} INFO - DAG(s) 'example_weekday_branch_operator' retrieved from /home/airflow/.local/lib/python3.12/site-packages/airflow/example_dags/example_branch_day_of_week_operator.py
[2026-03-29T21:55:35.719+0000] {logging_mixin.py:188} INFO - [2026-03-29T21:55:35.719+0000] {dag.py:3089} INFO - Sync 1 DAGs
[2026-03-29T21:55:35.737+0000] {logging_mixin.py:188} INFO - [2026-03-29T21:55:35.737+0000] {dag.py:3947} INFO - Setting next_dagrun for example_weekday_branch_operator to 2026-03-28 00:00:00+00:00, run_after=2026-03-29 00:00:00+00:00
[2026-03-29T21:55:35.756+0000] {processor.py:183} INFO - Processing /home/airflow/.local/lib/python3.12/site-packages/airflow/example_dags/example_branch_day_of_week_operator.py took 0.068 seconds
[2026-03-29T21:56:06.043+0000] {processor.py:161} INFO - Started process (PID=2641) to work on /home/airflow/.local/lib/python3.12/site-packages/airflow/example_dags/example_branch_day_of_week_operator.py
[2026-03-29T21:56:06.045+0000] {processor.py:830} INFO - Processing file /home/airflow/.local/lib/python3.12/site-packages/airflow/example_dags/example_branch_day_of_week_operator.py for tasks to queue
[2026-03-29T21:56:06.046+0000] {logging_mixin.py:188} INFO - [2026-03-29T21:56:06.046+0000] {dagbag.py:545} INFO - Filling up the DagBag from /home/airflow/.local/lib/python3.12/site-packages/airflow/example_dags/example_branch_day_of_week_operator.py
[2026-03-29T21:56:06.053+0000] {processor.py:840} INFO - DAG(s) 'example_weekday_branch_operator' retrieved from /home/airflow/.local/lib/python3.12/site-packages/airflow/example_dags/example_branch_day_of_week_operator.py
[2026-03-29T21:56:06.068+0000] {logging_mixin.py:188} INFO - [2026-03-29T21:56:06.068+0000] {dag.py:3089} INFO - Sync 1 DAGs
[2026-03-29T21:56:06.083+0000] {logging_mixin.py:188} INFO - [2026-03-29T21:56:06.083+0000] {dag.py:3947} INFO - Setting next_dagrun for example_weekday_branch_operator to 2026-03-28 00:00:00+00:00, run_after=2026-03-29 00:00:00+00:00
[2026-03-29T21:56:06.100+0000] {processor.py:183} INFO - Processing /home/airflow/.local/lib/python3.12/site-packages/airflow/example_dags/example_branch_day_of_week_operator.py took 0.061 seconds
[2026-03-29T21:56:36.832+0000] {processor.py:161} INFO - Started process (PID=2693) to work on /home/airflow/.local/lib/python3.12/site-packages/airflow/example_dags/example_branch_day_of_week_operator.py
[2026-03-29T21:56:36.834+0000] {processor.py:830} INFO - Processing file /home/airflow/.local/lib/python3.12/site-packages/airflow/example_dags/example_branch_day_of_week_operator.py for tasks to queue
[2026-03-29T21:56:36.837+0000] {logging_mixin.py:188} INFO - [2026-03-29T21:56:36.837+0000] {dagbag.py:545} INFO - Filling up the DagBag from /home/airflow/.local/lib/python3.12/site-packages/airflow/example_dags/example_branch_day_of_week_operator.py
[2026-03-29T21:56:36.849+0000] {processor.py:840} INFO - DAG(s) 'example_weekday_branch_operator' retrieved from /home/airflow/.local/lib/python3.12/site-packages/airflow/example_dags/example_branch_day_of_week_operator.py
[2026-03-29T21:56:36.869+0000] {logging_mixin.py:188} INFO - [2026-03-29T21:56:36.869+0000] {dag.py:3089} INFO - Sync 1 DAGs
[2026-03-29T21:56:36.890+0000] {logging_mixin.py:188} INFO - [2026-03-29T21:56:36.890+0000] {dag.py:3947} INFO - Setting next_dagrun for example_weekday_branch_operator to 2026-03-28 00:00:00+00:00, run_after=2026-03-29 00:00:00+00:00
[2026-03-29T21:56:36.909+0000] {processor.py:183} INFO - Processing /home/airflow/.local/lib/python3.12/site-packages/airflow/example_dags/example_branch_day_of_week_operator.py took 0.084 seconds
[2026-03-29T21:57:07.685+0000] {processor.py:161} INFO - Started process (PID=2745) to work on /home/airflow/.local/lib/python3.12/site-packages/airflow/example_dags/example_branch_day_of_week_operator.py
[2026-03-29T21:57:07.686+0000] {processor.py:830} INFO - Processing file /home/airflow/.local/lib/python3.12/site-packages/airflow/example_dags/example_branch_day_of_week_operator.py for tasks to queue
[2026-03-29T21:57:07.688+0000] {logging_mixin.py:188} INFO - [2026-03-29T21:57:07.688+0000] {dagbag.py:545} INFO - Filling up the DagBag from /home/airflow/.local/lib/python3.12/site-packages/airflow/example_dags/example_branch_day_of_week_operator.py
[2026-03-29T21:57:07.696+0000] {processor.py:840} INFO - DAG(s) 'example_weekday_branch_operator' retrieved from /home/airflow/.local/lib/python3.12/site-packages/airflow/example_dags/example_branch_day_of_week_operator.py
[2026-03-29T21:57:07.719+0000] {logging_mixin.py:188} INFO - [2026-03-29T21:57:07.719+0000] {dag.py:3089} INFO - Sync 1 DAGs
[2026-03-29T21:57:07.739+0000] {logging_mixin.py:188} INFO - [2026-03-29T21:57:07.739+0000] {dag.py:3947} INFO - Setting next_dagrun for example_weekday_branch_operator to 2026-03-28 00:00:00+00:00, run_after=2026-03-29 00:00:00+00:00
[2026-03-29T21:57:07.754+0000] {processor.py:183} INFO - Processing /home/airflow/.local/lib/python3.12/site-packages/airflow/example_dags/example_branch_day_of_week_operator.py took 0.076 seconds
[2026-03-29T21:57:37.801+0000] {processor.py:161} INFO - Started process (PID=2797) to work on /home/airflow/.local/lib/python3.12/site-packages/airflow/example_dags/example_branch_day_of_week_operator.py
[2026-03-29T21:57:37.802+0000] {processor.py:830} INFO - Processing file /home/airflow/.local/lib/python3.12/site-packages/airflow/example_dags/example_branch_day_of_week_operator.py for tasks to queue
[2026-03-29T21:57:37.805+0000] {logging_mixin.py:188} INFO - [2026-03-29T21:57:37.804+0000] {dagbag.py:545} INFO - Filling up the DagBag from /home/airflow/.local/lib/python3.12/site-packages/airflow/example_dags/example_branch_day_of_week_operator.py
[2026-03-29T21:57:37.811+0000] {processor.py:840} INFO - DAG(s) 'example_weekday_branch_operator' retrieved from /home/airflow/.local/lib/python3.12/site-packages/airflow/example_dags/example_branch_day_of_week_operator.py
[2026-03-29T21:57:37.828+0000] {logging_mixin.py:188} INFO - [2026-03-29T21:57:37.828+0000] {dag.py:3089} INFO - Sync 1 DAGs
[2026-03-29T21:57:37.843+0000] {logging_mixin.py:188} INFO - [2026-03-29T21:57:37.843+0000] {dag.py:3947} INFO - Setting next_dagrun for example_weekday_branch_operator to 2026-03-28 00:00:00+00:00, run_after=2026-03-29 00:00:00+00:00
[2026-03-29T21:57:37.856+0000] {processor.py:183} INFO - Processing /home/airflow/.local/lib/python3.12/site-packages/airflow/example_dags/example_branch_day_of_week_operator.py took 0.059 seconds
[2026-03-29T21:58:08.679+0000] {processor.py:161} INFO - Started process (PID=2848) to work on /home/airflow/.local/lib/python3.12/site-packages/airflow/example_dags/example_branch_day_of_week_operator.py
[2026-03-29T21:58:08.682+0000] {processor.py:830} INFO - Processing file /home/airflow/.local/lib/python3.12/site-packages/airflow/example_dags/example_branch_day_of_week_operator.py for tasks to queue
[2026-03-29T21:58:08.685+0000] {logging_mixin.py:188} INFO - [2026-03-29T21:58:08.685+0000] {dagbag.py:545} INFO - Filling up the DagBag from /home/airflow/.local/lib/python3.12/site-packages/airflow/example_dags/example_branch_day_of_week_operator.py
[2026-03-29T21:58:08.691+0000] {processor.py:840} INFO - DAG(s) 'example_weekday_branch_operator' retrieved from /home/airflow/.local/lib/python3.12/site-packages/airflow/example_dags/example_branch_day_of_week_operator.py
[2026-03-29T21:58:08.709+0000] {logging_mixin.py:188} INFO - [2026-03-29T21:58:08.709+0000] {dag.py:3089} INFO - Sync 1 DAGs
[2026-03-29T21:58:08.727+0000] {logging_mixin.py:188} INFO - [2026-03-29T21:58:08.726+0000] {dag.py:3947} INFO - Setting next_dagrun for example_weekday_branch_operator to 2026-03-28 00:00:00+00:00, run_after=2026-03-29 00:00:00+00:00
[2026-03-29T21:58:08.740+0000] {processor.py:183} INFO - Processing /home/airflow/.local/lib/python3.12/site-packages/airflow/example_dags/example_branch_day_of_week_operator.py took 0.065 seconds
