[2026-03-29T21:30:28.216+0000] {processor.py:161} INFO - Started process (PID=29) to work on /home/airflow/.local/lib/python3.12/site-packages/airflow/example_dags/example_kubernetes_executor.py
[2026-03-29T21:30:28.220+0000] {processor.py:830} INFO - Processing file /home/airflow/.local/lib/python3.12/site-packages/airflow/example_dags/example_kubernetes_executor.py for tasks to queue
[2026-03-29T21:30:28.227+0000] {logging_mixin.py:188} INFO - [2026-03-29T21:30:28.226+0000] {dagbag.py:545} INFO - Filling up the DagBag from /home/airflow/.local/lib/python3.12/site-packages/airflow/example_dags/example_kubernetes_executor.py
[2026-03-29T21:30:28.304+0000] {processor.py:840} INFO - DAG(s) 'example_kubernetes_executor' retrieved from /home/airflow/.local/lib/python3.12/site-packages/airflow/example_dags/example_kubernetes_executor.py
[2026-03-29T21:30:28.379+0000] {logging_mixin.py:188} INFO - [2026-03-29T21:30:28.378+0000] {dag.py:3089} INFO - Sync 1 DAGs
[2026-03-29T21:30:28.412+0000] {logging_mixin.py:188} INFO - [2026-03-29T21:30:28.412+0000] {dag.py:3947} INFO - Setting next_dagrun for example_kubernetes_executor to None, run_after=None
[2026-03-29T21:30:28.474+0000] {processor.py:183} INFO - Processing /home/airflow/.local/lib/python3.12/site-packages/airflow/example_dags/example_kubernetes_executor.py took 0.273 seconds
[2026-03-29T21:30:59.247+0000] {processor.py:161} INFO - Started process (PID=81) to work on /home/airflow/.local/lib/python3.12/site-packages/airflow/example_dags/example_kubernetes_executor.py
[2026-03-29T21:30:59.252+0000] {processor.py:830} INFO - Processing file /home/airflow/.local/lib/python3.12/site-packages/airflow/example_dags/example_kubernetes_executor.py for tasks to queue
[2026-03-29T21:30:59.267+0000] {logging_mixin.py:188} INFO - [2026-03-29T21:30:59.266+0000] {dagbag.py:545} INFO - Filling up the DagBag from /home/airflow/.local/lib/python3.12/site-packages/airflow/example_dags/example_kubernetes_executor.py
[2026-03-29T21:30:59.331+0000] {processor.py:840} INFO - DAG(s) 'example_kubernetes_executor' retrieved from /home/airflow/.local/lib/python3.12/site-packages/airflow/example_dags/example_kubernetes_executor.py
[2026-03-29T21:31:00.019+0000] {logging_mixin.py:188} INFO - [2026-03-29T21:31:00.019+0000] {dag.py:3089} INFO - Sync 1 DAGs
[2026-03-29T21:31:00.039+0000] {logging_mixin.py:188} INFO - [2026-03-29T21:31:00.039+0000] {dag.py:3947} INFO - Setting next_dagrun for example_kubernetes_executor to None, run_after=None
[2026-03-29T21:31:00.094+0000] {processor.py:183} INFO - Processing /home/airflow/.local/lib/python3.12/site-packages/airflow/example_dags/example_kubernetes_executor.py took 0.881 seconds
[2026-03-29T21:31:30.867+0000] {processor.py:161} INFO - Started process (PID=133) to work on /home/airflow/.local/lib/python3.12/site-packages/airflow/example_dags/example_kubernetes_executor.py
[2026-03-29T21:31:30.869+0000] {processor.py:830} INFO - Processing file /home/airflow/.local/lib/python3.12/site-packages/airflow/example_dags/example_kubernetes_executor.py for tasks to queue
[2026-03-29T21:31:30.875+0000] {logging_mixin.py:188} INFO - [2026-03-29T21:31:30.874+0000] {dagbag.py:545} INFO - Filling up the DagBag from /home/airflow/.local/lib/python3.12/site-packages/airflow/example_dags/example_kubernetes_executor.py
[2026-03-29T21:31:30.904+0000] {processor.py:840} INFO - DAG(s) 'example_kubernetes_executor' retrieved from /home/airflow/.local/lib/python3.12/site-packages/airflow/example_dags/example_kubernetes_executor.py
[2026-03-29T21:31:30.986+0000] {logging_mixin.py:188} INFO - [2026-03-29T21:31:30.985+0000] {dag.py:3089} INFO - Sync 1 DAGs
[2026-03-29T21:31:31.004+0000] {logging_mixin.py:188} INFO - [2026-03-29T21:31:31.003+0000] {dag.py:3947} INFO - Setting next_dagrun for example_kubernetes_executor to None, run_after=None
[2026-03-29T21:31:31.033+0000] {processor.py:183} INFO - Processing /home/airflow/.local/lib/python3.12/site-packages/airflow/example_dags/example_kubernetes_executor.py took 0.181 seconds
[2026-03-29T21:32:02.098+0000] {processor.py:161} INFO - Started process (PID=185) to work on /home/airflow/.local/lib/python3.12/site-packages/airflow/example_dags/example_kubernetes_executor.py
[2026-03-29T21:32:02.104+0000] {processor.py:830} INFO - Processing file /home/airflow/.local/lib/python3.12/site-packages/airflow/example_dags/example_kubernetes_executor.py for tasks to queue
[2026-03-29T21:32:02.114+0000] {logging_mixin.py:188} INFO - [2026-03-29T21:32:02.113+0000] {dagbag.py:545} INFO - Filling up the DagBag from /home/airflow/.local/lib/python3.12/site-packages/airflow/example_dags/example_kubernetes_executor.py
[2026-03-29T21:32:02.207+0000] {processor.py:840} INFO - DAG(s) 'example_kubernetes_executor' retrieved from /home/airflow/.local/lib/python3.12/site-packages/airflow/example_dags/example_kubernetes_executor.py
[2026-03-29T21:32:02.535+0000] {logging_mixin.py:188} INFO - [2026-03-29T21:32:02.534+0000] {dag.py:3089} INFO - Sync 1 DAGs
[2026-03-29T21:32:02.604+0000] {logging_mixin.py:188} INFO - [2026-03-29T21:32:02.604+0000] {dag.py:3947} INFO - Setting next_dagrun for example_kubernetes_executor to None, run_after=None
[2026-03-29T21:32:02.652+0000] {processor.py:183} INFO - Processing /home/airflow/.local/lib/python3.12/site-packages/airflow/example_dags/example_kubernetes_executor.py took 0.622 seconds
[2026-03-29T21:32:32.752+0000] {processor.py:161} INFO - Started process (PID=237) to work on /home/airflow/.local/lib/python3.12/site-packages/airflow/example_dags/example_kubernetes_executor.py
[2026-03-29T21:32:32.754+0000] {processor.py:830} INFO - Processing file /home/airflow/.local/lib/python3.12/site-packages/airflow/example_dags/example_kubernetes_executor.py for tasks to queue
[2026-03-29T21:32:32.763+0000] {logging_mixin.py:188} INFO - [2026-03-29T21:32:32.762+0000] {dagbag.py:545} INFO - Filling up the DagBag from /home/airflow/.local/lib/python3.12/site-packages/airflow/example_dags/example_kubernetes_executor.py
[2026-03-29T21:32:32.796+0000] {processor.py:840} INFO - DAG(s) 'example_kubernetes_executor' retrieved from /home/airflow/.local/lib/python3.12/site-packages/airflow/example_dags/example_kubernetes_executor.py
[2026-03-29T21:32:32.867+0000] {logging_mixin.py:188} INFO - [2026-03-29T21:32:32.867+0000] {dag.py:3089} INFO - Sync 1 DAGs
[2026-03-29T21:32:32.882+0000] {logging_mixin.py:188} INFO - [2026-03-29T21:32:32.881+0000] {dag.py:3947} INFO - Setting next_dagrun for example_kubernetes_executor to None, run_after=None
[2026-03-29T21:32:32.900+0000] {processor.py:183} INFO - Processing /home/airflow/.local/lib/python3.12/site-packages/airflow/example_dags/example_kubernetes_executor.py took 0.169 seconds
[2026-03-29T21:33:03.093+0000] {processor.py:161} INFO - Started process (PID=289) to work on /home/airflow/.local/lib/python3.12/site-packages/airflow/example_dags/example_kubernetes_executor.py
[2026-03-29T21:33:03.096+0000] {processor.py:830} INFO - Processing file /home/airflow/.local/lib/python3.12/site-packages/airflow/example_dags/example_kubernetes_executor.py for tasks to queue
[2026-03-29T21:33:03.104+0000] {logging_mixin.py:188} INFO - [2026-03-29T21:33:03.103+0000] {dagbag.py:545} INFO - Filling up the DagBag from /home/airflow/.local/lib/python3.12/site-packages/airflow/example_dags/example_kubernetes_executor.py
[2026-03-29T21:33:03.165+0000] {processor.py:840} INFO - DAG(s) 'example_kubernetes_executor' retrieved from /home/airflow/.local/lib/python3.12/site-packages/airflow/example_dags/example_kubernetes_executor.py
[2026-03-29T21:33:03.271+0000] {logging_mixin.py:188} INFO - [2026-03-29T21:33:03.270+0000] {dag.py:3089} INFO - Sync 1 DAGs
[2026-03-29T21:33:03.296+0000] {logging_mixin.py:188} INFO - [2026-03-29T21:33:03.295+0000] {dag.py:3947} INFO - Setting next_dagrun for example_kubernetes_executor to None, run_after=None
[2026-03-29T21:33:03.323+0000] {processor.py:183} INFO - Processing /home/airflow/.local/lib/python3.12/site-packages/airflow/example_dags/example_kubernetes_executor.py took 0.251 seconds
[2026-03-29T21:33:33.795+0000] {processor.py:161} INFO - Started process (PID=341) to work on /home/airflow/.local/lib/python3.12/site-packages/airflow/example_dags/example_kubernetes_executor.py
[2026-03-29T21:33:33.797+0000] {processor.py:830} INFO - Processing file /home/airflow/.local/lib/python3.12/site-packages/airflow/example_dags/example_kubernetes_executor.py for tasks to queue
[2026-03-29T21:33:33.801+0000] {logging_mixin.py:188} INFO - [2026-03-29T21:33:33.801+0000] {dagbag.py:545} INFO - Filling up the DagBag from /home/airflow/.local/lib/python3.12/site-packages/airflow/example_dags/example_kubernetes_executor.py
[2026-03-29T21:33:33.824+0000] {processor.py:840} INFO - DAG(s) 'example_kubernetes_executor' retrieved from /home/airflow/.local/lib/python3.12/site-packages/airflow/example_dags/example_kubernetes_executor.py
[2026-03-29T21:33:33.876+0000] {logging_mixin.py:188} INFO - [2026-03-29T21:33:33.876+0000] {dag.py:3089} INFO - Sync 1 DAGs
[2026-03-29T21:33:33.895+0000] {logging_mixin.py:188} INFO - [2026-03-29T21:33:33.895+0000] {dag.py:3947} INFO - Setting next_dagrun for example_kubernetes_executor to None, run_after=None
[2026-03-29T21:33:33.916+0000] {processor.py:183} INFO - Processing /home/airflow/.local/lib/python3.12/site-packages/airflow/example_dags/example_kubernetes_executor.py took 0.135 seconds
[2026-03-29T21:34:04.436+0000] {processor.py:161} INFO - Started process (PID=393) to work on /home/airflow/.local/lib/python3.12/site-packages/airflow/example_dags/example_kubernetes_executor.py
[2026-03-29T21:34:04.441+0000] {processor.py:830} INFO - Processing file /home/airflow/.local/lib/python3.12/site-packages/airflow/example_dags/example_kubernetes_executor.py for tasks to queue
[2026-03-29T21:34:04.447+0000] {logging_mixin.py:188} INFO - [2026-03-29T21:34:04.446+0000] {dagbag.py:545} INFO - Filling up the DagBag from /home/airflow/.local/lib/python3.12/site-packages/airflow/example_dags/example_kubernetes_executor.py
[2026-03-29T21:34:04.483+0000] {processor.py:840} INFO - DAG(s) 'example_kubernetes_executor' retrieved from /home/airflow/.local/lib/python3.12/site-packages/airflow/example_dags/example_kubernetes_executor.py
[2026-03-29T21:34:04.580+0000] {logging_mixin.py:188} INFO - [2026-03-29T21:34:04.580+0000] {dag.py:3089} INFO - Sync 1 DAGs
[2026-03-29T21:34:04.602+0000] {logging_mixin.py:188} INFO - [2026-03-29T21:34:04.602+0000] {dag.py:3947} INFO - Setting next_dagrun for example_kubernetes_executor to None, run_after=None
[2026-03-29T21:34:04.626+0000] {processor.py:183} INFO - Processing /home/airflow/.local/lib/python3.12/site-packages/airflow/example_dags/example_kubernetes_executor.py took 0.212 seconds
[2026-03-29T21:34:35.627+0000] {processor.py:161} INFO - Started process (PID=445) to work on /home/airflow/.local/lib/python3.12/site-packages/airflow/example_dags/example_kubernetes_executor.py
[2026-03-29T21:34:35.630+0000] {processor.py:830} INFO - Processing file /home/airflow/.local/lib/python3.12/site-packages/airflow/example_dags/example_kubernetes_executor.py for tasks to queue
[2026-03-29T21:34:35.638+0000] {logging_mixin.py:188} INFO - [2026-03-29T21:34:35.636+0000] {dagbag.py:545} INFO - Filling up the DagBag from /home/airflow/.local/lib/python3.12/site-packages/airflow/example_dags/example_kubernetes_executor.py
[2026-03-29T21:34:35.666+0000] {processor.py:840} INFO - DAG(s) 'example_kubernetes_executor' retrieved from /home/airflow/.local/lib/python3.12/site-packages/airflow/example_dags/example_kubernetes_executor.py
[2026-03-29T21:34:35.757+0000] {logging_mixin.py:188} INFO - [2026-03-29T21:34:35.756+0000] {dag.py:3089} INFO - Sync 1 DAGs
[2026-03-29T21:34:35.783+0000] {logging_mixin.py:188} INFO - [2026-03-29T21:34:35.783+0000] {dag.py:3947} INFO - Setting next_dagrun for example_kubernetes_executor to None, run_after=None
[2026-03-29T21:34:35.815+0000] {processor.py:183} INFO - Processing /home/airflow/.local/lib/python3.12/site-packages/airflow/example_dags/example_kubernetes_executor.py took 0.218 seconds
[2026-03-29T21:35:06.014+0000] {processor.py:161} INFO - Started process (PID=497) to work on /home/airflow/.local/lib/python3.12/site-packages/airflow/example_dags/example_kubernetes_executor.py
[2026-03-29T21:35:06.017+0000] {processor.py:830} INFO - Processing file /home/airflow/.local/lib/python3.12/site-packages/airflow/example_dags/example_kubernetes_executor.py for tasks to queue
[2026-03-29T21:35:06.024+0000] {logging_mixin.py:188} INFO - [2026-03-29T21:35:06.024+0000] {dagbag.py:545} INFO - Filling up the DagBag from /home/airflow/.local/lib/python3.12/site-packages/airflow/example_dags/example_kubernetes_executor.py
[2026-03-29T21:35:06.055+0000] {processor.py:840} INFO - DAG(s) 'example_kubernetes_executor' retrieved from /home/airflow/.local/lib/python3.12/site-packages/airflow/example_dags/example_kubernetes_executor.py
[2026-03-29T21:35:06.130+0000] {logging_mixin.py:188} INFO - [2026-03-29T21:35:06.129+0000] {dag.py:3089} INFO - Sync 1 DAGs
[2026-03-29T21:35:06.155+0000] {logging_mixin.py:188} INFO - [2026-03-29T21:35:06.155+0000] {dag.py:3947} INFO - Setting next_dagrun for example_kubernetes_executor to None, run_after=None
[2026-03-29T21:35:06.173+0000] {processor.py:183} INFO - Processing /home/airflow/.local/lib/python3.12/site-packages/airflow/example_dags/example_kubernetes_executor.py took 0.188 seconds
[2026-03-29T21:35:37.016+0000] {processor.py:161} INFO - Started process (PID=549) to work on /home/airflow/.local/lib/python3.12/site-packages/airflow/example_dags/example_kubernetes_executor.py
[2026-03-29T21:35:37.020+0000] {processor.py:830} INFO - Processing file /home/airflow/.local/lib/python3.12/site-packages/airflow/example_dags/example_kubernetes_executor.py for tasks to queue
[2026-03-29T21:35:37.032+0000] {logging_mixin.py:188} INFO - [2026-03-29T21:35:37.030+0000] {dagbag.py:545} INFO - Filling up the DagBag from /home/airflow/.local/lib/python3.12/site-packages/airflow/example_dags/example_kubernetes_executor.py
[2026-03-29T21:35:37.063+0000] {processor.py:840} INFO - DAG(s) 'example_kubernetes_executor' retrieved from /home/airflow/.local/lib/python3.12/site-packages/airflow/example_dags/example_kubernetes_executor.py
[2026-03-29T21:35:37.128+0000] {logging_mixin.py:188} INFO - [2026-03-29T21:35:37.128+0000] {dag.py:3089} INFO - Sync 1 DAGs
[2026-03-29T21:35:37.147+0000] {logging_mixin.py:188} INFO - [2026-03-29T21:35:37.147+0000] {dag.py:3947} INFO - Setting next_dagrun for example_kubernetes_executor to None, run_after=None
[2026-03-29T21:35:37.168+0000] {processor.py:183} INFO - Processing /home/airflow/.local/lib/python3.12/site-packages/airflow/example_dags/example_kubernetes_executor.py took 0.177 seconds
[2026-03-29T21:36:07.533+0000] {processor.py:161} INFO - Started process (PID=601) to work on /home/airflow/.local/lib/python3.12/site-packages/airflow/example_dags/example_kubernetes_executor.py
[2026-03-29T21:36:07.535+0000] {processor.py:830} INFO - Processing file /home/airflow/.local/lib/python3.12/site-packages/airflow/example_dags/example_kubernetes_executor.py for tasks to queue
[2026-03-29T21:36:07.541+0000] {logging_mixin.py:188} INFO - [2026-03-29T21:36:07.539+0000] {dagbag.py:545} INFO - Filling up the DagBag from /home/airflow/.local/lib/python3.12/site-packages/airflow/example_dags/example_kubernetes_executor.py
[2026-03-29T21:36:07.572+0000] {processor.py:840} INFO - DAG(s) 'example_kubernetes_executor' retrieved from /home/airflow/.local/lib/python3.12/site-packages/airflow/example_dags/example_kubernetes_executor.py
[2026-03-29T21:36:07.641+0000] {logging_mixin.py:188} INFO - [2026-03-29T21:36:07.641+0000] {dag.py:3089} INFO - Sync 1 DAGs
[2026-03-29T21:36:07.654+0000] {logging_mixin.py:188} INFO - [2026-03-29T21:36:07.654+0000] {dag.py:3947} INFO - Setting next_dagrun for example_kubernetes_executor to None, run_after=None
[2026-03-29T21:36:07.684+0000] {processor.py:183} INFO - Processing /home/airflow/.local/lib/python3.12/site-packages/airflow/example_dags/example_kubernetes_executor.py took 0.172 seconds
[2026-03-29T21:36:37.879+0000] {processor.py:161} INFO - Started process (PID=653) to work on /home/airflow/.local/lib/python3.12/site-packages/airflow/example_dags/example_kubernetes_executor.py
[2026-03-29T21:36:37.882+0000] {processor.py:830} INFO - Processing file /home/airflow/.local/lib/python3.12/site-packages/airflow/example_dags/example_kubernetes_executor.py for tasks to queue
[2026-03-29T21:36:37.887+0000] {logging_mixin.py:188} INFO - [2026-03-29T21:36:37.887+0000] {dagbag.py:545} INFO - Filling up the DagBag from /home/airflow/.local/lib/python3.12/site-packages/airflow/example_dags/example_kubernetes_executor.py
[2026-03-29T21:36:37.912+0000] {processor.py:840} INFO - DAG(s) 'example_kubernetes_executor' retrieved from /home/airflow/.local/lib/python3.12/site-packages/airflow/example_dags/example_kubernetes_executor.py
[2026-03-29T21:36:37.958+0000] {logging_mixin.py:188} INFO - [2026-03-29T21:36:37.958+0000] {dag.py:3089} INFO - Sync 1 DAGs
[2026-03-29T21:36:37.971+0000] {logging_mixin.py:188} INFO - [2026-03-29T21:36:37.971+0000] {dag.py:3947} INFO - Setting next_dagrun for example_kubernetes_executor to None, run_after=None
[2026-03-29T21:36:37.991+0000] {processor.py:183} INFO - Processing /home/airflow/.local/lib/python3.12/site-packages/airflow/example_dags/example_kubernetes_executor.py took 0.127 seconds
[2026-03-29T21:37:08.637+0000] {processor.py:161} INFO - Started process (PID=705) to work on /home/airflow/.local/lib/python3.12/site-packages/airflow/example_dags/example_kubernetes_executor.py
[2026-03-29T21:37:08.640+0000] {processor.py:830} INFO - Processing file /home/airflow/.local/lib/python3.12/site-packages/airflow/example_dags/example_kubernetes_executor.py for tasks to queue
[2026-03-29T21:37:08.645+0000] {logging_mixin.py:188} INFO - [2026-03-29T21:37:08.645+0000] {dagbag.py:545} INFO - Filling up the DagBag from /home/airflow/.local/lib/python3.12/site-packages/airflow/example_dags/example_kubernetes_executor.py
[2026-03-29T21:37:08.684+0000] {processor.py:840} INFO - DAG(s) 'example_kubernetes_executor' retrieved from /home/airflow/.local/lib/python3.12/site-packages/airflow/example_dags/example_kubernetes_executor.py
[2026-03-29T21:37:08.749+0000] {logging_mixin.py:188} INFO - [2026-03-29T21:37:08.749+0000] {dag.py:3089} INFO - Sync 1 DAGs
[2026-03-29T21:37:08.763+0000] {logging_mixin.py:188} INFO - [2026-03-29T21:37:08.763+0000] {dag.py:3947} INFO - Setting next_dagrun for example_kubernetes_executor to None, run_after=None
[2026-03-29T21:37:08.784+0000] {processor.py:183} INFO - Processing /home/airflow/.local/lib/python3.12/site-packages/airflow/example_dags/example_kubernetes_executor.py took 0.162 seconds
[2026-03-29T21:37:38.849+0000] {processor.py:161} INFO - Started process (PID=757) to work on /home/airflow/.local/lib/python3.12/site-packages/airflow/example_dags/example_kubernetes_executor.py
[2026-03-29T21:37:38.851+0000] {processor.py:830} INFO - Processing file /home/airflow/.local/lib/python3.12/site-packages/airflow/example_dags/example_kubernetes_executor.py for tasks to queue
[2026-03-29T21:37:38.854+0000] {logging_mixin.py:188} INFO - [2026-03-29T21:37:38.853+0000] {dagbag.py:545} INFO - Filling up the DagBag from /home/airflow/.local/lib/python3.12/site-packages/airflow/example_dags/example_kubernetes_executor.py
[2026-03-29T21:37:38.869+0000] {processor.py:840} INFO - DAG(s) 'example_kubernetes_executor' retrieved from /home/airflow/.local/lib/python3.12/site-packages/airflow/example_dags/example_kubernetes_executor.py
[2026-03-29T21:37:38.902+0000] {logging_mixin.py:188} INFO - [2026-03-29T21:37:38.901+0000] {dag.py:3089} INFO - Sync 1 DAGs
[2026-03-29T21:37:38.910+0000] {logging_mixin.py:188} INFO - [2026-03-29T21:37:38.910+0000] {dag.py:3947} INFO - Setting next_dagrun for example_kubernetes_executor to None, run_after=None
[2026-03-29T21:37:38.923+0000] {processor.py:183} INFO - Processing /home/airflow/.local/lib/python3.12/site-packages/airflow/example_dags/example_kubernetes_executor.py took 0.087 seconds
[2026-03-29T21:38:09.434+0000] {processor.py:161} INFO - Started process (PID=809) to work on /home/airflow/.local/lib/python3.12/site-packages/airflow/example_dags/example_kubernetes_executor.py
[2026-03-29T21:38:09.437+0000] {processor.py:830} INFO - Processing file /home/airflow/.local/lib/python3.12/site-packages/airflow/example_dags/example_kubernetes_executor.py for tasks to queue
[2026-03-29T21:38:09.441+0000] {logging_mixin.py:188} INFO - [2026-03-29T21:38:09.440+0000] {dagbag.py:545} INFO - Filling up the DagBag from /home/airflow/.local/lib/python3.12/site-packages/airflow/example_dags/example_kubernetes_executor.py
[2026-03-29T21:38:09.460+0000] {processor.py:840} INFO - DAG(s) 'example_kubernetes_executor' retrieved from /home/airflow/.local/lib/python3.12/site-packages/airflow/example_dags/example_kubernetes_executor.py
[2026-03-29T21:38:09.504+0000] {logging_mixin.py:188} INFO - [2026-03-29T21:38:09.504+0000] {dag.py:3089} INFO - Sync 1 DAGs
[2026-03-29T21:38:09.518+0000] {logging_mixin.py:188} INFO - [2026-03-29T21:38:09.518+0000] {dag.py:3947} INFO - Setting next_dagrun for example_kubernetes_executor to None, run_after=None
[2026-03-29T21:38:09.538+0000] {processor.py:183} INFO - Processing /home/airflow/.local/lib/python3.12/site-packages/airflow/example_dags/example_kubernetes_executor.py took 0.115 seconds
[2026-03-29T21:38:40.042+0000] {processor.py:161} INFO - Started process (PID=861) to work on /home/airflow/.local/lib/python3.12/site-packages/airflow/example_dags/example_kubernetes_executor.py
[2026-03-29T21:38:40.046+0000] {processor.py:830} INFO - Processing file /home/airflow/.local/lib/python3.12/site-packages/airflow/example_dags/example_kubernetes_executor.py for tasks to queue
[2026-03-29T21:38:40.056+0000] {logging_mixin.py:188} INFO - [2026-03-29T21:38:40.052+0000] {dagbag.py:545} INFO - Filling up the DagBag from /home/airflow/.local/lib/python3.12/site-packages/airflow/example_dags/example_kubernetes_executor.py
[2026-03-29T21:38:40.085+0000] {processor.py:840} INFO - DAG(s) 'example_kubernetes_executor' retrieved from /home/airflow/.local/lib/python3.12/site-packages/airflow/example_dags/example_kubernetes_executor.py
[2026-03-29T21:38:40.150+0000] {logging_mixin.py:188} INFO - [2026-03-29T21:38:40.150+0000] {dag.py:3089} INFO - Sync 1 DAGs
[2026-03-29T21:38:40.162+0000] {logging_mixin.py:188} INFO - [2026-03-29T21:38:40.162+0000] {dag.py:3947} INFO - Setting next_dagrun for example_kubernetes_executor to None, run_after=None
[2026-03-29T21:38:40.187+0000] {processor.py:183} INFO - Processing /home/airflow/.local/lib/python3.12/site-packages/airflow/example_dags/example_kubernetes_executor.py took 0.165 seconds
[2026-03-29T21:39:10.499+0000] {processor.py:161} INFO - Started process (PID=913) to work on /home/airflow/.local/lib/python3.12/site-packages/airflow/example_dags/example_kubernetes_executor.py
[2026-03-29T21:39:10.501+0000] {processor.py:830} INFO - Processing file /home/airflow/.local/lib/python3.12/site-packages/airflow/example_dags/example_kubernetes_executor.py for tasks to queue
[2026-03-29T21:39:10.509+0000] {logging_mixin.py:188} INFO - [2026-03-29T21:39:10.507+0000] {dagbag.py:545} INFO - Filling up the DagBag from /home/airflow/.local/lib/python3.12/site-packages/airflow/example_dags/example_kubernetes_executor.py
[2026-03-29T21:39:10.526+0000] {processor.py:840} INFO - DAG(s) 'example_kubernetes_executor' retrieved from /home/airflow/.local/lib/python3.12/site-packages/airflow/example_dags/example_kubernetes_executor.py
[2026-03-29T21:39:10.567+0000] {logging_mixin.py:188} INFO - [2026-03-29T21:39:10.567+0000] {dag.py:3089} INFO - Sync 1 DAGs
[2026-03-29T21:39:10.577+0000] {logging_mixin.py:188} INFO - [2026-03-29T21:39:10.576+0000] {dag.py:3947} INFO - Setting next_dagrun for example_kubernetes_executor to None, run_after=None
[2026-03-29T21:39:10.591+0000] {processor.py:183} INFO - Processing /home/airflow/.local/lib/python3.12/site-packages/airflow/example_dags/example_kubernetes_executor.py took 0.103 seconds
[2026-03-29T21:39:40.720+0000] {processor.py:161} INFO - Started process (PID=965) to work on /home/airflow/.local/lib/python3.12/site-packages/airflow/example_dags/example_kubernetes_executor.py
[2026-03-29T21:39:40.722+0000] {processor.py:830} INFO - Processing file /home/airflow/.local/lib/python3.12/site-packages/airflow/example_dags/example_kubernetes_executor.py for tasks to queue
[2026-03-29T21:39:40.724+0000] {logging_mixin.py:188} INFO - [2026-03-29T21:39:40.724+0000] {dagbag.py:545} INFO - Filling up the DagBag from /home/airflow/.local/lib/python3.12/site-packages/airflow/example_dags/example_kubernetes_executor.py
[2026-03-29T21:39:40.737+0000] {processor.py:840} INFO - DAG(s) 'example_kubernetes_executor' retrieved from /home/airflow/.local/lib/python3.12/site-packages/airflow/example_dags/example_kubernetes_executor.py
[2026-03-29T21:39:40.771+0000] {logging_mixin.py:188} INFO - [2026-03-29T21:39:40.771+0000] {dag.py:3089} INFO - Sync 1 DAGs
[2026-03-29T21:39:40.779+0000] {logging_mixin.py:188} INFO - [2026-03-29T21:39:40.779+0000] {dag.py:3947} INFO - Setting next_dagrun for example_kubernetes_executor to None, run_after=None
[2026-03-29T21:39:40.793+0000] {processor.py:183} INFO - Processing /home/airflow/.local/lib/python3.12/site-packages/airflow/example_dags/example_kubernetes_executor.py took 0.082 seconds
[2026-03-29T21:40:11.556+0000] {processor.py:161} INFO - Started process (PID=1017) to work on /home/airflow/.local/lib/python3.12/site-packages/airflow/example_dags/example_kubernetes_executor.py
[2026-03-29T21:40:11.566+0000] {processor.py:830} INFO - Processing file /home/airflow/.local/lib/python3.12/site-packages/airflow/example_dags/example_kubernetes_executor.py for tasks to queue
[2026-03-29T21:40:11.575+0000] {logging_mixin.py:188} INFO - [2026-03-29T21:40:11.574+0000] {dagbag.py:545} INFO - Filling up the DagBag from /home/airflow/.local/lib/python3.12/site-packages/airflow/example_dags/example_kubernetes_executor.py
[2026-03-29T21:40:11.612+0000] {processor.py:840} INFO - DAG(s) 'example_kubernetes_executor' retrieved from /home/airflow/.local/lib/python3.12/site-packages/airflow/example_dags/example_kubernetes_executor.py
[2026-03-29T21:40:11.685+0000] {logging_mixin.py:188} INFO - [2026-03-29T21:40:11.685+0000] {dag.py:3089} INFO - Sync 1 DAGs
[2026-03-29T21:40:11.707+0000] {logging_mixin.py:188} INFO - [2026-03-29T21:40:11.707+0000] {dag.py:3947} INFO - Setting next_dagrun for example_kubernetes_executor to None, run_after=None
[2026-03-29T21:40:11.736+0000] {processor.py:183} INFO - Processing /home/airflow/.local/lib/python3.12/site-packages/airflow/example_dags/example_kubernetes_executor.py took 0.204 seconds
[2026-03-29T21:40:42.723+0000] {processor.py:161} INFO - Started process (PID=1069) to work on /home/airflow/.local/lib/python3.12/site-packages/airflow/example_dags/example_kubernetes_executor.py
[2026-03-29T21:40:42.728+0000] {processor.py:830} INFO - Processing file /home/airflow/.local/lib/python3.12/site-packages/airflow/example_dags/example_kubernetes_executor.py for tasks to queue
[2026-03-29T21:40:42.740+0000] {logging_mixin.py:188} INFO - [2026-03-29T21:40:42.739+0000] {dagbag.py:545} INFO - Filling up the DagBag from /home/airflow/.local/lib/python3.12/site-packages/airflow/example_dags/example_kubernetes_executor.py
[2026-03-29T21:40:42.779+0000] {processor.py:840} INFO - DAG(s) 'example_kubernetes_executor' retrieved from /home/airflow/.local/lib/python3.12/site-packages/airflow/example_dags/example_kubernetes_executor.py
[2026-03-29T21:40:42.857+0000] {logging_mixin.py:188} INFO - [2026-03-29T21:40:42.857+0000] {dag.py:3089} INFO - Sync 1 DAGs
[2026-03-29T21:40:42.872+0000] {logging_mixin.py:188} INFO - [2026-03-29T21:40:42.872+0000] {dag.py:3947} INFO - Setting next_dagrun for example_kubernetes_executor to None, run_after=None
[2026-03-29T21:40:42.895+0000] {processor.py:183} INFO - Processing /home/airflow/.local/lib/python3.12/site-packages/airflow/example_dags/example_kubernetes_executor.py took 0.197 seconds
[2026-03-29T21:41:13.619+0000] {processor.py:161} INFO - Started process (PID=1121) to work on /home/airflow/.local/lib/python3.12/site-packages/airflow/example_dags/example_kubernetes_executor.py
[2026-03-29T21:41:13.622+0000] {processor.py:830} INFO - Processing file /home/airflow/.local/lib/python3.12/site-packages/airflow/example_dags/example_kubernetes_executor.py for tasks to queue
[2026-03-29T21:41:13.626+0000] {logging_mixin.py:188} INFO - [2026-03-29T21:41:13.626+0000] {dagbag.py:545} INFO - Filling up the DagBag from /home/airflow/.local/lib/python3.12/site-packages/airflow/example_dags/example_kubernetes_executor.py
[2026-03-29T21:41:13.645+0000] {processor.py:840} INFO - DAG(s) 'example_kubernetes_executor' retrieved from /home/airflow/.local/lib/python3.12/site-packages/airflow/example_dags/example_kubernetes_executor.py
[2026-03-29T21:41:13.692+0000] {logging_mixin.py:188} INFO - [2026-03-29T21:41:13.691+0000] {dag.py:3089} INFO - Sync 1 DAGs
[2026-03-29T21:41:13.704+0000] {logging_mixin.py:188} INFO - [2026-03-29T21:41:13.704+0000] {dag.py:3947} INFO - Setting next_dagrun for example_kubernetes_executor to None, run_after=None
[2026-03-29T21:41:13.723+0000] {processor.py:183} INFO - Processing /home/airflow/.local/lib/python3.12/site-packages/airflow/example_dags/example_kubernetes_executor.py took 0.118 seconds
[2026-03-29T21:41:44.232+0000] {processor.py:161} INFO - Started process (PID=1173) to work on /home/airflow/.local/lib/python3.12/site-packages/airflow/example_dags/example_kubernetes_executor.py
[2026-03-29T21:41:44.234+0000] {processor.py:830} INFO - Processing file /home/airflow/.local/lib/python3.12/site-packages/airflow/example_dags/example_kubernetes_executor.py for tasks to queue
[2026-03-29T21:41:44.240+0000] {logging_mixin.py:188} INFO - [2026-03-29T21:41:44.239+0000] {dagbag.py:545} INFO - Filling up the DagBag from /home/airflow/.local/lib/python3.12/site-packages/airflow/example_dags/example_kubernetes_executor.py
[2026-03-29T21:41:44.276+0000] {processor.py:840} INFO - DAG(s) 'example_kubernetes_executor' retrieved from /home/airflow/.local/lib/python3.12/site-packages/airflow/example_dags/example_kubernetes_executor.py
[2026-03-29T21:41:44.343+0000] {logging_mixin.py:188} INFO - [2026-03-29T21:41:44.342+0000] {dag.py:3089} INFO - Sync 1 DAGs
[2026-03-29T21:41:44.361+0000] {logging_mixin.py:188} INFO - [2026-03-29T21:41:44.360+0000] {dag.py:3947} INFO - Setting next_dagrun for example_kubernetes_executor to None, run_after=None
[2026-03-29T21:41:44.382+0000] {processor.py:183} INFO - Processing /home/airflow/.local/lib/python3.12/site-packages/airflow/example_dags/example_kubernetes_executor.py took 0.167 seconds
[2026-03-29T21:42:14.537+0000] {processor.py:161} INFO - Started process (PID=1225) to work on /home/airflow/.local/lib/python3.12/site-packages/airflow/example_dags/example_kubernetes_executor.py
[2026-03-29T21:42:14.538+0000] {processor.py:830} INFO - Processing file /home/airflow/.local/lib/python3.12/site-packages/airflow/example_dags/example_kubernetes_executor.py for tasks to queue
[2026-03-29T21:42:14.539+0000] {logging_mixin.py:188} INFO - [2026-03-29T21:42:14.539+0000] {dagbag.py:545} INFO - Filling up the DagBag from /home/airflow/.local/lib/python3.12/site-packages/airflow/example_dags/example_kubernetes_executor.py
[2026-03-29T21:42:14.552+0000] {processor.py:840} INFO - DAG(s) 'example_kubernetes_executor' retrieved from /home/airflow/.local/lib/python3.12/site-packages/airflow/example_dags/example_kubernetes_executor.py
[2026-03-29T21:42:14.585+0000] {logging_mixin.py:188} INFO - [2026-03-29T21:42:14.585+0000] {dag.py:3089} INFO - Sync 1 DAGs
[2026-03-29T21:42:14.595+0000] {logging_mixin.py:188} INFO - [2026-03-29T21:42:14.595+0000] {dag.py:3947} INFO - Setting next_dagrun for example_kubernetes_executor to None, run_after=None
[2026-03-29T21:42:14.616+0000] {processor.py:183} INFO - Processing /home/airflow/.local/lib/python3.12/site-packages/airflow/example_dags/example_kubernetes_executor.py took 0.086 seconds
[2026-03-29T21:42:44.896+0000] {processor.py:161} INFO - Started process (PID=1277) to work on /home/airflow/.local/lib/python3.12/site-packages/airflow/example_dags/example_kubernetes_executor.py
[2026-03-29T21:42:44.898+0000] {processor.py:830} INFO - Processing file /home/airflow/.local/lib/python3.12/site-packages/airflow/example_dags/example_kubernetes_executor.py for tasks to queue
[2026-03-29T21:42:44.901+0000] {logging_mixin.py:188} INFO - [2026-03-29T21:42:44.900+0000] {dagbag.py:545} INFO - Filling up the DagBag from /home/airflow/.local/lib/python3.12/site-packages/airflow/example_dags/example_kubernetes_executor.py
[2026-03-29T21:42:44.916+0000] {processor.py:840} INFO - DAG(s) 'example_kubernetes_executor' retrieved from /home/airflow/.local/lib/python3.12/site-packages/airflow/example_dags/example_kubernetes_executor.py
[2026-03-29T21:42:44.956+0000] {logging_mixin.py:188} INFO - [2026-03-29T21:42:44.956+0000] {dag.py:3089} INFO - Sync 1 DAGs
[2026-03-29T21:42:44.970+0000] {logging_mixin.py:188} INFO - [2026-03-29T21:42:44.970+0000] {dag.py:3947} INFO - Setting next_dagrun for example_kubernetes_executor to None, run_after=None
[2026-03-29T21:42:44.992+0000] {processor.py:183} INFO - Processing /home/airflow/.local/lib/python3.12/site-packages/airflow/example_dags/example_kubernetes_executor.py took 0.115 seconds
[2026-03-29T21:43:15.169+0000] {processor.py:161} INFO - Started process (PID=1329) to work on /home/airflow/.local/lib/python3.12/site-packages/airflow/example_dags/example_kubernetes_executor.py
[2026-03-29T21:43:15.172+0000] {processor.py:830} INFO - Processing file /home/airflow/.local/lib/python3.12/site-packages/airflow/example_dags/example_kubernetes_executor.py for tasks to queue
[2026-03-29T21:43:15.177+0000] {logging_mixin.py:188} INFO - [2026-03-29T21:43:15.177+0000] {dagbag.py:545} INFO - Filling up the DagBag from /home/airflow/.local/lib/python3.12/site-packages/airflow/example_dags/example_kubernetes_executor.py
[2026-03-29T21:43:15.193+0000] {processor.py:840} INFO - DAG(s) 'example_kubernetes_executor' retrieved from /home/airflow/.local/lib/python3.12/site-packages/airflow/example_dags/example_kubernetes_executor.py
[2026-03-29T21:43:15.235+0000] {logging_mixin.py:188} INFO - [2026-03-29T21:43:15.234+0000] {dag.py:3089} INFO - Sync 1 DAGs
[2026-03-29T21:43:15.246+0000] {logging_mixin.py:188} INFO - [2026-03-29T21:43:15.246+0000] {dag.py:3947} INFO - Setting next_dagrun for example_kubernetes_executor to None, run_after=None
[2026-03-29T21:43:15.268+0000] {processor.py:183} INFO - Processing /home/airflow/.local/lib/python3.12/site-packages/airflow/example_dags/example_kubernetes_executor.py took 0.108 seconds
[2026-03-29T21:43:45.630+0000] {processor.py:161} INFO - Started process (PID=1379) to work on /home/airflow/.local/lib/python3.12/site-packages/airflow/example_dags/example_kubernetes_executor.py
[2026-03-29T21:43:45.633+0000] {processor.py:830} INFO - Processing file /home/airflow/.local/lib/python3.12/site-packages/airflow/example_dags/example_kubernetes_executor.py for tasks to queue
[2026-03-29T21:43:45.642+0000] {logging_mixin.py:188} INFO - [2026-03-29T21:43:45.640+0000] {dagbag.py:545} INFO - Filling up the DagBag from /home/airflow/.local/lib/python3.12/site-packages/airflow/example_dags/example_kubernetes_executor.py
[2026-03-29T21:43:45.670+0000] {processor.py:840} INFO - DAG(s) 'example_kubernetes_executor' retrieved from /home/airflow/.local/lib/python3.12/site-packages/airflow/example_dags/example_kubernetes_executor.py
[2026-03-29T21:43:45.746+0000] {logging_mixin.py:188} INFO - [2026-03-29T21:43:45.745+0000] {dag.py:3089} INFO - Sync 1 DAGs
[2026-03-29T21:43:45.767+0000] {logging_mixin.py:188} INFO - [2026-03-29T21:43:45.767+0000] {dag.py:3947} INFO - Setting next_dagrun for example_kubernetes_executor to None, run_after=None
[2026-03-29T21:43:45.794+0000] {processor.py:183} INFO - Processing /home/airflow/.local/lib/python3.12/site-packages/airflow/example_dags/example_kubernetes_executor.py took 0.181 seconds
[2026-03-29T21:44:15.932+0000] {processor.py:161} INFO - Started process (PID=1432) to work on /home/airflow/.local/lib/python3.12/site-packages/airflow/example_dags/example_kubernetes_executor.py
[2026-03-29T21:44:15.936+0000] {processor.py:830} INFO - Processing file /home/airflow/.local/lib/python3.12/site-packages/airflow/example_dags/example_kubernetes_executor.py for tasks to queue
[2026-03-29T21:44:15.941+0000] {logging_mixin.py:188} INFO - [2026-03-29T21:44:15.941+0000] {dagbag.py:545} INFO - Filling up the DagBag from /home/airflow/.local/lib/python3.12/site-packages/airflow/example_dags/example_kubernetes_executor.py
[2026-03-29T21:44:15.970+0000] {processor.py:840} INFO - DAG(s) 'example_kubernetes_executor' retrieved from /home/airflow/.local/lib/python3.12/site-packages/airflow/example_dags/example_kubernetes_executor.py
[2026-03-29T21:44:16.068+0000] {logging_mixin.py:188} INFO - [2026-03-29T21:44:16.068+0000] {dag.py:3089} INFO - Sync 1 DAGs
[2026-03-29T21:44:16.085+0000] {logging_mixin.py:188} INFO - [2026-03-29T21:44:16.084+0000] {dag.py:3947} INFO - Setting next_dagrun for example_kubernetes_executor to None, run_after=None
[2026-03-29T21:44:16.103+0000] {processor.py:183} INFO - Processing /home/airflow/.local/lib/python3.12/site-packages/airflow/example_dags/example_kubernetes_executor.py took 0.186 seconds
[2026-03-29T21:44:47.226+0000] {processor.py:161} INFO - Started process (PID=1483) to work on /home/airflow/.local/lib/python3.12/site-packages/airflow/example_dags/example_kubernetes_executor.py
[2026-03-29T21:44:47.229+0000] {processor.py:830} INFO - Processing file /home/airflow/.local/lib/python3.12/site-packages/airflow/example_dags/example_kubernetes_executor.py for tasks to queue
[2026-03-29T21:44:47.241+0000] {logging_mixin.py:188} INFO - [2026-03-29T21:44:47.240+0000] {dagbag.py:545} INFO - Filling up the DagBag from /home/airflow/.local/lib/python3.12/site-packages/airflow/example_dags/example_kubernetes_executor.py
[2026-03-29T21:44:47.276+0000] {processor.py:840} INFO - DAG(s) 'example_kubernetes_executor' retrieved from /home/airflow/.local/lib/python3.12/site-packages/airflow/example_dags/example_kubernetes_executor.py
[2026-03-29T21:44:47.366+0000] {logging_mixin.py:188} INFO - [2026-03-29T21:44:47.366+0000] {dag.py:3089} INFO - Sync 1 DAGs
[2026-03-29T21:44:47.391+0000] {logging_mixin.py:188} INFO - [2026-03-29T21:44:47.390+0000] {dag.py:3947} INFO - Setting next_dagrun for example_kubernetes_executor to None, run_after=None
[2026-03-29T21:44:47.417+0000] {processor.py:183} INFO - Processing /home/airflow/.local/lib/python3.12/site-packages/airflow/example_dags/example_kubernetes_executor.py took 0.222 seconds
[2026-03-29T21:45:18.442+0000] {processor.py:161} INFO - Started process (PID=1535) to work on /home/airflow/.local/lib/python3.12/site-packages/airflow/example_dags/example_kubernetes_executor.py
[2026-03-29T21:45:18.448+0000] {processor.py:830} INFO - Processing file /home/airflow/.local/lib/python3.12/site-packages/airflow/example_dags/example_kubernetes_executor.py for tasks to queue
[2026-03-29T21:45:18.453+0000] {logging_mixin.py:188} INFO - [2026-03-29T21:45:18.452+0000] {dagbag.py:545} INFO - Filling up the DagBag from /home/airflow/.local/lib/python3.12/site-packages/airflow/example_dags/example_kubernetes_executor.py
[2026-03-29T21:45:18.487+0000] {processor.py:840} INFO - DAG(s) 'example_kubernetes_executor' retrieved from /home/airflow/.local/lib/python3.12/site-packages/airflow/example_dags/example_kubernetes_executor.py
[2026-03-29T21:45:18.577+0000] {logging_mixin.py:188} INFO - [2026-03-29T21:45:18.577+0000] {dag.py:3089} INFO - Sync 1 DAGs
[2026-03-29T21:45:18.593+0000] {logging_mixin.py:188} INFO - [2026-03-29T21:45:18.592+0000] {dag.py:3947} INFO - Setting next_dagrun for example_kubernetes_executor to None, run_after=None
[2026-03-29T21:45:18.618+0000] {processor.py:183} INFO - Processing /home/airflow/.local/lib/python3.12/site-packages/airflow/example_dags/example_kubernetes_executor.py took 0.209 seconds
[2026-03-29T21:45:49.503+0000] {processor.py:161} INFO - Started process (PID=1587) to work on /home/airflow/.local/lib/python3.12/site-packages/airflow/example_dags/example_kubernetes_executor.py
[2026-03-29T21:45:49.506+0000] {processor.py:830} INFO - Processing file /home/airflow/.local/lib/python3.12/site-packages/airflow/example_dags/example_kubernetes_executor.py for tasks to queue
[2026-03-29T21:45:49.516+0000] {logging_mixin.py:188} INFO - [2026-03-29T21:45:49.515+0000] {dagbag.py:545} INFO - Filling up the DagBag from /home/airflow/.local/lib/python3.12/site-packages/airflow/example_dags/example_kubernetes_executor.py
[2026-03-29T21:45:49.558+0000] {processor.py:840} INFO - DAG(s) 'example_kubernetes_executor' retrieved from /home/airflow/.local/lib/python3.12/site-packages/airflow/example_dags/example_kubernetes_executor.py
[2026-03-29T21:45:49.642+0000] {logging_mixin.py:188} INFO - [2026-03-29T21:45:49.641+0000] {dag.py:3089} INFO - Sync 1 DAGs
[2026-03-29T21:45:49.664+0000] {logging_mixin.py:188} INFO - [2026-03-29T21:45:49.664+0000] {dag.py:3947} INFO - Setting next_dagrun for example_kubernetes_executor to None, run_after=None
[2026-03-29T21:45:49.698+0000] {processor.py:183} INFO - Processing /home/airflow/.local/lib/python3.12/site-packages/airflow/example_dags/example_kubernetes_executor.py took 0.223 seconds
[2026-03-29T21:46:20.697+0000] {processor.py:161} INFO - Started process (PID=1639) to work on /home/airflow/.local/lib/python3.12/site-packages/airflow/example_dags/example_kubernetes_executor.py
[2026-03-29T21:46:20.702+0000] {processor.py:830} INFO - Processing file /home/airflow/.local/lib/python3.12/site-packages/airflow/example_dags/example_kubernetes_executor.py for tasks to queue
[2026-03-29T21:46:20.713+0000] {logging_mixin.py:188} INFO - [2026-03-29T21:46:20.712+0000] {dagbag.py:545} INFO - Filling up the DagBag from /home/airflow/.local/lib/python3.12/site-packages/airflow/example_dags/example_kubernetes_executor.py
[2026-03-29T21:46:20.752+0000] {processor.py:840} INFO - DAG(s) 'example_kubernetes_executor' retrieved from /home/airflow/.local/lib/python3.12/site-packages/airflow/example_dags/example_kubernetes_executor.py
[2026-03-29T21:46:20.822+0000] {logging_mixin.py:188} INFO - [2026-03-29T21:46:20.821+0000] {dag.py:3089} INFO - Sync 1 DAGs
[2026-03-29T21:46:20.843+0000] {logging_mixin.py:188} INFO - [2026-03-29T21:46:20.843+0000] {dag.py:3947} INFO - Setting next_dagrun for example_kubernetes_executor to None, run_after=None
[2026-03-29T21:46:20.865+0000] {processor.py:183} INFO - Processing /home/airflow/.local/lib/python3.12/site-packages/airflow/example_dags/example_kubernetes_executor.py took 0.199 seconds
[2026-03-29T21:46:51.894+0000] {processor.py:161} INFO - Started process (PID=1691) to work on /home/airflow/.local/lib/python3.12/site-packages/airflow/example_dags/example_kubernetes_executor.py
[2026-03-29T21:46:51.898+0000] {processor.py:830} INFO - Processing file /home/airflow/.local/lib/python3.12/site-packages/airflow/example_dags/example_kubernetes_executor.py for tasks to queue
[2026-03-29T21:46:51.904+0000] {logging_mixin.py:188} INFO - [2026-03-29T21:46:51.904+0000] {dagbag.py:545} INFO - Filling up the DagBag from /home/airflow/.local/lib/python3.12/site-packages/airflow/example_dags/example_kubernetes_executor.py
[2026-03-29T21:46:51.941+0000] {processor.py:840} INFO - DAG(s) 'example_kubernetes_executor' retrieved from /home/airflow/.local/lib/python3.12/site-packages/airflow/example_dags/example_kubernetes_executor.py
[2026-03-29T21:46:52.006+0000] {logging_mixin.py:188} INFO - [2026-03-29T21:46:52.006+0000] {dag.py:3089} INFO - Sync 1 DAGs
[2026-03-29T21:46:52.028+0000] {logging_mixin.py:188} INFO - [2026-03-29T21:46:52.028+0000] {dag.py:3947} INFO - Setting next_dagrun for example_kubernetes_executor to None, run_after=None
[2026-03-29T21:46:52.335+0000] {processor.py:183} INFO - Processing /home/airflow/.local/lib/python3.12/site-packages/airflow/example_dags/example_kubernetes_executor.py took 0.466 seconds
[2026-03-29T21:47:22.923+0000] {processor.py:161} INFO - Started process (PID=1743) to work on /home/airflow/.local/lib/python3.12/site-packages/airflow/example_dags/example_kubernetes_executor.py
[2026-03-29T21:47:22.930+0000] {processor.py:830} INFO - Processing file /home/airflow/.local/lib/python3.12/site-packages/airflow/example_dags/example_kubernetes_executor.py for tasks to queue
[2026-03-29T21:47:22.937+0000] {logging_mixin.py:188} INFO - [2026-03-29T21:47:22.937+0000] {dagbag.py:545} INFO - Filling up the DagBag from /home/airflow/.local/lib/python3.12/site-packages/airflow/example_dags/example_kubernetes_executor.py
[2026-03-29T21:47:22.978+0000] {processor.py:840} INFO - DAG(s) 'example_kubernetes_executor' retrieved from /home/airflow/.local/lib/python3.12/site-packages/airflow/example_dags/example_kubernetes_executor.py
[2026-03-29T21:47:23.052+0000] {logging_mixin.py:188} INFO - [2026-03-29T21:47:23.052+0000] {dag.py:3089} INFO - Sync 1 DAGs
[2026-03-29T21:47:23.075+0000] {logging_mixin.py:188} INFO - [2026-03-29T21:47:23.075+0000] {dag.py:3947} INFO - Setting next_dagrun for example_kubernetes_executor to None, run_after=None
[2026-03-29T21:47:23.094+0000] {processor.py:183} INFO - Processing /home/airflow/.local/lib/python3.12/site-packages/airflow/example_dags/example_kubernetes_executor.py took 0.196 seconds
[2026-03-29T21:47:54.051+0000] {processor.py:161} INFO - Started process (PID=1795) to work on /home/airflow/.local/lib/python3.12/site-packages/airflow/example_dags/example_kubernetes_executor.py
[2026-03-29T21:47:54.055+0000] {processor.py:830} INFO - Processing file /home/airflow/.local/lib/python3.12/site-packages/airflow/example_dags/example_kubernetes_executor.py for tasks to queue
[2026-03-29T21:47:54.061+0000] {logging_mixin.py:188} INFO - [2026-03-29T21:47:54.060+0000] {dagbag.py:545} INFO - Filling up the DagBag from /home/airflow/.local/lib/python3.12/site-packages/airflow/example_dags/example_kubernetes_executor.py
[2026-03-29T21:47:54.091+0000] {processor.py:840} INFO - DAG(s) 'example_kubernetes_executor' retrieved from /home/airflow/.local/lib/python3.12/site-packages/airflow/example_dags/example_kubernetes_executor.py
[2026-03-29T21:47:54.162+0000] {logging_mixin.py:188} INFO - [2026-03-29T21:47:54.162+0000] {dag.py:3089} INFO - Sync 1 DAGs
[2026-03-29T21:47:54.184+0000] {logging_mixin.py:188} INFO - [2026-03-29T21:47:54.184+0000] {dag.py:3947} INFO - Setting next_dagrun for example_kubernetes_executor to None, run_after=None
[2026-03-29T21:47:54.204+0000] {processor.py:183} INFO - Processing /home/airflow/.local/lib/python3.12/site-packages/airflow/example_dags/example_kubernetes_executor.py took 0.184 seconds
[2026-03-29T21:48:24.919+0000] {processor.py:161} INFO - Started process (PID=1847) to work on /home/airflow/.local/lib/python3.12/site-packages/airflow/example_dags/example_kubernetes_executor.py
[2026-03-29T21:48:24.924+0000] {processor.py:830} INFO - Processing file /home/airflow/.local/lib/python3.12/site-packages/airflow/example_dags/example_kubernetes_executor.py for tasks to queue
[2026-03-29T21:48:24.930+0000] {logging_mixin.py:188} INFO - [2026-03-29T21:48:24.930+0000] {dagbag.py:545} INFO - Filling up the DagBag from /home/airflow/.local/lib/python3.12/site-packages/airflow/example_dags/example_kubernetes_executor.py
[2026-03-29T21:48:24.960+0000] {processor.py:840} INFO - DAG(s) 'example_kubernetes_executor' retrieved from /home/airflow/.local/lib/python3.12/site-packages/airflow/example_dags/example_kubernetes_executor.py
[2026-03-29T21:48:25.048+0000] {logging_mixin.py:188} INFO - [2026-03-29T21:48:25.048+0000] {dag.py:3089} INFO - Sync 1 DAGs
[2026-03-29T21:48:25.065+0000] {logging_mixin.py:188} INFO - [2026-03-29T21:48:25.064+0000] {dag.py:3947} INFO - Setting next_dagrun for example_kubernetes_executor to None, run_after=None
[2026-03-29T21:48:25.090+0000] {processor.py:183} INFO - Processing /home/airflow/.local/lib/python3.12/site-packages/airflow/example_dags/example_kubernetes_executor.py took 0.193 seconds
[2026-03-29T21:48:55.969+0000] {processor.py:161} INFO - Started process (PID=1899) to work on /home/airflow/.local/lib/python3.12/site-packages/airflow/example_dags/example_kubernetes_executor.py
[2026-03-29T21:48:55.973+0000] {processor.py:830} INFO - Processing file /home/airflow/.local/lib/python3.12/site-packages/airflow/example_dags/example_kubernetes_executor.py for tasks to queue
[2026-03-29T21:48:55.980+0000] {logging_mixin.py:188} INFO - [2026-03-29T21:48:55.979+0000] {dagbag.py:545} INFO - Filling up the DagBag from /home/airflow/.local/lib/python3.12/site-packages/airflow/example_dags/example_kubernetes_executor.py
[2026-03-29T21:48:56.012+0000] {processor.py:840} INFO - DAG(s) 'example_kubernetes_executor' retrieved from /home/airflow/.local/lib/python3.12/site-packages/airflow/example_dags/example_kubernetes_executor.py
[2026-03-29T21:48:56.087+0000] {logging_mixin.py:188} INFO - [2026-03-29T21:48:56.087+0000] {dag.py:3089} INFO - Sync 1 DAGs
[2026-03-29T21:48:56.437+0000] {logging_mixin.py:188} INFO - [2026-03-29T21:48:56.437+0000] {dag.py:3947} INFO - Setting next_dagrun for example_kubernetes_executor to None, run_after=None
[2026-03-29T21:48:56.459+0000] {processor.py:183} INFO - Processing /home/airflow/.local/lib/python3.12/site-packages/airflow/example_dags/example_kubernetes_executor.py took 0.514 seconds
[2026-03-29T21:49:27.143+0000] {processor.py:161} INFO - Started process (PID=1951) to work on /home/airflow/.local/lib/python3.12/site-packages/airflow/example_dags/example_kubernetes_executor.py
[2026-03-29T21:49:27.149+0000] {processor.py:830} INFO - Processing file /home/airflow/.local/lib/python3.12/site-packages/airflow/example_dags/example_kubernetes_executor.py for tasks to queue
[2026-03-29T21:49:27.155+0000] {logging_mixin.py:188} INFO - [2026-03-29T21:49:27.154+0000] {dagbag.py:545} INFO - Filling up the DagBag from /home/airflow/.local/lib/python3.12/site-packages/airflow/example_dags/example_kubernetes_executor.py
[2026-03-29T21:49:27.186+0000] {processor.py:840} INFO - DAG(s) 'example_kubernetes_executor' retrieved from /home/airflow/.local/lib/python3.12/site-packages/airflow/example_dags/example_kubernetes_executor.py
[2026-03-29T21:49:27.256+0000] {logging_mixin.py:188} INFO - [2026-03-29T21:49:27.256+0000] {dag.py:3089} INFO - Sync 1 DAGs
[2026-03-29T21:49:27.520+0000] {logging_mixin.py:188} INFO - [2026-03-29T21:49:27.519+0000] {dag.py:3947} INFO - Setting next_dagrun for example_kubernetes_executor to None, run_after=None
[2026-03-29T21:49:27.535+0000] {processor.py:183} INFO - Processing /home/airflow/.local/lib/python3.12/site-packages/airflow/example_dags/example_kubernetes_executor.py took 0.427 seconds
