[2026-03-29T21:30:35.495+0000] {processor.py:161} INFO - Started process (PID=67) to work on /home/airflow/.local/lib/python3.12/site-packages/airflow/example_dags/example_local_kubernetes_executor.py
[2026-03-29T21:30:35.503+0000] {processor.py:830} INFO - Processing file /home/airflow/.local/lib/python3.12/site-packages/airflow/example_dags/example_local_kubernetes_executor.py for tasks to queue
[2026-03-29T21:30:35.514+0000] {logging_mixin.py:188} INFO - [2026-03-29T21:30:35.513+0000] {dagbag.py:545} INFO - Filling up the DagBag from /home/airflow/.local/lib/python3.12/site-packages/airflow/example_dags/example_local_kubernetes_executor.py
[2026-03-29T21:30:35.583+0000] {processor.py:840} INFO - DAG(s) 'example_local_kubernetes_executor' retrieved from /home/airflow/.local/lib/python3.12/site-packages/airflow/example_dags/example_local_kubernetes_executor.py
[2026-03-29T21:30:35.641+0000] {logging_mixin.py:188} INFO - [2026-03-29T21:30:35.640+0000] {dag.py:3089} INFO - Sync 1 DAGs
[2026-03-29T21:30:35.687+0000] {logging_mixin.py:188} INFO - [2026-03-29T21:30:35.687+0000] {dag.py:3947} INFO - Setting next_dagrun for example_local_kubernetes_executor to None, run_after=None
[2026-03-29T21:30:35.731+0000] {processor.py:183} INFO - Processing /home/airflow/.local/lib/python3.12/site-packages/airflow/example_dags/example_local_kubernetes_executor.py took 0.274 seconds
[2026-03-29T21:31:06.130+0000] {processor.py:161} INFO - Started process (PID=119) to work on /home/airflow/.local/lib/python3.12/site-packages/airflow/example_dags/example_local_kubernetes_executor.py
[2026-03-29T21:31:06.135+0000] {processor.py:830} INFO - Processing file /home/airflow/.local/lib/python3.12/site-packages/airflow/example_dags/example_local_kubernetes_executor.py for tasks to queue
[2026-03-29T21:31:06.139+0000] {logging_mixin.py:188} INFO - [2026-03-29T21:31:06.138+0000] {dagbag.py:545} INFO - Filling up the DagBag from /home/airflow/.local/lib/python3.12/site-packages/airflow/example_dags/example_local_kubernetes_executor.py
[2026-03-29T21:31:06.155+0000] {processor.py:840} INFO - DAG(s) 'example_local_kubernetes_executor' retrieved from /home/airflow/.local/lib/python3.12/site-packages/airflow/example_dags/example_local_kubernetes_executor.py
[2026-03-29T21:31:06.352+0000] {logging_mixin.py:188} INFO - [2026-03-29T21:31:06.351+0000] {dag.py:3089} INFO - Sync 1 DAGs
[2026-03-29T21:31:06.371+0000] {logging_mixin.py:188} INFO - [2026-03-29T21:31:06.370+0000] {dag.py:3947} INFO - Setting next_dagrun for example_local_kubernetes_executor to None, run_after=None
[2026-03-29T21:31:06.396+0000] {processor.py:183} INFO - Processing /home/airflow/.local/lib/python3.12/site-packages/airflow/example_dags/example_local_kubernetes_executor.py took 0.277 seconds
[2026-03-29T21:31:37.171+0000] {processor.py:161} INFO - Started process (PID=171) to work on /home/airflow/.local/lib/python3.12/site-packages/airflow/example_dags/example_local_kubernetes_executor.py
[2026-03-29T21:31:37.172+0000] {processor.py:830} INFO - Processing file /home/airflow/.local/lib/python3.12/site-packages/airflow/example_dags/example_local_kubernetes_executor.py for tasks to queue
[2026-03-29T21:31:37.174+0000] {logging_mixin.py:188} INFO - [2026-03-29T21:31:37.173+0000] {dagbag.py:545} INFO - Filling up the DagBag from /home/airflow/.local/lib/python3.12/site-packages/airflow/example_dags/example_local_kubernetes_executor.py
[2026-03-29T21:31:37.182+0000] {processor.py:840} INFO - DAG(s) 'example_local_kubernetes_executor' retrieved from /home/airflow/.local/lib/python3.12/site-packages/airflow/example_dags/example_local_kubernetes_executor.py
[2026-03-29T21:31:37.210+0000] {logging_mixin.py:188} INFO - [2026-03-29T21:31:37.210+0000] {dag.py:3089} INFO - Sync 1 DAGs
[2026-03-29T21:31:37.220+0000] {logging_mixin.py:188} INFO - [2026-03-29T21:31:37.220+0000] {dag.py:3947} INFO - Setting next_dagrun for example_local_kubernetes_executor to None, run_after=None
[2026-03-29T21:31:37.232+0000] {processor.py:183} INFO - Processing /home/airflow/.local/lib/python3.12/site-packages/airflow/example_dags/example_local_kubernetes_executor.py took 0.067 seconds
[2026-03-29T21:32:08.063+0000] {processor.py:161} INFO - Started process (PID=223) to work on /home/airflow/.local/lib/python3.12/site-packages/airflow/example_dags/example_local_kubernetes_executor.py
[2026-03-29T21:32:08.064+0000] {processor.py:830} INFO - Processing file /home/airflow/.local/lib/python3.12/site-packages/airflow/example_dags/example_local_kubernetes_executor.py for tasks to queue
[2026-03-29T21:32:08.065+0000] {logging_mixin.py:188} INFO - [2026-03-29T21:32:08.065+0000] {dagbag.py:545} INFO - Filling up the DagBag from /home/airflow/.local/lib/python3.12/site-packages/airflow/example_dags/example_local_kubernetes_executor.py
[2026-03-29T21:32:08.072+0000] {processor.py:840} INFO - DAG(s) 'example_local_kubernetes_executor' retrieved from /home/airflow/.local/lib/python3.12/site-packages/airflow/example_dags/example_local_kubernetes_executor.py
[2026-03-29T21:32:08.104+0000] {logging_mixin.py:188} INFO - [2026-03-29T21:32:08.104+0000] {dag.py:3089} INFO - Sync 1 DAGs
[2026-03-29T21:32:08.114+0000] {logging_mixin.py:188} INFO - [2026-03-29T21:32:08.114+0000] {dag.py:3947} INFO - Setting next_dagrun for example_local_kubernetes_executor to None, run_after=None
[2026-03-29T21:32:08.135+0000] {processor.py:183} INFO - Processing /home/airflow/.local/lib/python3.12/site-packages/airflow/example_dags/example_local_kubernetes_executor.py took 0.077 seconds
[2026-03-29T21:32:38.706+0000] {processor.py:161} INFO - Started process (PID=275) to work on /home/airflow/.local/lib/python3.12/site-packages/airflow/example_dags/example_local_kubernetes_executor.py
[2026-03-29T21:32:38.707+0000] {processor.py:830} INFO - Processing file /home/airflow/.local/lib/python3.12/site-packages/airflow/example_dags/example_local_kubernetes_executor.py for tasks to queue
[2026-03-29T21:32:38.709+0000] {logging_mixin.py:188} INFO - [2026-03-29T21:32:38.708+0000] {dagbag.py:545} INFO - Filling up the DagBag from /home/airflow/.local/lib/python3.12/site-packages/airflow/example_dags/example_local_kubernetes_executor.py
[2026-03-29T21:32:38.714+0000] {processor.py:840} INFO - DAG(s) 'example_local_kubernetes_executor' retrieved from /home/airflow/.local/lib/python3.12/site-packages/airflow/example_dags/example_local_kubernetes_executor.py
[2026-03-29T21:32:38.737+0000] {logging_mixin.py:188} INFO - [2026-03-29T21:32:38.737+0000] {dag.py:3089} INFO - Sync 1 DAGs
[2026-03-29T21:32:38.746+0000] {logging_mixin.py:188} INFO - [2026-03-29T21:32:38.746+0000] {dag.py:3947} INFO - Setting next_dagrun for example_local_kubernetes_executor to None, run_after=None
[2026-03-29T21:32:38.757+0000] {processor.py:183} INFO - Processing /home/airflow/.local/lib/python3.12/site-packages/airflow/example_dags/example_local_kubernetes_executor.py took 0.055 seconds
[2026-03-29T21:33:09.333+0000] {processor.py:161} INFO - Started process (PID=327) to work on /home/airflow/.local/lib/python3.12/site-packages/airflow/example_dags/example_local_kubernetes_executor.py
[2026-03-29T21:33:09.335+0000] {processor.py:830} INFO - Processing file /home/airflow/.local/lib/python3.12/site-packages/airflow/example_dags/example_local_kubernetes_executor.py for tasks to queue
[2026-03-29T21:33:09.336+0000] {logging_mixin.py:188} INFO - [2026-03-29T21:33:09.336+0000] {dagbag.py:545} INFO - Filling up the DagBag from /home/airflow/.local/lib/python3.12/site-packages/airflow/example_dags/example_local_kubernetes_executor.py
[2026-03-29T21:33:09.343+0000] {processor.py:840} INFO - DAG(s) 'example_local_kubernetes_executor' retrieved from /home/airflow/.local/lib/python3.12/site-packages/airflow/example_dags/example_local_kubernetes_executor.py
[2026-03-29T21:33:09.377+0000] {logging_mixin.py:188} INFO - [2026-03-29T21:33:09.377+0000] {dag.py:3089} INFO - Sync 1 DAGs
[2026-03-29T21:33:09.387+0000] {logging_mixin.py:188} INFO - [2026-03-29T21:33:09.386+0000] {dag.py:3947} INFO - Setting next_dagrun for example_local_kubernetes_executor to None, run_after=None
[2026-03-29T21:33:09.405+0000] {processor.py:183} INFO - Processing /home/airflow/.local/lib/python3.12/site-packages/airflow/example_dags/example_local_kubernetes_executor.py took 0.076 seconds
[2026-03-29T21:33:40.345+0000] {processor.py:161} INFO - Started process (PID=379) to work on /home/airflow/.local/lib/python3.12/site-packages/airflow/example_dags/example_local_kubernetes_executor.py
[2026-03-29T21:33:40.346+0000] {processor.py:830} INFO - Processing file /home/airflow/.local/lib/python3.12/site-packages/airflow/example_dags/example_local_kubernetes_executor.py for tasks to queue
[2026-03-29T21:33:40.349+0000] {logging_mixin.py:188} INFO - [2026-03-29T21:33:40.349+0000] {dagbag.py:545} INFO - Filling up the DagBag from /home/airflow/.local/lib/python3.12/site-packages/airflow/example_dags/example_local_kubernetes_executor.py
[2026-03-29T21:33:40.364+0000] {processor.py:840} INFO - DAG(s) 'example_local_kubernetes_executor' retrieved from /home/airflow/.local/lib/python3.12/site-packages/airflow/example_dags/example_local_kubernetes_executor.py
[2026-03-29T21:33:40.455+0000] {logging_mixin.py:188} INFO - [2026-03-29T21:33:40.455+0000] {dag.py:3089} INFO - Sync 1 DAGs
[2026-03-29T21:33:40.474+0000] {logging_mixin.py:188} INFO - [2026-03-29T21:33:40.473+0000] {dag.py:3947} INFO - Setting next_dagrun for example_local_kubernetes_executor to None, run_after=None
[2026-03-29T21:33:40.497+0000] {processor.py:183} INFO - Processing /home/airflow/.local/lib/python3.12/site-packages/airflow/example_dags/example_local_kubernetes_executor.py took 0.163 seconds
[2026-03-29T21:34:11.182+0000] {processor.py:161} INFO - Started process (PID=431) to work on /home/airflow/.local/lib/python3.12/site-packages/airflow/example_dags/example_local_kubernetes_executor.py
[2026-03-29T21:34:11.190+0000] {processor.py:830} INFO - Processing file /home/airflow/.local/lib/python3.12/site-packages/airflow/example_dags/example_local_kubernetes_executor.py for tasks to queue
[2026-03-29T21:34:11.193+0000] {logging_mixin.py:188} INFO - [2026-03-29T21:34:11.193+0000] {dagbag.py:545} INFO - Filling up the DagBag from /home/airflow/.local/lib/python3.12/site-packages/airflow/example_dags/example_local_kubernetes_executor.py
[2026-03-29T21:34:11.224+0000] {processor.py:840} INFO - DAG(s) 'example_local_kubernetes_executor' retrieved from /home/airflow/.local/lib/python3.12/site-packages/airflow/example_dags/example_local_kubernetes_executor.py
[2026-03-29T21:34:11.318+0000] {logging_mixin.py:188} INFO - [2026-03-29T21:34:11.317+0000] {dag.py:3089} INFO - Sync 1 DAGs
[2026-03-29T21:34:11.341+0000] {logging_mixin.py:188} INFO - [2026-03-29T21:34:11.341+0000] {dag.py:3947} INFO - Setting next_dagrun for example_local_kubernetes_executor to None, run_after=None
[2026-03-29T21:34:11.371+0000] {processor.py:183} INFO - Processing /home/airflow/.local/lib/python3.12/site-packages/airflow/example_dags/example_local_kubernetes_executor.py took 0.205 seconds
[2026-03-29T21:34:42.265+0000] {processor.py:161} INFO - Started process (PID=483) to work on /home/airflow/.local/lib/python3.12/site-packages/airflow/example_dags/example_local_kubernetes_executor.py
[2026-03-29T21:34:42.267+0000] {processor.py:830} INFO - Processing file /home/airflow/.local/lib/python3.12/site-packages/airflow/example_dags/example_local_kubernetes_executor.py for tasks to queue
[2026-03-29T21:34:42.269+0000] {logging_mixin.py:188} INFO - [2026-03-29T21:34:42.269+0000] {dagbag.py:545} INFO - Filling up the DagBag from /home/airflow/.local/lib/python3.12/site-packages/airflow/example_dags/example_local_kubernetes_executor.py
[2026-03-29T21:34:42.280+0000] {processor.py:840} INFO - DAG(s) 'example_local_kubernetes_executor' retrieved from /home/airflow/.local/lib/python3.12/site-packages/airflow/example_dags/example_local_kubernetes_executor.py
[2026-03-29T21:34:42.320+0000] {logging_mixin.py:188} INFO - [2026-03-29T21:34:42.320+0000] {dag.py:3089} INFO - Sync 1 DAGs
[2026-03-29T21:34:42.335+0000] {logging_mixin.py:188} INFO - [2026-03-29T21:34:42.335+0000] {dag.py:3947} INFO - Setting next_dagrun for example_local_kubernetes_executor to None, run_after=None
[2026-03-29T21:34:42.356+0000] {processor.py:183} INFO - Processing /home/airflow/.local/lib/python3.12/site-packages/airflow/example_dags/example_local_kubernetes_executor.py took 0.101 seconds
[2026-03-29T21:35:13.332+0000] {processor.py:161} INFO - Started process (PID=535) to work on /home/airflow/.local/lib/python3.12/site-packages/airflow/example_dags/example_local_kubernetes_executor.py
[2026-03-29T21:35:13.335+0000] {processor.py:830} INFO - Processing file /home/airflow/.local/lib/python3.12/site-packages/airflow/example_dags/example_local_kubernetes_executor.py for tasks to queue
[2026-03-29T21:35:13.342+0000] {logging_mixin.py:188} INFO - [2026-03-29T21:35:13.342+0000] {dagbag.py:545} INFO - Filling up the DagBag from /home/airflow/.local/lib/python3.12/site-packages/airflow/example_dags/example_local_kubernetes_executor.py
[2026-03-29T21:35:13.351+0000] {processor.py:840} INFO - DAG(s) 'example_local_kubernetes_executor' retrieved from /home/airflow/.local/lib/python3.12/site-packages/airflow/example_dags/example_local_kubernetes_executor.py
[2026-03-29T21:35:13.387+0000] {logging_mixin.py:188} INFO - [2026-03-29T21:35:13.387+0000] {dag.py:3089} INFO - Sync 1 DAGs
[2026-03-29T21:35:13.401+0000] {logging_mixin.py:188} INFO - [2026-03-29T21:35:13.401+0000] {dag.py:3947} INFO - Setting next_dagrun for example_local_kubernetes_executor to None, run_after=None
[2026-03-29T21:35:13.420+0000] {processor.py:183} INFO - Processing /home/airflow/.local/lib/python3.12/site-packages/airflow/example_dags/example_local_kubernetes_executor.py took 0.100 seconds
[2026-03-29T21:35:43.932+0000] {processor.py:161} INFO - Started process (PID=587) to work on /home/airflow/.local/lib/python3.12/site-packages/airflow/example_dags/example_local_kubernetes_executor.py
[2026-03-29T21:35:43.933+0000] {processor.py:830} INFO - Processing file /home/airflow/.local/lib/python3.12/site-packages/airflow/example_dags/example_local_kubernetes_executor.py for tasks to queue
[2026-03-29T21:35:43.936+0000] {logging_mixin.py:188} INFO - [2026-03-29T21:35:43.935+0000] {dagbag.py:545} INFO - Filling up the DagBag from /home/airflow/.local/lib/python3.12/site-packages/airflow/example_dags/example_local_kubernetes_executor.py
[2026-03-29T21:35:43.944+0000] {processor.py:840} INFO - DAG(s) 'example_local_kubernetes_executor' retrieved from /home/airflow/.local/lib/python3.12/site-packages/airflow/example_dags/example_local_kubernetes_executor.py
[2026-03-29T21:35:43.982+0000] {logging_mixin.py:188} INFO - [2026-03-29T21:35:43.982+0000] {dag.py:3089} INFO - Sync 1 DAGs
[2026-03-29T21:35:43.994+0000] {logging_mixin.py:188} INFO - [2026-03-29T21:35:43.994+0000] {dag.py:3947} INFO - Setting next_dagrun for example_local_kubernetes_executor to None, run_after=None
[2026-03-29T21:35:44.011+0000] {processor.py:183} INFO - Processing /home/airflow/.local/lib/python3.12/site-packages/airflow/example_dags/example_local_kubernetes_executor.py took 0.086 seconds
[2026-03-29T21:36:14.720+0000] {processor.py:161} INFO - Started process (PID=639) to work on /home/airflow/.local/lib/python3.12/site-packages/airflow/example_dags/example_local_kubernetes_executor.py
[2026-03-29T21:36:14.738+0000] {processor.py:830} INFO - Processing file /home/airflow/.local/lib/python3.12/site-packages/airflow/example_dags/example_local_kubernetes_executor.py for tasks to queue
[2026-03-29T21:36:14.761+0000] {logging_mixin.py:188} INFO - [2026-03-29T21:36:14.760+0000] {dagbag.py:545} INFO - Filling up the DagBag from /home/airflow/.local/lib/python3.12/site-packages/airflow/example_dags/example_local_kubernetes_executor.py
[2026-03-29T21:36:14.802+0000] {processor.py:840} INFO - DAG(s) 'example_local_kubernetes_executor' retrieved from /home/airflow/.local/lib/python3.12/site-packages/airflow/example_dags/example_local_kubernetes_executor.py
[2026-03-29T21:36:14.896+0000] {logging_mixin.py:188} INFO - [2026-03-29T21:36:14.896+0000] {dag.py:3089} INFO - Sync 1 DAGs
[2026-03-29T21:36:14.930+0000] {logging_mixin.py:188} INFO - [2026-03-29T21:36:14.929+0000] {dag.py:3947} INFO - Setting next_dagrun for example_local_kubernetes_executor to None, run_after=None
[2026-03-29T21:36:14.991+0000] {processor.py:183} INFO - Processing /home/airflow/.local/lib/python3.12/site-packages/airflow/example_dags/example_local_kubernetes_executor.py took 0.336 seconds
[2026-03-29T21:36:45.737+0000] {processor.py:161} INFO - Started process (PID=691) to work on /home/airflow/.local/lib/python3.12/site-packages/airflow/example_dags/example_local_kubernetes_executor.py
[2026-03-29T21:36:45.740+0000] {processor.py:830} INFO - Processing file /home/airflow/.local/lib/python3.12/site-packages/airflow/example_dags/example_local_kubernetes_executor.py for tasks to queue
[2026-03-29T21:36:45.742+0000] {logging_mixin.py:188} INFO - [2026-03-29T21:36:45.742+0000] {dagbag.py:545} INFO - Filling up the DagBag from /home/airflow/.local/lib/python3.12/site-packages/airflow/example_dags/example_local_kubernetes_executor.py
[2026-03-29T21:36:45.752+0000] {processor.py:840} INFO - DAG(s) 'example_local_kubernetes_executor' retrieved from /home/airflow/.local/lib/python3.12/site-packages/airflow/example_dags/example_local_kubernetes_executor.py
[2026-03-29T21:36:45.787+0000] {logging_mixin.py:188} INFO - [2026-03-29T21:36:45.787+0000] {dag.py:3089} INFO - Sync 1 DAGs
[2026-03-29T21:36:45.798+0000] {logging_mixin.py:188} INFO - [2026-03-29T21:36:45.797+0000] {dag.py:3947} INFO - Setting next_dagrun for example_local_kubernetes_executor to None, run_after=None
[2026-03-29T21:36:45.816+0000] {processor.py:183} INFO - Processing /home/airflow/.local/lib/python3.12/site-packages/airflow/example_dags/example_local_kubernetes_executor.py took 0.087 seconds
[2026-03-29T21:37:16.516+0000] {processor.py:161} INFO - Started process (PID=743) to work on /home/airflow/.local/lib/python3.12/site-packages/airflow/example_dags/example_local_kubernetes_executor.py
[2026-03-29T21:37:16.518+0000] {processor.py:830} INFO - Processing file /home/airflow/.local/lib/python3.12/site-packages/airflow/example_dags/example_local_kubernetes_executor.py for tasks to queue
[2026-03-29T21:37:16.520+0000] {logging_mixin.py:188} INFO - [2026-03-29T21:37:16.520+0000] {dagbag.py:545} INFO - Filling up the DagBag from /home/airflow/.local/lib/python3.12/site-packages/airflow/example_dags/example_local_kubernetes_executor.py
[2026-03-29T21:37:16.530+0000] {processor.py:840} INFO - DAG(s) 'example_local_kubernetes_executor' retrieved from /home/airflow/.local/lib/python3.12/site-packages/airflow/example_dags/example_local_kubernetes_executor.py
[2026-03-29T21:37:16.560+0000] {logging_mixin.py:188} INFO - [2026-03-29T21:37:16.560+0000] {dag.py:3089} INFO - Sync 1 DAGs
[2026-03-29T21:37:16.570+0000] {logging_mixin.py:188} INFO - [2026-03-29T21:37:16.570+0000] {dag.py:3947} INFO - Setting next_dagrun for example_local_kubernetes_executor to None, run_after=None
[2026-03-29T21:37:16.585+0000] {processor.py:183} INFO - Processing /home/airflow/.local/lib/python3.12/site-packages/airflow/example_dags/example_local_kubernetes_executor.py took 0.079 seconds
[2026-03-29T21:37:47.003+0000] {processor.py:161} INFO - Started process (PID=795) to work on /home/airflow/.local/lib/python3.12/site-packages/airflow/example_dags/example_local_kubernetes_executor.py
[2026-03-29T21:37:47.005+0000] {processor.py:830} INFO - Processing file /home/airflow/.local/lib/python3.12/site-packages/airflow/example_dags/example_local_kubernetes_executor.py for tasks to queue
[2026-03-29T21:37:47.007+0000] {logging_mixin.py:188} INFO - [2026-03-29T21:37:47.007+0000] {dagbag.py:545} INFO - Filling up the DagBag from /home/airflow/.local/lib/python3.12/site-packages/airflow/example_dags/example_local_kubernetes_executor.py
[2026-03-29T21:37:47.016+0000] {processor.py:840} INFO - DAG(s) 'example_local_kubernetes_executor' retrieved from /home/airflow/.local/lib/python3.12/site-packages/airflow/example_dags/example_local_kubernetes_executor.py
[2026-03-29T21:37:47.048+0000] {logging_mixin.py:188} INFO - [2026-03-29T21:37:47.047+0000] {dag.py:3089} INFO - Sync 1 DAGs
[2026-03-29T21:37:47.057+0000] {logging_mixin.py:188} INFO - [2026-03-29T21:37:47.057+0000] {dag.py:3947} INFO - Setting next_dagrun for example_local_kubernetes_executor to None, run_after=None
[2026-03-29T21:37:47.070+0000] {processor.py:183} INFO - Processing /home/airflow/.local/lib/python3.12/site-packages/airflow/example_dags/example_local_kubernetes_executor.py took 0.076 seconds
[2026-03-29T21:38:17.188+0000] {processor.py:161} INFO - Started process (PID=847) to work on /home/airflow/.local/lib/python3.12/site-packages/airflow/example_dags/example_local_kubernetes_executor.py
[2026-03-29T21:38:17.191+0000] {processor.py:830} INFO - Processing file /home/airflow/.local/lib/python3.12/site-packages/airflow/example_dags/example_local_kubernetes_executor.py for tasks to queue
[2026-03-29T21:38:17.193+0000] {logging_mixin.py:188} INFO - [2026-03-29T21:38:17.193+0000] {dagbag.py:545} INFO - Filling up the DagBag from /home/airflow/.local/lib/python3.12/site-packages/airflow/example_dags/example_local_kubernetes_executor.py
[2026-03-29T21:38:17.205+0000] {processor.py:840} INFO - DAG(s) 'example_local_kubernetes_executor' retrieved from /home/airflow/.local/lib/python3.12/site-packages/airflow/example_dags/example_local_kubernetes_executor.py
[2026-03-29T21:38:17.243+0000] {logging_mixin.py:188} INFO - [2026-03-29T21:38:17.243+0000] {dag.py:3089} INFO - Sync 1 DAGs
[2026-03-29T21:38:17.254+0000] {logging_mixin.py:188} INFO - [2026-03-29T21:38:17.254+0000] {dag.py:3947} INFO - Setting next_dagrun for example_local_kubernetes_executor to None, run_after=None
[2026-03-29T21:38:17.272+0000] {processor.py:183} INFO - Processing /home/airflow/.local/lib/python3.12/site-packages/airflow/example_dags/example_local_kubernetes_executor.py took 0.095 seconds
[2026-03-29T21:38:47.854+0000] {processor.py:161} INFO - Started process (PID=899) to work on /home/airflow/.local/lib/python3.12/site-packages/airflow/example_dags/example_local_kubernetes_executor.py
[2026-03-29T21:38:47.856+0000] {processor.py:830} INFO - Processing file /home/airflow/.local/lib/python3.12/site-packages/airflow/example_dags/example_local_kubernetes_executor.py for tasks to queue
[2026-03-29T21:38:47.860+0000] {logging_mixin.py:188} INFO - [2026-03-29T21:38:47.859+0000] {dagbag.py:545} INFO - Filling up the DagBag from /home/airflow/.local/lib/python3.12/site-packages/airflow/example_dags/example_local_kubernetes_executor.py
[2026-03-29T21:38:47.874+0000] {processor.py:840} INFO - DAG(s) 'example_local_kubernetes_executor' retrieved from /home/airflow/.local/lib/python3.12/site-packages/airflow/example_dags/example_local_kubernetes_executor.py
[2026-03-29T21:38:47.903+0000] {logging_mixin.py:188} INFO - [2026-03-29T21:38:47.903+0000] {dag.py:3089} INFO - Sync 1 DAGs
[2026-03-29T21:38:47.912+0000] {logging_mixin.py:188} INFO - [2026-03-29T21:38:47.912+0000] {dag.py:3947} INFO - Setting next_dagrun for example_local_kubernetes_executor to None, run_after=None
[2026-03-29T21:38:47.926+0000] {processor.py:183} INFO - Processing /home/airflow/.local/lib/python3.12/site-packages/airflow/example_dags/example_local_kubernetes_executor.py took 0.083 seconds
[2026-03-29T21:39:18.281+0000] {processor.py:161} INFO - Started process (PID=951) to work on /home/airflow/.local/lib/python3.12/site-packages/airflow/example_dags/example_local_kubernetes_executor.py
[2026-03-29T21:39:18.282+0000] {processor.py:830} INFO - Processing file /home/airflow/.local/lib/python3.12/site-packages/airflow/example_dags/example_local_kubernetes_executor.py for tasks to queue
[2026-03-29T21:39:18.284+0000] {logging_mixin.py:188} INFO - [2026-03-29T21:39:18.284+0000] {dagbag.py:545} INFO - Filling up the DagBag from /home/airflow/.local/lib/python3.12/site-packages/airflow/example_dags/example_local_kubernetes_executor.py
[2026-03-29T21:39:18.296+0000] {processor.py:840} INFO - DAG(s) 'example_local_kubernetes_executor' retrieved from /home/airflow/.local/lib/python3.12/site-packages/airflow/example_dags/example_local_kubernetes_executor.py
[2026-03-29T21:39:18.337+0000] {logging_mixin.py:188} INFO - [2026-03-29T21:39:18.337+0000] {dag.py:3089} INFO - Sync 1 DAGs
[2026-03-29T21:39:18.347+0000] {logging_mixin.py:188} INFO - [2026-03-29T21:39:18.347+0000] {dag.py:3947} INFO - Setting next_dagrun for example_local_kubernetes_executor to None, run_after=None
[2026-03-29T21:39:18.366+0000] {processor.py:183} INFO - Processing /home/airflow/.local/lib/python3.12/site-packages/airflow/example_dags/example_local_kubernetes_executor.py took 0.095 seconds
[2026-03-29T21:39:48.966+0000] {processor.py:161} INFO - Started process (PID=1003) to work on /home/airflow/.local/lib/python3.12/site-packages/airflow/example_dags/example_local_kubernetes_executor.py
[2026-03-29T21:39:48.967+0000] {processor.py:830} INFO - Processing file /home/airflow/.local/lib/python3.12/site-packages/airflow/example_dags/example_local_kubernetes_executor.py for tasks to queue
[2026-03-29T21:39:48.970+0000] {logging_mixin.py:188} INFO - [2026-03-29T21:39:48.970+0000] {dagbag.py:545} INFO - Filling up the DagBag from /home/airflow/.local/lib/python3.12/site-packages/airflow/example_dags/example_local_kubernetes_executor.py
[2026-03-29T21:39:48.984+0000] {processor.py:840} INFO - DAG(s) 'example_local_kubernetes_executor' retrieved from /home/airflow/.local/lib/python3.12/site-packages/airflow/example_dags/example_local_kubernetes_executor.py
[2026-03-29T21:39:49.052+0000] {logging_mixin.py:188} INFO - [2026-03-29T21:39:49.052+0000] {dag.py:3089} INFO - Sync 1 DAGs
[2026-03-29T21:39:49.066+0000] {logging_mixin.py:188} INFO - [2026-03-29T21:39:49.066+0000] {dag.py:3947} INFO - Setting next_dagrun for example_local_kubernetes_executor to None, run_after=None
[2026-03-29T21:39:49.090+0000] {processor.py:183} INFO - Processing /home/airflow/.local/lib/python3.12/site-packages/airflow/example_dags/example_local_kubernetes_executor.py took 0.131 seconds
[2026-03-29T21:40:19.664+0000] {processor.py:161} INFO - Started process (PID=1055) to work on /home/airflow/.local/lib/python3.12/site-packages/airflow/example_dags/example_local_kubernetes_executor.py
[2026-03-29T21:40:19.667+0000] {processor.py:830} INFO - Processing file /home/airflow/.local/lib/python3.12/site-packages/airflow/example_dags/example_local_kubernetes_executor.py for tasks to queue
[2026-03-29T21:40:19.672+0000] {logging_mixin.py:188} INFO - [2026-03-29T21:40:19.671+0000] {dagbag.py:545} INFO - Filling up the DagBag from /home/airflow/.local/lib/python3.12/site-packages/airflow/example_dags/example_local_kubernetes_executor.py
[2026-03-29T21:40:19.691+0000] {processor.py:840} INFO - DAG(s) 'example_local_kubernetes_executor' retrieved from /home/airflow/.local/lib/python3.12/site-packages/airflow/example_dags/example_local_kubernetes_executor.py
[2026-03-29T21:40:19.750+0000] {logging_mixin.py:188} INFO - [2026-03-29T21:40:19.750+0000] {dag.py:3089} INFO - Sync 1 DAGs
[2026-03-29T21:40:19.768+0000] {logging_mixin.py:188} INFO - [2026-03-29T21:40:19.767+0000] {dag.py:3947} INFO - Setting next_dagrun for example_local_kubernetes_executor to None, run_after=None
[2026-03-29T21:40:19.785+0000] {processor.py:183} INFO - Processing /home/airflow/.local/lib/python3.12/site-packages/airflow/example_dags/example_local_kubernetes_executor.py took 0.147 seconds
[2026-03-29T21:40:50.016+0000] {processor.py:161} INFO - Started process (PID=1107) to work on /home/airflow/.local/lib/python3.12/site-packages/airflow/example_dags/example_local_kubernetes_executor.py
[2026-03-29T21:40:50.018+0000] {processor.py:830} INFO - Processing file /home/airflow/.local/lib/python3.12/site-packages/airflow/example_dags/example_local_kubernetes_executor.py for tasks to queue
[2026-03-29T21:40:50.023+0000] {logging_mixin.py:188} INFO - [2026-03-29T21:40:50.022+0000] {dagbag.py:545} INFO - Filling up the DagBag from /home/airflow/.local/lib/python3.12/site-packages/airflow/example_dags/example_local_kubernetes_executor.py
[2026-03-29T21:40:50.043+0000] {processor.py:840} INFO - DAG(s) 'example_local_kubernetes_executor' retrieved from /home/airflow/.local/lib/python3.12/site-packages/airflow/example_dags/example_local_kubernetes_executor.py
[2026-03-29T21:40:50.128+0000] {logging_mixin.py:188} INFO - [2026-03-29T21:40:50.128+0000] {dag.py:3089} INFO - Sync 1 DAGs
[2026-03-29T21:40:50.146+0000] {logging_mixin.py:188} INFO - [2026-03-29T21:40:50.146+0000] {dag.py:3947} INFO - Setting next_dagrun for example_local_kubernetes_executor to None, run_after=None
[2026-03-29T21:40:50.174+0000] {processor.py:183} INFO - Processing /home/airflow/.local/lib/python3.12/site-packages/airflow/example_dags/example_local_kubernetes_executor.py took 0.184 seconds
[2026-03-29T21:41:20.714+0000] {processor.py:161} INFO - Started process (PID=1159) to work on /home/airflow/.local/lib/python3.12/site-packages/airflow/example_dags/example_local_kubernetes_executor.py
[2026-03-29T21:41:20.717+0000] {processor.py:830} INFO - Processing file /home/airflow/.local/lib/python3.12/site-packages/airflow/example_dags/example_local_kubernetes_executor.py for tasks to queue
[2026-03-29T21:41:20.720+0000] {logging_mixin.py:188} INFO - [2026-03-29T21:41:20.720+0000] {dagbag.py:545} INFO - Filling up the DagBag from /home/airflow/.local/lib/python3.12/site-packages/airflow/example_dags/example_local_kubernetes_executor.py
[2026-03-29T21:41:20.732+0000] {processor.py:840} INFO - DAG(s) 'example_local_kubernetes_executor' retrieved from /home/airflow/.local/lib/python3.12/site-packages/airflow/example_dags/example_local_kubernetes_executor.py
[2026-03-29T21:41:20.771+0000] {logging_mixin.py:188} INFO - [2026-03-29T21:41:20.770+0000] {dag.py:3089} INFO - Sync 1 DAGs
[2026-03-29T21:41:20.785+0000] {logging_mixin.py:188} INFO - [2026-03-29T21:41:20.785+0000] {dag.py:3947} INFO - Setting next_dagrun for example_local_kubernetes_executor to None, run_after=None
[2026-03-29T21:41:20.806+0000] {processor.py:183} INFO - Processing /home/airflow/.local/lib/python3.12/site-packages/airflow/example_dags/example_local_kubernetes_executor.py took 0.106 seconds
[2026-03-29T21:41:51.618+0000] {processor.py:161} INFO - Started process (PID=1211) to work on /home/airflow/.local/lib/python3.12/site-packages/airflow/example_dags/example_local_kubernetes_executor.py
[2026-03-29T21:41:51.620+0000] {processor.py:830} INFO - Processing file /home/airflow/.local/lib/python3.12/site-packages/airflow/example_dags/example_local_kubernetes_executor.py for tasks to queue
[2026-03-29T21:41:51.624+0000] {logging_mixin.py:188} INFO - [2026-03-29T21:41:51.624+0000] {dagbag.py:545} INFO - Filling up the DagBag from /home/airflow/.local/lib/python3.12/site-packages/airflow/example_dags/example_local_kubernetes_executor.py
[2026-03-29T21:41:51.656+0000] {processor.py:840} INFO - DAG(s) 'example_local_kubernetes_executor' retrieved from /home/airflow/.local/lib/python3.12/site-packages/airflow/example_dags/example_local_kubernetes_executor.py
[2026-03-29T21:41:51.726+0000] {logging_mixin.py:188} INFO - [2026-03-29T21:41:51.725+0000] {dag.py:3089} INFO - Sync 1 DAGs
[2026-03-29T21:41:51.739+0000] {logging_mixin.py:188} INFO - [2026-03-29T21:41:51.739+0000] {dag.py:3947} INFO - Setting next_dagrun for example_local_kubernetes_executor to None, run_after=None
[2026-03-29T21:41:51.764+0000] {processor.py:183} INFO - Processing /home/airflow/.local/lib/python3.12/site-packages/airflow/example_dags/example_local_kubernetes_executor.py took 0.159 seconds
[2026-03-29T21:42:21.903+0000] {processor.py:161} INFO - Started process (PID=1263) to work on /home/airflow/.local/lib/python3.12/site-packages/airflow/example_dags/example_local_kubernetes_executor.py
[2026-03-29T21:42:21.906+0000] {processor.py:830} INFO - Processing file /home/airflow/.local/lib/python3.12/site-packages/airflow/example_dags/example_local_kubernetes_executor.py for tasks to queue
[2026-03-29T21:42:21.914+0000] {logging_mixin.py:188} INFO - [2026-03-29T21:42:21.912+0000] {dagbag.py:545} INFO - Filling up the DagBag from /home/airflow/.local/lib/python3.12/site-packages/airflow/example_dags/example_local_kubernetes_executor.py
[2026-03-29T21:42:21.937+0000] {processor.py:840} INFO - DAG(s) 'example_local_kubernetes_executor' retrieved from /home/airflow/.local/lib/python3.12/site-packages/airflow/example_dags/example_local_kubernetes_executor.py
[2026-03-29T21:42:22.009+0000] {logging_mixin.py:188} INFO - [2026-03-29T21:42:22.008+0000] {dag.py:3089} INFO - Sync 1 DAGs
[2026-03-29T21:42:22.030+0000] {logging_mixin.py:188} INFO - [2026-03-29T21:42:22.030+0000] {dag.py:3947} INFO - Setting next_dagrun for example_local_kubernetes_executor to None, run_after=None
[2026-03-29T21:42:22.060+0000] {processor.py:183} INFO - Processing /home/airflow/.local/lib/python3.12/site-packages/airflow/example_dags/example_local_kubernetes_executor.py took 0.179 seconds
[2026-03-29T21:42:52.208+0000] {processor.py:161} INFO - Started process (PID=1315) to work on /home/airflow/.local/lib/python3.12/site-packages/airflow/example_dags/example_local_kubernetes_executor.py
[2026-03-29T21:42:52.209+0000] {processor.py:830} INFO - Processing file /home/airflow/.local/lib/python3.12/site-packages/airflow/example_dags/example_local_kubernetes_executor.py for tasks to queue
[2026-03-29T21:42:52.212+0000] {logging_mixin.py:188} INFO - [2026-03-29T21:42:52.212+0000] {dagbag.py:545} INFO - Filling up the DagBag from /home/airflow/.local/lib/python3.12/site-packages/airflow/example_dags/example_local_kubernetes_executor.py
[2026-03-29T21:42:52.221+0000] {processor.py:840} INFO - DAG(s) 'example_local_kubernetes_executor' retrieved from /home/airflow/.local/lib/python3.12/site-packages/airflow/example_dags/example_local_kubernetes_executor.py
[2026-03-29T21:42:52.273+0000] {logging_mixin.py:188} INFO - [2026-03-29T21:42:52.273+0000] {dag.py:3089} INFO - Sync 1 DAGs
[2026-03-29T21:42:52.285+0000] {logging_mixin.py:188} INFO - [2026-03-29T21:42:52.285+0000] {dag.py:3947} INFO - Setting next_dagrun for example_local_kubernetes_executor to None, run_after=None
[2026-03-29T21:42:52.306+0000] {processor.py:183} INFO - Processing /home/airflow/.local/lib/python3.12/site-packages/airflow/example_dags/example_local_kubernetes_executor.py took 0.106 seconds
[2026-03-29T21:43:22.755+0000] {processor.py:161} INFO - Started process (PID=1367) to work on /home/airflow/.local/lib/python3.12/site-packages/airflow/example_dags/example_local_kubernetes_executor.py
[2026-03-29T21:43:22.756+0000] {processor.py:830} INFO - Processing file /home/airflow/.local/lib/python3.12/site-packages/airflow/example_dags/example_local_kubernetes_executor.py for tasks to queue
[2026-03-29T21:43:22.757+0000] {logging_mixin.py:188} INFO - [2026-03-29T21:43:22.757+0000] {dagbag.py:545} INFO - Filling up the DagBag from /home/airflow/.local/lib/python3.12/site-packages/airflow/example_dags/example_local_kubernetes_executor.py
[2026-03-29T21:43:22.764+0000] {processor.py:840} INFO - DAG(s) 'example_local_kubernetes_executor' retrieved from /home/airflow/.local/lib/python3.12/site-packages/airflow/example_dags/example_local_kubernetes_executor.py
[2026-03-29T21:43:22.795+0000] {logging_mixin.py:188} INFO - [2026-03-29T21:43:22.795+0000] {dag.py:3089} INFO - Sync 1 DAGs
[2026-03-29T21:43:22.804+0000] {logging_mixin.py:188} INFO - [2026-03-29T21:43:22.804+0000] {dag.py:3947} INFO - Setting next_dagrun for example_local_kubernetes_executor to None, run_after=None
[2026-03-29T21:43:22.823+0000] {processor.py:183} INFO - Processing /home/airflow/.local/lib/python3.12/site-packages/airflow/example_dags/example_local_kubernetes_executor.py took 0.074 seconds
[2026-03-29T21:43:53.944+0000] {processor.py:161} INFO - Started process (PID=1419) to work on /home/airflow/.local/lib/python3.12/site-packages/airflow/example_dags/example_local_kubernetes_executor.py
[2026-03-29T21:43:53.945+0000] {processor.py:830} INFO - Processing file /home/airflow/.local/lib/python3.12/site-packages/airflow/example_dags/example_local_kubernetes_executor.py for tasks to queue
[2026-03-29T21:43:53.947+0000] {logging_mixin.py:188} INFO - [2026-03-29T21:43:53.947+0000] {dagbag.py:545} INFO - Filling up the DagBag from /home/airflow/.local/lib/python3.12/site-packages/airflow/example_dags/example_local_kubernetes_executor.py
[2026-03-29T21:43:53.958+0000] {processor.py:840} INFO - DAG(s) 'example_local_kubernetes_executor' retrieved from /home/airflow/.local/lib/python3.12/site-packages/airflow/example_dags/example_local_kubernetes_executor.py
[2026-03-29T21:43:54.005+0000] {logging_mixin.py:188} INFO - [2026-03-29T21:43:54.004+0000] {dag.py:3089} INFO - Sync 1 DAGs
[2026-03-29T21:43:54.022+0000] {logging_mixin.py:188} INFO - [2026-03-29T21:43:54.021+0000] {dag.py:3947} INFO - Setting next_dagrun for example_local_kubernetes_executor to None, run_after=None
[2026-03-29T21:43:54.043+0000] {processor.py:183} INFO - Processing /home/airflow/.local/lib/python3.12/site-packages/airflow/example_dags/example_local_kubernetes_executor.py took 0.105 seconds
[2026-03-29T21:44:25.167+0000] {processor.py:161} INFO - Started process (PID=1471) to work on /home/airflow/.local/lib/python3.12/site-packages/airflow/example_dags/example_local_kubernetes_executor.py
[2026-03-29T21:44:25.170+0000] {processor.py:830} INFO - Processing file /home/airflow/.local/lib/python3.12/site-packages/airflow/example_dags/example_local_kubernetes_executor.py for tasks to queue
[2026-03-29T21:44:25.175+0000] {logging_mixin.py:188} INFO - [2026-03-29T21:44:25.175+0000] {dagbag.py:545} INFO - Filling up the DagBag from /home/airflow/.local/lib/python3.12/site-packages/airflow/example_dags/example_local_kubernetes_executor.py
[2026-03-29T21:44:25.215+0000] {processor.py:840} INFO - DAG(s) 'example_local_kubernetes_executor' retrieved from /home/airflow/.local/lib/python3.12/site-packages/airflow/example_dags/example_local_kubernetes_executor.py
[2026-03-29T21:44:25.295+0000] {logging_mixin.py:188} INFO - [2026-03-29T21:44:25.294+0000] {dag.py:3089} INFO - Sync 1 DAGs
[2026-03-29T21:44:25.322+0000] {logging_mixin.py:188} INFO - [2026-03-29T21:44:25.322+0000] {dag.py:3947} INFO - Setting next_dagrun for example_local_kubernetes_executor to None, run_after=None
[2026-03-29T21:44:25.346+0000] {processor.py:183} INFO - Processing /home/airflow/.local/lib/python3.12/site-packages/airflow/example_dags/example_local_kubernetes_executor.py took 0.201 seconds
[2026-03-29T21:44:55.419+0000] {processor.py:161} INFO - Started process (PID=1524) to work on /home/airflow/.local/lib/python3.12/site-packages/airflow/example_dags/example_local_kubernetes_executor.py
[2026-03-29T21:44:55.420+0000] {processor.py:830} INFO - Processing file /home/airflow/.local/lib/python3.12/site-packages/airflow/example_dags/example_local_kubernetes_executor.py for tasks to queue
[2026-03-29T21:44:55.422+0000] {logging_mixin.py:188} INFO - [2026-03-29T21:44:55.421+0000] {dagbag.py:545} INFO - Filling up the DagBag from /home/airflow/.local/lib/python3.12/site-packages/airflow/example_dags/example_local_kubernetes_executor.py
[2026-03-29T21:44:55.427+0000] {processor.py:840} INFO - DAG(s) 'example_local_kubernetes_executor' retrieved from /home/airflow/.local/lib/python3.12/site-packages/airflow/example_dags/example_local_kubernetes_executor.py
[2026-03-29T21:44:55.452+0000] {logging_mixin.py:188} INFO - [2026-03-29T21:44:55.452+0000] {dag.py:3089} INFO - Sync 1 DAGs
[2026-03-29T21:44:55.461+0000] {logging_mixin.py:188} INFO - [2026-03-29T21:44:55.461+0000] {dag.py:3947} INFO - Setting next_dagrun for example_local_kubernetes_executor to None, run_after=None
[2026-03-29T21:44:55.474+0000] {processor.py:183} INFO - Processing /home/airflow/.local/lib/python3.12/site-packages/airflow/example_dags/example_local_kubernetes_executor.py took 0.059 seconds
[2026-03-29T21:45:26.548+0000] {processor.py:161} INFO - Started process (PID=1575) to work on /home/airflow/.local/lib/python3.12/site-packages/airflow/example_dags/example_local_kubernetes_executor.py
[2026-03-29T21:45:26.549+0000] {processor.py:830} INFO - Processing file /home/airflow/.local/lib/python3.12/site-packages/airflow/example_dags/example_local_kubernetes_executor.py for tasks to queue
[2026-03-29T21:45:26.550+0000] {logging_mixin.py:188} INFO - [2026-03-29T21:45:26.550+0000] {dagbag.py:545} INFO - Filling up the DagBag from /home/airflow/.local/lib/python3.12/site-packages/airflow/example_dags/example_local_kubernetes_executor.py
[2026-03-29T21:45:26.560+0000] {processor.py:840} INFO - DAG(s) 'example_local_kubernetes_executor' retrieved from /home/airflow/.local/lib/python3.12/site-packages/airflow/example_dags/example_local_kubernetes_executor.py
[2026-03-29T21:45:26.596+0000] {logging_mixin.py:188} INFO - [2026-03-29T21:45:26.596+0000] {dag.py:3089} INFO - Sync 1 DAGs
[2026-03-29T21:45:26.608+0000] {logging_mixin.py:188} INFO - [2026-03-29T21:45:26.607+0000] {dag.py:3947} INFO - Setting next_dagrun for example_local_kubernetes_executor to None, run_after=None
[2026-03-29T21:45:26.624+0000] {processor.py:183} INFO - Processing /home/airflow/.local/lib/python3.12/site-packages/airflow/example_dags/example_local_kubernetes_executor.py took 0.082 seconds
[2026-03-29T21:45:57.855+0000] {processor.py:161} INFO - Started process (PID=1627) to work on /home/airflow/.local/lib/python3.12/site-packages/airflow/example_dags/example_local_kubernetes_executor.py
[2026-03-29T21:45:57.857+0000] {processor.py:830} INFO - Processing file /home/airflow/.local/lib/python3.12/site-packages/airflow/example_dags/example_local_kubernetes_executor.py for tasks to queue
[2026-03-29T21:45:57.860+0000] {logging_mixin.py:188} INFO - [2026-03-29T21:45:57.860+0000] {dagbag.py:545} INFO - Filling up the DagBag from /home/airflow/.local/lib/python3.12/site-packages/airflow/example_dags/example_local_kubernetes_executor.py
[2026-03-29T21:45:57.865+0000] {processor.py:840} INFO - DAG(s) 'example_local_kubernetes_executor' retrieved from /home/airflow/.local/lib/python3.12/site-packages/airflow/example_dags/example_local_kubernetes_executor.py
[2026-03-29T21:45:57.897+0000] {logging_mixin.py:188} INFO - [2026-03-29T21:45:57.897+0000] {dag.py:3089} INFO - Sync 1 DAGs
[2026-03-29T21:45:57.908+0000] {logging_mixin.py:188} INFO - [2026-03-29T21:45:57.908+0000] {dag.py:3947} INFO - Setting next_dagrun for example_local_kubernetes_executor to None, run_after=None
[2026-03-29T21:45:57.926+0000] {processor.py:183} INFO - Processing /home/airflow/.local/lib/python3.12/site-packages/airflow/example_dags/example_local_kubernetes_executor.py took 0.075 seconds
[2026-03-29T21:46:28.860+0000] {processor.py:161} INFO - Started process (PID=1679) to work on /home/airflow/.local/lib/python3.12/site-packages/airflow/example_dags/example_local_kubernetes_executor.py
[2026-03-29T21:46:28.861+0000] {processor.py:830} INFO - Processing file /home/airflow/.local/lib/python3.12/site-packages/airflow/example_dags/example_local_kubernetes_executor.py for tasks to queue
[2026-03-29T21:46:28.863+0000] {logging_mixin.py:188} INFO - [2026-03-29T21:46:28.863+0000] {dagbag.py:545} INFO - Filling up the DagBag from /home/airflow/.local/lib/python3.12/site-packages/airflow/example_dags/example_local_kubernetes_executor.py
[2026-03-29T21:46:28.869+0000] {processor.py:840} INFO - DAG(s) 'example_local_kubernetes_executor' retrieved from /home/airflow/.local/lib/python3.12/site-packages/airflow/example_dags/example_local_kubernetes_executor.py
[2026-03-29T21:46:28.902+0000] {logging_mixin.py:188} INFO - [2026-03-29T21:46:28.902+0000] {dag.py:3089} INFO - Sync 1 DAGs
[2026-03-29T21:46:28.913+0000] {logging_mixin.py:188} INFO - [2026-03-29T21:46:28.912+0000] {dag.py:3947} INFO - Setting next_dagrun for example_local_kubernetes_executor to None, run_after=None
[2026-03-29T21:46:28.931+0000] {processor.py:183} INFO - Processing /home/airflow/.local/lib/python3.12/site-packages/airflow/example_dags/example_local_kubernetes_executor.py took 0.075 seconds
[2026-03-29T21:46:59.836+0000] {processor.py:161} INFO - Started process (PID=1731) to work on /home/airflow/.local/lib/python3.12/site-packages/airflow/example_dags/example_local_kubernetes_executor.py
[2026-03-29T21:46:59.837+0000] {processor.py:830} INFO - Processing file /home/airflow/.local/lib/python3.12/site-packages/airflow/example_dags/example_local_kubernetes_executor.py for tasks to queue
[2026-03-29T21:46:59.838+0000] {logging_mixin.py:188} INFO - [2026-03-29T21:46:59.838+0000] {dagbag.py:545} INFO - Filling up the DagBag from /home/airflow/.local/lib/python3.12/site-packages/airflow/example_dags/example_local_kubernetes_executor.py
[2026-03-29T21:46:59.843+0000] {processor.py:840} INFO - DAG(s) 'example_local_kubernetes_executor' retrieved from /home/airflow/.local/lib/python3.12/site-packages/airflow/example_dags/example_local_kubernetes_executor.py
[2026-03-29T21:46:59.868+0000] {logging_mixin.py:188} INFO - [2026-03-29T21:46:59.868+0000] {dag.py:3089} INFO - Sync 1 DAGs
[2026-03-29T21:46:59.876+0000] {logging_mixin.py:188} INFO - [2026-03-29T21:46:59.876+0000] {dag.py:3947} INFO - Setting next_dagrun for example_local_kubernetes_executor to None, run_after=None
[2026-03-29T21:46:59.887+0000] {processor.py:183} INFO - Processing /home/airflow/.local/lib/python3.12/site-packages/airflow/example_dags/example_local_kubernetes_executor.py took 0.055 seconds
[2026-03-29T21:47:31.061+0000] {processor.py:161} INFO - Started process (PID=1783) to work on /home/airflow/.local/lib/python3.12/site-packages/airflow/example_dags/example_local_kubernetes_executor.py
[2026-03-29T21:47:31.062+0000] {processor.py:830} INFO - Processing file /home/airflow/.local/lib/python3.12/site-packages/airflow/example_dags/example_local_kubernetes_executor.py for tasks to queue
[2026-03-29T21:47:31.064+0000] {logging_mixin.py:188} INFO - [2026-03-29T21:47:31.064+0000] {dagbag.py:545} INFO - Filling up the DagBag from /home/airflow/.local/lib/python3.12/site-packages/airflow/example_dags/example_local_kubernetes_executor.py
[2026-03-29T21:47:31.070+0000] {processor.py:840} INFO - DAG(s) 'example_local_kubernetes_executor' retrieved from /home/airflow/.local/lib/python3.12/site-packages/airflow/example_dags/example_local_kubernetes_executor.py
[2026-03-29T21:47:31.096+0000] {logging_mixin.py:188} INFO - [2026-03-29T21:47:31.096+0000] {dag.py:3089} INFO - Sync 1 DAGs
[2026-03-29T21:47:31.249+0000] {logging_mixin.py:188} INFO - [2026-03-29T21:47:31.249+0000] {dag.py:3947} INFO - Setting next_dagrun for example_local_kubernetes_executor to None, run_after=None
[2026-03-29T21:47:31.270+0000] {processor.py:183} INFO - Processing /home/airflow/.local/lib/python3.12/site-packages/airflow/example_dags/example_local_kubernetes_executor.py took 0.214 seconds
[2026-03-29T21:48:01.555+0000] {processor.py:161} INFO - Started process (PID=1835) to work on /home/airflow/.local/lib/python3.12/site-packages/airflow/example_dags/example_local_kubernetes_executor.py
[2026-03-29T21:48:01.556+0000] {processor.py:830} INFO - Processing file /home/airflow/.local/lib/python3.12/site-packages/airflow/example_dags/example_local_kubernetes_executor.py for tasks to queue
[2026-03-29T21:48:01.557+0000] {logging_mixin.py:188} INFO - [2026-03-29T21:48:01.557+0000] {dagbag.py:545} INFO - Filling up the DagBag from /home/airflow/.local/lib/python3.12/site-packages/airflow/example_dags/example_local_kubernetes_executor.py
[2026-03-29T21:48:01.566+0000] {processor.py:840} INFO - DAG(s) 'example_local_kubernetes_executor' retrieved from /home/airflow/.local/lib/python3.12/site-packages/airflow/example_dags/example_local_kubernetes_executor.py
[2026-03-29T21:48:01.602+0000] {logging_mixin.py:188} INFO - [2026-03-29T21:48:01.601+0000] {dag.py:3089} INFO - Sync 1 DAGs
[2026-03-29T21:48:01.612+0000] {logging_mixin.py:188} INFO - [2026-03-29T21:48:01.611+0000] {dag.py:3947} INFO - Setting next_dagrun for example_local_kubernetes_executor to None, run_after=None
[2026-03-29T21:48:01.628+0000] {processor.py:183} INFO - Processing /home/airflow/.local/lib/python3.12/site-packages/airflow/example_dags/example_local_kubernetes_executor.py took 0.078 seconds
[2026-03-29T21:48:32.031+0000] {processor.py:161} INFO - Started process (PID=1887) to work on /home/airflow/.local/lib/python3.12/site-packages/airflow/example_dags/example_local_kubernetes_executor.py
[2026-03-29T21:48:32.032+0000] {processor.py:830} INFO - Processing file /home/airflow/.local/lib/python3.12/site-packages/airflow/example_dags/example_local_kubernetes_executor.py for tasks to queue
[2026-03-29T21:48:32.033+0000] {logging_mixin.py:188} INFO - [2026-03-29T21:48:32.033+0000] {dagbag.py:545} INFO - Filling up the DagBag from /home/airflow/.local/lib/python3.12/site-packages/airflow/example_dags/example_local_kubernetes_executor.py
[2026-03-29T21:48:32.039+0000] {processor.py:840} INFO - DAG(s) 'example_local_kubernetes_executor' retrieved from /home/airflow/.local/lib/python3.12/site-packages/airflow/example_dags/example_local_kubernetes_executor.py
[2026-03-29T21:48:32.069+0000] {logging_mixin.py:188} INFO - [2026-03-29T21:48:32.068+0000] {dag.py:3089} INFO - Sync 1 DAGs
[2026-03-29T21:48:32.080+0000] {logging_mixin.py:188} INFO - [2026-03-29T21:48:32.080+0000] {dag.py:3947} INFO - Setting next_dagrun for example_local_kubernetes_executor to None, run_after=None
[2026-03-29T21:48:32.096+0000] {processor.py:183} INFO - Processing /home/airflow/.local/lib/python3.12/site-packages/airflow/example_dags/example_local_kubernetes_executor.py took 0.070 seconds
[2026-03-29T21:49:02.996+0000] {processor.py:161} INFO - Started process (PID=1939) to work on /home/airflow/.local/lib/python3.12/site-packages/airflow/example_dags/example_local_kubernetes_executor.py
[2026-03-29T21:49:02.998+0000] {processor.py:830} INFO - Processing file /home/airflow/.local/lib/python3.12/site-packages/airflow/example_dags/example_local_kubernetes_executor.py for tasks to queue
[2026-03-29T21:49:03.003+0000] {logging_mixin.py:188} INFO - [2026-03-29T21:49:03.003+0000] {dagbag.py:545} INFO - Filling up the DagBag from /home/airflow/.local/lib/python3.12/site-packages/airflow/example_dags/example_local_kubernetes_executor.py
[2026-03-29T21:49:03.017+0000] {processor.py:840} INFO - DAG(s) 'example_local_kubernetes_executor' retrieved from /home/airflow/.local/lib/python3.12/site-packages/airflow/example_dags/example_local_kubernetes_executor.py
[2026-03-29T21:49:03.091+0000] {logging_mixin.py:188} INFO - [2026-03-29T21:49:03.091+0000] {dag.py:3089} INFO - Sync 1 DAGs
[2026-03-29T21:49:03.118+0000] {logging_mixin.py:188} INFO - [2026-03-29T21:49:03.118+0000] {dag.py:3947} INFO - Setting next_dagrun for example_local_kubernetes_executor to None, run_after=None
[2026-03-29T21:49:03.147+0000] {processor.py:183} INFO - Processing /home/airflow/.local/lib/python3.12/site-packages/airflow/example_dags/example_local_kubernetes_executor.py took 0.162 seconds
[2026-03-29T21:49:33.819+0000] {processor.py:161} INFO - Started process (PID=1991) to work on /home/airflow/.local/lib/python3.12/site-packages/airflow/example_dags/example_local_kubernetes_executor.py
[2026-03-29T21:49:33.820+0000] {processor.py:830} INFO - Processing file /home/airflow/.local/lib/python3.12/site-packages/airflow/example_dags/example_local_kubernetes_executor.py for tasks to queue
[2026-03-29T21:49:33.821+0000] {logging_mixin.py:188} INFO - [2026-03-29T21:49:33.821+0000] {dagbag.py:545} INFO - Filling up the DagBag from /home/airflow/.local/lib/python3.12/site-packages/airflow/example_dags/example_local_kubernetes_executor.py
[2026-03-29T21:49:33.827+0000] {processor.py:840} INFO - DAG(s) 'example_local_kubernetes_executor' retrieved from /home/airflow/.local/lib/python3.12/site-packages/airflow/example_dags/example_local_kubernetes_executor.py
[2026-03-29T21:49:33.854+0000] {logging_mixin.py:188} INFO - [2026-03-29T21:49:33.854+0000] {dag.py:3089} INFO - Sync 1 DAGs
[2026-03-29T21:49:33.865+0000] {logging_mixin.py:188} INFO - [2026-03-29T21:49:33.864+0000] {dag.py:3947} INFO - Setting next_dagrun for example_local_kubernetes_executor to None, run_after=None
[2026-03-29T21:49:33.876+0000] {processor.py:183} INFO - Processing /home/airflow/.local/lib/python3.12/site-packages/airflow/example_dags/example_local_kubernetes_executor.py took 0.062 seconds
[2026-03-29T21:50:04.848+0000] {processor.py:161} INFO - Started process (PID=2043) to work on /home/airflow/.local/lib/python3.12/site-packages/airflow/example_dags/example_local_kubernetes_executor.py
[2026-03-29T21:50:04.848+0000] {processor.py:830} INFO - Processing file /home/airflow/.local/lib/python3.12/site-packages/airflow/example_dags/example_local_kubernetes_executor.py for tasks to queue
[2026-03-29T21:50:04.850+0000] {logging_mixin.py:188} INFO - [2026-03-29T21:50:04.850+0000] {dagbag.py:545} INFO - Filling up the DagBag from /home/airflow/.local/lib/python3.12/site-packages/airflow/example_dags/example_local_kubernetes_executor.py
[2026-03-29T21:50:04.856+0000] {processor.py:840} INFO - DAG(s) 'example_local_kubernetes_executor' retrieved from /home/airflow/.local/lib/python3.12/site-packages/airflow/example_dags/example_local_kubernetes_executor.py
[2026-03-29T21:50:04.893+0000] {logging_mixin.py:188} INFO - [2026-03-29T21:50:04.892+0000] {dag.py:3089} INFO - Sync 1 DAGs
[2026-03-29T21:50:04.903+0000] {logging_mixin.py:188} INFO - [2026-03-29T21:50:04.902+0000] {dag.py:3947} INFO - Setting next_dagrun for example_local_kubernetes_executor to None, run_after=None
[2026-03-29T21:50:04.921+0000] {processor.py:183} INFO - Processing /home/airflow/.local/lib/python3.12/site-packages/airflow/example_dags/example_local_kubernetes_executor.py took 0.078 seconds
[2026-03-29T21:50:35.137+0000] {processor.py:161} INFO - Started process (PID=2095) to work on /home/airflow/.local/lib/python3.12/site-packages/airflow/example_dags/example_local_kubernetes_executor.py
[2026-03-29T21:50:35.138+0000] {processor.py:830} INFO - Processing file /home/airflow/.local/lib/python3.12/site-packages/airflow/example_dags/example_local_kubernetes_executor.py for tasks to queue
[2026-03-29T21:50:35.140+0000] {logging_mixin.py:188} INFO - [2026-03-29T21:50:35.140+0000] {dagbag.py:545} INFO - Filling up the DagBag from /home/airflow/.local/lib/python3.12/site-packages/airflow/example_dags/example_local_kubernetes_executor.py
[2026-03-29T21:50:35.148+0000] {processor.py:840} INFO - DAG(s) 'example_local_kubernetes_executor' retrieved from /home/airflow/.local/lib/python3.12/site-packages/airflow/example_dags/example_local_kubernetes_executor.py
[2026-03-29T21:50:35.180+0000] {logging_mixin.py:188} INFO - [2026-03-29T21:50:35.180+0000] {dag.py:3089} INFO - Sync 1 DAGs
[2026-03-29T21:50:35.195+0000] {logging_mixin.py:188} INFO - [2026-03-29T21:50:35.194+0000] {dag.py:3947} INFO - Setting next_dagrun for example_local_kubernetes_executor to None, run_after=None
[2026-03-29T21:50:35.220+0000] {processor.py:183} INFO - Processing /home/airflow/.local/lib/python3.12/site-packages/airflow/example_dags/example_local_kubernetes_executor.py took 0.088 seconds
[2026-03-29T21:51:05.371+0000] {processor.py:161} INFO - Started process (PID=2147) to work on /home/airflow/.local/lib/python3.12/site-packages/airflow/example_dags/example_local_kubernetes_executor.py
[2026-03-29T21:51:05.372+0000] {processor.py:830} INFO - Processing file /home/airflow/.local/lib/python3.12/site-packages/airflow/example_dags/example_local_kubernetes_executor.py for tasks to queue
[2026-03-29T21:51:05.373+0000] {logging_mixin.py:188} INFO - [2026-03-29T21:51:05.373+0000] {dagbag.py:545} INFO - Filling up the DagBag from /home/airflow/.local/lib/python3.12/site-packages/airflow/example_dags/example_local_kubernetes_executor.py
[2026-03-29T21:51:05.379+0000] {processor.py:840} INFO - DAG(s) 'example_local_kubernetes_executor' retrieved from /home/airflow/.local/lib/python3.12/site-packages/airflow/example_dags/example_local_kubernetes_executor.py
[2026-03-29T21:51:05.407+0000] {logging_mixin.py:188} INFO - [2026-03-29T21:51:05.407+0000] {dag.py:3089} INFO - Sync 1 DAGs
[2026-03-29T21:51:05.419+0000] {logging_mixin.py:188} INFO - [2026-03-29T21:51:05.419+0000] {dag.py:3947} INFO - Setting next_dagrun for example_local_kubernetes_executor to None, run_after=None
[2026-03-29T21:51:05.441+0000] {processor.py:183} INFO - Processing /home/airflow/.local/lib/python3.12/site-packages/airflow/example_dags/example_local_kubernetes_executor.py took 0.075 seconds
[2026-03-29T21:51:36.357+0000] {processor.py:161} INFO - Started process (PID=2197) to work on /home/airflow/.local/lib/python3.12/site-packages/airflow/example_dags/example_local_kubernetes_executor.py
[2026-03-29T21:51:36.358+0000] {processor.py:830} INFO - Processing file /home/airflow/.local/lib/python3.12/site-packages/airflow/example_dags/example_local_kubernetes_executor.py for tasks to queue
[2026-03-29T21:51:36.359+0000] {logging_mixin.py:188} INFO - [2026-03-29T21:51:36.359+0000] {dagbag.py:545} INFO - Filling up the DagBag from /home/airflow/.local/lib/python3.12/site-packages/airflow/example_dags/example_local_kubernetes_executor.py
[2026-03-29T21:51:36.366+0000] {processor.py:840} INFO - DAG(s) 'example_local_kubernetes_executor' retrieved from /home/airflow/.local/lib/python3.12/site-packages/airflow/example_dags/example_local_kubernetes_executor.py
[2026-03-29T21:51:36.405+0000] {logging_mixin.py:188} INFO - [2026-03-29T21:51:36.405+0000] {dag.py:3089} INFO - Sync 1 DAGs
[2026-03-29T21:51:36.417+0000] {logging_mixin.py:188} INFO - [2026-03-29T21:51:36.417+0000] {dag.py:3947} INFO - Setting next_dagrun for example_local_kubernetes_executor to None, run_after=None
[2026-03-29T21:51:36.439+0000] {processor.py:183} INFO - Processing /home/airflow/.local/lib/python3.12/site-packages/airflow/example_dags/example_local_kubernetes_executor.py took 0.088 seconds
[2026-03-29T21:52:06.721+0000] {processor.py:161} INFO - Started process (PID=2249) to work on /home/airflow/.local/lib/python3.12/site-packages/airflow/example_dags/example_local_kubernetes_executor.py
[2026-03-29T21:52:06.722+0000] {processor.py:830} INFO - Processing file /home/airflow/.local/lib/python3.12/site-packages/airflow/example_dags/example_local_kubernetes_executor.py for tasks to queue
[2026-03-29T21:52:06.724+0000] {logging_mixin.py:188} INFO - [2026-03-29T21:52:06.723+0000] {dagbag.py:545} INFO - Filling up the DagBag from /home/airflow/.local/lib/python3.12/site-packages/airflow/example_dags/example_local_kubernetes_executor.py
[2026-03-29T21:52:06.731+0000] {processor.py:840} INFO - DAG(s) 'example_local_kubernetes_executor' retrieved from /home/airflow/.local/lib/python3.12/site-packages/airflow/example_dags/example_local_kubernetes_executor.py
[2026-03-29T21:52:06.763+0000] {logging_mixin.py:188} INFO - [2026-03-29T21:52:06.762+0000] {dag.py:3089} INFO - Sync 1 DAGs
[2026-03-29T21:52:06.772+0000] {logging_mixin.py:188} INFO - [2026-03-29T21:52:06.772+0000] {dag.py:3947} INFO - Setting next_dagrun for example_local_kubernetes_executor to None, run_after=None
[2026-03-29T21:52:06.792+0000] {processor.py:183} INFO - Processing /home/airflow/.local/lib/python3.12/site-packages/airflow/example_dags/example_local_kubernetes_executor.py took 0.076 seconds
[2026-03-29T21:52:37.212+0000] {processor.py:161} INFO - Started process (PID=2301) to work on /home/airflow/.local/lib/python3.12/site-packages/airflow/example_dags/example_local_kubernetes_executor.py
[2026-03-29T21:52:37.213+0000] {processor.py:830} INFO - Processing file /home/airflow/.local/lib/python3.12/site-packages/airflow/example_dags/example_local_kubernetes_executor.py for tasks to queue
[2026-03-29T21:52:37.214+0000] {logging_mixin.py:188} INFO - [2026-03-29T21:52:37.214+0000] {dagbag.py:545} INFO - Filling up the DagBag from /home/airflow/.local/lib/python3.12/site-packages/airflow/example_dags/example_local_kubernetes_executor.py
[2026-03-29T21:52:37.220+0000] {processor.py:840} INFO - DAG(s) 'example_local_kubernetes_executor' retrieved from /home/airflow/.local/lib/python3.12/site-packages/airflow/example_dags/example_local_kubernetes_executor.py
[2026-03-29T21:52:37.246+0000] {logging_mixin.py:188} INFO - [2026-03-29T21:52:37.246+0000] {dag.py:3089} INFO - Sync 1 DAGs
[2026-03-29T21:52:37.255+0000] {logging_mixin.py:188} INFO - [2026-03-29T21:52:37.255+0000] {dag.py:3947} INFO - Setting next_dagrun for example_local_kubernetes_executor to None, run_after=None
[2026-03-29T21:52:37.266+0000] {processor.py:183} INFO - Processing /home/airflow/.local/lib/python3.12/site-packages/airflow/example_dags/example_local_kubernetes_executor.py took 0.059 seconds
[2026-03-29T21:53:08.058+0000] {processor.py:161} INFO - Started process (PID=2353) to work on /home/airflow/.local/lib/python3.12/site-packages/airflow/example_dags/example_local_kubernetes_executor.py
[2026-03-29T21:53:08.059+0000] {processor.py:830} INFO - Processing file /home/airflow/.local/lib/python3.12/site-packages/airflow/example_dags/example_local_kubernetes_executor.py for tasks to queue
[2026-03-29T21:53:08.061+0000] {logging_mixin.py:188} INFO - [2026-03-29T21:53:08.061+0000] {dagbag.py:545} INFO - Filling up the DagBag from /home/airflow/.local/lib/python3.12/site-packages/airflow/example_dags/example_local_kubernetes_executor.py
[2026-03-29T21:53:08.067+0000] {processor.py:840} INFO - DAG(s) 'example_local_kubernetes_executor' retrieved from /home/airflow/.local/lib/python3.12/site-packages/airflow/example_dags/example_local_kubernetes_executor.py
[2026-03-29T21:53:08.101+0000] {logging_mixin.py:188} INFO - [2026-03-29T21:53:08.100+0000] {dag.py:3089} INFO - Sync 1 DAGs
[2026-03-29T21:53:08.111+0000] {logging_mixin.py:188} INFO - [2026-03-29T21:53:08.111+0000] {dag.py:3947} INFO - Setting next_dagrun for example_local_kubernetes_executor to None, run_after=None
[2026-03-29T21:53:08.128+0000] {processor.py:183} INFO - Processing /home/airflow/.local/lib/python3.12/site-packages/airflow/example_dags/example_local_kubernetes_executor.py took 0.075 seconds
[2026-03-29T21:53:38.986+0000] {processor.py:161} INFO - Started process (PID=2405) to work on /home/airflow/.local/lib/python3.12/site-packages/airflow/example_dags/example_local_kubernetes_executor.py
[2026-03-29T21:53:38.987+0000] {processor.py:830} INFO - Processing file /home/airflow/.local/lib/python3.12/site-packages/airflow/example_dags/example_local_kubernetes_executor.py for tasks to queue
[2026-03-29T21:53:38.988+0000] {logging_mixin.py:188} INFO - [2026-03-29T21:53:38.988+0000] {dagbag.py:545} INFO - Filling up the DagBag from /home/airflow/.local/lib/python3.12/site-packages/airflow/example_dags/example_local_kubernetes_executor.py
[2026-03-29T21:53:38.993+0000] {processor.py:840} INFO - DAG(s) 'example_local_kubernetes_executor' retrieved from /home/airflow/.local/lib/python3.12/site-packages/airflow/example_dags/example_local_kubernetes_executor.py
[2026-03-29T21:53:39.016+0000] {logging_mixin.py:188} INFO - [2026-03-29T21:53:39.016+0000] {dag.py:3089} INFO - Sync 1 DAGs
[2026-03-29T21:53:39.024+0000] {logging_mixin.py:188} INFO - [2026-03-29T21:53:39.024+0000] {dag.py:3947} INFO - Setting next_dagrun for example_local_kubernetes_executor to None, run_after=None
[2026-03-29T21:53:39.035+0000] {processor.py:183} INFO - Processing /home/airflow/.local/lib/python3.12/site-packages/airflow/example_dags/example_local_kubernetes_executor.py took 0.053 seconds
[2026-03-29T21:54:09.335+0000] {processor.py:161} INFO - Started process (PID=2457) to work on /home/airflow/.local/lib/python3.12/site-packages/airflow/example_dags/example_local_kubernetes_executor.py
[2026-03-29T21:54:09.336+0000] {processor.py:830} INFO - Processing file /home/airflow/.local/lib/python3.12/site-packages/airflow/example_dags/example_local_kubernetes_executor.py for tasks to queue
[2026-03-29T21:54:09.337+0000] {logging_mixin.py:188} INFO - [2026-03-29T21:54:09.337+0000] {dagbag.py:545} INFO - Filling up the DagBag from /home/airflow/.local/lib/python3.12/site-packages/airflow/example_dags/example_local_kubernetes_executor.py
[2026-03-29T21:54:09.343+0000] {processor.py:840} INFO - DAG(s) 'example_local_kubernetes_executor' retrieved from /home/airflow/.local/lib/python3.12/site-packages/airflow/example_dags/example_local_kubernetes_executor.py
[2026-03-29T21:54:09.377+0000] {logging_mixin.py:188} INFO - [2026-03-29T21:54:09.376+0000] {dag.py:3089} INFO - Sync 1 DAGs
[2026-03-29T21:54:09.389+0000] {logging_mixin.py:188} INFO - [2026-03-29T21:54:09.388+0000] {dag.py:3947} INFO - Setting next_dagrun for example_local_kubernetes_executor to None, run_after=None
[2026-03-29T21:54:09.405+0000] {processor.py:183} INFO - Processing /home/airflow/.local/lib/python3.12/site-packages/airflow/example_dags/example_local_kubernetes_executor.py took 0.075 seconds
[2026-03-29T21:54:40.343+0000] {processor.py:161} INFO - Started process (PID=2509) to work on /home/airflow/.local/lib/python3.12/site-packages/airflow/example_dags/example_local_kubernetes_executor.py
[2026-03-29T21:54:40.344+0000] {processor.py:830} INFO - Processing file /home/airflow/.local/lib/python3.12/site-packages/airflow/example_dags/example_local_kubernetes_executor.py for tasks to queue
[2026-03-29T21:54:40.350+0000] {logging_mixin.py:188} INFO - [2026-03-29T21:54:40.349+0000] {dagbag.py:545} INFO - Filling up the DagBag from /home/airflow/.local/lib/python3.12/site-packages/airflow/example_dags/example_local_kubernetes_executor.py
[2026-03-29T21:54:40.375+0000] {processor.py:840} INFO - DAG(s) 'example_local_kubernetes_executor' retrieved from /home/airflow/.local/lib/python3.12/site-packages/airflow/example_dags/example_local_kubernetes_executor.py
[2026-03-29T21:54:40.411+0000] {logging_mixin.py:188} INFO - [2026-03-29T21:54:40.411+0000] {dag.py:3089} INFO - Sync 1 DAGs
[2026-03-29T21:54:40.421+0000] {logging_mixin.py:188} INFO - [2026-03-29T21:54:40.421+0000] {dag.py:3947} INFO - Setting next_dagrun for example_local_kubernetes_executor to None, run_after=None
[2026-03-29T21:54:40.437+0000] {processor.py:183} INFO - Processing /home/airflow/.local/lib/python3.12/site-packages/airflow/example_dags/example_local_kubernetes_executor.py took 0.100 seconds
[2026-03-29T21:55:11.134+0000] {processor.py:161} INFO - Started process (PID=2561) to work on /home/airflow/.local/lib/python3.12/site-packages/airflow/example_dags/example_local_kubernetes_executor.py
[2026-03-29T21:55:11.135+0000] {processor.py:830} INFO - Processing file /home/airflow/.local/lib/python3.12/site-packages/airflow/example_dags/example_local_kubernetes_executor.py for tasks to queue
[2026-03-29T21:55:11.138+0000] {logging_mixin.py:188} INFO - [2026-03-29T21:55:11.138+0000] {dagbag.py:545} INFO - Filling up the DagBag from /home/airflow/.local/lib/python3.12/site-packages/airflow/example_dags/example_local_kubernetes_executor.py
[2026-03-29T21:55:11.144+0000] {processor.py:840} INFO - DAG(s) 'example_local_kubernetes_executor' retrieved from /home/airflow/.local/lib/python3.12/site-packages/airflow/example_dags/example_local_kubernetes_executor.py
[2026-03-29T21:55:11.170+0000] {logging_mixin.py:188} INFO - [2026-03-29T21:55:11.170+0000] {dag.py:3089} INFO - Sync 1 DAGs
[2026-03-29T21:55:11.180+0000] {logging_mixin.py:188} INFO - [2026-03-29T21:55:11.180+0000] {dag.py:3947} INFO - Setting next_dagrun for example_local_kubernetes_executor to None, run_after=None
[2026-03-29T21:55:11.200+0000] {processor.py:183} INFO - Processing /home/airflow/.local/lib/python3.12/site-packages/airflow/example_dags/example_local_kubernetes_executor.py took 0.070 seconds
[2026-03-29T21:55:41.878+0000] {processor.py:161} INFO - Started process (PID=2613) to work on /home/airflow/.local/lib/python3.12/site-packages/airflow/example_dags/example_local_kubernetes_executor.py
[2026-03-29T21:55:41.879+0000] {processor.py:830} INFO - Processing file /home/airflow/.local/lib/python3.12/site-packages/airflow/example_dags/example_local_kubernetes_executor.py for tasks to queue
[2026-03-29T21:55:41.880+0000] {logging_mixin.py:188} INFO - [2026-03-29T21:55:41.880+0000] {dagbag.py:545} INFO - Filling up the DagBag from /home/airflow/.local/lib/python3.12/site-packages/airflow/example_dags/example_local_kubernetes_executor.py
[2026-03-29T21:55:41.886+0000] {processor.py:840} INFO - DAG(s) 'example_local_kubernetes_executor' retrieved from /home/airflow/.local/lib/python3.12/site-packages/airflow/example_dags/example_local_kubernetes_executor.py
[2026-03-29T21:55:41.913+0000] {logging_mixin.py:188} INFO - [2026-03-29T21:55:41.913+0000] {dag.py:3089} INFO - Sync 1 DAGs
[2026-03-29T21:55:41.924+0000] {logging_mixin.py:188} INFO - [2026-03-29T21:55:41.924+0000] {dag.py:3947} INFO - Setting next_dagrun for example_local_kubernetes_executor to None, run_after=None
[2026-03-29T21:55:41.942+0000] {processor.py:183} INFO - Processing /home/airflow/.local/lib/python3.12/site-packages/airflow/example_dags/example_local_kubernetes_executor.py took 0.068 seconds
[2026-03-29T21:56:12.649+0000] {processor.py:161} INFO - Started process (PID=2665) to work on /home/airflow/.local/lib/python3.12/site-packages/airflow/example_dags/example_local_kubernetes_executor.py
[2026-03-29T21:56:12.650+0000] {processor.py:830} INFO - Processing file /home/airflow/.local/lib/python3.12/site-packages/airflow/example_dags/example_local_kubernetes_executor.py for tasks to queue
[2026-03-29T21:56:12.652+0000] {logging_mixin.py:188} INFO - [2026-03-29T21:56:12.652+0000] {dagbag.py:545} INFO - Filling up the DagBag from /home/airflow/.local/lib/python3.12/site-packages/airflow/example_dags/example_local_kubernetes_executor.py
[2026-03-29T21:56:12.659+0000] {processor.py:840} INFO - DAG(s) 'example_local_kubernetes_executor' retrieved from /home/airflow/.local/lib/python3.12/site-packages/airflow/example_dags/example_local_kubernetes_executor.py
[2026-03-29T21:56:12.691+0000] {logging_mixin.py:188} INFO - [2026-03-29T21:56:12.691+0000] {dag.py:3089} INFO - Sync 1 DAGs
[2026-03-29T21:56:12.702+0000] {logging_mixin.py:188} INFO - [2026-03-29T21:56:12.702+0000] {dag.py:3947} INFO - Setting next_dagrun for example_local_kubernetes_executor to None, run_after=None
[2026-03-29T21:56:12.723+0000] {processor.py:183} INFO - Processing /home/airflow/.local/lib/python3.12/site-packages/airflow/example_dags/example_local_kubernetes_executor.py took 0.078 seconds
[2026-03-29T21:56:43.487+0000] {processor.py:161} INFO - Started process (PID=2717) to work on /home/airflow/.local/lib/python3.12/site-packages/airflow/example_dags/example_local_kubernetes_executor.py
[2026-03-29T21:56:43.489+0000] {processor.py:830} INFO - Processing file /home/airflow/.local/lib/python3.12/site-packages/airflow/example_dags/example_local_kubernetes_executor.py for tasks to queue
[2026-03-29T21:56:43.491+0000] {logging_mixin.py:188} INFO - [2026-03-29T21:56:43.491+0000] {dagbag.py:545} INFO - Filling up the DagBag from /home/airflow/.local/lib/python3.12/site-packages/airflow/example_dags/example_local_kubernetes_executor.py
[2026-03-29T21:56:43.500+0000] {processor.py:840} INFO - DAG(s) 'example_local_kubernetes_executor' retrieved from /home/airflow/.local/lib/python3.12/site-packages/airflow/example_dags/example_local_kubernetes_executor.py
[2026-03-29T21:56:43.546+0000] {logging_mixin.py:188} INFO - [2026-03-29T21:56:43.545+0000] {dag.py:3089} INFO - Sync 1 DAGs
[2026-03-29T21:56:43.565+0000] {logging_mixin.py:188} INFO - [2026-03-29T21:56:43.564+0000] {dag.py:3947} INFO - Setting next_dagrun for example_local_kubernetes_executor to None, run_after=None
[2026-03-29T21:56:43.651+0000] {processor.py:183} INFO - Processing /home/airflow/.local/lib/python3.12/site-packages/airflow/example_dags/example_local_kubernetes_executor.py took 0.171 seconds
[2026-03-29T21:57:14.139+0000] {processor.py:161} INFO - Started process (PID=2769) to work on /home/airflow/.local/lib/python3.12/site-packages/airflow/example_dags/example_local_kubernetes_executor.py
[2026-03-29T21:57:14.140+0000] {processor.py:830} INFO - Processing file /home/airflow/.local/lib/python3.12/site-packages/airflow/example_dags/example_local_kubernetes_executor.py for tasks to queue
[2026-03-29T21:57:14.141+0000] {logging_mixin.py:188} INFO - [2026-03-29T21:57:14.141+0000] {dagbag.py:545} INFO - Filling up the DagBag from /home/airflow/.local/lib/python3.12/site-packages/airflow/example_dags/example_local_kubernetes_executor.py
[2026-03-29T21:57:14.146+0000] {processor.py:840} INFO - DAG(s) 'example_local_kubernetes_executor' retrieved from /home/airflow/.local/lib/python3.12/site-packages/airflow/example_dags/example_local_kubernetes_executor.py
[2026-03-29T21:57:14.173+0000] {logging_mixin.py:188} INFO - [2026-03-29T21:57:14.173+0000] {dag.py:3089} INFO - Sync 1 DAGs
[2026-03-29T21:57:14.183+0000] {logging_mixin.py:188} INFO - [2026-03-29T21:57:14.183+0000] {dag.py:3947} INFO - Setting next_dagrun for example_local_kubernetes_executor to None, run_after=None
[2026-03-29T21:57:14.195+0000] {processor.py:183} INFO - Processing /home/airflow/.local/lib/python3.12/site-packages/airflow/example_dags/example_local_kubernetes_executor.py took 0.060 seconds
[2026-03-29T21:57:45.227+0000] {processor.py:161} INFO - Started process (PID=2821) to work on /home/airflow/.local/lib/python3.12/site-packages/airflow/example_dags/example_local_kubernetes_executor.py
[2026-03-29T21:57:45.230+0000] {processor.py:830} INFO - Processing file /home/airflow/.local/lib/python3.12/site-packages/airflow/example_dags/example_local_kubernetes_executor.py for tasks to queue
[2026-03-29T21:57:45.233+0000] {logging_mixin.py:188} INFO - [2026-03-29T21:57:45.232+0000] {dagbag.py:545} INFO - Filling up the DagBag from /home/airflow/.local/lib/python3.12/site-packages/airflow/example_dags/example_local_kubernetes_executor.py
[2026-03-29T21:57:45.239+0000] {processor.py:840} INFO - DAG(s) 'example_local_kubernetes_executor' retrieved from /home/airflow/.local/lib/python3.12/site-packages/airflow/example_dags/example_local_kubernetes_executor.py
[2026-03-29T21:57:45.281+0000] {logging_mixin.py:188} INFO - [2026-03-29T21:57:45.281+0000] {dag.py:3089} INFO - Sync 1 DAGs
[2026-03-29T21:57:45.293+0000] {logging_mixin.py:188} INFO - [2026-03-29T21:57:45.293+0000] {dag.py:3947} INFO - Setting next_dagrun for example_local_kubernetes_executor to None, run_after=None
[2026-03-29T21:57:45.308+0000] {processor.py:183} INFO - Processing /home/airflow/.local/lib/python3.12/site-packages/airflow/example_dags/example_local_kubernetes_executor.py took 0.086 seconds
[2026-03-29T21:58:15.945+0000] {processor.py:161} INFO - Started process (PID=2873) to work on /home/airflow/.local/lib/python3.12/site-packages/airflow/example_dags/example_local_kubernetes_executor.py
[2026-03-29T21:58:15.945+0000] {processor.py:830} INFO - Processing file /home/airflow/.local/lib/python3.12/site-packages/airflow/example_dags/example_local_kubernetes_executor.py for tasks to queue
[2026-03-29T21:58:15.947+0000] {logging_mixin.py:188} INFO - [2026-03-29T21:58:15.946+0000] {dagbag.py:545} INFO - Filling up the DagBag from /home/airflow/.local/lib/python3.12/site-packages/airflow/example_dags/example_local_kubernetes_executor.py
[2026-03-29T21:58:15.952+0000] {processor.py:840} INFO - DAG(s) 'example_local_kubernetes_executor' retrieved from /home/airflow/.local/lib/python3.12/site-packages/airflow/example_dags/example_local_kubernetes_executor.py
[2026-03-29T21:58:15.983+0000] {logging_mixin.py:188} INFO - [2026-03-29T21:58:15.983+0000] {dag.py:3089} INFO - Sync 1 DAGs
[2026-03-29T21:58:15.994+0000] {logging_mixin.py:188} INFO - [2026-03-29T21:58:15.994+0000] {dag.py:3947} INFO - Setting next_dagrun for example_local_kubernetes_executor to None, run_after=None
[2026-03-29T21:58:16.013+0000] {processor.py:183} INFO - Processing /home/airflow/.local/lib/python3.12/site-packages/airflow/example_dags/example_local_kubernetes_executor.py took 0.073 seconds
[2026-03-29T21:58:46.997+0000] {processor.py:161} INFO - Started process (PID=2925) to work on /home/airflow/.local/lib/python3.12/site-packages/airflow/example_dags/example_local_kubernetes_executor.py
[2026-03-29T21:58:46.998+0000] {processor.py:830} INFO - Processing file /home/airflow/.local/lib/python3.12/site-packages/airflow/example_dags/example_local_kubernetes_executor.py for tasks to queue
[2026-03-29T21:58:47.000+0000] {logging_mixin.py:188} INFO - [2026-03-29T21:58:46.999+0000] {dagbag.py:545} INFO - Filling up the DagBag from /home/airflow/.local/lib/python3.12/site-packages/airflow/example_dags/example_local_kubernetes_executor.py
[2026-03-29T21:58:47.009+0000] {processor.py:840} INFO - DAG(s) 'example_local_kubernetes_executor' retrieved from /home/airflow/.local/lib/python3.12/site-packages/airflow/example_dags/example_local_kubernetes_executor.py
[2026-03-29T21:58:47.045+0000] {logging_mixin.py:188} INFO - [2026-03-29T21:58:47.045+0000] {dag.py:3089} INFO - Sync 1 DAGs
[2026-03-29T21:58:47.055+0000] {logging_mixin.py:188} INFO - [2026-03-29T21:58:47.055+0000] {dag.py:3947} INFO - Setting next_dagrun for example_local_kubernetes_executor to None, run_after=None
[2026-03-29T21:58:47.073+0000] {processor.py:183} INFO - Processing /home/airflow/.local/lib/python3.12/site-packages/airflow/example_dags/example_local_kubernetes_executor.py took 0.083 seconds
[2026-03-29T21:59:17.280+0000] {processor.py:161} INFO - Started process (PID=2977) to work on /home/airflow/.local/lib/python3.12/site-packages/airflow/example_dags/example_local_kubernetes_executor.py
[2026-03-29T21:59:17.282+0000] {processor.py:830} INFO - Processing file /home/airflow/.local/lib/python3.12/site-packages/airflow/example_dags/example_local_kubernetes_executor.py for tasks to queue
[2026-03-29T21:59:17.284+0000] {logging_mixin.py:188} INFO - [2026-03-29T21:59:17.284+0000] {dagbag.py:545} INFO - Filling up the DagBag from /home/airflow/.local/lib/python3.12/site-packages/airflow/example_dags/example_local_kubernetes_executor.py
[2026-03-29T21:59:17.293+0000] {processor.py:840} INFO - DAG(s) 'example_local_kubernetes_executor' retrieved from /home/airflow/.local/lib/python3.12/site-packages/airflow/example_dags/example_local_kubernetes_executor.py
[2026-03-29T21:59:17.340+0000] {logging_mixin.py:188} INFO - [2026-03-29T21:59:17.340+0000] {dag.py:3089} INFO - Sync 1 DAGs
[2026-03-29T21:59:17.351+0000] {logging_mixin.py:188} INFO - [2026-03-29T21:59:17.350+0000] {dag.py:3947} INFO - Setting next_dagrun for example_local_kubernetes_executor to None, run_after=None
[2026-03-29T21:59:17.368+0000] {processor.py:183} INFO - Processing /home/airflow/.local/lib/python3.12/site-packages/airflow/example_dags/example_local_kubernetes_executor.py took 0.095 seconds
[2026-03-29T21:59:47.617+0000] {processor.py:161} INFO - Started process (PID=3029) to work on /home/airflow/.local/lib/python3.12/site-packages/airflow/example_dags/example_local_kubernetes_executor.py
[2026-03-29T21:59:47.619+0000] {processor.py:830} INFO - Processing file /home/airflow/.local/lib/python3.12/site-packages/airflow/example_dags/example_local_kubernetes_executor.py for tasks to queue
[2026-03-29T21:59:47.622+0000] {logging_mixin.py:188} INFO - [2026-03-29T21:59:47.622+0000] {dagbag.py:545} INFO - Filling up the DagBag from /home/airflow/.local/lib/python3.12/site-packages/airflow/example_dags/example_local_kubernetes_executor.py
[2026-03-29T21:59:47.631+0000] {processor.py:840} INFO - DAG(s) 'example_local_kubernetes_executor' retrieved from /home/airflow/.local/lib/python3.12/site-packages/airflow/example_dags/example_local_kubernetes_executor.py
[2026-03-29T21:59:47.671+0000] {logging_mixin.py:188} INFO - [2026-03-29T21:59:47.671+0000] {dag.py:3089} INFO - Sync 1 DAGs
[2026-03-29T21:59:47.684+0000] {logging_mixin.py:188} INFO - [2026-03-29T21:59:47.684+0000] {dag.py:3947} INFO - Setting next_dagrun for example_local_kubernetes_executor to None, run_after=None
[2026-03-29T21:59:47.705+0000] {processor.py:183} INFO - Processing /home/airflow/.local/lib/python3.12/site-packages/airflow/example_dags/example_local_kubernetes_executor.py took 0.094 seconds
[2026-03-29T22:00:17.925+0000] {processor.py:161} INFO - Started process (PID=3081) to work on /home/airflow/.local/lib/python3.12/site-packages/airflow/example_dags/example_local_kubernetes_executor.py
[2026-03-29T22:00:17.926+0000] {processor.py:830} INFO - Processing file /home/airflow/.local/lib/python3.12/site-packages/airflow/example_dags/example_local_kubernetes_executor.py for tasks to queue
[2026-03-29T22:00:17.927+0000] {logging_mixin.py:188} INFO - [2026-03-29T22:00:17.927+0000] {dagbag.py:545} INFO - Filling up the DagBag from /home/airflow/.local/lib/python3.12/site-packages/airflow/example_dags/example_local_kubernetes_executor.py
[2026-03-29T22:00:17.933+0000] {processor.py:840} INFO - DAG(s) 'example_local_kubernetes_executor' retrieved from /home/airflow/.local/lib/python3.12/site-packages/airflow/example_dags/example_local_kubernetes_executor.py
[2026-03-29T22:00:17.956+0000] {logging_mixin.py:188} INFO - [2026-03-29T22:00:17.956+0000] {dag.py:3089} INFO - Sync 1 DAGs
[2026-03-29T22:00:17.964+0000] {logging_mixin.py:188} INFO - [2026-03-29T22:00:17.964+0000] {dag.py:3947} INFO - Setting next_dagrun for example_local_kubernetes_executor to None, run_after=None
[2026-03-29T22:00:17.976+0000] {processor.py:183} INFO - Processing /home/airflow/.local/lib/python3.12/site-packages/airflow/example_dags/example_local_kubernetes_executor.py took 0.056 seconds
[2026-03-29T22:00:48.957+0000] {processor.py:161} INFO - Started process (PID=3133) to work on /home/airflow/.local/lib/python3.12/site-packages/airflow/example_dags/example_local_kubernetes_executor.py
[2026-03-29T22:00:48.959+0000] {processor.py:830} INFO - Processing file /home/airflow/.local/lib/python3.12/site-packages/airflow/example_dags/example_local_kubernetes_executor.py for tasks to queue
[2026-03-29T22:00:48.962+0000] {logging_mixin.py:188} INFO - [2026-03-29T22:00:48.961+0000] {dagbag.py:545} INFO - Filling up the DagBag from /home/airflow/.local/lib/python3.12/site-packages/airflow/example_dags/example_local_kubernetes_executor.py
[2026-03-29T22:00:48.975+0000] {processor.py:840} INFO - DAG(s) 'example_local_kubernetes_executor' retrieved from /home/airflow/.local/lib/python3.12/site-packages/airflow/example_dags/example_local_kubernetes_executor.py
[2026-03-29T22:00:49.038+0000] {logging_mixin.py:188} INFO - [2026-03-29T22:00:49.038+0000] {dag.py:3089} INFO - Sync 1 DAGs
[2026-03-29T22:00:49.060+0000] {logging_mixin.py:188} INFO - [2026-03-29T22:00:49.060+0000] {dag.py:3947} INFO - Setting next_dagrun for example_local_kubernetes_executor to None, run_after=None
[2026-03-29T22:00:49.119+0000] {processor.py:183} INFO - Processing /home/airflow/.local/lib/python3.12/site-packages/airflow/example_dags/example_local_kubernetes_executor.py took 0.175 seconds
[2026-03-29T22:01:19.656+0000] {processor.py:161} INFO - Started process (PID=3185) to work on /home/airflow/.local/lib/python3.12/site-packages/airflow/example_dags/example_local_kubernetes_executor.py
[2026-03-29T22:01:19.657+0000] {processor.py:830} INFO - Processing file /home/airflow/.local/lib/python3.12/site-packages/airflow/example_dags/example_local_kubernetes_executor.py for tasks to queue
[2026-03-29T22:01:19.658+0000] {logging_mixin.py:188} INFO - [2026-03-29T22:01:19.658+0000] {dagbag.py:545} INFO - Filling up the DagBag from /home/airflow/.local/lib/python3.12/site-packages/airflow/example_dags/example_local_kubernetes_executor.py
[2026-03-29T22:01:19.665+0000] {processor.py:840} INFO - DAG(s) 'example_local_kubernetes_executor' retrieved from /home/airflow/.local/lib/python3.12/site-packages/airflow/example_dags/example_local_kubernetes_executor.py
[2026-03-29T22:01:19.696+0000] {logging_mixin.py:188} INFO - [2026-03-29T22:01:19.696+0000] {dag.py:3089} INFO - Sync 1 DAGs
[2026-03-29T22:01:19.709+0000] {logging_mixin.py:188} INFO - [2026-03-29T22:01:19.709+0000] {dag.py:3947} INFO - Setting next_dagrun for example_local_kubernetes_executor to None, run_after=None
[2026-03-29T22:01:19.728+0000] {processor.py:183} INFO - Processing /home/airflow/.local/lib/python3.12/site-packages/airflow/example_dags/example_local_kubernetes_executor.py took 0.076 seconds
[2026-03-29T22:01:49.913+0000] {processor.py:161} INFO - Started process (PID=3237) to work on /home/airflow/.local/lib/python3.12/site-packages/airflow/example_dags/example_local_kubernetes_executor.py
[2026-03-29T22:01:49.914+0000] {processor.py:830} INFO - Processing file /home/airflow/.local/lib/python3.12/site-packages/airflow/example_dags/example_local_kubernetes_executor.py for tasks to queue
[2026-03-29T22:01:49.917+0000] {logging_mixin.py:188} INFO - [2026-03-29T22:01:49.917+0000] {dagbag.py:545} INFO - Filling up the DagBag from /home/airflow/.local/lib/python3.12/site-packages/airflow/example_dags/example_local_kubernetes_executor.py
[2026-03-29T22:01:49.928+0000] {processor.py:840} INFO - DAG(s) 'example_local_kubernetes_executor' retrieved from /home/airflow/.local/lib/python3.12/site-packages/airflow/example_dags/example_local_kubernetes_executor.py
[2026-03-29T22:01:49.975+0000] {logging_mixin.py:188} INFO - [2026-03-29T22:01:49.974+0000] {dag.py:3089} INFO - Sync 1 DAGs
[2026-03-29T22:01:49.990+0000] {logging_mixin.py:188} INFO - [2026-03-29T22:01:49.989+0000] {dag.py:3947} INFO - Setting next_dagrun for example_local_kubernetes_executor to None, run_after=None
[2026-03-29T22:01:50.008+0000] {processor.py:183} INFO - Processing /home/airflow/.local/lib/python3.12/site-packages/airflow/example_dags/example_local_kubernetes_executor.py took 0.102 seconds
[2026-03-29T22:02:20.199+0000] {processor.py:161} INFO - Started process (PID=3289) to work on /home/airflow/.local/lib/python3.12/site-packages/airflow/example_dags/example_local_kubernetes_executor.py
[2026-03-29T22:02:20.200+0000] {processor.py:830} INFO - Processing file /home/airflow/.local/lib/python3.12/site-packages/airflow/example_dags/example_local_kubernetes_executor.py for tasks to queue
[2026-03-29T22:02:20.202+0000] {logging_mixin.py:188} INFO - [2026-03-29T22:02:20.202+0000] {dagbag.py:545} INFO - Filling up the DagBag from /home/airflow/.local/lib/python3.12/site-packages/airflow/example_dags/example_local_kubernetes_executor.py
[2026-03-29T22:02:20.208+0000] {processor.py:840} INFO - DAG(s) 'example_local_kubernetes_executor' retrieved from /home/airflow/.local/lib/python3.12/site-packages/airflow/example_dags/example_local_kubernetes_executor.py
[2026-03-29T22:02:20.243+0000] {logging_mixin.py:188} INFO - [2026-03-29T22:02:20.243+0000] {dag.py:3089} INFO - Sync 1 DAGs
[2026-03-29T22:02:20.254+0000] {logging_mixin.py:188} INFO - [2026-03-29T22:02:20.254+0000] {dag.py:3947} INFO - Setting next_dagrun for example_local_kubernetes_executor to None, run_after=None
[2026-03-29T22:02:20.289+0000] {processor.py:183} INFO - Processing /home/airflow/.local/lib/python3.12/site-packages/airflow/example_dags/example_local_kubernetes_executor.py took 0.095 seconds
[2026-03-29T22:02:51.277+0000] {processor.py:161} INFO - Started process (PID=3341) to work on /home/airflow/.local/lib/python3.12/site-packages/airflow/example_dags/example_local_kubernetes_executor.py
[2026-03-29T22:02:51.279+0000] {processor.py:830} INFO - Processing file /home/airflow/.local/lib/python3.12/site-packages/airflow/example_dags/example_local_kubernetes_executor.py for tasks to queue
[2026-03-29T22:02:51.281+0000] {logging_mixin.py:188} INFO - [2026-03-29T22:02:51.281+0000] {dagbag.py:545} INFO - Filling up the DagBag from /home/airflow/.local/lib/python3.12/site-packages/airflow/example_dags/example_local_kubernetes_executor.py
[2026-03-29T22:02:51.291+0000] {processor.py:840} INFO - DAG(s) 'example_local_kubernetes_executor' retrieved from /home/airflow/.local/lib/python3.12/site-packages/airflow/example_dags/example_local_kubernetes_executor.py
[2026-03-29T22:02:51.320+0000] {logging_mixin.py:188} INFO - [2026-03-29T22:02:51.320+0000] {dag.py:3089} INFO - Sync 1 DAGs
[2026-03-29T22:02:51.332+0000] {logging_mixin.py:188} INFO - [2026-03-29T22:02:51.332+0000] {dag.py:3947} INFO - Setting next_dagrun for example_local_kubernetes_executor to None, run_after=None
[2026-03-29T22:02:51.357+0000] {processor.py:183} INFO - Processing /home/airflow/.local/lib/python3.12/site-packages/airflow/example_dags/example_local_kubernetes_executor.py took 0.087 seconds
