[2026-03-29T21:30:28.911+0000] {processor.py:161} INFO - Started process (PID=34) to work on /home/airflow/.local/lib/python3.12/site-packages/airflow/example_dags/example_task_group_decorator.py
[2026-03-29T21:30:28.913+0000] {processor.py:830} INFO - Processing file /home/airflow/.local/lib/python3.12/site-packages/airflow/example_dags/example_task_group_decorator.py for tasks to queue
[2026-03-29T21:30:28.917+0000] {logging_mixin.py:188} INFO - [2026-03-29T21:30:28.916+0000] {dagbag.py:545} INFO - Filling up the DagBag from /home/airflow/.local/lib/python3.12/site-packages/airflow/example_dags/example_task_group_decorator.py
[2026-03-29T21:30:28.945+0000] {processor.py:840} INFO - DAG(s) 'example_task_group_decorator' retrieved from /home/airflow/.local/lib/python3.12/site-packages/airflow/example_dags/example_task_group_decorator.py
[2026-03-29T21:30:28.969+0000] {logging_mixin.py:188} INFO - [2026-03-29T21:30:28.968+0000] {dag.py:3089} INFO - Sync 1 DAGs
[2026-03-29T21:30:29.008+0000] {logging_mixin.py:188} INFO - [2026-03-29T21:30:29.008+0000] {dag.py:3947} INFO - Setting next_dagrun for example_task_group_decorator to 2026-03-28 00:00:00+00:00, run_after=2026-03-29 00:00:00+00:00
[2026-03-29T21:30:29.067+0000] {processor.py:183} INFO - Processing /home/airflow/.local/lib/python3.12/site-packages/airflow/example_dags/example_task_group_decorator.py took 0.163 seconds
[2026-03-29T21:31:00.448+0000] {processor.py:161} INFO - Started process (PID=85) to work on /home/airflow/.local/lib/python3.12/site-packages/airflow/example_dags/example_task_group_decorator.py
[2026-03-29T21:31:00.450+0000] {processor.py:830} INFO - Processing file /home/airflow/.local/lib/python3.12/site-packages/airflow/example_dags/example_task_group_decorator.py for tasks to queue
[2026-03-29T21:31:00.455+0000] {logging_mixin.py:188} INFO - [2026-03-29T21:31:00.454+0000] {dagbag.py:545} INFO - Filling up the DagBag from /home/airflow/.local/lib/python3.12/site-packages/airflow/example_dags/example_task_group_decorator.py
[2026-03-29T21:31:00.479+0000] {processor.py:840} INFO - DAG(s) 'example_task_group_decorator' retrieved from /home/airflow/.local/lib/python3.12/site-packages/airflow/example_dags/example_task_group_decorator.py
[2026-03-29T21:31:00.650+0000] {logging_mixin.py:188} INFO - [2026-03-29T21:31:00.650+0000] {dag.py:3089} INFO - Sync 1 DAGs
[2026-03-29T21:31:00.687+0000] {logging_mixin.py:188} INFO - [2026-03-29T21:31:00.687+0000] {dag.py:3947} INFO - Setting next_dagrun for example_task_group_decorator to 2026-03-28 00:00:00+00:00, run_after=2026-03-29 00:00:00+00:00
[2026-03-29T21:31:00.734+0000] {processor.py:183} INFO - Processing /home/airflow/.local/lib/python3.12/site-packages/airflow/example_dags/example_task_group_decorator.py took 0.293 seconds
[2026-03-29T21:31:31.163+0000] {processor.py:161} INFO - Started process (PID=137) to work on /home/airflow/.local/lib/python3.12/site-packages/airflow/example_dags/example_task_group_decorator.py
[2026-03-29T21:31:31.166+0000] {processor.py:830} INFO - Processing file /home/airflow/.local/lib/python3.12/site-packages/airflow/example_dags/example_task_group_decorator.py for tasks to queue
[2026-03-29T21:31:31.168+0000] {logging_mixin.py:188} INFO - [2026-03-29T21:31:31.167+0000] {dagbag.py:545} INFO - Filling up the DagBag from /home/airflow/.local/lib/python3.12/site-packages/airflow/example_dags/example_task_group_decorator.py
[2026-03-29T21:31:31.186+0000] {processor.py:840} INFO - DAG(s) 'example_task_group_decorator' retrieved from /home/airflow/.local/lib/python3.12/site-packages/airflow/example_dags/example_task_group_decorator.py
[2026-03-29T21:31:31.219+0000] {logging_mixin.py:188} INFO - [2026-03-29T21:31:31.218+0000] {dag.py:3089} INFO - Sync 1 DAGs
[2026-03-29T21:31:31.256+0000] {logging_mixin.py:188} INFO - [2026-03-29T21:31:31.255+0000] {dag.py:3947} INFO - Setting next_dagrun for example_task_group_decorator to 2026-03-28 00:00:00+00:00, run_after=2026-03-29 00:00:00+00:00
[2026-03-29T21:31:31.280+0000] {processor.py:183} INFO - Processing /home/airflow/.local/lib/python3.12/site-packages/airflow/example_dags/example_task_group_decorator.py took 0.122 seconds
[2026-03-29T21:32:03.099+0000] {processor.py:161} INFO - Started process (PID=190) to work on /home/airflow/.local/lib/python3.12/site-packages/airflow/example_dags/example_task_group_decorator.py
[2026-03-29T21:32:03.104+0000] {processor.py:830} INFO - Processing file /home/airflow/.local/lib/python3.12/site-packages/airflow/example_dags/example_task_group_decorator.py for tasks to queue
[2026-03-29T21:32:03.114+0000] {logging_mixin.py:188} INFO - [2026-03-29T21:32:03.112+0000] {dagbag.py:545} INFO - Filling up the DagBag from /home/airflow/.local/lib/python3.12/site-packages/airflow/example_dags/example_task_group_decorator.py
[2026-03-29T21:32:03.183+0000] {processor.py:840} INFO - DAG(s) 'example_task_group_decorator' retrieved from /home/airflow/.local/lib/python3.12/site-packages/airflow/example_dags/example_task_group_decorator.py
[2026-03-29T21:32:03.318+0000] {logging_mixin.py:188} INFO - [2026-03-29T21:32:03.317+0000] {dag.py:3089} INFO - Sync 1 DAGs
[2026-03-29T21:32:03.391+0000] {logging_mixin.py:188} INFO - [2026-03-29T21:32:03.390+0000] {dag.py:3947} INFO - Setting next_dagrun for example_task_group_decorator to 2026-03-28 00:00:00+00:00, run_after=2026-03-29 00:00:00+00:00
[2026-03-29T21:32:03.438+0000] {processor.py:183} INFO - Processing /home/airflow/.local/lib/python3.12/site-packages/airflow/example_dags/example_task_group_decorator.py took 0.354 seconds
[2026-03-29T21:32:34.259+0000] {processor.py:161} INFO - Started process (PID=242) to work on /home/airflow/.local/lib/python3.12/site-packages/airflow/example_dags/example_task_group_decorator.py
[2026-03-29T21:32:34.260+0000] {processor.py:830} INFO - Processing file /home/airflow/.local/lib/python3.12/site-packages/airflow/example_dags/example_task_group_decorator.py for tasks to queue
[2026-03-29T21:32:34.262+0000] {logging_mixin.py:188} INFO - [2026-03-29T21:32:34.262+0000] {dagbag.py:545} INFO - Filling up the DagBag from /home/airflow/.local/lib/python3.12/site-packages/airflow/example_dags/example_task_group_decorator.py
[2026-03-29T21:32:34.275+0000] {processor.py:840} INFO - DAG(s) 'example_task_group_decorator' retrieved from /home/airflow/.local/lib/python3.12/site-packages/airflow/example_dags/example_task_group_decorator.py
[2026-03-29T21:32:34.299+0000] {logging_mixin.py:188} INFO - [2026-03-29T21:32:34.299+0000] {dag.py:3089} INFO - Sync 1 DAGs
[2026-03-29T21:32:34.315+0000] {logging_mixin.py:188} INFO - [2026-03-29T21:32:34.315+0000] {dag.py:3947} INFO - Setting next_dagrun for example_task_group_decorator to 2026-03-28 00:00:00+00:00, run_after=2026-03-29 00:00:00+00:00
[2026-03-29T21:32:34.333+0000] {processor.py:183} INFO - Processing /home/airflow/.local/lib/python3.12/site-packages/airflow/example_dags/example_task_group_decorator.py took 0.080 seconds
[2026-03-29T21:33:04.480+0000] {processor.py:161} INFO - Started process (PID=294) to work on /home/airflow/.local/lib/python3.12/site-packages/airflow/example_dags/example_task_group_decorator.py
[2026-03-29T21:33:04.482+0000] {processor.py:830} INFO - Processing file /home/airflow/.local/lib/python3.12/site-packages/airflow/example_dags/example_task_group_decorator.py for tasks to queue
[2026-03-29T21:33:04.484+0000] {logging_mixin.py:188} INFO - [2026-03-29T21:33:04.484+0000] {dagbag.py:545} INFO - Filling up the DagBag from /home/airflow/.local/lib/python3.12/site-packages/airflow/example_dags/example_task_group_decorator.py
[2026-03-29T21:33:04.498+0000] {processor.py:840} INFO - DAG(s) 'example_task_group_decorator' retrieved from /home/airflow/.local/lib/python3.12/site-packages/airflow/example_dags/example_task_group_decorator.py
[2026-03-29T21:33:04.524+0000] {logging_mixin.py:188} INFO - [2026-03-29T21:33:04.524+0000] {dag.py:3089} INFO - Sync 1 DAGs
[2026-03-29T21:33:04.542+0000] {logging_mixin.py:188} INFO - [2026-03-29T21:33:04.542+0000] {dag.py:3947} INFO - Setting next_dagrun for example_task_group_decorator to 2026-03-28 00:00:00+00:00, run_after=2026-03-29 00:00:00+00:00
[2026-03-29T21:33:04.559+0000] {processor.py:183} INFO - Processing /home/airflow/.local/lib/python3.12/site-packages/airflow/example_dags/example_task_group_decorator.py took 0.084 seconds
[2026-03-29T21:33:35.057+0000] {processor.py:161} INFO - Started process (PID=346) to work on /home/airflow/.local/lib/python3.12/site-packages/airflow/example_dags/example_task_group_decorator.py
[2026-03-29T21:33:35.061+0000] {processor.py:830} INFO - Processing file /home/airflow/.local/lib/python3.12/site-packages/airflow/example_dags/example_task_group_decorator.py for tasks to queue
[2026-03-29T21:33:35.063+0000] {logging_mixin.py:188} INFO - [2026-03-29T21:33:35.063+0000] {dagbag.py:545} INFO - Filling up the DagBag from /home/airflow/.local/lib/python3.12/site-packages/airflow/example_dags/example_task_group_decorator.py
[2026-03-29T21:33:35.081+0000] {processor.py:840} INFO - DAG(s) 'example_task_group_decorator' retrieved from /home/airflow/.local/lib/python3.12/site-packages/airflow/example_dags/example_task_group_decorator.py
[2026-03-29T21:33:35.107+0000] {logging_mixin.py:188} INFO - [2026-03-29T21:33:35.107+0000] {dag.py:3089} INFO - Sync 1 DAGs
[2026-03-29T21:33:35.127+0000] {logging_mixin.py:188} INFO - [2026-03-29T21:33:35.127+0000] {dag.py:3947} INFO - Setting next_dagrun for example_task_group_decorator to 2026-03-28 00:00:00+00:00, run_after=2026-03-29 00:00:00+00:00
[2026-03-29T21:33:35.144+0000] {processor.py:183} INFO - Processing /home/airflow/.local/lib/python3.12/site-packages/airflow/example_dags/example_task_group_decorator.py took 0.092 seconds
[2026-03-29T21:34:05.789+0000] {processor.py:161} INFO - Started process (PID=398) to work on /home/airflow/.local/lib/python3.12/site-packages/airflow/example_dags/example_task_group_decorator.py
[2026-03-29T21:34:05.792+0000] {processor.py:830} INFO - Processing file /home/airflow/.local/lib/python3.12/site-packages/airflow/example_dags/example_task_group_decorator.py for tasks to queue
[2026-03-29T21:34:05.793+0000] {logging_mixin.py:188} INFO - [2026-03-29T21:34:05.793+0000] {dagbag.py:545} INFO - Filling up the DagBag from /home/airflow/.local/lib/python3.12/site-packages/airflow/example_dags/example_task_group_decorator.py
[2026-03-29T21:34:05.805+0000] {processor.py:840} INFO - DAG(s) 'example_task_group_decorator' retrieved from /home/airflow/.local/lib/python3.12/site-packages/airflow/example_dags/example_task_group_decorator.py
[2026-03-29T21:34:05.825+0000] {logging_mixin.py:188} INFO - [2026-03-29T21:34:05.825+0000] {dag.py:3089} INFO - Sync 1 DAGs
[2026-03-29T21:34:05.841+0000] {logging_mixin.py:188} INFO - [2026-03-29T21:34:05.841+0000] {dag.py:3947} INFO - Setting next_dagrun for example_task_group_decorator to 2026-03-28 00:00:00+00:00, run_after=2026-03-29 00:00:00+00:00
[2026-03-29T21:34:05.855+0000] {processor.py:183} INFO - Processing /home/airflow/.local/lib/python3.12/site-packages/airflow/example_dags/example_task_group_decorator.py took 0.075 seconds
[2026-03-29T21:34:35.979+0000] {processor.py:161} INFO - Started process (PID=449) to work on /home/airflow/.local/lib/python3.12/site-packages/airflow/example_dags/example_task_group_decorator.py
[2026-03-29T21:34:35.981+0000] {processor.py:830} INFO - Processing file /home/airflow/.local/lib/python3.12/site-packages/airflow/example_dags/example_task_group_decorator.py for tasks to queue
[2026-03-29T21:34:35.982+0000] {logging_mixin.py:188} INFO - [2026-03-29T21:34:35.982+0000] {dagbag.py:545} INFO - Filling up the DagBag from /home/airflow/.local/lib/python3.12/site-packages/airflow/example_dags/example_task_group_decorator.py
[2026-03-29T21:34:35.996+0000] {processor.py:840} INFO - DAG(s) 'example_task_group_decorator' retrieved from /home/airflow/.local/lib/python3.12/site-packages/airflow/example_dags/example_task_group_decorator.py
[2026-03-29T21:34:36.024+0000] {logging_mixin.py:188} INFO - [2026-03-29T21:34:36.024+0000] {dag.py:3089} INFO - Sync 1 DAGs
[2026-03-29T21:34:36.053+0000] {logging_mixin.py:188} INFO - [2026-03-29T21:34:36.052+0000] {dag.py:3947} INFO - Setting next_dagrun for example_task_group_decorator to 2026-03-28 00:00:00+00:00, run_after=2026-03-29 00:00:00+00:00
[2026-03-29T21:34:36.074+0000] {processor.py:183} INFO - Processing /home/airflow/.local/lib/python3.12/site-packages/airflow/example_dags/example_task_group_decorator.py took 0.102 seconds
[2026-03-29T21:35:06.296+0000] {processor.py:161} INFO - Started process (PID=501) to work on /home/airflow/.local/lib/python3.12/site-packages/airflow/example_dags/example_task_group_decorator.py
[2026-03-29T21:35:06.297+0000] {processor.py:830} INFO - Processing file /home/airflow/.local/lib/python3.12/site-packages/airflow/example_dags/example_task_group_decorator.py for tasks to queue
[2026-03-29T21:35:06.299+0000] {logging_mixin.py:188} INFO - [2026-03-29T21:35:06.299+0000] {dagbag.py:545} INFO - Filling up the DagBag from /home/airflow/.local/lib/python3.12/site-packages/airflow/example_dags/example_task_group_decorator.py
[2026-03-29T21:35:06.309+0000] {processor.py:840} INFO - DAG(s) 'example_task_group_decorator' retrieved from /home/airflow/.local/lib/python3.12/site-packages/airflow/example_dags/example_task_group_decorator.py
[2026-03-29T21:35:06.325+0000] {logging_mixin.py:188} INFO - [2026-03-29T21:35:06.325+0000] {dag.py:3089} INFO - Sync 1 DAGs
[2026-03-29T21:35:06.341+0000] {logging_mixin.py:188} INFO - [2026-03-29T21:35:06.340+0000] {dag.py:3947} INFO - Setting next_dagrun for example_task_group_decorator to 2026-03-28 00:00:00+00:00, run_after=2026-03-29 00:00:00+00:00
[2026-03-29T21:35:06.352+0000] {processor.py:183} INFO - Processing /home/airflow/.local/lib/python3.12/site-packages/airflow/example_dags/example_task_group_decorator.py took 0.060 seconds
[2026-03-29T21:35:37.280+0000] {processor.py:161} INFO - Started process (PID=553) to work on /home/airflow/.local/lib/python3.12/site-packages/airflow/example_dags/example_task_group_decorator.py
[2026-03-29T21:35:37.282+0000] {processor.py:830} INFO - Processing file /home/airflow/.local/lib/python3.12/site-packages/airflow/example_dags/example_task_group_decorator.py for tasks to queue
[2026-03-29T21:35:37.284+0000] {logging_mixin.py:188} INFO - [2026-03-29T21:35:37.284+0000] {dagbag.py:545} INFO - Filling up the DagBag from /home/airflow/.local/lib/python3.12/site-packages/airflow/example_dags/example_task_group_decorator.py
[2026-03-29T21:35:37.294+0000] {processor.py:840} INFO - DAG(s) 'example_task_group_decorator' retrieved from /home/airflow/.local/lib/python3.12/site-packages/airflow/example_dags/example_task_group_decorator.py
[2026-03-29T21:35:37.311+0000] {logging_mixin.py:188} INFO - [2026-03-29T21:35:37.311+0000] {dag.py:3089} INFO - Sync 1 DAGs
[2026-03-29T21:35:37.326+0000] {logging_mixin.py:188} INFO - [2026-03-29T21:35:37.326+0000] {dag.py:3947} INFO - Setting next_dagrun for example_task_group_decorator to 2026-03-28 00:00:00+00:00, run_after=2026-03-29 00:00:00+00:00
[2026-03-29T21:35:37.338+0000] {processor.py:183} INFO - Processing /home/airflow/.local/lib/python3.12/site-packages/airflow/example_dags/example_task_group_decorator.py took 0.067 seconds
[2026-03-29T21:36:07.790+0000] {processor.py:161} INFO - Started process (PID=605) to work on /home/airflow/.local/lib/python3.12/site-packages/airflow/example_dags/example_task_group_decorator.py
[2026-03-29T21:36:07.790+0000] {processor.py:830} INFO - Processing file /home/airflow/.local/lib/python3.12/site-packages/airflow/example_dags/example_task_group_decorator.py for tasks to queue
[2026-03-29T21:36:07.792+0000] {logging_mixin.py:188} INFO - [2026-03-29T21:36:07.792+0000] {dagbag.py:545} INFO - Filling up the DagBag from /home/airflow/.local/lib/python3.12/site-packages/airflow/example_dags/example_task_group_decorator.py
[2026-03-29T21:36:07.802+0000] {processor.py:840} INFO - DAG(s) 'example_task_group_decorator' retrieved from /home/airflow/.local/lib/python3.12/site-packages/airflow/example_dags/example_task_group_decorator.py
[2026-03-29T21:36:07.823+0000] {logging_mixin.py:188} INFO - [2026-03-29T21:36:07.822+0000] {dag.py:3089} INFO - Sync 1 DAGs
[2026-03-29T21:36:07.841+0000] {logging_mixin.py:188} INFO - [2026-03-29T21:36:07.840+0000] {dag.py:3947} INFO - Setting next_dagrun for example_task_group_decorator to 2026-03-28 00:00:00+00:00, run_after=2026-03-29 00:00:00+00:00
[2026-03-29T21:36:07.853+0000] {processor.py:183} INFO - Processing /home/airflow/.local/lib/python3.12/site-packages/airflow/example_dags/example_task_group_decorator.py took 0.068 seconds
[2026-03-29T21:36:38.168+0000] {processor.py:161} INFO - Started process (PID=657) to work on /home/airflow/.local/lib/python3.12/site-packages/airflow/example_dags/example_task_group_decorator.py
[2026-03-29T21:36:38.169+0000] {processor.py:830} INFO - Processing file /home/airflow/.local/lib/python3.12/site-packages/airflow/example_dags/example_task_group_decorator.py for tasks to queue
[2026-03-29T21:36:38.170+0000] {logging_mixin.py:188} INFO - [2026-03-29T21:36:38.170+0000] {dagbag.py:545} INFO - Filling up the DagBag from /home/airflow/.local/lib/python3.12/site-packages/airflow/example_dags/example_task_group_decorator.py
[2026-03-29T21:36:38.181+0000] {processor.py:840} INFO - DAG(s) 'example_task_group_decorator' retrieved from /home/airflow/.local/lib/python3.12/site-packages/airflow/example_dags/example_task_group_decorator.py
[2026-03-29T21:36:38.196+0000] {logging_mixin.py:188} INFO - [2026-03-29T21:36:38.196+0000] {dag.py:3089} INFO - Sync 1 DAGs
[2026-03-29T21:36:38.210+0000] {logging_mixin.py:188} INFO - [2026-03-29T21:36:38.210+0000] {dag.py:3947} INFO - Setting next_dagrun for example_task_group_decorator to 2026-03-28 00:00:00+00:00, run_after=2026-03-29 00:00:00+00:00
[2026-03-29T21:36:38.221+0000] {processor.py:183} INFO - Processing /home/airflow/.local/lib/python3.12/site-packages/airflow/example_dags/example_task_group_decorator.py took 0.058 seconds
[2026-03-29T21:37:08.893+0000] {processor.py:161} INFO - Started process (PID=709) to work on /home/airflow/.local/lib/python3.12/site-packages/airflow/example_dags/example_task_group_decorator.py
[2026-03-29T21:37:08.894+0000] {processor.py:830} INFO - Processing file /home/airflow/.local/lib/python3.12/site-packages/airflow/example_dags/example_task_group_decorator.py for tasks to queue
[2026-03-29T21:37:08.896+0000] {logging_mixin.py:188} INFO - [2026-03-29T21:37:08.896+0000] {dagbag.py:545} INFO - Filling up the DagBag from /home/airflow/.local/lib/python3.12/site-packages/airflow/example_dags/example_task_group_decorator.py
[2026-03-29T21:37:08.905+0000] {processor.py:840} INFO - DAG(s) 'example_task_group_decorator' retrieved from /home/airflow/.local/lib/python3.12/site-packages/airflow/example_dags/example_task_group_decorator.py
[2026-03-29T21:37:08.923+0000] {logging_mixin.py:188} INFO - [2026-03-29T21:37:08.922+0000] {dag.py:3089} INFO - Sync 1 DAGs
[2026-03-29T21:37:08.937+0000] {logging_mixin.py:188} INFO - [2026-03-29T21:37:08.937+0000] {dag.py:3947} INFO - Setting next_dagrun for example_task_group_decorator to 2026-03-28 00:00:00+00:00, run_after=2026-03-29 00:00:00+00:00
[2026-03-29T21:37:08.948+0000] {processor.py:183} INFO - Processing /home/airflow/.local/lib/python3.12/site-packages/airflow/example_dags/example_task_group_decorator.py took 0.060 seconds
[2026-03-29T21:37:39.082+0000] {processor.py:161} INFO - Started process (PID=761) to work on /home/airflow/.local/lib/python3.12/site-packages/airflow/example_dags/example_task_group_decorator.py
[2026-03-29T21:37:39.083+0000] {processor.py:830} INFO - Processing file /home/airflow/.local/lib/python3.12/site-packages/airflow/example_dags/example_task_group_decorator.py for tasks to queue
[2026-03-29T21:37:39.085+0000] {logging_mixin.py:188} INFO - [2026-03-29T21:37:39.084+0000] {dagbag.py:545} INFO - Filling up the DagBag from /home/airflow/.local/lib/python3.12/site-packages/airflow/example_dags/example_task_group_decorator.py
[2026-03-29T21:37:39.094+0000] {processor.py:840} INFO - DAG(s) 'example_task_group_decorator' retrieved from /home/airflow/.local/lib/python3.12/site-packages/airflow/example_dags/example_task_group_decorator.py
[2026-03-29T21:37:39.110+0000] {logging_mixin.py:188} INFO - [2026-03-29T21:37:39.109+0000] {dag.py:3089} INFO - Sync 1 DAGs
[2026-03-29T21:37:39.127+0000] {logging_mixin.py:188} INFO - [2026-03-29T21:37:39.127+0000] {dag.py:3947} INFO - Setting next_dagrun for example_task_group_decorator to 2026-03-28 00:00:00+00:00, run_after=2026-03-29 00:00:00+00:00
[2026-03-29T21:37:39.139+0000] {processor.py:183} INFO - Processing /home/airflow/.local/lib/python3.12/site-packages/airflow/example_dags/example_task_group_decorator.py took 0.061 seconds
[2026-03-29T21:38:09.645+0000] {processor.py:161} INFO - Started process (PID=813) to work on /home/airflow/.local/lib/python3.12/site-packages/airflow/example_dags/example_task_group_decorator.py
[2026-03-29T21:38:09.646+0000] {processor.py:830} INFO - Processing file /home/airflow/.local/lib/python3.12/site-packages/airflow/example_dags/example_task_group_decorator.py for tasks to queue
[2026-03-29T21:38:09.647+0000] {logging_mixin.py:188} INFO - [2026-03-29T21:38:09.646+0000] {dagbag.py:545} INFO - Filling up the DagBag from /home/airflow/.local/lib/python3.12/site-packages/airflow/example_dags/example_task_group_decorator.py
[2026-03-29T21:38:09.656+0000] {processor.py:840} INFO - DAG(s) 'example_task_group_decorator' retrieved from /home/airflow/.local/lib/python3.12/site-packages/airflow/example_dags/example_task_group_decorator.py
[2026-03-29T21:38:09.673+0000] {logging_mixin.py:188} INFO - [2026-03-29T21:38:09.673+0000] {dag.py:3089} INFO - Sync 1 DAGs
[2026-03-29T21:38:09.695+0000] {logging_mixin.py:188} INFO - [2026-03-29T21:38:09.694+0000] {dag.py:3947} INFO - Setting next_dagrun for example_task_group_decorator to 2026-03-28 00:00:00+00:00, run_after=2026-03-29 00:00:00+00:00
[2026-03-29T21:38:09.712+0000] {processor.py:183} INFO - Processing /home/airflow/.local/lib/python3.12/site-packages/airflow/example_dags/example_task_group_decorator.py took 0.072 seconds
[2026-03-29T21:38:40.293+0000] {processor.py:161} INFO - Started process (PID=865) to work on /home/airflow/.local/lib/python3.12/site-packages/airflow/example_dags/example_task_group_decorator.py
[2026-03-29T21:38:40.294+0000] {processor.py:830} INFO - Processing file /home/airflow/.local/lib/python3.12/site-packages/airflow/example_dags/example_task_group_decorator.py for tasks to queue
[2026-03-29T21:38:40.295+0000] {logging_mixin.py:188} INFO - [2026-03-29T21:38:40.295+0000] {dagbag.py:545} INFO - Filling up the DagBag from /home/airflow/.local/lib/python3.12/site-packages/airflow/example_dags/example_task_group_decorator.py
[2026-03-29T21:38:40.306+0000] {processor.py:840} INFO - DAG(s) 'example_task_group_decorator' retrieved from /home/airflow/.local/lib/python3.12/site-packages/airflow/example_dags/example_task_group_decorator.py
[2026-03-29T21:38:40.326+0000] {logging_mixin.py:188} INFO - [2026-03-29T21:38:40.326+0000] {dag.py:3089} INFO - Sync 1 DAGs
[2026-03-29T21:38:40.342+0000] {logging_mixin.py:188} INFO - [2026-03-29T21:38:40.342+0000] {dag.py:3947} INFO - Setting next_dagrun for example_task_group_decorator to 2026-03-28 00:00:00+00:00, run_after=2026-03-29 00:00:00+00:00
[2026-03-29T21:38:40.354+0000] {processor.py:183} INFO - Processing /home/airflow/.local/lib/python3.12/site-packages/airflow/example_dags/example_task_group_decorator.py took 0.066 seconds
[2026-03-29T21:39:10.696+0000] {processor.py:161} INFO - Started process (PID=917) to work on /home/airflow/.local/lib/python3.12/site-packages/airflow/example_dags/example_task_group_decorator.py
[2026-03-29T21:39:10.697+0000] {processor.py:830} INFO - Processing file /home/airflow/.local/lib/python3.12/site-packages/airflow/example_dags/example_task_group_decorator.py for tasks to queue
[2026-03-29T21:39:10.698+0000] {logging_mixin.py:188} INFO - [2026-03-29T21:39:10.697+0000] {dagbag.py:545} INFO - Filling up the DagBag from /home/airflow/.local/lib/python3.12/site-packages/airflow/example_dags/example_task_group_decorator.py
[2026-03-29T21:39:10.708+0000] {processor.py:840} INFO - DAG(s) 'example_task_group_decorator' retrieved from /home/airflow/.local/lib/python3.12/site-packages/airflow/example_dags/example_task_group_decorator.py
[2026-03-29T21:39:10.726+0000] {logging_mixin.py:188} INFO - [2026-03-29T21:39:10.725+0000] {dag.py:3089} INFO - Sync 1 DAGs
[2026-03-29T21:39:10.741+0000] {logging_mixin.py:188} INFO - [2026-03-29T21:39:10.741+0000] {dag.py:3947} INFO - Setting next_dagrun for example_task_group_decorator to 2026-03-28 00:00:00+00:00, run_after=2026-03-29 00:00:00+00:00
[2026-03-29T21:39:10.755+0000] {processor.py:183} INFO - Processing /home/airflow/.local/lib/python3.12/site-packages/airflow/example_dags/example_task_group_decorator.py took 0.064 seconds
[2026-03-29T21:39:40.949+0000] {processor.py:161} INFO - Started process (PID=969) to work on /home/airflow/.local/lib/python3.12/site-packages/airflow/example_dags/example_task_group_decorator.py
[2026-03-29T21:39:40.951+0000] {processor.py:830} INFO - Processing file /home/airflow/.local/lib/python3.12/site-packages/airflow/example_dags/example_task_group_decorator.py for tasks to queue
[2026-03-29T21:39:40.954+0000] {logging_mixin.py:188} INFO - [2026-03-29T21:39:40.953+0000] {dagbag.py:545} INFO - Filling up the DagBag from /home/airflow/.local/lib/python3.12/site-packages/airflow/example_dags/example_task_group_decorator.py
[2026-03-29T21:39:40.966+0000] {processor.py:840} INFO - DAG(s) 'example_task_group_decorator' retrieved from /home/airflow/.local/lib/python3.12/site-packages/airflow/example_dags/example_task_group_decorator.py
[2026-03-29T21:39:40.982+0000] {logging_mixin.py:188} INFO - [2026-03-29T21:39:40.982+0000] {dag.py:3089} INFO - Sync 1 DAGs
[2026-03-29T21:39:40.997+0000] {logging_mixin.py:188} INFO - [2026-03-29T21:39:40.997+0000] {dag.py:3947} INFO - Setting next_dagrun for example_task_group_decorator to 2026-03-28 00:00:00+00:00, run_after=2026-03-29 00:00:00+00:00
[2026-03-29T21:39:41.007+0000] {processor.py:183} INFO - Processing /home/airflow/.local/lib/python3.12/site-packages/airflow/example_dags/example_task_group_decorator.py took 0.063 seconds
[2026-03-29T21:40:11.837+0000] {processor.py:161} INFO - Started process (PID=1021) to work on /home/airflow/.local/lib/python3.12/site-packages/airflow/example_dags/example_task_group_decorator.py
[2026-03-29T21:40:11.839+0000] {processor.py:830} INFO - Processing file /home/airflow/.local/lib/python3.12/site-packages/airflow/example_dags/example_task_group_decorator.py for tasks to queue
[2026-03-29T21:40:11.842+0000] {logging_mixin.py:188} INFO - [2026-03-29T21:40:11.842+0000] {dagbag.py:545} INFO - Filling up the DagBag from /home/airflow/.local/lib/python3.12/site-packages/airflow/example_dags/example_task_group_decorator.py
[2026-03-29T21:40:11.854+0000] {processor.py:840} INFO - DAG(s) 'example_task_group_decorator' retrieved from /home/airflow/.local/lib/python3.12/site-packages/airflow/example_dags/example_task_group_decorator.py
[2026-03-29T21:40:11.871+0000] {logging_mixin.py:188} INFO - [2026-03-29T21:40:11.871+0000] {dag.py:3089} INFO - Sync 1 DAGs
[2026-03-29T21:40:11.889+0000] {logging_mixin.py:188} INFO - [2026-03-29T21:40:11.889+0000] {dag.py:3947} INFO - Setting next_dagrun for example_task_group_decorator to 2026-03-28 00:00:00+00:00, run_after=2026-03-29 00:00:00+00:00
[2026-03-29T21:40:11.903+0000] {processor.py:183} INFO - Processing /home/airflow/.local/lib/python3.12/site-packages/airflow/example_dags/example_task_group_decorator.py took 0.070 seconds
[2026-03-29T21:40:42.997+0000] {processor.py:161} INFO - Started process (PID=1073) to work on /home/airflow/.local/lib/python3.12/site-packages/airflow/example_dags/example_task_group_decorator.py
[2026-03-29T21:40:42.999+0000] {processor.py:830} INFO - Processing file /home/airflow/.local/lib/python3.12/site-packages/airflow/example_dags/example_task_group_decorator.py for tasks to queue
[2026-03-29T21:40:43.000+0000] {logging_mixin.py:188} INFO - [2026-03-29T21:40:43.000+0000] {dagbag.py:545} INFO - Filling up the DagBag from /home/airflow/.local/lib/python3.12/site-packages/airflow/example_dags/example_task_group_decorator.py
[2026-03-29T21:40:43.010+0000] {processor.py:840} INFO - DAG(s) 'example_task_group_decorator' retrieved from /home/airflow/.local/lib/python3.12/site-packages/airflow/example_dags/example_task_group_decorator.py
[2026-03-29T21:40:43.028+0000] {logging_mixin.py:188} INFO - [2026-03-29T21:40:43.028+0000] {dag.py:3089} INFO - Sync 1 DAGs
[2026-03-29T21:40:43.046+0000] {logging_mixin.py:188} INFO - [2026-03-29T21:40:43.046+0000] {dag.py:3947} INFO - Setting next_dagrun for example_task_group_decorator to 2026-03-28 00:00:00+00:00, run_after=2026-03-29 00:00:00+00:00
[2026-03-29T21:40:43.060+0000] {processor.py:183} INFO - Processing /home/airflow/.local/lib/python3.12/site-packages/airflow/example_dags/example_task_group_decorator.py took 0.067 seconds
[2026-03-29T21:41:13.833+0000] {processor.py:161} INFO - Started process (PID=1125) to work on /home/airflow/.local/lib/python3.12/site-packages/airflow/example_dags/example_task_group_decorator.py
[2026-03-29T21:41:13.834+0000] {processor.py:830} INFO - Processing file /home/airflow/.local/lib/python3.12/site-packages/airflow/example_dags/example_task_group_decorator.py for tasks to queue
[2026-03-29T21:41:13.835+0000] {logging_mixin.py:188} INFO - [2026-03-29T21:41:13.835+0000] {dagbag.py:545} INFO - Filling up the DagBag from /home/airflow/.local/lib/python3.12/site-packages/airflow/example_dags/example_task_group_decorator.py
[2026-03-29T21:41:13.844+0000] {processor.py:840} INFO - DAG(s) 'example_task_group_decorator' retrieved from /home/airflow/.local/lib/python3.12/site-packages/airflow/example_dags/example_task_group_decorator.py
[2026-03-29T21:41:13.860+0000] {logging_mixin.py:188} INFO - [2026-03-29T21:41:13.860+0000] {dag.py:3089} INFO - Sync 1 DAGs
[2026-03-29T21:41:13.875+0000] {logging_mixin.py:188} INFO - [2026-03-29T21:41:13.874+0000] {dag.py:3947} INFO - Setting next_dagrun for example_task_group_decorator to 2026-03-28 00:00:00+00:00, run_after=2026-03-29 00:00:00+00:00
[2026-03-29T21:41:13.886+0000] {processor.py:183} INFO - Processing /home/airflow/.local/lib/python3.12/site-packages/airflow/example_dags/example_task_group_decorator.py took 0.057 seconds
[2026-03-29T21:41:44.493+0000] {processor.py:161} INFO - Started process (PID=1177) to work on /home/airflow/.local/lib/python3.12/site-packages/airflow/example_dags/example_task_group_decorator.py
[2026-03-29T21:41:44.494+0000] {processor.py:830} INFO - Processing file /home/airflow/.local/lib/python3.12/site-packages/airflow/example_dags/example_task_group_decorator.py for tasks to queue
[2026-03-29T21:41:44.496+0000] {logging_mixin.py:188} INFO - [2026-03-29T21:41:44.496+0000] {dagbag.py:545} INFO - Filling up the DagBag from /home/airflow/.local/lib/python3.12/site-packages/airflow/example_dags/example_task_group_decorator.py
[2026-03-29T21:41:44.506+0000] {processor.py:840} INFO - DAG(s) 'example_task_group_decorator' retrieved from /home/airflow/.local/lib/python3.12/site-packages/airflow/example_dags/example_task_group_decorator.py
[2026-03-29T21:41:44.525+0000] {logging_mixin.py:188} INFO - [2026-03-29T21:41:44.525+0000] {dag.py:3089} INFO - Sync 1 DAGs
[2026-03-29T21:41:44.542+0000] {logging_mixin.py:188} INFO - [2026-03-29T21:41:44.542+0000] {dag.py:3947} INFO - Setting next_dagrun for example_task_group_decorator to 2026-03-28 00:00:00+00:00, run_after=2026-03-29 00:00:00+00:00
[2026-03-29T21:41:44.554+0000] {processor.py:183} INFO - Processing /home/airflow/.local/lib/python3.12/site-packages/airflow/example_dags/example_task_group_decorator.py took 0.066 seconds
[2026-03-29T21:42:14.735+0000] {processor.py:161} INFO - Started process (PID=1229) to work on /home/airflow/.local/lib/python3.12/site-packages/airflow/example_dags/example_task_group_decorator.py
[2026-03-29T21:42:14.736+0000] {processor.py:830} INFO - Processing file /home/airflow/.local/lib/python3.12/site-packages/airflow/example_dags/example_task_group_decorator.py for tasks to queue
[2026-03-29T21:42:14.737+0000] {logging_mixin.py:188} INFO - [2026-03-29T21:42:14.737+0000] {dagbag.py:545} INFO - Filling up the DagBag from /home/airflow/.local/lib/python3.12/site-packages/airflow/example_dags/example_task_group_decorator.py
[2026-03-29T21:42:14.746+0000] {processor.py:840} INFO - DAG(s) 'example_task_group_decorator' retrieved from /home/airflow/.local/lib/python3.12/site-packages/airflow/example_dags/example_task_group_decorator.py
[2026-03-29T21:42:14.763+0000] {logging_mixin.py:188} INFO - [2026-03-29T21:42:14.763+0000] {dag.py:3089} INFO - Sync 1 DAGs
[2026-03-29T21:42:14.780+0000] {logging_mixin.py:188} INFO - [2026-03-29T21:42:14.780+0000] {dag.py:3947} INFO - Setting next_dagrun for example_task_group_decorator to 2026-03-28 00:00:00+00:00, run_after=2026-03-29 00:00:00+00:00
[2026-03-29T21:42:14.794+0000] {processor.py:183} INFO - Processing /home/airflow/.local/lib/python3.12/site-packages/airflow/example_dags/example_task_group_decorator.py took 0.063 seconds
[2026-03-29T21:42:45.130+0000] {processor.py:161} INFO - Started process (PID=1281) to work on /home/airflow/.local/lib/python3.12/site-packages/airflow/example_dags/example_task_group_decorator.py
[2026-03-29T21:42:45.131+0000] {processor.py:830} INFO - Processing file /home/airflow/.local/lib/python3.12/site-packages/airflow/example_dags/example_task_group_decorator.py for tasks to queue
[2026-03-29T21:42:45.133+0000] {logging_mixin.py:188} INFO - [2026-03-29T21:42:45.132+0000] {dagbag.py:545} INFO - Filling up the DagBag from /home/airflow/.local/lib/python3.12/site-packages/airflow/example_dags/example_task_group_decorator.py
[2026-03-29T21:42:45.144+0000] {processor.py:840} INFO - DAG(s) 'example_task_group_decorator' retrieved from /home/airflow/.local/lib/python3.12/site-packages/airflow/example_dags/example_task_group_decorator.py
[2026-03-29T21:42:45.162+0000] {logging_mixin.py:188} INFO - [2026-03-29T21:42:45.162+0000] {dag.py:3089} INFO - Sync 1 DAGs
[2026-03-29T21:42:45.179+0000] {logging_mixin.py:188} INFO - [2026-03-29T21:42:45.179+0000] {dag.py:3947} INFO - Setting next_dagrun for example_task_group_decorator to 2026-03-28 00:00:00+00:00, run_after=2026-03-29 00:00:00+00:00
[2026-03-29T21:42:45.192+0000] {processor.py:183} INFO - Processing /home/airflow/.local/lib/python3.12/site-packages/airflow/example_dags/example_task_group_decorator.py took 0.066 seconds
[2026-03-29T21:43:15.374+0000] {processor.py:161} INFO - Started process (PID=1333) to work on /home/airflow/.local/lib/python3.12/site-packages/airflow/example_dags/example_task_group_decorator.py
[2026-03-29T21:43:15.375+0000] {processor.py:830} INFO - Processing file /home/airflow/.local/lib/python3.12/site-packages/airflow/example_dags/example_task_group_decorator.py for tasks to queue
[2026-03-29T21:43:15.376+0000] {logging_mixin.py:188} INFO - [2026-03-29T21:43:15.376+0000] {dagbag.py:545} INFO - Filling up the DagBag from /home/airflow/.local/lib/python3.12/site-packages/airflow/example_dags/example_task_group_decorator.py
[2026-03-29T21:43:15.385+0000] {processor.py:840} INFO - DAG(s) 'example_task_group_decorator' retrieved from /home/airflow/.local/lib/python3.12/site-packages/airflow/example_dags/example_task_group_decorator.py
[2026-03-29T21:43:15.403+0000] {logging_mixin.py:188} INFO - [2026-03-29T21:43:15.403+0000] {dag.py:3089} INFO - Sync 1 DAGs
[2026-03-29T21:43:15.418+0000] {logging_mixin.py:188} INFO - [2026-03-29T21:43:15.418+0000] {dag.py:3947} INFO - Setting next_dagrun for example_task_group_decorator to 2026-03-28 00:00:00+00:00, run_after=2026-03-29 00:00:00+00:00
[2026-03-29T21:43:15.429+0000] {processor.py:183} INFO - Processing /home/airflow/.local/lib/python3.12/site-packages/airflow/example_dags/example_task_group_decorator.py took 0.059 seconds
[2026-03-29T21:43:45.934+0000] {processor.py:161} INFO - Started process (PID=1383) to work on /home/airflow/.local/lib/python3.12/site-packages/airflow/example_dags/example_task_group_decorator.py
[2026-03-29T21:43:45.935+0000] {processor.py:830} INFO - Processing file /home/airflow/.local/lib/python3.12/site-packages/airflow/example_dags/example_task_group_decorator.py for tasks to queue
[2026-03-29T21:43:45.937+0000] {logging_mixin.py:188} INFO - [2026-03-29T21:43:45.936+0000] {dagbag.py:545} INFO - Filling up the DagBag from /home/airflow/.local/lib/python3.12/site-packages/airflow/example_dags/example_task_group_decorator.py
[2026-03-29T21:43:45.954+0000] {processor.py:840} INFO - DAG(s) 'example_task_group_decorator' retrieved from /home/airflow/.local/lib/python3.12/site-packages/airflow/example_dags/example_task_group_decorator.py
[2026-03-29T21:43:45.976+0000] {logging_mixin.py:188} INFO - [2026-03-29T21:43:45.976+0000] {dag.py:3089} INFO - Sync 1 DAGs
[2026-03-29T21:43:45.996+0000] {logging_mixin.py:188} INFO - [2026-03-29T21:43:45.996+0000] {dag.py:3947} INFO - Setting next_dagrun for example_task_group_decorator to 2026-03-28 00:00:00+00:00, run_after=2026-03-29 00:00:00+00:00
[2026-03-29T21:43:46.011+0000] {processor.py:183} INFO - Processing /home/airflow/.local/lib/python3.12/site-packages/airflow/example_dags/example_task_group_decorator.py took 0.086 seconds
[2026-03-29T21:44:16.230+0000] {processor.py:161} INFO - Started process (PID=1435) to work on /home/airflow/.local/lib/python3.12/site-packages/airflow/example_dags/example_task_group_decorator.py
[2026-03-29T21:44:16.232+0000] {processor.py:830} INFO - Processing file /home/airflow/.local/lib/python3.12/site-packages/airflow/example_dags/example_task_group_decorator.py for tasks to queue
[2026-03-29T21:44:16.235+0000] {logging_mixin.py:188} INFO - [2026-03-29T21:44:16.235+0000] {dagbag.py:545} INFO - Filling up the DagBag from /home/airflow/.local/lib/python3.12/site-packages/airflow/example_dags/example_task_group_decorator.py
[2026-03-29T21:44:16.248+0000] {processor.py:840} INFO - DAG(s) 'example_task_group_decorator' retrieved from /home/airflow/.local/lib/python3.12/site-packages/airflow/example_dags/example_task_group_decorator.py
[2026-03-29T21:44:16.271+0000] {logging_mixin.py:188} INFO - [2026-03-29T21:44:16.271+0000] {dag.py:3089} INFO - Sync 1 DAGs
[2026-03-29T21:44:16.289+0000] {logging_mixin.py:188} INFO - [2026-03-29T21:44:16.289+0000] {dag.py:3947} INFO - Setting next_dagrun for example_task_group_decorator to 2026-03-28 00:00:00+00:00, run_after=2026-03-29 00:00:00+00:00
[2026-03-29T21:44:16.318+0000] {processor.py:183} INFO - Processing /home/airflow/.local/lib/python3.12/site-packages/airflow/example_dags/example_task_group_decorator.py took 0.094 seconds
[2026-03-29T21:44:47.563+0000] {processor.py:161} INFO - Started process (PID=1487) to work on /home/airflow/.local/lib/python3.12/site-packages/airflow/example_dags/example_task_group_decorator.py
[2026-03-29T21:44:47.564+0000] {processor.py:830} INFO - Processing file /home/airflow/.local/lib/python3.12/site-packages/airflow/example_dags/example_task_group_decorator.py for tasks to queue
[2026-03-29T21:44:47.565+0000] {logging_mixin.py:188} INFO - [2026-03-29T21:44:47.565+0000] {dagbag.py:545} INFO - Filling up the DagBag from /home/airflow/.local/lib/python3.12/site-packages/airflow/example_dags/example_task_group_decorator.py
[2026-03-29T21:44:47.577+0000] {processor.py:840} INFO - DAG(s) 'example_task_group_decorator' retrieved from /home/airflow/.local/lib/python3.12/site-packages/airflow/example_dags/example_task_group_decorator.py
[2026-03-29T21:44:47.598+0000] {logging_mixin.py:188} INFO - [2026-03-29T21:44:47.598+0000] {dag.py:3089} INFO - Sync 1 DAGs
[2026-03-29T21:44:47.620+0000] {logging_mixin.py:188} INFO - [2026-03-29T21:44:47.620+0000] {dag.py:3947} INFO - Setting next_dagrun for example_task_group_decorator to 2026-03-28 00:00:00+00:00, run_after=2026-03-29 00:00:00+00:00
[2026-03-29T21:44:47.633+0000] {processor.py:183} INFO - Processing /home/airflow/.local/lib/python3.12/site-packages/airflow/example_dags/example_task_group_decorator.py took 0.074 seconds
[2026-03-29T21:45:18.756+0000] {processor.py:161} INFO - Started process (PID=1539) to work on /home/airflow/.local/lib/python3.12/site-packages/airflow/example_dags/example_task_group_decorator.py
[2026-03-29T21:45:18.757+0000] {processor.py:830} INFO - Processing file /home/airflow/.local/lib/python3.12/site-packages/airflow/example_dags/example_task_group_decorator.py for tasks to queue
[2026-03-29T21:45:18.760+0000] {logging_mixin.py:188} INFO - [2026-03-29T21:45:18.759+0000] {dagbag.py:545} INFO - Filling up the DagBag from /home/airflow/.local/lib/python3.12/site-packages/airflow/example_dags/example_task_group_decorator.py
[2026-03-29T21:45:18.777+0000] {processor.py:840} INFO - DAG(s) 'example_task_group_decorator' retrieved from /home/airflow/.local/lib/python3.12/site-packages/airflow/example_dags/example_task_group_decorator.py
[2026-03-29T21:45:18.813+0000] {logging_mixin.py:188} INFO - [2026-03-29T21:45:18.813+0000] {dag.py:3089} INFO - Sync 1 DAGs
[2026-03-29T21:45:18.835+0000] {logging_mixin.py:188} INFO - [2026-03-29T21:45:18.835+0000] {dag.py:3947} INFO - Setting next_dagrun for example_task_group_decorator to 2026-03-28 00:00:00+00:00, run_after=2026-03-29 00:00:00+00:00
[2026-03-29T21:45:18.858+0000] {processor.py:183} INFO - Processing /home/airflow/.local/lib/python3.12/site-packages/airflow/example_dags/example_task_group_decorator.py took 0.109 seconds
[2026-03-29T21:45:49.825+0000] {processor.py:161} INFO - Started process (PID=1591) to work on /home/airflow/.local/lib/python3.12/site-packages/airflow/example_dags/example_task_group_decorator.py
[2026-03-29T21:45:49.826+0000] {processor.py:830} INFO - Processing file /home/airflow/.local/lib/python3.12/site-packages/airflow/example_dags/example_task_group_decorator.py for tasks to queue
[2026-03-29T21:45:49.827+0000] {logging_mixin.py:188} INFO - [2026-03-29T21:45:49.827+0000] {dagbag.py:545} INFO - Filling up the DagBag from /home/airflow/.local/lib/python3.12/site-packages/airflow/example_dags/example_task_group_decorator.py
[2026-03-29T21:45:49.847+0000] {processor.py:840} INFO - DAG(s) 'example_task_group_decorator' retrieved from /home/airflow/.local/lib/python3.12/site-packages/airflow/example_dags/example_task_group_decorator.py
[2026-03-29T21:45:49.869+0000] {logging_mixin.py:188} INFO - [2026-03-29T21:45:49.869+0000] {dag.py:3089} INFO - Sync 1 DAGs
[2026-03-29T21:45:49.887+0000] {logging_mixin.py:188} INFO - [2026-03-29T21:45:49.887+0000] {dag.py:3947} INFO - Setting next_dagrun for example_task_group_decorator to 2026-03-28 00:00:00+00:00, run_after=2026-03-29 00:00:00+00:00
[2026-03-29T21:45:49.901+0000] {processor.py:183} INFO - Processing /home/airflow/.local/lib/python3.12/site-packages/airflow/example_dags/example_task_group_decorator.py took 0.081 seconds
[2026-03-29T21:46:20.987+0000] {processor.py:161} INFO - Started process (PID=1643) to work on /home/airflow/.local/lib/python3.12/site-packages/airflow/example_dags/example_task_group_decorator.py
[2026-03-29T21:46:20.988+0000] {processor.py:830} INFO - Processing file /home/airflow/.local/lib/python3.12/site-packages/airflow/example_dags/example_task_group_decorator.py for tasks to queue
[2026-03-29T21:46:20.989+0000] {logging_mixin.py:188} INFO - [2026-03-29T21:46:20.989+0000] {dagbag.py:545} INFO - Filling up the DagBag from /home/airflow/.local/lib/python3.12/site-packages/airflow/example_dags/example_task_group_decorator.py
[2026-03-29T21:46:20.999+0000] {processor.py:840} INFO - DAG(s) 'example_task_group_decorator' retrieved from /home/airflow/.local/lib/python3.12/site-packages/airflow/example_dags/example_task_group_decorator.py
[2026-03-29T21:46:21.017+0000] {logging_mixin.py:188} INFO - [2026-03-29T21:46:21.017+0000] {dag.py:3089} INFO - Sync 1 DAGs
[2026-03-29T21:46:21.033+0000] {logging_mixin.py:188} INFO - [2026-03-29T21:46:21.033+0000] {dag.py:3947} INFO - Setting next_dagrun for example_task_group_decorator to 2026-03-28 00:00:00+00:00, run_after=2026-03-29 00:00:00+00:00
[2026-03-29T21:46:21.045+0000] {processor.py:183} INFO - Processing /home/airflow/.local/lib/python3.12/site-packages/airflow/example_dags/example_task_group_decorator.py took 0.065 seconds
[2026-03-29T21:46:52.401+0000] {processor.py:161} INFO - Started process (PID=1695) to work on /home/airflow/.local/lib/python3.12/site-packages/airflow/example_dags/example_task_group_decorator.py
[2026-03-29T21:46:52.402+0000] {processor.py:830} INFO - Processing file /home/airflow/.local/lib/python3.12/site-packages/airflow/example_dags/example_task_group_decorator.py for tasks to queue
[2026-03-29T21:46:52.405+0000] {logging_mixin.py:188} INFO - [2026-03-29T21:46:52.405+0000] {dagbag.py:545} INFO - Filling up the DagBag from /home/airflow/.local/lib/python3.12/site-packages/airflow/example_dags/example_task_group_decorator.py
[2026-03-29T21:46:52.418+0000] {processor.py:840} INFO - DAG(s) 'example_task_group_decorator' retrieved from /home/airflow/.local/lib/python3.12/site-packages/airflow/example_dags/example_task_group_decorator.py
[2026-03-29T21:46:52.441+0000] {logging_mixin.py:188} INFO - [2026-03-29T21:46:52.441+0000] {dag.py:3089} INFO - Sync 1 DAGs
[2026-03-29T21:46:52.605+0000] {logging_mixin.py:188} INFO - [2026-03-29T21:46:52.605+0000] {dag.py:3947} INFO - Setting next_dagrun for example_task_group_decorator to 2026-03-28 00:00:00+00:00, run_after=2026-03-29 00:00:00+00:00
[2026-03-29T21:46:52.620+0000] {processor.py:183} INFO - Processing /home/airflow/.local/lib/python3.12/site-packages/airflow/example_dags/example_task_group_decorator.py took 0.224 seconds
[2026-03-29T21:47:23.216+0000] {processor.py:161} INFO - Started process (PID=1747) to work on /home/airflow/.local/lib/python3.12/site-packages/airflow/example_dags/example_task_group_decorator.py
[2026-03-29T21:47:23.217+0000] {processor.py:830} INFO - Processing file /home/airflow/.local/lib/python3.12/site-packages/airflow/example_dags/example_task_group_decorator.py for tasks to queue
[2026-03-29T21:47:23.219+0000] {logging_mixin.py:188} INFO - [2026-03-29T21:47:23.218+0000] {dagbag.py:545} INFO - Filling up the DagBag from /home/airflow/.local/lib/python3.12/site-packages/airflow/example_dags/example_task_group_decorator.py
[2026-03-29T21:47:23.229+0000] {processor.py:840} INFO - DAG(s) 'example_task_group_decorator' retrieved from /home/airflow/.local/lib/python3.12/site-packages/airflow/example_dags/example_task_group_decorator.py
[2026-03-29T21:47:23.246+0000] {logging_mixin.py:188} INFO - [2026-03-29T21:47:23.246+0000] {dag.py:3089} INFO - Sync 1 DAGs
[2026-03-29T21:47:23.260+0000] {logging_mixin.py:188} INFO - [2026-03-29T21:47:23.260+0000] {dag.py:3947} INFO - Setting next_dagrun for example_task_group_decorator to 2026-03-28 00:00:00+00:00, run_after=2026-03-29 00:00:00+00:00
[2026-03-29T21:47:23.271+0000] {processor.py:183} INFO - Processing /home/airflow/.local/lib/python3.12/site-packages/airflow/example_dags/example_task_group_decorator.py took 0.061 seconds
[2026-03-29T21:47:54.328+0000] {processor.py:161} INFO - Started process (PID=1799) to work on /home/airflow/.local/lib/python3.12/site-packages/airflow/example_dags/example_task_group_decorator.py
[2026-03-29T21:47:54.329+0000] {processor.py:830} INFO - Processing file /home/airflow/.local/lib/python3.12/site-packages/airflow/example_dags/example_task_group_decorator.py for tasks to queue
[2026-03-29T21:47:54.330+0000] {logging_mixin.py:188} INFO - [2026-03-29T21:47:54.330+0000] {dagbag.py:545} INFO - Filling up the DagBag from /home/airflow/.local/lib/python3.12/site-packages/airflow/example_dags/example_task_group_decorator.py
[2026-03-29T21:47:54.339+0000] {processor.py:840} INFO - DAG(s) 'example_task_group_decorator' retrieved from /home/airflow/.local/lib/python3.12/site-packages/airflow/example_dags/example_task_group_decorator.py
[2026-03-29T21:47:54.361+0000] {logging_mixin.py:188} INFO - [2026-03-29T21:47:54.361+0000] {dag.py:3089} INFO - Sync 1 DAGs
[2026-03-29T21:47:54.376+0000] {logging_mixin.py:188} INFO - [2026-03-29T21:47:54.376+0000] {dag.py:3947} INFO - Setting next_dagrun for example_task_group_decorator to 2026-03-28 00:00:00+00:00, run_after=2026-03-29 00:00:00+00:00
[2026-03-29T21:47:54.388+0000] {processor.py:183} INFO - Processing /home/airflow/.local/lib/python3.12/site-packages/airflow/example_dags/example_task_group_decorator.py took 0.064 seconds
[2026-03-29T21:48:25.204+0000] {processor.py:161} INFO - Started process (PID=1851) to work on /home/airflow/.local/lib/python3.12/site-packages/airflow/example_dags/example_task_group_decorator.py
[2026-03-29T21:48:25.205+0000] {processor.py:830} INFO - Processing file /home/airflow/.local/lib/python3.12/site-packages/airflow/example_dags/example_task_group_decorator.py for tasks to queue
[2026-03-29T21:48:25.206+0000] {logging_mixin.py:188} INFO - [2026-03-29T21:48:25.206+0000] {dagbag.py:545} INFO - Filling up the DagBag from /home/airflow/.local/lib/python3.12/site-packages/airflow/example_dags/example_task_group_decorator.py
[2026-03-29T21:48:25.218+0000] {processor.py:840} INFO - DAG(s) 'example_task_group_decorator' retrieved from /home/airflow/.local/lib/python3.12/site-packages/airflow/example_dags/example_task_group_decorator.py
[2026-03-29T21:48:25.241+0000] {logging_mixin.py:188} INFO - [2026-03-29T21:48:25.240+0000] {dag.py:3089} INFO - Sync 1 DAGs
[2026-03-29T21:48:25.260+0000] {logging_mixin.py:188} INFO - [2026-03-29T21:48:25.260+0000] {dag.py:3947} INFO - Setting next_dagrun for example_task_group_decorator to 2026-03-28 00:00:00+00:00, run_after=2026-03-29 00:00:00+00:00
[2026-03-29T21:48:25.277+0000] {processor.py:183} INFO - Processing /home/airflow/.local/lib/python3.12/site-packages/airflow/example_dags/example_task_group_decorator.py took 0.078 seconds
[2026-03-29T21:48:56.760+0000] {processor.py:161} INFO - Started process (PID=1903) to work on /home/airflow/.local/lib/python3.12/site-packages/airflow/example_dags/example_task_group_decorator.py
[2026-03-29T21:48:56.761+0000] {processor.py:830} INFO - Processing file /home/airflow/.local/lib/python3.12/site-packages/airflow/example_dags/example_task_group_decorator.py for tasks to queue
[2026-03-29T21:48:56.764+0000] {logging_mixin.py:188} INFO - [2026-03-29T21:48:56.764+0000] {dagbag.py:545} INFO - Filling up the DagBag from /home/airflow/.local/lib/python3.12/site-packages/airflow/example_dags/example_task_group_decorator.py
[2026-03-29T21:48:56.808+0000] {processor.py:840} INFO - DAG(s) 'example_task_group_decorator' retrieved from /home/airflow/.local/lib/python3.12/site-packages/airflow/example_dags/example_task_group_decorator.py
[2026-03-29T21:48:56.870+0000] {logging_mixin.py:188} INFO - [2026-03-29T21:48:56.865+0000] {dag.py:3089} INFO - Sync 1 DAGs
[2026-03-29T21:48:57.478+0000] {logging_mixin.py:188} INFO - [2026-03-29T21:48:57.477+0000] {dag.py:3947} INFO - Setting next_dagrun for example_task_group_decorator to 2026-03-28 00:00:00+00:00, run_after=2026-03-29 00:00:00+00:00
[2026-03-29T21:48:57.516+0000] {processor.py:183} INFO - Processing /home/airflow/.local/lib/python3.12/site-packages/airflow/example_dags/example_task_group_decorator.py took 0.762 seconds
[2026-03-29T21:49:27.800+0000] {processor.py:161} INFO - Started process (PID=1955) to work on /home/airflow/.local/lib/python3.12/site-packages/airflow/example_dags/example_task_group_decorator.py
[2026-03-29T21:49:27.801+0000] {processor.py:830} INFO - Processing file /home/airflow/.local/lib/python3.12/site-packages/airflow/example_dags/example_task_group_decorator.py for tasks to queue
[2026-03-29T21:49:27.806+0000] {logging_mixin.py:188} INFO - [2026-03-29T21:49:27.806+0000] {dagbag.py:545} INFO - Filling up the DagBag from /home/airflow/.local/lib/python3.12/site-packages/airflow/example_dags/example_task_group_decorator.py
[2026-03-29T21:49:27.816+0000] {processor.py:840} INFO - DAG(s) 'example_task_group_decorator' retrieved from /home/airflow/.local/lib/python3.12/site-packages/airflow/example_dags/example_task_group_decorator.py
[2026-03-29T21:49:27.840+0000] {logging_mixin.py:188} INFO - [2026-03-29T21:49:27.840+0000] {dag.py:3089} INFO - Sync 1 DAGs
[2026-03-29T21:49:28.025+0000] {logging_mixin.py:188} INFO - [2026-03-29T21:49:28.024+0000] {dag.py:3947} INFO - Setting next_dagrun for example_task_group_decorator to 2026-03-28 00:00:00+00:00, run_after=2026-03-29 00:00:00+00:00
[2026-03-29T21:49:28.043+0000] {processor.py:183} INFO - Processing /home/airflow/.local/lib/python3.12/site-packages/airflow/example_dags/example_task_group_decorator.py took 0.247 seconds
[2026-03-29T21:49:58.931+0000] {processor.py:161} INFO - Started process (PID=2007) to work on /home/airflow/.local/lib/python3.12/site-packages/airflow/example_dags/example_task_group_decorator.py
[2026-03-29T21:49:58.936+0000] {processor.py:830} INFO - Processing file /home/airflow/.local/lib/python3.12/site-packages/airflow/example_dags/example_task_group_decorator.py for tasks to queue
[2026-03-29T21:49:58.937+0000] {logging_mixin.py:188} INFO - [2026-03-29T21:49:58.937+0000] {dagbag.py:545} INFO - Filling up the DagBag from /home/airflow/.local/lib/python3.12/site-packages/airflow/example_dags/example_task_group_decorator.py
[2026-03-29T21:49:58.953+0000] {processor.py:840} INFO - DAG(s) 'example_task_group_decorator' retrieved from /home/airflow/.local/lib/python3.12/site-packages/airflow/example_dags/example_task_group_decorator.py
[2026-03-29T21:49:58.985+0000] {logging_mixin.py:188} INFO - [2026-03-29T21:49:58.985+0000] {dag.py:3089} INFO - Sync 1 DAGs
[2026-03-29T21:49:59.004+0000] {logging_mixin.py:188} INFO - [2026-03-29T21:49:59.004+0000] {dag.py:3947} INFO - Setting next_dagrun for example_task_group_decorator to 2026-03-28 00:00:00+00:00, run_after=2026-03-29 00:00:00+00:00
[2026-03-29T21:49:59.019+0000] {processor.py:183} INFO - Processing /home/airflow/.local/lib/python3.12/site-packages/airflow/example_dags/example_task_group_decorator.py took 0.098 seconds
[2026-03-29T21:50:29.064+0000] {processor.py:161} INFO - Started process (PID=2059) to work on /home/airflow/.local/lib/python3.12/site-packages/airflow/example_dags/example_task_group_decorator.py
[2026-03-29T21:50:29.065+0000] {processor.py:830} INFO - Processing file /home/airflow/.local/lib/python3.12/site-packages/airflow/example_dags/example_task_group_decorator.py for tasks to queue
[2026-03-29T21:50:29.067+0000] {logging_mixin.py:188} INFO - [2026-03-29T21:50:29.067+0000] {dagbag.py:545} INFO - Filling up the DagBag from /home/airflow/.local/lib/python3.12/site-packages/airflow/example_dags/example_task_group_decorator.py
[2026-03-29T21:50:29.083+0000] {processor.py:840} INFO - DAG(s) 'example_task_group_decorator' retrieved from /home/airflow/.local/lib/python3.12/site-packages/airflow/example_dags/example_task_group_decorator.py
[2026-03-29T21:50:29.111+0000] {logging_mixin.py:188} INFO - [2026-03-29T21:50:29.111+0000] {dag.py:3089} INFO - Sync 1 DAGs
[2026-03-29T21:50:29.139+0000] {logging_mixin.py:188} INFO - [2026-03-29T21:50:29.139+0000] {dag.py:3947} INFO - Setting next_dagrun for example_task_group_decorator to 2026-03-28 00:00:00+00:00, run_after=2026-03-29 00:00:00+00:00
[2026-03-29T21:50:29.162+0000] {processor.py:183} INFO - Processing /home/airflow/.local/lib/python3.12/site-packages/airflow/example_dags/example_task_group_decorator.py took 0.105 seconds
[2026-03-29T21:50:59.383+0000] {processor.py:161} INFO - Started process (PID=2111) to work on /home/airflow/.local/lib/python3.12/site-packages/airflow/example_dags/example_task_group_decorator.py
[2026-03-29T21:50:59.385+0000] {processor.py:830} INFO - Processing file /home/airflow/.local/lib/python3.12/site-packages/airflow/example_dags/example_task_group_decorator.py for tasks to queue
[2026-03-29T21:50:59.388+0000] {logging_mixin.py:188} INFO - [2026-03-29T21:50:59.387+0000] {dagbag.py:545} INFO - Filling up the DagBag from /home/airflow/.local/lib/python3.12/site-packages/airflow/example_dags/example_task_group_decorator.py
[2026-03-29T21:50:59.404+0000] {processor.py:840} INFO - DAG(s) 'example_task_group_decorator' retrieved from /home/airflow/.local/lib/python3.12/site-packages/airflow/example_dags/example_task_group_decorator.py
[2026-03-29T21:50:59.437+0000] {logging_mixin.py:188} INFO - [2026-03-29T21:50:59.436+0000] {dag.py:3089} INFO - Sync 1 DAGs
[2026-03-29T21:50:59.462+0000] {logging_mixin.py:188} INFO - [2026-03-29T21:50:59.462+0000] {dag.py:3947} INFO - Setting next_dagrun for example_task_group_decorator to 2026-03-28 00:00:00+00:00, run_after=2026-03-29 00:00:00+00:00
[2026-03-29T21:50:59.478+0000] {processor.py:183} INFO - Processing /home/airflow/.local/lib/python3.12/site-packages/airflow/example_dags/example_task_group_decorator.py took 0.100 seconds
[2026-03-29T21:51:30.491+0000] {processor.py:161} INFO - Started process (PID=2163) to work on /home/airflow/.local/lib/python3.12/site-packages/airflow/example_dags/example_task_group_decorator.py
[2026-03-29T21:51:30.492+0000] {processor.py:830} INFO - Processing file /home/airflow/.local/lib/python3.12/site-packages/airflow/example_dags/example_task_group_decorator.py for tasks to queue
[2026-03-29T21:51:30.494+0000] {logging_mixin.py:188} INFO - [2026-03-29T21:51:30.493+0000] {dagbag.py:545} INFO - Filling up the DagBag from /home/airflow/.local/lib/python3.12/site-packages/airflow/example_dags/example_task_group_decorator.py
[2026-03-29T21:51:30.506+0000] {processor.py:840} INFO - DAG(s) 'example_task_group_decorator' retrieved from /home/airflow/.local/lib/python3.12/site-packages/airflow/example_dags/example_task_group_decorator.py
[2026-03-29T21:51:30.529+0000] {logging_mixin.py:188} INFO - [2026-03-29T21:51:30.529+0000] {dag.py:3089} INFO - Sync 1 DAGs
[2026-03-29T21:51:30.554+0000] {logging_mixin.py:188} INFO - [2026-03-29T21:51:30.554+0000] {dag.py:3947} INFO - Setting next_dagrun for example_task_group_decorator to 2026-03-28 00:00:00+00:00, run_after=2026-03-29 00:00:00+00:00
[2026-03-29T21:51:30.574+0000] {processor.py:183} INFO - Processing /home/airflow/.local/lib/python3.12/site-packages/airflow/example_dags/example_task_group_decorator.py took 0.088 seconds
[2026-03-29T21:52:00.856+0000] {processor.py:161} INFO - Started process (PID=2215) to work on /home/airflow/.local/lib/python3.12/site-packages/airflow/example_dags/example_task_group_decorator.py
[2026-03-29T21:52:00.857+0000] {processor.py:830} INFO - Processing file /home/airflow/.local/lib/python3.12/site-packages/airflow/example_dags/example_task_group_decorator.py for tasks to queue
[2026-03-29T21:52:00.859+0000] {logging_mixin.py:188} INFO - [2026-03-29T21:52:00.859+0000] {dagbag.py:545} INFO - Filling up the DagBag from /home/airflow/.local/lib/python3.12/site-packages/airflow/example_dags/example_task_group_decorator.py
[2026-03-29T21:52:00.871+0000] {processor.py:840} INFO - DAG(s) 'example_task_group_decorator' retrieved from /home/airflow/.local/lib/python3.12/site-packages/airflow/example_dags/example_task_group_decorator.py
[2026-03-29T21:52:00.896+0000] {logging_mixin.py:188} INFO - [2026-03-29T21:52:00.896+0000] {dag.py:3089} INFO - Sync 1 DAGs
[2026-03-29T21:52:00.917+0000] {logging_mixin.py:188} INFO - [2026-03-29T21:52:00.917+0000] {dag.py:3947} INFO - Setting next_dagrun for example_task_group_decorator to 2026-03-28 00:00:00+00:00, run_after=2026-03-29 00:00:00+00:00
[2026-03-29T21:52:00.933+0000] {processor.py:183} INFO - Processing /home/airflow/.local/lib/python3.12/site-packages/airflow/example_dags/example_task_group_decorator.py took 0.082 seconds
[2026-03-29T21:52:31.282+0000] {processor.py:161} INFO - Started process (PID=2267) to work on /home/airflow/.local/lib/python3.12/site-packages/airflow/example_dags/example_task_group_decorator.py
[2026-03-29T21:52:31.283+0000] {processor.py:830} INFO - Processing file /home/airflow/.local/lib/python3.12/site-packages/airflow/example_dags/example_task_group_decorator.py for tasks to queue
[2026-03-29T21:52:31.284+0000] {logging_mixin.py:188} INFO - [2026-03-29T21:52:31.284+0000] {dagbag.py:545} INFO - Filling up the DagBag from /home/airflow/.local/lib/python3.12/site-packages/airflow/example_dags/example_task_group_decorator.py
[2026-03-29T21:52:31.294+0000] {processor.py:840} INFO - DAG(s) 'example_task_group_decorator' retrieved from /home/airflow/.local/lib/python3.12/site-packages/airflow/example_dags/example_task_group_decorator.py
[2026-03-29T21:52:31.312+0000] {logging_mixin.py:188} INFO - [2026-03-29T21:52:31.312+0000] {dag.py:3089} INFO - Sync 1 DAGs
[2026-03-29T21:52:31.328+0000] {logging_mixin.py:188} INFO - [2026-03-29T21:52:31.327+0000] {dag.py:3947} INFO - Setting next_dagrun for example_task_group_decorator to 2026-03-28 00:00:00+00:00, run_after=2026-03-29 00:00:00+00:00
[2026-03-29T21:52:31.339+0000] {processor.py:183} INFO - Processing /home/airflow/.local/lib/python3.12/site-packages/airflow/example_dags/example_task_group_decorator.py took 0.061 seconds
[2026-03-29T21:53:01.726+0000] {processor.py:161} INFO - Started process (PID=2319) to work on /home/airflow/.local/lib/python3.12/site-packages/airflow/example_dags/example_task_group_decorator.py
[2026-03-29T21:53:01.728+0000] {processor.py:830} INFO - Processing file /home/airflow/.local/lib/python3.12/site-packages/airflow/example_dags/example_task_group_decorator.py for tasks to queue
[2026-03-29T21:53:01.729+0000] {logging_mixin.py:188} INFO - [2026-03-29T21:53:01.729+0000] {dagbag.py:545} INFO - Filling up the DagBag from /home/airflow/.local/lib/python3.12/site-packages/airflow/example_dags/example_task_group_decorator.py
[2026-03-29T21:53:01.749+0000] {processor.py:840} INFO - DAG(s) 'example_task_group_decorator' retrieved from /home/airflow/.local/lib/python3.12/site-packages/airflow/example_dags/example_task_group_decorator.py
[2026-03-29T21:53:01.778+0000] {logging_mixin.py:188} INFO - [2026-03-29T21:53:01.777+0000] {dag.py:3089} INFO - Sync 1 DAGs
[2026-03-29T21:53:01.803+0000] {logging_mixin.py:188} INFO - [2026-03-29T21:53:01.803+0000] {dag.py:3947} INFO - Setting next_dagrun for example_task_group_decorator to 2026-03-28 00:00:00+00:00, run_after=2026-03-29 00:00:00+00:00
[2026-03-29T21:53:01.822+0000] {processor.py:183} INFO - Processing /home/airflow/.local/lib/python3.12/site-packages/airflow/example_dags/example_task_group_decorator.py took 0.106 seconds
[2026-03-29T21:53:32.260+0000] {processor.py:161} INFO - Started process (PID=2371) to work on /home/airflow/.local/lib/python3.12/site-packages/airflow/example_dags/example_task_group_decorator.py
[2026-03-29T21:53:32.261+0000] {processor.py:830} INFO - Processing file /home/airflow/.local/lib/python3.12/site-packages/airflow/example_dags/example_task_group_decorator.py for tasks to queue
[2026-03-29T21:53:32.262+0000] {logging_mixin.py:188} INFO - [2026-03-29T21:53:32.262+0000] {dagbag.py:545} INFO - Filling up the DagBag from /home/airflow/.local/lib/python3.12/site-packages/airflow/example_dags/example_task_group_decorator.py
[2026-03-29T21:53:32.272+0000] {processor.py:840} INFO - DAG(s) 'example_task_group_decorator' retrieved from /home/airflow/.local/lib/python3.12/site-packages/airflow/example_dags/example_task_group_decorator.py
[2026-03-29T21:53:32.289+0000] {logging_mixin.py:188} INFO - [2026-03-29T21:53:32.288+0000] {dag.py:3089} INFO - Sync 1 DAGs
[2026-03-29T21:53:32.304+0000] {logging_mixin.py:188} INFO - [2026-03-29T21:53:32.304+0000] {dag.py:3947} INFO - Setting next_dagrun for example_task_group_decorator to 2026-03-28 00:00:00+00:00, run_after=2026-03-29 00:00:00+00:00
[2026-03-29T21:53:32.316+0000] {processor.py:183} INFO - Processing /home/airflow/.local/lib/python3.12/site-packages/airflow/example_dags/example_task_group_decorator.py took 0.061 seconds
[2026-03-29T21:54:03.430+0000] {processor.py:161} INFO - Started process (PID=2423) to work on /home/airflow/.local/lib/python3.12/site-packages/airflow/example_dags/example_task_group_decorator.py
[2026-03-29T21:54:03.431+0000] {processor.py:830} INFO - Processing file /home/airflow/.local/lib/python3.12/site-packages/airflow/example_dags/example_task_group_decorator.py for tasks to queue
[2026-03-29T21:54:03.433+0000] {logging_mixin.py:188} INFO - [2026-03-29T21:54:03.433+0000] {dagbag.py:545} INFO - Filling up the DagBag from /home/airflow/.local/lib/python3.12/site-packages/airflow/example_dags/example_task_group_decorator.py
[2026-03-29T21:54:03.446+0000] {processor.py:840} INFO - DAG(s) 'example_task_group_decorator' retrieved from /home/airflow/.local/lib/python3.12/site-packages/airflow/example_dags/example_task_group_decorator.py
[2026-03-29T21:54:03.473+0000] {logging_mixin.py:188} INFO - [2026-03-29T21:54:03.473+0000] {dag.py:3089} INFO - Sync 1 DAGs
[2026-03-29T21:54:03.502+0000] {logging_mixin.py:188} INFO - [2026-03-29T21:54:03.501+0000] {dag.py:3947} INFO - Setting next_dagrun for example_task_group_decorator to 2026-03-28 00:00:00+00:00, run_after=2026-03-29 00:00:00+00:00
[2026-03-29T21:54:03.524+0000] {processor.py:183} INFO - Processing /home/airflow/.local/lib/python3.12/site-packages/airflow/example_dags/example_task_group_decorator.py took 0.100 seconds
[2026-03-29T21:54:34.102+0000] {processor.py:161} INFO - Started process (PID=2475) to work on /home/airflow/.local/lib/python3.12/site-packages/airflow/example_dags/example_task_group_decorator.py
[2026-03-29T21:54:34.103+0000] {processor.py:830} INFO - Processing file /home/airflow/.local/lib/python3.12/site-packages/airflow/example_dags/example_task_group_decorator.py for tasks to queue
[2026-03-29T21:54:34.104+0000] {logging_mixin.py:188} INFO - [2026-03-29T21:54:34.104+0000] {dagbag.py:545} INFO - Filling up the DagBag from /home/airflow/.local/lib/python3.12/site-packages/airflow/example_dags/example_task_group_decorator.py
[2026-03-29T21:54:34.114+0000] {processor.py:840} INFO - DAG(s) 'example_task_group_decorator' retrieved from /home/airflow/.local/lib/python3.12/site-packages/airflow/example_dags/example_task_group_decorator.py
[2026-03-29T21:54:34.130+0000] {logging_mixin.py:188} INFO - [2026-03-29T21:54:34.130+0000] {dag.py:3089} INFO - Sync 1 DAGs
[2026-03-29T21:54:34.145+0000] {logging_mixin.py:188} INFO - [2026-03-29T21:54:34.145+0000] {dag.py:3947} INFO - Setting next_dagrun for example_task_group_decorator to 2026-03-28 00:00:00+00:00, run_after=2026-03-29 00:00:00+00:00
[2026-03-29T21:54:34.156+0000] {processor.py:183} INFO - Processing /home/airflow/.local/lib/python3.12/site-packages/airflow/example_dags/example_task_group_decorator.py took 0.059 seconds
[2026-03-29T21:55:04.475+0000] {processor.py:161} INFO - Started process (PID=2527) to work on /home/airflow/.local/lib/python3.12/site-packages/airflow/example_dags/example_task_group_decorator.py
[2026-03-29T21:55:04.476+0000] {processor.py:830} INFO - Processing file /home/airflow/.local/lib/python3.12/site-packages/airflow/example_dags/example_task_group_decorator.py for tasks to queue
[2026-03-29T21:55:04.478+0000] {logging_mixin.py:188} INFO - [2026-03-29T21:55:04.477+0000] {dagbag.py:545} INFO - Filling up the DagBag from /home/airflow/.local/lib/python3.12/site-packages/airflow/example_dags/example_task_group_decorator.py
[2026-03-29T21:55:04.488+0000] {processor.py:840} INFO - DAG(s) 'example_task_group_decorator' retrieved from /home/airflow/.local/lib/python3.12/site-packages/airflow/example_dags/example_task_group_decorator.py
[2026-03-29T21:55:04.513+0000] {logging_mixin.py:188} INFO - [2026-03-29T21:55:04.513+0000] {dag.py:3089} INFO - Sync 1 DAGs
[2026-03-29T21:55:04.528+0000] {logging_mixin.py:188} INFO - [2026-03-29T21:55:04.528+0000] {dag.py:3947} INFO - Setting next_dagrun for example_task_group_decorator to 2026-03-28 00:00:00+00:00, run_after=2026-03-29 00:00:00+00:00
[2026-03-29T21:55:04.548+0000] {processor.py:183} INFO - Processing /home/airflow/.local/lib/python3.12/site-packages/airflow/example_dags/example_task_group_decorator.py took 0.077 seconds
[2026-03-29T21:55:35.186+0000] {processor.py:161} INFO - Started process (PID=2579) to work on /home/airflow/.local/lib/python3.12/site-packages/airflow/example_dags/example_task_group_decorator.py
[2026-03-29T21:55:35.187+0000] {processor.py:830} INFO - Processing file /home/airflow/.local/lib/python3.12/site-packages/airflow/example_dags/example_task_group_decorator.py for tasks to queue
[2026-03-29T21:55:35.188+0000] {logging_mixin.py:188} INFO - [2026-03-29T21:55:35.188+0000] {dagbag.py:545} INFO - Filling up the DagBag from /home/airflow/.local/lib/python3.12/site-packages/airflow/example_dags/example_task_group_decorator.py
[2026-03-29T21:55:35.198+0000] {processor.py:840} INFO - DAG(s) 'example_task_group_decorator' retrieved from /home/airflow/.local/lib/python3.12/site-packages/airflow/example_dags/example_task_group_decorator.py
[2026-03-29T21:55:35.217+0000] {logging_mixin.py:188} INFO - [2026-03-29T21:55:35.217+0000] {dag.py:3089} INFO - Sync 1 DAGs
[2026-03-29T21:55:35.232+0000] {logging_mixin.py:188} INFO - [2026-03-29T21:55:35.232+0000] {dag.py:3947} INFO - Setting next_dagrun for example_task_group_decorator to 2026-03-28 00:00:00+00:00, run_after=2026-03-29 00:00:00+00:00
[2026-03-29T21:55:35.243+0000] {processor.py:183} INFO - Processing /home/airflow/.local/lib/python3.12/site-packages/airflow/example_dags/example_task_group_decorator.py took 0.067 seconds
[2026-03-29T21:56:05.589+0000] {processor.py:161} INFO - Started process (PID=2631) to work on /home/airflow/.local/lib/python3.12/site-packages/airflow/example_dags/example_task_group_decorator.py
[2026-03-29T21:56:05.589+0000] {processor.py:830} INFO - Processing file /home/airflow/.local/lib/python3.12/site-packages/airflow/example_dags/example_task_group_decorator.py for tasks to queue
[2026-03-29T21:56:05.591+0000] {logging_mixin.py:188} INFO - [2026-03-29T21:56:05.591+0000] {dagbag.py:545} INFO - Filling up the DagBag from /home/airflow/.local/lib/python3.12/site-packages/airflow/example_dags/example_task_group_decorator.py
[2026-03-29T21:56:05.607+0000] {processor.py:840} INFO - DAG(s) 'example_task_group_decorator' retrieved from /home/airflow/.local/lib/python3.12/site-packages/airflow/example_dags/example_task_group_decorator.py
[2026-03-29T21:56:05.628+0000] {logging_mixin.py:188} INFO - [2026-03-29T21:56:05.628+0000] {dag.py:3089} INFO - Sync 1 DAGs
[2026-03-29T21:56:05.647+0000] {logging_mixin.py:188} INFO - [2026-03-29T21:56:05.647+0000] {dag.py:3947} INFO - Setting next_dagrun for example_task_group_decorator to 2026-03-28 00:00:00+00:00, run_after=2026-03-29 00:00:00+00:00
[2026-03-29T21:56:05.662+0000] {processor.py:183} INFO - Processing /home/airflow/.local/lib/python3.12/site-packages/airflow/example_dags/example_task_group_decorator.py took 0.078 seconds
[2026-03-29T21:56:36.156+0000] {processor.py:161} INFO - Started process (PID=2683) to work on /home/airflow/.local/lib/python3.12/site-packages/airflow/example_dags/example_task_group_decorator.py
[2026-03-29T21:56:36.157+0000] {processor.py:830} INFO - Processing file /home/airflow/.local/lib/python3.12/site-packages/airflow/example_dags/example_task_group_decorator.py for tasks to queue
[2026-03-29T21:56:36.158+0000] {logging_mixin.py:188} INFO - [2026-03-29T21:56:36.158+0000] {dagbag.py:545} INFO - Filling up the DagBag from /home/airflow/.local/lib/python3.12/site-packages/airflow/example_dags/example_task_group_decorator.py
[2026-03-29T21:56:36.179+0000] {processor.py:840} INFO - DAG(s) 'example_task_group_decorator' retrieved from /home/airflow/.local/lib/python3.12/site-packages/airflow/example_dags/example_task_group_decorator.py
[2026-03-29T21:56:36.208+0000] {logging_mixin.py:188} INFO - [2026-03-29T21:56:36.207+0000] {dag.py:3089} INFO - Sync 1 DAGs
[2026-03-29T21:56:36.227+0000] {logging_mixin.py:188} INFO - [2026-03-29T21:56:36.227+0000] {dag.py:3947} INFO - Setting next_dagrun for example_task_group_decorator to 2026-03-28 00:00:00+00:00, run_after=2026-03-29 00:00:00+00:00
[2026-03-29T21:56:36.320+0000] {processor.py:183} INFO - Processing /home/airflow/.local/lib/python3.12/site-packages/airflow/example_dags/example_task_group_decorator.py took 0.172 seconds
[2026-03-29T21:57:06.934+0000] {processor.py:161} INFO - Started process (PID=2735) to work on /home/airflow/.local/lib/python3.12/site-packages/airflow/example_dags/example_task_group_decorator.py
[2026-03-29T21:57:06.935+0000] {processor.py:830} INFO - Processing file /home/airflow/.local/lib/python3.12/site-packages/airflow/example_dags/example_task_group_decorator.py for tasks to queue
[2026-03-29T21:57:06.937+0000] {logging_mixin.py:188} INFO - [2026-03-29T21:57:06.936+0000] {dagbag.py:545} INFO - Filling up the DagBag from /home/airflow/.local/lib/python3.12/site-packages/airflow/example_dags/example_task_group_decorator.py
[2026-03-29T21:57:06.948+0000] {processor.py:840} INFO - DAG(s) 'example_task_group_decorator' retrieved from /home/airflow/.local/lib/python3.12/site-packages/airflow/example_dags/example_task_group_decorator.py
[2026-03-29T21:57:06.967+0000] {logging_mixin.py:188} INFO - [2026-03-29T21:57:06.967+0000] {dag.py:3089} INFO - Sync 1 DAGs
[2026-03-29T21:57:06.984+0000] {logging_mixin.py:188} INFO - [2026-03-29T21:57:06.984+0000] {dag.py:3947} INFO - Setting next_dagrun for example_task_group_decorator to 2026-03-28 00:00:00+00:00, run_after=2026-03-29 00:00:00+00:00
[2026-03-29T21:57:06.997+0000] {processor.py:183} INFO - Processing /home/airflow/.local/lib/python3.12/site-packages/airflow/example_dags/example_task_group_decorator.py took 0.068 seconds
[2026-03-29T21:57:37.332+0000] {processor.py:161} INFO - Started process (PID=2787) to work on /home/airflow/.local/lib/python3.12/site-packages/airflow/example_dags/example_task_group_decorator.py
[2026-03-29T21:57:37.333+0000] {processor.py:830} INFO - Processing file /home/airflow/.local/lib/python3.12/site-packages/airflow/example_dags/example_task_group_decorator.py for tasks to queue
[2026-03-29T21:57:37.335+0000] {logging_mixin.py:188} INFO - [2026-03-29T21:57:37.335+0000] {dagbag.py:545} INFO - Filling up the DagBag from /home/airflow/.local/lib/python3.12/site-packages/airflow/example_dags/example_task_group_decorator.py
[2026-03-29T21:57:37.347+0000] {processor.py:840} INFO - DAG(s) 'example_task_group_decorator' retrieved from /home/airflow/.local/lib/python3.12/site-packages/airflow/example_dags/example_task_group_decorator.py
[2026-03-29T21:57:37.366+0000] {logging_mixin.py:188} INFO - [2026-03-29T21:57:37.365+0000] {dag.py:3089} INFO - Sync 1 DAGs
[2026-03-29T21:57:37.381+0000] {logging_mixin.py:188} INFO - [2026-03-29T21:57:37.381+0000] {dag.py:3947} INFO - Setting next_dagrun for example_task_group_decorator to 2026-03-28 00:00:00+00:00, run_after=2026-03-29 00:00:00+00:00
[2026-03-29T21:57:37.393+0000] {processor.py:183} INFO - Processing /home/airflow/.local/lib/python3.12/site-packages/airflow/example_dags/example_task_group_decorator.py took 0.067 seconds
[2026-03-29T21:58:08.256+0000] {processor.py:161} INFO - Started process (PID=2839) to work on /home/airflow/.local/lib/python3.12/site-packages/airflow/example_dags/example_task_group_decorator.py
[2026-03-29T21:58:08.257+0000] {processor.py:830} INFO - Processing file /home/airflow/.local/lib/python3.12/site-packages/airflow/example_dags/example_task_group_decorator.py for tasks to queue
[2026-03-29T21:58:08.258+0000] {logging_mixin.py:188} INFO - [2026-03-29T21:58:08.258+0000] {dagbag.py:545} INFO - Filling up the DagBag from /home/airflow/.local/lib/python3.12/site-packages/airflow/example_dags/example_task_group_decorator.py
[2026-03-29T21:58:08.268+0000] {processor.py:840} INFO - DAG(s) 'example_task_group_decorator' retrieved from /home/airflow/.local/lib/python3.12/site-packages/airflow/example_dags/example_task_group_decorator.py
[2026-03-29T21:58:08.286+0000] {logging_mixin.py:188} INFO - [2026-03-29T21:58:08.285+0000] {dag.py:3089} INFO - Sync 1 DAGs
[2026-03-29T21:58:08.300+0000] {logging_mixin.py:188} INFO - [2026-03-29T21:58:08.300+0000] {dag.py:3947} INFO - Setting next_dagrun for example_task_group_decorator to 2026-03-28 00:00:00+00:00, run_after=2026-03-29 00:00:00+00:00
[2026-03-29T21:58:08.312+0000] {processor.py:183} INFO - Processing /home/airflow/.local/lib/python3.12/site-packages/airflow/example_dags/example_task_group_decorator.py took 0.061 seconds
[2026-03-29T21:58:38.973+0000] {processor.py:161} INFO - Started process (PID=2891) to work on /home/airflow/.local/lib/python3.12/site-packages/airflow/example_dags/example_task_group_decorator.py
[2026-03-29T21:58:38.974+0000] {processor.py:830} INFO - Processing file /home/airflow/.local/lib/python3.12/site-packages/airflow/example_dags/example_task_group_decorator.py for tasks to queue
[2026-03-29T21:58:38.975+0000] {logging_mixin.py:188} INFO - [2026-03-29T21:58:38.975+0000] {dagbag.py:545} INFO - Filling up the DagBag from /home/airflow/.local/lib/python3.12/site-packages/airflow/example_dags/example_task_group_decorator.py
[2026-03-29T21:58:38.985+0000] {processor.py:840} INFO - DAG(s) 'example_task_group_decorator' retrieved from /home/airflow/.local/lib/python3.12/site-packages/airflow/example_dags/example_task_group_decorator.py
[2026-03-29T21:58:39.003+0000] {logging_mixin.py:188} INFO - [2026-03-29T21:58:39.003+0000] {dag.py:3089} INFO - Sync 1 DAGs
[2026-03-29T21:58:39.018+0000] {logging_mixin.py:188} INFO - [2026-03-29T21:58:39.018+0000] {dag.py:3947} INFO - Setting next_dagrun for example_task_group_decorator to 2026-03-28 00:00:00+00:00, run_after=2026-03-29 00:00:00+00:00
[2026-03-29T21:58:39.030+0000] {processor.py:183} INFO - Processing /home/airflow/.local/lib/python3.12/site-packages/airflow/example_dags/example_task_group_decorator.py took 0.063 seconds
[2026-03-29T21:59:09.415+0000] {processor.py:161} INFO - Started process (PID=2943) to work on /home/airflow/.local/lib/python3.12/site-packages/airflow/example_dags/example_task_group_decorator.py
[2026-03-29T21:59:09.416+0000] {processor.py:830} INFO - Processing file /home/airflow/.local/lib/python3.12/site-packages/airflow/example_dags/example_task_group_decorator.py for tasks to queue
[2026-03-29T21:59:09.417+0000] {logging_mixin.py:188} INFO - [2026-03-29T21:59:09.417+0000] {dagbag.py:545} INFO - Filling up the DagBag from /home/airflow/.local/lib/python3.12/site-packages/airflow/example_dags/example_task_group_decorator.py
[2026-03-29T21:59:09.428+0000] {processor.py:840} INFO - DAG(s) 'example_task_group_decorator' retrieved from /home/airflow/.local/lib/python3.12/site-packages/airflow/example_dags/example_task_group_decorator.py
[2026-03-29T21:59:09.445+0000] {logging_mixin.py:188} INFO - [2026-03-29T21:59:09.445+0000] {dag.py:3089} INFO - Sync 1 DAGs
[2026-03-29T21:59:09.460+0000] {logging_mixin.py:188} INFO - [2026-03-29T21:59:09.460+0000] {dag.py:3947} INFO - Setting next_dagrun for example_task_group_decorator to 2026-03-28 00:00:00+00:00, run_after=2026-03-29 00:00:00+00:00
[2026-03-29T21:59:09.471+0000] {processor.py:183} INFO - Processing /home/airflow/.local/lib/python3.12/site-packages/airflow/example_dags/example_task_group_decorator.py took 0.061 seconds
[2026-03-29T21:59:39.750+0000] {processor.py:161} INFO - Started process (PID=2995) to work on /home/airflow/.local/lib/python3.12/site-packages/airflow/example_dags/example_task_group_decorator.py
[2026-03-29T21:59:39.751+0000] {processor.py:830} INFO - Processing file /home/airflow/.local/lib/python3.12/site-packages/airflow/example_dags/example_task_group_decorator.py for tasks to queue
[2026-03-29T21:59:39.752+0000] {logging_mixin.py:188} INFO - [2026-03-29T21:59:39.752+0000] {dagbag.py:545} INFO - Filling up the DagBag from /home/airflow/.local/lib/python3.12/site-packages/airflow/example_dags/example_task_group_decorator.py
[2026-03-29T21:59:39.762+0000] {processor.py:840} INFO - DAG(s) 'example_task_group_decorator' retrieved from /home/airflow/.local/lib/python3.12/site-packages/airflow/example_dags/example_task_group_decorator.py
[2026-03-29T21:59:39.782+0000] {logging_mixin.py:188} INFO - [2026-03-29T21:59:39.782+0000] {dag.py:3089} INFO - Sync 1 DAGs
[2026-03-29T21:59:39.798+0000] {logging_mixin.py:188} INFO - [2026-03-29T21:59:39.798+0000] {dag.py:3947} INFO - Setting next_dagrun for example_task_group_decorator to 2026-03-28 00:00:00+00:00, run_after=2026-03-29 00:00:00+00:00
[2026-03-29T21:59:39.810+0000] {processor.py:183} INFO - Processing /home/airflow/.local/lib/python3.12/site-packages/airflow/example_dags/example_task_group_decorator.py took 0.065 seconds
[2026-03-29T22:00:10.189+0000] {processor.py:161} INFO - Started process (PID=3047) to work on /home/airflow/.local/lib/python3.12/site-packages/airflow/example_dags/example_task_group_decorator.py
[2026-03-29T22:00:10.190+0000] {processor.py:830} INFO - Processing file /home/airflow/.local/lib/python3.12/site-packages/airflow/example_dags/example_task_group_decorator.py for tasks to queue
[2026-03-29T22:00:10.191+0000] {logging_mixin.py:188} INFO - [2026-03-29T22:00:10.191+0000] {dagbag.py:545} INFO - Filling up the DagBag from /home/airflow/.local/lib/python3.12/site-packages/airflow/example_dags/example_task_group_decorator.py
[2026-03-29T22:00:10.200+0000] {processor.py:840} INFO - DAG(s) 'example_task_group_decorator' retrieved from /home/airflow/.local/lib/python3.12/site-packages/airflow/example_dags/example_task_group_decorator.py
[2026-03-29T22:00:10.222+0000] {logging_mixin.py:188} INFO - [2026-03-29T22:00:10.222+0000] {dag.py:3089} INFO - Sync 1 DAGs
[2026-03-29T22:00:10.254+0000] {logging_mixin.py:188} INFO - [2026-03-29T22:00:10.253+0000] {dag.py:3947} INFO - Setting next_dagrun for example_task_group_decorator to 2026-03-28 00:00:00+00:00, run_after=2026-03-29 00:00:00+00:00
[2026-03-29T22:00:10.273+0000] {processor.py:183} INFO - Processing /home/airflow/.local/lib/python3.12/site-packages/airflow/example_dags/example_task_group_decorator.py took 0.089 seconds
[2026-03-29T22:00:40.978+0000] {processor.py:161} INFO - Started process (PID=3099) to work on /home/airflow/.local/lib/python3.12/site-packages/airflow/example_dags/example_task_group_decorator.py
[2026-03-29T22:00:40.979+0000] {processor.py:830} INFO - Processing file /home/airflow/.local/lib/python3.12/site-packages/airflow/example_dags/example_task_group_decorator.py for tasks to queue
[2026-03-29T22:00:40.980+0000] {logging_mixin.py:188} INFO - [2026-03-29T22:00:40.980+0000] {dagbag.py:545} INFO - Filling up the DagBag from /home/airflow/.local/lib/python3.12/site-packages/airflow/example_dags/example_task_group_decorator.py
[2026-03-29T22:00:40.992+0000] {processor.py:840} INFO - DAG(s) 'example_task_group_decorator' retrieved from /home/airflow/.local/lib/python3.12/site-packages/airflow/example_dags/example_task_group_decorator.py
[2026-03-29T22:00:41.015+0000] {logging_mixin.py:188} INFO - [2026-03-29T22:00:41.015+0000] {dag.py:3089} INFO - Sync 1 DAGs
[2026-03-29T22:00:41.035+0000] {logging_mixin.py:188} INFO - [2026-03-29T22:00:41.035+0000] {dag.py:3947} INFO - Setting next_dagrun for example_task_group_decorator to 2026-03-28 00:00:00+00:00, run_after=2026-03-29 00:00:00+00:00
[2026-03-29T22:00:41.052+0000] {processor.py:183} INFO - Processing /home/airflow/.local/lib/python3.12/site-packages/airflow/example_dags/example_task_group_decorator.py took 0.079 seconds
[2026-03-29T22:01:11.902+0000] {processor.py:161} INFO - Started process (PID=3151) to work on /home/airflow/.local/lib/python3.12/site-packages/airflow/example_dags/example_task_group_decorator.py
[2026-03-29T22:01:11.903+0000] {processor.py:830} INFO - Processing file /home/airflow/.local/lib/python3.12/site-packages/airflow/example_dags/example_task_group_decorator.py for tasks to queue
[2026-03-29T22:01:11.904+0000] {logging_mixin.py:188} INFO - [2026-03-29T22:01:11.904+0000] {dagbag.py:545} INFO - Filling up the DagBag from /home/airflow/.local/lib/python3.12/site-packages/airflow/example_dags/example_task_group_decorator.py
[2026-03-29T22:01:11.913+0000] {processor.py:840} INFO - DAG(s) 'example_task_group_decorator' retrieved from /home/airflow/.local/lib/python3.12/site-packages/airflow/example_dags/example_task_group_decorator.py
[2026-03-29T22:01:11.929+0000] {logging_mixin.py:188} INFO - [2026-03-29T22:01:11.929+0000] {dag.py:3089} INFO - Sync 1 DAGs
[2026-03-29T22:01:11.944+0000] {logging_mixin.py:188} INFO - [2026-03-29T22:01:11.944+0000] {dag.py:3947} INFO - Setting next_dagrun for example_task_group_decorator to 2026-03-28 00:00:00+00:00, run_after=2026-03-29 00:00:00+00:00
[2026-03-29T22:01:11.954+0000] {processor.py:183} INFO - Processing /home/airflow/.local/lib/python3.12/site-packages/airflow/example_dags/example_task_group_decorator.py took 0.060 seconds
[2026-03-29T22:01:42.712+0000] {processor.py:161} INFO - Started process (PID=3203) to work on /home/airflow/.local/lib/python3.12/site-packages/airflow/example_dags/example_task_group_decorator.py
[2026-03-29T22:01:42.713+0000] {processor.py:830} INFO - Processing file /home/airflow/.local/lib/python3.12/site-packages/airflow/example_dags/example_task_group_decorator.py for tasks to queue
[2026-03-29T22:01:42.715+0000] {logging_mixin.py:188} INFO - [2026-03-29T22:01:42.715+0000] {dagbag.py:545} INFO - Filling up the DagBag from /home/airflow/.local/lib/python3.12/site-packages/airflow/example_dags/example_task_group_decorator.py
[2026-03-29T22:01:42.731+0000] {processor.py:840} INFO - DAG(s) 'example_task_group_decorator' retrieved from /home/airflow/.local/lib/python3.12/site-packages/airflow/example_dags/example_task_group_decorator.py
[2026-03-29T22:01:42.760+0000] {logging_mixin.py:188} INFO - [2026-03-29T22:01:42.759+0000] {dag.py:3089} INFO - Sync 1 DAGs
[2026-03-29T22:01:42.805+0000] {logging_mixin.py:188} INFO - [2026-03-29T22:01:42.805+0000] {dag.py:3947} INFO - Setting next_dagrun for example_task_group_decorator to 2026-03-28 00:00:00+00:00, run_after=2026-03-29 00:00:00+00:00
[2026-03-29T22:01:42.827+0000] {processor.py:183} INFO - Processing /home/airflow/.local/lib/python3.12/site-packages/airflow/example_dags/example_task_group_decorator.py took 0.119 seconds
[2026-03-29T22:02:13.152+0000] {processor.py:161} INFO - Started process (PID=3255) to work on /home/airflow/.local/lib/python3.12/site-packages/airflow/example_dags/example_task_group_decorator.py
[2026-03-29T22:02:13.153+0000] {processor.py:830} INFO - Processing file /home/airflow/.local/lib/python3.12/site-packages/airflow/example_dags/example_task_group_decorator.py for tasks to queue
[2026-03-29T22:02:13.154+0000] {logging_mixin.py:188} INFO - [2026-03-29T22:02:13.154+0000] {dagbag.py:545} INFO - Filling up the DagBag from /home/airflow/.local/lib/python3.12/site-packages/airflow/example_dags/example_task_group_decorator.py
[2026-03-29T22:02:13.164+0000] {processor.py:840} INFO - DAG(s) 'example_task_group_decorator' retrieved from /home/airflow/.local/lib/python3.12/site-packages/airflow/example_dags/example_task_group_decorator.py
[2026-03-29T22:02:13.180+0000] {logging_mixin.py:188} INFO - [2026-03-29T22:02:13.180+0000] {dag.py:3089} INFO - Sync 1 DAGs
[2026-03-29T22:02:13.196+0000] {logging_mixin.py:188} INFO - [2026-03-29T22:02:13.196+0000] {dag.py:3947} INFO - Setting next_dagrun for example_task_group_decorator to 2026-03-28 00:00:00+00:00, run_after=2026-03-29 00:00:00+00:00
[2026-03-29T22:02:13.208+0000] {processor.py:183} INFO - Processing /home/airflow/.local/lib/python3.12/site-packages/airflow/example_dags/example_task_group_decorator.py took 0.060 seconds
[2026-03-29T22:02:43.479+0000] {processor.py:161} INFO - Started process (PID=3307) to work on /home/airflow/.local/lib/python3.12/site-packages/airflow/example_dags/example_task_group_decorator.py
[2026-03-29T22:02:43.480+0000] {processor.py:830} INFO - Processing file /home/airflow/.local/lib/python3.12/site-packages/airflow/example_dags/example_task_group_decorator.py for tasks to queue
[2026-03-29T22:02:43.481+0000] {logging_mixin.py:188} INFO - [2026-03-29T22:02:43.481+0000] {dagbag.py:545} INFO - Filling up the DagBag from /home/airflow/.local/lib/python3.12/site-packages/airflow/example_dags/example_task_group_decorator.py
[2026-03-29T22:02:43.492+0000] {processor.py:840} INFO - DAG(s) 'example_task_group_decorator' retrieved from /home/airflow/.local/lib/python3.12/site-packages/airflow/example_dags/example_task_group_decorator.py
[2026-03-29T22:02:43.548+0000] {logging_mixin.py:188} INFO - [2026-03-29T22:02:43.546+0000] {dag.py:3089} INFO - Sync 1 DAGs
[2026-03-29T22:02:43.674+0000] {logging_mixin.py:188} INFO - [2026-03-29T22:02:43.674+0000] {dag.py:3947} INFO - Setting next_dagrun for example_task_group_decorator to 2026-03-28 00:00:00+00:00, run_after=2026-03-29 00:00:00+00:00
[2026-03-29T22:02:43.698+0000] {processor.py:183} INFO - Processing /home/airflow/.local/lib/python3.12/site-packages/airflow/example_dags/example_task_group_decorator.py took 0.223 seconds
