[2026-03-29T21:30:33.184+0000] {processor.py:161} INFO - Started process (PID=56) to work on /home/airflow/.local/lib/python3.12/site-packages/airflow/example_dags/example_bash_decorator.py
[2026-03-29T21:30:33.187+0000] {processor.py:830} INFO - Processing file /home/airflow/.local/lib/python3.12/site-packages/airflow/example_dags/example_bash_decorator.py for tasks to queue
[2026-03-29T21:30:33.190+0000] {logging_mixin.py:188} INFO - [2026-03-29T21:30:33.189+0000] {dagbag.py:545} INFO - Filling up the DagBag from /home/airflow/.local/lib/python3.12/site-packages/airflow/example_dags/example_bash_decorator.py
[2026-03-29T21:30:33.229+0000] {processor.py:840} INFO - DAG(s) 'example_bash_decorator' retrieved from /home/airflow/.local/lib/python3.12/site-packages/airflow/example_dags/example_bash_decorator.py
[2026-03-29T21:30:33.263+0000] {logging_mixin.py:188} INFO - [2026-03-29T21:30:33.262+0000] {dag.py:3089} INFO - Sync 1 DAGs
[2026-03-29T21:30:33.283+0000] {logging_mixin.py:188} INFO - [2026-03-29T21:30:33.283+0000] {dag.py:3947} INFO - Setting next_dagrun for example_bash_decorator to None, run_after=None
[2026-03-29T21:30:33.311+0000] {processor.py:183} INFO - Processing /home/airflow/.local/lib/python3.12/site-packages/airflow/example_dags/example_bash_decorator.py took 0.142 seconds
[2026-03-29T21:31:04.330+0000] {processor.py:161} INFO - Started process (PID=108) to work on /home/airflow/.local/lib/python3.12/site-packages/airflow/example_dags/example_bash_decorator.py
[2026-03-29T21:31:04.334+0000] {processor.py:830} INFO - Processing file /home/airflow/.local/lib/python3.12/site-packages/airflow/example_dags/example_bash_decorator.py for tasks to queue
[2026-03-29T21:31:04.337+0000] {logging_mixin.py:188} INFO - [2026-03-29T21:31:04.336+0000] {dagbag.py:545} INFO - Filling up the DagBag from /home/airflow/.local/lib/python3.12/site-packages/airflow/example_dags/example_bash_decorator.py
[2026-03-29T21:31:04.357+0000] {processor.py:840} INFO - DAG(s) 'example_bash_decorator' retrieved from /home/airflow/.local/lib/python3.12/site-packages/airflow/example_dags/example_bash_decorator.py
[2026-03-29T21:31:04.532+0000] {logging_mixin.py:188} INFO - [2026-03-29T21:31:04.531+0000] {dag.py:3089} INFO - Sync 1 DAGs
[2026-03-29T21:31:04.549+0000] {logging_mixin.py:188} INFO - [2026-03-29T21:31:04.549+0000] {dag.py:3947} INFO - Setting next_dagrun for example_bash_decorator to None, run_after=None
[2026-03-29T21:31:04.583+0000] {processor.py:183} INFO - Processing /home/airflow/.local/lib/python3.12/site-packages/airflow/example_dags/example_bash_decorator.py took 0.260 seconds
[2026-03-29T21:31:35.490+0000] {processor.py:161} INFO - Started process (PID=160) to work on /home/airflow/.local/lib/python3.12/site-packages/airflow/example_dags/example_bash_decorator.py
[2026-03-29T21:31:35.492+0000] {processor.py:830} INFO - Processing file /home/airflow/.local/lib/python3.12/site-packages/airflow/example_dags/example_bash_decorator.py for tasks to queue
[2026-03-29T21:31:35.495+0000] {logging_mixin.py:188} INFO - [2026-03-29T21:31:35.494+0000] {dagbag.py:545} INFO - Filling up the DagBag from /home/airflow/.local/lib/python3.12/site-packages/airflow/example_dags/example_bash_decorator.py
[2026-03-29T21:31:35.510+0000] {processor.py:840} INFO - DAG(s) 'example_bash_decorator' retrieved from /home/airflow/.local/lib/python3.12/site-packages/airflow/example_dags/example_bash_decorator.py
[2026-03-29T21:31:35.534+0000] {logging_mixin.py:188} INFO - [2026-03-29T21:31:35.534+0000] {dag.py:3089} INFO - Sync 1 DAGs
[2026-03-29T21:31:35.547+0000] {logging_mixin.py:188} INFO - [2026-03-29T21:31:35.547+0000] {dag.py:3947} INFO - Setting next_dagrun for example_bash_decorator to None, run_after=None
[2026-03-29T21:31:35.570+0000] {processor.py:183} INFO - Processing /home/airflow/.local/lib/python3.12/site-packages/airflow/example_dags/example_bash_decorator.py took 0.089 seconds
[2026-03-29T21:32:06.132+0000] {processor.py:161} INFO - Started process (PID=212) to work on /home/airflow/.local/lib/python3.12/site-packages/airflow/example_dags/example_bash_decorator.py
[2026-03-29T21:32:06.133+0000] {processor.py:830} INFO - Processing file /home/airflow/.local/lib/python3.12/site-packages/airflow/example_dags/example_bash_decorator.py for tasks to queue
[2026-03-29T21:32:06.135+0000] {logging_mixin.py:188} INFO - [2026-03-29T21:32:06.135+0000] {dagbag.py:545} INFO - Filling up the DagBag from /home/airflow/.local/lib/python3.12/site-packages/airflow/example_dags/example_bash_decorator.py
[2026-03-29T21:32:06.151+0000] {processor.py:840} INFO - DAG(s) 'example_bash_decorator' retrieved from /home/airflow/.local/lib/python3.12/site-packages/airflow/example_dags/example_bash_decorator.py
[2026-03-29T21:32:06.179+0000] {logging_mixin.py:188} INFO - [2026-03-29T21:32:06.179+0000] {dag.py:3089} INFO - Sync 1 DAGs
[2026-03-29T21:32:06.192+0000] {logging_mixin.py:188} INFO - [2026-03-29T21:32:06.192+0000] {dag.py:3947} INFO - Setting next_dagrun for example_bash_decorator to None, run_after=None
[2026-03-29T21:32:06.213+0000] {processor.py:183} INFO - Processing /home/airflow/.local/lib/python3.12/site-packages/airflow/example_dags/example_bash_decorator.py took 0.088 seconds
[2026-03-29T21:32:36.238+0000] {processor.py:161} INFO - Started process (PID=264) to work on /home/airflow/.local/lib/python3.12/site-packages/airflow/example_dags/example_bash_decorator.py
[2026-03-29T21:32:36.239+0000] {processor.py:830} INFO - Processing file /home/airflow/.local/lib/python3.12/site-packages/airflow/example_dags/example_bash_decorator.py for tasks to queue
[2026-03-29T21:32:36.241+0000] {logging_mixin.py:188} INFO - [2026-03-29T21:32:36.241+0000] {dagbag.py:545} INFO - Filling up the DagBag from /home/airflow/.local/lib/python3.12/site-packages/airflow/example_dags/example_bash_decorator.py
[2026-03-29T21:32:36.254+0000] {processor.py:840} INFO - DAG(s) 'example_bash_decorator' retrieved from /home/airflow/.local/lib/python3.12/site-packages/airflow/example_dags/example_bash_decorator.py
[2026-03-29T21:32:36.275+0000] {logging_mixin.py:188} INFO - [2026-03-29T21:32:36.274+0000] {dag.py:3089} INFO - Sync 1 DAGs
[2026-03-29T21:32:36.283+0000] {logging_mixin.py:188} INFO - [2026-03-29T21:32:36.283+0000] {dag.py:3947} INFO - Setting next_dagrun for example_bash_decorator to None, run_after=None
[2026-03-29T21:32:36.294+0000] {processor.py:183} INFO - Processing /home/airflow/.local/lib/python3.12/site-packages/airflow/example_dags/example_bash_decorator.py took 0.061 seconds
[2026-03-29T21:33:06.760+0000] {processor.py:161} INFO - Started process (PID=316) to work on /home/airflow/.local/lib/python3.12/site-packages/airflow/example_dags/example_bash_decorator.py
[2026-03-29T21:33:06.762+0000] {processor.py:830} INFO - Processing file /home/airflow/.local/lib/python3.12/site-packages/airflow/example_dags/example_bash_decorator.py for tasks to queue
[2026-03-29T21:33:06.763+0000] {logging_mixin.py:188} INFO - [2026-03-29T21:33:06.763+0000] {dagbag.py:545} INFO - Filling up the DagBag from /home/airflow/.local/lib/python3.12/site-packages/airflow/example_dags/example_bash_decorator.py
[2026-03-29T21:33:06.778+0000] {processor.py:840} INFO - DAG(s) 'example_bash_decorator' retrieved from /home/airflow/.local/lib/python3.12/site-packages/airflow/example_dags/example_bash_decorator.py
[2026-03-29T21:33:06.800+0000] {logging_mixin.py:188} INFO - [2026-03-29T21:33:06.799+0000] {dag.py:3089} INFO - Sync 1 DAGs
[2026-03-29T21:33:06.810+0000] {logging_mixin.py:188} INFO - [2026-03-29T21:33:06.810+0000] {dag.py:3947} INFO - Setting next_dagrun for example_bash_decorator to None, run_after=None
[2026-03-29T21:33:06.831+0000] {processor.py:183} INFO - Processing /home/airflow/.local/lib/python3.12/site-packages/airflow/example_dags/example_bash_decorator.py took 0.078 seconds
[2026-03-29T21:33:37.488+0000] {processor.py:161} INFO - Started process (PID=368) to work on /home/airflow/.local/lib/python3.12/site-packages/airflow/example_dags/example_bash_decorator.py
[2026-03-29T21:33:37.489+0000] {processor.py:830} INFO - Processing file /home/airflow/.local/lib/python3.12/site-packages/airflow/example_dags/example_bash_decorator.py for tasks to queue
[2026-03-29T21:33:37.491+0000] {logging_mixin.py:188} INFO - [2026-03-29T21:33:37.490+0000] {dagbag.py:545} INFO - Filling up the DagBag from /home/airflow/.local/lib/python3.12/site-packages/airflow/example_dags/example_bash_decorator.py
[2026-03-29T21:33:37.501+0000] {processor.py:840} INFO - DAG(s) 'example_bash_decorator' retrieved from /home/airflow/.local/lib/python3.12/site-packages/airflow/example_dags/example_bash_decorator.py
[2026-03-29T21:33:37.525+0000] {logging_mixin.py:188} INFO - [2026-03-29T21:33:37.525+0000] {dag.py:3089} INFO - Sync 1 DAGs
[2026-03-29T21:33:37.535+0000] {logging_mixin.py:188} INFO - [2026-03-29T21:33:37.535+0000] {dag.py:3947} INFO - Setting next_dagrun for example_bash_decorator to None, run_after=None
[2026-03-29T21:33:37.551+0000] {processor.py:183} INFO - Processing /home/airflow/.local/lib/python3.12/site-packages/airflow/example_dags/example_bash_decorator.py took 0.069 seconds
[2026-03-29T21:34:08.174+0000] {processor.py:161} INFO - Started process (PID=420) to work on /home/airflow/.local/lib/python3.12/site-packages/airflow/example_dags/example_bash_decorator.py
[2026-03-29T21:34:08.175+0000] {processor.py:830} INFO - Processing file /home/airflow/.local/lib/python3.12/site-packages/airflow/example_dags/example_bash_decorator.py for tasks to queue
[2026-03-29T21:34:08.176+0000] {logging_mixin.py:188} INFO - [2026-03-29T21:34:08.176+0000] {dagbag.py:545} INFO - Filling up the DagBag from /home/airflow/.local/lib/python3.12/site-packages/airflow/example_dags/example_bash_decorator.py
[2026-03-29T21:34:08.186+0000] {processor.py:840} INFO - DAG(s) 'example_bash_decorator' retrieved from /home/airflow/.local/lib/python3.12/site-packages/airflow/example_dags/example_bash_decorator.py
[2026-03-29T21:34:08.202+0000] {logging_mixin.py:188} INFO - [2026-03-29T21:34:08.202+0000] {dag.py:3089} INFO - Sync 1 DAGs
[2026-03-29T21:34:08.211+0000] {logging_mixin.py:188} INFO - [2026-03-29T21:34:08.211+0000] {dag.py:3947} INFO - Setting next_dagrun for example_bash_decorator to None, run_after=None
[2026-03-29T21:34:08.223+0000] {processor.py:183} INFO - Processing /home/airflow/.local/lib/python3.12/site-packages/airflow/example_dags/example_bash_decorator.py took 0.055 seconds
[2026-03-29T21:34:38.673+0000] {processor.py:161} INFO - Started process (PID=472) to work on /home/airflow/.local/lib/python3.12/site-packages/airflow/example_dags/example_bash_decorator.py
[2026-03-29T21:34:38.674+0000] {processor.py:830} INFO - Processing file /home/airflow/.local/lib/python3.12/site-packages/airflow/example_dags/example_bash_decorator.py for tasks to queue
[2026-03-29T21:34:38.676+0000] {logging_mixin.py:188} INFO - [2026-03-29T21:34:38.675+0000] {dagbag.py:545} INFO - Filling up the DagBag from /home/airflow/.local/lib/python3.12/site-packages/airflow/example_dags/example_bash_decorator.py
[2026-03-29T21:34:38.688+0000] {processor.py:840} INFO - DAG(s) 'example_bash_decorator' retrieved from /home/airflow/.local/lib/python3.12/site-packages/airflow/example_dags/example_bash_decorator.py
[2026-03-29T21:34:38.710+0000] {logging_mixin.py:188} INFO - [2026-03-29T21:34:38.709+0000] {dag.py:3089} INFO - Sync 1 DAGs
[2026-03-29T21:34:38.721+0000] {logging_mixin.py:188} INFO - [2026-03-29T21:34:38.721+0000] {dag.py:3947} INFO - Setting next_dagrun for example_bash_decorator to None, run_after=None
[2026-03-29T21:34:38.745+0000] {processor.py:183} INFO - Processing /home/airflow/.local/lib/python3.12/site-packages/airflow/example_dags/example_bash_decorator.py took 0.079 seconds
[2026-03-29T21:35:09.646+0000] {processor.py:161} INFO - Started process (PID=524) to work on /home/airflow/.local/lib/python3.12/site-packages/airflow/example_dags/example_bash_decorator.py
[2026-03-29T21:35:09.647+0000] {processor.py:830} INFO - Processing file /home/airflow/.local/lib/python3.12/site-packages/airflow/example_dags/example_bash_decorator.py for tasks to queue
[2026-03-29T21:35:09.649+0000] {logging_mixin.py:188} INFO - [2026-03-29T21:35:09.649+0000] {dagbag.py:545} INFO - Filling up the DagBag from /home/airflow/.local/lib/python3.12/site-packages/airflow/example_dags/example_bash_decorator.py
[2026-03-29T21:35:09.666+0000] {processor.py:840} INFO - DAG(s) 'example_bash_decorator' retrieved from /home/airflow/.local/lib/python3.12/site-packages/airflow/example_dags/example_bash_decorator.py
[2026-03-29T21:35:09.712+0000] {logging_mixin.py:188} INFO - [2026-03-29T21:35:09.711+0000] {dag.py:3089} INFO - Sync 1 DAGs
[2026-03-29T21:35:09.750+0000] {logging_mixin.py:188} INFO - [2026-03-29T21:35:09.749+0000] {dag.py:3947} INFO - Setting next_dagrun for example_bash_decorator to None, run_after=None
[2026-03-29T21:35:09.799+0000] {processor.py:183} INFO - Processing /home/airflow/.local/lib/python3.12/site-packages/airflow/example_dags/example_bash_decorator.py took 0.159 seconds
[2026-03-29T21:35:40.479+0000] {processor.py:161} INFO - Started process (PID=576) to work on /home/airflow/.local/lib/python3.12/site-packages/airflow/example_dags/example_bash_decorator.py
[2026-03-29T21:35:40.480+0000] {processor.py:830} INFO - Processing file /home/airflow/.local/lib/python3.12/site-packages/airflow/example_dags/example_bash_decorator.py for tasks to queue
[2026-03-29T21:35:40.482+0000] {logging_mixin.py:188} INFO - [2026-03-29T21:35:40.482+0000] {dagbag.py:545} INFO - Filling up the DagBag from /home/airflow/.local/lib/python3.12/site-packages/airflow/example_dags/example_bash_decorator.py
[2026-03-29T21:35:40.491+0000] {processor.py:840} INFO - DAG(s) 'example_bash_decorator' retrieved from /home/airflow/.local/lib/python3.12/site-packages/airflow/example_dags/example_bash_decorator.py
[2026-03-29T21:35:40.508+0000] {logging_mixin.py:188} INFO - [2026-03-29T21:35:40.508+0000] {dag.py:3089} INFO - Sync 1 DAGs
[2026-03-29T21:35:40.516+0000] {logging_mixin.py:188} INFO - [2026-03-29T21:35:40.516+0000] {dag.py:3947} INFO - Setting next_dagrun for example_bash_decorator to None, run_after=None
[2026-03-29T21:35:40.528+0000] {processor.py:183} INFO - Processing /home/airflow/.local/lib/python3.12/site-packages/airflow/example_dags/example_bash_decorator.py took 0.053 seconds
[2026-03-29T21:36:11.102+0000] {processor.py:161} INFO - Started process (PID=628) to work on /home/airflow/.local/lib/python3.12/site-packages/airflow/example_dags/example_bash_decorator.py
[2026-03-29T21:36:11.104+0000] {processor.py:830} INFO - Processing file /home/airflow/.local/lib/python3.12/site-packages/airflow/example_dags/example_bash_decorator.py for tasks to queue
[2026-03-29T21:36:11.106+0000] {logging_mixin.py:188} INFO - [2026-03-29T21:36:11.105+0000] {dagbag.py:545} INFO - Filling up the DagBag from /home/airflow/.local/lib/python3.12/site-packages/airflow/example_dags/example_bash_decorator.py
[2026-03-29T21:36:11.116+0000] {processor.py:840} INFO - DAG(s) 'example_bash_decorator' retrieved from /home/airflow/.local/lib/python3.12/site-packages/airflow/example_dags/example_bash_decorator.py
[2026-03-29T21:36:11.133+0000] {logging_mixin.py:188} INFO - [2026-03-29T21:36:11.133+0000] {dag.py:3089} INFO - Sync 1 DAGs
[2026-03-29T21:36:11.143+0000] {logging_mixin.py:188} INFO - [2026-03-29T21:36:11.143+0000] {dag.py:3947} INFO - Setting next_dagrun for example_bash_decorator to None, run_after=None
[2026-03-29T21:36:11.156+0000] {processor.py:183} INFO - Processing /home/airflow/.local/lib/python3.12/site-packages/airflow/example_dags/example_bash_decorator.py took 0.059 seconds
[2026-03-29T21:36:41.282+0000] {processor.py:161} INFO - Started process (PID=680) to work on /home/airflow/.local/lib/python3.12/site-packages/airflow/example_dags/example_bash_decorator.py
[2026-03-29T21:36:41.283+0000] {processor.py:830} INFO - Processing file /home/airflow/.local/lib/python3.12/site-packages/airflow/example_dags/example_bash_decorator.py for tasks to queue
[2026-03-29T21:36:41.285+0000] {logging_mixin.py:188} INFO - [2026-03-29T21:36:41.285+0000] {dagbag.py:545} INFO - Filling up the DagBag from /home/airflow/.local/lib/python3.12/site-packages/airflow/example_dags/example_bash_decorator.py
[2026-03-29T21:36:41.297+0000] {processor.py:840} INFO - DAG(s) 'example_bash_decorator' retrieved from /home/airflow/.local/lib/python3.12/site-packages/airflow/example_dags/example_bash_decorator.py
[2026-03-29T21:36:41.313+0000] {logging_mixin.py:188} INFO - [2026-03-29T21:36:41.313+0000] {dag.py:3089} INFO - Sync 1 DAGs
[2026-03-29T21:36:41.324+0000] {logging_mixin.py:188} INFO - [2026-03-29T21:36:41.323+0000] {dag.py:3947} INFO - Setting next_dagrun for example_bash_decorator to None, run_after=None
[2026-03-29T21:36:41.337+0000] {processor.py:183} INFO - Processing /home/airflow/.local/lib/python3.12/site-packages/airflow/example_dags/example_bash_decorator.py took 0.061 seconds
[2026-03-29T21:37:12.023+0000] {processor.py:161} INFO - Started process (PID=732) to work on /home/airflow/.local/lib/python3.12/site-packages/airflow/example_dags/example_bash_decorator.py
[2026-03-29T21:37:12.024+0000] {processor.py:830} INFO - Processing file /home/airflow/.local/lib/python3.12/site-packages/airflow/example_dags/example_bash_decorator.py for tasks to queue
[2026-03-29T21:37:12.026+0000] {logging_mixin.py:188} INFO - [2026-03-29T21:37:12.026+0000] {dagbag.py:545} INFO - Filling up the DagBag from /home/airflow/.local/lib/python3.12/site-packages/airflow/example_dags/example_bash_decorator.py
[2026-03-29T21:37:12.039+0000] {processor.py:840} INFO - DAG(s) 'example_bash_decorator' retrieved from /home/airflow/.local/lib/python3.12/site-packages/airflow/example_dags/example_bash_decorator.py
[2026-03-29T21:37:12.058+0000] {logging_mixin.py:188} INFO - [2026-03-29T21:37:12.058+0000] {dag.py:3089} INFO - Sync 1 DAGs
[2026-03-29T21:37:12.067+0000] {logging_mixin.py:188} INFO - [2026-03-29T21:37:12.067+0000] {dag.py:3947} INFO - Setting next_dagrun for example_bash_decorator to None, run_after=None
[2026-03-29T21:37:12.080+0000] {processor.py:183} INFO - Processing /home/airflow/.local/lib/python3.12/site-packages/airflow/example_dags/example_bash_decorator.py took 0.062 seconds
[2026-03-29T21:37:42.452+0000] {processor.py:161} INFO - Started process (PID=784) to work on /home/airflow/.local/lib/python3.12/site-packages/airflow/example_dags/example_bash_decorator.py
[2026-03-29T21:37:42.453+0000] {processor.py:830} INFO - Processing file /home/airflow/.local/lib/python3.12/site-packages/airflow/example_dags/example_bash_decorator.py for tasks to queue
[2026-03-29T21:37:42.454+0000] {logging_mixin.py:188} INFO - [2026-03-29T21:37:42.454+0000] {dagbag.py:545} INFO - Filling up the DagBag from /home/airflow/.local/lib/python3.12/site-packages/airflow/example_dags/example_bash_decorator.py
[2026-03-29T21:37:42.465+0000] {processor.py:840} INFO - DAG(s) 'example_bash_decorator' retrieved from /home/airflow/.local/lib/python3.12/site-packages/airflow/example_dags/example_bash_decorator.py
[2026-03-29T21:37:42.487+0000] {logging_mixin.py:188} INFO - [2026-03-29T21:37:42.487+0000] {dag.py:3089} INFO - Sync 1 DAGs
[2026-03-29T21:37:42.497+0000] {logging_mixin.py:188} INFO - [2026-03-29T21:37:42.497+0000] {dag.py:3947} INFO - Setting next_dagrun for example_bash_decorator to None, run_after=None
[2026-03-29T21:37:42.509+0000] {processor.py:183} INFO - Processing /home/airflow/.local/lib/python3.12/site-packages/airflow/example_dags/example_bash_decorator.py took 0.063 seconds
[2026-03-29T21:38:12.720+0000] {processor.py:161} INFO - Started process (PID=836) to work on /home/airflow/.local/lib/python3.12/site-packages/airflow/example_dags/example_bash_decorator.py
[2026-03-29T21:38:12.721+0000] {processor.py:830} INFO - Processing file /home/airflow/.local/lib/python3.12/site-packages/airflow/example_dags/example_bash_decorator.py for tasks to queue
[2026-03-29T21:38:12.723+0000] {logging_mixin.py:188} INFO - [2026-03-29T21:38:12.723+0000] {dagbag.py:545} INFO - Filling up the DagBag from /home/airflow/.local/lib/python3.12/site-packages/airflow/example_dags/example_bash_decorator.py
[2026-03-29T21:38:12.733+0000] {processor.py:840} INFO - DAG(s) 'example_bash_decorator' retrieved from /home/airflow/.local/lib/python3.12/site-packages/airflow/example_dags/example_bash_decorator.py
[2026-03-29T21:38:12.749+0000] {logging_mixin.py:188} INFO - [2026-03-29T21:38:12.749+0000] {dag.py:3089} INFO - Sync 1 DAGs
[2026-03-29T21:38:12.757+0000] {logging_mixin.py:188} INFO - [2026-03-29T21:38:12.757+0000] {dag.py:3947} INFO - Setting next_dagrun for example_bash_decorator to None, run_after=None
[2026-03-29T21:38:12.768+0000] {processor.py:183} INFO - Processing /home/airflow/.local/lib/python3.12/site-packages/airflow/example_dags/example_bash_decorator.py took 0.054 seconds
[2026-03-29T21:38:43.347+0000] {processor.py:161} INFO - Started process (PID=888) to work on /home/airflow/.local/lib/python3.12/site-packages/airflow/example_dags/example_bash_decorator.py
[2026-03-29T21:38:43.347+0000] {processor.py:830} INFO - Processing file /home/airflow/.local/lib/python3.12/site-packages/airflow/example_dags/example_bash_decorator.py for tasks to queue
[2026-03-29T21:38:43.350+0000] {logging_mixin.py:188} INFO - [2026-03-29T21:38:43.349+0000] {dagbag.py:545} INFO - Filling up the DagBag from /home/airflow/.local/lib/python3.12/site-packages/airflow/example_dags/example_bash_decorator.py
[2026-03-29T21:38:43.360+0000] {processor.py:840} INFO - DAG(s) 'example_bash_decorator' retrieved from /home/airflow/.local/lib/python3.12/site-packages/airflow/example_dags/example_bash_decorator.py
[2026-03-29T21:38:43.377+0000] {logging_mixin.py:188} INFO - [2026-03-29T21:38:43.377+0000] {dag.py:3089} INFO - Sync 1 DAGs
[2026-03-29T21:38:43.386+0000] {logging_mixin.py:188} INFO - [2026-03-29T21:38:43.386+0000] {dag.py:3947} INFO - Setting next_dagrun for example_bash_decorator to None, run_after=None
[2026-03-29T21:38:43.397+0000] {processor.py:183} INFO - Processing /home/airflow/.local/lib/python3.12/site-packages/airflow/example_dags/example_bash_decorator.py took 0.056 seconds
[2026-03-29T21:39:13.772+0000] {processor.py:161} INFO - Started process (PID=940) to work on /home/airflow/.local/lib/python3.12/site-packages/airflow/example_dags/example_bash_decorator.py
[2026-03-29T21:39:13.773+0000] {processor.py:830} INFO - Processing file /home/airflow/.local/lib/python3.12/site-packages/airflow/example_dags/example_bash_decorator.py for tasks to queue
[2026-03-29T21:39:13.776+0000] {logging_mixin.py:188} INFO - [2026-03-29T21:39:13.775+0000] {dagbag.py:545} INFO - Filling up the DagBag from /home/airflow/.local/lib/python3.12/site-packages/airflow/example_dags/example_bash_decorator.py
[2026-03-29T21:39:13.785+0000] {processor.py:840} INFO - DAG(s) 'example_bash_decorator' retrieved from /home/airflow/.local/lib/python3.12/site-packages/airflow/example_dags/example_bash_decorator.py
[2026-03-29T21:39:13.800+0000] {logging_mixin.py:188} INFO - [2026-03-29T21:39:13.800+0000] {dag.py:3089} INFO - Sync 1 DAGs
[2026-03-29T21:39:13.808+0000] {logging_mixin.py:188} INFO - [2026-03-29T21:39:13.808+0000] {dag.py:3947} INFO - Setting next_dagrun for example_bash_decorator to None, run_after=None
[2026-03-29T21:39:13.821+0000] {processor.py:183} INFO - Processing /home/airflow/.local/lib/python3.12/site-packages/airflow/example_dags/example_bash_decorator.py took 0.054 seconds
[2026-03-29T21:39:44.752+0000] {processor.py:161} INFO - Started process (PID=992) to work on /home/airflow/.local/lib/python3.12/site-packages/airflow/example_dags/example_bash_decorator.py
[2026-03-29T21:39:44.754+0000] {processor.py:830} INFO - Processing file /home/airflow/.local/lib/python3.12/site-packages/airflow/example_dags/example_bash_decorator.py for tasks to queue
[2026-03-29T21:39:44.756+0000] {logging_mixin.py:188} INFO - [2026-03-29T21:39:44.755+0000] {dagbag.py:545} INFO - Filling up the DagBag from /home/airflow/.local/lib/python3.12/site-packages/airflow/example_dags/example_bash_decorator.py
[2026-03-29T21:39:44.768+0000] {processor.py:840} INFO - DAG(s) 'example_bash_decorator' retrieved from /home/airflow/.local/lib/python3.12/site-packages/airflow/example_dags/example_bash_decorator.py
[2026-03-29T21:39:44.788+0000] {logging_mixin.py:188} INFO - [2026-03-29T21:39:44.788+0000] {dag.py:3089} INFO - Sync 1 DAGs
[2026-03-29T21:39:44.798+0000] {logging_mixin.py:188} INFO - [2026-03-29T21:39:44.798+0000] {dag.py:3947} INFO - Setting next_dagrun for example_bash_decorator to None, run_after=None
[2026-03-29T21:39:44.811+0000] {processor.py:183} INFO - Processing /home/airflow/.local/lib/python3.12/site-packages/airflow/example_dags/example_bash_decorator.py took 0.064 seconds
[2026-03-29T21:40:15.699+0000] {processor.py:161} INFO - Started process (PID=1044) to work on /home/airflow/.local/lib/python3.12/site-packages/airflow/example_dags/example_bash_decorator.py
[2026-03-29T21:40:15.700+0000] {processor.py:830} INFO - Processing file /home/airflow/.local/lib/python3.12/site-packages/airflow/example_dags/example_bash_decorator.py for tasks to queue
[2026-03-29T21:40:15.702+0000] {logging_mixin.py:188} INFO - [2026-03-29T21:40:15.702+0000] {dagbag.py:545} INFO - Filling up the DagBag from /home/airflow/.local/lib/python3.12/site-packages/airflow/example_dags/example_bash_decorator.py
[2026-03-29T21:40:15.718+0000] {processor.py:840} INFO - DAG(s) 'example_bash_decorator' retrieved from /home/airflow/.local/lib/python3.12/site-packages/airflow/example_dags/example_bash_decorator.py
[2026-03-29T21:40:15.737+0000] {logging_mixin.py:188} INFO - [2026-03-29T21:40:15.736+0000] {dag.py:3089} INFO - Sync 1 DAGs
[2026-03-29T21:40:15.757+0000] {logging_mixin.py:188} INFO - [2026-03-29T21:40:15.757+0000] {dag.py:3947} INFO - Setting next_dagrun for example_bash_decorator to None, run_after=None
[2026-03-29T21:40:15.771+0000] {processor.py:183} INFO - Processing /home/airflow/.local/lib/python3.12/site-packages/airflow/example_dags/example_bash_decorator.py took 0.078 seconds
[2026-03-29T21:40:46.199+0000] {processor.py:161} INFO - Started process (PID=1096) to work on /home/airflow/.local/lib/python3.12/site-packages/airflow/example_dags/example_bash_decorator.py
[2026-03-29T21:40:46.200+0000] {processor.py:830} INFO - Processing file /home/airflow/.local/lib/python3.12/site-packages/airflow/example_dags/example_bash_decorator.py for tasks to queue
[2026-03-29T21:40:46.202+0000] {logging_mixin.py:188} INFO - [2026-03-29T21:40:46.201+0000] {dagbag.py:545} INFO - Filling up the DagBag from /home/airflow/.local/lib/python3.12/site-packages/airflow/example_dags/example_bash_decorator.py
[2026-03-29T21:40:46.212+0000] {processor.py:840} INFO - DAG(s) 'example_bash_decorator' retrieved from /home/airflow/.local/lib/python3.12/site-packages/airflow/example_dags/example_bash_decorator.py
[2026-03-29T21:40:46.228+0000] {logging_mixin.py:188} INFO - [2026-03-29T21:40:46.227+0000] {dag.py:3089} INFO - Sync 1 DAGs
[2026-03-29T21:40:46.236+0000] {logging_mixin.py:188} INFO - [2026-03-29T21:40:46.236+0000] {dag.py:3947} INFO - Setting next_dagrun for example_bash_decorator to None, run_after=None
[2026-03-29T21:40:46.248+0000] {processor.py:183} INFO - Processing /home/airflow/.local/lib/python3.12/site-packages/airflow/example_dags/example_bash_decorator.py took 0.053 seconds
[2026-03-29T21:41:17.083+0000] {processor.py:161} INFO - Started process (PID=1148) to work on /home/airflow/.local/lib/python3.12/site-packages/airflow/example_dags/example_bash_decorator.py
[2026-03-29T21:41:17.084+0000] {processor.py:830} INFO - Processing file /home/airflow/.local/lib/python3.12/site-packages/airflow/example_dags/example_bash_decorator.py for tasks to queue
[2026-03-29T21:41:17.086+0000] {logging_mixin.py:188} INFO - [2026-03-29T21:41:17.085+0000] {dagbag.py:545} INFO - Filling up the DagBag from /home/airflow/.local/lib/python3.12/site-packages/airflow/example_dags/example_bash_decorator.py
[2026-03-29T21:41:17.095+0000] {processor.py:840} INFO - DAG(s) 'example_bash_decorator' retrieved from /home/airflow/.local/lib/python3.12/site-packages/airflow/example_dags/example_bash_decorator.py
[2026-03-29T21:41:17.110+0000] {logging_mixin.py:188} INFO - [2026-03-29T21:41:17.110+0000] {dag.py:3089} INFO - Sync 1 DAGs
[2026-03-29T21:41:17.118+0000] {logging_mixin.py:188} INFO - [2026-03-29T21:41:17.118+0000] {dag.py:3947} INFO - Setting next_dagrun for example_bash_decorator to None, run_after=None
[2026-03-29T21:41:17.129+0000] {processor.py:183} INFO - Processing /home/airflow/.local/lib/python3.12/site-packages/airflow/example_dags/example_bash_decorator.py took 0.050 seconds
[2026-03-29T21:41:48.038+0000] {processor.py:161} INFO - Started process (PID=1200) to work on /home/airflow/.local/lib/python3.12/site-packages/airflow/example_dags/example_bash_decorator.py
[2026-03-29T21:41:48.039+0000] {processor.py:830} INFO - Processing file /home/airflow/.local/lib/python3.12/site-packages/airflow/example_dags/example_bash_decorator.py for tasks to queue
[2026-03-29T21:41:48.040+0000] {logging_mixin.py:188} INFO - [2026-03-29T21:41:48.040+0000] {dagbag.py:545} INFO - Filling up the DagBag from /home/airflow/.local/lib/python3.12/site-packages/airflow/example_dags/example_bash_decorator.py
[2026-03-29T21:41:48.049+0000] {processor.py:840} INFO - DAG(s) 'example_bash_decorator' retrieved from /home/airflow/.local/lib/python3.12/site-packages/airflow/example_dags/example_bash_decorator.py
[2026-03-29T21:41:48.065+0000] {logging_mixin.py:188} INFO - [2026-03-29T21:41:48.064+0000] {dag.py:3089} INFO - Sync 1 DAGs
[2026-03-29T21:41:48.073+0000] {logging_mixin.py:188} INFO - [2026-03-29T21:41:48.072+0000] {dag.py:3947} INFO - Setting next_dagrun for example_bash_decorator to None, run_after=None
[2026-03-29T21:41:48.087+0000] {processor.py:183} INFO - Processing /home/airflow/.local/lib/python3.12/site-packages/airflow/example_dags/example_bash_decorator.py took 0.054 seconds
[2026-03-29T21:42:19.189+0000] {processor.py:161} INFO - Started process (PID=1252) to work on /home/airflow/.local/lib/python3.12/site-packages/airflow/example_dags/example_bash_decorator.py
[2026-03-29T21:42:19.191+0000] {processor.py:830} INFO - Processing file /home/airflow/.local/lib/python3.12/site-packages/airflow/example_dags/example_bash_decorator.py for tasks to queue
[2026-03-29T21:42:19.192+0000] {logging_mixin.py:188} INFO - [2026-03-29T21:42:19.192+0000] {dagbag.py:545} INFO - Filling up the DagBag from /home/airflow/.local/lib/python3.12/site-packages/airflow/example_dags/example_bash_decorator.py
[2026-03-29T21:42:19.206+0000] {processor.py:840} INFO - DAG(s) 'example_bash_decorator' retrieved from /home/airflow/.local/lib/python3.12/site-packages/airflow/example_dags/example_bash_decorator.py
[2026-03-29T21:42:19.223+0000] {logging_mixin.py:188} INFO - [2026-03-29T21:42:19.223+0000] {dag.py:3089} INFO - Sync 1 DAGs
[2026-03-29T21:42:19.235+0000] {logging_mixin.py:188} INFO - [2026-03-29T21:42:19.235+0000] {dag.py:3947} INFO - Setting next_dagrun for example_bash_decorator to None, run_after=None
[2026-03-29T21:42:19.249+0000] {processor.py:183} INFO - Processing /home/airflow/.local/lib/python3.12/site-packages/airflow/example_dags/example_bash_decorator.py took 0.064 seconds
[2026-03-29T21:42:50.656+0000] {processor.py:161} INFO - Started process (PID=1304) to work on /home/airflow/.local/lib/python3.12/site-packages/airflow/example_dags/example_bash_decorator.py
[2026-03-29T21:42:50.657+0000] {processor.py:830} INFO - Processing file /home/airflow/.local/lib/python3.12/site-packages/airflow/example_dags/example_bash_decorator.py for tasks to queue
[2026-03-29T21:42:50.659+0000] {logging_mixin.py:188} INFO - [2026-03-29T21:42:50.658+0000] {dagbag.py:545} INFO - Filling up the DagBag from /home/airflow/.local/lib/python3.12/site-packages/airflow/example_dags/example_bash_decorator.py
[2026-03-29T21:42:50.671+0000] {processor.py:840} INFO - DAG(s) 'example_bash_decorator' retrieved from /home/airflow/.local/lib/python3.12/site-packages/airflow/example_dags/example_bash_decorator.py
[2026-03-29T21:42:50.689+0000] {logging_mixin.py:188} INFO - [2026-03-29T21:42:50.689+0000] {dag.py:3089} INFO - Sync 1 DAGs
[2026-03-29T21:42:50.697+0000] {logging_mixin.py:188} INFO - [2026-03-29T21:42:50.697+0000] {dag.py:3947} INFO - Setting next_dagrun for example_bash_decorator to None, run_after=None
[2026-03-29T21:42:50.709+0000] {processor.py:183} INFO - Processing /home/airflow/.local/lib/python3.12/site-packages/airflow/example_dags/example_bash_decorator.py took 0.057 seconds
[2026-03-29T21:43:22.272+0000] {processor.py:161} INFO - Started process (PID=1356) to work on /home/airflow/.local/lib/python3.12/site-packages/airflow/example_dags/example_bash_decorator.py
[2026-03-29T21:43:22.273+0000] {processor.py:830} INFO - Processing file /home/airflow/.local/lib/python3.12/site-packages/airflow/example_dags/example_bash_decorator.py for tasks to queue
[2026-03-29T21:43:22.275+0000] {logging_mixin.py:188} INFO - [2026-03-29T21:43:22.274+0000] {dagbag.py:545} INFO - Filling up the DagBag from /home/airflow/.local/lib/python3.12/site-packages/airflow/example_dags/example_bash_decorator.py
[2026-03-29T21:43:22.287+0000] {processor.py:840} INFO - DAG(s) 'example_bash_decorator' retrieved from /home/airflow/.local/lib/python3.12/site-packages/airflow/example_dags/example_bash_decorator.py
[2026-03-29T21:43:22.306+0000] {logging_mixin.py:188} INFO - [2026-03-29T21:43:22.306+0000] {dag.py:3089} INFO - Sync 1 DAGs
[2026-03-29T21:43:22.317+0000] {logging_mixin.py:188} INFO - [2026-03-29T21:43:22.317+0000] {dag.py:3947} INFO - Setting next_dagrun for example_bash_decorator to None, run_after=None
[2026-03-29T21:43:22.339+0000] {processor.py:183} INFO - Processing /home/airflow/.local/lib/python3.12/site-packages/airflow/example_dags/example_bash_decorator.py took 0.073 seconds
[2026-03-29T21:43:53.111+0000] {processor.py:161} INFO - Started process (PID=1408) to work on /home/airflow/.local/lib/python3.12/site-packages/airflow/example_dags/example_bash_decorator.py
[2026-03-29T21:43:53.112+0000] {processor.py:830} INFO - Processing file /home/airflow/.local/lib/python3.12/site-packages/airflow/example_dags/example_bash_decorator.py for tasks to queue
[2026-03-29T21:43:53.114+0000] {logging_mixin.py:188} INFO - [2026-03-29T21:43:53.114+0000] {dagbag.py:545} INFO - Filling up the DagBag from /home/airflow/.local/lib/python3.12/site-packages/airflow/example_dags/example_bash_decorator.py
[2026-03-29T21:43:53.134+0000] {processor.py:840} INFO - DAG(s) 'example_bash_decorator' retrieved from /home/airflow/.local/lib/python3.12/site-packages/airflow/example_dags/example_bash_decorator.py
[2026-03-29T21:43:53.157+0000] {logging_mixin.py:188} INFO - [2026-03-29T21:43:53.156+0000] {dag.py:3089} INFO - Sync 1 DAGs
[2026-03-29T21:43:53.171+0000] {logging_mixin.py:188} INFO - [2026-03-29T21:43:53.171+0000] {dag.py:3947} INFO - Setting next_dagrun for example_bash_decorator to None, run_after=None
[2026-03-29T21:43:53.203+0000] {processor.py:183} INFO - Processing /home/airflow/.local/lib/python3.12/site-packages/airflow/example_dags/example_bash_decorator.py took 0.101 seconds
[2026-03-29T21:44:23.952+0000] {processor.py:161} INFO - Started process (PID=1460) to work on /home/airflow/.local/lib/python3.12/site-packages/airflow/example_dags/example_bash_decorator.py
[2026-03-29T21:44:23.955+0000] {processor.py:830} INFO - Processing file /home/airflow/.local/lib/python3.12/site-packages/airflow/example_dags/example_bash_decorator.py for tasks to queue
[2026-03-29T21:44:23.958+0000] {logging_mixin.py:188} INFO - [2026-03-29T21:44:23.957+0000] {dagbag.py:545} INFO - Filling up the DagBag from /home/airflow/.local/lib/python3.12/site-packages/airflow/example_dags/example_bash_decorator.py
[2026-03-29T21:44:24.007+0000] {processor.py:840} INFO - DAG(s) 'example_bash_decorator' retrieved from /home/airflow/.local/lib/python3.12/site-packages/airflow/example_dags/example_bash_decorator.py
[2026-03-29T21:44:24.065+0000] {logging_mixin.py:188} INFO - [2026-03-29T21:44:24.065+0000] {dag.py:3089} INFO - Sync 1 DAGs
[2026-03-29T21:44:24.086+0000] {logging_mixin.py:188} INFO - [2026-03-29T21:44:24.084+0000] {dag.py:3947} INFO - Setting next_dagrun for example_bash_decorator to None, run_after=None
[2026-03-29T21:44:24.115+0000] {processor.py:183} INFO - Processing /home/airflow/.local/lib/python3.12/site-packages/airflow/example_dags/example_bash_decorator.py took 0.172 seconds
[2026-03-29T21:44:54.543+0000] {processor.py:161} INFO - Started process (PID=1512) to work on /home/airflow/.local/lib/python3.12/site-packages/airflow/example_dags/example_bash_decorator.py
[2026-03-29T21:44:54.544+0000] {processor.py:830} INFO - Processing file /home/airflow/.local/lib/python3.12/site-packages/airflow/example_dags/example_bash_decorator.py for tasks to queue
[2026-03-29T21:44:54.546+0000] {logging_mixin.py:188} INFO - [2026-03-29T21:44:54.545+0000] {dagbag.py:545} INFO - Filling up the DagBag from /home/airflow/.local/lib/python3.12/site-packages/airflow/example_dags/example_bash_decorator.py
[2026-03-29T21:44:54.562+0000] {processor.py:840} INFO - DAG(s) 'example_bash_decorator' retrieved from /home/airflow/.local/lib/python3.12/site-packages/airflow/example_dags/example_bash_decorator.py
[2026-03-29T21:44:54.642+0000] {logging_mixin.py:188} INFO - [2026-03-29T21:44:54.641+0000] {dag.py:3089} INFO - Sync 1 DAGs
[2026-03-29T21:44:54.657+0000] {logging_mixin.py:188} INFO - [2026-03-29T21:44:54.657+0000] {dag.py:3947} INFO - Setting next_dagrun for example_bash_decorator to None, run_after=None
[2026-03-29T21:44:54.676+0000] {processor.py:183} INFO - Processing /home/airflow/.local/lib/python3.12/site-packages/airflow/example_dags/example_bash_decorator.py took 0.139 seconds
[2026-03-29T21:45:26.006+0000] {processor.py:161} INFO - Started process (PID=1564) to work on /home/airflow/.local/lib/python3.12/site-packages/airflow/example_dags/example_bash_decorator.py
[2026-03-29T21:45:26.007+0000] {processor.py:830} INFO - Processing file /home/airflow/.local/lib/python3.12/site-packages/airflow/example_dags/example_bash_decorator.py for tasks to queue
[2026-03-29T21:45:26.009+0000] {logging_mixin.py:188} INFO - [2026-03-29T21:45:26.009+0000] {dagbag.py:545} INFO - Filling up the DagBag from /home/airflow/.local/lib/python3.12/site-packages/airflow/example_dags/example_bash_decorator.py
[2026-03-29T21:45:26.025+0000] {processor.py:840} INFO - DAG(s) 'example_bash_decorator' retrieved from /home/airflow/.local/lib/python3.12/site-packages/airflow/example_dags/example_bash_decorator.py
[2026-03-29T21:45:26.055+0000] {logging_mixin.py:188} INFO - [2026-03-29T21:45:26.054+0000] {dag.py:3089} INFO - Sync 1 DAGs
[2026-03-29T21:45:26.069+0000] {logging_mixin.py:188} INFO - [2026-03-29T21:45:26.069+0000] {dag.py:3947} INFO - Setting next_dagrun for example_bash_decorator to None, run_after=None
[2026-03-29T21:45:26.091+0000] {processor.py:183} INFO - Processing /home/airflow/.local/lib/python3.12/site-packages/airflow/example_dags/example_bash_decorator.py took 0.095 seconds
[2026-03-29T21:45:56.935+0000] {processor.py:161} INFO - Started process (PID=1616) to work on /home/airflow/.local/lib/python3.12/site-packages/airflow/example_dags/example_bash_decorator.py
[2026-03-29T21:45:56.936+0000] {processor.py:830} INFO - Processing file /home/airflow/.local/lib/python3.12/site-packages/airflow/example_dags/example_bash_decorator.py for tasks to queue
[2026-03-29T21:45:56.938+0000] {logging_mixin.py:188} INFO - [2026-03-29T21:45:56.938+0000] {dagbag.py:545} INFO - Filling up the DagBag from /home/airflow/.local/lib/python3.12/site-packages/airflow/example_dags/example_bash_decorator.py
[2026-03-29T21:45:56.950+0000] {processor.py:840} INFO - DAG(s) 'example_bash_decorator' retrieved from /home/airflow/.local/lib/python3.12/site-packages/airflow/example_dags/example_bash_decorator.py
[2026-03-29T21:45:56.970+0000] {logging_mixin.py:188} INFO - [2026-03-29T21:45:56.970+0000] {dag.py:3089} INFO - Sync 1 DAGs
[2026-03-29T21:45:56.985+0000] {logging_mixin.py:188} INFO - [2026-03-29T21:45:56.984+0000] {dag.py:3947} INFO - Setting next_dagrun for example_bash_decorator to None, run_after=None
[2026-03-29T21:45:57.001+0000] {processor.py:183} INFO - Processing /home/airflow/.local/lib/python3.12/site-packages/airflow/example_dags/example_bash_decorator.py took 0.072 seconds
[2026-03-29T21:46:27.215+0000] {processor.py:161} INFO - Started process (PID=1667) to work on /home/airflow/.local/lib/python3.12/site-packages/airflow/example_dags/example_bash_decorator.py
[2026-03-29T21:46:27.216+0000] {processor.py:830} INFO - Processing file /home/airflow/.local/lib/python3.12/site-packages/airflow/example_dags/example_bash_decorator.py for tasks to queue
[2026-03-29T21:46:27.218+0000] {logging_mixin.py:188} INFO - [2026-03-29T21:46:27.217+0000] {dagbag.py:545} INFO - Filling up the DagBag from /home/airflow/.local/lib/python3.12/site-packages/airflow/example_dags/example_bash_decorator.py
[2026-03-29T21:46:27.227+0000] {processor.py:840} INFO - DAG(s) 'example_bash_decorator' retrieved from /home/airflow/.local/lib/python3.12/site-packages/airflow/example_dags/example_bash_decorator.py
[2026-03-29T21:46:27.243+0000] {logging_mixin.py:188} INFO - [2026-03-29T21:46:27.243+0000] {dag.py:3089} INFO - Sync 1 DAGs
[2026-03-29T21:46:27.251+0000] {logging_mixin.py:188} INFO - [2026-03-29T21:46:27.251+0000] {dag.py:3947} INFO - Setting next_dagrun for example_bash_decorator to None, run_after=None
[2026-03-29T21:46:27.262+0000] {processor.py:183} INFO - Processing /home/airflow/.local/lib/python3.12/site-packages/airflow/example_dags/example_bash_decorator.py took 0.052 seconds
[2026-03-29T21:46:58.059+0000] {processor.py:161} INFO - Started process (PID=1719) to work on /home/airflow/.local/lib/python3.12/site-packages/airflow/example_dags/example_bash_decorator.py
[2026-03-29T21:46:58.060+0000] {processor.py:830} INFO - Processing file /home/airflow/.local/lib/python3.12/site-packages/airflow/example_dags/example_bash_decorator.py for tasks to queue
[2026-03-29T21:46:58.063+0000] {logging_mixin.py:188} INFO - [2026-03-29T21:46:58.063+0000] {dagbag.py:545} INFO - Filling up the DagBag from /home/airflow/.local/lib/python3.12/site-packages/airflow/example_dags/example_bash_decorator.py
[2026-03-29T21:46:58.082+0000] {processor.py:840} INFO - DAG(s) 'example_bash_decorator' retrieved from /home/airflow/.local/lib/python3.12/site-packages/airflow/example_dags/example_bash_decorator.py
[2026-03-29T21:46:58.103+0000] {logging_mixin.py:188} INFO - [2026-03-29T21:46:58.102+0000] {dag.py:3089} INFO - Sync 1 DAGs
[2026-03-29T21:46:58.112+0000] {logging_mixin.py:188} INFO - [2026-03-29T21:46:58.112+0000] {dag.py:3947} INFO - Setting next_dagrun for example_bash_decorator to None, run_after=None
[2026-03-29T21:46:58.127+0000] {processor.py:183} INFO - Processing /home/airflow/.local/lib/python3.12/site-packages/airflow/example_dags/example_bash_decorator.py took 0.072 seconds
[2026-03-29T21:47:28.534+0000] {processor.py:161} INFO - Started process (PID=1771) to work on /home/airflow/.local/lib/python3.12/site-packages/airflow/example_dags/example_bash_decorator.py
[2026-03-29T21:47:28.535+0000] {processor.py:830} INFO - Processing file /home/airflow/.local/lib/python3.12/site-packages/airflow/example_dags/example_bash_decorator.py for tasks to queue
[2026-03-29T21:47:28.537+0000] {logging_mixin.py:188} INFO - [2026-03-29T21:47:28.536+0000] {dagbag.py:545} INFO - Filling up the DagBag from /home/airflow/.local/lib/python3.12/site-packages/airflow/example_dags/example_bash_decorator.py
[2026-03-29T21:47:28.545+0000] {processor.py:840} INFO - DAG(s) 'example_bash_decorator' retrieved from /home/airflow/.local/lib/python3.12/site-packages/airflow/example_dags/example_bash_decorator.py
[2026-03-29T21:47:28.562+0000] {logging_mixin.py:188} INFO - [2026-03-29T21:47:28.561+0000] {dag.py:3089} INFO - Sync 1 DAGs
[2026-03-29T21:47:28.669+0000] {logging_mixin.py:188} INFO - [2026-03-29T21:47:28.669+0000] {dag.py:3947} INFO - Setting next_dagrun for example_bash_decorator to None, run_after=None
[2026-03-29T21:47:28.680+0000] {processor.py:183} INFO - Processing /home/airflow/.local/lib/python3.12/site-packages/airflow/example_dags/example_bash_decorator.py took 0.150 seconds
[2026-03-29T21:47:59.023+0000] {processor.py:161} INFO - Started process (PID=1823) to work on /home/airflow/.local/lib/python3.12/site-packages/airflow/example_dags/example_bash_decorator.py
[2026-03-29T21:47:59.025+0000] {processor.py:830} INFO - Processing file /home/airflow/.local/lib/python3.12/site-packages/airflow/example_dags/example_bash_decorator.py for tasks to queue
[2026-03-29T21:47:59.026+0000] {logging_mixin.py:188} INFO - [2026-03-29T21:47:59.026+0000] {dagbag.py:545} INFO - Filling up the DagBag from /home/airflow/.local/lib/python3.12/site-packages/airflow/example_dags/example_bash_decorator.py
[2026-03-29T21:47:59.042+0000] {processor.py:840} INFO - DAG(s) 'example_bash_decorator' retrieved from /home/airflow/.local/lib/python3.12/site-packages/airflow/example_dags/example_bash_decorator.py
[2026-03-29T21:47:59.063+0000] {logging_mixin.py:188} INFO - [2026-03-29T21:47:59.063+0000] {dag.py:3089} INFO - Sync 1 DAGs
[2026-03-29T21:47:59.072+0000] {logging_mixin.py:188} INFO - [2026-03-29T21:47:59.072+0000] {dag.py:3947} INFO - Setting next_dagrun for example_bash_decorator to None, run_after=None
[2026-03-29T21:47:59.085+0000] {processor.py:183} INFO - Processing /home/airflow/.local/lib/python3.12/site-packages/airflow/example_dags/example_bash_decorator.py took 0.069 seconds
[2026-03-29T21:48:29.322+0000] {processor.py:161} INFO - Started process (PID=1875) to work on /home/airflow/.local/lib/python3.12/site-packages/airflow/example_dags/example_bash_decorator.py
[2026-03-29T21:48:29.323+0000] {processor.py:830} INFO - Processing file /home/airflow/.local/lib/python3.12/site-packages/airflow/example_dags/example_bash_decorator.py for tasks to queue
[2026-03-29T21:48:29.324+0000] {logging_mixin.py:188} INFO - [2026-03-29T21:48:29.323+0000] {dagbag.py:545} INFO - Filling up the DagBag from /home/airflow/.local/lib/python3.12/site-packages/airflow/example_dags/example_bash_decorator.py
[2026-03-29T21:48:29.332+0000] {processor.py:840} INFO - DAG(s) 'example_bash_decorator' retrieved from /home/airflow/.local/lib/python3.12/site-packages/airflow/example_dags/example_bash_decorator.py
[2026-03-29T21:48:29.348+0000] {logging_mixin.py:188} INFO - [2026-03-29T21:48:29.347+0000] {dag.py:3089} INFO - Sync 1 DAGs
[2026-03-29T21:48:29.356+0000] {logging_mixin.py:188} INFO - [2026-03-29T21:48:29.356+0000] {dag.py:3947} INFO - Setting next_dagrun for example_bash_decorator to None, run_after=None
[2026-03-29T21:48:29.367+0000] {processor.py:183} INFO - Processing /home/airflow/.local/lib/python3.12/site-packages/airflow/example_dags/example_bash_decorator.py took 0.049 seconds
[2026-03-29T21:48:59.765+0000] {processor.py:161} INFO - Started process (PID=1927) to work on /home/airflow/.local/lib/python3.12/site-packages/airflow/example_dags/example_bash_decorator.py
[2026-03-29T21:48:59.766+0000] {processor.py:830} INFO - Processing file /home/airflow/.local/lib/python3.12/site-packages/airflow/example_dags/example_bash_decorator.py for tasks to queue
[2026-03-29T21:48:59.769+0000] {logging_mixin.py:188} INFO - [2026-03-29T21:48:59.768+0000] {dagbag.py:545} INFO - Filling up the DagBag from /home/airflow/.local/lib/python3.12/site-packages/airflow/example_dags/example_bash_decorator.py
[2026-03-29T21:48:59.784+0000] {processor.py:840} INFO - DAG(s) 'example_bash_decorator' retrieved from /home/airflow/.local/lib/python3.12/site-packages/airflow/example_dags/example_bash_decorator.py
[2026-03-29T21:48:59.809+0000] {logging_mixin.py:188} INFO - [2026-03-29T21:48:59.809+0000] {dag.py:3089} INFO - Sync 1 DAGs
[2026-03-29T21:48:59.821+0000] {logging_mixin.py:188} INFO - [2026-03-29T21:48:59.821+0000] {dag.py:3947} INFO - Setting next_dagrun for example_bash_decorator to None, run_after=None
[2026-03-29T21:48:59.840+0000] {processor.py:183} INFO - Processing /home/airflow/.local/lib/python3.12/site-packages/airflow/example_dags/example_bash_decorator.py took 0.083 seconds
[2026-03-29T21:49:31.130+0000] {processor.py:161} INFO - Started process (PID=1977) to work on /home/airflow/.local/lib/python3.12/site-packages/airflow/example_dags/example_bash_decorator.py
[2026-03-29T21:49:31.131+0000] {processor.py:830} INFO - Processing file /home/airflow/.local/lib/python3.12/site-packages/airflow/example_dags/example_bash_decorator.py for tasks to queue
[2026-03-29T21:49:31.132+0000] {logging_mixin.py:188} INFO - [2026-03-29T21:49:31.132+0000] {dagbag.py:545} INFO - Filling up the DagBag from /home/airflow/.local/lib/python3.12/site-packages/airflow/example_dags/example_bash_decorator.py
[2026-03-29T21:49:31.263+0000] {processor.py:840} INFO - DAG(s) 'example_bash_decorator' retrieved from /home/airflow/.local/lib/python3.12/site-packages/airflow/example_dags/example_bash_decorator.py
[2026-03-29T21:49:31.289+0000] {logging_mixin.py:188} INFO - [2026-03-29T21:49:31.288+0000] {dag.py:3089} INFO - Sync 1 DAGs
[2026-03-29T21:49:31.297+0000] {logging_mixin.py:188} INFO - [2026-03-29T21:49:31.297+0000] {dag.py:3947} INFO - Setting next_dagrun for example_bash_decorator to None, run_after=None
[2026-03-29T21:49:31.312+0000] {processor.py:183} INFO - Processing /home/airflow/.local/lib/python3.12/site-packages/airflow/example_dags/example_bash_decorator.py took 0.186 seconds
