[2026-03-29T21:30:28.758+0000] {processor.py:161} INFO - Started process (PID=32) to work on /home/airflow/.local/lib/python3.12/site-packages/airflow/example_dags/example_complex.py
[2026-03-29T21:30:28.762+0000] {processor.py:830} INFO - Processing file /home/airflow/.local/lib/python3.12/site-packages/airflow/example_dags/example_complex.py for tasks to queue
[2026-03-29T21:30:28.765+0000] {logging_mixin.py:188} INFO - [2026-03-29T21:30:28.765+0000] {dagbag.py:545} INFO - Filling up the DagBag from /home/airflow/.local/lib/python3.12/site-packages/airflow/example_dags/example_complex.py
[2026-03-29T21:30:28.787+0000] {processor.py:840} INFO - DAG(s) 'example_complex' retrieved from /home/airflow/.local/lib/python3.12/site-packages/airflow/example_dags/example_complex.py
[2026-03-29T21:30:28.809+0000] {logging_mixin.py:188} INFO - [2026-03-29T21:30:28.809+0000] {dag.py:3089} INFO - Sync 1 DAGs
[2026-03-29T21:30:28.824+0000] {logging_mixin.py:188} INFO - [2026-03-29T21:30:28.824+0000] {dag.py:3947} INFO - Setting next_dagrun for example_complex to None, run_after=None
[2026-03-29T21:30:28.863+0000] {processor.py:183} INFO - Processing /home/airflow/.local/lib/python3.12/site-packages/airflow/example_dags/example_complex.py took 0.116 seconds
[2026-03-29T21:31:00.346+0000] {processor.py:161} INFO - Started process (PID=84) to work on /home/airflow/.local/lib/python3.12/site-packages/airflow/example_dags/example_complex.py
[2026-03-29T21:31:00.349+0000] {processor.py:830} INFO - Processing file /home/airflow/.local/lib/python3.12/site-packages/airflow/example_dags/example_complex.py for tasks to queue
[2026-03-29T21:31:00.353+0000] {logging_mixin.py:188} INFO - [2026-03-29T21:31:00.352+0000] {dagbag.py:545} INFO - Filling up the DagBag from /home/airflow/.local/lib/python3.12/site-packages/airflow/example_dags/example_complex.py
[2026-03-29T21:31:00.372+0000] {processor.py:840} INFO - DAG(s) 'example_complex' retrieved from /home/airflow/.local/lib/python3.12/site-packages/airflow/example_dags/example_complex.py
[2026-03-29T21:31:00.562+0000] {logging_mixin.py:188} INFO - [2026-03-29T21:31:00.562+0000] {dag.py:3089} INFO - Sync 1 DAGs
[2026-03-29T21:31:00.581+0000] {logging_mixin.py:188} INFO - [2026-03-29T21:31:00.581+0000] {dag.py:3947} INFO - Setting next_dagrun for example_complex to None, run_after=None
[2026-03-29T21:31:00.617+0000] {processor.py:183} INFO - Processing /home/airflow/.local/lib/python3.12/site-packages/airflow/example_dags/example_complex.py took 0.279 seconds
[2026-03-29T21:31:31.157+0000] {processor.py:161} INFO - Started process (PID=136) to work on /home/airflow/.local/lib/python3.12/site-packages/airflow/example_dags/example_complex.py
[2026-03-29T21:31:31.158+0000] {processor.py:830} INFO - Processing file /home/airflow/.local/lib/python3.12/site-packages/airflow/example_dags/example_complex.py for tasks to queue
[2026-03-29T21:31:31.160+0000] {logging_mixin.py:188} INFO - [2026-03-29T21:31:31.160+0000] {dagbag.py:545} INFO - Filling up the DagBag from /home/airflow/.local/lib/python3.12/site-packages/airflow/example_dags/example_complex.py
[2026-03-29T21:31:31.171+0000] {processor.py:840} INFO - DAG(s) 'example_complex' retrieved from /home/airflow/.local/lib/python3.12/site-packages/airflow/example_dags/example_complex.py
[2026-03-29T21:31:31.198+0000] {logging_mixin.py:188} INFO - [2026-03-29T21:31:31.198+0000] {dag.py:3089} INFO - Sync 1 DAGs
[2026-03-29T21:31:31.218+0000] {logging_mixin.py:188} INFO - [2026-03-29T21:31:31.218+0000] {dag.py:3947} INFO - Setting next_dagrun for example_complex to None, run_after=None
[2026-03-29T21:31:31.252+0000] {processor.py:183} INFO - Processing /home/airflow/.local/lib/python3.12/site-packages/airflow/example_dags/example_complex.py took 0.103 seconds
[2026-03-29T21:32:02.710+0000] {processor.py:161} INFO - Started process (PID=188) to work on /home/airflow/.local/lib/python3.12/site-packages/airflow/example_dags/example_complex.py
[2026-03-29T21:32:02.712+0000] {processor.py:830} INFO - Processing file /home/airflow/.local/lib/python3.12/site-packages/airflow/example_dags/example_complex.py for tasks to queue
[2026-03-29T21:32:02.715+0000] {logging_mixin.py:188} INFO - [2026-03-29T21:32:02.715+0000] {dagbag.py:545} INFO - Filling up the DagBag from /home/airflow/.local/lib/python3.12/site-packages/airflow/example_dags/example_complex.py
[2026-03-29T21:32:02.736+0000] {processor.py:840} INFO - DAG(s) 'example_complex' retrieved from /home/airflow/.local/lib/python3.12/site-packages/airflow/example_dags/example_complex.py
[2026-03-29T21:32:02.858+0000] {logging_mixin.py:188} INFO - [2026-03-29T21:32:02.853+0000] {dag.py:3089} INFO - Sync 1 DAGs
[2026-03-29T21:32:02.906+0000] {logging_mixin.py:188} INFO - [2026-03-29T21:32:02.906+0000] {dag.py:3947} INFO - Setting next_dagrun for example_complex to None, run_after=None
[2026-03-29T21:32:02.988+0000] {processor.py:183} INFO - Processing /home/airflow/.local/lib/python3.12/site-packages/airflow/example_dags/example_complex.py took 0.292 seconds
[2026-03-29T21:32:33.941+0000] {processor.py:161} INFO - Started process (PID=240) to work on /home/airflow/.local/lib/python3.12/site-packages/airflow/example_dags/example_complex.py
[2026-03-29T21:32:33.943+0000] {processor.py:830} INFO - Processing file /home/airflow/.local/lib/python3.12/site-packages/airflow/example_dags/example_complex.py for tasks to queue
[2026-03-29T21:32:33.946+0000] {logging_mixin.py:188} INFO - [2026-03-29T21:32:33.945+0000] {dagbag.py:545} INFO - Filling up the DagBag from /home/airflow/.local/lib/python3.12/site-packages/airflow/example_dags/example_complex.py
[2026-03-29T21:32:33.958+0000] {processor.py:840} INFO - DAG(s) 'example_complex' retrieved from /home/airflow/.local/lib/python3.12/site-packages/airflow/example_dags/example_complex.py
[2026-03-29T21:32:33.995+0000] {logging_mixin.py:188} INFO - [2026-03-29T21:32:33.994+0000] {dag.py:3089} INFO - Sync 1 DAGs
[2026-03-29T21:32:34.005+0000] {logging_mixin.py:188} INFO - [2026-03-29T21:32:34.005+0000] {dag.py:3947} INFO - Setting next_dagrun for example_complex to None, run_after=None
[2026-03-29T21:32:34.030+0000] {processor.py:183} INFO - Processing /home/airflow/.local/lib/python3.12/site-packages/airflow/example_dags/example_complex.py took 0.096 seconds
[2026-03-29T21:33:04.361+0000] {processor.py:161} INFO - Started process (PID=292) to work on /home/airflow/.local/lib/python3.12/site-packages/airflow/example_dags/example_complex.py
[2026-03-29T21:33:04.363+0000] {processor.py:830} INFO - Processing file /home/airflow/.local/lib/python3.12/site-packages/airflow/example_dags/example_complex.py for tasks to queue
[2026-03-29T21:33:04.366+0000] {logging_mixin.py:188} INFO - [2026-03-29T21:33:04.365+0000] {dagbag.py:545} INFO - Filling up the DagBag from /home/airflow/.local/lib/python3.12/site-packages/airflow/example_dags/example_complex.py
[2026-03-29T21:33:04.377+0000] {processor.py:840} INFO - DAG(s) 'example_complex' retrieved from /home/airflow/.local/lib/python3.12/site-packages/airflow/example_dags/example_complex.py
[2026-03-29T21:33:04.410+0000] {logging_mixin.py:188} INFO - [2026-03-29T21:33:04.409+0000] {dag.py:3089} INFO - Sync 1 DAGs
[2026-03-29T21:33:04.425+0000] {logging_mixin.py:188} INFO - [2026-03-29T21:33:04.424+0000] {dag.py:3947} INFO - Setting next_dagrun for example_complex to None, run_after=None
[2026-03-29T21:33:04.448+0000] {processor.py:183} INFO - Processing /home/airflow/.local/lib/python3.12/site-packages/airflow/example_dags/example_complex.py took 0.095 seconds
[2026-03-29T21:33:34.954+0000] {processor.py:161} INFO - Started process (PID=344) to work on /home/airflow/.local/lib/python3.12/site-packages/airflow/example_dags/example_complex.py
[2026-03-29T21:33:34.956+0000] {processor.py:830} INFO - Processing file /home/airflow/.local/lib/python3.12/site-packages/airflow/example_dags/example_complex.py for tasks to queue
[2026-03-29T21:33:34.959+0000] {logging_mixin.py:188} INFO - [2026-03-29T21:33:34.959+0000] {dagbag.py:545} INFO - Filling up the DagBag from /home/airflow/.local/lib/python3.12/site-packages/airflow/example_dags/example_complex.py
[2026-03-29T21:33:34.970+0000] {processor.py:840} INFO - DAG(s) 'example_complex' retrieved from /home/airflow/.local/lib/python3.12/site-packages/airflow/example_dags/example_complex.py
[2026-03-29T21:33:34.999+0000] {logging_mixin.py:188} INFO - [2026-03-29T21:33:34.999+0000] {dag.py:3089} INFO - Sync 1 DAGs
[2026-03-29T21:33:35.011+0000] {logging_mixin.py:188} INFO - [2026-03-29T21:33:35.011+0000] {dag.py:3947} INFO - Setting next_dagrun for example_complex to None, run_after=None
[2026-03-29T21:33:35.030+0000] {processor.py:183} INFO - Processing /home/airflow/.local/lib/python3.12/site-packages/airflow/example_dags/example_complex.py took 0.083 seconds
[2026-03-29T21:34:05.662+0000] {processor.py:161} INFO - Started process (PID=396) to work on /home/airflow/.local/lib/python3.12/site-packages/airflow/example_dags/example_complex.py
[2026-03-29T21:34:05.665+0000] {processor.py:830} INFO - Processing file /home/airflow/.local/lib/python3.12/site-packages/airflow/example_dags/example_complex.py for tasks to queue
[2026-03-29T21:34:05.669+0000] {logging_mixin.py:188} INFO - [2026-03-29T21:34:05.668+0000] {dagbag.py:545} INFO - Filling up the DagBag from /home/airflow/.local/lib/python3.12/site-packages/airflow/example_dags/example_complex.py
[2026-03-29T21:34:05.682+0000] {processor.py:840} INFO - DAG(s) 'example_complex' retrieved from /home/airflow/.local/lib/python3.12/site-packages/airflow/example_dags/example_complex.py
[2026-03-29T21:34:05.717+0000] {logging_mixin.py:188} INFO - [2026-03-29T21:34:05.717+0000] {dag.py:3089} INFO - Sync 1 DAGs
[2026-03-29T21:34:05.729+0000] {logging_mixin.py:188} INFO - [2026-03-29T21:34:05.729+0000] {dag.py:3947} INFO - Setting next_dagrun for example_complex to None, run_after=None
[2026-03-29T21:34:05.753+0000] {processor.py:183} INFO - Processing /home/airflow/.local/lib/python3.12/site-packages/airflow/example_dags/example_complex.py took 0.103 seconds
[2026-03-29T21:34:35.847+0000] {processor.py:161} INFO - Started process (PID=448) to work on /home/airflow/.local/lib/python3.12/site-packages/airflow/example_dags/example_complex.py
[2026-03-29T21:34:35.848+0000] {processor.py:830} INFO - Processing file /home/airflow/.local/lib/python3.12/site-packages/airflow/example_dags/example_complex.py for tasks to queue
[2026-03-29T21:34:35.850+0000] {logging_mixin.py:188} INFO - [2026-03-29T21:34:35.850+0000] {dagbag.py:545} INFO - Filling up the DagBag from /home/airflow/.local/lib/python3.12/site-packages/airflow/example_dags/example_complex.py
[2026-03-29T21:34:35.862+0000] {processor.py:840} INFO - DAG(s) 'example_complex' retrieved from /home/airflow/.local/lib/python3.12/site-packages/airflow/example_dags/example_complex.py
[2026-03-29T21:34:35.895+0000] {logging_mixin.py:188} INFO - [2026-03-29T21:34:35.895+0000] {dag.py:3089} INFO - Sync 1 DAGs
[2026-03-29T21:34:35.919+0000] {logging_mixin.py:188} INFO - [2026-03-29T21:34:35.919+0000] {dag.py:3947} INFO - Setting next_dagrun for example_complex to None, run_after=None
[2026-03-29T21:34:35.949+0000] {processor.py:183} INFO - Processing /home/airflow/.local/lib/python3.12/site-packages/airflow/example_dags/example_complex.py took 0.109 seconds
[2026-03-29T21:35:06.198+0000] {processor.py:161} INFO - Started process (PID=500) to work on /home/airflow/.local/lib/python3.12/site-packages/airflow/example_dags/example_complex.py
[2026-03-29T21:35:06.200+0000] {processor.py:830} INFO - Processing file /home/airflow/.local/lib/python3.12/site-packages/airflow/example_dags/example_complex.py for tasks to queue
[2026-03-29T21:35:06.202+0000] {logging_mixin.py:188} INFO - [2026-03-29T21:35:06.202+0000] {dagbag.py:545} INFO - Filling up the DagBag from /home/airflow/.local/lib/python3.12/site-packages/airflow/example_dags/example_complex.py
[2026-03-29T21:35:06.213+0000] {processor.py:840} INFO - DAG(s) 'example_complex' retrieved from /home/airflow/.local/lib/python3.12/site-packages/airflow/example_dags/example_complex.py
[2026-03-29T21:35:06.240+0000] {logging_mixin.py:188} INFO - [2026-03-29T21:35:06.240+0000] {dag.py:3089} INFO - Sync 1 DAGs
[2026-03-29T21:35:06.258+0000] {logging_mixin.py:188} INFO - [2026-03-29T21:35:06.258+0000] {dag.py:3947} INFO - Setting next_dagrun for example_complex to None, run_after=None
[2026-03-29T21:35:06.281+0000] {processor.py:183} INFO - Processing /home/airflow/.local/lib/python3.12/site-packages/airflow/example_dags/example_complex.py took 0.089 seconds
[2026-03-29T21:35:37.193+0000] {processor.py:161} INFO - Started process (PID=552) to work on /home/airflow/.local/lib/python3.12/site-packages/airflow/example_dags/example_complex.py
[2026-03-29T21:35:37.196+0000] {processor.py:830} INFO - Processing file /home/airflow/.local/lib/python3.12/site-packages/airflow/example_dags/example_complex.py for tasks to queue
[2026-03-29T21:35:37.200+0000] {logging_mixin.py:188} INFO - [2026-03-29T21:35:37.200+0000] {dagbag.py:545} INFO - Filling up the DagBag from /home/airflow/.local/lib/python3.12/site-packages/airflow/example_dags/example_complex.py
[2026-03-29T21:35:37.207+0000] {processor.py:840} INFO - DAG(s) 'example_complex' retrieved from /home/airflow/.local/lib/python3.12/site-packages/airflow/example_dags/example_complex.py
[2026-03-29T21:35:37.235+0000] {logging_mixin.py:188} INFO - [2026-03-29T21:35:37.235+0000] {dag.py:3089} INFO - Sync 1 DAGs
[2026-03-29T21:35:37.246+0000] {logging_mixin.py:188} INFO - [2026-03-29T21:35:37.246+0000] {dag.py:3947} INFO - Setting next_dagrun for example_complex to None, run_after=None
[2026-03-29T21:35:37.258+0000] {processor.py:183} INFO - Processing /home/airflow/.local/lib/python3.12/site-packages/airflow/example_dags/example_complex.py took 0.074 seconds
[2026-03-29T21:36:07.706+0000] {processor.py:161} INFO - Started process (PID=604) to work on /home/airflow/.local/lib/python3.12/site-packages/airflow/example_dags/example_complex.py
[2026-03-29T21:36:07.707+0000] {processor.py:830} INFO - Processing file /home/airflow/.local/lib/python3.12/site-packages/airflow/example_dags/example_complex.py for tasks to queue
[2026-03-29T21:36:07.710+0000] {logging_mixin.py:188} INFO - [2026-03-29T21:36:07.709+0000] {dagbag.py:545} INFO - Filling up the DagBag from /home/airflow/.local/lib/python3.12/site-packages/airflow/example_dags/example_complex.py
[2026-03-29T21:36:07.717+0000] {processor.py:840} INFO - DAG(s) 'example_complex' retrieved from /home/airflow/.local/lib/python3.12/site-packages/airflow/example_dags/example_complex.py
[2026-03-29T21:36:07.746+0000] {logging_mixin.py:188} INFO - [2026-03-29T21:36:07.746+0000] {dag.py:3089} INFO - Sync 1 DAGs
[2026-03-29T21:36:07.758+0000] {logging_mixin.py:188} INFO - [2026-03-29T21:36:07.758+0000] {dag.py:3947} INFO - Setting next_dagrun for example_complex to None, run_after=None
[2026-03-29T21:36:07.773+0000] {processor.py:183} INFO - Processing /home/airflow/.local/lib/python3.12/site-packages/airflow/example_dags/example_complex.py took 0.072 seconds
[2026-03-29T21:36:38.103+0000] {processor.py:161} INFO - Started process (PID=656) to work on /home/airflow/.local/lib/python3.12/site-packages/airflow/example_dags/example_complex.py
[2026-03-29T21:36:38.104+0000] {processor.py:830} INFO - Processing file /home/airflow/.local/lib/python3.12/site-packages/airflow/example_dags/example_complex.py for tasks to queue
[2026-03-29T21:36:38.105+0000] {logging_mixin.py:188} INFO - [2026-03-29T21:36:38.105+0000] {dagbag.py:545} INFO - Filling up the DagBag from /home/airflow/.local/lib/python3.12/site-packages/airflow/example_dags/example_complex.py
[2026-03-29T21:36:38.112+0000] {processor.py:840} INFO - DAG(s) 'example_complex' retrieved from /home/airflow/.local/lib/python3.12/site-packages/airflow/example_dags/example_complex.py
[2026-03-29T21:36:38.132+0000] {logging_mixin.py:188} INFO - [2026-03-29T21:36:38.132+0000] {dag.py:3089} INFO - Sync 1 DAGs
[2026-03-29T21:36:38.140+0000] {logging_mixin.py:188} INFO - [2026-03-29T21:36:38.140+0000] {dag.py:3947} INFO - Setting next_dagrun for example_complex to None, run_after=None
[2026-03-29T21:36:38.152+0000] {processor.py:183} INFO - Processing /home/airflow/.local/lib/python3.12/site-packages/airflow/example_dags/example_complex.py took 0.054 seconds
[2026-03-29T21:37:08.810+0000] {processor.py:161} INFO - Started process (PID=708) to work on /home/airflow/.local/lib/python3.12/site-packages/airflow/example_dags/example_complex.py
[2026-03-29T21:37:08.811+0000] {processor.py:830} INFO - Processing file /home/airflow/.local/lib/python3.12/site-packages/airflow/example_dags/example_complex.py for tasks to queue
[2026-03-29T21:37:08.813+0000] {logging_mixin.py:188} INFO - [2026-03-29T21:37:08.813+0000] {dagbag.py:545} INFO - Filling up the DagBag from /home/airflow/.local/lib/python3.12/site-packages/airflow/example_dags/example_complex.py
[2026-03-29T21:37:08.822+0000] {processor.py:840} INFO - DAG(s) 'example_complex' retrieved from /home/airflow/.local/lib/python3.12/site-packages/airflow/example_dags/example_complex.py
[2026-03-29T21:37:08.848+0000] {logging_mixin.py:188} INFO - [2026-03-29T21:37:08.848+0000] {dag.py:3089} INFO - Sync 1 DAGs
[2026-03-29T21:37:08.861+0000] {logging_mixin.py:188} INFO - [2026-03-29T21:37:08.861+0000] {dag.py:3947} INFO - Setting next_dagrun for example_complex to None, run_after=None
[2026-03-29T21:37:08.875+0000] {processor.py:183} INFO - Processing /home/airflow/.local/lib/python3.12/site-packages/airflow/example_dags/example_complex.py took 0.070 seconds
[2026-03-29T21:37:39.017+0000] {processor.py:161} INFO - Started process (PID=760) to work on /home/airflow/.local/lib/python3.12/site-packages/airflow/example_dags/example_complex.py
[2026-03-29T21:37:39.018+0000] {processor.py:830} INFO - Processing file /home/airflow/.local/lib/python3.12/site-packages/airflow/example_dags/example_complex.py for tasks to queue
[2026-03-29T21:37:39.020+0000] {logging_mixin.py:188} INFO - [2026-03-29T21:37:39.019+0000] {dagbag.py:545} INFO - Filling up the DagBag from /home/airflow/.local/lib/python3.12/site-packages/airflow/example_dags/example_complex.py
[2026-03-29T21:37:39.026+0000] {processor.py:840} INFO - DAG(s) 'example_complex' retrieved from /home/airflow/.local/lib/python3.12/site-packages/airflow/example_dags/example_complex.py
[2026-03-29T21:37:39.047+0000] {logging_mixin.py:188} INFO - [2026-03-29T21:37:39.047+0000] {dag.py:3089} INFO - Sync 1 DAGs
[2026-03-29T21:37:39.055+0000] {logging_mixin.py:188} INFO - [2026-03-29T21:37:39.055+0000] {dag.py:3947} INFO - Setting next_dagrun for example_complex to None, run_after=None
[2026-03-29T21:37:39.067+0000] {processor.py:183} INFO - Processing /home/airflow/.local/lib/python3.12/site-packages/airflow/example_dags/example_complex.py took 0.055 seconds
[2026-03-29T21:38:09.560+0000] {processor.py:161} INFO - Started process (PID=812) to work on /home/airflow/.local/lib/python3.12/site-packages/airflow/example_dags/example_complex.py
[2026-03-29T21:38:09.561+0000] {processor.py:830} INFO - Processing file /home/airflow/.local/lib/python3.12/site-packages/airflow/example_dags/example_complex.py for tasks to queue
[2026-03-29T21:38:09.563+0000] {logging_mixin.py:188} INFO - [2026-03-29T21:38:09.562+0000] {dagbag.py:545} INFO - Filling up the DagBag from /home/airflow/.local/lib/python3.12/site-packages/airflow/example_dags/example_complex.py
[2026-03-29T21:38:09.575+0000] {processor.py:840} INFO - DAG(s) 'example_complex' retrieved from /home/airflow/.local/lib/python3.12/site-packages/airflow/example_dags/example_complex.py
[2026-03-29T21:38:09.601+0000] {logging_mixin.py:188} INFO - [2026-03-29T21:38:09.601+0000] {dag.py:3089} INFO - Sync 1 DAGs
[2026-03-29T21:38:09.615+0000] {logging_mixin.py:188} INFO - [2026-03-29T21:38:09.615+0000] {dag.py:3947} INFO - Setting next_dagrun for example_complex to None, run_after=None
[2026-03-29T21:38:09.632+0000] {processor.py:183} INFO - Processing /home/airflow/.local/lib/python3.12/site-packages/airflow/example_dags/example_complex.py took 0.077 seconds
[2026-03-29T21:38:40.213+0000] {processor.py:161} INFO - Started process (PID=864) to work on /home/airflow/.local/lib/python3.12/site-packages/airflow/example_dags/example_complex.py
[2026-03-29T21:38:40.214+0000] {processor.py:830} INFO - Processing file /home/airflow/.local/lib/python3.12/site-packages/airflow/example_dags/example_complex.py for tasks to queue
[2026-03-29T21:38:40.216+0000] {logging_mixin.py:188} INFO - [2026-03-29T21:38:40.216+0000] {dagbag.py:545} INFO - Filling up the DagBag from /home/airflow/.local/lib/python3.12/site-packages/airflow/example_dags/example_complex.py
[2026-03-29T21:38:40.223+0000] {processor.py:840} INFO - DAG(s) 'example_complex' retrieved from /home/airflow/.local/lib/python3.12/site-packages/airflow/example_dags/example_complex.py
[2026-03-29T21:38:40.249+0000] {logging_mixin.py:188} INFO - [2026-03-29T21:38:40.248+0000] {dag.py:3089} INFO - Sync 1 DAGs
[2026-03-29T21:38:40.258+0000] {logging_mixin.py:188} INFO - [2026-03-29T21:38:40.258+0000] {dag.py:3947} INFO - Setting next_dagrun for example_complex to None, run_after=None
[2026-03-29T21:38:40.275+0000] {processor.py:183} INFO - Processing /home/airflow/.local/lib/python3.12/site-packages/airflow/example_dags/example_complex.py took 0.068 seconds
[2026-03-29T21:39:10.615+0000] {processor.py:161} INFO - Started process (PID=916) to work on /home/airflow/.local/lib/python3.12/site-packages/airflow/example_dags/example_complex.py
[2026-03-29T21:39:10.616+0000] {processor.py:830} INFO - Processing file /home/airflow/.local/lib/python3.12/site-packages/airflow/example_dags/example_complex.py for tasks to queue
[2026-03-29T21:39:10.617+0000] {logging_mixin.py:188} INFO - [2026-03-29T21:39:10.617+0000] {dagbag.py:545} INFO - Filling up the DagBag from /home/airflow/.local/lib/python3.12/site-packages/airflow/example_dags/example_complex.py
[2026-03-29T21:39:10.626+0000] {processor.py:840} INFO - DAG(s) 'example_complex' retrieved from /home/airflow/.local/lib/python3.12/site-packages/airflow/example_dags/example_complex.py
[2026-03-29T21:39:10.654+0000] {logging_mixin.py:188} INFO - [2026-03-29T21:39:10.653+0000] {dag.py:3089} INFO - Sync 1 DAGs
[2026-03-29T21:39:10.666+0000] {logging_mixin.py:188} INFO - [2026-03-29T21:39:10.665+0000] {dag.py:3947} INFO - Setting next_dagrun for example_complex to None, run_after=None
[2026-03-29T21:39:10.679+0000] {processor.py:183} INFO - Processing /home/airflow/.local/lib/python3.12/site-packages/airflow/example_dags/example_complex.py took 0.070 seconds
[2026-03-29T21:39:40.884+0000] {processor.py:161} INFO - Started process (PID=968) to work on /home/airflow/.local/lib/python3.12/site-packages/airflow/example_dags/example_complex.py
[2026-03-29T21:39:40.885+0000] {processor.py:830} INFO - Processing file /home/airflow/.local/lib/python3.12/site-packages/airflow/example_dags/example_complex.py for tasks to queue
[2026-03-29T21:39:40.886+0000] {logging_mixin.py:188} INFO - [2026-03-29T21:39:40.886+0000] {dagbag.py:545} INFO - Filling up the DagBag from /home/airflow/.local/lib/python3.12/site-packages/airflow/example_dags/example_complex.py
[2026-03-29T21:39:40.892+0000] {processor.py:840} INFO - DAG(s) 'example_complex' retrieved from /home/airflow/.local/lib/python3.12/site-packages/airflow/example_dags/example_complex.py
[2026-03-29T21:39:40.912+0000] {logging_mixin.py:188} INFO - [2026-03-29T21:39:40.912+0000] {dag.py:3089} INFO - Sync 1 DAGs
[2026-03-29T21:39:40.920+0000] {logging_mixin.py:188} INFO - [2026-03-29T21:39:40.920+0000] {dag.py:3947} INFO - Setting next_dagrun for example_complex to None, run_after=None
[2026-03-29T21:39:40.932+0000] {processor.py:183} INFO - Processing /home/airflow/.local/lib/python3.12/site-packages/airflow/example_dags/example_complex.py took 0.053 seconds
[2026-03-29T21:40:11.771+0000] {processor.py:161} INFO - Started process (PID=1020) to work on /home/airflow/.local/lib/python3.12/site-packages/airflow/example_dags/example_complex.py
[2026-03-29T21:40:11.772+0000] {processor.py:830} INFO - Processing file /home/airflow/.local/lib/python3.12/site-packages/airflow/example_dags/example_complex.py for tasks to queue
[2026-03-29T21:40:11.774+0000] {logging_mixin.py:188} INFO - [2026-03-29T21:40:11.774+0000] {dagbag.py:545} INFO - Filling up the DagBag from /home/airflow/.local/lib/python3.12/site-packages/airflow/example_dags/example_complex.py
[2026-03-29T21:40:11.781+0000] {processor.py:840} INFO - DAG(s) 'example_complex' retrieved from /home/airflow/.local/lib/python3.12/site-packages/airflow/example_dags/example_complex.py
[2026-03-29T21:40:11.804+0000] {logging_mixin.py:188} INFO - [2026-03-29T21:40:11.804+0000] {dag.py:3089} INFO - Sync 1 DAGs
[2026-03-29T21:40:11.817+0000] {logging_mixin.py:188} INFO - [2026-03-29T21:40:11.817+0000] {dag.py:3947} INFO - Setting next_dagrun for example_complex to None, run_after=None
[2026-03-29T21:40:11.832+0000] {processor.py:183} INFO - Processing /home/airflow/.local/lib/python3.12/site-packages/airflow/example_dags/example_complex.py took 0.069 seconds
[2026-03-29T21:40:42.921+0000] {processor.py:161} INFO - Started process (PID=1072) to work on /home/airflow/.local/lib/python3.12/site-packages/airflow/example_dags/example_complex.py
[2026-03-29T21:40:42.923+0000] {processor.py:830} INFO - Processing file /home/airflow/.local/lib/python3.12/site-packages/airflow/example_dags/example_complex.py for tasks to queue
[2026-03-29T21:40:42.924+0000] {logging_mixin.py:188} INFO - [2026-03-29T21:40:42.924+0000] {dagbag.py:545} INFO - Filling up the DagBag from /home/airflow/.local/lib/python3.12/site-packages/airflow/example_dags/example_complex.py
[2026-03-29T21:40:42.932+0000] {processor.py:840} INFO - DAG(s) 'example_complex' retrieved from /home/airflow/.local/lib/python3.12/site-packages/airflow/example_dags/example_complex.py
[2026-03-29T21:40:42.953+0000] {logging_mixin.py:188} INFO - [2026-03-29T21:40:42.953+0000] {dag.py:3089} INFO - Sync 1 DAGs
[2026-03-29T21:40:42.963+0000] {logging_mixin.py:188} INFO - [2026-03-29T21:40:42.962+0000] {dag.py:3947} INFO - Setting next_dagrun for example_complex to None, run_after=None
[2026-03-29T21:40:42.976+0000] {processor.py:183} INFO - Processing /home/airflow/.local/lib/python3.12/site-packages/airflow/example_dags/example_complex.py took 0.061 seconds
[2026-03-29T21:41:13.747+0000] {processor.py:161} INFO - Started process (PID=1124) to work on /home/airflow/.local/lib/python3.12/site-packages/airflow/example_dags/example_complex.py
[2026-03-29T21:41:13.748+0000] {processor.py:830} INFO - Processing file /home/airflow/.local/lib/python3.12/site-packages/airflow/example_dags/example_complex.py for tasks to queue
[2026-03-29T21:41:13.751+0000] {logging_mixin.py:188} INFO - [2026-03-29T21:41:13.751+0000] {dagbag.py:545} INFO - Filling up the DagBag from /home/airflow/.local/lib/python3.12/site-packages/airflow/example_dags/example_complex.py
[2026-03-29T21:41:13.761+0000] {processor.py:840} INFO - DAG(s) 'example_complex' retrieved from /home/airflow/.local/lib/python3.12/site-packages/airflow/example_dags/example_complex.py
[2026-03-29T21:41:13.789+0000] {logging_mixin.py:188} INFO - [2026-03-29T21:41:13.789+0000] {dag.py:3089} INFO - Sync 1 DAGs
[2026-03-29T21:41:13.800+0000] {logging_mixin.py:188} INFO - [2026-03-29T21:41:13.800+0000] {dag.py:3947} INFO - Setting next_dagrun for example_complex to None, run_after=None
[2026-03-29T21:41:13.820+0000] {processor.py:183} INFO - Processing /home/airflow/.local/lib/python3.12/site-packages/airflow/example_dags/example_complex.py took 0.079 seconds
[2026-03-29T21:41:44.408+0000] {processor.py:161} INFO - Started process (PID=1176) to work on /home/airflow/.local/lib/python3.12/site-packages/airflow/example_dags/example_complex.py
[2026-03-29T21:41:44.409+0000] {processor.py:830} INFO - Processing file /home/airflow/.local/lib/python3.12/site-packages/airflow/example_dags/example_complex.py for tasks to queue
[2026-03-29T21:41:44.410+0000] {logging_mixin.py:188} INFO - [2026-03-29T21:41:44.410+0000] {dagbag.py:545} INFO - Filling up the DagBag from /home/airflow/.local/lib/python3.12/site-packages/airflow/example_dags/example_complex.py
[2026-03-29T21:41:44.417+0000] {processor.py:840} INFO - DAG(s) 'example_complex' retrieved from /home/airflow/.local/lib/python3.12/site-packages/airflow/example_dags/example_complex.py
[2026-03-29T21:41:44.444+0000] {logging_mixin.py:188} INFO - [2026-03-29T21:41:44.444+0000] {dag.py:3089} INFO - Sync 1 DAGs
[2026-03-29T21:41:44.460+0000] {logging_mixin.py:188} INFO - [2026-03-29T21:41:44.460+0000] {dag.py:3947} INFO - Setting next_dagrun for example_complex to None, run_after=None
[2026-03-29T21:41:44.481+0000] {processor.py:183} INFO - Processing /home/airflow/.local/lib/python3.12/site-packages/airflow/example_dags/example_complex.py took 0.078 seconds
[2026-03-29T21:42:14.640+0000] {processor.py:161} INFO - Started process (PID=1228) to work on /home/airflow/.local/lib/python3.12/site-packages/airflow/example_dags/example_complex.py
[2026-03-29T21:42:14.642+0000] {processor.py:830} INFO - Processing file /home/airflow/.local/lib/python3.12/site-packages/airflow/example_dags/example_complex.py for tasks to queue
[2026-03-29T21:42:14.643+0000] {logging_mixin.py:188} INFO - [2026-03-29T21:42:14.643+0000] {dagbag.py:545} INFO - Filling up the DagBag from /home/airflow/.local/lib/python3.12/site-packages/airflow/example_dags/example_complex.py
[2026-03-29T21:42:14.652+0000] {processor.py:840} INFO - DAG(s) 'example_complex' retrieved from /home/airflow/.local/lib/python3.12/site-packages/airflow/example_dags/example_complex.py
[2026-03-29T21:42:14.686+0000] {logging_mixin.py:188} INFO - [2026-03-29T21:42:14.686+0000] {dag.py:3089} INFO - Sync 1 DAGs
[2026-03-29T21:42:14.697+0000] {logging_mixin.py:188} INFO - [2026-03-29T21:42:14.696+0000] {dag.py:3947} INFO - Setting next_dagrun for example_complex to None, run_after=None
[2026-03-29T21:42:14.718+0000] {processor.py:183} INFO - Processing /home/airflow/.local/lib/python3.12/site-packages/airflow/example_dags/example_complex.py took 0.085 seconds
[2026-03-29T21:42:45.027+0000] {processor.py:161} INFO - Started process (PID=1280) to work on /home/airflow/.local/lib/python3.12/site-packages/airflow/example_dags/example_complex.py
[2026-03-29T21:42:45.028+0000] {processor.py:830} INFO - Processing file /home/airflow/.local/lib/python3.12/site-packages/airflow/example_dags/example_complex.py for tasks to queue
[2026-03-29T21:42:45.030+0000] {logging_mixin.py:188} INFO - [2026-03-29T21:42:45.030+0000] {dagbag.py:545} INFO - Filling up the DagBag from /home/airflow/.local/lib/python3.12/site-packages/airflow/example_dags/example_complex.py
[2026-03-29T21:42:45.040+0000] {processor.py:840} INFO - DAG(s) 'example_complex' retrieved from /home/airflow/.local/lib/python3.12/site-packages/airflow/example_dags/example_complex.py
[2026-03-29T21:42:45.073+0000] {logging_mixin.py:188} INFO - [2026-03-29T21:42:45.072+0000] {dag.py:3089} INFO - Sync 1 DAGs
[2026-03-29T21:42:45.084+0000] {logging_mixin.py:188} INFO - [2026-03-29T21:42:45.084+0000] {dag.py:3947} INFO - Setting next_dagrun for example_complex to None, run_after=None
[2026-03-29T21:42:45.106+0000] {processor.py:183} INFO - Processing /home/airflow/.local/lib/python3.12/site-packages/airflow/example_dags/example_complex.py took 0.089 seconds
[2026-03-29T21:43:15.291+0000] {processor.py:161} INFO - Started process (PID=1332) to work on /home/airflow/.local/lib/python3.12/site-packages/airflow/example_dags/example_complex.py
[2026-03-29T21:43:15.292+0000] {processor.py:830} INFO - Processing file /home/airflow/.local/lib/python3.12/site-packages/airflow/example_dags/example_complex.py for tasks to queue
[2026-03-29T21:43:15.293+0000] {logging_mixin.py:188} INFO - [2026-03-29T21:43:15.293+0000] {dagbag.py:545} INFO - Filling up the DagBag from /home/airflow/.local/lib/python3.12/site-packages/airflow/example_dags/example_complex.py
[2026-03-29T21:43:15.303+0000] {processor.py:840} INFO - DAG(s) 'example_complex' retrieved from /home/airflow/.local/lib/python3.12/site-packages/airflow/example_dags/example_complex.py
[2026-03-29T21:43:15.330+0000] {logging_mixin.py:188} INFO - [2026-03-29T21:43:15.330+0000] {dag.py:3089} INFO - Sync 1 DAGs
[2026-03-29T21:43:15.339+0000] {logging_mixin.py:188} INFO - [2026-03-29T21:43:15.339+0000] {dag.py:3947} INFO - Setting next_dagrun for example_complex to None, run_after=None
[2026-03-29T21:43:15.357+0000] {processor.py:183} INFO - Processing /home/airflow/.local/lib/python3.12/site-packages/airflow/example_dags/example_complex.py took 0.070 seconds
[2026-03-29T21:43:45.827+0000] {processor.py:161} INFO - Started process (PID=1382) to work on /home/airflow/.local/lib/python3.12/site-packages/airflow/example_dags/example_complex.py
[2026-03-29T21:43:45.828+0000] {processor.py:830} INFO - Processing file /home/airflow/.local/lib/python3.12/site-packages/airflow/example_dags/example_complex.py for tasks to queue
[2026-03-29T21:43:45.830+0000] {logging_mixin.py:188} INFO - [2026-03-29T21:43:45.829+0000] {dagbag.py:545} INFO - Filling up the DagBag from /home/airflow/.local/lib/python3.12/site-packages/airflow/example_dags/example_complex.py
[2026-03-29T21:43:45.838+0000] {processor.py:840} INFO - DAG(s) 'example_complex' retrieved from /home/airflow/.local/lib/python3.12/site-packages/airflow/example_dags/example_complex.py
[2026-03-29T21:43:45.871+0000] {logging_mixin.py:188} INFO - [2026-03-29T21:43:45.871+0000] {dag.py:3089} INFO - Sync 1 DAGs
[2026-03-29T21:43:45.890+0000] {logging_mixin.py:188} INFO - [2026-03-29T21:43:45.889+0000] {dag.py:3947} INFO - Setting next_dagrun for example_complex to None, run_after=None
[2026-03-29T21:43:45.914+0000] {processor.py:183} INFO - Processing /home/airflow/.local/lib/python3.12/site-packages/airflow/example_dags/example_complex.py took 0.093 seconds
[2026-03-29T21:44:16.136+0000] {processor.py:161} INFO - Started process (PID=1434) to work on /home/airflow/.local/lib/python3.12/site-packages/airflow/example_dags/example_complex.py
[2026-03-29T21:44:16.138+0000] {processor.py:830} INFO - Processing file /home/airflow/.local/lib/python3.12/site-packages/airflow/example_dags/example_complex.py for tasks to queue
[2026-03-29T21:44:16.140+0000] {logging_mixin.py:188} INFO - [2026-03-29T21:44:16.139+0000] {dagbag.py:545} INFO - Filling up the DagBag from /home/airflow/.local/lib/python3.12/site-packages/airflow/example_dags/example_complex.py
[2026-03-29T21:44:16.151+0000] {processor.py:840} INFO - DAG(s) 'example_complex' retrieved from /home/airflow/.local/lib/python3.12/site-packages/airflow/example_dags/example_complex.py
[2026-03-29T21:44:16.190+0000] {logging_mixin.py:188} INFO - [2026-03-29T21:44:16.190+0000] {dag.py:3089} INFO - Sync 1 DAGs
[2026-03-29T21:44:16.211+0000] {logging_mixin.py:188} INFO - [2026-03-29T21:44:16.211+0000] {dag.py:3947} INFO - Setting next_dagrun for example_complex to None, run_after=None
[2026-03-29T21:44:16.230+0000] {processor.py:183} INFO - Processing /home/airflow/.local/lib/python3.12/site-packages/airflow/example_dags/example_complex.py took 0.106 seconds
[2026-03-29T21:44:47.450+0000] {processor.py:161} INFO - Started process (PID=1486) to work on /home/airflow/.local/lib/python3.12/site-packages/airflow/example_dags/example_complex.py
[2026-03-29T21:44:47.455+0000] {processor.py:830} INFO - Processing file /home/airflow/.local/lib/python3.12/site-packages/airflow/example_dags/example_complex.py for tasks to queue
[2026-03-29T21:44:47.458+0000] {logging_mixin.py:188} INFO - [2026-03-29T21:44:47.457+0000] {dagbag.py:545} INFO - Filling up the DagBag from /home/airflow/.local/lib/python3.12/site-packages/airflow/example_dags/example_complex.py
[2026-03-29T21:44:47.469+0000] {processor.py:840} INFO - DAG(s) 'example_complex' retrieved from /home/airflow/.local/lib/python3.12/site-packages/airflow/example_dags/example_complex.py
[2026-03-29T21:44:47.507+0000] {logging_mixin.py:188} INFO - [2026-03-29T21:44:47.507+0000] {dag.py:3089} INFO - Sync 1 DAGs
[2026-03-29T21:44:47.524+0000] {logging_mixin.py:188} INFO - [2026-03-29T21:44:47.524+0000] {dag.py:3947} INFO - Setting next_dagrun for example_complex to None, run_after=None
[2026-03-29T21:44:47.541+0000] {processor.py:183} INFO - Processing /home/airflow/.local/lib/python3.12/site-packages/airflow/example_dags/example_complex.py took 0.097 seconds
[2026-03-29T21:45:18.656+0000] {processor.py:161} INFO - Started process (PID=1538) to work on /home/airflow/.local/lib/python3.12/site-packages/airflow/example_dags/example_complex.py
[2026-03-29T21:45:18.658+0000] {processor.py:830} INFO - Processing file /home/airflow/.local/lib/python3.12/site-packages/airflow/example_dags/example_complex.py for tasks to queue
[2026-03-29T21:45:18.660+0000] {logging_mixin.py:188} INFO - [2026-03-29T21:45:18.660+0000] {dagbag.py:545} INFO - Filling up the DagBag from /home/airflow/.local/lib/python3.12/site-packages/airflow/example_dags/example_complex.py
[2026-03-29T21:45:18.673+0000] {processor.py:840} INFO - DAG(s) 'example_complex' retrieved from /home/airflow/.local/lib/python3.12/site-packages/airflow/example_dags/example_complex.py
[2026-03-29T21:45:18.714+0000] {logging_mixin.py:188} INFO - [2026-03-29T21:45:18.713+0000] {dag.py:3089} INFO - Sync 1 DAGs
[2026-03-29T21:45:18.726+0000] {logging_mixin.py:188} INFO - [2026-03-29T21:45:18.726+0000] {dag.py:3947} INFO - Setting next_dagrun for example_complex to None, run_after=None
[2026-03-29T21:45:18.743+0000] {processor.py:183} INFO - Processing /home/airflow/.local/lib/python3.12/site-packages/airflow/example_dags/example_complex.py took 0.102 seconds
[2026-03-29T21:45:49.734+0000] {processor.py:161} INFO - Started process (PID=1590) to work on /home/airflow/.local/lib/python3.12/site-packages/airflow/example_dags/example_complex.py
[2026-03-29T21:45:49.735+0000] {processor.py:830} INFO - Processing file /home/airflow/.local/lib/python3.12/site-packages/airflow/example_dags/example_complex.py for tasks to queue
[2026-03-29T21:45:49.738+0000] {logging_mixin.py:188} INFO - [2026-03-29T21:45:49.738+0000] {dagbag.py:545} INFO - Filling up the DagBag from /home/airflow/.local/lib/python3.12/site-packages/airflow/example_dags/example_complex.py
[2026-03-29T21:45:49.755+0000] {processor.py:840} INFO - DAG(s) 'example_complex' retrieved from /home/airflow/.local/lib/python3.12/site-packages/airflow/example_dags/example_complex.py
[2026-03-29T21:45:49.791+0000] {logging_mixin.py:188} INFO - [2026-03-29T21:45:49.791+0000] {dag.py:3089} INFO - Sync 1 DAGs
[2026-03-29T21:45:49.810+0000] {logging_mixin.py:188} INFO - [2026-03-29T21:45:49.810+0000] {dag.py:3947} INFO - Setting next_dagrun for example_complex to None, run_after=None
[2026-03-29T21:45:49.828+0000] {processor.py:183} INFO - Processing /home/airflow/.local/lib/python3.12/site-packages/airflow/example_dags/example_complex.py took 0.104 seconds
[2026-03-29T21:46:20.892+0000] {processor.py:161} INFO - Started process (PID=1642) to work on /home/airflow/.local/lib/python3.12/site-packages/airflow/example_dags/example_complex.py
[2026-03-29T21:46:20.892+0000] {processor.py:830} INFO - Processing file /home/airflow/.local/lib/python3.12/site-packages/airflow/example_dags/example_complex.py for tasks to queue
[2026-03-29T21:46:20.894+0000] {logging_mixin.py:188} INFO - [2026-03-29T21:46:20.894+0000] {dagbag.py:545} INFO - Filling up the DagBag from /home/airflow/.local/lib/python3.12/site-packages/airflow/example_dags/example_complex.py
[2026-03-29T21:46:20.906+0000] {processor.py:840} INFO - DAG(s) 'example_complex' retrieved from /home/airflow/.local/lib/python3.12/site-packages/airflow/example_dags/example_complex.py
[2026-03-29T21:46:20.933+0000] {logging_mixin.py:188} INFO - [2026-03-29T21:46:20.933+0000] {dag.py:3089} INFO - Sync 1 DAGs
[2026-03-29T21:46:20.948+0000] {logging_mixin.py:188} INFO - [2026-03-29T21:46:20.947+0000] {dag.py:3947} INFO - Setting next_dagrun for example_complex to None, run_after=None
[2026-03-29T21:46:20.967+0000] {processor.py:183} INFO - Processing /home/airflow/.local/lib/python3.12/site-packages/airflow/example_dags/example_complex.py took 0.081 seconds
[2026-03-29T21:46:52.368+0000] {processor.py:161} INFO - Started process (PID=1694) to work on /home/airflow/.local/lib/python3.12/site-packages/airflow/example_dags/example_complex.py
[2026-03-29T21:46:52.371+0000] {processor.py:830} INFO - Processing file /home/airflow/.local/lib/python3.12/site-packages/airflow/example_dags/example_complex.py for tasks to queue
[2026-03-29T21:46:52.373+0000] {logging_mixin.py:188} INFO - [2026-03-29T21:46:52.372+0000] {dagbag.py:545} INFO - Filling up the DagBag from /home/airflow/.local/lib/python3.12/site-packages/airflow/example_dags/example_complex.py
[2026-03-29T21:46:52.381+0000] {processor.py:840} INFO - DAG(s) 'example_complex' retrieved from /home/airflow/.local/lib/python3.12/site-packages/airflow/example_dags/example_complex.py
[2026-03-29T21:46:52.407+0000] {logging_mixin.py:188} INFO - [2026-03-29T21:46:52.407+0000] {dag.py:3089} INFO - Sync 1 DAGs
[2026-03-29T21:46:52.418+0000] {logging_mixin.py:188} INFO - [2026-03-29T21:46:52.417+0000] {dag.py:3947} INFO - Setting next_dagrun for example_complex to None, run_after=None
[2026-03-29T21:46:52.577+0000] {processor.py:183} INFO - Processing /home/airflow/.local/lib/python3.12/site-packages/airflow/example_dags/example_complex.py took 0.213 seconds
[2026-03-29T21:47:23.123+0000] {processor.py:161} INFO - Started process (PID=1746) to work on /home/airflow/.local/lib/python3.12/site-packages/airflow/example_dags/example_complex.py
[2026-03-29T21:47:23.125+0000] {processor.py:830} INFO - Processing file /home/airflow/.local/lib/python3.12/site-packages/airflow/example_dags/example_complex.py for tasks to queue
[2026-03-29T21:47:23.128+0000] {logging_mixin.py:188} INFO - [2026-03-29T21:47:23.127+0000] {dagbag.py:545} INFO - Filling up the DagBag from /home/airflow/.local/lib/python3.12/site-packages/airflow/example_dags/example_complex.py
[2026-03-29T21:47:23.136+0000] {processor.py:840} INFO - DAG(s) 'example_complex' retrieved from /home/airflow/.local/lib/python3.12/site-packages/airflow/example_dags/example_complex.py
[2026-03-29T21:47:23.169+0000] {logging_mixin.py:188} INFO - [2026-03-29T21:47:23.169+0000] {dag.py:3089} INFO - Sync 1 DAGs
[2026-03-29T21:47:23.182+0000] {logging_mixin.py:188} INFO - [2026-03-29T21:47:23.182+0000] {dag.py:3947} INFO - Setting next_dagrun for example_complex to None, run_after=None
[2026-03-29T21:47:23.200+0000] {processor.py:183} INFO - Processing /home/airflow/.local/lib/python3.12/site-packages/airflow/example_dags/example_complex.py took 0.088 seconds
[2026-03-29T21:47:54.236+0000] {processor.py:161} INFO - Started process (PID=1798) to work on /home/airflow/.local/lib/python3.12/site-packages/airflow/example_dags/example_complex.py
[2026-03-29T21:47:54.238+0000] {processor.py:830} INFO - Processing file /home/airflow/.local/lib/python3.12/site-packages/airflow/example_dags/example_complex.py for tasks to queue
[2026-03-29T21:47:54.240+0000] {logging_mixin.py:188} INFO - [2026-03-29T21:47:54.239+0000] {dagbag.py:545} INFO - Filling up the DagBag from /home/airflow/.local/lib/python3.12/site-packages/airflow/example_dags/example_complex.py
[2026-03-29T21:47:54.249+0000] {processor.py:840} INFO - DAG(s) 'example_complex' retrieved from /home/airflow/.local/lib/python3.12/site-packages/airflow/example_dags/example_complex.py
[2026-03-29T21:47:54.280+0000] {logging_mixin.py:188} INFO - [2026-03-29T21:47:54.280+0000] {dag.py:3089} INFO - Sync 1 DAGs
[2026-03-29T21:47:54.292+0000] {logging_mixin.py:188} INFO - [2026-03-29T21:47:54.292+0000] {dag.py:3947} INFO - Setting next_dagrun for example_complex to None, run_after=None
[2026-03-29T21:47:54.311+0000] {processor.py:183} INFO - Processing /home/airflow/.local/lib/python3.12/site-packages/airflow/example_dags/example_complex.py took 0.082 seconds
[2026-03-29T21:48:25.114+0000] {processor.py:161} INFO - Started process (PID=1850) to work on /home/airflow/.local/lib/python3.12/site-packages/airflow/example_dags/example_complex.py
[2026-03-29T21:48:25.115+0000] {processor.py:830} INFO - Processing file /home/airflow/.local/lib/python3.12/site-packages/airflow/example_dags/example_complex.py for tasks to queue
[2026-03-29T21:48:25.117+0000] {logging_mixin.py:188} INFO - [2026-03-29T21:48:25.117+0000] {dagbag.py:545} INFO - Filling up the DagBag from /home/airflow/.local/lib/python3.12/site-packages/airflow/example_dags/example_complex.py
[2026-03-29T21:48:25.127+0000] {processor.py:840} INFO - DAG(s) 'example_complex' retrieved from /home/airflow/.local/lib/python3.12/site-packages/airflow/example_dags/example_complex.py
[2026-03-29T21:48:25.155+0000] {logging_mixin.py:188} INFO - [2026-03-29T21:48:25.154+0000] {dag.py:3089} INFO - Sync 1 DAGs
[2026-03-29T21:48:25.163+0000] {logging_mixin.py:188} INFO - [2026-03-29T21:48:25.163+0000] {dag.py:3947} INFO - Setting next_dagrun for example_complex to None, run_after=None
[2026-03-29T21:48:25.183+0000] {processor.py:183} INFO - Processing /home/airflow/.local/lib/python3.12/site-packages/airflow/example_dags/example_complex.py took 0.075 seconds
[2026-03-29T21:48:56.754+0000] {processor.py:161} INFO - Started process (PID=1902) to work on /home/airflow/.local/lib/python3.12/site-packages/airflow/example_dags/example_complex.py
[2026-03-29T21:48:56.756+0000] {processor.py:830} INFO - Processing file /home/airflow/.local/lib/python3.12/site-packages/airflow/example_dags/example_complex.py for tasks to queue
[2026-03-29T21:48:56.757+0000] {logging_mixin.py:188} INFO - [2026-03-29T21:48:56.757+0000] {dagbag.py:545} INFO - Filling up the DagBag from /home/airflow/.local/lib/python3.12/site-packages/airflow/example_dags/example_complex.py
[2026-03-29T21:48:56.774+0000] {processor.py:840} INFO - DAG(s) 'example_complex' retrieved from /home/airflow/.local/lib/python3.12/site-packages/airflow/example_dags/example_complex.py
[2026-03-29T21:48:56.954+0000] {logging_mixin.py:188} INFO - [2026-03-29T21:48:56.939+0000] {dag.py:3089} INFO - Sync 1 DAGs
[2026-03-29T21:48:57.467+0000] {logging_mixin.py:188} INFO - [2026-03-29T21:48:57.467+0000] {dag.py:3947} INFO - Setting next_dagrun for example_complex to None, run_after=None
[2026-03-29T21:48:57.505+0000] {processor.py:183} INFO - Processing /home/airflow/.local/lib/python3.12/site-packages/airflow/example_dags/example_complex.py took 0.756 seconds
[2026-03-29T21:49:27.797+0000] {processor.py:161} INFO - Started process (PID=1954) to work on /home/airflow/.local/lib/python3.12/site-packages/airflow/example_dags/example_complex.py
[2026-03-29T21:49:27.798+0000] {processor.py:830} INFO - Processing file /home/airflow/.local/lib/python3.12/site-packages/airflow/example_dags/example_complex.py for tasks to queue
[2026-03-29T21:49:27.799+0000] {logging_mixin.py:188} INFO - [2026-03-29T21:49:27.799+0000] {dagbag.py:545} INFO - Filling up the DagBag from /home/airflow/.local/lib/python3.12/site-packages/airflow/example_dags/example_complex.py
[2026-03-29T21:49:27.809+0000] {processor.py:840} INFO - DAG(s) 'example_complex' retrieved from /home/airflow/.local/lib/python3.12/site-packages/airflow/example_dags/example_complex.py
[2026-03-29T21:49:27.843+0000] {logging_mixin.py:188} INFO - [2026-03-29T21:49:27.843+0000] {dag.py:3089} INFO - Sync 1 DAGs
[2026-03-29T21:49:28.026+0000] {logging_mixin.py:188} INFO - [2026-03-29T21:49:28.026+0000] {dag.py:3947} INFO - Setting next_dagrun for example_complex to None, run_after=None
[2026-03-29T21:49:28.043+0000] {processor.py:183} INFO - Processing /home/airflow/.local/lib/python3.12/site-packages/airflow/example_dags/example_complex.py took 0.252 seconds
[2026-03-29T21:49:58.918+0000] {processor.py:161} INFO - Started process (PID=2006) to work on /home/airflow/.local/lib/python3.12/site-packages/airflow/example_dags/example_complex.py
[2026-03-29T21:49:58.919+0000] {processor.py:830} INFO - Processing file /home/airflow/.local/lib/python3.12/site-packages/airflow/example_dags/example_complex.py for tasks to queue
[2026-03-29T21:49:58.921+0000] {logging_mixin.py:188} INFO - [2026-03-29T21:49:58.920+0000] {dagbag.py:545} INFO - Filling up the DagBag from /home/airflow/.local/lib/python3.12/site-packages/airflow/example_dags/example_complex.py
[2026-03-29T21:49:58.931+0000] {processor.py:840} INFO - DAG(s) 'example_complex' retrieved from /home/airflow/.local/lib/python3.12/site-packages/airflow/example_dags/example_complex.py
[2026-03-29T21:49:58.961+0000] {logging_mixin.py:188} INFO - [2026-03-29T21:49:58.960+0000] {dag.py:3089} INFO - Sync 1 DAGs
[2026-03-29T21:49:58.976+0000] {logging_mixin.py:188} INFO - [2026-03-29T21:49:58.976+0000] {dag.py:3947} INFO - Setting next_dagrun for example_complex to None, run_after=None
[2026-03-29T21:49:59.004+0000] {processor.py:183} INFO - Processing /home/airflow/.local/lib/python3.12/site-packages/airflow/example_dags/example_complex.py took 0.096 seconds
[2026-03-29T21:50:29.053+0000] {processor.py:161} INFO - Started process (PID=2058) to work on /home/airflow/.local/lib/python3.12/site-packages/airflow/example_dags/example_complex.py
[2026-03-29T21:50:29.054+0000] {processor.py:830} INFO - Processing file /home/airflow/.local/lib/python3.12/site-packages/airflow/example_dags/example_complex.py for tasks to queue
[2026-03-29T21:50:29.055+0000] {logging_mixin.py:188} INFO - [2026-03-29T21:50:29.055+0000] {dagbag.py:545} INFO - Filling up the DagBag from /home/airflow/.local/lib/python3.12/site-packages/airflow/example_dags/example_complex.py
[2026-03-29T21:50:29.065+0000] {processor.py:840} INFO - DAG(s) 'example_complex' retrieved from /home/airflow/.local/lib/python3.12/site-packages/airflow/example_dags/example_complex.py
[2026-03-29T21:50:29.105+0000] {logging_mixin.py:188} INFO - [2026-03-29T21:50:29.105+0000] {dag.py:3089} INFO - Sync 1 DAGs
[2026-03-29T21:50:29.121+0000] {logging_mixin.py:188} INFO - [2026-03-29T21:50:29.120+0000] {dag.py:3947} INFO - Setting next_dagrun for example_complex to None, run_after=None
[2026-03-29T21:50:29.144+0000] {processor.py:183} INFO - Processing /home/airflow/.local/lib/python3.12/site-packages/airflow/example_dags/example_complex.py took 0.097 seconds
[2026-03-29T21:50:59.288+0000] {processor.py:161} INFO - Started process (PID=2110) to work on /home/airflow/.local/lib/python3.12/site-packages/airflow/example_dags/example_complex.py
[2026-03-29T21:50:59.290+0000] {processor.py:830} INFO - Processing file /home/airflow/.local/lib/python3.12/site-packages/airflow/example_dags/example_complex.py for tasks to queue
[2026-03-29T21:50:59.294+0000] {logging_mixin.py:188} INFO - [2026-03-29T21:50:59.293+0000] {dagbag.py:545} INFO - Filling up the DagBag from /home/airflow/.local/lib/python3.12/site-packages/airflow/example_dags/example_complex.py
[2026-03-29T21:50:59.308+0000] {processor.py:840} INFO - DAG(s) 'example_complex' retrieved from /home/airflow/.local/lib/python3.12/site-packages/airflow/example_dags/example_complex.py
[2026-03-29T21:50:59.350+0000] {logging_mixin.py:188} INFO - [2026-03-29T21:50:59.350+0000] {dag.py:3089} INFO - Sync 1 DAGs
[2026-03-29T21:50:59.366+0000] {logging_mixin.py:188} INFO - [2026-03-29T21:50:59.366+0000] {dag.py:3947} INFO - Setting next_dagrun for example_complex to None, run_after=None
[2026-03-29T21:50:59.384+0000] {processor.py:183} INFO - Processing /home/airflow/.local/lib/python3.12/site-packages/airflow/example_dags/example_complex.py took 0.107 seconds
[2026-03-29T21:51:30.393+0000] {processor.py:161} INFO - Started process (PID=2162) to work on /home/airflow/.local/lib/python3.12/site-packages/airflow/example_dags/example_complex.py
[2026-03-29T21:51:30.395+0000] {processor.py:830} INFO - Processing file /home/airflow/.local/lib/python3.12/site-packages/airflow/example_dags/example_complex.py for tasks to queue
[2026-03-29T21:51:30.397+0000] {logging_mixin.py:188} INFO - [2026-03-29T21:51:30.396+0000] {dagbag.py:545} INFO - Filling up the DagBag from /home/airflow/.local/lib/python3.12/site-packages/airflow/example_dags/example_complex.py
[2026-03-29T21:51:30.409+0000] {processor.py:840} INFO - DAG(s) 'example_complex' retrieved from /home/airflow/.local/lib/python3.12/site-packages/airflow/example_dags/example_complex.py
[2026-03-29T21:51:30.438+0000] {logging_mixin.py:188} INFO - [2026-03-29T21:51:30.438+0000] {dag.py:3089} INFO - Sync 1 DAGs
[2026-03-29T21:51:30.451+0000] {logging_mixin.py:188} INFO - [2026-03-29T21:51:30.451+0000] {dag.py:3947} INFO - Setting next_dagrun for example_complex to None, run_after=None
[2026-03-29T21:51:30.471+0000] {processor.py:183} INFO - Processing /home/airflow/.local/lib/python3.12/site-packages/airflow/example_dags/example_complex.py took 0.083 seconds
[2026-03-29T21:52:00.758+0000] {processor.py:161} INFO - Started process (PID=2214) to work on /home/airflow/.local/lib/python3.12/site-packages/airflow/example_dags/example_complex.py
[2026-03-29T21:52:00.760+0000] {processor.py:830} INFO - Processing file /home/airflow/.local/lib/python3.12/site-packages/airflow/example_dags/example_complex.py for tasks to queue
[2026-03-29T21:52:00.761+0000] {logging_mixin.py:188} INFO - [2026-03-29T21:52:00.761+0000] {dagbag.py:545} INFO - Filling up the DagBag from /home/airflow/.local/lib/python3.12/site-packages/airflow/example_dags/example_complex.py
[2026-03-29T21:52:00.771+0000] {processor.py:840} INFO - DAG(s) 'example_complex' retrieved from /home/airflow/.local/lib/python3.12/site-packages/airflow/example_dags/example_complex.py
[2026-03-29T21:52:00.802+0000] {logging_mixin.py:188} INFO - [2026-03-29T21:52:00.802+0000] {dag.py:3089} INFO - Sync 1 DAGs
[2026-03-29T21:52:00.820+0000] {logging_mixin.py:188} INFO - [2026-03-29T21:52:00.820+0000] {dag.py:3947} INFO - Setting next_dagrun for example_complex to None, run_after=None
[2026-03-29T21:52:00.844+0000] {processor.py:183} INFO - Processing /home/airflow/.local/lib/python3.12/site-packages/airflow/example_dags/example_complex.py took 0.092 seconds
[2026-03-29T21:52:31.196+0000] {processor.py:161} INFO - Started process (PID=2266) to work on /home/airflow/.local/lib/python3.12/site-packages/airflow/example_dags/example_complex.py
[2026-03-29T21:52:31.198+0000] {processor.py:830} INFO - Processing file /home/airflow/.local/lib/python3.12/site-packages/airflow/example_dags/example_complex.py for tasks to queue
[2026-03-29T21:52:31.201+0000] {logging_mixin.py:188} INFO - [2026-03-29T21:52:31.201+0000] {dagbag.py:545} INFO - Filling up the DagBag from /home/airflow/.local/lib/python3.12/site-packages/airflow/example_dags/example_complex.py
[2026-03-29T21:52:31.208+0000] {processor.py:840} INFO - DAG(s) 'example_complex' retrieved from /home/airflow/.local/lib/python3.12/site-packages/airflow/example_dags/example_complex.py
[2026-03-29T21:52:31.238+0000] {logging_mixin.py:188} INFO - [2026-03-29T21:52:31.238+0000] {dag.py:3089} INFO - Sync 1 DAGs
[2026-03-29T21:52:31.251+0000] {logging_mixin.py:188} INFO - [2026-03-29T21:52:31.251+0000] {dag.py:3947} INFO - Setting next_dagrun for example_complex to None, run_after=None
[2026-03-29T21:52:31.268+0000] {processor.py:183} INFO - Processing /home/airflow/.local/lib/python3.12/site-packages/airflow/example_dags/example_complex.py took 0.084 seconds
[2026-03-29T21:53:01.650+0000] {processor.py:161} INFO - Started process (PID=2318) to work on /home/airflow/.local/lib/python3.12/site-packages/airflow/example_dags/example_complex.py
[2026-03-29T21:53:01.651+0000] {processor.py:830} INFO - Processing file /home/airflow/.local/lib/python3.12/site-packages/airflow/example_dags/example_complex.py for tasks to queue
[2026-03-29T21:53:01.652+0000] {logging_mixin.py:188} INFO - [2026-03-29T21:53:01.652+0000] {dagbag.py:545} INFO - Filling up the DagBag from /home/airflow/.local/lib/python3.12/site-packages/airflow/example_dags/example_complex.py
[2026-03-29T21:53:01.659+0000] {processor.py:840} INFO - DAG(s) 'example_complex' retrieved from /home/airflow/.local/lib/python3.12/site-packages/airflow/example_dags/example_complex.py
[2026-03-29T21:53:01.680+0000] {logging_mixin.py:188} INFO - [2026-03-29T21:53:01.680+0000] {dag.py:3089} INFO - Sync 1 DAGs
[2026-03-29T21:53:01.689+0000] {logging_mixin.py:188} INFO - [2026-03-29T21:53:01.688+0000] {dag.py:3947} INFO - Setting next_dagrun for example_complex to None, run_after=None
[2026-03-29T21:53:01.700+0000] {processor.py:183} INFO - Processing /home/airflow/.local/lib/python3.12/site-packages/airflow/example_dags/example_complex.py took 0.055 seconds
[2026-03-29T21:53:32.150+0000] {processor.py:161} INFO - Started process (PID=2370) to work on /home/airflow/.local/lib/python3.12/site-packages/airflow/example_dags/example_complex.py
[2026-03-29T21:53:32.151+0000] {processor.py:830} INFO - Processing file /home/airflow/.local/lib/python3.12/site-packages/airflow/example_dags/example_complex.py for tasks to queue
[2026-03-29T21:53:32.153+0000] {logging_mixin.py:188} INFO - [2026-03-29T21:53:32.153+0000] {dagbag.py:545} INFO - Filling up the DagBag from /home/airflow/.local/lib/python3.12/site-packages/airflow/example_dags/example_complex.py
[2026-03-29T21:53:32.162+0000] {processor.py:840} INFO - DAG(s) 'example_complex' retrieved from /home/airflow/.local/lib/python3.12/site-packages/airflow/example_dags/example_complex.py
[2026-03-29T21:53:32.192+0000] {logging_mixin.py:188} INFO - [2026-03-29T21:53:32.192+0000] {dag.py:3089} INFO - Sync 1 DAGs
[2026-03-29T21:53:32.207+0000] {logging_mixin.py:188} INFO - [2026-03-29T21:53:32.207+0000] {dag.py:3947} INFO - Setting next_dagrun for example_complex to None, run_after=None
[2026-03-29T21:53:32.240+0000] {processor.py:183} INFO - Processing /home/airflow/.local/lib/python3.12/site-packages/airflow/example_dags/example_complex.py took 0.097 seconds
[2026-03-29T21:54:03.423+0000] {processor.py:161} INFO - Started process (PID=2422) to work on /home/airflow/.local/lib/python3.12/site-packages/airflow/example_dags/example_complex.py
[2026-03-29T21:54:03.424+0000] {processor.py:830} INFO - Processing file /home/airflow/.local/lib/python3.12/site-packages/airflow/example_dags/example_complex.py for tasks to queue
[2026-03-29T21:54:03.426+0000] {logging_mixin.py:188} INFO - [2026-03-29T21:54:03.426+0000] {dagbag.py:545} INFO - Filling up the DagBag from /home/airflow/.local/lib/python3.12/site-packages/airflow/example_dags/example_complex.py
[2026-03-29T21:54:03.438+0000] {processor.py:840} INFO - DAG(s) 'example_complex' retrieved from /home/airflow/.local/lib/python3.12/site-packages/airflow/example_dags/example_complex.py
[2026-03-29T21:54:03.474+0000] {logging_mixin.py:188} INFO - [2026-03-29T21:54:03.474+0000] {dag.py:3089} INFO - Sync 1 DAGs
[2026-03-29T21:54:03.490+0000] {logging_mixin.py:188} INFO - [2026-03-29T21:54:03.490+0000] {dag.py:3947} INFO - Setting next_dagrun for example_complex to None, run_after=None
[2026-03-29T21:54:03.517+0000] {processor.py:183} INFO - Processing /home/airflow/.local/lib/python3.12/site-packages/airflow/example_dags/example_complex.py took 0.105 seconds
[2026-03-29T21:54:34.009+0000] {processor.py:161} INFO - Started process (PID=2474) to work on /home/airflow/.local/lib/python3.12/site-packages/airflow/example_dags/example_complex.py
[2026-03-29T21:54:34.011+0000] {processor.py:830} INFO - Processing file /home/airflow/.local/lib/python3.12/site-packages/airflow/example_dags/example_complex.py for tasks to queue
[2026-03-29T21:54:34.012+0000] {logging_mixin.py:188} INFO - [2026-03-29T21:54:34.012+0000] {dagbag.py:545} INFO - Filling up the DagBag from /home/airflow/.local/lib/python3.12/site-packages/airflow/example_dags/example_complex.py
[2026-03-29T21:54:34.022+0000] {processor.py:840} INFO - DAG(s) 'example_complex' retrieved from /home/airflow/.local/lib/python3.12/site-packages/airflow/example_dags/example_complex.py
[2026-03-29T21:54:34.056+0000] {logging_mixin.py:188} INFO - [2026-03-29T21:54:34.056+0000] {dag.py:3089} INFO - Sync 1 DAGs
[2026-03-29T21:54:34.066+0000] {logging_mixin.py:188} INFO - [2026-03-29T21:54:34.066+0000] {dag.py:3947} INFO - Setting next_dagrun for example_complex to None, run_after=None
[2026-03-29T21:54:34.083+0000] {processor.py:183} INFO - Processing /home/airflow/.local/lib/python3.12/site-packages/airflow/example_dags/example_complex.py took 0.080 seconds
[2026-03-29T21:55:04.390+0000] {processor.py:161} INFO - Started process (PID=2526) to work on /home/airflow/.local/lib/python3.12/site-packages/airflow/example_dags/example_complex.py
[2026-03-29T21:55:04.392+0000] {processor.py:830} INFO - Processing file /home/airflow/.local/lib/python3.12/site-packages/airflow/example_dags/example_complex.py for tasks to queue
[2026-03-29T21:55:04.393+0000] {logging_mixin.py:188} INFO - [2026-03-29T21:55:04.393+0000] {dagbag.py:545} INFO - Filling up the DagBag from /home/airflow/.local/lib/python3.12/site-packages/airflow/example_dags/example_complex.py
[2026-03-29T21:55:04.403+0000] {processor.py:840} INFO - DAG(s) 'example_complex' retrieved from /home/airflow/.local/lib/python3.12/site-packages/airflow/example_dags/example_complex.py
[2026-03-29T21:55:04.429+0000] {logging_mixin.py:188} INFO - [2026-03-29T21:55:04.429+0000] {dag.py:3089} INFO - Sync 1 DAGs
[2026-03-29T21:55:04.442+0000] {logging_mixin.py:188} INFO - [2026-03-29T21:55:04.442+0000] {dag.py:3947} INFO - Setting next_dagrun for example_complex to None, run_after=None
[2026-03-29T21:55:04.463+0000] {processor.py:183} INFO - Processing /home/airflow/.local/lib/python3.12/site-packages/airflow/example_dags/example_complex.py took 0.079 seconds
[2026-03-29T21:55:35.091+0000] {processor.py:161} INFO - Started process (PID=2578) to work on /home/airflow/.local/lib/python3.12/site-packages/airflow/example_dags/example_complex.py
[2026-03-29T21:55:35.092+0000] {processor.py:830} INFO - Processing file /home/airflow/.local/lib/python3.12/site-packages/airflow/example_dags/example_complex.py for tasks to queue
[2026-03-29T21:55:35.095+0000] {logging_mixin.py:188} INFO - [2026-03-29T21:55:35.095+0000] {dagbag.py:545} INFO - Filling up the DagBag from /home/airflow/.local/lib/python3.12/site-packages/airflow/example_dags/example_complex.py
[2026-03-29T21:55:35.104+0000] {processor.py:840} INFO - DAG(s) 'example_complex' retrieved from /home/airflow/.local/lib/python3.12/site-packages/airflow/example_dags/example_complex.py
[2026-03-29T21:55:35.140+0000] {logging_mixin.py:188} INFO - [2026-03-29T21:55:35.140+0000] {dag.py:3089} INFO - Sync 1 DAGs
[2026-03-29T21:55:35.150+0000] {logging_mixin.py:188} INFO - [2026-03-29T21:55:35.150+0000] {dag.py:3947} INFO - Setting next_dagrun for example_complex to None, run_after=None
[2026-03-29T21:55:35.167+0000] {processor.py:183} INFO - Processing /home/airflow/.local/lib/python3.12/site-packages/airflow/example_dags/example_complex.py took 0.085 seconds
[2026-03-29T21:56:05.505+0000] {processor.py:161} INFO - Started process (PID=2630) to work on /home/airflow/.local/lib/python3.12/site-packages/airflow/example_dags/example_complex.py
[2026-03-29T21:56:05.506+0000] {processor.py:830} INFO - Processing file /home/airflow/.local/lib/python3.12/site-packages/airflow/example_dags/example_complex.py for tasks to queue
[2026-03-29T21:56:05.508+0000] {logging_mixin.py:188} INFO - [2026-03-29T21:56:05.508+0000] {dagbag.py:545} INFO - Filling up the DagBag from /home/airflow/.local/lib/python3.12/site-packages/airflow/example_dags/example_complex.py
[2026-03-29T21:56:05.518+0000] {processor.py:840} INFO - DAG(s) 'example_complex' retrieved from /home/airflow/.local/lib/python3.12/site-packages/airflow/example_dags/example_complex.py
[2026-03-29T21:56:05.543+0000] {logging_mixin.py:188} INFO - [2026-03-29T21:56:05.542+0000] {dag.py:3089} INFO - Sync 1 DAGs
[2026-03-29T21:56:05.554+0000] {logging_mixin.py:188} INFO - [2026-03-29T21:56:05.554+0000] {dag.py:3947} INFO - Setting next_dagrun for example_complex to None, run_after=None
[2026-03-29T21:56:05.570+0000] {processor.py:183} INFO - Processing /home/airflow/.local/lib/python3.12/site-packages/airflow/example_dags/example_complex.py took 0.071 seconds
[2026-03-29T21:56:36.148+0000] {processor.py:161} INFO - Started process (PID=2682) to work on /home/airflow/.local/lib/python3.12/site-packages/airflow/example_dags/example_complex.py
[2026-03-29T21:56:36.149+0000] {processor.py:830} INFO - Processing file /home/airflow/.local/lib/python3.12/site-packages/airflow/example_dags/example_complex.py for tasks to queue
[2026-03-29T21:56:36.151+0000] {logging_mixin.py:188} INFO - [2026-03-29T21:56:36.151+0000] {dagbag.py:545} INFO - Filling up the DagBag from /home/airflow/.local/lib/python3.12/site-packages/airflow/example_dags/example_complex.py
[2026-03-29T21:56:36.159+0000] {processor.py:840} INFO - DAG(s) 'example_complex' retrieved from /home/airflow/.local/lib/python3.12/site-packages/airflow/example_dags/example_complex.py
[2026-03-29T21:56:36.187+0000] {logging_mixin.py:188} INFO - [2026-03-29T21:56:36.187+0000] {dag.py:3089} INFO - Sync 1 DAGs
[2026-03-29T21:56:36.199+0000] {logging_mixin.py:188} INFO - [2026-03-29T21:56:36.199+0000] {dag.py:3947} INFO - Setting next_dagrun for example_complex to None, run_after=None
[2026-03-29T21:56:36.217+0000] {processor.py:183} INFO - Processing /home/airflow/.local/lib/python3.12/site-packages/airflow/example_dags/example_complex.py took 0.077 seconds
[2026-03-29T21:57:06.819+0000] {processor.py:161} INFO - Started process (PID=2734) to work on /home/airflow/.local/lib/python3.12/site-packages/airflow/example_dags/example_complex.py
[2026-03-29T21:57:06.822+0000] {processor.py:830} INFO - Processing file /home/airflow/.local/lib/python3.12/site-packages/airflow/example_dags/example_complex.py for tasks to queue
[2026-03-29T21:57:06.823+0000] {logging_mixin.py:188} INFO - [2026-03-29T21:57:06.823+0000] {dagbag.py:545} INFO - Filling up the DagBag from /home/airflow/.local/lib/python3.12/site-packages/airflow/example_dags/example_complex.py
[2026-03-29T21:57:06.838+0000] {processor.py:840} INFO - DAG(s) 'example_complex' retrieved from /home/airflow/.local/lib/python3.12/site-packages/airflow/example_dags/example_complex.py
[2026-03-29T21:57:06.868+0000] {logging_mixin.py:188} INFO - [2026-03-29T21:57:06.868+0000] {dag.py:3089} INFO - Sync 1 DAGs
[2026-03-29T21:57:06.881+0000] {logging_mixin.py:188} INFO - [2026-03-29T21:57:06.880+0000] {dag.py:3947} INFO - Setting next_dagrun for example_complex to None, run_after=None
[2026-03-29T21:57:06.909+0000] {processor.py:183} INFO - Processing /home/airflow/.local/lib/python3.12/site-packages/airflow/example_dags/example_complex.py took 0.107 seconds
[2026-03-29T21:57:37.238+0000] {processor.py:161} INFO - Started process (PID=2786) to work on /home/airflow/.local/lib/python3.12/site-packages/airflow/example_dags/example_complex.py
[2026-03-29T21:57:37.239+0000] {processor.py:830} INFO - Processing file /home/airflow/.local/lib/python3.12/site-packages/airflow/example_dags/example_complex.py for tasks to queue
[2026-03-29T21:57:37.241+0000] {logging_mixin.py:188} INFO - [2026-03-29T21:57:37.241+0000] {dagbag.py:545} INFO - Filling up the DagBag from /home/airflow/.local/lib/python3.12/site-packages/airflow/example_dags/example_complex.py
[2026-03-29T21:57:37.251+0000] {processor.py:840} INFO - DAG(s) 'example_complex' retrieved from /home/airflow/.local/lib/python3.12/site-packages/airflow/example_dags/example_complex.py
[2026-03-29T21:57:37.282+0000] {logging_mixin.py:188} INFO - [2026-03-29T21:57:37.282+0000] {dag.py:3089} INFO - Sync 1 DAGs
[2026-03-29T21:57:37.296+0000] {logging_mixin.py:188} INFO - [2026-03-29T21:57:37.296+0000] {dag.py:3947} INFO - Setting next_dagrun for example_complex to None, run_after=None
[2026-03-29T21:57:37.313+0000] {processor.py:183} INFO - Processing /home/airflow/.local/lib/python3.12/site-packages/airflow/example_dags/example_complex.py took 0.081 seconds
[2026-03-29T21:58:08.154+0000] {processor.py:161} INFO - Started process (PID=2838) to work on /home/airflow/.local/lib/python3.12/site-packages/airflow/example_dags/example_complex.py
[2026-03-29T21:58:08.155+0000] {processor.py:830} INFO - Processing file /home/airflow/.local/lib/python3.12/site-packages/airflow/example_dags/example_complex.py for tasks to queue
[2026-03-29T21:58:08.160+0000] {logging_mixin.py:188} INFO - [2026-03-29T21:58:08.160+0000] {dagbag.py:545} INFO - Filling up the DagBag from /home/airflow/.local/lib/python3.12/site-packages/airflow/example_dags/example_complex.py
[2026-03-29T21:58:08.172+0000] {processor.py:840} INFO - DAG(s) 'example_complex' retrieved from /home/airflow/.local/lib/python3.12/site-packages/airflow/example_dags/example_complex.py
[2026-03-29T21:58:08.207+0000] {logging_mixin.py:188} INFO - [2026-03-29T21:58:08.207+0000] {dag.py:3089} INFO - Sync 1 DAGs
[2026-03-29T21:58:08.219+0000] {logging_mixin.py:188} INFO - [2026-03-29T21:58:08.219+0000] {dag.py:3947} INFO - Setting next_dagrun for example_complex to None, run_after=None
[2026-03-29T21:58:08.238+0000] {processor.py:183} INFO - Processing /home/airflow/.local/lib/python3.12/site-packages/airflow/example_dags/example_complex.py took 0.089 seconds
