[2026-03-29T21:30:30.492+0000] {processor.py:161} INFO - Started process (PID=42) to work on /home/airflow/.local/lib/python3.12/site-packages/airflow/example_dags/example_params_trigger_ui.py
[2026-03-29T21:30:30.496+0000] {processor.py:830} INFO - Processing file /home/airflow/.local/lib/python3.12/site-packages/airflow/example_dags/example_params_trigger_ui.py for tasks to queue
[2026-03-29T21:30:30.504+0000] {logging_mixin.py:188} INFO - [2026-03-29T21:30:30.503+0000] {dagbag.py:545} INFO - Filling up the DagBag from /home/airflow/.local/lib/python3.12/site-packages/airflow/example_dags/example_params_trigger_ui.py
[2026-03-29T21:30:30.537+0000] {processor.py:840} INFO - DAG(s) 'example_params_trigger_ui' retrieved from /home/airflow/.local/lib/python3.12/site-packages/airflow/example_dags/example_params_trigger_ui.py
[2026-03-29T21:30:30.576+0000] {logging_mixin.py:188} INFO - [2026-03-29T21:30:30.576+0000] {dag.py:3089} INFO - Sync 1 DAGs
[2026-03-29T21:30:30.621+0000] {logging_mixin.py:188} INFO - [2026-03-29T21:30:30.620+0000] {dag.py:3947} INFO - Setting next_dagrun for example_params_trigger_ui to None, run_after=None
[2026-03-29T21:30:30.681+0000] {processor.py:183} INFO - Processing /home/airflow/.local/lib/python3.12/site-packages/airflow/example_dags/example_params_trigger_ui.py took 0.210 seconds
[2026-03-29T21:31:01.844+0000] {processor.py:161} INFO - Started process (PID=94) to work on /home/airflow/.local/lib/python3.12/site-packages/airflow/example_dags/example_params_trigger_ui.py
[2026-03-29T21:31:01.846+0000] {processor.py:830} INFO - Processing file /home/airflow/.local/lib/python3.12/site-packages/airflow/example_dags/example_params_trigger_ui.py for tasks to queue
[2026-03-29T21:31:01.849+0000] {logging_mixin.py:188} INFO - [2026-03-29T21:31:01.848+0000] {dagbag.py:545} INFO - Filling up the DagBag from /home/airflow/.local/lib/python3.12/site-packages/airflow/example_dags/example_params_trigger_ui.py
[2026-03-29T21:31:01.860+0000] {processor.py:840} INFO - DAG(s) 'example_params_trigger_ui' retrieved from /home/airflow/.local/lib/python3.12/site-packages/airflow/example_dags/example_params_trigger_ui.py
[2026-03-29T21:31:02.052+0000] {logging_mixin.py:188} INFO - [2026-03-29T21:31:02.052+0000] {dag.py:3089} INFO - Sync 1 DAGs
[2026-03-29T21:31:02.067+0000] {logging_mixin.py:188} INFO - [2026-03-29T21:31:02.066+0000] {dag.py:3947} INFO - Setting next_dagrun for example_params_trigger_ui to None, run_after=None
[2026-03-29T21:31:02.108+0000] {processor.py:183} INFO - Processing /home/airflow/.local/lib/python3.12/site-packages/airflow/example_dags/example_params_trigger_ui.py took 0.272 seconds
[2026-03-29T21:31:32.790+0000] {processor.py:161} INFO - Started process (PID=146) to work on /home/airflow/.local/lib/python3.12/site-packages/airflow/example_dags/example_params_trigger_ui.py
[2026-03-29T21:31:32.790+0000] {processor.py:830} INFO - Processing file /home/airflow/.local/lib/python3.12/site-packages/airflow/example_dags/example_params_trigger_ui.py for tasks to queue
[2026-03-29T21:31:32.792+0000] {logging_mixin.py:188} INFO - [2026-03-29T21:31:32.791+0000] {dagbag.py:545} INFO - Filling up the DagBag from /home/airflow/.local/lib/python3.12/site-packages/airflow/example_dags/example_params_trigger_ui.py
[2026-03-29T21:31:32.798+0000] {processor.py:840} INFO - DAG(s) 'example_params_trigger_ui' retrieved from /home/airflow/.local/lib/python3.12/site-packages/airflow/example_dags/example_params_trigger_ui.py
[2026-03-29T21:31:32.828+0000] {logging_mixin.py:188} INFO - [2026-03-29T21:31:32.827+0000] {dag.py:3089} INFO - Sync 1 DAGs
[2026-03-29T21:31:32.838+0000] {logging_mixin.py:188} INFO - [2026-03-29T21:31:32.838+0000] {dag.py:3947} INFO - Setting next_dagrun for example_params_trigger_ui to None, run_after=None
[2026-03-29T21:31:32.858+0000] {processor.py:183} INFO - Processing /home/airflow/.local/lib/python3.12/site-packages/airflow/example_dags/example_params_trigger_ui.py took 0.073 seconds
[2026-03-29T21:32:04.459+0000] {processor.py:161} INFO - Started process (PID=198) to work on /home/airflow/.local/lib/python3.12/site-packages/airflow/example_dags/example_params_trigger_ui.py
[2026-03-29T21:32:04.466+0000] {processor.py:830} INFO - Processing file /home/airflow/.local/lib/python3.12/site-packages/airflow/example_dags/example_params_trigger_ui.py for tasks to queue
[2026-03-29T21:32:04.469+0000] {logging_mixin.py:188} INFO - [2026-03-29T21:32:04.469+0000] {dagbag.py:545} INFO - Filling up the DagBag from /home/airflow/.local/lib/python3.12/site-packages/airflow/example_dags/example_params_trigger_ui.py
[2026-03-29T21:32:04.500+0000] {processor.py:840} INFO - DAG(s) 'example_params_trigger_ui' retrieved from /home/airflow/.local/lib/python3.12/site-packages/airflow/example_dags/example_params_trigger_ui.py
[2026-03-29T21:32:04.612+0000] {logging_mixin.py:188} INFO - [2026-03-29T21:32:04.612+0000] {dag.py:3089} INFO - Sync 1 DAGs
[2026-03-29T21:32:04.643+0000] {logging_mixin.py:188} INFO - [2026-03-29T21:32:04.643+0000] {dag.py:3947} INFO - Setting next_dagrun for example_params_trigger_ui to None, run_after=None
[2026-03-29T21:32:04.691+0000] {processor.py:183} INFO - Processing /home/airflow/.local/lib/python3.12/site-packages/airflow/example_dags/example_params_trigger_ui.py took 0.248 seconds
[2026-03-29T21:32:35.626+0000] {processor.py:161} INFO - Started process (PID=250) to work on /home/airflow/.local/lib/python3.12/site-packages/airflow/example_dags/example_params_trigger_ui.py
[2026-03-29T21:32:35.631+0000] {processor.py:830} INFO - Processing file /home/airflow/.local/lib/python3.12/site-packages/airflow/example_dags/example_params_trigger_ui.py for tasks to queue
[2026-03-29T21:32:35.634+0000] {logging_mixin.py:188} INFO - [2026-03-29T21:32:35.634+0000] {dagbag.py:545} INFO - Filling up the DagBag from /home/airflow/.local/lib/python3.12/site-packages/airflow/example_dags/example_params_trigger_ui.py
[2026-03-29T21:32:35.647+0000] {processor.py:840} INFO - DAG(s) 'example_params_trigger_ui' retrieved from /home/airflow/.local/lib/python3.12/site-packages/airflow/example_dags/example_params_trigger_ui.py
[2026-03-29T21:32:35.682+0000] {logging_mixin.py:188} INFO - [2026-03-29T21:32:35.682+0000] {dag.py:3089} INFO - Sync 1 DAGs
[2026-03-29T21:32:35.695+0000] {logging_mixin.py:188} INFO - [2026-03-29T21:32:35.695+0000] {dag.py:3947} INFO - Setting next_dagrun for example_params_trigger_ui to None, run_after=None
[2026-03-29T21:32:35.714+0000] {processor.py:183} INFO - Processing /home/airflow/.local/lib/python3.12/site-packages/airflow/example_dags/example_params_trigger_ui.py took 0.095 seconds
[2026-03-29T21:33:05.999+0000] {processor.py:161} INFO - Started process (PID=302) to work on /home/airflow/.local/lib/python3.12/site-packages/airflow/example_dags/example_params_trigger_ui.py
[2026-03-29T21:33:06.002+0000] {processor.py:830} INFO - Processing file /home/airflow/.local/lib/python3.12/site-packages/airflow/example_dags/example_params_trigger_ui.py for tasks to queue
[2026-03-29T21:33:06.005+0000] {logging_mixin.py:188} INFO - [2026-03-29T21:33:06.005+0000] {dagbag.py:545} INFO - Filling up the DagBag from /home/airflow/.local/lib/python3.12/site-packages/airflow/example_dags/example_params_trigger_ui.py
[2026-03-29T21:33:06.015+0000] {processor.py:840} INFO - DAG(s) 'example_params_trigger_ui' retrieved from /home/airflow/.local/lib/python3.12/site-packages/airflow/example_dags/example_params_trigger_ui.py
[2026-03-29T21:33:06.055+0000] {logging_mixin.py:188} INFO - [2026-03-29T21:33:06.054+0000] {dag.py:3089} INFO - Sync 1 DAGs
[2026-03-29T21:33:06.068+0000] {logging_mixin.py:188} INFO - [2026-03-29T21:33:06.068+0000] {dag.py:3947} INFO - Setting next_dagrun for example_params_trigger_ui to None, run_after=None
[2026-03-29T21:33:06.088+0000] {processor.py:183} INFO - Processing /home/airflow/.local/lib/python3.12/site-packages/airflow/example_dags/example_params_trigger_ui.py took 0.100 seconds
[2026-03-29T21:33:36.523+0000] {processor.py:161} INFO - Started process (PID=354) to work on /home/airflow/.local/lib/python3.12/site-packages/airflow/example_dags/example_params_trigger_ui.py
[2026-03-29T21:33:36.524+0000] {processor.py:830} INFO - Processing file /home/airflow/.local/lib/python3.12/site-packages/airflow/example_dags/example_params_trigger_ui.py for tasks to queue
[2026-03-29T21:33:36.525+0000] {logging_mixin.py:188} INFO - [2026-03-29T21:33:36.525+0000] {dagbag.py:545} INFO - Filling up the DagBag from /home/airflow/.local/lib/python3.12/site-packages/airflow/example_dags/example_params_trigger_ui.py
[2026-03-29T21:33:36.542+0000] {processor.py:840} INFO - DAG(s) 'example_params_trigger_ui' retrieved from /home/airflow/.local/lib/python3.12/site-packages/airflow/example_dags/example_params_trigger_ui.py
[2026-03-29T21:33:36.582+0000] {logging_mixin.py:188} INFO - [2026-03-29T21:33:36.582+0000] {dag.py:3089} INFO - Sync 1 DAGs
[2026-03-29T21:33:36.600+0000] {logging_mixin.py:188} INFO - [2026-03-29T21:33:36.600+0000] {dag.py:3947} INFO - Setting next_dagrun for example_params_trigger_ui to None, run_after=None
[2026-03-29T21:33:36.627+0000] {processor.py:183} INFO - Processing /home/airflow/.local/lib/python3.12/site-packages/airflow/example_dags/example_params_trigger_ui.py took 0.111 seconds
[2026-03-29T21:34:07.403+0000] {processor.py:161} INFO - Started process (PID=406) to work on /home/airflow/.local/lib/python3.12/site-packages/airflow/example_dags/example_params_trigger_ui.py
[2026-03-29T21:34:07.406+0000] {processor.py:830} INFO - Processing file /home/airflow/.local/lib/python3.12/site-packages/airflow/example_dags/example_params_trigger_ui.py for tasks to queue
[2026-03-29T21:34:07.410+0000] {logging_mixin.py:188} INFO - [2026-03-29T21:34:07.410+0000] {dagbag.py:545} INFO - Filling up the DagBag from /home/airflow/.local/lib/python3.12/site-packages/airflow/example_dags/example_params_trigger_ui.py
[2026-03-29T21:34:07.425+0000] {processor.py:840} INFO - DAG(s) 'example_params_trigger_ui' retrieved from /home/airflow/.local/lib/python3.12/site-packages/airflow/example_dags/example_params_trigger_ui.py
[2026-03-29T21:34:07.473+0000] {logging_mixin.py:188} INFO - [2026-03-29T21:34:07.473+0000] {dag.py:3089} INFO - Sync 1 DAGs
[2026-03-29T21:34:07.491+0000] {logging_mixin.py:188} INFO - [2026-03-29T21:34:07.490+0000] {dag.py:3947} INFO - Setting next_dagrun for example_params_trigger_ui to None, run_after=None
[2026-03-29T21:34:07.511+0000] {processor.py:183} INFO - Processing /home/airflow/.local/lib/python3.12/site-packages/airflow/example_dags/example_params_trigger_ui.py took 0.119 seconds
[2026-03-29T21:34:37.815+0000] {processor.py:161} INFO - Started process (PID=458) to work on /home/airflow/.local/lib/python3.12/site-packages/airflow/example_dags/example_params_trigger_ui.py
[2026-03-29T21:34:37.818+0000] {processor.py:830} INFO - Processing file /home/airflow/.local/lib/python3.12/site-packages/airflow/example_dags/example_params_trigger_ui.py for tasks to queue
[2026-03-29T21:34:37.822+0000] {logging_mixin.py:188} INFO - [2026-03-29T21:34:37.821+0000] {dagbag.py:545} INFO - Filling up the DagBag from /home/airflow/.local/lib/python3.12/site-packages/airflow/example_dags/example_params_trigger_ui.py
[2026-03-29T21:34:37.831+0000] {processor.py:840} INFO - DAG(s) 'example_params_trigger_ui' retrieved from /home/airflow/.local/lib/python3.12/site-packages/airflow/example_dags/example_params_trigger_ui.py
[2026-03-29T21:34:37.869+0000] {logging_mixin.py:188} INFO - [2026-03-29T21:34:37.869+0000] {dag.py:3089} INFO - Sync 1 DAGs
[2026-03-29T21:34:37.881+0000] {logging_mixin.py:188} INFO - [2026-03-29T21:34:37.881+0000] {dag.py:3947} INFO - Setting next_dagrun for example_params_trigger_ui to None, run_after=None
[2026-03-29T21:34:37.902+0000] {processor.py:183} INFO - Processing /home/airflow/.local/lib/python3.12/site-packages/airflow/example_dags/example_params_trigger_ui.py took 0.092 seconds
[2026-03-29T21:35:08.849+0000] {processor.py:161} INFO - Started process (PID=510) to work on /home/airflow/.local/lib/python3.12/site-packages/airflow/example_dags/example_params_trigger_ui.py
[2026-03-29T21:35:08.852+0000] {processor.py:830} INFO - Processing file /home/airflow/.local/lib/python3.12/site-packages/airflow/example_dags/example_params_trigger_ui.py for tasks to queue
[2026-03-29T21:35:08.857+0000] {logging_mixin.py:188} INFO - [2026-03-29T21:35:08.857+0000] {dagbag.py:545} INFO - Filling up the DagBag from /home/airflow/.local/lib/python3.12/site-packages/airflow/example_dags/example_params_trigger_ui.py
[2026-03-29T21:35:08.871+0000] {processor.py:840} INFO - DAG(s) 'example_params_trigger_ui' retrieved from /home/airflow/.local/lib/python3.12/site-packages/airflow/example_dags/example_params_trigger_ui.py
[2026-03-29T21:35:08.930+0000] {logging_mixin.py:188} INFO - [2026-03-29T21:35:08.929+0000] {dag.py:3089} INFO - Sync 1 DAGs
[2026-03-29T21:35:08.951+0000] {logging_mixin.py:188} INFO - [2026-03-29T21:35:08.950+0000] {dag.py:3947} INFO - Setting next_dagrun for example_params_trigger_ui to None, run_after=None
[2026-03-29T21:35:08.982+0000] {processor.py:183} INFO - Processing /home/airflow/.local/lib/python3.12/site-packages/airflow/example_dags/example_params_trigger_ui.py took 0.139 seconds
[2026-03-29T21:35:39.764+0000] {processor.py:161} INFO - Started process (PID=562) to work on /home/airflow/.local/lib/python3.12/site-packages/airflow/example_dags/example_params_trigger_ui.py
[2026-03-29T21:35:39.767+0000] {processor.py:830} INFO - Processing file /home/airflow/.local/lib/python3.12/site-packages/airflow/example_dags/example_params_trigger_ui.py for tasks to queue
[2026-03-29T21:35:39.769+0000] {logging_mixin.py:188} INFO - [2026-03-29T21:35:39.769+0000] {dagbag.py:545} INFO - Filling up the DagBag from /home/airflow/.local/lib/python3.12/site-packages/airflow/example_dags/example_params_trigger_ui.py
[2026-03-29T21:35:39.780+0000] {processor.py:840} INFO - DAG(s) 'example_params_trigger_ui' retrieved from /home/airflow/.local/lib/python3.12/site-packages/airflow/example_dags/example_params_trigger_ui.py
[2026-03-29T21:35:39.831+0000] {logging_mixin.py:188} INFO - [2026-03-29T21:35:39.831+0000] {dag.py:3089} INFO - Sync 1 DAGs
[2026-03-29T21:35:39.848+0000] {logging_mixin.py:188} INFO - [2026-03-29T21:35:39.848+0000] {dag.py:3947} INFO - Setting next_dagrun for example_params_trigger_ui to None, run_after=None
[2026-03-29T21:35:39.867+0000] {processor.py:183} INFO - Processing /home/airflow/.local/lib/python3.12/site-packages/airflow/example_dags/example_params_trigger_ui.py took 0.110 seconds
[2026-03-29T21:36:10.468+0000] {processor.py:161} INFO - Started process (PID=614) to work on /home/airflow/.local/lib/python3.12/site-packages/airflow/example_dags/example_params_trigger_ui.py
[2026-03-29T21:36:10.471+0000] {processor.py:830} INFO - Processing file /home/airflow/.local/lib/python3.12/site-packages/airflow/example_dags/example_params_trigger_ui.py for tasks to queue
[2026-03-29T21:36:10.475+0000] {logging_mixin.py:188} INFO - [2026-03-29T21:36:10.474+0000] {dagbag.py:545} INFO - Filling up the DagBag from /home/airflow/.local/lib/python3.12/site-packages/airflow/example_dags/example_params_trigger_ui.py
[2026-03-29T21:36:10.487+0000] {processor.py:840} INFO - DAG(s) 'example_params_trigger_ui' retrieved from /home/airflow/.local/lib/python3.12/site-packages/airflow/example_dags/example_params_trigger_ui.py
[2026-03-29T21:36:10.526+0000] {logging_mixin.py:188} INFO - [2026-03-29T21:36:10.526+0000] {dag.py:3089} INFO - Sync 1 DAGs
[2026-03-29T21:36:10.537+0000] {logging_mixin.py:188} INFO - [2026-03-29T21:36:10.537+0000] {dag.py:3947} INFO - Setting next_dagrun for example_params_trigger_ui to None, run_after=None
[2026-03-29T21:36:10.551+0000] {processor.py:183} INFO - Processing /home/airflow/.local/lib/python3.12/site-packages/airflow/example_dags/example_params_trigger_ui.py took 0.092 seconds
[2026-03-29T21:36:40.707+0000] {processor.py:161} INFO - Started process (PID=666) to work on /home/airflow/.local/lib/python3.12/site-packages/airflow/example_dags/example_params_trigger_ui.py
[2026-03-29T21:36:40.710+0000] {processor.py:830} INFO - Processing file /home/airflow/.local/lib/python3.12/site-packages/airflow/example_dags/example_params_trigger_ui.py for tasks to queue
[2026-03-29T21:36:40.712+0000] {logging_mixin.py:188} INFO - [2026-03-29T21:36:40.711+0000] {dagbag.py:545} INFO - Filling up the DagBag from /home/airflow/.local/lib/python3.12/site-packages/airflow/example_dags/example_params_trigger_ui.py
[2026-03-29T21:36:40.721+0000] {processor.py:840} INFO - DAG(s) 'example_params_trigger_ui' retrieved from /home/airflow/.local/lib/python3.12/site-packages/airflow/example_dags/example_params_trigger_ui.py
[2026-03-29T21:36:40.750+0000] {logging_mixin.py:188} INFO - [2026-03-29T21:36:40.749+0000] {dag.py:3089} INFO - Sync 1 DAGs
[2026-03-29T21:36:40.763+0000] {logging_mixin.py:188} INFO - [2026-03-29T21:36:40.762+0000] {dag.py:3947} INFO - Setting next_dagrun for example_params_trigger_ui to None, run_after=None
[2026-03-29T21:36:40.781+0000] {processor.py:183} INFO - Processing /home/airflow/.local/lib/python3.12/site-packages/airflow/example_dags/example_params_trigger_ui.py took 0.081 seconds
[2026-03-29T21:37:11.391+0000] {processor.py:161} INFO - Started process (PID=718) to work on /home/airflow/.local/lib/python3.12/site-packages/airflow/example_dags/example_params_trigger_ui.py
[2026-03-29T21:37:11.393+0000] {processor.py:830} INFO - Processing file /home/airflow/.local/lib/python3.12/site-packages/airflow/example_dags/example_params_trigger_ui.py for tasks to queue
[2026-03-29T21:37:11.395+0000] {logging_mixin.py:188} INFO - [2026-03-29T21:37:11.394+0000] {dagbag.py:545} INFO - Filling up the DagBag from /home/airflow/.local/lib/python3.12/site-packages/airflow/example_dags/example_params_trigger_ui.py
[2026-03-29T21:37:11.404+0000] {processor.py:840} INFO - DAG(s) 'example_params_trigger_ui' retrieved from /home/airflow/.local/lib/python3.12/site-packages/airflow/example_dags/example_params_trigger_ui.py
[2026-03-29T21:37:11.438+0000] {logging_mixin.py:188} INFO - [2026-03-29T21:37:11.437+0000] {dag.py:3089} INFO - Sync 1 DAGs
[2026-03-29T21:37:11.447+0000] {logging_mixin.py:188} INFO - [2026-03-29T21:37:11.447+0000] {dag.py:3947} INFO - Setting next_dagrun for example_params_trigger_ui to None, run_after=None
[2026-03-29T21:37:11.462+0000] {processor.py:183} INFO - Processing /home/airflow/.local/lib/python3.12/site-packages/airflow/example_dags/example_params_trigger_ui.py took 0.078 seconds
[2026-03-29T21:37:41.710+0000] {processor.py:161} INFO - Started process (PID=770) to work on /home/airflow/.local/lib/python3.12/site-packages/airflow/example_dags/example_params_trigger_ui.py
[2026-03-29T21:37:41.711+0000] {processor.py:830} INFO - Processing file /home/airflow/.local/lib/python3.12/site-packages/airflow/example_dags/example_params_trigger_ui.py for tasks to queue
[2026-03-29T21:37:41.713+0000] {logging_mixin.py:188} INFO - [2026-03-29T21:37:41.713+0000] {dagbag.py:545} INFO - Filling up the DagBag from /home/airflow/.local/lib/python3.12/site-packages/airflow/example_dags/example_params_trigger_ui.py
[2026-03-29T21:37:41.727+0000] {processor.py:840} INFO - DAG(s) 'example_params_trigger_ui' retrieved from /home/airflow/.local/lib/python3.12/site-packages/airflow/example_dags/example_params_trigger_ui.py
[2026-03-29T21:37:41.776+0000] {logging_mixin.py:188} INFO - [2026-03-29T21:37:41.775+0000] {dag.py:3089} INFO - Sync 1 DAGs
[2026-03-29T21:37:41.791+0000] {logging_mixin.py:188} INFO - [2026-03-29T21:37:41.791+0000] {dag.py:3947} INFO - Setting next_dagrun for example_params_trigger_ui to None, run_after=None
[2026-03-29T21:37:41.814+0000] {processor.py:183} INFO - Processing /home/airflow/.local/lib/python3.12/site-packages/airflow/example_dags/example_params_trigger_ui.py took 0.114 seconds
[2026-03-29T21:38:12.133+0000] {processor.py:161} INFO - Started process (PID=822) to work on /home/airflow/.local/lib/python3.12/site-packages/airflow/example_dags/example_params_trigger_ui.py
[2026-03-29T21:38:12.134+0000] {processor.py:830} INFO - Processing file /home/airflow/.local/lib/python3.12/site-packages/airflow/example_dags/example_params_trigger_ui.py for tasks to queue
[2026-03-29T21:38:12.136+0000] {logging_mixin.py:188} INFO - [2026-03-29T21:38:12.136+0000] {dagbag.py:545} INFO - Filling up the DagBag from /home/airflow/.local/lib/python3.12/site-packages/airflow/example_dags/example_params_trigger_ui.py
[2026-03-29T21:38:12.144+0000] {processor.py:840} INFO - DAG(s) 'example_params_trigger_ui' retrieved from /home/airflow/.local/lib/python3.12/site-packages/airflow/example_dags/example_params_trigger_ui.py
[2026-03-29T21:38:12.176+0000] {logging_mixin.py:188} INFO - [2026-03-29T21:38:12.175+0000] {dag.py:3089} INFO - Sync 1 DAGs
[2026-03-29T21:38:12.185+0000] {logging_mixin.py:188} INFO - [2026-03-29T21:38:12.185+0000] {dag.py:3947} INFO - Setting next_dagrun for example_params_trigger_ui to None, run_after=None
[2026-03-29T21:38:12.198+0000] {processor.py:183} INFO - Processing /home/airflow/.local/lib/python3.12/site-packages/airflow/example_dags/example_params_trigger_ui.py took 0.071 seconds
[2026-03-29T21:38:42.756+0000] {processor.py:161} INFO - Started process (PID=874) to work on /home/airflow/.local/lib/python3.12/site-packages/airflow/example_dags/example_params_trigger_ui.py
[2026-03-29T21:38:42.757+0000] {processor.py:830} INFO - Processing file /home/airflow/.local/lib/python3.12/site-packages/airflow/example_dags/example_params_trigger_ui.py for tasks to queue
[2026-03-29T21:38:42.759+0000] {logging_mixin.py:188} INFO - [2026-03-29T21:38:42.759+0000] {dagbag.py:545} INFO - Filling up the DagBag from /home/airflow/.local/lib/python3.12/site-packages/airflow/example_dags/example_params_trigger_ui.py
[2026-03-29T21:38:42.768+0000] {processor.py:840} INFO - DAG(s) 'example_params_trigger_ui' retrieved from /home/airflow/.local/lib/python3.12/site-packages/airflow/example_dags/example_params_trigger_ui.py
[2026-03-29T21:38:42.803+0000] {logging_mixin.py:188} INFO - [2026-03-29T21:38:42.803+0000] {dag.py:3089} INFO - Sync 1 DAGs
[2026-03-29T21:38:42.812+0000] {logging_mixin.py:188} INFO - [2026-03-29T21:38:42.812+0000] {dag.py:3947} INFO - Setting next_dagrun for example_params_trigger_ui to None, run_after=None
[2026-03-29T21:38:42.826+0000] {processor.py:183} INFO - Processing /home/airflow/.local/lib/python3.12/site-packages/airflow/example_dags/example_params_trigger_ui.py took 0.077 seconds
[2026-03-29T21:39:13.249+0000] {processor.py:161} INFO - Started process (PID=926) to work on /home/airflow/.local/lib/python3.12/site-packages/airflow/example_dags/example_params_trigger_ui.py
[2026-03-29T21:39:13.251+0000] {processor.py:830} INFO - Processing file /home/airflow/.local/lib/python3.12/site-packages/airflow/example_dags/example_params_trigger_ui.py for tasks to queue
[2026-03-29T21:39:13.256+0000] {logging_mixin.py:188} INFO - [2026-03-29T21:39:13.255+0000] {dagbag.py:545} INFO - Filling up the DagBag from /home/airflow/.local/lib/python3.12/site-packages/airflow/example_dags/example_params_trigger_ui.py
[2026-03-29T21:39:13.266+0000] {processor.py:840} INFO - DAG(s) 'example_params_trigger_ui' retrieved from /home/airflow/.local/lib/python3.12/site-packages/airflow/example_dags/example_params_trigger_ui.py
[2026-03-29T21:39:13.295+0000] {logging_mixin.py:188} INFO - [2026-03-29T21:39:13.295+0000] {dag.py:3089} INFO - Sync 1 DAGs
[2026-03-29T21:39:13.304+0000] {logging_mixin.py:188} INFO - [2026-03-29T21:39:13.304+0000] {dag.py:3947} INFO - Setting next_dagrun for example_params_trigger_ui to None, run_after=None
[2026-03-29T21:39:13.316+0000] {processor.py:183} INFO - Processing /home/airflow/.local/lib/python3.12/site-packages/airflow/example_dags/example_params_trigger_ui.py took 0.075 seconds
[2026-03-29T21:39:43.721+0000] {processor.py:161} INFO - Started process (PID=978) to work on /home/airflow/.local/lib/python3.12/site-packages/airflow/example_dags/example_params_trigger_ui.py
[2026-03-29T21:39:43.723+0000] {processor.py:830} INFO - Processing file /home/airflow/.local/lib/python3.12/site-packages/airflow/example_dags/example_params_trigger_ui.py for tasks to queue
[2026-03-29T21:39:43.726+0000] {logging_mixin.py:188} INFO - [2026-03-29T21:39:43.725+0000] {dagbag.py:545} INFO - Filling up the DagBag from /home/airflow/.local/lib/python3.12/site-packages/airflow/example_dags/example_params_trigger_ui.py
[2026-03-29T21:39:43.738+0000] {processor.py:840} INFO - DAG(s) 'example_params_trigger_ui' retrieved from /home/airflow/.local/lib/python3.12/site-packages/airflow/example_dags/example_params_trigger_ui.py
[2026-03-29T21:39:43.818+0000] {logging_mixin.py:188} INFO - [2026-03-29T21:39:43.817+0000] {dag.py:3089} INFO - Sync 1 DAGs
[2026-03-29T21:39:43.854+0000] {logging_mixin.py:188} INFO - [2026-03-29T21:39:43.854+0000] {dag.py:3947} INFO - Setting next_dagrun for example_params_trigger_ui to None, run_after=None
[2026-03-29T21:39:43.906+0000] {processor.py:183} INFO - Processing /home/airflow/.local/lib/python3.12/site-packages/airflow/example_dags/example_params_trigger_ui.py took 0.198 seconds
[2026-03-29T21:40:14.597+0000] {processor.py:161} INFO - Started process (PID=1030) to work on /home/airflow/.local/lib/python3.12/site-packages/airflow/example_dags/example_params_trigger_ui.py
[2026-03-29T21:40:14.598+0000] {processor.py:830} INFO - Processing file /home/airflow/.local/lib/python3.12/site-packages/airflow/example_dags/example_params_trigger_ui.py for tasks to queue
[2026-03-29T21:40:14.599+0000] {logging_mixin.py:188} INFO - [2026-03-29T21:40:14.599+0000] {dagbag.py:545} INFO - Filling up the DagBag from /home/airflow/.local/lib/python3.12/site-packages/airflow/example_dags/example_params_trigger_ui.py
[2026-03-29T21:40:14.608+0000] {processor.py:840} INFO - DAG(s) 'example_params_trigger_ui' retrieved from /home/airflow/.local/lib/python3.12/site-packages/airflow/example_dags/example_params_trigger_ui.py
[2026-03-29T21:40:14.646+0000] {logging_mixin.py:188} INFO - [2026-03-29T21:40:14.646+0000] {dag.py:3089} INFO - Sync 1 DAGs
[2026-03-29T21:40:14.656+0000] {logging_mixin.py:188} INFO - [2026-03-29T21:40:14.656+0000] {dag.py:3947} INFO - Setting next_dagrun for example_params_trigger_ui to None, run_after=None
[2026-03-29T21:40:14.671+0000] {processor.py:183} INFO - Processing /home/airflow/.local/lib/python3.12/site-packages/airflow/example_dags/example_params_trigger_ui.py took 0.080 seconds
[2026-03-29T21:40:45.378+0000] {processor.py:161} INFO - Started process (PID=1082) to work on /home/airflow/.local/lib/python3.12/site-packages/airflow/example_dags/example_params_trigger_ui.py
[2026-03-29T21:40:45.379+0000] {processor.py:830} INFO - Processing file /home/airflow/.local/lib/python3.12/site-packages/airflow/example_dags/example_params_trigger_ui.py for tasks to queue
[2026-03-29T21:40:45.381+0000] {logging_mixin.py:188} INFO - [2026-03-29T21:40:45.381+0000] {dagbag.py:545} INFO - Filling up the DagBag from /home/airflow/.local/lib/python3.12/site-packages/airflow/example_dags/example_params_trigger_ui.py
[2026-03-29T21:40:45.392+0000] {processor.py:840} INFO - DAG(s) 'example_params_trigger_ui' retrieved from /home/airflow/.local/lib/python3.12/site-packages/airflow/example_dags/example_params_trigger_ui.py
[2026-03-29T21:40:45.422+0000] {logging_mixin.py:188} INFO - [2026-03-29T21:40:45.422+0000] {dag.py:3089} INFO - Sync 1 DAGs
[2026-03-29T21:40:45.431+0000] {logging_mixin.py:188} INFO - [2026-03-29T21:40:45.431+0000] {dag.py:3947} INFO - Setting next_dagrun for example_params_trigger_ui to None, run_after=None
[2026-03-29T21:40:45.445+0000] {processor.py:183} INFO - Processing /home/airflow/.local/lib/python3.12/site-packages/airflow/example_dags/example_params_trigger_ui.py took 0.073 seconds
[2026-03-29T21:41:16.244+0000] {processor.py:161} INFO - Started process (PID=1134) to work on /home/airflow/.local/lib/python3.12/site-packages/airflow/example_dags/example_params_trigger_ui.py
[2026-03-29T21:41:16.246+0000] {processor.py:830} INFO - Processing file /home/airflow/.local/lib/python3.12/site-packages/airflow/example_dags/example_params_trigger_ui.py for tasks to queue
[2026-03-29T21:41:16.249+0000] {logging_mixin.py:188} INFO - [2026-03-29T21:41:16.248+0000] {dagbag.py:545} INFO - Filling up the DagBag from /home/airflow/.local/lib/python3.12/site-packages/airflow/example_dags/example_params_trigger_ui.py
[2026-03-29T21:41:16.260+0000] {processor.py:840} INFO - DAG(s) 'example_params_trigger_ui' retrieved from /home/airflow/.local/lib/python3.12/site-packages/airflow/example_dags/example_params_trigger_ui.py
[2026-03-29T21:41:16.299+0000] {logging_mixin.py:188} INFO - [2026-03-29T21:41:16.298+0000] {dag.py:3089} INFO - Sync 1 DAGs
[2026-03-29T21:41:16.310+0000] {logging_mixin.py:188} INFO - [2026-03-29T21:41:16.310+0000] {dag.py:3947} INFO - Setting next_dagrun for example_params_trigger_ui to None, run_after=None
[2026-03-29T21:41:16.325+0000] {processor.py:183} INFO - Processing /home/airflow/.local/lib/python3.12/site-packages/airflow/example_dags/example_params_trigger_ui.py took 0.088 seconds
[2026-03-29T21:41:47.087+0000] {processor.py:161} INFO - Started process (PID=1186) to work on /home/airflow/.local/lib/python3.12/site-packages/airflow/example_dags/example_params_trigger_ui.py
[2026-03-29T21:41:47.089+0000] {processor.py:830} INFO - Processing file /home/airflow/.local/lib/python3.12/site-packages/airflow/example_dags/example_params_trigger_ui.py for tasks to queue
[2026-03-29T21:41:47.096+0000] {logging_mixin.py:188} INFO - [2026-03-29T21:41:47.095+0000] {dagbag.py:545} INFO - Filling up the DagBag from /home/airflow/.local/lib/python3.12/site-packages/airflow/example_dags/example_params_trigger_ui.py
[2026-03-29T21:41:47.116+0000] {processor.py:840} INFO - DAG(s) 'example_params_trigger_ui' retrieved from /home/airflow/.local/lib/python3.12/site-packages/airflow/example_dags/example_params_trigger_ui.py
[2026-03-29T21:41:47.169+0000] {logging_mixin.py:188} INFO - [2026-03-29T21:41:47.169+0000] {dag.py:3089} INFO - Sync 1 DAGs
[2026-03-29T21:41:47.188+0000] {logging_mixin.py:188} INFO - [2026-03-29T21:41:47.188+0000] {dag.py:3947} INFO - Setting next_dagrun for example_params_trigger_ui to None, run_after=None
[2026-03-29T21:41:47.211+0000] {processor.py:183} INFO - Processing /home/airflow/.local/lib/python3.12/site-packages/airflow/example_dags/example_params_trigger_ui.py took 0.134 seconds
[2026-03-29T21:42:17.305+0000] {processor.py:161} INFO - Started process (PID=1237) to work on /home/airflow/.local/lib/python3.12/site-packages/airflow/example_dags/example_params_trigger_ui.py
[2026-03-29T21:42:17.307+0000] {processor.py:830} INFO - Processing file /home/airflow/.local/lib/python3.12/site-packages/airflow/example_dags/example_params_trigger_ui.py for tasks to queue
[2026-03-29T21:42:17.309+0000] {logging_mixin.py:188} INFO - [2026-03-29T21:42:17.308+0000] {dagbag.py:545} INFO - Filling up the DagBag from /home/airflow/.local/lib/python3.12/site-packages/airflow/example_dags/example_params_trigger_ui.py
[2026-03-29T21:42:17.319+0000] {processor.py:840} INFO - DAG(s) 'example_params_trigger_ui' retrieved from /home/airflow/.local/lib/python3.12/site-packages/airflow/example_dags/example_params_trigger_ui.py
[2026-03-29T21:42:17.361+0000] {logging_mixin.py:188} INFO - [2026-03-29T21:42:17.361+0000] {dag.py:3089} INFO - Sync 1 DAGs
[2026-03-29T21:42:17.373+0000] {logging_mixin.py:188} INFO - [2026-03-29T21:42:17.373+0000] {dag.py:3947} INFO - Setting next_dagrun for example_params_trigger_ui to None, run_after=None
[2026-03-29T21:42:17.388+0000] {processor.py:183} INFO - Processing /home/airflow/.local/lib/python3.12/site-packages/airflow/example_dags/example_params_trigger_ui.py took 0.090 seconds
[2026-03-29T21:42:47.509+0000] {processor.py:161} INFO - Started process (PID=1289) to work on /home/airflow/.local/lib/python3.12/site-packages/airflow/example_dags/example_params_trigger_ui.py
[2026-03-29T21:42:47.511+0000] {processor.py:830} INFO - Processing file /home/airflow/.local/lib/python3.12/site-packages/airflow/example_dags/example_params_trigger_ui.py for tasks to queue
[2026-03-29T21:42:47.513+0000] {logging_mixin.py:188} INFO - [2026-03-29T21:42:47.512+0000] {dagbag.py:545} INFO - Filling up the DagBag from /home/airflow/.local/lib/python3.12/site-packages/airflow/example_dags/example_params_trigger_ui.py
[2026-03-29T21:42:47.523+0000] {processor.py:840} INFO - DAG(s) 'example_params_trigger_ui' retrieved from /home/airflow/.local/lib/python3.12/site-packages/airflow/example_dags/example_params_trigger_ui.py
[2026-03-29T21:42:47.556+0000] {logging_mixin.py:188} INFO - [2026-03-29T21:42:47.556+0000] {dag.py:3089} INFO - Sync 1 DAGs
[2026-03-29T21:42:47.565+0000] {logging_mixin.py:188} INFO - [2026-03-29T21:42:47.565+0000] {dag.py:3947} INFO - Setting next_dagrun for example_params_trigger_ui to None, run_after=None
[2026-03-29T21:42:47.577+0000] {processor.py:183} INFO - Processing /home/airflow/.local/lib/python3.12/site-packages/airflow/example_dags/example_params_trigger_ui.py took 0.075 seconds
[2026-03-29T21:43:17.753+0000] {processor.py:161} INFO - Started process (PID=1341) to work on /home/airflow/.local/lib/python3.12/site-packages/airflow/example_dags/example_params_trigger_ui.py
[2026-03-29T21:43:17.754+0000] {processor.py:830} INFO - Processing file /home/airflow/.local/lib/python3.12/site-packages/airflow/example_dags/example_params_trigger_ui.py for tasks to queue
[2026-03-29T21:43:17.756+0000] {logging_mixin.py:188} INFO - [2026-03-29T21:43:17.756+0000] {dagbag.py:545} INFO - Filling up the DagBag from /home/airflow/.local/lib/python3.12/site-packages/airflow/example_dags/example_params_trigger_ui.py
[2026-03-29T21:43:17.768+0000] {processor.py:840} INFO - DAG(s) 'example_params_trigger_ui' retrieved from /home/airflow/.local/lib/python3.12/site-packages/airflow/example_dags/example_params_trigger_ui.py
[2026-03-29T21:43:17.819+0000] {logging_mixin.py:188} INFO - [2026-03-29T21:43:17.818+0000] {dag.py:3089} INFO - Sync 1 DAGs
[2026-03-29T21:43:17.832+0000] {logging_mixin.py:188} INFO - [2026-03-29T21:43:17.832+0000] {dag.py:3947} INFO - Setting next_dagrun for example_params_trigger_ui to None, run_after=None
[2026-03-29T21:43:17.852+0000] {processor.py:183} INFO - Processing /home/airflow/.local/lib/python3.12/site-packages/airflow/example_dags/example_params_trigger_ui.py took 0.105 seconds
[2026-03-29T21:43:47.963+0000] {processor.py:161} INFO - Started process (PID=1393) to work on /home/airflow/.local/lib/python3.12/site-packages/airflow/example_dags/example_params_trigger_ui.py
[2026-03-29T21:43:47.965+0000] {processor.py:830} INFO - Processing file /home/airflow/.local/lib/python3.12/site-packages/airflow/example_dags/example_params_trigger_ui.py for tasks to queue
[2026-03-29T21:43:47.968+0000] {logging_mixin.py:188} INFO - [2026-03-29T21:43:47.968+0000] {dagbag.py:545} INFO - Filling up the DagBag from /home/airflow/.local/lib/python3.12/site-packages/airflow/example_dags/example_params_trigger_ui.py
[2026-03-29T21:43:47.982+0000] {processor.py:840} INFO - DAG(s) 'example_params_trigger_ui' retrieved from /home/airflow/.local/lib/python3.12/site-packages/airflow/example_dags/example_params_trigger_ui.py
[2026-03-29T21:43:48.021+0000] {logging_mixin.py:188} INFO - [2026-03-29T21:43:48.020+0000] {dag.py:3089} INFO - Sync 1 DAGs
[2026-03-29T21:43:48.033+0000] {logging_mixin.py:188} INFO - [2026-03-29T21:43:48.033+0000] {dag.py:3947} INFO - Setting next_dagrun for example_params_trigger_ui to None, run_after=None
[2026-03-29T21:43:48.048+0000] {processor.py:183} INFO - Processing /home/airflow/.local/lib/python3.12/site-packages/airflow/example_dags/example_params_trigger_ui.py took 0.095 seconds
[2026-03-29T21:44:18.128+0000] {processor.py:161} INFO - Started process (PID=1445) to work on /home/airflow/.local/lib/python3.12/site-packages/airflow/example_dags/example_params_trigger_ui.py
[2026-03-29T21:44:18.129+0000] {processor.py:830} INFO - Processing file /home/airflow/.local/lib/python3.12/site-packages/airflow/example_dags/example_params_trigger_ui.py for tasks to queue
[2026-03-29T21:44:18.132+0000] {logging_mixin.py:188} INFO - [2026-03-29T21:44:18.131+0000] {dagbag.py:545} INFO - Filling up the DagBag from /home/airflow/.local/lib/python3.12/site-packages/airflow/example_dags/example_params_trigger_ui.py
[2026-03-29T21:44:18.143+0000] {processor.py:840} INFO - DAG(s) 'example_params_trigger_ui' retrieved from /home/airflow/.local/lib/python3.12/site-packages/airflow/example_dags/example_params_trigger_ui.py
[2026-03-29T21:44:18.172+0000] {logging_mixin.py:188} INFO - [2026-03-29T21:44:18.172+0000] {dag.py:3089} INFO - Sync 1 DAGs
[2026-03-29T21:44:18.182+0000] {logging_mixin.py:188} INFO - [2026-03-29T21:44:18.182+0000] {dag.py:3947} INFO - Setting next_dagrun for example_params_trigger_ui to None, run_after=None
[2026-03-29T21:44:18.196+0000] {processor.py:183} INFO - Processing /home/airflow/.local/lib/python3.12/site-packages/airflow/example_dags/example_params_trigger_ui.py took 0.074 seconds
[2026-03-29T21:44:48.958+0000] {processor.py:161} INFO - Started process (PID=1495) to work on /home/airflow/.local/lib/python3.12/site-packages/airflow/example_dags/example_params_trigger_ui.py
[2026-03-29T21:44:48.959+0000] {processor.py:830} INFO - Processing file /home/airflow/.local/lib/python3.12/site-packages/airflow/example_dags/example_params_trigger_ui.py for tasks to queue
[2026-03-29T21:44:48.961+0000] {logging_mixin.py:188} INFO - [2026-03-29T21:44:48.961+0000] {dagbag.py:545} INFO - Filling up the DagBag from /home/airflow/.local/lib/python3.12/site-packages/airflow/example_dags/example_params_trigger_ui.py
[2026-03-29T21:44:48.973+0000] {processor.py:840} INFO - DAG(s) 'example_params_trigger_ui' retrieved from /home/airflow/.local/lib/python3.12/site-packages/airflow/example_dags/example_params_trigger_ui.py
[2026-03-29T21:44:49.019+0000] {logging_mixin.py:188} INFO - [2026-03-29T21:44:49.018+0000] {dag.py:3089} INFO - Sync 1 DAGs
[2026-03-29T21:44:49.032+0000] {logging_mixin.py:188} INFO - [2026-03-29T21:44:49.032+0000] {dag.py:3947} INFO - Setting next_dagrun for example_params_trigger_ui to None, run_after=None
[2026-03-29T21:44:49.053+0000] {processor.py:183} INFO - Processing /home/airflow/.local/lib/python3.12/site-packages/airflow/example_dags/example_params_trigger_ui.py took 0.102 seconds
[2026-03-29T21:45:19.176+0000] {processor.py:161} INFO - Started process (PID=1547) to work on /home/airflow/.local/lib/python3.12/site-packages/airflow/example_dags/example_params_trigger_ui.py
[2026-03-29T21:45:19.178+0000] {processor.py:830} INFO - Processing file /home/airflow/.local/lib/python3.12/site-packages/airflow/example_dags/example_params_trigger_ui.py for tasks to queue
[2026-03-29T21:45:19.180+0000] {logging_mixin.py:188} INFO - [2026-03-29T21:45:19.179+0000] {dagbag.py:545} INFO - Filling up the DagBag from /home/airflow/.local/lib/python3.12/site-packages/airflow/example_dags/example_params_trigger_ui.py
[2026-03-29T21:45:19.191+0000] {processor.py:840} INFO - DAG(s) 'example_params_trigger_ui' retrieved from /home/airflow/.local/lib/python3.12/site-packages/airflow/example_dags/example_params_trigger_ui.py
[2026-03-29T21:45:19.230+0000] {logging_mixin.py:188} INFO - [2026-03-29T21:45:19.230+0000] {dag.py:3089} INFO - Sync 1 DAGs
[2026-03-29T21:45:19.240+0000] {logging_mixin.py:188} INFO - [2026-03-29T21:45:19.240+0000] {dag.py:3947} INFO - Setting next_dagrun for example_params_trigger_ui to None, run_after=None
[2026-03-29T21:45:19.255+0000] {processor.py:183} INFO - Processing /home/airflow/.local/lib/python3.12/site-packages/airflow/example_dags/example_params_trigger_ui.py took 0.087 seconds
[2026-03-29T21:45:50.328+0000] {processor.py:161} INFO - Started process (PID=1599) to work on /home/airflow/.local/lib/python3.12/site-packages/airflow/example_dags/example_params_trigger_ui.py
[2026-03-29T21:45:50.330+0000] {processor.py:830} INFO - Processing file /home/airflow/.local/lib/python3.12/site-packages/airflow/example_dags/example_params_trigger_ui.py for tasks to queue
[2026-03-29T21:45:50.333+0000] {logging_mixin.py:188} INFO - [2026-03-29T21:45:50.333+0000] {dagbag.py:545} INFO - Filling up the DagBag from /home/airflow/.local/lib/python3.12/site-packages/airflow/example_dags/example_params_trigger_ui.py
[2026-03-29T21:45:50.344+0000] {processor.py:840} INFO - DAG(s) 'example_params_trigger_ui' retrieved from /home/airflow/.local/lib/python3.12/site-packages/airflow/example_dags/example_params_trigger_ui.py
[2026-03-29T21:45:50.387+0000] {logging_mixin.py:188} INFO - [2026-03-29T21:45:50.386+0000] {dag.py:3089} INFO - Sync 1 DAGs
[2026-03-29T21:45:50.398+0000] {logging_mixin.py:188} INFO - [2026-03-29T21:45:50.397+0000] {dag.py:3947} INFO - Setting next_dagrun for example_params_trigger_ui to None, run_after=None
[2026-03-29T21:45:50.413+0000] {processor.py:183} INFO - Processing /home/airflow/.local/lib/python3.12/site-packages/airflow/example_dags/example_params_trigger_ui.py took 0.093 seconds
[2026-03-29T21:46:21.417+0000] {processor.py:161} INFO - Started process (PID=1651) to work on /home/airflow/.local/lib/python3.12/site-packages/airflow/example_dags/example_params_trigger_ui.py
[2026-03-29T21:46:21.418+0000] {processor.py:830} INFO - Processing file /home/airflow/.local/lib/python3.12/site-packages/airflow/example_dags/example_params_trigger_ui.py for tasks to queue
[2026-03-29T21:46:21.419+0000] {logging_mixin.py:188} INFO - [2026-03-29T21:46:21.419+0000] {dagbag.py:545} INFO - Filling up the DagBag from /home/airflow/.local/lib/python3.12/site-packages/airflow/example_dags/example_params_trigger_ui.py
[2026-03-29T21:46:21.426+0000] {processor.py:840} INFO - DAG(s) 'example_params_trigger_ui' retrieved from /home/airflow/.local/lib/python3.12/site-packages/airflow/example_dags/example_params_trigger_ui.py
[2026-03-29T21:46:21.455+0000] {logging_mixin.py:188} INFO - [2026-03-29T21:46:21.454+0000] {dag.py:3089} INFO - Sync 1 DAGs
[2026-03-29T21:46:21.466+0000] {logging_mixin.py:188} INFO - [2026-03-29T21:46:21.465+0000] {dag.py:3947} INFO - Setting next_dagrun for example_params_trigger_ui to None, run_after=None
[2026-03-29T21:46:21.484+0000] {processor.py:183} INFO - Processing /home/airflow/.local/lib/python3.12/site-packages/airflow/example_dags/example_params_trigger_ui.py took 0.072 seconds
[2026-03-29T21:46:53.161+0000] {processor.py:161} INFO - Started process (PID=1703) to work on /home/airflow/.local/lib/python3.12/site-packages/airflow/example_dags/example_params_trigger_ui.py
[2026-03-29T21:46:53.163+0000] {processor.py:830} INFO - Processing file /home/airflow/.local/lib/python3.12/site-packages/airflow/example_dags/example_params_trigger_ui.py for tasks to queue
[2026-03-29T21:46:53.165+0000] {logging_mixin.py:188} INFO - [2026-03-29T21:46:53.165+0000] {dagbag.py:545} INFO - Filling up the DagBag from /home/airflow/.local/lib/python3.12/site-packages/airflow/example_dags/example_params_trigger_ui.py
[2026-03-29T21:46:53.174+0000] {processor.py:840} INFO - DAG(s) 'example_params_trigger_ui' retrieved from /home/airflow/.local/lib/python3.12/site-packages/airflow/example_dags/example_params_trigger_ui.py
[2026-03-29T21:46:53.212+0000] {logging_mixin.py:188} INFO - [2026-03-29T21:46:53.212+0000] {dag.py:3089} INFO - Sync 1 DAGs
[2026-03-29T21:46:53.222+0000] {logging_mixin.py:188} INFO - [2026-03-29T21:46:53.222+0000] {dag.py:3947} INFO - Setting next_dagrun for example_params_trigger_ui to None, run_after=None
[2026-03-29T21:46:53.238+0000] {processor.py:183} INFO - Processing /home/airflow/.local/lib/python3.12/site-packages/airflow/example_dags/example_params_trigger_ui.py took 0.081 seconds
[2026-03-29T21:47:23.585+0000] {processor.py:161} INFO - Started process (PID=1755) to work on /home/airflow/.local/lib/python3.12/site-packages/airflow/example_dags/example_params_trigger_ui.py
[2026-03-29T21:47:23.586+0000] {processor.py:830} INFO - Processing file /home/airflow/.local/lib/python3.12/site-packages/airflow/example_dags/example_params_trigger_ui.py for tasks to queue
[2026-03-29T21:47:23.588+0000] {logging_mixin.py:188} INFO - [2026-03-29T21:47:23.588+0000] {dagbag.py:545} INFO - Filling up the DagBag from /home/airflow/.local/lib/python3.12/site-packages/airflow/example_dags/example_params_trigger_ui.py
[2026-03-29T21:47:23.595+0000] {processor.py:840} INFO - DAG(s) 'example_params_trigger_ui' retrieved from /home/airflow/.local/lib/python3.12/site-packages/airflow/example_dags/example_params_trigger_ui.py
[2026-03-29T21:47:23.639+0000] {logging_mixin.py:188} INFO - [2026-03-29T21:47:23.638+0000] {dag.py:3089} INFO - Sync 1 DAGs
[2026-03-29T21:47:23.651+0000] {logging_mixin.py:188} INFO - [2026-03-29T21:47:23.651+0000] {dag.py:3947} INFO - Setting next_dagrun for example_params_trigger_ui to None, run_after=None
[2026-03-29T21:47:23.892+0000] {processor.py:183} INFO - Processing /home/airflow/.local/lib/python3.12/site-packages/airflow/example_dags/example_params_trigger_ui.py took 0.313 seconds
[2026-03-29T21:47:54.708+0000] {processor.py:161} INFO - Started process (PID=1807) to work on /home/airflow/.local/lib/python3.12/site-packages/airflow/example_dags/example_params_trigger_ui.py
[2026-03-29T21:47:54.709+0000] {processor.py:830} INFO - Processing file /home/airflow/.local/lib/python3.12/site-packages/airflow/example_dags/example_params_trigger_ui.py for tasks to queue
[2026-03-29T21:47:54.710+0000] {logging_mixin.py:188} INFO - [2026-03-29T21:47:54.710+0000] {dagbag.py:545} INFO - Filling up the DagBag from /home/airflow/.local/lib/python3.12/site-packages/airflow/example_dags/example_params_trigger_ui.py
[2026-03-29T21:47:54.718+0000] {processor.py:840} INFO - DAG(s) 'example_params_trigger_ui' retrieved from /home/airflow/.local/lib/python3.12/site-packages/airflow/example_dags/example_params_trigger_ui.py
[2026-03-29T21:47:54.753+0000] {logging_mixin.py:188} INFO - [2026-03-29T21:47:54.753+0000] {dag.py:3089} INFO - Sync 1 DAGs
[2026-03-29T21:47:54.763+0000] {logging_mixin.py:188} INFO - [2026-03-29T21:47:54.763+0000] {dag.py:3947} INFO - Setting next_dagrun for example_params_trigger_ui to None, run_after=None
[2026-03-29T21:47:54.781+0000] {processor.py:183} INFO - Processing /home/airflow/.local/lib/python3.12/site-packages/airflow/example_dags/example_params_trigger_ui.py took 0.078 seconds
[2026-03-29T21:48:25.595+0000] {processor.py:161} INFO - Started process (PID=1859) to work on /home/airflow/.local/lib/python3.12/site-packages/airflow/example_dags/example_params_trigger_ui.py
[2026-03-29T21:48:25.598+0000] {processor.py:830} INFO - Processing file /home/airflow/.local/lib/python3.12/site-packages/airflow/example_dags/example_params_trigger_ui.py for tasks to queue
[2026-03-29T21:48:25.600+0000] {logging_mixin.py:188} INFO - [2026-03-29T21:48:25.599+0000] {dagbag.py:545} INFO - Filling up the DagBag from /home/airflow/.local/lib/python3.12/site-packages/airflow/example_dags/example_params_trigger_ui.py
[2026-03-29T21:48:25.606+0000] {processor.py:840} INFO - DAG(s) 'example_params_trigger_ui' retrieved from /home/airflow/.local/lib/python3.12/site-packages/airflow/example_dags/example_params_trigger_ui.py
[2026-03-29T21:48:25.636+0000] {logging_mixin.py:188} INFO - [2026-03-29T21:48:25.636+0000] {dag.py:3089} INFO - Sync 1 DAGs
[2026-03-29T21:48:25.645+0000] {logging_mixin.py:188} INFO - [2026-03-29T21:48:25.645+0000] {dag.py:3947} INFO - Setting next_dagrun for example_params_trigger_ui to None, run_after=None
[2026-03-29T21:48:25.668+0000] {processor.py:183} INFO - Processing /home/airflow/.local/lib/python3.12/site-packages/airflow/example_dags/example_params_trigger_ui.py took 0.077 seconds
[2026-03-29T21:48:58.690+0000] {processor.py:161} INFO - Started process (PID=1911) to work on /home/airflow/.local/lib/python3.12/site-packages/airflow/example_dags/example_params_trigger_ui.py
[2026-03-29T21:48:58.691+0000] {processor.py:830} INFO - Processing file /home/airflow/.local/lib/python3.12/site-packages/airflow/example_dags/example_params_trigger_ui.py for tasks to queue
[2026-03-29T21:48:58.693+0000] {logging_mixin.py:188} INFO - [2026-03-29T21:48:58.692+0000] {dagbag.py:545} INFO - Filling up the DagBag from /home/airflow/.local/lib/python3.12/site-packages/airflow/example_dags/example_params_trigger_ui.py
[2026-03-29T21:48:58.703+0000] {processor.py:840} INFO - DAG(s) 'example_params_trigger_ui' retrieved from /home/airflow/.local/lib/python3.12/site-packages/airflow/example_dags/example_params_trigger_ui.py
[2026-03-29T21:48:58.747+0000] {logging_mixin.py:188} INFO - [2026-03-29T21:48:58.747+0000] {dag.py:3089} INFO - Sync 1 DAGs
[2026-03-29T21:48:58.760+0000] {logging_mixin.py:188} INFO - [2026-03-29T21:48:58.759+0000] {dag.py:3947} INFO - Setting next_dagrun for example_params_trigger_ui to None, run_after=None
[2026-03-29T21:48:58.782+0000] {processor.py:183} INFO - Processing /home/airflow/.local/lib/python3.12/site-packages/airflow/example_dags/example_params_trigger_ui.py took 0.102 seconds
[2026-03-29T21:49:29.546+0000] {processor.py:161} INFO - Started process (PID=1963) to work on /home/airflow/.local/lib/python3.12/site-packages/airflow/example_dags/example_params_trigger_ui.py
[2026-03-29T21:49:29.547+0000] {processor.py:830} INFO - Processing file /home/airflow/.local/lib/python3.12/site-packages/airflow/example_dags/example_params_trigger_ui.py for tasks to queue
[2026-03-29T21:49:29.549+0000] {logging_mixin.py:188} INFO - [2026-03-29T21:49:29.548+0000] {dagbag.py:545} INFO - Filling up the DagBag from /home/airflow/.local/lib/python3.12/site-packages/airflow/example_dags/example_params_trigger_ui.py
[2026-03-29T21:49:29.556+0000] {processor.py:840} INFO - DAG(s) 'example_params_trigger_ui' retrieved from /home/airflow/.local/lib/python3.12/site-packages/airflow/example_dags/example_params_trigger_ui.py
[2026-03-29T21:49:29.712+0000] {logging_mixin.py:188} INFO - [2026-03-29T21:49:29.712+0000] {dag.py:3089} INFO - Sync 1 DAGs
[2026-03-29T21:49:29.724+0000] {logging_mixin.py:188} INFO - [2026-03-29T21:49:29.724+0000] {dag.py:3947} INFO - Setting next_dagrun for example_params_trigger_ui to None, run_after=None
[2026-03-29T21:49:29.746+0000] {processor.py:183} INFO - Processing /home/airflow/.local/lib/python3.12/site-packages/airflow/example_dags/example_params_trigger_ui.py took 0.205 seconds
[2026-03-29T21:50:00.390+0000] {processor.py:161} INFO - Started process (PID=2015) to work on /home/airflow/.local/lib/python3.12/site-packages/airflow/example_dags/example_params_trigger_ui.py
[2026-03-29T21:50:00.392+0000] {processor.py:830} INFO - Processing file /home/airflow/.local/lib/python3.12/site-packages/airflow/example_dags/example_params_trigger_ui.py for tasks to queue
[2026-03-29T21:50:00.395+0000] {logging_mixin.py:188} INFO - [2026-03-29T21:50:00.395+0000] {dagbag.py:545} INFO - Filling up the DagBag from /home/airflow/.local/lib/python3.12/site-packages/airflow/example_dags/example_params_trigger_ui.py
[2026-03-29T21:50:00.411+0000] {processor.py:840} INFO - DAG(s) 'example_params_trigger_ui' retrieved from /home/airflow/.local/lib/python3.12/site-packages/airflow/example_dags/example_params_trigger_ui.py
[2026-03-29T21:50:00.455+0000] {logging_mixin.py:188} INFO - [2026-03-29T21:50:00.455+0000] {dag.py:3089} INFO - Sync 1 DAGs
[2026-03-29T21:50:00.470+0000] {logging_mixin.py:188} INFO - [2026-03-29T21:50:00.470+0000] {dag.py:3947} INFO - Setting next_dagrun for example_params_trigger_ui to None, run_after=None
[2026-03-29T21:50:00.490+0000] {processor.py:183} INFO - Processing /home/airflow/.local/lib/python3.12/site-packages/airflow/example_dags/example_params_trigger_ui.py took 0.107 seconds
[2026-03-29T21:50:30.565+0000] {processor.py:161} INFO - Started process (PID=2067) to work on /home/airflow/.local/lib/python3.12/site-packages/airflow/example_dags/example_params_trigger_ui.py
[2026-03-29T21:50:30.566+0000] {processor.py:830} INFO - Processing file /home/airflow/.local/lib/python3.12/site-packages/airflow/example_dags/example_params_trigger_ui.py for tasks to queue
[2026-03-29T21:50:30.567+0000] {logging_mixin.py:188} INFO - [2026-03-29T21:50:30.567+0000] {dagbag.py:545} INFO - Filling up the DagBag from /home/airflow/.local/lib/python3.12/site-packages/airflow/example_dags/example_params_trigger_ui.py
[2026-03-29T21:50:30.574+0000] {processor.py:840} INFO - DAG(s) 'example_params_trigger_ui' retrieved from /home/airflow/.local/lib/python3.12/site-packages/airflow/example_dags/example_params_trigger_ui.py
[2026-03-29T21:50:30.602+0000] {logging_mixin.py:188} INFO - [2026-03-29T21:50:30.602+0000] {dag.py:3089} INFO - Sync 1 DAGs
[2026-03-29T21:50:30.611+0000] {logging_mixin.py:188} INFO - [2026-03-29T21:50:30.610+0000] {dag.py:3947} INFO - Setting next_dagrun for example_params_trigger_ui to None, run_after=None
[2026-03-29T21:50:30.622+0000] {processor.py:183} INFO - Processing /home/airflow/.local/lib/python3.12/site-packages/airflow/example_dags/example_params_trigger_ui.py took 0.062 seconds
[2026-03-29T21:51:00.741+0000] {processor.py:161} INFO - Started process (PID=2119) to work on /home/airflow/.local/lib/python3.12/site-packages/airflow/example_dags/example_params_trigger_ui.py
[2026-03-29T21:51:00.743+0000] {processor.py:830} INFO - Processing file /home/airflow/.local/lib/python3.12/site-packages/airflow/example_dags/example_params_trigger_ui.py for tasks to queue
[2026-03-29T21:51:00.744+0000] {logging_mixin.py:188} INFO - [2026-03-29T21:51:00.744+0000] {dagbag.py:545} INFO - Filling up the DagBag from /home/airflow/.local/lib/python3.12/site-packages/airflow/example_dags/example_params_trigger_ui.py
[2026-03-29T21:51:00.753+0000] {processor.py:840} INFO - DAG(s) 'example_params_trigger_ui' retrieved from /home/airflow/.local/lib/python3.12/site-packages/airflow/example_dags/example_params_trigger_ui.py
[2026-03-29T21:51:00.787+0000] {logging_mixin.py:188} INFO - [2026-03-29T21:51:00.787+0000] {dag.py:3089} INFO - Sync 1 DAGs
[2026-03-29T21:51:00.800+0000] {logging_mixin.py:188} INFO - [2026-03-29T21:51:00.800+0000] {dag.py:3947} INFO - Setting next_dagrun for example_params_trigger_ui to None, run_after=None
[2026-03-29T21:51:00.813+0000] {processor.py:183} INFO - Processing /home/airflow/.local/lib/python3.12/site-packages/airflow/example_dags/example_params_trigger_ui.py took 0.080 seconds
[2026-03-29T21:51:30.889+0000] {processor.py:161} INFO - Started process (PID=2171) to work on /home/airflow/.local/lib/python3.12/site-packages/airflow/example_dags/example_params_trigger_ui.py
[2026-03-29T21:51:30.890+0000] {processor.py:830} INFO - Processing file /home/airflow/.local/lib/python3.12/site-packages/airflow/example_dags/example_params_trigger_ui.py for tasks to queue
[2026-03-29T21:51:30.891+0000] {logging_mixin.py:188} INFO - [2026-03-29T21:51:30.891+0000] {dagbag.py:545} INFO - Filling up the DagBag from /home/airflow/.local/lib/python3.12/site-packages/airflow/example_dags/example_params_trigger_ui.py
[2026-03-29T21:51:30.897+0000] {processor.py:840} INFO - DAG(s) 'example_params_trigger_ui' retrieved from /home/airflow/.local/lib/python3.12/site-packages/airflow/example_dags/example_params_trigger_ui.py
[2026-03-29T21:51:30.927+0000] {logging_mixin.py:188} INFO - [2026-03-29T21:51:30.926+0000] {dag.py:3089} INFO - Sync 1 DAGs
[2026-03-29T21:51:30.936+0000] {logging_mixin.py:188} INFO - [2026-03-29T21:51:30.936+0000] {dag.py:3947} INFO - Setting next_dagrun for example_params_trigger_ui to None, run_after=None
[2026-03-29T21:51:30.950+0000] {processor.py:183} INFO - Processing /home/airflow/.local/lib/python3.12/site-packages/airflow/example_dags/example_params_trigger_ui.py took 0.065 seconds
[2026-03-29T21:52:01.216+0000] {processor.py:161} INFO - Started process (PID=2223) to work on /home/airflow/.local/lib/python3.12/site-packages/airflow/example_dags/example_params_trigger_ui.py
[2026-03-29T21:52:01.217+0000] {processor.py:830} INFO - Processing file /home/airflow/.local/lib/python3.12/site-packages/airflow/example_dags/example_params_trigger_ui.py for tasks to queue
[2026-03-29T21:52:01.219+0000] {logging_mixin.py:188} INFO - [2026-03-29T21:52:01.218+0000] {dagbag.py:545} INFO - Filling up the DagBag from /home/airflow/.local/lib/python3.12/site-packages/airflow/example_dags/example_params_trigger_ui.py
[2026-03-29T21:52:01.228+0000] {processor.py:840} INFO - DAG(s) 'example_params_trigger_ui' retrieved from /home/airflow/.local/lib/python3.12/site-packages/airflow/example_dags/example_params_trigger_ui.py
[2026-03-29T21:52:01.259+0000] {logging_mixin.py:188} INFO - [2026-03-29T21:52:01.259+0000] {dag.py:3089} INFO - Sync 1 DAGs
[2026-03-29T21:52:01.271+0000] {logging_mixin.py:188} INFO - [2026-03-29T21:52:01.271+0000] {dag.py:3947} INFO - Setting next_dagrun for example_params_trigger_ui to None, run_after=None
[2026-03-29T21:52:01.287+0000] {processor.py:183} INFO - Processing /home/airflow/.local/lib/python3.12/site-packages/airflow/example_dags/example_params_trigger_ui.py took 0.076 seconds
[2026-03-29T21:52:31.655+0000] {processor.py:161} INFO - Started process (PID=2275) to work on /home/airflow/.local/lib/python3.12/site-packages/airflow/example_dags/example_params_trigger_ui.py
[2026-03-29T21:52:31.657+0000] {processor.py:830} INFO - Processing file /home/airflow/.local/lib/python3.12/site-packages/airflow/example_dags/example_params_trigger_ui.py for tasks to queue
[2026-03-29T21:52:31.658+0000] {logging_mixin.py:188} INFO - [2026-03-29T21:52:31.658+0000] {dagbag.py:545} INFO - Filling up the DagBag from /home/airflow/.local/lib/python3.12/site-packages/airflow/example_dags/example_params_trigger_ui.py
[2026-03-29T21:52:31.666+0000] {processor.py:840} INFO - DAG(s) 'example_params_trigger_ui' retrieved from /home/airflow/.local/lib/python3.12/site-packages/airflow/example_dags/example_params_trigger_ui.py
[2026-03-29T21:52:31.697+0000] {logging_mixin.py:188} INFO - [2026-03-29T21:52:31.696+0000] {dag.py:3089} INFO - Sync 1 DAGs
[2026-03-29T21:52:31.707+0000] {logging_mixin.py:188} INFO - [2026-03-29T21:52:31.707+0000] {dag.py:3947} INFO - Setting next_dagrun for example_params_trigger_ui to None, run_after=None
[2026-03-29T21:52:31.723+0000] {processor.py:183} INFO - Processing /home/airflow/.local/lib/python3.12/site-packages/airflow/example_dags/example_params_trigger_ui.py took 0.072 seconds
[2026-03-29T21:53:02.461+0000] {processor.py:161} INFO - Started process (PID=2327) to work on /home/airflow/.local/lib/python3.12/site-packages/airflow/example_dags/example_params_trigger_ui.py
[2026-03-29T21:53:02.462+0000] {processor.py:830} INFO - Processing file /home/airflow/.local/lib/python3.12/site-packages/airflow/example_dags/example_params_trigger_ui.py for tasks to queue
[2026-03-29T21:53:02.464+0000] {logging_mixin.py:188} INFO - [2026-03-29T21:53:02.464+0000] {dagbag.py:545} INFO - Filling up the DagBag from /home/airflow/.local/lib/python3.12/site-packages/airflow/example_dags/example_params_trigger_ui.py
[2026-03-29T21:53:02.473+0000] {processor.py:840} INFO - DAG(s) 'example_params_trigger_ui' retrieved from /home/airflow/.local/lib/python3.12/site-packages/airflow/example_dags/example_params_trigger_ui.py
[2026-03-29T21:53:02.515+0000] {logging_mixin.py:188} INFO - [2026-03-29T21:53:02.514+0000] {dag.py:3089} INFO - Sync 1 DAGs
[2026-03-29T21:53:02.526+0000] {logging_mixin.py:188} INFO - [2026-03-29T21:53:02.526+0000] {dag.py:3947} INFO - Setting next_dagrun for example_params_trigger_ui to None, run_after=None
[2026-03-29T21:53:02.555+0000] {processor.py:183} INFO - Processing /home/airflow/.local/lib/python3.12/site-packages/airflow/example_dags/example_params_trigger_ui.py took 0.100 seconds
[2026-03-29T21:53:32.685+0000] {processor.py:161} INFO - Started process (PID=2379) to work on /home/airflow/.local/lib/python3.12/site-packages/airflow/example_dags/example_params_trigger_ui.py
[2026-03-29T21:53:32.686+0000] {processor.py:830} INFO - Processing file /home/airflow/.local/lib/python3.12/site-packages/airflow/example_dags/example_params_trigger_ui.py for tasks to queue
[2026-03-29T21:53:32.687+0000] {logging_mixin.py:188} INFO - [2026-03-29T21:53:32.687+0000] {dagbag.py:545} INFO - Filling up the DagBag from /home/airflow/.local/lib/python3.12/site-packages/airflow/example_dags/example_params_trigger_ui.py
[2026-03-29T21:53:32.693+0000] {processor.py:840} INFO - DAG(s) 'example_params_trigger_ui' retrieved from /home/airflow/.local/lib/python3.12/site-packages/airflow/example_dags/example_params_trigger_ui.py
[2026-03-29T21:53:32.721+0000] {logging_mixin.py:188} INFO - [2026-03-29T21:53:32.720+0000] {dag.py:3089} INFO - Sync 1 DAGs
[2026-03-29T21:53:32.729+0000] {logging_mixin.py:188} INFO - [2026-03-29T21:53:32.729+0000] {dag.py:3947} INFO - Setting next_dagrun for example_params_trigger_ui to None, run_after=None
[2026-03-29T21:53:32.741+0000] {processor.py:183} INFO - Processing /home/airflow/.local/lib/python3.12/site-packages/airflow/example_dags/example_params_trigger_ui.py took 0.060 seconds
[2026-03-29T21:54:03.989+0000] {processor.py:161} INFO - Started process (PID=2431) to work on /home/airflow/.local/lib/python3.12/site-packages/airflow/example_dags/example_params_trigger_ui.py
[2026-03-29T21:54:03.990+0000] {processor.py:830} INFO - Processing file /home/airflow/.local/lib/python3.12/site-packages/airflow/example_dags/example_params_trigger_ui.py for tasks to queue
[2026-03-29T21:54:03.991+0000] {logging_mixin.py:188} INFO - [2026-03-29T21:54:03.991+0000] {dagbag.py:545} INFO - Filling up the DagBag from /home/airflow/.local/lib/python3.12/site-packages/airflow/example_dags/example_params_trigger_ui.py
[2026-03-29T21:54:03.998+0000] {processor.py:840} INFO - DAG(s) 'example_params_trigger_ui' retrieved from /home/airflow/.local/lib/python3.12/site-packages/airflow/example_dags/example_params_trigger_ui.py
[2026-03-29T21:54:04.027+0000] {logging_mixin.py:188} INFO - [2026-03-29T21:54:04.026+0000] {dag.py:3089} INFO - Sync 1 DAGs
[2026-03-29T21:54:04.036+0000] {logging_mixin.py:188} INFO - [2026-03-29T21:54:04.035+0000] {dag.py:3947} INFO - Setting next_dagrun for example_params_trigger_ui to None, run_after=None
[2026-03-29T21:54:04.047+0000] {processor.py:183} INFO - Processing /home/airflow/.local/lib/python3.12/site-packages/airflow/example_dags/example_params_trigger_ui.py took 0.072 seconds
[2026-03-29T21:54:34.485+0000] {processor.py:161} INFO - Started process (PID=2483) to work on /home/airflow/.local/lib/python3.12/site-packages/airflow/example_dags/example_params_trigger_ui.py
[2026-03-29T21:54:34.486+0000] {processor.py:830} INFO - Processing file /home/airflow/.local/lib/python3.12/site-packages/airflow/example_dags/example_params_trigger_ui.py for tasks to queue
[2026-03-29T21:54:34.488+0000] {logging_mixin.py:188} INFO - [2026-03-29T21:54:34.487+0000] {dagbag.py:545} INFO - Filling up the DagBag from /home/airflow/.local/lib/python3.12/site-packages/airflow/example_dags/example_params_trigger_ui.py
[2026-03-29T21:54:34.494+0000] {processor.py:840} INFO - DAG(s) 'example_params_trigger_ui' retrieved from /home/airflow/.local/lib/python3.12/site-packages/airflow/example_dags/example_params_trigger_ui.py
[2026-03-29T21:54:34.525+0000] {logging_mixin.py:188} INFO - [2026-03-29T21:54:34.525+0000] {dag.py:3089} INFO - Sync 1 DAGs
[2026-03-29T21:54:34.534+0000] {logging_mixin.py:188} INFO - [2026-03-29T21:54:34.534+0000] {dag.py:3947} INFO - Setting next_dagrun for example_params_trigger_ui to None, run_after=None
[2026-03-29T21:54:34.552+0000] {processor.py:183} INFO - Processing /home/airflow/.local/lib/python3.12/site-packages/airflow/example_dags/example_params_trigger_ui.py took 0.074 seconds
[2026-03-29T21:55:04.842+0000] {processor.py:161} INFO - Started process (PID=2535) to work on /home/airflow/.local/lib/python3.12/site-packages/airflow/example_dags/example_params_trigger_ui.py
[2026-03-29T21:55:04.844+0000] {processor.py:830} INFO - Processing file /home/airflow/.local/lib/python3.12/site-packages/airflow/example_dags/example_params_trigger_ui.py for tasks to queue
[2026-03-29T21:55:04.845+0000] {logging_mixin.py:188} INFO - [2026-03-29T21:55:04.845+0000] {dagbag.py:545} INFO - Filling up the DagBag from /home/airflow/.local/lib/python3.12/site-packages/airflow/example_dags/example_params_trigger_ui.py
[2026-03-29T21:55:04.852+0000] {processor.py:840} INFO - DAG(s) 'example_params_trigger_ui' retrieved from /home/airflow/.local/lib/python3.12/site-packages/airflow/example_dags/example_params_trigger_ui.py
[2026-03-29T21:55:04.886+0000] {logging_mixin.py:188} INFO - [2026-03-29T21:55:04.886+0000] {dag.py:3089} INFO - Sync 1 DAGs
[2026-03-29T21:55:04.896+0000] {logging_mixin.py:188} INFO - [2026-03-29T21:55:04.895+0000] {dag.py:3947} INFO - Setting next_dagrun for example_params_trigger_ui to None, run_after=None
[2026-03-29T21:55:04.910+0000] {processor.py:183} INFO - Processing /home/airflow/.local/lib/python3.12/site-packages/airflow/example_dags/example_params_trigger_ui.py took 0.072 seconds
[2026-03-29T21:55:35.590+0000] {processor.py:161} INFO - Started process (PID=2587) to work on /home/airflow/.local/lib/python3.12/site-packages/airflow/example_dags/example_params_trigger_ui.py
[2026-03-29T21:55:35.592+0000] {processor.py:830} INFO - Processing file /home/airflow/.local/lib/python3.12/site-packages/airflow/example_dags/example_params_trigger_ui.py for tasks to queue
[2026-03-29T21:55:35.594+0000] {logging_mixin.py:188} INFO - [2026-03-29T21:55:35.594+0000] {dagbag.py:545} INFO - Filling up the DagBag from /home/airflow/.local/lib/python3.12/site-packages/airflow/example_dags/example_params_trigger_ui.py
[2026-03-29T21:55:35.606+0000] {processor.py:840} INFO - DAG(s) 'example_params_trigger_ui' retrieved from /home/airflow/.local/lib/python3.12/site-packages/airflow/example_dags/example_params_trigger_ui.py
[2026-03-29T21:55:35.646+0000] {logging_mixin.py:188} INFO - [2026-03-29T21:55:35.646+0000] {dag.py:3089} INFO - Sync 1 DAGs
[2026-03-29T21:55:35.658+0000] {logging_mixin.py:188} INFO - [2026-03-29T21:55:35.658+0000] {dag.py:3947} INFO - Setting next_dagrun for example_params_trigger_ui to None, run_after=None
[2026-03-29T21:55:35.672+0000] {processor.py:183} INFO - Processing /home/airflow/.local/lib/python3.12/site-packages/airflow/example_dags/example_params_trigger_ui.py took 0.087 seconds
[2026-03-29T21:56:05.950+0000] {processor.py:161} INFO - Started process (PID=2639) to work on /home/airflow/.local/lib/python3.12/site-packages/airflow/example_dags/example_params_trigger_ui.py
[2026-03-29T21:56:05.951+0000] {processor.py:830} INFO - Processing file /home/airflow/.local/lib/python3.12/site-packages/airflow/example_dags/example_params_trigger_ui.py for tasks to queue
[2026-03-29T21:56:05.954+0000] {logging_mixin.py:188} INFO - [2026-03-29T21:56:05.954+0000] {dagbag.py:545} INFO - Filling up the DagBag from /home/airflow/.local/lib/python3.12/site-packages/airflow/example_dags/example_params_trigger_ui.py
[2026-03-29T21:56:05.961+0000] {processor.py:840} INFO - DAG(s) 'example_params_trigger_ui' retrieved from /home/airflow/.local/lib/python3.12/site-packages/airflow/example_dags/example_params_trigger_ui.py
[2026-03-29T21:56:05.996+0000] {logging_mixin.py:188} INFO - [2026-03-29T21:56:05.996+0000] {dag.py:3089} INFO - Sync 1 DAGs
[2026-03-29T21:56:06.011+0000] {logging_mixin.py:188} INFO - [2026-03-29T21:56:06.011+0000] {dag.py:3947} INFO - Setting next_dagrun for example_params_trigger_ui to None, run_after=None
[2026-03-29T21:56:06.025+0000] {processor.py:183} INFO - Processing /home/airflow/.local/lib/python3.12/site-packages/airflow/example_dags/example_params_trigger_ui.py took 0.079 seconds
[2026-03-29T21:56:36.718+0000] {processor.py:161} INFO - Started process (PID=2691) to work on /home/airflow/.local/lib/python3.12/site-packages/airflow/example_dags/example_params_trigger_ui.py
[2026-03-29T21:56:36.720+0000] {processor.py:830} INFO - Processing file /home/airflow/.local/lib/python3.12/site-packages/airflow/example_dags/example_params_trigger_ui.py for tasks to queue
[2026-03-29T21:56:36.723+0000] {logging_mixin.py:188} INFO - [2026-03-29T21:56:36.723+0000] {dagbag.py:545} INFO - Filling up the DagBag from /home/airflow/.local/lib/python3.12/site-packages/airflow/example_dags/example_params_trigger_ui.py
[2026-03-29T21:56:36.735+0000] {processor.py:840} INFO - DAG(s) 'example_params_trigger_ui' retrieved from /home/airflow/.local/lib/python3.12/site-packages/airflow/example_dags/example_params_trigger_ui.py
[2026-03-29T21:56:36.774+0000] {logging_mixin.py:188} INFO - [2026-03-29T21:56:36.774+0000] {dag.py:3089} INFO - Sync 1 DAGs
[2026-03-29T21:56:36.785+0000] {logging_mixin.py:188} INFO - [2026-03-29T21:56:36.785+0000] {dag.py:3947} INFO - Setting next_dagrun for example_params_trigger_ui to None, run_after=None
[2026-03-29T21:56:36.806+0000] {processor.py:183} INFO - Processing /home/airflow/.local/lib/python3.12/site-packages/airflow/example_dags/example_params_trigger_ui.py took 0.095 seconds
[2026-03-29T21:57:07.578+0000] {processor.py:161} INFO - Started process (PID=2743) to work on /home/airflow/.local/lib/python3.12/site-packages/airflow/example_dags/example_params_trigger_ui.py
[2026-03-29T21:57:07.580+0000] {processor.py:830} INFO - Processing file /home/airflow/.local/lib/python3.12/site-packages/airflow/example_dags/example_params_trigger_ui.py for tasks to queue
[2026-03-29T21:57:07.582+0000] {logging_mixin.py:188} INFO - [2026-03-29T21:57:07.582+0000] {dagbag.py:545} INFO - Filling up the DagBag from /home/airflow/.local/lib/python3.12/site-packages/airflow/example_dags/example_params_trigger_ui.py
[2026-03-29T21:57:07.593+0000] {processor.py:840} INFO - DAG(s) 'example_params_trigger_ui' retrieved from /home/airflow/.local/lib/python3.12/site-packages/airflow/example_dags/example_params_trigger_ui.py
[2026-03-29T21:57:07.630+0000] {logging_mixin.py:188} INFO - [2026-03-29T21:57:07.630+0000] {dag.py:3089} INFO - Sync 1 DAGs
[2026-03-29T21:57:07.641+0000] {logging_mixin.py:188} INFO - [2026-03-29T21:57:07.641+0000] {dag.py:3947} INFO - Setting next_dagrun for example_params_trigger_ui to None, run_after=None
[2026-03-29T21:57:07.663+0000] {processor.py:183} INFO - Processing /home/airflow/.local/lib/python3.12/site-packages/airflow/example_dags/example_params_trigger_ui.py took 0.090 seconds
[2026-03-29T21:57:37.724+0000] {processor.py:161} INFO - Started process (PID=2795) to work on /home/airflow/.local/lib/python3.12/site-packages/airflow/example_dags/example_params_trigger_ui.py
[2026-03-29T21:57:37.725+0000] {processor.py:830} INFO - Processing file /home/airflow/.local/lib/python3.12/site-packages/airflow/example_dags/example_params_trigger_ui.py for tasks to queue
[2026-03-29T21:57:37.726+0000] {logging_mixin.py:188} INFO - [2026-03-29T21:57:37.726+0000] {dagbag.py:545} INFO - Filling up the DagBag from /home/airflow/.local/lib/python3.12/site-packages/airflow/example_dags/example_params_trigger_ui.py
[2026-03-29T21:57:37.733+0000] {processor.py:840} INFO - DAG(s) 'example_params_trigger_ui' retrieved from /home/airflow/.local/lib/python3.12/site-packages/airflow/example_dags/example_params_trigger_ui.py
[2026-03-29T21:57:37.760+0000] {logging_mixin.py:188} INFO - [2026-03-29T21:57:37.760+0000] {dag.py:3089} INFO - Sync 1 DAGs
[2026-03-29T21:57:37.768+0000] {logging_mixin.py:188} INFO - [2026-03-29T21:57:37.768+0000] {dag.py:3947} INFO - Setting next_dagrun for example_params_trigger_ui to None, run_after=None
[2026-03-29T21:57:37.779+0000] {processor.py:183} INFO - Processing /home/airflow/.local/lib/python3.12/site-packages/airflow/example_dags/example_params_trigger_ui.py took 0.059 seconds
[2026-03-29T21:58:08.650+0000] {processor.py:161} INFO - Started process (PID=2847) to work on /home/airflow/.local/lib/python3.12/site-packages/airflow/example_dags/example_params_trigger_ui.py
[2026-03-29T21:58:08.651+0000] {processor.py:830} INFO - Processing file /home/airflow/.local/lib/python3.12/site-packages/airflow/example_dags/example_params_trigger_ui.py for tasks to queue
[2026-03-29T21:58:08.652+0000] {logging_mixin.py:188} INFO - [2026-03-29T21:58:08.652+0000] {dagbag.py:545} INFO - Filling up the DagBag from /home/airflow/.local/lib/python3.12/site-packages/airflow/example_dags/example_params_trigger_ui.py
[2026-03-29T21:58:08.660+0000] {processor.py:840} INFO - DAG(s) 'example_params_trigger_ui' retrieved from /home/airflow/.local/lib/python3.12/site-packages/airflow/example_dags/example_params_trigger_ui.py
[2026-03-29T21:58:08.693+0000] {logging_mixin.py:188} INFO - [2026-03-29T21:58:08.693+0000] {dag.py:3089} INFO - Sync 1 DAGs
[2026-03-29T21:58:08.706+0000] {logging_mixin.py:188} INFO - [2026-03-29T21:58:08.706+0000] {dag.py:3947} INFO - Setting next_dagrun for example_params_trigger_ui to None, run_after=None
[2026-03-29T21:58:08.721+0000] {processor.py:183} INFO - Processing /home/airflow/.local/lib/python3.12/site-packages/airflow/example_dags/example_params_trigger_ui.py took 0.078 seconds
[2026-03-29T21:58:39.346+0000] {processor.py:161} INFO - Started process (PID=2899) to work on /home/airflow/.local/lib/python3.12/site-packages/airflow/example_dags/example_params_trigger_ui.py
[2026-03-29T21:58:39.349+0000] {processor.py:830} INFO - Processing file /home/airflow/.local/lib/python3.12/site-packages/airflow/example_dags/example_params_trigger_ui.py for tasks to queue
[2026-03-29T21:58:39.350+0000] {logging_mixin.py:188} INFO - [2026-03-29T21:58:39.350+0000] {dagbag.py:545} INFO - Filling up the DagBag from /home/airflow/.local/lib/python3.12/site-packages/airflow/example_dags/example_params_trigger_ui.py
[2026-03-29T21:58:39.357+0000] {processor.py:840} INFO - DAG(s) 'example_params_trigger_ui' retrieved from /home/airflow/.local/lib/python3.12/site-packages/airflow/example_dags/example_params_trigger_ui.py
[2026-03-29T21:58:39.388+0000] {logging_mixin.py:188} INFO - [2026-03-29T21:58:39.388+0000] {dag.py:3089} INFO - Sync 1 DAGs
[2026-03-29T21:58:39.398+0000] {logging_mixin.py:188} INFO - [2026-03-29T21:58:39.398+0000] {dag.py:3947} INFO - Setting next_dagrun for example_params_trigger_ui to None, run_after=None
[2026-03-29T21:58:39.411+0000] {processor.py:183} INFO - Processing /home/airflow/.local/lib/python3.12/site-packages/airflow/example_dags/example_params_trigger_ui.py took 0.076 seconds
[2026-03-29T21:59:09.806+0000] {processor.py:161} INFO - Started process (PID=2951) to work on /home/airflow/.local/lib/python3.12/site-packages/airflow/example_dags/example_params_trigger_ui.py
[2026-03-29T21:59:09.807+0000] {processor.py:830} INFO - Processing file /home/airflow/.local/lib/python3.12/site-packages/airflow/example_dags/example_params_trigger_ui.py for tasks to queue
[2026-03-29T21:59:09.808+0000] {logging_mixin.py:188} INFO - [2026-03-29T21:59:09.808+0000] {dagbag.py:545} INFO - Filling up the DagBag from /home/airflow/.local/lib/python3.12/site-packages/airflow/example_dags/example_params_trigger_ui.py
[2026-03-29T21:59:09.815+0000] {processor.py:840} INFO - DAG(s) 'example_params_trigger_ui' retrieved from /home/airflow/.local/lib/python3.12/site-packages/airflow/example_dags/example_params_trigger_ui.py
[2026-03-29T21:59:09.844+0000] {logging_mixin.py:188} INFO - [2026-03-29T21:59:09.844+0000] {dag.py:3089} INFO - Sync 1 DAGs
[2026-03-29T21:59:09.857+0000] {logging_mixin.py:188} INFO - [2026-03-29T21:59:09.856+0000] {dag.py:3947} INFO - Setting next_dagrun for example_params_trigger_ui to None, run_after=None
[2026-03-29T21:59:09.876+0000] {processor.py:183} INFO - Processing /home/airflow/.local/lib/python3.12/site-packages/airflow/example_dags/example_params_trigger_ui.py took 0.075 seconds
[2026-03-29T21:59:40.145+0000] {processor.py:161} INFO - Started process (PID=3003) to work on /home/airflow/.local/lib/python3.12/site-packages/airflow/example_dags/example_params_trigger_ui.py
[2026-03-29T21:59:40.147+0000] {processor.py:830} INFO - Processing file /home/airflow/.local/lib/python3.12/site-packages/airflow/example_dags/example_params_trigger_ui.py for tasks to queue
[2026-03-29T21:59:40.149+0000] {logging_mixin.py:188} INFO - [2026-03-29T21:59:40.148+0000] {dagbag.py:545} INFO - Filling up the DagBag from /home/airflow/.local/lib/python3.12/site-packages/airflow/example_dags/example_params_trigger_ui.py
[2026-03-29T21:59:40.156+0000] {processor.py:840} INFO - DAG(s) 'example_params_trigger_ui' retrieved from /home/airflow/.local/lib/python3.12/site-packages/airflow/example_dags/example_params_trigger_ui.py
[2026-03-29T21:59:40.194+0000] {logging_mixin.py:188} INFO - [2026-03-29T21:59:40.193+0000] {dag.py:3089} INFO - Sync 1 DAGs
[2026-03-29T21:59:40.213+0000] {logging_mixin.py:188} INFO - [2026-03-29T21:59:40.212+0000] {dag.py:3947} INFO - Setting next_dagrun for example_params_trigger_ui to None, run_after=None
[2026-03-29T21:59:40.249+0000] {processor.py:183} INFO - Processing /home/airflow/.local/lib/python3.12/site-packages/airflow/example_dags/example_params_trigger_ui.py took 0.111 seconds
[2026-03-29T22:00:10.574+0000] {processor.py:161} INFO - Started process (PID=3055) to work on /home/airflow/.local/lib/python3.12/site-packages/airflow/example_dags/example_params_trigger_ui.py
[2026-03-29T22:00:10.576+0000] {processor.py:830} INFO - Processing file /home/airflow/.local/lib/python3.12/site-packages/airflow/example_dags/example_params_trigger_ui.py for tasks to queue
[2026-03-29T22:00:10.578+0000] {logging_mixin.py:188} INFO - [2026-03-29T22:00:10.578+0000] {dagbag.py:545} INFO - Filling up the DagBag from /home/airflow/.local/lib/python3.12/site-packages/airflow/example_dags/example_params_trigger_ui.py
[2026-03-29T22:00:10.589+0000] {processor.py:840} INFO - DAG(s) 'example_params_trigger_ui' retrieved from /home/airflow/.local/lib/python3.12/site-packages/airflow/example_dags/example_params_trigger_ui.py
[2026-03-29T22:00:10.623+0000] {logging_mixin.py:188} INFO - [2026-03-29T22:00:10.623+0000] {dag.py:3089} INFO - Sync 1 DAGs
[2026-03-29T22:00:10.633+0000] {logging_mixin.py:188} INFO - [2026-03-29T22:00:10.633+0000] {dag.py:3947} INFO - Setting next_dagrun for example_params_trigger_ui to None, run_after=None
[2026-03-29T22:00:10.648+0000] {processor.py:183} INFO - Processing /home/airflow/.local/lib/python3.12/site-packages/airflow/example_dags/example_params_trigger_ui.py took 0.080 seconds
[2026-03-29T22:00:41.365+0000] {processor.py:161} INFO - Started process (PID=3107) to work on /home/airflow/.local/lib/python3.12/site-packages/airflow/example_dags/example_params_trigger_ui.py
[2026-03-29T22:00:41.368+0000] {processor.py:830} INFO - Processing file /home/airflow/.local/lib/python3.12/site-packages/airflow/example_dags/example_params_trigger_ui.py for tasks to queue
[2026-03-29T22:00:41.370+0000] {logging_mixin.py:188} INFO - [2026-03-29T22:00:41.369+0000] {dagbag.py:545} INFO - Filling up the DagBag from /home/airflow/.local/lib/python3.12/site-packages/airflow/example_dags/example_params_trigger_ui.py
[2026-03-29T22:00:41.380+0000] {processor.py:840} INFO - DAG(s) 'example_params_trigger_ui' retrieved from /home/airflow/.local/lib/python3.12/site-packages/airflow/example_dags/example_params_trigger_ui.py
[2026-03-29T22:00:41.415+0000] {logging_mixin.py:188} INFO - [2026-03-29T22:00:41.415+0000] {dag.py:3089} INFO - Sync 1 DAGs
[2026-03-29T22:00:41.427+0000] {logging_mixin.py:188} INFO - [2026-03-29T22:00:41.427+0000] {dag.py:3947} INFO - Setting next_dagrun for example_params_trigger_ui to None, run_after=None
[2026-03-29T22:00:41.445+0000] {processor.py:183} INFO - Processing /home/airflow/.local/lib/python3.12/site-packages/airflow/example_dags/example_params_trigger_ui.py took 0.087 seconds
