[2026-03-29T21:30:35.793+0000] {processor.py:161} INFO - Started process (PID=69) to work on /home/airflow/.local/lib/python3.12/site-packages/airflow/example_dags/example_python_operator.py
[2026-03-29T21:30:35.796+0000] {processor.py:830} INFO - Processing file /home/airflow/.local/lib/python3.12/site-packages/airflow/example_dags/example_python_operator.py for tasks to queue
[2026-03-29T21:30:35.798+0000] {logging_mixin.py:188} INFO - [2026-03-29T21:30:35.798+0000] {dagbag.py:545} INFO - Filling up the DagBag from /home/airflow/.local/lib/python3.12/site-packages/airflow/example_dags/example_python_operator.py
[2026-03-29T21:30:35.828+0000] {processor.py:840} INFO - DAG(s) 'example_python_operator' retrieved from /home/airflow/.local/lib/python3.12/site-packages/airflow/example_dags/example_python_operator.py
[2026-03-29T21:30:35.869+0000] {logging_mixin.py:188} INFO - [2026-03-29T21:30:35.868+0000] {dag.py:3089} INFO - Sync 1 DAGs
[2026-03-29T21:30:35.908+0000] {logging_mixin.py:188} INFO - [2026-03-29T21:30:35.908+0000] {dag.py:3947} INFO - Setting next_dagrun for example_python_operator to None, run_after=None
[2026-03-29T21:30:35.945+0000] {processor.py:183} INFO - Processing /home/airflow/.local/lib/python3.12/site-packages/airflow/example_dags/example_python_operator.py took 0.164 seconds
[2026-03-29T21:31:06.435+0000] {processor.py:161} INFO - Started process (PID=121) to work on /home/airflow/.local/lib/python3.12/site-packages/airflow/example_dags/example_python_operator.py
[2026-03-29T21:31:06.436+0000] {processor.py:830} INFO - Processing file /home/airflow/.local/lib/python3.12/site-packages/airflow/example_dags/example_python_operator.py for tasks to queue
[2026-03-29T21:31:06.439+0000] {logging_mixin.py:188} INFO - [2026-03-29T21:31:06.438+0000] {dagbag.py:545} INFO - Filling up the DagBag from /home/airflow/.local/lib/python3.12/site-packages/airflow/example_dags/example_python_operator.py
[2026-03-29T21:31:06.456+0000] {processor.py:840} INFO - DAG(s) 'example_python_operator' retrieved from /home/airflow/.local/lib/python3.12/site-packages/airflow/example_dags/example_python_operator.py
[2026-03-29T21:31:06.623+0000] {logging_mixin.py:188} INFO - [2026-03-29T21:31:06.622+0000] {dag.py:3089} INFO - Sync 1 DAGs
[2026-03-29T21:31:06.642+0000] {logging_mixin.py:188} INFO - [2026-03-29T21:31:06.641+0000] {dag.py:3947} INFO - Setting next_dagrun for example_python_operator to None, run_after=None
[2026-03-29T21:31:06.673+0000] {processor.py:183} INFO - Processing /home/airflow/.local/lib/python3.12/site-packages/airflow/example_dags/example_python_operator.py took 0.249 seconds
[2026-03-29T21:31:37.257+0000] {processor.py:161} INFO - Started process (PID=173) to work on /home/airflow/.local/lib/python3.12/site-packages/airflow/example_dags/example_python_operator.py
[2026-03-29T21:31:37.259+0000] {processor.py:830} INFO - Processing file /home/airflow/.local/lib/python3.12/site-packages/airflow/example_dags/example_python_operator.py for tasks to queue
[2026-03-29T21:31:37.261+0000] {logging_mixin.py:188} INFO - [2026-03-29T21:31:37.261+0000] {dagbag.py:545} INFO - Filling up the DagBag from /home/airflow/.local/lib/python3.12/site-packages/airflow/example_dags/example_python_operator.py
[2026-03-29T21:31:37.272+0000] {processor.py:840} INFO - DAG(s) 'example_python_operator' retrieved from /home/airflow/.local/lib/python3.12/site-packages/airflow/example_dags/example_python_operator.py
[2026-03-29T21:31:37.293+0000] {logging_mixin.py:188} INFO - [2026-03-29T21:31:37.293+0000] {dag.py:3089} INFO - Sync 1 DAGs
[2026-03-29T21:31:37.303+0000] {logging_mixin.py:188} INFO - [2026-03-29T21:31:37.303+0000] {dag.py:3947} INFO - Setting next_dagrun for example_python_operator to None, run_after=None
[2026-03-29T21:31:37.321+0000] {processor.py:183} INFO - Processing /home/airflow/.local/lib/python3.12/site-packages/airflow/example_dags/example_python_operator.py took 0.070 seconds
[2026-03-29T21:32:08.157+0000] {processor.py:161} INFO - Started process (PID=225) to work on /home/airflow/.local/lib/python3.12/site-packages/airflow/example_dags/example_python_operator.py
[2026-03-29T21:32:08.158+0000] {processor.py:830} INFO - Processing file /home/airflow/.local/lib/python3.12/site-packages/airflow/example_dags/example_python_operator.py for tasks to queue
[2026-03-29T21:32:08.159+0000] {logging_mixin.py:188} INFO - [2026-03-29T21:32:08.159+0000] {dagbag.py:545} INFO - Filling up the DagBag from /home/airflow/.local/lib/python3.12/site-packages/airflow/example_dags/example_python_operator.py
[2026-03-29T21:32:08.167+0000] {processor.py:840} INFO - DAG(s) 'example_python_operator' retrieved from /home/airflow/.local/lib/python3.12/site-packages/airflow/example_dags/example_python_operator.py
[2026-03-29T21:32:08.185+0000] {logging_mixin.py:188} INFO - [2026-03-29T21:32:08.185+0000] {dag.py:3089} INFO - Sync 1 DAGs
[2026-03-29T21:32:08.199+0000] {logging_mixin.py:188} INFO - [2026-03-29T21:32:08.199+0000] {dag.py:3947} INFO - Setting next_dagrun for example_python_operator to None, run_after=None
[2026-03-29T21:32:08.214+0000] {processor.py:183} INFO - Processing /home/airflow/.local/lib/python3.12/site-packages/airflow/example_dags/example_python_operator.py took 0.064 seconds
[2026-03-29T21:32:38.776+0000] {processor.py:161} INFO - Started process (PID=277) to work on /home/airflow/.local/lib/python3.12/site-packages/airflow/example_dags/example_python_operator.py
[2026-03-29T21:32:38.778+0000] {processor.py:830} INFO - Processing file /home/airflow/.local/lib/python3.12/site-packages/airflow/example_dags/example_python_operator.py for tasks to queue
[2026-03-29T21:32:38.779+0000] {logging_mixin.py:188} INFO - [2026-03-29T21:32:38.779+0000] {dagbag.py:545} INFO - Filling up the DagBag from /home/airflow/.local/lib/python3.12/site-packages/airflow/example_dags/example_python_operator.py
[2026-03-29T21:32:38.787+0000] {processor.py:840} INFO - DAG(s) 'example_python_operator' retrieved from /home/airflow/.local/lib/python3.12/site-packages/airflow/example_dags/example_python_operator.py
[2026-03-29T21:32:38.804+0000] {logging_mixin.py:188} INFO - [2026-03-29T21:32:38.803+0000] {dag.py:3089} INFO - Sync 1 DAGs
[2026-03-29T21:32:38.811+0000] {logging_mixin.py:188} INFO - [2026-03-29T21:32:38.811+0000] {dag.py:3947} INFO - Setting next_dagrun for example_python_operator to None, run_after=None
[2026-03-29T21:32:38.829+0000] {processor.py:183} INFO - Processing /home/airflow/.local/lib/python3.12/site-packages/airflow/example_dags/example_python_operator.py took 0.057 seconds
[2026-03-29T21:33:09.423+0000] {processor.py:161} INFO - Started process (PID=329) to work on /home/airflow/.local/lib/python3.12/site-packages/airflow/example_dags/example_python_operator.py
[2026-03-29T21:33:09.424+0000] {processor.py:830} INFO - Processing file /home/airflow/.local/lib/python3.12/site-packages/airflow/example_dags/example_python_operator.py for tasks to queue
[2026-03-29T21:33:09.425+0000] {logging_mixin.py:188} INFO - [2026-03-29T21:33:09.425+0000] {dagbag.py:545} INFO - Filling up the DagBag from /home/airflow/.local/lib/python3.12/site-packages/airflow/example_dags/example_python_operator.py
[2026-03-29T21:33:09.433+0000] {processor.py:840} INFO - DAG(s) 'example_python_operator' retrieved from /home/airflow/.local/lib/python3.12/site-packages/airflow/example_dags/example_python_operator.py
[2026-03-29T21:33:09.451+0000] {logging_mixin.py:188} INFO - [2026-03-29T21:33:09.451+0000] {dag.py:3089} INFO - Sync 1 DAGs
[2026-03-29T21:33:09.459+0000] {logging_mixin.py:188} INFO - [2026-03-29T21:33:09.459+0000] {dag.py:3947} INFO - Setting next_dagrun for example_python_operator to None, run_after=None
[2026-03-29T21:33:09.470+0000] {processor.py:183} INFO - Processing /home/airflow/.local/lib/python3.12/site-packages/airflow/example_dags/example_python_operator.py took 0.052 seconds
[2026-03-29T21:33:40.549+0000] {processor.py:161} INFO - Started process (PID=381) to work on /home/airflow/.local/lib/python3.12/site-packages/airflow/example_dags/example_python_operator.py
[2026-03-29T21:33:40.552+0000] {processor.py:830} INFO - Processing file /home/airflow/.local/lib/python3.12/site-packages/airflow/example_dags/example_python_operator.py for tasks to queue
[2026-03-29T21:33:40.555+0000] {logging_mixin.py:188} INFO - [2026-03-29T21:33:40.555+0000] {dagbag.py:545} INFO - Filling up the DagBag from /home/airflow/.local/lib/python3.12/site-packages/airflow/example_dags/example_python_operator.py
[2026-03-29T21:33:40.570+0000] {processor.py:840} INFO - DAG(s) 'example_python_operator' retrieved from /home/airflow/.local/lib/python3.12/site-packages/airflow/example_dags/example_python_operator.py
[2026-03-29T21:33:40.600+0000] {logging_mixin.py:188} INFO - [2026-03-29T21:33:40.600+0000] {dag.py:3089} INFO - Sync 1 DAGs
[2026-03-29T21:33:40.617+0000] {logging_mixin.py:188} INFO - [2026-03-29T21:33:40.616+0000] {dag.py:3947} INFO - Setting next_dagrun for example_python_operator to None, run_after=None
[2026-03-29T21:33:40.640+0000] {processor.py:183} INFO - Processing /home/airflow/.local/lib/python3.12/site-packages/airflow/example_dags/example_python_operator.py took 0.103 seconds
[2026-03-29T21:34:11.423+0000] {processor.py:161} INFO - Started process (PID=433) to work on /home/airflow/.local/lib/python3.12/site-packages/airflow/example_dags/example_python_operator.py
[2026-03-29T21:34:11.425+0000] {processor.py:830} INFO - Processing file /home/airflow/.local/lib/python3.12/site-packages/airflow/example_dags/example_python_operator.py for tasks to queue
[2026-03-29T21:34:11.427+0000] {logging_mixin.py:188} INFO - [2026-03-29T21:34:11.427+0000] {dagbag.py:545} INFO - Filling up the DagBag from /home/airflow/.local/lib/python3.12/site-packages/airflow/example_dags/example_python_operator.py
[2026-03-29T21:34:11.439+0000] {processor.py:840} INFO - DAG(s) 'example_python_operator' retrieved from /home/airflow/.local/lib/python3.12/site-packages/airflow/example_dags/example_python_operator.py
[2026-03-29T21:34:11.473+0000] {logging_mixin.py:188} INFO - [2026-03-29T21:34:11.473+0000] {dag.py:3089} INFO - Sync 1 DAGs
[2026-03-29T21:34:11.487+0000] {logging_mixin.py:188} INFO - [2026-03-29T21:34:11.487+0000] {dag.py:3947} INFO - Setting next_dagrun for example_python_operator to None, run_after=None
[2026-03-29T21:34:11.511+0000] {processor.py:183} INFO - Processing /home/airflow/.local/lib/python3.12/site-packages/airflow/example_dags/example_python_operator.py took 0.099 seconds
[2026-03-29T21:34:42.372+0000] {processor.py:161} INFO - Started process (PID=485) to work on /home/airflow/.local/lib/python3.12/site-packages/airflow/example_dags/example_python_operator.py
[2026-03-29T21:34:42.373+0000] {processor.py:830} INFO - Processing file /home/airflow/.local/lib/python3.12/site-packages/airflow/example_dags/example_python_operator.py for tasks to queue
[2026-03-29T21:34:42.375+0000] {logging_mixin.py:188} INFO - [2026-03-29T21:34:42.375+0000] {dagbag.py:545} INFO - Filling up the DagBag from /home/airflow/.local/lib/python3.12/site-packages/airflow/example_dags/example_python_operator.py
[2026-03-29T21:34:42.387+0000] {processor.py:840} INFO - DAG(s) 'example_python_operator' retrieved from /home/airflow/.local/lib/python3.12/site-packages/airflow/example_dags/example_python_operator.py
[2026-03-29T21:34:42.410+0000] {logging_mixin.py:188} INFO - [2026-03-29T21:34:42.410+0000] {dag.py:3089} INFO - Sync 1 DAGs
[2026-03-29T21:34:42.421+0000] {logging_mixin.py:188} INFO - [2026-03-29T21:34:42.421+0000] {dag.py:3947} INFO - Setting next_dagrun for example_python_operator to None, run_after=None
[2026-03-29T21:34:42.444+0000] {processor.py:183} INFO - Processing /home/airflow/.local/lib/python3.12/site-packages/airflow/example_dags/example_python_operator.py took 0.078 seconds
[2026-03-29T21:35:13.432+0000] {processor.py:161} INFO - Started process (PID=537) to work on /home/airflow/.local/lib/python3.12/site-packages/airflow/example_dags/example_python_operator.py
[2026-03-29T21:35:13.435+0000] {processor.py:830} INFO - Processing file /home/airflow/.local/lib/python3.12/site-packages/airflow/example_dags/example_python_operator.py for tasks to queue
[2026-03-29T21:35:13.437+0000] {logging_mixin.py:188} INFO - [2026-03-29T21:35:13.437+0000] {dagbag.py:545} INFO - Filling up the DagBag from /home/airflow/.local/lib/python3.12/site-packages/airflow/example_dags/example_python_operator.py
[2026-03-29T21:35:13.450+0000] {processor.py:840} INFO - DAG(s) 'example_python_operator' retrieved from /home/airflow/.local/lib/python3.12/site-packages/airflow/example_dags/example_python_operator.py
[2026-03-29T21:35:13.478+0000] {logging_mixin.py:188} INFO - [2026-03-29T21:35:13.478+0000] {dag.py:3089} INFO - Sync 1 DAGs
[2026-03-29T21:35:13.493+0000] {logging_mixin.py:188} INFO - [2026-03-29T21:35:13.493+0000] {dag.py:3947} INFO - Setting next_dagrun for example_python_operator to None, run_after=None
[2026-03-29T21:35:13.514+0000] {processor.py:183} INFO - Processing /home/airflow/.local/lib/python3.12/site-packages/airflow/example_dags/example_python_operator.py took 0.087 seconds
[2026-03-29T21:35:44.030+0000] {processor.py:161} INFO - Started process (PID=589) to work on /home/airflow/.local/lib/python3.12/site-packages/airflow/example_dags/example_python_operator.py
[2026-03-29T21:35:44.030+0000] {processor.py:830} INFO - Processing file /home/airflow/.local/lib/python3.12/site-packages/airflow/example_dags/example_python_operator.py for tasks to queue
[2026-03-29T21:35:44.032+0000] {logging_mixin.py:188} INFO - [2026-03-29T21:35:44.031+0000] {dagbag.py:545} INFO - Filling up the DagBag from /home/airflow/.local/lib/python3.12/site-packages/airflow/example_dags/example_python_operator.py
[2026-03-29T21:35:44.041+0000] {processor.py:840} INFO - DAG(s) 'example_python_operator' retrieved from /home/airflow/.local/lib/python3.12/site-packages/airflow/example_dags/example_python_operator.py
[2026-03-29T21:35:44.058+0000] {logging_mixin.py:188} INFO - [2026-03-29T21:35:44.058+0000] {dag.py:3089} INFO - Sync 1 DAGs
[2026-03-29T21:35:44.067+0000] {logging_mixin.py:188} INFO - [2026-03-29T21:35:44.067+0000] {dag.py:3947} INFO - Setting next_dagrun for example_python_operator to None, run_after=None
[2026-03-29T21:35:44.081+0000] {processor.py:183} INFO - Processing /home/airflow/.local/lib/python3.12/site-packages/airflow/example_dags/example_python_operator.py took 0.056 seconds
[2026-03-29T21:36:15.059+0000] {processor.py:161} INFO - Started process (PID=641) to work on /home/airflow/.local/lib/python3.12/site-packages/airflow/example_dags/example_python_operator.py
[2026-03-29T21:36:15.066+0000] {processor.py:830} INFO - Processing file /home/airflow/.local/lib/python3.12/site-packages/airflow/example_dags/example_python_operator.py for tasks to queue
[2026-03-29T21:36:15.079+0000] {logging_mixin.py:188} INFO - [2026-03-29T21:36:15.078+0000] {dagbag.py:545} INFO - Filling up the DagBag from /home/airflow/.local/lib/python3.12/site-packages/airflow/example_dags/example_python_operator.py
[2026-03-29T21:36:15.109+0000] {processor.py:840} INFO - DAG(s) 'example_python_operator' retrieved from /home/airflow/.local/lib/python3.12/site-packages/airflow/example_dags/example_python_operator.py
[2026-03-29T21:36:15.150+0000] {logging_mixin.py:188} INFO - [2026-03-29T21:36:15.150+0000] {dag.py:3089} INFO - Sync 1 DAGs
[2026-03-29T21:36:15.168+0000] {logging_mixin.py:188} INFO - [2026-03-29T21:36:15.167+0000] {dag.py:3947} INFO - Setting next_dagrun for example_python_operator to None, run_after=None
[2026-03-29T21:36:15.193+0000] {processor.py:183} INFO - Processing /home/airflow/.local/lib/python3.12/site-packages/airflow/example_dags/example_python_operator.py took 0.158 seconds
[2026-03-29T21:36:45.836+0000] {processor.py:161} INFO - Started process (PID=693) to work on /home/airflow/.local/lib/python3.12/site-packages/airflow/example_dags/example_python_operator.py
[2026-03-29T21:36:45.837+0000] {processor.py:830} INFO - Processing file /home/airflow/.local/lib/python3.12/site-packages/airflow/example_dags/example_python_operator.py for tasks to queue
[2026-03-29T21:36:45.838+0000] {logging_mixin.py:188} INFO - [2026-03-29T21:36:45.838+0000] {dagbag.py:545} INFO - Filling up the DagBag from /home/airflow/.local/lib/python3.12/site-packages/airflow/example_dags/example_python_operator.py
[2026-03-29T21:36:45.847+0000] {processor.py:840} INFO - DAG(s) 'example_python_operator' retrieved from /home/airflow/.local/lib/python3.12/site-packages/airflow/example_dags/example_python_operator.py
[2026-03-29T21:36:45.864+0000] {logging_mixin.py:188} INFO - [2026-03-29T21:36:45.864+0000] {dag.py:3089} INFO - Sync 1 DAGs
[2026-03-29T21:36:45.875+0000] {logging_mixin.py:188} INFO - [2026-03-29T21:36:45.875+0000] {dag.py:3947} INFO - Setting next_dagrun for example_python_operator to None, run_after=None
[2026-03-29T21:36:45.890+0000] {processor.py:183} INFO - Processing /home/airflow/.local/lib/python3.12/site-packages/airflow/example_dags/example_python_operator.py took 0.060 seconds
[2026-03-29T21:37:16.602+0000] {processor.py:161} INFO - Started process (PID=745) to work on /home/airflow/.local/lib/python3.12/site-packages/airflow/example_dags/example_python_operator.py
[2026-03-29T21:37:16.603+0000] {processor.py:830} INFO - Processing file /home/airflow/.local/lib/python3.12/site-packages/airflow/example_dags/example_python_operator.py for tasks to queue
[2026-03-29T21:37:16.604+0000] {logging_mixin.py:188} INFO - [2026-03-29T21:37:16.604+0000] {dagbag.py:545} INFO - Filling up the DagBag from /home/airflow/.local/lib/python3.12/site-packages/airflow/example_dags/example_python_operator.py
[2026-03-29T21:37:16.612+0000] {processor.py:840} INFO - DAG(s) 'example_python_operator' retrieved from /home/airflow/.local/lib/python3.12/site-packages/airflow/example_dags/example_python_operator.py
[2026-03-29T21:37:16.627+0000] {logging_mixin.py:188} INFO - [2026-03-29T21:37:16.627+0000] {dag.py:3089} INFO - Sync 1 DAGs
[2026-03-29T21:37:16.636+0000] {logging_mixin.py:188} INFO - [2026-03-29T21:37:16.636+0000] {dag.py:3947} INFO - Setting next_dagrun for example_python_operator to None, run_after=None
[2026-03-29T21:37:16.648+0000] {processor.py:183} INFO - Processing /home/airflow/.local/lib/python3.12/site-packages/airflow/example_dags/example_python_operator.py took 0.052 seconds
[2026-03-29T21:37:47.084+0000] {processor.py:161} INFO - Started process (PID=797) to work on /home/airflow/.local/lib/python3.12/site-packages/airflow/example_dags/example_python_operator.py
[2026-03-29T21:37:47.085+0000] {processor.py:830} INFO - Processing file /home/airflow/.local/lib/python3.12/site-packages/airflow/example_dags/example_python_operator.py for tasks to queue
[2026-03-29T21:37:47.086+0000] {logging_mixin.py:188} INFO - [2026-03-29T21:37:47.086+0000] {dagbag.py:545} INFO - Filling up the DagBag from /home/airflow/.local/lib/python3.12/site-packages/airflow/example_dags/example_python_operator.py
[2026-03-29T21:37:47.093+0000] {processor.py:840} INFO - DAG(s) 'example_python_operator' retrieved from /home/airflow/.local/lib/python3.12/site-packages/airflow/example_dags/example_python_operator.py
[2026-03-29T21:37:47.108+0000] {logging_mixin.py:188} INFO - [2026-03-29T21:37:47.108+0000] {dag.py:3089} INFO - Sync 1 DAGs
[2026-03-29T21:37:47.116+0000] {logging_mixin.py:188} INFO - [2026-03-29T21:37:47.116+0000] {dag.py:3947} INFO - Setting next_dagrun for example_python_operator to None, run_after=None
[2026-03-29T21:37:47.129+0000] {processor.py:183} INFO - Processing /home/airflow/.local/lib/python3.12/site-packages/airflow/example_dags/example_python_operator.py took 0.049 seconds
[2026-03-29T21:38:17.293+0000] {processor.py:161} INFO - Started process (PID=849) to work on /home/airflow/.local/lib/python3.12/site-packages/airflow/example_dags/example_python_operator.py
[2026-03-29T21:38:17.294+0000] {processor.py:830} INFO - Processing file /home/airflow/.local/lib/python3.12/site-packages/airflow/example_dags/example_python_operator.py for tasks to queue
[2026-03-29T21:38:17.295+0000] {logging_mixin.py:188} INFO - [2026-03-29T21:38:17.295+0000] {dagbag.py:545} INFO - Filling up the DagBag from /home/airflow/.local/lib/python3.12/site-packages/airflow/example_dags/example_python_operator.py
[2026-03-29T21:38:17.305+0000] {processor.py:840} INFO - DAG(s) 'example_python_operator' retrieved from /home/airflow/.local/lib/python3.12/site-packages/airflow/example_dags/example_python_operator.py
[2026-03-29T21:38:17.322+0000] {logging_mixin.py:188} INFO - [2026-03-29T21:38:17.322+0000] {dag.py:3089} INFO - Sync 1 DAGs
[2026-03-29T21:38:17.331+0000] {logging_mixin.py:188} INFO - [2026-03-29T21:38:17.331+0000] {dag.py:3947} INFO - Setting next_dagrun for example_python_operator to None, run_after=None
[2026-03-29T21:38:17.347+0000] {processor.py:183} INFO - Processing /home/airflow/.local/lib/python3.12/site-packages/airflow/example_dags/example_python_operator.py took 0.059 seconds
[2026-03-29T21:38:47.936+0000] {processor.py:161} INFO - Started process (PID=901) to work on /home/airflow/.local/lib/python3.12/site-packages/airflow/example_dags/example_python_operator.py
[2026-03-29T21:38:47.937+0000] {processor.py:830} INFO - Processing file /home/airflow/.local/lib/python3.12/site-packages/airflow/example_dags/example_python_operator.py for tasks to queue
[2026-03-29T21:38:47.941+0000] {logging_mixin.py:188} INFO - [2026-03-29T21:38:47.940+0000] {dagbag.py:545} INFO - Filling up the DagBag from /home/airflow/.local/lib/python3.12/site-packages/airflow/example_dags/example_python_operator.py
[2026-03-29T21:38:47.950+0000] {processor.py:840} INFO - DAG(s) 'example_python_operator' retrieved from /home/airflow/.local/lib/python3.12/site-packages/airflow/example_dags/example_python_operator.py
[2026-03-29T21:38:47.966+0000] {logging_mixin.py:188} INFO - [2026-03-29T21:38:47.966+0000] {dag.py:3089} INFO - Sync 1 DAGs
[2026-03-29T21:38:47.977+0000] {logging_mixin.py:188} INFO - [2026-03-29T21:38:47.977+0000] {dag.py:3947} INFO - Setting next_dagrun for example_python_operator to None, run_after=None
[2026-03-29T21:38:47.991+0000] {processor.py:183} INFO - Processing /home/airflow/.local/lib/python3.12/site-packages/airflow/example_dags/example_python_operator.py took 0.060 seconds
[2026-03-29T21:39:18.373+0000] {processor.py:161} INFO - Started process (PID=953) to work on /home/airflow/.local/lib/python3.12/site-packages/airflow/example_dags/example_python_operator.py
[2026-03-29T21:39:18.374+0000] {processor.py:830} INFO - Processing file /home/airflow/.local/lib/python3.12/site-packages/airflow/example_dags/example_python_operator.py for tasks to queue
[2026-03-29T21:39:18.375+0000] {logging_mixin.py:188} INFO - [2026-03-29T21:39:18.375+0000] {dagbag.py:545} INFO - Filling up the DagBag from /home/airflow/.local/lib/python3.12/site-packages/airflow/example_dags/example_python_operator.py
[2026-03-29T21:39:18.384+0000] {processor.py:840} INFO - DAG(s) 'example_python_operator' retrieved from /home/airflow/.local/lib/python3.12/site-packages/airflow/example_dags/example_python_operator.py
[2026-03-29T21:39:18.399+0000] {logging_mixin.py:188} INFO - [2026-03-29T21:39:18.399+0000] {dag.py:3089} INFO - Sync 1 DAGs
[2026-03-29T21:39:18.408+0000] {logging_mixin.py:188} INFO - [2026-03-29T21:39:18.408+0000] {dag.py:3947} INFO - Setting next_dagrun for example_python_operator to None, run_after=None
[2026-03-29T21:39:18.421+0000] {processor.py:183} INFO - Processing /home/airflow/.local/lib/python3.12/site-packages/airflow/example_dags/example_python_operator.py took 0.053 seconds
[2026-03-29T21:39:49.102+0000] {processor.py:161} INFO - Started process (PID=1005) to work on /home/airflow/.local/lib/python3.12/site-packages/airflow/example_dags/example_python_operator.py
[2026-03-29T21:39:49.103+0000] {processor.py:830} INFO - Processing file /home/airflow/.local/lib/python3.12/site-packages/airflow/example_dags/example_python_operator.py for tasks to queue
[2026-03-29T21:39:49.105+0000] {logging_mixin.py:188} INFO - [2026-03-29T21:39:49.105+0000] {dagbag.py:545} INFO - Filling up the DagBag from /home/airflow/.local/lib/python3.12/site-packages/airflow/example_dags/example_python_operator.py
[2026-03-29T21:39:49.117+0000] {processor.py:840} INFO - DAG(s) 'example_python_operator' retrieved from /home/airflow/.local/lib/python3.12/site-packages/airflow/example_dags/example_python_operator.py
[2026-03-29T21:39:49.142+0000] {logging_mixin.py:188} INFO - [2026-03-29T21:39:49.142+0000] {dag.py:3089} INFO - Sync 1 DAGs
[2026-03-29T21:39:49.154+0000] {logging_mixin.py:188} INFO - [2026-03-29T21:39:49.153+0000] {dag.py:3947} INFO - Setting next_dagrun for example_python_operator to None, run_after=None
[2026-03-29T21:39:49.172+0000] {processor.py:183} INFO - Processing /home/airflow/.local/lib/python3.12/site-packages/airflow/example_dags/example_python_operator.py took 0.075 seconds
[2026-03-29T21:40:19.804+0000] {processor.py:161} INFO - Started process (PID=1057) to work on /home/airflow/.local/lib/python3.12/site-packages/airflow/example_dags/example_python_operator.py
[2026-03-29T21:40:19.807+0000] {processor.py:830} INFO - Processing file /home/airflow/.local/lib/python3.12/site-packages/airflow/example_dags/example_python_operator.py for tasks to queue
[2026-03-29T21:40:19.809+0000] {logging_mixin.py:188} INFO - [2026-03-29T21:40:19.809+0000] {dagbag.py:545} INFO - Filling up the DagBag from /home/airflow/.local/lib/python3.12/site-packages/airflow/example_dags/example_python_operator.py
[2026-03-29T21:40:19.833+0000] {processor.py:840} INFO - DAG(s) 'example_python_operator' retrieved from /home/airflow/.local/lib/python3.12/site-packages/airflow/example_dags/example_python_operator.py
[2026-03-29T21:40:19.876+0000] {logging_mixin.py:188} INFO - [2026-03-29T21:40:19.876+0000] {dag.py:3089} INFO - Sync 1 DAGs
[2026-03-29T21:40:19.893+0000] {logging_mixin.py:188} INFO - [2026-03-29T21:40:19.893+0000] {dag.py:3947} INFO - Setting next_dagrun for example_python_operator to None, run_after=None
[2026-03-29T21:40:19.924+0000] {processor.py:183} INFO - Processing /home/airflow/.local/lib/python3.12/site-packages/airflow/example_dags/example_python_operator.py took 0.135 seconds
[2026-03-29T21:40:50.192+0000] {processor.py:161} INFO - Started process (PID=1109) to work on /home/airflow/.local/lib/python3.12/site-packages/airflow/example_dags/example_python_operator.py
[2026-03-29T21:40:50.194+0000] {processor.py:830} INFO - Processing file /home/airflow/.local/lib/python3.12/site-packages/airflow/example_dags/example_python_operator.py for tasks to queue
[2026-03-29T21:40:50.196+0000] {logging_mixin.py:188} INFO - [2026-03-29T21:40:50.196+0000] {dagbag.py:545} INFO - Filling up the DagBag from /home/airflow/.local/lib/python3.12/site-packages/airflow/example_dags/example_python_operator.py
[2026-03-29T21:40:50.210+0000] {processor.py:840} INFO - DAG(s) 'example_python_operator' retrieved from /home/airflow/.local/lib/python3.12/site-packages/airflow/example_dags/example_python_operator.py
[2026-03-29T21:40:50.232+0000] {logging_mixin.py:188} INFO - [2026-03-29T21:40:50.232+0000] {dag.py:3089} INFO - Sync 1 DAGs
[2026-03-29T21:40:50.245+0000] {logging_mixin.py:188} INFO - [2026-03-29T21:40:50.245+0000] {dag.py:3947} INFO - Setting next_dagrun for example_python_operator to None, run_after=None
[2026-03-29T21:40:50.267+0000] {processor.py:183} INFO - Processing /home/airflow/.local/lib/python3.12/site-packages/airflow/example_dags/example_python_operator.py took 0.085 seconds
[2026-03-29T21:41:20.817+0000] {processor.py:161} INFO - Started process (PID=1161) to work on /home/airflow/.local/lib/python3.12/site-packages/airflow/example_dags/example_python_operator.py
[2026-03-29T21:41:20.818+0000] {processor.py:830} INFO - Processing file /home/airflow/.local/lib/python3.12/site-packages/airflow/example_dags/example_python_operator.py for tasks to queue
[2026-03-29T21:41:20.819+0000] {logging_mixin.py:188} INFO - [2026-03-29T21:41:20.819+0000] {dagbag.py:545} INFO - Filling up the DagBag from /home/airflow/.local/lib/python3.12/site-packages/airflow/example_dags/example_python_operator.py
[2026-03-29T21:41:20.828+0000] {processor.py:840} INFO - DAG(s) 'example_python_operator' retrieved from /home/airflow/.local/lib/python3.12/site-packages/airflow/example_dags/example_python_operator.py
[2026-03-29T21:41:20.850+0000] {logging_mixin.py:188} INFO - [2026-03-29T21:41:20.850+0000] {dag.py:3089} INFO - Sync 1 DAGs
[2026-03-29T21:41:20.861+0000] {logging_mixin.py:188} INFO - [2026-03-29T21:41:20.861+0000] {dag.py:3947} INFO - Setting next_dagrun for example_python_operator to None, run_after=None
[2026-03-29T21:41:20.883+0000] {processor.py:183} INFO - Processing /home/airflow/.local/lib/python3.12/site-packages/airflow/example_dags/example_python_operator.py took 0.070 seconds
[2026-03-29T21:41:51.785+0000] {processor.py:161} INFO - Started process (PID=1213) to work on /home/airflow/.local/lib/python3.12/site-packages/airflow/example_dags/example_python_operator.py
[2026-03-29T21:41:51.787+0000] {processor.py:830} INFO - Processing file /home/airflow/.local/lib/python3.12/site-packages/airflow/example_dags/example_python_operator.py for tasks to queue
[2026-03-29T21:41:51.788+0000] {logging_mixin.py:188} INFO - [2026-03-29T21:41:51.788+0000] {dagbag.py:545} INFO - Filling up the DagBag from /home/airflow/.local/lib/python3.12/site-packages/airflow/example_dags/example_python_operator.py
[2026-03-29T21:41:51.805+0000] {processor.py:840} INFO - DAG(s) 'example_python_operator' retrieved from /home/airflow/.local/lib/python3.12/site-packages/airflow/example_dags/example_python_operator.py
[2026-03-29T21:41:51.830+0000] {logging_mixin.py:188} INFO - [2026-03-29T21:41:51.829+0000] {dag.py:3089} INFO - Sync 1 DAGs
[2026-03-29T21:41:51.844+0000] {logging_mixin.py:188} INFO - [2026-03-29T21:41:51.844+0000] {dag.py:3947} INFO - Setting next_dagrun for example_python_operator to None, run_after=None
[2026-03-29T21:41:51.862+0000] {processor.py:183} INFO - Processing /home/airflow/.local/lib/python3.12/site-packages/airflow/example_dags/example_python_operator.py took 0.085 seconds
[2026-03-29T21:42:22.081+0000] {processor.py:161} INFO - Started process (PID=1265) to work on /home/airflow/.local/lib/python3.12/site-packages/airflow/example_dags/example_python_operator.py
[2026-03-29T21:42:22.084+0000] {processor.py:830} INFO - Processing file /home/airflow/.local/lib/python3.12/site-packages/airflow/example_dags/example_python_operator.py for tasks to queue
[2026-03-29T21:42:22.091+0000] {logging_mixin.py:188} INFO - [2026-03-29T21:42:22.090+0000] {dagbag.py:545} INFO - Filling up the DagBag from /home/airflow/.local/lib/python3.12/site-packages/airflow/example_dags/example_python_operator.py
[2026-03-29T21:42:22.113+0000] {processor.py:840} INFO - DAG(s) 'example_python_operator' retrieved from /home/airflow/.local/lib/python3.12/site-packages/airflow/example_dags/example_python_operator.py
[2026-03-29T21:42:22.140+0000] {logging_mixin.py:188} INFO - [2026-03-29T21:42:22.139+0000] {dag.py:3089} INFO - Sync 1 DAGs
[2026-03-29T21:42:22.153+0000] {logging_mixin.py:188} INFO - [2026-03-29T21:42:22.152+0000] {dag.py:3947} INFO - Setting next_dagrun for example_python_operator to None, run_after=None
[2026-03-29T21:42:22.173+0000] {processor.py:183} INFO - Processing /home/airflow/.local/lib/python3.12/site-packages/airflow/example_dags/example_python_operator.py took 0.101 seconds
[2026-03-29T21:42:52.319+0000] {processor.py:161} INFO - Started process (PID=1317) to work on /home/airflow/.local/lib/python3.12/site-packages/airflow/example_dags/example_python_operator.py
[2026-03-29T21:42:52.320+0000] {processor.py:830} INFO - Processing file /home/airflow/.local/lib/python3.12/site-packages/airflow/example_dags/example_python_operator.py for tasks to queue
[2026-03-29T21:42:52.321+0000] {logging_mixin.py:188} INFO - [2026-03-29T21:42:52.321+0000] {dagbag.py:545} INFO - Filling up the DagBag from /home/airflow/.local/lib/python3.12/site-packages/airflow/example_dags/example_python_operator.py
[2026-03-29T21:42:52.329+0000] {processor.py:840} INFO - DAG(s) 'example_python_operator' retrieved from /home/airflow/.local/lib/python3.12/site-packages/airflow/example_dags/example_python_operator.py
[2026-03-29T21:42:52.346+0000] {logging_mixin.py:188} INFO - [2026-03-29T21:42:52.346+0000] {dag.py:3089} INFO - Sync 1 DAGs
[2026-03-29T21:42:52.355+0000] {logging_mixin.py:188} INFO - [2026-03-29T21:42:52.355+0000] {dag.py:3947} INFO - Setting next_dagrun for example_python_operator to None, run_after=None
[2026-03-29T21:42:52.367+0000] {processor.py:183} INFO - Processing /home/airflow/.local/lib/python3.12/site-packages/airflow/example_dags/example_python_operator.py took 0.053 seconds
[2026-03-29T21:43:22.842+0000] {processor.py:161} INFO - Started process (PID=1369) to work on /home/airflow/.local/lib/python3.12/site-packages/airflow/example_dags/example_python_operator.py
[2026-03-29T21:43:22.843+0000] {processor.py:830} INFO - Processing file /home/airflow/.local/lib/python3.12/site-packages/airflow/example_dags/example_python_operator.py for tasks to queue
[2026-03-29T21:43:22.845+0000] {logging_mixin.py:188} INFO - [2026-03-29T21:43:22.844+0000] {dagbag.py:545} INFO - Filling up the DagBag from /home/airflow/.local/lib/python3.12/site-packages/airflow/example_dags/example_python_operator.py
[2026-03-29T21:43:22.855+0000] {processor.py:840} INFO - DAG(s) 'example_python_operator' retrieved from /home/airflow/.local/lib/python3.12/site-packages/airflow/example_dags/example_python_operator.py
[2026-03-29T21:43:22.872+0000] {logging_mixin.py:188} INFO - [2026-03-29T21:43:22.872+0000] {dag.py:3089} INFO - Sync 1 DAGs
[2026-03-29T21:43:22.881+0000] {logging_mixin.py:188} INFO - [2026-03-29T21:43:22.881+0000] {dag.py:3947} INFO - Setting next_dagrun for example_python_operator to None, run_after=None
[2026-03-29T21:43:22.898+0000] {processor.py:183} INFO - Processing /home/airflow/.local/lib/python3.12/site-packages/airflow/example_dags/example_python_operator.py took 0.060 seconds
[2026-03-29T21:43:54.073+0000] {processor.py:161} INFO - Started process (PID=1421) to work on /home/airflow/.local/lib/python3.12/site-packages/airflow/example_dags/example_python_operator.py
[2026-03-29T21:43:54.075+0000] {processor.py:830} INFO - Processing file /home/airflow/.local/lib/python3.12/site-packages/airflow/example_dags/example_python_operator.py for tasks to queue
[2026-03-29T21:43:54.076+0000] {logging_mixin.py:188} INFO - [2026-03-29T21:43:54.076+0000] {dagbag.py:545} INFO - Filling up the DagBag from /home/airflow/.local/lib/python3.12/site-packages/airflow/example_dags/example_python_operator.py
[2026-03-29T21:43:54.090+0000] {processor.py:840} INFO - DAG(s) 'example_python_operator' retrieved from /home/airflow/.local/lib/python3.12/site-packages/airflow/example_dags/example_python_operator.py
[2026-03-29T21:43:54.115+0000] {logging_mixin.py:188} INFO - [2026-03-29T21:43:54.115+0000] {dag.py:3089} INFO - Sync 1 DAGs
[2026-03-29T21:43:54.130+0000] {logging_mixin.py:188} INFO - [2026-03-29T21:43:54.130+0000] {dag.py:3947} INFO - Setting next_dagrun for example_python_operator to None, run_after=None
[2026-03-29T21:43:54.149+0000] {processor.py:183} INFO - Processing /home/airflow/.local/lib/python3.12/site-packages/airflow/example_dags/example_python_operator.py took 0.083 seconds
[2026-03-29T21:44:25.363+0000] {processor.py:161} INFO - Started process (PID=1473) to work on /home/airflow/.local/lib/python3.12/site-packages/airflow/example_dags/example_python_operator.py
[2026-03-29T21:44:25.365+0000] {processor.py:830} INFO - Processing file /home/airflow/.local/lib/python3.12/site-packages/airflow/example_dags/example_python_operator.py for tasks to queue
[2026-03-29T21:44:25.366+0000] {logging_mixin.py:188} INFO - [2026-03-29T21:44:25.366+0000] {dagbag.py:545} INFO - Filling up the DagBag from /home/airflow/.local/lib/python3.12/site-packages/airflow/example_dags/example_python_operator.py
[2026-03-29T21:44:25.378+0000] {processor.py:840} INFO - DAG(s) 'example_python_operator' retrieved from /home/airflow/.local/lib/python3.12/site-packages/airflow/example_dags/example_python_operator.py
[2026-03-29T21:44:25.401+0000] {logging_mixin.py:188} INFO - [2026-03-29T21:44:25.400+0000] {dag.py:3089} INFO - Sync 1 DAGs
[2026-03-29T21:44:25.413+0000] {logging_mixin.py:188} INFO - [2026-03-29T21:44:25.413+0000] {dag.py:3947} INFO - Setting next_dagrun for example_python_operator to None, run_after=None
[2026-03-29T21:44:25.435+0000] {processor.py:183} INFO - Processing /home/airflow/.local/lib/python3.12/site-packages/airflow/example_dags/example_python_operator.py took 0.082 seconds
[2026-03-29T21:44:55.492+0000] {processor.py:161} INFO - Started process (PID=1525) to work on /home/airflow/.local/lib/python3.12/site-packages/airflow/example_dags/example_python_operator.py
[2026-03-29T21:44:55.493+0000] {processor.py:830} INFO - Processing file /home/airflow/.local/lib/python3.12/site-packages/airflow/example_dags/example_python_operator.py for tasks to queue
[2026-03-29T21:44:55.494+0000] {logging_mixin.py:188} INFO - [2026-03-29T21:44:55.494+0000] {dagbag.py:545} INFO - Filling up the DagBag from /home/airflow/.local/lib/python3.12/site-packages/airflow/example_dags/example_python_operator.py
[2026-03-29T21:44:55.503+0000] {processor.py:840} INFO - DAG(s) 'example_python_operator' retrieved from /home/airflow/.local/lib/python3.12/site-packages/airflow/example_dags/example_python_operator.py
[2026-03-29T21:44:55.526+0000] {logging_mixin.py:188} INFO - [2026-03-29T21:44:55.526+0000] {dag.py:3089} INFO - Sync 1 DAGs
[2026-03-29T21:44:55.535+0000] {logging_mixin.py:188} INFO - [2026-03-29T21:44:55.535+0000] {dag.py:3947} INFO - Setting next_dagrun for example_python_operator to None, run_after=None
[2026-03-29T21:44:55.550+0000] {processor.py:183} INFO - Processing /home/airflow/.local/lib/python3.12/site-packages/airflow/example_dags/example_python_operator.py took 0.063 seconds
[2026-03-29T21:45:26.643+0000] {processor.py:161} INFO - Started process (PID=1577) to work on /home/airflow/.local/lib/python3.12/site-packages/airflow/example_dags/example_python_operator.py
[2026-03-29T21:45:26.644+0000] {processor.py:830} INFO - Processing file /home/airflow/.local/lib/python3.12/site-packages/airflow/example_dags/example_python_operator.py for tasks to queue
[2026-03-29T21:45:26.647+0000] {logging_mixin.py:188} INFO - [2026-03-29T21:45:26.646+0000] {dagbag.py:545} INFO - Filling up the DagBag from /home/airflow/.local/lib/python3.12/site-packages/airflow/example_dags/example_python_operator.py
[2026-03-29T21:45:26.656+0000] {processor.py:840} INFO - DAG(s) 'example_python_operator' retrieved from /home/airflow/.local/lib/python3.12/site-packages/airflow/example_dags/example_python_operator.py
[2026-03-29T21:45:26.676+0000] {logging_mixin.py:188} INFO - [2026-03-29T21:45:26.676+0000] {dag.py:3089} INFO - Sync 1 DAGs
[2026-03-29T21:45:26.687+0000] {logging_mixin.py:188} INFO - [2026-03-29T21:45:26.687+0000] {dag.py:3947} INFO - Setting next_dagrun for example_python_operator to None, run_after=None
[2026-03-29T21:45:26.704+0000] {processor.py:183} INFO - Processing /home/airflow/.local/lib/python3.12/site-packages/airflow/example_dags/example_python_operator.py took 0.066 seconds
[2026-03-29T21:45:58.004+0000] {processor.py:161} INFO - Started process (PID=1629) to work on /home/airflow/.local/lib/python3.12/site-packages/airflow/example_dags/example_python_operator.py
[2026-03-29T21:45:58.005+0000] {processor.py:830} INFO - Processing file /home/airflow/.local/lib/python3.12/site-packages/airflow/example_dags/example_python_operator.py for tasks to queue
[2026-03-29T21:45:58.006+0000] {logging_mixin.py:188} INFO - [2026-03-29T21:45:58.006+0000] {dagbag.py:545} INFO - Filling up the DagBag from /home/airflow/.local/lib/python3.12/site-packages/airflow/example_dags/example_python_operator.py
[2026-03-29T21:45:58.013+0000] {processor.py:840} INFO - DAG(s) 'example_python_operator' retrieved from /home/airflow/.local/lib/python3.12/site-packages/airflow/example_dags/example_python_operator.py
[2026-03-29T21:45:58.027+0000] {logging_mixin.py:188} INFO - [2026-03-29T21:45:58.027+0000] {dag.py:3089} INFO - Sync 1 DAGs
[2026-03-29T21:45:58.035+0000] {logging_mixin.py:188} INFO - [2026-03-29T21:45:58.035+0000] {dag.py:3947} INFO - Setting next_dagrun for example_python_operator to None, run_after=None
[2026-03-29T21:45:58.046+0000] {processor.py:183} INFO - Processing /home/airflow/.local/lib/python3.12/site-packages/airflow/example_dags/example_python_operator.py took 0.046 seconds
[2026-03-29T21:46:28.979+0000] {processor.py:161} INFO - Started process (PID=1681) to work on /home/airflow/.local/lib/python3.12/site-packages/airflow/example_dags/example_python_operator.py
[2026-03-29T21:46:28.982+0000] {processor.py:830} INFO - Processing file /home/airflow/.local/lib/python3.12/site-packages/airflow/example_dags/example_python_operator.py for tasks to queue
[2026-03-29T21:46:28.983+0000] {logging_mixin.py:188} INFO - [2026-03-29T21:46:28.983+0000] {dagbag.py:545} INFO - Filling up the DagBag from /home/airflow/.local/lib/python3.12/site-packages/airflow/example_dags/example_python_operator.py
[2026-03-29T21:46:28.994+0000] {processor.py:840} INFO - DAG(s) 'example_python_operator' retrieved from /home/airflow/.local/lib/python3.12/site-packages/airflow/example_dags/example_python_operator.py
[2026-03-29T21:46:29.013+0000] {logging_mixin.py:188} INFO - [2026-03-29T21:46:29.013+0000] {dag.py:3089} INFO - Sync 1 DAGs
[2026-03-29T21:46:29.022+0000] {logging_mixin.py:188} INFO - [2026-03-29T21:46:29.022+0000] {dag.py:3947} INFO - Setting next_dagrun for example_python_operator to None, run_after=None
[2026-03-29T21:46:29.035+0000] {processor.py:183} INFO - Processing /home/airflow/.local/lib/python3.12/site-packages/airflow/example_dags/example_python_operator.py took 0.063 seconds
[2026-03-29T21:46:59.907+0000] {processor.py:161} INFO - Started process (PID=1733) to work on /home/airflow/.local/lib/python3.12/site-packages/airflow/example_dags/example_python_operator.py
[2026-03-29T21:46:59.909+0000] {processor.py:830} INFO - Processing file /home/airflow/.local/lib/python3.12/site-packages/airflow/example_dags/example_python_operator.py for tasks to queue
[2026-03-29T21:46:59.910+0000] {logging_mixin.py:188} INFO - [2026-03-29T21:46:59.910+0000] {dagbag.py:545} INFO - Filling up the DagBag from /home/airflow/.local/lib/python3.12/site-packages/airflow/example_dags/example_python_operator.py
[2026-03-29T21:46:59.918+0000] {processor.py:840} INFO - DAG(s) 'example_python_operator' retrieved from /home/airflow/.local/lib/python3.12/site-packages/airflow/example_dags/example_python_operator.py
[2026-03-29T21:46:59.938+0000] {logging_mixin.py:188} INFO - [2026-03-29T21:46:59.938+0000] {dag.py:3089} INFO - Sync 1 DAGs
[2026-03-29T21:46:59.959+0000] {logging_mixin.py:188} INFO - [2026-03-29T21:46:59.959+0000] {dag.py:3947} INFO - Setting next_dagrun for example_python_operator to None, run_after=None
[2026-03-29T21:46:59.993+0000] {processor.py:183} INFO - Processing /home/airflow/.local/lib/python3.12/site-packages/airflow/example_dags/example_python_operator.py took 0.091 seconds
[2026-03-29T21:47:31.262+0000] {processor.py:161} INFO - Started process (PID=1785) to work on /home/airflow/.local/lib/python3.12/site-packages/airflow/example_dags/example_python_operator.py
[2026-03-29T21:47:31.264+0000] {processor.py:830} INFO - Processing file /home/airflow/.local/lib/python3.12/site-packages/airflow/example_dags/example_python_operator.py for tasks to queue
[2026-03-29T21:47:31.265+0000] {logging_mixin.py:188} INFO - [2026-03-29T21:47:31.265+0000] {dagbag.py:545} INFO - Filling up the DagBag from /home/airflow/.local/lib/python3.12/site-packages/airflow/example_dags/example_python_operator.py
[2026-03-29T21:47:31.275+0000] {processor.py:840} INFO - DAG(s) 'example_python_operator' retrieved from /home/airflow/.local/lib/python3.12/site-packages/airflow/example_dags/example_python_operator.py
[2026-03-29T21:47:31.312+0000] {logging_mixin.py:188} INFO - [2026-03-29T21:47:31.311+0000] {dag.py:3089} INFO - Sync 1 DAGs
[2026-03-29T21:47:31.327+0000] {logging_mixin.py:188} INFO - [2026-03-29T21:47:31.326+0000] {dag.py:3947} INFO - Setting next_dagrun for example_python_operator to None, run_after=None
[2026-03-29T21:47:31.358+0000] {processor.py:183} INFO - Processing /home/airflow/.local/lib/python3.12/site-packages/airflow/example_dags/example_python_operator.py took 0.102 seconds
[2026-03-29T21:48:01.656+0000] {processor.py:161} INFO - Started process (PID=1837) to work on /home/airflow/.local/lib/python3.12/site-packages/airflow/example_dags/example_python_operator.py
[2026-03-29T21:48:01.657+0000] {processor.py:830} INFO - Processing file /home/airflow/.local/lib/python3.12/site-packages/airflow/example_dags/example_python_operator.py for tasks to queue
[2026-03-29T21:48:01.658+0000] {logging_mixin.py:188} INFO - [2026-03-29T21:48:01.658+0000] {dagbag.py:545} INFO - Filling up the DagBag from /home/airflow/.local/lib/python3.12/site-packages/airflow/example_dags/example_python_operator.py
[2026-03-29T21:48:01.669+0000] {processor.py:840} INFO - DAG(s) 'example_python_operator' retrieved from /home/airflow/.local/lib/python3.12/site-packages/airflow/example_dags/example_python_operator.py
[2026-03-29T21:48:01.696+0000] {logging_mixin.py:188} INFO - [2026-03-29T21:48:01.696+0000] {dag.py:3089} INFO - Sync 1 DAGs
[2026-03-29T21:48:01.710+0000] {logging_mixin.py:188} INFO - [2026-03-29T21:48:01.709+0000] {dag.py:3947} INFO - Setting next_dagrun for example_python_operator to None, run_after=None
[2026-03-29T21:48:01.854+0000] {processor.py:183} INFO - Processing /home/airflow/.local/lib/python3.12/site-packages/airflow/example_dags/example_python_operator.py took 0.204 seconds
[2026-03-29T21:48:32.116+0000] {processor.py:161} INFO - Started process (PID=1889) to work on /home/airflow/.local/lib/python3.12/site-packages/airflow/example_dags/example_python_operator.py
[2026-03-29T21:48:32.118+0000] {processor.py:830} INFO - Processing file /home/airflow/.local/lib/python3.12/site-packages/airflow/example_dags/example_python_operator.py for tasks to queue
[2026-03-29T21:48:32.121+0000] {logging_mixin.py:188} INFO - [2026-03-29T21:48:32.121+0000] {dagbag.py:545} INFO - Filling up the DagBag from /home/airflow/.local/lib/python3.12/site-packages/airflow/example_dags/example_python_operator.py
[2026-03-29T21:48:32.134+0000] {processor.py:840} INFO - DAG(s) 'example_python_operator' retrieved from /home/airflow/.local/lib/python3.12/site-packages/airflow/example_dags/example_python_operator.py
[2026-03-29T21:48:32.151+0000] {logging_mixin.py:188} INFO - [2026-03-29T21:48:32.151+0000] {dag.py:3089} INFO - Sync 1 DAGs
[2026-03-29T21:48:32.160+0000] {logging_mixin.py:188} INFO - [2026-03-29T21:48:32.160+0000] {dag.py:3947} INFO - Setting next_dagrun for example_python_operator to None, run_after=None
[2026-03-29T21:48:32.177+0000] {processor.py:183} INFO - Processing /home/airflow/.local/lib/python3.12/site-packages/airflow/example_dags/example_python_operator.py took 0.066 seconds
[2026-03-29T21:49:03.176+0000] {processor.py:161} INFO - Started process (PID=1941) to work on /home/airflow/.local/lib/python3.12/site-packages/airflow/example_dags/example_python_operator.py
[2026-03-29T21:49:03.178+0000] {processor.py:830} INFO - Processing file /home/airflow/.local/lib/python3.12/site-packages/airflow/example_dags/example_python_operator.py for tasks to queue
[2026-03-29T21:49:03.180+0000] {logging_mixin.py:188} INFO - [2026-03-29T21:49:03.180+0000] {dagbag.py:545} INFO - Filling up the DagBag from /home/airflow/.local/lib/python3.12/site-packages/airflow/example_dags/example_python_operator.py
[2026-03-29T21:49:03.194+0000] {processor.py:840} INFO - DAG(s) 'example_python_operator' retrieved from /home/airflow/.local/lib/python3.12/site-packages/airflow/example_dags/example_python_operator.py
[2026-03-29T21:49:03.216+0000] {logging_mixin.py:188} INFO - [2026-03-29T21:49:03.216+0000] {dag.py:3089} INFO - Sync 1 DAGs
[2026-03-29T21:49:03.232+0000] {logging_mixin.py:188} INFO - [2026-03-29T21:49:03.232+0000] {dag.py:3947} INFO - Setting next_dagrun for example_python_operator to None, run_after=None
[2026-03-29T21:49:03.253+0000] {processor.py:183} INFO - Processing /home/airflow/.local/lib/python3.12/site-packages/airflow/example_dags/example_python_operator.py took 0.083 seconds
[2026-03-29T21:49:33.897+0000] {processor.py:161} INFO - Started process (PID=1993) to work on /home/airflow/.local/lib/python3.12/site-packages/airflow/example_dags/example_python_operator.py
[2026-03-29T21:49:33.899+0000] {processor.py:830} INFO - Processing file /home/airflow/.local/lib/python3.12/site-packages/airflow/example_dags/example_python_operator.py for tasks to queue
[2026-03-29T21:49:33.900+0000] {logging_mixin.py:188} INFO - [2026-03-29T21:49:33.900+0000] {dagbag.py:545} INFO - Filling up the DagBag from /home/airflow/.local/lib/python3.12/site-packages/airflow/example_dags/example_python_operator.py
[2026-03-29T21:49:33.910+0000] {processor.py:840} INFO - DAG(s) 'example_python_operator' retrieved from /home/airflow/.local/lib/python3.12/site-packages/airflow/example_dags/example_python_operator.py
[2026-03-29T21:49:33.931+0000] {logging_mixin.py:188} INFO - [2026-03-29T21:49:33.931+0000] {dag.py:3089} INFO - Sync 1 DAGs
[2026-03-29T21:49:33.942+0000] {logging_mixin.py:188} INFO - [2026-03-29T21:49:33.942+0000] {dag.py:3947} INFO - Setting next_dagrun for example_python_operator to None, run_after=None
[2026-03-29T21:49:33.958+0000] {processor.py:183} INFO - Processing /home/airflow/.local/lib/python3.12/site-packages/airflow/example_dags/example_python_operator.py took 0.066 seconds
