[2026-03-29T21:30:34.656+0000] {processor.py:161} INFO - Started process (PID=63) to work on /home/airflow/.local/lib/python3.12/site-packages/airflow/example_dags/tutorial_objectstorage.py
[2026-03-29T21:30:34.662+0000] {processor.py:830} INFO - Processing file /home/airflow/.local/lib/python3.12/site-packages/airflow/example_dags/tutorial_objectstorage.py for tasks to queue
[2026-03-29T21:30:34.670+0000] {logging_mixin.py:188} INFO - [2026-03-29T21:30:34.669+0000] {dagbag.py:545} INFO - Filling up the DagBag from /home/airflow/.local/lib/python3.12/site-packages/airflow/example_dags/tutorial_objectstorage.py
[2026-03-29T21:30:34.707+0000] {processor.py:840} INFO - DAG(s) 'tutorial_objectstorage' retrieved from /home/airflow/.local/lib/python3.12/site-packages/airflow/example_dags/tutorial_objectstorage.py
[2026-03-29T21:30:34.759+0000] {logging_mixin.py:188} INFO - [2026-03-29T21:30:34.759+0000] {dag.py:3089} INFO - Sync 1 DAGs
[2026-03-29T21:30:34.812+0000] {logging_mixin.py:188} INFO - [2026-03-29T21:30:34.812+0000] {dag.py:3947} INFO - Setting next_dagrun for tutorial_objectstorage to None, run_after=None
[2026-03-29T21:30:34.884+0000] {processor.py:183} INFO - Processing /home/airflow/.local/lib/python3.12/site-packages/airflow/example_dags/tutorial_objectstorage.py took 0.255 seconds
[2026-03-29T21:31:05.340+0000] {processor.py:161} INFO - Started process (PID=115) to work on /home/airflow/.local/lib/python3.12/site-packages/airflow/example_dags/tutorial_objectstorage.py
[2026-03-29T21:31:05.344+0000] {processor.py:830} INFO - Processing file /home/airflow/.local/lib/python3.12/site-packages/airflow/example_dags/tutorial_objectstorage.py for tasks to queue
[2026-03-29T21:31:05.349+0000] {logging_mixin.py:188} INFO - [2026-03-29T21:31:05.348+0000] {dagbag.py:545} INFO - Filling up the DagBag from /home/airflow/.local/lib/python3.12/site-packages/airflow/example_dags/tutorial_objectstorage.py
[2026-03-29T21:31:05.367+0000] {processor.py:840} INFO - DAG(s) 'tutorial_objectstorage' retrieved from /home/airflow/.local/lib/python3.12/site-packages/airflow/example_dags/tutorial_objectstorage.py
[2026-03-29T21:31:05.562+0000] {logging_mixin.py:188} INFO - [2026-03-29T21:31:05.562+0000] {dag.py:3089} INFO - Sync 1 DAGs
[2026-03-29T21:31:05.582+0000] {logging_mixin.py:188} INFO - [2026-03-29T21:31:05.581+0000] {dag.py:3947} INFO - Setting next_dagrun for tutorial_objectstorage to None, run_after=None
[2026-03-29T21:31:05.627+0000] {processor.py:183} INFO - Processing /home/airflow/.local/lib/python3.12/site-packages/airflow/example_dags/tutorial_objectstorage.py took 0.296 seconds
[2026-03-29T21:31:35.908+0000] {processor.py:161} INFO - Started process (PID=167) to work on /home/airflow/.local/lib/python3.12/site-packages/airflow/example_dags/tutorial_objectstorage.py
[2026-03-29T21:31:35.909+0000] {processor.py:830} INFO - Processing file /home/airflow/.local/lib/python3.12/site-packages/airflow/example_dags/tutorial_objectstorage.py for tasks to queue
[2026-03-29T21:31:35.910+0000] {logging_mixin.py:188} INFO - [2026-03-29T21:31:35.909+0000] {dagbag.py:545} INFO - Filling up the DagBag from /home/airflow/.local/lib/python3.12/site-packages/airflow/example_dags/tutorial_objectstorage.py
[2026-03-29T21:31:35.917+0000] {processor.py:840} INFO - DAG(s) 'tutorial_objectstorage' retrieved from /home/airflow/.local/lib/python3.12/site-packages/airflow/example_dags/tutorial_objectstorage.py
[2026-03-29T21:31:35.933+0000] {logging_mixin.py:188} INFO - [2026-03-29T21:31:35.933+0000] {dag.py:3089} INFO - Sync 1 DAGs
[2026-03-29T21:31:35.945+0000] {logging_mixin.py:188} INFO - [2026-03-29T21:31:35.945+0000] {dag.py:3947} INFO - Setting next_dagrun for tutorial_objectstorage to None, run_after=None
[2026-03-29T21:31:35.963+0000] {processor.py:183} INFO - Processing /home/airflow/.local/lib/python3.12/site-packages/airflow/example_dags/tutorial_objectstorage.py took 0.060 seconds
[2026-03-29T21:32:06.780+0000] {processor.py:161} INFO - Started process (PID=219) to work on /home/airflow/.local/lib/python3.12/site-packages/airflow/example_dags/tutorial_objectstorage.py
[2026-03-29T21:32:06.785+0000] {processor.py:830} INFO - Processing file /home/airflow/.local/lib/python3.12/site-packages/airflow/example_dags/tutorial_objectstorage.py for tasks to queue
[2026-03-29T21:32:06.793+0000] {logging_mixin.py:188} INFO - [2026-03-29T21:32:06.792+0000] {dagbag.py:545} INFO - Filling up the DagBag from /home/airflow/.local/lib/python3.12/site-packages/airflow/example_dags/tutorial_objectstorage.py
[2026-03-29T21:32:06.805+0000] {processor.py:840} INFO - DAG(s) 'tutorial_objectstorage' retrieved from /home/airflow/.local/lib/python3.12/site-packages/airflow/example_dags/tutorial_objectstorage.py
[2026-03-29T21:32:06.834+0000] {logging_mixin.py:188} INFO - [2026-03-29T21:32:06.834+0000] {dag.py:3089} INFO - Sync 1 DAGs
[2026-03-29T21:32:06.858+0000] {logging_mixin.py:188} INFO - [2026-03-29T21:32:06.857+0000] {dag.py:3947} INFO - Setting next_dagrun for tutorial_objectstorage to None, run_after=None
[2026-03-29T21:32:06.886+0000] {processor.py:183} INFO - Processing /home/airflow/.local/lib/python3.12/site-packages/airflow/example_dags/tutorial_objectstorage.py took 0.120 seconds
[2026-03-29T21:32:37.517+0000] {processor.py:161} INFO - Started process (PID=271) to work on /home/airflow/.local/lib/python3.12/site-packages/airflow/example_dags/tutorial_objectstorage.py
[2026-03-29T21:32:37.518+0000] {processor.py:830} INFO - Processing file /home/airflow/.local/lib/python3.12/site-packages/airflow/example_dags/tutorial_objectstorage.py for tasks to queue
[2026-03-29T21:32:37.519+0000] {logging_mixin.py:188} INFO - [2026-03-29T21:32:37.519+0000] {dagbag.py:545} INFO - Filling up the DagBag from /home/airflow/.local/lib/python3.12/site-packages/airflow/example_dags/tutorial_objectstorage.py
[2026-03-29T21:32:37.525+0000] {processor.py:840} INFO - DAG(s) 'tutorial_objectstorage' retrieved from /home/airflow/.local/lib/python3.12/site-packages/airflow/example_dags/tutorial_objectstorage.py
[2026-03-29T21:32:37.543+0000] {logging_mixin.py:188} INFO - [2026-03-29T21:32:37.543+0000] {dag.py:3089} INFO - Sync 1 DAGs
[2026-03-29T21:32:37.554+0000] {logging_mixin.py:188} INFO - [2026-03-29T21:32:37.553+0000] {dag.py:3947} INFO - Setting next_dagrun for tutorial_objectstorage to None, run_after=None
[2026-03-29T21:32:37.572+0000] {processor.py:183} INFO - Processing /home/airflow/.local/lib/python3.12/site-packages/airflow/example_dags/tutorial_objectstorage.py took 0.059 seconds
[2026-03-29T21:33:08.134+0000] {processor.py:161} INFO - Started process (PID=323) to work on /home/airflow/.local/lib/python3.12/site-packages/airflow/example_dags/tutorial_objectstorage.py
[2026-03-29T21:33:08.135+0000] {processor.py:830} INFO - Processing file /home/airflow/.local/lib/python3.12/site-packages/airflow/example_dags/tutorial_objectstorage.py for tasks to queue
[2026-03-29T21:33:08.137+0000] {logging_mixin.py:188} INFO - [2026-03-29T21:33:08.137+0000] {dagbag.py:545} INFO - Filling up the DagBag from /home/airflow/.local/lib/python3.12/site-packages/airflow/example_dags/tutorial_objectstorage.py
[2026-03-29T21:33:08.144+0000] {processor.py:840} INFO - DAG(s) 'tutorial_objectstorage' retrieved from /home/airflow/.local/lib/python3.12/site-packages/airflow/example_dags/tutorial_objectstorage.py
[2026-03-29T21:33:08.162+0000] {logging_mixin.py:188} INFO - [2026-03-29T21:33:08.162+0000] {dag.py:3089} INFO - Sync 1 DAGs
[2026-03-29T21:33:08.177+0000] {logging_mixin.py:188} INFO - [2026-03-29T21:33:08.177+0000] {dag.py:3947} INFO - Setting next_dagrun for tutorial_objectstorage to None, run_after=None
[2026-03-29T21:33:08.200+0000] {processor.py:183} INFO - Processing /home/airflow/.local/lib/python3.12/site-packages/airflow/example_dags/tutorial_objectstorage.py took 0.071 seconds
[2026-03-29T21:33:38.906+0000] {processor.py:161} INFO - Started process (PID=375) to work on /home/airflow/.local/lib/python3.12/site-packages/airflow/example_dags/tutorial_objectstorage.py
[2026-03-29T21:33:38.908+0000] {processor.py:830} INFO - Processing file /home/airflow/.local/lib/python3.12/site-packages/airflow/example_dags/tutorial_objectstorage.py for tasks to queue
[2026-03-29T21:33:38.915+0000] {logging_mixin.py:188} INFO - [2026-03-29T21:33:38.914+0000] {dagbag.py:545} INFO - Filling up the DagBag from /home/airflow/.local/lib/python3.12/site-packages/airflow/example_dags/tutorial_objectstorage.py
[2026-03-29T21:33:38.932+0000] {processor.py:840} INFO - DAG(s) 'tutorial_objectstorage' retrieved from /home/airflow/.local/lib/python3.12/site-packages/airflow/example_dags/tutorial_objectstorage.py
[2026-03-29T21:33:38.962+0000] {logging_mixin.py:188} INFO - [2026-03-29T21:33:38.962+0000] {dag.py:3089} INFO - Sync 1 DAGs
[2026-03-29T21:33:38.977+0000] {logging_mixin.py:188} INFO - [2026-03-29T21:33:38.977+0000] {dag.py:3947} INFO - Setting next_dagrun for tutorial_objectstorage to None, run_after=None
[2026-03-29T21:33:39.001+0000] {processor.py:183} INFO - Processing /home/airflow/.local/lib/python3.12/site-packages/airflow/example_dags/tutorial_objectstorage.py took 0.106 seconds
[2026-03-29T21:34:09.577+0000] {processor.py:161} INFO - Started process (PID=427) to work on /home/airflow/.local/lib/python3.12/site-packages/airflow/example_dags/tutorial_objectstorage.py
[2026-03-29T21:34:09.580+0000] {processor.py:830} INFO - Processing file /home/airflow/.local/lib/python3.12/site-packages/airflow/example_dags/tutorial_objectstorage.py for tasks to queue
[2026-03-29T21:34:09.581+0000] {logging_mixin.py:188} INFO - [2026-03-29T21:34:09.581+0000] {dagbag.py:545} INFO - Filling up the DagBag from /home/airflow/.local/lib/python3.12/site-packages/airflow/example_dags/tutorial_objectstorage.py
[2026-03-29T21:34:09.593+0000] {processor.py:840} INFO - DAG(s) 'tutorial_objectstorage' retrieved from /home/airflow/.local/lib/python3.12/site-packages/airflow/example_dags/tutorial_objectstorage.py
[2026-03-29T21:34:09.630+0000] {logging_mixin.py:188} INFO - [2026-03-29T21:34:09.629+0000] {dag.py:3089} INFO - Sync 1 DAGs
[2026-03-29T21:34:09.659+0000] {logging_mixin.py:188} INFO - [2026-03-29T21:34:09.659+0000] {dag.py:3947} INFO - Setting next_dagrun for tutorial_objectstorage to None, run_after=None
[2026-03-29T21:34:09.709+0000] {processor.py:183} INFO - Processing /home/airflow/.local/lib/python3.12/site-packages/airflow/example_dags/tutorial_objectstorage.py took 0.141 seconds
[2026-03-29T21:34:40.083+0000] {processor.py:161} INFO - Started process (PID=479) to work on /home/airflow/.local/lib/python3.12/site-packages/airflow/example_dags/tutorial_objectstorage.py
[2026-03-29T21:34:40.084+0000] {processor.py:830} INFO - Processing file /home/airflow/.local/lib/python3.12/site-packages/airflow/example_dags/tutorial_objectstorage.py for tasks to queue
[2026-03-29T21:34:40.087+0000] {logging_mixin.py:188} INFO - [2026-03-29T21:34:40.087+0000] {dagbag.py:545} INFO - Filling up the DagBag from /home/airflow/.local/lib/python3.12/site-packages/airflow/example_dags/tutorial_objectstorage.py
[2026-03-29T21:34:40.097+0000] {processor.py:840} INFO - DAG(s) 'tutorial_objectstorage' retrieved from /home/airflow/.local/lib/python3.12/site-packages/airflow/example_dags/tutorial_objectstorage.py
[2026-03-29T21:34:40.117+0000] {logging_mixin.py:188} INFO - [2026-03-29T21:34:40.117+0000] {dag.py:3089} INFO - Sync 1 DAGs
[2026-03-29T21:34:40.130+0000] {logging_mixin.py:188} INFO - [2026-03-29T21:34:40.130+0000] {dag.py:3947} INFO - Setting next_dagrun for tutorial_objectstorage to None, run_after=None
[2026-03-29T21:34:40.152+0000] {processor.py:183} INFO - Processing /home/airflow/.local/lib/python3.12/site-packages/airflow/example_dags/tutorial_objectstorage.py took 0.078 seconds
[2026-03-29T21:35:11.037+0000] {processor.py:161} INFO - Started process (PID=531) to work on /home/airflow/.local/lib/python3.12/site-packages/airflow/example_dags/tutorial_objectstorage.py
[2026-03-29T21:35:11.039+0000] {processor.py:830} INFO - Processing file /home/airflow/.local/lib/python3.12/site-packages/airflow/example_dags/tutorial_objectstorage.py for tasks to queue
[2026-03-29T21:35:11.042+0000] {logging_mixin.py:188} INFO - [2026-03-29T21:35:11.042+0000] {dagbag.py:545} INFO - Filling up the DagBag from /home/airflow/.local/lib/python3.12/site-packages/airflow/example_dags/tutorial_objectstorage.py
[2026-03-29T21:35:11.055+0000] {processor.py:840} INFO - DAG(s) 'tutorial_objectstorage' retrieved from /home/airflow/.local/lib/python3.12/site-packages/airflow/example_dags/tutorial_objectstorage.py
[2026-03-29T21:35:11.088+0000] {logging_mixin.py:188} INFO - [2026-03-29T21:35:11.088+0000] {dag.py:3089} INFO - Sync 1 DAGs
[2026-03-29T21:35:11.102+0000] {logging_mixin.py:188} INFO - [2026-03-29T21:35:11.102+0000] {dag.py:3947} INFO - Setting next_dagrun for tutorial_objectstorage to None, run_after=None
[2026-03-29T21:35:11.130+0000] {processor.py:183} INFO - Processing /home/airflow/.local/lib/python3.12/site-packages/airflow/example_dags/tutorial_objectstorage.py took 0.098 seconds
[2026-03-29T21:35:41.753+0000] {processor.py:161} INFO - Started process (PID=583) to work on /home/airflow/.local/lib/python3.12/site-packages/airflow/example_dags/tutorial_objectstorage.py
[2026-03-29T21:35:41.753+0000] {processor.py:830} INFO - Processing file /home/airflow/.local/lib/python3.12/site-packages/airflow/example_dags/tutorial_objectstorage.py for tasks to queue
[2026-03-29T21:35:41.755+0000] {logging_mixin.py:188} INFO - [2026-03-29T21:35:41.754+0000] {dagbag.py:545} INFO - Filling up the DagBag from /home/airflow/.local/lib/python3.12/site-packages/airflow/example_dags/tutorial_objectstorage.py
[2026-03-29T21:35:41.762+0000] {processor.py:840} INFO - DAG(s) 'tutorial_objectstorage' retrieved from /home/airflow/.local/lib/python3.12/site-packages/airflow/example_dags/tutorial_objectstorage.py
[2026-03-29T21:35:41.780+0000] {logging_mixin.py:188} INFO - [2026-03-29T21:35:41.780+0000] {dag.py:3089} INFO - Sync 1 DAGs
[2026-03-29T21:35:41.792+0000] {logging_mixin.py:188} INFO - [2026-03-29T21:35:41.791+0000] {dag.py:3947} INFO - Setting next_dagrun for tutorial_objectstorage to None, run_after=None
[2026-03-29T21:35:41.811+0000] {processor.py:183} INFO - Processing /home/airflow/.local/lib/python3.12/site-packages/airflow/example_dags/tutorial_objectstorage.py took 0.063 seconds
[2026-03-29T21:36:12.455+0000] {processor.py:161} INFO - Started process (PID=635) to work on /home/airflow/.local/lib/python3.12/site-packages/airflow/example_dags/tutorial_objectstorage.py
[2026-03-29T21:36:12.456+0000] {processor.py:830} INFO - Processing file /home/airflow/.local/lib/python3.12/site-packages/airflow/example_dags/tutorial_objectstorage.py for tasks to queue
[2026-03-29T21:36:12.458+0000] {logging_mixin.py:188} INFO - [2026-03-29T21:36:12.458+0000] {dagbag.py:545} INFO - Filling up the DagBag from /home/airflow/.local/lib/python3.12/site-packages/airflow/example_dags/tutorial_objectstorage.py
[2026-03-29T21:36:12.466+0000] {processor.py:840} INFO - DAG(s) 'tutorial_objectstorage' retrieved from /home/airflow/.local/lib/python3.12/site-packages/airflow/example_dags/tutorial_objectstorage.py
[2026-03-29T21:36:12.482+0000] {logging_mixin.py:188} INFO - [2026-03-29T21:36:12.482+0000] {dag.py:3089} INFO - Sync 1 DAGs
[2026-03-29T21:36:12.495+0000] {logging_mixin.py:188} INFO - [2026-03-29T21:36:12.495+0000] {dag.py:3947} INFO - Setting next_dagrun for tutorial_objectstorage to None, run_after=None
[2026-03-29T21:36:12.509+0000] {processor.py:183} INFO - Processing /home/airflow/.local/lib/python3.12/site-packages/airflow/example_dags/tutorial_objectstorage.py took 0.060 seconds
[2026-03-29T21:36:42.534+0000] {processor.py:161} INFO - Started process (PID=687) to work on /home/airflow/.local/lib/python3.12/site-packages/airflow/example_dags/tutorial_objectstorage.py
[2026-03-29T21:36:42.535+0000] {processor.py:830} INFO - Processing file /home/airflow/.local/lib/python3.12/site-packages/airflow/example_dags/tutorial_objectstorage.py for tasks to queue
[2026-03-29T21:36:42.536+0000] {logging_mixin.py:188} INFO - [2026-03-29T21:36:42.536+0000] {dagbag.py:545} INFO - Filling up the DagBag from /home/airflow/.local/lib/python3.12/site-packages/airflow/example_dags/tutorial_objectstorage.py
[2026-03-29T21:36:42.542+0000] {processor.py:840} INFO - DAG(s) 'tutorial_objectstorage' retrieved from /home/airflow/.local/lib/python3.12/site-packages/airflow/example_dags/tutorial_objectstorage.py
[2026-03-29T21:36:42.554+0000] {logging_mixin.py:188} INFO - [2026-03-29T21:36:42.554+0000] {dag.py:3089} INFO - Sync 1 DAGs
[2026-03-29T21:36:42.562+0000] {logging_mixin.py:188} INFO - [2026-03-29T21:36:42.562+0000] {dag.py:3947} INFO - Setting next_dagrun for tutorial_objectstorage to None, run_after=None
[2026-03-29T21:36:42.574+0000] {processor.py:183} INFO - Processing /home/airflow/.local/lib/python3.12/site-packages/airflow/example_dags/tutorial_objectstorage.py took 0.044 seconds
[2026-03-29T21:37:13.268+0000] {processor.py:161} INFO - Started process (PID=739) to work on /home/airflow/.local/lib/python3.12/site-packages/airflow/example_dags/tutorial_objectstorage.py
[2026-03-29T21:37:13.269+0000] {processor.py:830} INFO - Processing file /home/airflow/.local/lib/python3.12/site-packages/airflow/example_dags/tutorial_objectstorage.py for tasks to queue
[2026-03-29T21:37:13.270+0000] {logging_mixin.py:188} INFO - [2026-03-29T21:37:13.270+0000] {dagbag.py:545} INFO - Filling up the DagBag from /home/airflow/.local/lib/python3.12/site-packages/airflow/example_dags/tutorial_objectstorage.py
[2026-03-29T21:37:13.276+0000] {processor.py:840} INFO - DAG(s) 'tutorial_objectstorage' retrieved from /home/airflow/.local/lib/python3.12/site-packages/airflow/example_dags/tutorial_objectstorage.py
[2026-03-29T21:37:13.290+0000] {logging_mixin.py:188} INFO - [2026-03-29T21:37:13.290+0000] {dag.py:3089} INFO - Sync 1 DAGs
[2026-03-29T21:37:13.298+0000] {logging_mixin.py:188} INFO - [2026-03-29T21:37:13.298+0000] {dag.py:3947} INFO - Setting next_dagrun for tutorial_objectstorage to None, run_after=None
[2026-03-29T21:37:13.312+0000] {processor.py:183} INFO - Processing /home/airflow/.local/lib/python3.12/site-packages/airflow/example_dags/tutorial_objectstorage.py took 0.049 seconds
[2026-03-29T21:37:43.790+0000] {processor.py:161} INFO - Started process (PID=791) to work on /home/airflow/.local/lib/python3.12/site-packages/airflow/example_dags/tutorial_objectstorage.py
[2026-03-29T21:37:43.791+0000] {processor.py:830} INFO - Processing file /home/airflow/.local/lib/python3.12/site-packages/airflow/example_dags/tutorial_objectstorage.py for tasks to queue
[2026-03-29T21:37:43.792+0000] {logging_mixin.py:188} INFO - [2026-03-29T21:37:43.792+0000] {dagbag.py:545} INFO - Filling up the DagBag from /home/airflow/.local/lib/python3.12/site-packages/airflow/example_dags/tutorial_objectstorage.py
[2026-03-29T21:37:43.798+0000] {processor.py:840} INFO - DAG(s) 'tutorial_objectstorage' retrieved from /home/airflow/.local/lib/python3.12/site-packages/airflow/example_dags/tutorial_objectstorage.py
[2026-03-29T21:37:43.812+0000] {logging_mixin.py:188} INFO - [2026-03-29T21:37:43.812+0000] {dag.py:3089} INFO - Sync 1 DAGs
[2026-03-29T21:37:43.822+0000] {logging_mixin.py:188} INFO - [2026-03-29T21:37:43.822+0000] {dag.py:3947} INFO - Setting next_dagrun for tutorial_objectstorage to None, run_after=None
[2026-03-29T21:37:43.835+0000] {processor.py:183} INFO - Processing /home/airflow/.local/lib/python3.12/site-packages/airflow/example_dags/tutorial_objectstorage.py took 0.052 seconds
[2026-03-29T21:38:14.015+0000] {processor.py:161} INFO - Started process (PID=843) to work on /home/airflow/.local/lib/python3.12/site-packages/airflow/example_dags/tutorial_objectstorage.py
[2026-03-29T21:38:14.016+0000] {processor.py:830} INFO - Processing file /home/airflow/.local/lib/python3.12/site-packages/airflow/example_dags/tutorial_objectstorage.py for tasks to queue
[2026-03-29T21:38:14.017+0000] {logging_mixin.py:188} INFO - [2026-03-29T21:38:14.017+0000] {dagbag.py:545} INFO - Filling up the DagBag from /home/airflow/.local/lib/python3.12/site-packages/airflow/example_dags/tutorial_objectstorage.py
[2026-03-29T21:38:14.024+0000] {processor.py:840} INFO - DAG(s) 'tutorial_objectstorage' retrieved from /home/airflow/.local/lib/python3.12/site-packages/airflow/example_dags/tutorial_objectstorage.py
[2026-03-29T21:38:14.041+0000] {logging_mixin.py:188} INFO - [2026-03-29T21:38:14.041+0000] {dag.py:3089} INFO - Sync 1 DAGs
[2026-03-29T21:38:14.050+0000] {logging_mixin.py:188} INFO - [2026-03-29T21:38:14.050+0000] {dag.py:3947} INFO - Setting next_dagrun for tutorial_objectstorage to None, run_after=None
[2026-03-29T21:38:14.064+0000] {processor.py:183} INFO - Processing /home/airflow/.local/lib/python3.12/site-packages/airflow/example_dags/tutorial_objectstorage.py took 0.055 seconds
[2026-03-29T21:38:44.655+0000] {processor.py:161} INFO - Started process (PID=895) to work on /home/airflow/.local/lib/python3.12/site-packages/airflow/example_dags/tutorial_objectstorage.py
[2026-03-29T21:38:44.655+0000] {processor.py:830} INFO - Processing file /home/airflow/.local/lib/python3.12/site-packages/airflow/example_dags/tutorial_objectstorage.py for tasks to queue
[2026-03-29T21:38:44.657+0000] {logging_mixin.py:188} INFO - [2026-03-29T21:38:44.657+0000] {dagbag.py:545} INFO - Filling up the DagBag from /home/airflow/.local/lib/python3.12/site-packages/airflow/example_dags/tutorial_objectstorage.py
[2026-03-29T21:38:44.664+0000] {processor.py:840} INFO - DAG(s) 'tutorial_objectstorage' retrieved from /home/airflow/.local/lib/python3.12/site-packages/airflow/example_dags/tutorial_objectstorage.py
[2026-03-29T21:38:44.679+0000] {logging_mixin.py:188} INFO - [2026-03-29T21:38:44.679+0000] {dag.py:3089} INFO - Sync 1 DAGs
[2026-03-29T21:38:44.688+0000] {logging_mixin.py:188} INFO - [2026-03-29T21:38:44.688+0000] {dag.py:3947} INFO - Setting next_dagrun for tutorial_objectstorage to None, run_after=None
[2026-03-29T21:38:44.699+0000] {processor.py:183} INFO - Processing /home/airflow/.local/lib/python3.12/site-packages/airflow/example_dags/tutorial_objectstorage.py took 0.049 seconds
[2026-03-29T21:39:15.083+0000] {processor.py:161} INFO - Started process (PID=947) to work on /home/airflow/.local/lib/python3.12/site-packages/airflow/example_dags/tutorial_objectstorage.py
[2026-03-29T21:39:15.084+0000] {processor.py:830} INFO - Processing file /home/airflow/.local/lib/python3.12/site-packages/airflow/example_dags/tutorial_objectstorage.py for tasks to queue
[2026-03-29T21:39:15.086+0000] {logging_mixin.py:188} INFO - [2026-03-29T21:39:15.085+0000] {dagbag.py:545} INFO - Filling up the DagBag from /home/airflow/.local/lib/python3.12/site-packages/airflow/example_dags/tutorial_objectstorage.py
[2026-03-29T21:39:15.094+0000] {processor.py:840} INFO - DAG(s) 'tutorial_objectstorage' retrieved from /home/airflow/.local/lib/python3.12/site-packages/airflow/example_dags/tutorial_objectstorage.py
[2026-03-29T21:39:15.111+0000] {logging_mixin.py:188} INFO - [2026-03-29T21:39:15.111+0000] {dag.py:3089} INFO - Sync 1 DAGs
[2026-03-29T21:39:15.122+0000] {logging_mixin.py:188} INFO - [2026-03-29T21:39:15.121+0000] {dag.py:3947} INFO - Setting next_dagrun for tutorial_objectstorage to None, run_after=None
[2026-03-29T21:39:15.135+0000] {processor.py:183} INFO - Processing /home/airflow/.local/lib/python3.12/site-packages/airflow/example_dags/tutorial_objectstorage.py took 0.058 seconds
[2026-03-29T21:39:46.616+0000] {processor.py:161} INFO - Started process (PID=999) to work on /home/airflow/.local/lib/python3.12/site-packages/airflow/example_dags/tutorial_objectstorage.py
[2026-03-29T21:39:46.617+0000] {processor.py:830} INFO - Processing file /home/airflow/.local/lib/python3.12/site-packages/airflow/example_dags/tutorial_objectstorage.py for tasks to queue
[2026-03-29T21:39:46.620+0000] {logging_mixin.py:188} INFO - [2026-03-29T21:39:46.620+0000] {dagbag.py:545} INFO - Filling up the DagBag from /home/airflow/.local/lib/python3.12/site-packages/airflow/example_dags/tutorial_objectstorage.py
[2026-03-29T21:39:46.634+0000] {processor.py:840} INFO - DAG(s) 'tutorial_objectstorage' retrieved from /home/airflow/.local/lib/python3.12/site-packages/airflow/example_dags/tutorial_objectstorage.py
[2026-03-29T21:39:46.669+0000] {logging_mixin.py:188} INFO - [2026-03-29T21:39:46.668+0000] {dag.py:3089} INFO - Sync 1 DAGs
[2026-03-29T21:39:46.685+0000] {logging_mixin.py:188} INFO - [2026-03-29T21:39:46.685+0000] {dag.py:3947} INFO - Setting next_dagrun for tutorial_objectstorage to None, run_after=None
[2026-03-29T21:39:46.708+0000] {processor.py:183} INFO - Processing /home/airflow/.local/lib/python3.12/site-packages/airflow/example_dags/tutorial_objectstorage.py took 0.100 seconds
[2026-03-29T21:40:17.261+0000] {processor.py:161} INFO - Started process (PID=1051) to work on /home/airflow/.local/lib/python3.12/site-packages/airflow/example_dags/tutorial_objectstorage.py
[2026-03-29T21:40:17.264+0000] {processor.py:830} INFO - Processing file /home/airflow/.local/lib/python3.12/site-packages/airflow/example_dags/tutorial_objectstorage.py for tasks to queue
[2026-03-29T21:40:17.269+0000] {logging_mixin.py:188} INFO - [2026-03-29T21:40:17.268+0000] {dagbag.py:545} INFO - Filling up the DagBag from /home/airflow/.local/lib/python3.12/site-packages/airflow/example_dags/tutorial_objectstorage.py
[2026-03-29T21:40:17.295+0000] {processor.py:840} INFO - DAG(s) 'tutorial_objectstorage' retrieved from /home/airflow/.local/lib/python3.12/site-packages/airflow/example_dags/tutorial_objectstorage.py
[2026-03-29T21:40:17.345+0000] {logging_mixin.py:188} INFO - [2026-03-29T21:40:17.345+0000] {dag.py:3089} INFO - Sync 1 DAGs
[2026-03-29T21:40:17.366+0000] {logging_mixin.py:188} INFO - [2026-03-29T21:40:17.366+0000] {dag.py:3947} INFO - Setting next_dagrun for tutorial_objectstorage to None, run_after=None
[2026-03-29T21:40:17.401+0000] {processor.py:183} INFO - Processing /home/airflow/.local/lib/python3.12/site-packages/airflow/example_dags/tutorial_objectstorage.py took 0.169 seconds
[2026-03-29T21:40:47.691+0000] {processor.py:161} INFO - Started process (PID=1103) to work on /home/airflow/.local/lib/python3.12/site-packages/airflow/example_dags/tutorial_objectstorage.py
[2026-03-29T21:40:47.692+0000] {processor.py:830} INFO - Processing file /home/airflow/.local/lib/python3.12/site-packages/airflow/example_dags/tutorial_objectstorage.py for tasks to queue
[2026-03-29T21:40:47.695+0000] {logging_mixin.py:188} INFO - [2026-03-29T21:40:47.694+0000] {dagbag.py:545} INFO - Filling up the DagBag from /home/airflow/.local/lib/python3.12/site-packages/airflow/example_dags/tutorial_objectstorage.py
[2026-03-29T21:40:47.704+0000] {processor.py:840} INFO - DAG(s) 'tutorial_objectstorage' retrieved from /home/airflow/.local/lib/python3.12/site-packages/airflow/example_dags/tutorial_objectstorage.py
[2026-03-29T21:40:47.723+0000] {logging_mixin.py:188} INFO - [2026-03-29T21:40:47.723+0000] {dag.py:3089} INFO - Sync 1 DAGs
[2026-03-29T21:40:47.735+0000] {logging_mixin.py:188} INFO - [2026-03-29T21:40:47.734+0000] {dag.py:3947} INFO - Setting next_dagrun for tutorial_objectstorage to None, run_after=None
[2026-03-29T21:40:47.757+0000] {processor.py:183} INFO - Processing /home/airflow/.local/lib/python3.12/site-packages/airflow/example_dags/tutorial_objectstorage.py took 0.072 seconds
[2026-03-29T21:41:18.409+0000] {processor.py:161} INFO - Started process (PID=1155) to work on /home/airflow/.local/lib/python3.12/site-packages/airflow/example_dags/tutorial_objectstorage.py
[2026-03-29T21:41:18.410+0000] {processor.py:830} INFO - Processing file /home/airflow/.local/lib/python3.12/site-packages/airflow/example_dags/tutorial_objectstorage.py for tasks to queue
[2026-03-29T21:41:18.412+0000] {logging_mixin.py:188} INFO - [2026-03-29T21:41:18.411+0000] {dagbag.py:545} INFO - Filling up the DagBag from /home/airflow/.local/lib/python3.12/site-packages/airflow/example_dags/tutorial_objectstorage.py
[2026-03-29T21:41:18.419+0000] {processor.py:840} INFO - DAG(s) 'tutorial_objectstorage' retrieved from /home/airflow/.local/lib/python3.12/site-packages/airflow/example_dags/tutorial_objectstorage.py
[2026-03-29T21:41:18.437+0000] {logging_mixin.py:188} INFO - [2026-03-29T21:41:18.436+0000] {dag.py:3089} INFO - Sync 1 DAGs
[2026-03-29T21:41:18.447+0000] {logging_mixin.py:188} INFO - [2026-03-29T21:41:18.446+0000] {dag.py:3947} INFO - Setting next_dagrun for tutorial_objectstorage to None, run_after=None
[2026-03-29T21:41:18.469+0000] {processor.py:183} INFO - Processing /home/airflow/.local/lib/python3.12/site-packages/airflow/example_dags/tutorial_objectstorage.py took 0.064 seconds
[2026-03-29T21:41:49.401+0000] {processor.py:161} INFO - Started process (PID=1207) to work on /home/airflow/.local/lib/python3.12/site-packages/airflow/example_dags/tutorial_objectstorage.py
[2026-03-29T21:41:49.402+0000] {processor.py:830} INFO - Processing file /home/airflow/.local/lib/python3.12/site-packages/airflow/example_dags/tutorial_objectstorage.py for tasks to queue
[2026-03-29T21:41:49.404+0000] {logging_mixin.py:188} INFO - [2026-03-29T21:41:49.404+0000] {dagbag.py:545} INFO - Filling up the DagBag from /home/airflow/.local/lib/python3.12/site-packages/airflow/example_dags/tutorial_objectstorage.py
[2026-03-29T21:41:49.410+0000] {processor.py:840} INFO - DAG(s) 'tutorial_objectstorage' retrieved from /home/airflow/.local/lib/python3.12/site-packages/airflow/example_dags/tutorial_objectstorage.py
[2026-03-29T21:41:49.425+0000] {logging_mixin.py:188} INFO - [2026-03-29T21:41:49.425+0000] {dag.py:3089} INFO - Sync 1 DAGs
[2026-03-29T21:41:49.435+0000] {logging_mixin.py:188} INFO - [2026-03-29T21:41:49.435+0000] {dag.py:3947} INFO - Setting next_dagrun for tutorial_objectstorage to None, run_after=None
[2026-03-29T21:41:49.452+0000] {processor.py:183} INFO - Processing /home/airflow/.local/lib/python3.12/site-packages/airflow/example_dags/tutorial_objectstorage.py took 0.056 seconds
[2026-03-29T21:42:19.525+0000] {processor.py:161} INFO - Started process (PID=1259) to work on /home/airflow/.local/lib/python3.12/site-packages/airflow/example_dags/tutorial_objectstorage.py
[2026-03-29T21:42:19.526+0000] {processor.py:830} INFO - Processing file /home/airflow/.local/lib/python3.12/site-packages/airflow/example_dags/tutorial_objectstorage.py for tasks to queue
[2026-03-29T21:42:19.529+0000] {logging_mixin.py:188} INFO - [2026-03-29T21:42:19.529+0000] {dagbag.py:545} INFO - Filling up the DagBag from /home/airflow/.local/lib/python3.12/site-packages/airflow/example_dags/tutorial_objectstorage.py
[2026-03-29T21:42:19.535+0000] {processor.py:840} INFO - DAG(s) 'tutorial_objectstorage' retrieved from /home/airflow/.local/lib/python3.12/site-packages/airflow/example_dags/tutorial_objectstorage.py
[2026-03-29T21:42:19.556+0000] {logging_mixin.py:188} INFO - [2026-03-29T21:42:19.556+0000] {dag.py:3089} INFO - Sync 1 DAGs
[2026-03-29T21:42:19.568+0000] {logging_mixin.py:188} INFO - [2026-03-29T21:42:19.568+0000] {dag.py:3947} INFO - Setting next_dagrun for tutorial_objectstorage to None, run_after=None
[2026-03-29T21:42:19.587+0000] {processor.py:183} INFO - Processing /home/airflow/.local/lib/python3.12/site-packages/airflow/example_dags/tutorial_objectstorage.py took 0.066 seconds
[2026-03-29T21:42:51.011+0000] {processor.py:161} INFO - Started process (PID=1311) to work on /home/airflow/.local/lib/python3.12/site-packages/airflow/example_dags/tutorial_objectstorage.py
[2026-03-29T21:42:51.013+0000] {processor.py:830} INFO - Processing file /home/airflow/.local/lib/python3.12/site-packages/airflow/example_dags/tutorial_objectstorage.py for tasks to queue
[2026-03-29T21:42:51.015+0000] {logging_mixin.py:188} INFO - [2026-03-29T21:42:51.015+0000] {dagbag.py:545} INFO - Filling up the DagBag from /home/airflow/.local/lib/python3.12/site-packages/airflow/example_dags/tutorial_objectstorage.py
[2026-03-29T21:42:51.023+0000] {processor.py:840} INFO - DAG(s) 'tutorial_objectstorage' retrieved from /home/airflow/.local/lib/python3.12/site-packages/airflow/example_dags/tutorial_objectstorage.py
[2026-03-29T21:42:51.047+0000] {logging_mixin.py:188} INFO - [2026-03-29T21:42:51.047+0000] {dag.py:3089} INFO - Sync 1 DAGs
[2026-03-29T21:42:51.059+0000] {logging_mixin.py:188} INFO - [2026-03-29T21:42:51.059+0000] {dag.py:3947} INFO - Setting next_dagrun for tutorial_objectstorage to None, run_after=None
[2026-03-29T21:42:51.081+0000] {processor.py:183} INFO - Processing /home/airflow/.local/lib/python3.12/site-packages/airflow/example_dags/tutorial_objectstorage.py took 0.075 seconds
[2026-03-29T21:43:22.552+0000] {processor.py:161} INFO - Started process (PID=1363) to work on /home/airflow/.local/lib/python3.12/site-packages/airflow/example_dags/tutorial_objectstorage.py
[2026-03-29T21:43:22.554+0000] {processor.py:830} INFO - Processing file /home/airflow/.local/lib/python3.12/site-packages/airflow/example_dags/tutorial_objectstorage.py for tasks to queue
[2026-03-29T21:43:22.557+0000] {logging_mixin.py:188} INFO - [2026-03-29T21:43:22.557+0000] {dagbag.py:545} INFO - Filling up the DagBag from /home/airflow/.local/lib/python3.12/site-packages/airflow/example_dags/tutorial_objectstorage.py
[2026-03-29T21:43:22.564+0000] {processor.py:840} INFO - DAG(s) 'tutorial_objectstorage' retrieved from /home/airflow/.local/lib/python3.12/site-packages/airflow/example_dags/tutorial_objectstorage.py
[2026-03-29T21:43:22.580+0000] {logging_mixin.py:188} INFO - [2026-03-29T21:43:22.580+0000] {dag.py:3089} INFO - Sync 1 DAGs
[2026-03-29T21:43:22.593+0000] {logging_mixin.py:188} INFO - [2026-03-29T21:43:22.592+0000] {dag.py:3947} INFO - Setting next_dagrun for tutorial_objectstorage to None, run_after=None
[2026-03-29T21:43:22.625+0000] {processor.py:183} INFO - Processing /home/airflow/.local/lib/python3.12/site-packages/airflow/example_dags/tutorial_objectstorage.py took 0.079 seconds
[2026-03-29T21:43:53.722+0000] {processor.py:161} INFO - Started process (PID=1415) to work on /home/airflow/.local/lib/python3.12/site-packages/airflow/example_dags/tutorial_objectstorage.py
[2026-03-29T21:43:53.725+0000] {processor.py:830} INFO - Processing file /home/airflow/.local/lib/python3.12/site-packages/airflow/example_dags/tutorial_objectstorage.py for tasks to queue
[2026-03-29T21:43:53.727+0000] {logging_mixin.py:188} INFO - [2026-03-29T21:43:53.726+0000] {dagbag.py:545} INFO - Filling up the DagBag from /home/airflow/.local/lib/python3.12/site-packages/airflow/example_dags/tutorial_objectstorage.py
[2026-03-29T21:43:53.734+0000] {processor.py:840} INFO - DAG(s) 'tutorial_objectstorage' retrieved from /home/airflow/.local/lib/python3.12/site-packages/airflow/example_dags/tutorial_objectstorage.py
[2026-03-29T21:43:53.753+0000] {logging_mixin.py:188} INFO - [2026-03-29T21:43:53.753+0000] {dag.py:3089} INFO - Sync 1 DAGs
[2026-03-29T21:43:53.768+0000] {logging_mixin.py:188} INFO - [2026-03-29T21:43:53.767+0000] {dag.py:3947} INFO - Setting next_dagrun for tutorial_objectstorage to None, run_after=None
[2026-03-29T21:43:53.789+0000] {processor.py:183} INFO - Processing /home/airflow/.local/lib/python3.12/site-packages/airflow/example_dags/tutorial_objectstorage.py took 0.074 seconds
[2026-03-29T21:44:24.592+0000] {processor.py:161} INFO - Started process (PID=1467) to work on /home/airflow/.local/lib/python3.12/site-packages/airflow/example_dags/tutorial_objectstorage.py
[2026-03-29T21:44:24.594+0000] {processor.py:830} INFO - Processing file /home/airflow/.local/lib/python3.12/site-packages/airflow/example_dags/tutorial_objectstorage.py for tasks to queue
[2026-03-29T21:44:24.596+0000] {logging_mixin.py:188} INFO - [2026-03-29T21:44:24.595+0000] {dagbag.py:545} INFO - Filling up the DagBag from /home/airflow/.local/lib/python3.12/site-packages/airflow/example_dags/tutorial_objectstorage.py
[2026-03-29T21:44:24.604+0000] {processor.py:840} INFO - DAG(s) 'tutorial_objectstorage' retrieved from /home/airflow/.local/lib/python3.12/site-packages/airflow/example_dags/tutorial_objectstorage.py
[2026-03-29T21:44:24.624+0000] {logging_mixin.py:188} INFO - [2026-03-29T21:44:24.624+0000] {dag.py:3089} INFO - Sync 1 DAGs
[2026-03-29T21:44:24.635+0000] {logging_mixin.py:188} INFO - [2026-03-29T21:44:24.635+0000] {dag.py:3947} INFO - Setting next_dagrun for tutorial_objectstorage to None, run_after=None
[2026-03-29T21:44:24.650+0000] {processor.py:183} INFO - Processing /home/airflow/.local/lib/python3.12/site-packages/airflow/example_dags/tutorial_objectstorage.py took 0.064 seconds
[2026-03-29T21:44:55.142+0000] {processor.py:161} INFO - Started process (PID=1519) to work on /home/airflow/.local/lib/python3.12/site-packages/airflow/example_dags/tutorial_objectstorage.py
[2026-03-29T21:44:55.145+0000] {processor.py:830} INFO - Processing file /home/airflow/.local/lib/python3.12/site-packages/airflow/example_dags/tutorial_objectstorage.py for tasks to queue
[2026-03-29T21:44:55.146+0000] {logging_mixin.py:188} INFO - [2026-03-29T21:44:55.146+0000] {dagbag.py:545} INFO - Filling up the DagBag from /home/airflow/.local/lib/python3.12/site-packages/airflow/example_dags/tutorial_objectstorage.py
[2026-03-29T21:44:55.152+0000] {processor.py:840} INFO - DAG(s) 'tutorial_objectstorage' retrieved from /home/airflow/.local/lib/python3.12/site-packages/airflow/example_dags/tutorial_objectstorage.py
[2026-03-29T21:44:55.167+0000] {logging_mixin.py:188} INFO - [2026-03-29T21:44:55.167+0000] {dag.py:3089} INFO - Sync 1 DAGs
[2026-03-29T21:44:55.178+0000] {logging_mixin.py:188} INFO - [2026-03-29T21:44:55.177+0000] {dag.py:3947} INFO - Setting next_dagrun for tutorial_objectstorage to None, run_after=None
[2026-03-29T21:44:55.191+0000] {processor.py:183} INFO - Processing /home/airflow/.local/lib/python3.12/site-packages/airflow/example_dags/tutorial_objectstorage.py took 0.053 seconds
[2026-03-29T21:45:26.354+0000] {processor.py:161} INFO - Started process (PID=1571) to work on /home/airflow/.local/lib/python3.12/site-packages/airflow/example_dags/tutorial_objectstorage.py
[2026-03-29T21:45:26.356+0000] {processor.py:830} INFO - Processing file /home/airflow/.local/lib/python3.12/site-packages/airflow/example_dags/tutorial_objectstorage.py for tasks to queue
[2026-03-29T21:45:26.358+0000] {logging_mixin.py:188} INFO - [2026-03-29T21:45:26.357+0000] {dagbag.py:545} INFO - Filling up the DagBag from /home/airflow/.local/lib/python3.12/site-packages/airflow/example_dags/tutorial_objectstorage.py
[2026-03-29T21:45:26.364+0000] {processor.py:840} INFO - DAG(s) 'tutorial_objectstorage' retrieved from /home/airflow/.local/lib/python3.12/site-packages/airflow/example_dags/tutorial_objectstorage.py
[2026-03-29T21:45:26.383+0000] {logging_mixin.py:188} INFO - [2026-03-29T21:45:26.383+0000] {dag.py:3089} INFO - Sync 1 DAGs
[2026-03-29T21:45:26.394+0000] {logging_mixin.py:188} INFO - [2026-03-29T21:45:26.394+0000] {dag.py:3947} INFO - Setting next_dagrun for tutorial_objectstorage to None, run_after=None
[2026-03-29T21:45:26.413+0000] {processor.py:183} INFO - Processing /home/airflow/.local/lib/python3.12/site-packages/airflow/example_dags/tutorial_objectstorage.py took 0.065 seconds
[2026-03-29T21:45:57.668+0000] {processor.py:161} INFO - Started process (PID=1623) to work on /home/airflow/.local/lib/python3.12/site-packages/airflow/example_dags/tutorial_objectstorage.py
[2026-03-29T21:45:57.669+0000] {processor.py:830} INFO - Processing file /home/airflow/.local/lib/python3.12/site-packages/airflow/example_dags/tutorial_objectstorage.py for tasks to queue
[2026-03-29T21:45:57.671+0000] {logging_mixin.py:188} INFO - [2026-03-29T21:45:57.671+0000] {dagbag.py:545} INFO - Filling up the DagBag from /home/airflow/.local/lib/python3.12/site-packages/airflow/example_dags/tutorial_objectstorage.py
[2026-03-29T21:45:57.678+0000] {processor.py:840} INFO - DAG(s) 'tutorial_objectstorage' retrieved from /home/airflow/.local/lib/python3.12/site-packages/airflow/example_dags/tutorial_objectstorage.py
[2026-03-29T21:45:57.694+0000] {logging_mixin.py:188} INFO - [2026-03-29T21:45:57.693+0000] {dag.py:3089} INFO - Sync 1 DAGs
[2026-03-29T21:45:57.704+0000] {logging_mixin.py:188} INFO - [2026-03-29T21:45:57.703+0000] {dag.py:3947} INFO - Setting next_dagrun for tutorial_objectstorage to None, run_after=None
[2026-03-29T21:45:57.720+0000] {processor.py:183} INFO - Processing /home/airflow/.local/lib/python3.12/site-packages/airflow/example_dags/tutorial_objectstorage.py took 0.058 seconds
[2026-03-29T21:46:28.636+0000] {processor.py:161} INFO - Started process (PID=1675) to work on /home/airflow/.local/lib/python3.12/site-packages/airflow/example_dags/tutorial_objectstorage.py
[2026-03-29T21:46:28.638+0000] {processor.py:830} INFO - Processing file /home/airflow/.local/lib/python3.12/site-packages/airflow/example_dags/tutorial_objectstorage.py for tasks to queue
[2026-03-29T21:46:28.639+0000] {logging_mixin.py:188} INFO - [2026-03-29T21:46:28.639+0000] {dagbag.py:545} INFO - Filling up the DagBag from /home/airflow/.local/lib/python3.12/site-packages/airflow/example_dags/tutorial_objectstorage.py
[2026-03-29T21:46:28.645+0000] {processor.py:840} INFO - DAG(s) 'tutorial_objectstorage' retrieved from /home/airflow/.local/lib/python3.12/site-packages/airflow/example_dags/tutorial_objectstorage.py
[2026-03-29T21:46:28.664+0000] {logging_mixin.py:188} INFO - [2026-03-29T21:46:28.664+0000] {dag.py:3089} INFO - Sync 1 DAGs
[2026-03-29T21:46:28.675+0000] {logging_mixin.py:188} INFO - [2026-03-29T21:46:28.674+0000] {dag.py:3947} INFO - Setting next_dagrun for tutorial_objectstorage to None, run_after=None
[2026-03-29T21:46:28.691+0000] {processor.py:183} INFO - Processing /home/airflow/.local/lib/python3.12/site-packages/airflow/example_dags/tutorial_objectstorage.py took 0.060 seconds
[2026-03-29T21:46:59.588+0000] {processor.py:161} INFO - Started process (PID=1727) to work on /home/airflow/.local/lib/python3.12/site-packages/airflow/example_dags/tutorial_objectstorage.py
[2026-03-29T21:46:59.589+0000] {processor.py:830} INFO - Processing file /home/airflow/.local/lib/python3.12/site-packages/airflow/example_dags/tutorial_objectstorage.py for tasks to queue
[2026-03-29T21:46:59.593+0000] {logging_mixin.py:188} INFO - [2026-03-29T21:46:59.591+0000] {dagbag.py:545} INFO - Filling up the DagBag from /home/airflow/.local/lib/python3.12/site-packages/airflow/example_dags/tutorial_objectstorage.py
[2026-03-29T21:46:59.604+0000] {processor.py:840} INFO - DAG(s) 'tutorial_objectstorage' retrieved from /home/airflow/.local/lib/python3.12/site-packages/airflow/example_dags/tutorial_objectstorage.py
[2026-03-29T21:46:59.627+0000] {logging_mixin.py:188} INFO - [2026-03-29T21:46:59.626+0000] {dag.py:3089} INFO - Sync 1 DAGs
[2026-03-29T21:46:59.639+0000] {logging_mixin.py:188} INFO - [2026-03-29T21:46:59.639+0000] {dag.py:3947} INFO - Setting next_dagrun for tutorial_objectstorage to None, run_after=None
[2026-03-29T21:46:59.656+0000] {processor.py:183} INFO - Processing /home/airflow/.local/lib/python3.12/site-packages/airflow/example_dags/tutorial_objectstorage.py took 0.073 seconds
[2026-03-29T21:47:30.615+0000] {processor.py:161} INFO - Started process (PID=1779) to work on /home/airflow/.local/lib/python3.12/site-packages/airflow/example_dags/tutorial_objectstorage.py
[2026-03-29T21:47:30.616+0000] {processor.py:830} INFO - Processing file /home/airflow/.local/lib/python3.12/site-packages/airflow/example_dags/tutorial_objectstorage.py for tasks to queue
[2026-03-29T21:47:30.617+0000] {logging_mixin.py:188} INFO - [2026-03-29T21:47:30.617+0000] {dagbag.py:545} INFO - Filling up the DagBag from /home/airflow/.local/lib/python3.12/site-packages/airflow/example_dags/tutorial_objectstorage.py
[2026-03-29T21:47:30.624+0000] {processor.py:840} INFO - DAG(s) 'tutorial_objectstorage' retrieved from /home/airflow/.local/lib/python3.12/site-packages/airflow/example_dags/tutorial_objectstorage.py
[2026-03-29T21:47:30.642+0000] {logging_mixin.py:188} INFO - [2026-03-29T21:47:30.642+0000] {dag.py:3089} INFO - Sync 1 DAGs
[2026-03-29T21:47:30.781+0000] {logging_mixin.py:188} INFO - [2026-03-29T21:47:30.781+0000] {dag.py:3947} INFO - Setting next_dagrun for tutorial_objectstorage to None, run_after=None
[2026-03-29T21:47:30.798+0000] {processor.py:183} INFO - Processing /home/airflow/.local/lib/python3.12/site-packages/airflow/example_dags/tutorial_objectstorage.py took 0.188 seconds
[2026-03-29T21:48:01.151+0000] {processor.py:161} INFO - Started process (PID=1831) to work on /home/airflow/.local/lib/python3.12/site-packages/airflow/example_dags/tutorial_objectstorage.py
[2026-03-29T21:48:01.153+0000] {processor.py:830} INFO - Processing file /home/airflow/.local/lib/python3.12/site-packages/airflow/example_dags/tutorial_objectstorage.py for tasks to queue
[2026-03-29T21:48:01.158+0000] {logging_mixin.py:188} INFO - [2026-03-29T21:48:01.157+0000] {dagbag.py:545} INFO - Filling up the DagBag from /home/airflow/.local/lib/python3.12/site-packages/airflow/example_dags/tutorial_objectstorage.py
[2026-03-29T21:48:01.168+0000] {processor.py:840} INFO - DAG(s) 'tutorial_objectstorage' retrieved from /home/airflow/.local/lib/python3.12/site-packages/airflow/example_dags/tutorial_objectstorage.py
[2026-03-29T21:48:01.188+0000] {logging_mixin.py:188} INFO - [2026-03-29T21:48:01.188+0000] {dag.py:3089} INFO - Sync 1 DAGs
[2026-03-29T21:48:01.200+0000] {logging_mixin.py:188} INFO - [2026-03-29T21:48:01.199+0000] {dag.py:3947} INFO - Setting next_dagrun for tutorial_objectstorage to None, run_after=None
[2026-03-29T21:48:01.224+0000] {processor.py:183} INFO - Processing /home/airflow/.local/lib/python3.12/site-packages/airflow/example_dags/tutorial_objectstorage.py took 0.082 seconds
[2026-03-29T21:48:31.770+0000] {processor.py:161} INFO - Started process (PID=1883) to work on /home/airflow/.local/lib/python3.12/site-packages/airflow/example_dags/tutorial_objectstorage.py
[2026-03-29T21:48:31.771+0000] {processor.py:830} INFO - Processing file /home/airflow/.local/lib/python3.12/site-packages/airflow/example_dags/tutorial_objectstorage.py for tasks to queue
[2026-03-29T21:48:31.772+0000] {logging_mixin.py:188} INFO - [2026-03-29T21:48:31.772+0000] {dagbag.py:545} INFO - Filling up the DagBag from /home/airflow/.local/lib/python3.12/site-packages/airflow/example_dags/tutorial_objectstorage.py
[2026-03-29T21:48:31.778+0000] {processor.py:840} INFO - DAG(s) 'tutorial_objectstorage' retrieved from /home/airflow/.local/lib/python3.12/site-packages/airflow/example_dags/tutorial_objectstorage.py
[2026-03-29T21:48:31.795+0000] {logging_mixin.py:188} INFO - [2026-03-29T21:48:31.795+0000] {dag.py:3089} INFO - Sync 1 DAGs
[2026-03-29T21:48:31.805+0000] {logging_mixin.py:188} INFO - [2026-03-29T21:48:31.805+0000] {dag.py:3947} INFO - Setting next_dagrun for tutorial_objectstorage to None, run_after=None
[2026-03-29T21:48:31.827+0000] {processor.py:183} INFO - Processing /home/airflow/.local/lib/python3.12/site-packages/airflow/example_dags/tutorial_objectstorage.py took 0.062 seconds
[2026-03-29T21:49:02.515+0000] {processor.py:161} INFO - Started process (PID=1935) to work on /home/airflow/.local/lib/python3.12/site-packages/airflow/example_dags/tutorial_objectstorage.py
[2026-03-29T21:49:02.517+0000] {processor.py:830} INFO - Processing file /home/airflow/.local/lib/python3.12/site-packages/airflow/example_dags/tutorial_objectstorage.py for tasks to queue
[2026-03-29T21:49:02.519+0000] {logging_mixin.py:188} INFO - [2026-03-29T21:49:02.518+0000] {dagbag.py:545} INFO - Filling up the DagBag from /home/airflow/.local/lib/python3.12/site-packages/airflow/example_dags/tutorial_objectstorage.py
[2026-03-29T21:49:02.526+0000] {processor.py:840} INFO - DAG(s) 'tutorial_objectstorage' retrieved from /home/airflow/.local/lib/python3.12/site-packages/airflow/example_dags/tutorial_objectstorage.py
[2026-03-29T21:49:02.548+0000] {logging_mixin.py:188} INFO - [2026-03-29T21:49:02.548+0000] {dag.py:3089} INFO - Sync 1 DAGs
[2026-03-29T21:49:02.560+0000] {logging_mixin.py:188} INFO - [2026-03-29T21:49:02.560+0000] {dag.py:3947} INFO - Setting next_dagrun for tutorial_objectstorage to None, run_after=None
[2026-03-29T21:49:02.578+0000] {processor.py:183} INFO - Processing /home/airflow/.local/lib/python3.12/site-packages/airflow/example_dags/tutorial_objectstorage.py took 0.073 seconds
[2026-03-29T21:49:33.346+0000] {processor.py:161} INFO - Started process (PID=1987) to work on /home/airflow/.local/lib/python3.12/site-packages/airflow/example_dags/tutorial_objectstorage.py
[2026-03-29T21:49:33.348+0000] {processor.py:830} INFO - Processing file /home/airflow/.local/lib/python3.12/site-packages/airflow/example_dags/tutorial_objectstorage.py for tasks to queue
[2026-03-29T21:49:33.351+0000] {logging_mixin.py:188} INFO - [2026-03-29T21:49:33.351+0000] {dagbag.py:545} INFO - Filling up the DagBag from /home/airflow/.local/lib/python3.12/site-packages/airflow/example_dags/tutorial_objectstorage.py
[2026-03-29T21:49:33.524+0000] {processor.py:840} INFO - DAG(s) 'tutorial_objectstorage' retrieved from /home/airflow/.local/lib/python3.12/site-packages/airflow/example_dags/tutorial_objectstorage.py
[2026-03-29T21:49:33.540+0000] {logging_mixin.py:188} INFO - [2026-03-29T21:49:33.539+0000] {dag.py:3089} INFO - Sync 1 DAGs
[2026-03-29T21:49:33.547+0000] {logging_mixin.py:188} INFO - [2026-03-29T21:49:33.547+0000] {dag.py:3947} INFO - Setting next_dagrun for tutorial_objectstorage to None, run_after=None
[2026-03-29T21:49:33.561+0000] {processor.py:183} INFO - Processing /home/airflow/.local/lib/python3.12/site-packages/airflow/example_dags/tutorial_objectstorage.py took 0.220 seconds
[2026-03-29T21:50:04.623+0000] {processor.py:161} INFO - Started process (PID=2039) to work on /home/airflow/.local/lib/python3.12/site-packages/airflow/example_dags/tutorial_objectstorage.py
[2026-03-29T21:50:04.625+0000] {processor.py:830} INFO - Processing file /home/airflow/.local/lib/python3.12/site-packages/airflow/example_dags/tutorial_objectstorage.py for tasks to queue
[2026-03-29T21:50:04.630+0000] {logging_mixin.py:188} INFO - [2026-03-29T21:50:04.629+0000] {dagbag.py:545} INFO - Filling up the DagBag from /home/airflow/.local/lib/python3.12/site-packages/airflow/example_dags/tutorial_objectstorage.py
[2026-03-29T21:50:04.647+0000] {processor.py:840} INFO - DAG(s) 'tutorial_objectstorage' retrieved from /home/airflow/.local/lib/python3.12/site-packages/airflow/example_dags/tutorial_objectstorage.py
[2026-03-29T21:50:04.679+0000] {logging_mixin.py:188} INFO - [2026-03-29T21:50:04.679+0000] {dag.py:3089} INFO - Sync 1 DAGs
[2026-03-29T21:50:04.696+0000] {logging_mixin.py:188} INFO - [2026-03-29T21:50:04.696+0000] {dag.py:3947} INFO - Setting next_dagrun for tutorial_objectstorage to None, run_after=None
[2026-03-29T21:50:04.721+0000] {processor.py:183} INFO - Processing /home/airflow/.local/lib/python3.12/site-packages/airflow/example_dags/tutorial_objectstorage.py took 0.111 seconds
[2026-03-29T21:50:34.929+0000] {processor.py:161} INFO - Started process (PID=2091) to work on /home/airflow/.local/lib/python3.12/site-packages/airflow/example_dags/tutorial_objectstorage.py
[2026-03-29T21:50:34.933+0000] {processor.py:830} INFO - Processing file /home/airflow/.local/lib/python3.12/site-packages/airflow/example_dags/tutorial_objectstorage.py for tasks to queue
[2026-03-29T21:50:34.935+0000] {logging_mixin.py:188} INFO - [2026-03-29T21:50:34.934+0000] {dagbag.py:545} INFO - Filling up the DagBag from /home/airflow/.local/lib/python3.12/site-packages/airflow/example_dags/tutorial_objectstorage.py
[2026-03-29T21:50:34.944+0000] {processor.py:840} INFO - DAG(s) 'tutorial_objectstorage' retrieved from /home/airflow/.local/lib/python3.12/site-packages/airflow/example_dags/tutorial_objectstorage.py
[2026-03-29T21:50:34.972+0000] {logging_mixin.py:188} INFO - [2026-03-29T21:50:34.971+0000] {dag.py:3089} INFO - Sync 1 DAGs
[2026-03-29T21:50:34.986+0000] {logging_mixin.py:188} INFO - [2026-03-29T21:50:34.986+0000] {dag.py:3947} INFO - Setting next_dagrun for tutorial_objectstorage to None, run_after=None
[2026-03-29T21:50:35.004+0000] {processor.py:183} INFO - Processing /home/airflow/.local/lib/python3.12/site-packages/airflow/example_dags/tutorial_objectstorage.py took 0.081 seconds
[2026-03-29T21:51:05.085+0000] {processor.py:161} INFO - Started process (PID=2143) to work on /home/airflow/.local/lib/python3.12/site-packages/airflow/example_dags/tutorial_objectstorage.py
[2026-03-29T21:51:05.086+0000] {processor.py:830} INFO - Processing file /home/airflow/.local/lib/python3.12/site-packages/airflow/example_dags/tutorial_objectstorage.py for tasks to queue
[2026-03-29T21:51:05.087+0000] {logging_mixin.py:188} INFO - [2026-03-29T21:51:05.087+0000] {dagbag.py:545} INFO - Filling up the DagBag from /home/airflow/.local/lib/python3.12/site-packages/airflow/example_dags/tutorial_objectstorage.py
[2026-03-29T21:51:05.094+0000] {processor.py:840} INFO - DAG(s) 'tutorial_objectstorage' retrieved from /home/airflow/.local/lib/python3.12/site-packages/airflow/example_dags/tutorial_objectstorage.py
[2026-03-29T21:51:05.109+0000] {logging_mixin.py:188} INFO - [2026-03-29T21:51:05.109+0000] {dag.py:3089} INFO - Sync 1 DAGs
[2026-03-29T21:51:05.121+0000] {logging_mixin.py:188} INFO - [2026-03-29T21:51:05.121+0000] {dag.py:3947} INFO - Setting next_dagrun for tutorial_objectstorage to None, run_after=None
[2026-03-29T21:51:05.136+0000] {processor.py:183} INFO - Processing /home/airflow/.local/lib/python3.12/site-packages/airflow/example_dags/tutorial_objectstorage.py took 0.055 seconds
[2026-03-29T21:51:36.090+0000] {processor.py:161} INFO - Started process (PID=2193) to work on /home/airflow/.local/lib/python3.12/site-packages/airflow/example_dags/tutorial_objectstorage.py
[2026-03-29T21:51:36.092+0000] {processor.py:830} INFO - Processing file /home/airflow/.local/lib/python3.12/site-packages/airflow/example_dags/tutorial_objectstorage.py for tasks to queue
[2026-03-29T21:51:36.094+0000] {logging_mixin.py:188} INFO - [2026-03-29T21:51:36.093+0000] {dagbag.py:545} INFO - Filling up the DagBag from /home/airflow/.local/lib/python3.12/site-packages/airflow/example_dags/tutorial_objectstorage.py
[2026-03-29T21:51:36.103+0000] {processor.py:840} INFO - DAG(s) 'tutorial_objectstorage' retrieved from /home/airflow/.local/lib/python3.12/site-packages/airflow/example_dags/tutorial_objectstorage.py
[2026-03-29T21:51:36.124+0000] {logging_mixin.py:188} INFO - [2026-03-29T21:51:36.124+0000] {dag.py:3089} INFO - Sync 1 DAGs
[2026-03-29T21:51:36.144+0000] {logging_mixin.py:188} INFO - [2026-03-29T21:51:36.143+0000] {dag.py:3947} INFO - Setting next_dagrun for tutorial_objectstorage to None, run_after=None
[2026-03-29T21:51:36.160+0000] {processor.py:183} INFO - Processing /home/airflow/.local/lib/python3.12/site-packages/airflow/example_dags/tutorial_objectstorage.py took 0.076 seconds
[2026-03-29T21:52:06.434+0000] {processor.py:161} INFO - Started process (PID=2245) to work on /home/airflow/.local/lib/python3.12/site-packages/airflow/example_dags/tutorial_objectstorage.py
[2026-03-29T21:52:06.435+0000] {processor.py:830} INFO - Processing file /home/airflow/.local/lib/python3.12/site-packages/airflow/example_dags/tutorial_objectstorage.py for tasks to queue
[2026-03-29T21:52:06.437+0000] {logging_mixin.py:188} INFO - [2026-03-29T21:52:06.437+0000] {dagbag.py:545} INFO - Filling up the DagBag from /home/airflow/.local/lib/python3.12/site-packages/airflow/example_dags/tutorial_objectstorage.py
[2026-03-29T21:52:06.445+0000] {processor.py:840} INFO - DAG(s) 'tutorial_objectstorage' retrieved from /home/airflow/.local/lib/python3.12/site-packages/airflow/example_dags/tutorial_objectstorage.py
[2026-03-29T21:52:06.461+0000] {logging_mixin.py:188} INFO - [2026-03-29T21:52:06.461+0000] {dag.py:3089} INFO - Sync 1 DAGs
[2026-03-29T21:52:06.478+0000] {logging_mixin.py:188} INFO - [2026-03-29T21:52:06.477+0000] {dag.py:3947} INFO - Setting next_dagrun for tutorial_objectstorage to None, run_after=None
[2026-03-29T21:52:06.501+0000] {processor.py:183} INFO - Processing /home/airflow/.local/lib/python3.12/site-packages/airflow/example_dags/tutorial_objectstorage.py took 0.077 seconds
[2026-03-29T21:52:36.932+0000] {processor.py:161} INFO - Started process (PID=2297) to work on /home/airflow/.local/lib/python3.12/site-packages/airflow/example_dags/tutorial_objectstorage.py
[2026-03-29T21:52:36.933+0000] {processor.py:830} INFO - Processing file /home/airflow/.local/lib/python3.12/site-packages/airflow/example_dags/tutorial_objectstorage.py for tasks to queue
[2026-03-29T21:52:36.934+0000] {logging_mixin.py:188} INFO - [2026-03-29T21:52:36.934+0000] {dagbag.py:545} INFO - Filling up the DagBag from /home/airflow/.local/lib/python3.12/site-packages/airflow/example_dags/tutorial_objectstorage.py
[2026-03-29T21:52:36.941+0000] {processor.py:840} INFO - DAG(s) 'tutorial_objectstorage' retrieved from /home/airflow/.local/lib/python3.12/site-packages/airflow/example_dags/tutorial_objectstorage.py
[2026-03-29T21:52:36.958+0000] {logging_mixin.py:188} INFO - [2026-03-29T21:52:36.958+0000] {dag.py:3089} INFO - Sync 1 DAGs
[2026-03-29T21:52:36.971+0000] {logging_mixin.py:188} INFO - [2026-03-29T21:52:36.970+0000] {dag.py:3947} INFO - Setting next_dagrun for tutorial_objectstorage to None, run_after=None
[2026-03-29T21:52:36.993+0000] {processor.py:183} INFO - Processing /home/airflow/.local/lib/python3.12/site-packages/airflow/example_dags/tutorial_objectstorage.py took 0.067 seconds
[2026-03-29T21:53:07.753+0000] {processor.py:161} INFO - Started process (PID=2349) to work on /home/airflow/.local/lib/python3.12/site-packages/airflow/example_dags/tutorial_objectstorage.py
[2026-03-29T21:53:07.756+0000] {processor.py:830} INFO - Processing file /home/airflow/.local/lib/python3.12/site-packages/airflow/example_dags/tutorial_objectstorage.py for tasks to queue
[2026-03-29T21:53:07.760+0000] {logging_mixin.py:188} INFO - [2026-03-29T21:53:07.759+0000] {dagbag.py:545} INFO - Filling up the DagBag from /home/airflow/.local/lib/python3.12/site-packages/airflow/example_dags/tutorial_objectstorage.py
[2026-03-29T21:53:07.768+0000] {processor.py:840} INFO - DAG(s) 'tutorial_objectstorage' retrieved from /home/airflow/.local/lib/python3.12/site-packages/airflow/example_dags/tutorial_objectstorage.py
[2026-03-29T21:53:07.793+0000] {logging_mixin.py:188} INFO - [2026-03-29T21:53:07.793+0000] {dag.py:3089} INFO - Sync 1 DAGs
[2026-03-29T21:53:07.819+0000] {logging_mixin.py:188} INFO - [2026-03-29T21:53:07.818+0000] {dag.py:3947} INFO - Setting next_dagrun for tutorial_objectstorage to None, run_after=None
[2026-03-29T21:53:07.840+0000] {processor.py:183} INFO - Processing /home/airflow/.local/lib/python3.12/site-packages/airflow/example_dags/tutorial_objectstorage.py took 0.098 seconds
[2026-03-29T21:53:38.742+0000] {processor.py:161} INFO - Started process (PID=2401) to work on /home/airflow/.local/lib/python3.12/site-packages/airflow/example_dags/tutorial_objectstorage.py
[2026-03-29T21:53:38.743+0000] {processor.py:830} INFO - Processing file /home/airflow/.local/lib/python3.12/site-packages/airflow/example_dags/tutorial_objectstorage.py for tasks to queue
[2026-03-29T21:53:38.744+0000] {logging_mixin.py:188} INFO - [2026-03-29T21:53:38.744+0000] {dagbag.py:545} INFO - Filling up the DagBag from /home/airflow/.local/lib/python3.12/site-packages/airflow/example_dags/tutorial_objectstorage.py
[2026-03-29T21:53:38.751+0000] {processor.py:840} INFO - DAG(s) 'tutorial_objectstorage' retrieved from /home/airflow/.local/lib/python3.12/site-packages/airflow/example_dags/tutorial_objectstorage.py
[2026-03-29T21:53:38.766+0000] {logging_mixin.py:188} INFO - [2026-03-29T21:53:38.766+0000] {dag.py:3089} INFO - Sync 1 DAGs
[2026-03-29T21:53:38.777+0000] {logging_mixin.py:188} INFO - [2026-03-29T21:53:38.777+0000] {dag.py:3947} INFO - Setting next_dagrun for tutorial_objectstorage to None, run_after=None
[2026-03-29T21:53:38.791+0000] {processor.py:183} INFO - Processing /home/airflow/.local/lib/python3.12/site-packages/airflow/example_dags/tutorial_objectstorage.py took 0.054 seconds
[2026-03-29T21:54:09.088+0000] {processor.py:161} INFO - Started process (PID=2453) to work on /home/airflow/.local/lib/python3.12/site-packages/airflow/example_dags/tutorial_objectstorage.py
[2026-03-29T21:54:09.089+0000] {processor.py:830} INFO - Processing file /home/airflow/.local/lib/python3.12/site-packages/airflow/example_dags/tutorial_objectstorage.py for tasks to queue
[2026-03-29T21:54:09.091+0000] {logging_mixin.py:188} INFO - [2026-03-29T21:54:09.091+0000] {dagbag.py:545} INFO - Filling up the DagBag from /home/airflow/.local/lib/python3.12/site-packages/airflow/example_dags/tutorial_objectstorage.py
[2026-03-29T21:54:09.098+0000] {processor.py:840} INFO - DAG(s) 'tutorial_objectstorage' retrieved from /home/airflow/.local/lib/python3.12/site-packages/airflow/example_dags/tutorial_objectstorage.py
[2026-03-29T21:54:09.117+0000] {logging_mixin.py:188} INFO - [2026-03-29T21:54:09.117+0000] {dag.py:3089} INFO - Sync 1 DAGs
[2026-03-29T21:54:09.129+0000] {logging_mixin.py:188} INFO - [2026-03-29T21:54:09.129+0000] {dag.py:3947} INFO - Setting next_dagrun for tutorial_objectstorage to None, run_after=None
[2026-03-29T21:54:09.142+0000] {processor.py:183} INFO - Processing /home/airflow/.local/lib/python3.12/site-packages/airflow/example_dags/tutorial_objectstorage.py took 0.059 seconds
[2026-03-29T21:54:39.920+0000] {processor.py:161} INFO - Started process (PID=2505) to work on /home/airflow/.local/lib/python3.12/site-packages/airflow/example_dags/tutorial_objectstorage.py
[2026-03-29T21:54:39.923+0000] {processor.py:830} INFO - Processing file /home/airflow/.local/lib/python3.12/site-packages/airflow/example_dags/tutorial_objectstorage.py for tasks to queue
[2026-03-29T21:54:39.925+0000] {logging_mixin.py:188} INFO - [2026-03-29T21:54:39.925+0000] {dagbag.py:545} INFO - Filling up the DagBag from /home/airflow/.local/lib/python3.12/site-packages/airflow/example_dags/tutorial_objectstorage.py
[2026-03-29T21:54:39.942+0000] {processor.py:840} INFO - DAG(s) 'tutorial_objectstorage' retrieved from /home/airflow/.local/lib/python3.12/site-packages/airflow/example_dags/tutorial_objectstorage.py
[2026-03-29T21:54:39.971+0000] {logging_mixin.py:188} INFO - [2026-03-29T21:54:39.970+0000] {dag.py:3089} INFO - Sync 1 DAGs
[2026-03-29T21:54:39.989+0000] {logging_mixin.py:188} INFO - [2026-03-29T21:54:39.989+0000] {dag.py:3947} INFO - Setting next_dagrun for tutorial_objectstorage to None, run_after=None
[2026-03-29T21:54:40.017+0000] {processor.py:183} INFO - Processing /home/airflow/.local/lib/python3.12/site-packages/airflow/example_dags/tutorial_objectstorage.py took 0.103 seconds
[2026-03-29T21:55:10.906+0000] {processor.py:161} INFO - Started process (PID=2557) to work on /home/airflow/.local/lib/python3.12/site-packages/airflow/example_dags/tutorial_objectstorage.py
[2026-03-29T21:55:10.907+0000] {processor.py:830} INFO - Processing file /home/airflow/.local/lib/python3.12/site-packages/airflow/example_dags/tutorial_objectstorage.py for tasks to queue
[2026-03-29T21:55:10.908+0000] {logging_mixin.py:188} INFO - [2026-03-29T21:55:10.908+0000] {dagbag.py:545} INFO - Filling up the DagBag from /home/airflow/.local/lib/python3.12/site-packages/airflow/example_dags/tutorial_objectstorage.py
[2026-03-29T21:55:10.913+0000] {processor.py:840} INFO - DAG(s) 'tutorial_objectstorage' retrieved from /home/airflow/.local/lib/python3.12/site-packages/airflow/example_dags/tutorial_objectstorage.py
[2026-03-29T21:55:10.929+0000] {logging_mixin.py:188} INFO - [2026-03-29T21:55:10.929+0000] {dag.py:3089} INFO - Sync 1 DAGs
[2026-03-29T21:55:10.940+0000] {logging_mixin.py:188} INFO - [2026-03-29T21:55:10.940+0000] {dag.py:3947} INFO - Setting next_dagrun for tutorial_objectstorage to None, run_after=None
[2026-03-29T21:55:10.953+0000] {processor.py:183} INFO - Processing /home/airflow/.local/lib/python3.12/site-packages/airflow/example_dags/tutorial_objectstorage.py took 0.052 seconds
[2026-03-29T21:55:41.639+0000] {processor.py:161} INFO - Started process (PID=2609) to work on /home/airflow/.local/lib/python3.12/site-packages/airflow/example_dags/tutorial_objectstorage.py
[2026-03-29T21:55:41.640+0000] {processor.py:830} INFO - Processing file /home/airflow/.local/lib/python3.12/site-packages/airflow/example_dags/tutorial_objectstorage.py for tasks to queue
[2026-03-29T21:55:41.642+0000] {logging_mixin.py:188} INFO - [2026-03-29T21:55:41.641+0000] {dagbag.py:545} INFO - Filling up the DagBag from /home/airflow/.local/lib/python3.12/site-packages/airflow/example_dags/tutorial_objectstorage.py
[2026-03-29T21:55:41.648+0000] {processor.py:840} INFO - DAG(s) 'tutorial_objectstorage' retrieved from /home/airflow/.local/lib/python3.12/site-packages/airflow/example_dags/tutorial_objectstorage.py
[2026-03-29T21:55:41.662+0000] {logging_mixin.py:188} INFO - [2026-03-29T21:55:41.662+0000] {dag.py:3089} INFO - Sync 1 DAGs
[2026-03-29T21:55:41.674+0000] {logging_mixin.py:188} INFO - [2026-03-29T21:55:41.674+0000] {dag.py:3947} INFO - Setting next_dagrun for tutorial_objectstorage to None, run_after=None
[2026-03-29T21:55:41.688+0000] {processor.py:183} INFO - Processing /home/airflow/.local/lib/python3.12/site-packages/airflow/example_dags/tutorial_objectstorage.py took 0.054 seconds
[2026-03-29T21:56:12.392+0000] {processor.py:161} INFO - Started process (PID=2661) to work on /home/airflow/.local/lib/python3.12/site-packages/airflow/example_dags/tutorial_objectstorage.py
[2026-03-29T21:56:12.393+0000] {processor.py:830} INFO - Processing file /home/airflow/.local/lib/python3.12/site-packages/airflow/example_dags/tutorial_objectstorage.py for tasks to queue
[2026-03-29T21:56:12.394+0000] {logging_mixin.py:188} INFO - [2026-03-29T21:56:12.394+0000] {dagbag.py:545} INFO - Filling up the DagBag from /home/airflow/.local/lib/python3.12/site-packages/airflow/example_dags/tutorial_objectstorage.py
[2026-03-29T21:56:12.406+0000] {processor.py:840} INFO - DAG(s) 'tutorial_objectstorage' retrieved from /home/airflow/.local/lib/python3.12/site-packages/airflow/example_dags/tutorial_objectstorage.py
[2026-03-29T21:56:12.439+0000] {logging_mixin.py:188} INFO - [2026-03-29T21:56:12.439+0000] {dag.py:3089} INFO - Sync 1 DAGs
[2026-03-29T21:56:12.452+0000] {logging_mixin.py:188} INFO - [2026-03-29T21:56:12.452+0000] {dag.py:3947} INFO - Setting next_dagrun for tutorial_objectstorage to None, run_after=None
[2026-03-29T21:56:12.469+0000] {processor.py:183} INFO - Processing /home/airflow/.local/lib/python3.12/site-packages/airflow/example_dags/tutorial_objectstorage.py took 0.082 seconds
[2026-03-29T21:56:43.179+0000] {processor.py:161} INFO - Started process (PID=2713) to work on /home/airflow/.local/lib/python3.12/site-packages/airflow/example_dags/tutorial_objectstorage.py
[2026-03-29T21:56:43.182+0000] {processor.py:830} INFO - Processing file /home/airflow/.local/lib/python3.12/site-packages/airflow/example_dags/tutorial_objectstorage.py for tasks to queue
[2026-03-29T21:56:43.183+0000] {logging_mixin.py:188} INFO - [2026-03-29T21:56:43.183+0000] {dagbag.py:545} INFO - Filling up the DagBag from /home/airflow/.local/lib/python3.12/site-packages/airflow/example_dags/tutorial_objectstorage.py
[2026-03-29T21:56:43.193+0000] {processor.py:840} INFO - DAG(s) 'tutorial_objectstorage' retrieved from /home/airflow/.local/lib/python3.12/site-packages/airflow/example_dags/tutorial_objectstorage.py
[2026-03-29T21:56:43.215+0000] {logging_mixin.py:188} INFO - [2026-03-29T21:56:43.215+0000] {dag.py:3089} INFO - Sync 1 DAGs
[2026-03-29T21:56:43.227+0000] {logging_mixin.py:188} INFO - [2026-03-29T21:56:43.227+0000] {dag.py:3947} INFO - Setting next_dagrun for tutorial_objectstorage to None, run_after=None
[2026-03-29T21:56:43.247+0000] {processor.py:183} INFO - Processing /home/airflow/.local/lib/python3.12/site-packages/airflow/example_dags/tutorial_objectstorage.py took 0.074 seconds
[2026-03-29T21:57:13.869+0000] {processor.py:161} INFO - Started process (PID=2765) to work on /home/airflow/.local/lib/python3.12/site-packages/airflow/example_dags/tutorial_objectstorage.py
[2026-03-29T21:57:13.870+0000] {processor.py:830} INFO - Processing file /home/airflow/.local/lib/python3.12/site-packages/airflow/example_dags/tutorial_objectstorage.py for tasks to queue
[2026-03-29T21:57:13.872+0000] {logging_mixin.py:188} INFO - [2026-03-29T21:57:13.871+0000] {dagbag.py:545} INFO - Filling up the DagBag from /home/airflow/.local/lib/python3.12/site-packages/airflow/example_dags/tutorial_objectstorage.py
[2026-03-29T21:57:13.882+0000] {processor.py:840} INFO - DAG(s) 'tutorial_objectstorage' retrieved from /home/airflow/.local/lib/python3.12/site-packages/airflow/example_dags/tutorial_objectstorage.py
[2026-03-29T21:57:13.904+0000] {logging_mixin.py:188} INFO - [2026-03-29T21:57:13.904+0000] {dag.py:3089} INFO - Sync 1 DAGs
[2026-03-29T21:57:13.917+0000] {logging_mixin.py:188} INFO - [2026-03-29T21:57:13.917+0000] {dag.py:3947} INFO - Setting next_dagrun for tutorial_objectstorage to None, run_after=None
[2026-03-29T21:57:13.944+0000] {processor.py:183} INFO - Processing /home/airflow/.local/lib/python3.12/site-packages/airflow/example_dags/tutorial_objectstorage.py took 0.085 seconds
[2026-03-29T21:57:44.957+0000] {processor.py:161} INFO - Started process (PID=2817) to work on /home/airflow/.local/lib/python3.12/site-packages/airflow/example_dags/tutorial_objectstorage.py
[2026-03-29T21:57:44.960+0000] {processor.py:830} INFO - Processing file /home/airflow/.local/lib/python3.12/site-packages/airflow/example_dags/tutorial_objectstorage.py for tasks to queue
[2026-03-29T21:57:44.963+0000] {logging_mixin.py:188} INFO - [2026-03-29T21:57:44.963+0000] {dagbag.py:545} INFO - Filling up the DagBag from /home/airflow/.local/lib/python3.12/site-packages/airflow/example_dags/tutorial_objectstorage.py
[2026-03-29T21:57:44.977+0000] {processor.py:840} INFO - DAG(s) 'tutorial_objectstorage' retrieved from /home/airflow/.local/lib/python3.12/site-packages/airflow/example_dags/tutorial_objectstorage.py
[2026-03-29T21:57:45.006+0000] {logging_mixin.py:188} INFO - [2026-03-29T21:57:45.006+0000] {dag.py:3089} INFO - Sync 1 DAGs
[2026-03-29T21:57:45.023+0000] {logging_mixin.py:188} INFO - [2026-03-29T21:57:45.023+0000] {dag.py:3947} INFO - Setting next_dagrun for tutorial_objectstorage to None, run_after=None
[2026-03-29T21:57:45.041+0000] {processor.py:183} INFO - Processing /home/airflow/.local/lib/python3.12/site-packages/airflow/example_dags/tutorial_objectstorage.py took 0.102 seconds
