[2026-03-29T21:30:29.862+0000] {processor.py:161} INFO - Started process (PID=38) to work on /home/airflow/.local/lib/python3.12/site-packages/airflow/example_dags/tutorial_taskflow_api.py
[2026-03-29T21:30:29.865+0000] {processor.py:830} INFO - Processing file /home/airflow/.local/lib/python3.12/site-packages/airflow/example_dags/tutorial_taskflow_api.py for tasks to queue
[2026-03-29T21:30:29.876+0000] {logging_mixin.py:188} INFO - [2026-03-29T21:30:29.876+0000] {dagbag.py:545} INFO - Filling up the DagBag from /home/airflow/.local/lib/python3.12/site-packages/airflow/example_dags/tutorial_taskflow_api.py
[2026-03-29T21:30:29.900+0000] {processor.py:840} INFO - DAG(s) 'tutorial_taskflow_api' retrieved from /home/airflow/.local/lib/python3.12/site-packages/airflow/example_dags/tutorial_taskflow_api.py
[2026-03-29T21:30:29.924+0000] {logging_mixin.py:188} INFO - [2026-03-29T21:30:29.923+0000] {dag.py:3089} INFO - Sync 1 DAGs
[2026-03-29T21:30:29.988+0000] {logging_mixin.py:188} INFO - [2026-03-29T21:30:29.987+0000] {dag.py:3947} INFO - Setting next_dagrun for tutorial_taskflow_api to None, run_after=None
[2026-03-29T21:30:30.134+0000] {processor.py:183} INFO - Processing /home/airflow/.local/lib/python3.12/site-packages/airflow/example_dags/tutorial_taskflow_api.py took 0.283 seconds
[2026-03-29T21:31:01.336+0000] {processor.py:161} INFO - Started process (PID=90) to work on /home/airflow/.local/lib/python3.12/site-packages/airflow/example_dags/tutorial_taskflow_api.py
[2026-03-29T21:31:01.340+0000] {processor.py:830} INFO - Processing file /home/airflow/.local/lib/python3.12/site-packages/airflow/example_dags/tutorial_taskflow_api.py for tasks to queue
[2026-03-29T21:31:01.344+0000] {logging_mixin.py:188} INFO - [2026-03-29T21:31:01.343+0000] {dagbag.py:545} INFO - Filling up the DagBag from /home/airflow/.local/lib/python3.12/site-packages/airflow/example_dags/tutorial_taskflow_api.py
[2026-03-29T21:31:01.357+0000] {processor.py:840} INFO - DAG(s) 'tutorial_taskflow_api' retrieved from /home/airflow/.local/lib/python3.12/site-packages/airflow/example_dags/tutorial_taskflow_api.py
[2026-03-29T21:31:01.510+0000] {logging_mixin.py:188} INFO - [2026-03-29T21:31:01.510+0000] {dag.py:3089} INFO - Sync 1 DAGs
[2026-03-29T21:31:01.525+0000] {logging_mixin.py:188} INFO - [2026-03-29T21:31:01.525+0000] {dag.py:3947} INFO - Setting next_dagrun for tutorial_taskflow_api to None, run_after=None
[2026-03-29T21:31:01.555+0000] {processor.py:183} INFO - Processing /home/airflow/.local/lib/python3.12/site-packages/airflow/example_dags/tutorial_taskflow_api.py took 0.227 seconds
[2026-03-29T21:31:31.608+0000] {processor.py:161} INFO - Started process (PID=142) to work on /home/airflow/.local/lib/python3.12/site-packages/airflow/example_dags/tutorial_taskflow_api.py
[2026-03-29T21:31:31.609+0000] {processor.py:830} INFO - Processing file /home/airflow/.local/lib/python3.12/site-packages/airflow/example_dags/tutorial_taskflow_api.py for tasks to queue
[2026-03-29T21:31:31.611+0000] {logging_mixin.py:188} INFO - [2026-03-29T21:31:31.611+0000] {dagbag.py:545} INFO - Filling up the DagBag from /home/airflow/.local/lib/python3.12/site-packages/airflow/example_dags/tutorial_taskflow_api.py
[2026-03-29T21:31:31.617+0000] {processor.py:840} INFO - DAG(s) 'tutorial_taskflow_api' retrieved from /home/airflow/.local/lib/python3.12/site-packages/airflow/example_dags/tutorial_taskflow_api.py
[2026-03-29T21:31:31.640+0000] {logging_mixin.py:188} INFO - [2026-03-29T21:31:31.639+0000] {dag.py:3089} INFO - Sync 1 DAGs
[2026-03-29T21:31:31.655+0000] {logging_mixin.py:188} INFO - [2026-03-29T21:31:31.655+0000] {dag.py:3947} INFO - Setting next_dagrun for tutorial_taskflow_api to None, run_after=None
[2026-03-29T21:31:31.675+0000] {processor.py:183} INFO - Processing /home/airflow/.local/lib/python3.12/site-packages/airflow/example_dags/tutorial_taskflow_api.py took 0.072 seconds
[2026-03-29T21:32:03.846+0000] {processor.py:161} INFO - Started process (PID=194) to work on /home/airflow/.local/lib/python3.12/site-packages/airflow/example_dags/tutorial_taskflow_api.py
[2026-03-29T21:32:03.849+0000] {processor.py:830} INFO - Processing file /home/airflow/.local/lib/python3.12/site-packages/airflow/example_dags/tutorial_taskflow_api.py for tasks to queue
[2026-03-29T21:32:03.852+0000] {logging_mixin.py:188} INFO - [2026-03-29T21:32:03.852+0000] {dagbag.py:545} INFO - Filling up the DagBag from /home/airflow/.local/lib/python3.12/site-packages/airflow/example_dags/tutorial_taskflow_api.py
[2026-03-29T21:32:03.865+0000] {processor.py:840} INFO - DAG(s) 'tutorial_taskflow_api' retrieved from /home/airflow/.local/lib/python3.12/site-packages/airflow/example_dags/tutorial_taskflow_api.py
[2026-03-29T21:32:03.917+0000] {logging_mixin.py:188} INFO - [2026-03-29T21:32:03.917+0000] {dag.py:3089} INFO - Sync 1 DAGs
[2026-03-29T21:32:03.986+0000] {logging_mixin.py:188} INFO - [2026-03-29T21:32:03.982+0000] {dag.py:3947} INFO - Setting next_dagrun for tutorial_taskflow_api to None, run_after=None
[2026-03-29T21:32:04.104+0000] {processor.py:183} INFO - Processing /home/airflow/.local/lib/python3.12/site-packages/airflow/example_dags/tutorial_taskflow_api.py took 0.269 seconds
[2026-03-29T21:32:34.472+0000] {processor.py:161} INFO - Started process (PID=246) to work on /home/airflow/.local/lib/python3.12/site-packages/airflow/example_dags/tutorial_taskflow_api.py
[2026-03-29T21:32:34.473+0000] {processor.py:830} INFO - Processing file /home/airflow/.local/lib/python3.12/site-packages/airflow/example_dags/tutorial_taskflow_api.py for tasks to queue
[2026-03-29T21:32:34.475+0000] {logging_mixin.py:188} INFO - [2026-03-29T21:32:34.474+0000] {dagbag.py:545} INFO - Filling up the DagBag from /home/airflow/.local/lib/python3.12/site-packages/airflow/example_dags/tutorial_taskflow_api.py
[2026-03-29T21:32:34.479+0000] {processor.py:840} INFO - DAG(s) 'tutorial_taskflow_api' retrieved from /home/airflow/.local/lib/python3.12/site-packages/airflow/example_dags/tutorial_taskflow_api.py
[2026-03-29T21:32:34.495+0000] {logging_mixin.py:188} INFO - [2026-03-29T21:32:34.494+0000] {dag.py:3089} INFO - Sync 1 DAGs
[2026-03-29T21:32:34.508+0000] {logging_mixin.py:188} INFO - [2026-03-29T21:32:34.508+0000] {dag.py:3947} INFO - Setting next_dagrun for tutorial_taskflow_api to None, run_after=None
[2026-03-29T21:32:34.523+0000] {processor.py:183} INFO - Processing /home/airflow/.local/lib/python3.12/site-packages/airflow/example_dags/tutorial_taskflow_api.py took 0.056 seconds
[2026-03-29T21:33:04.807+0000] {processor.py:161} INFO - Started process (PID=298) to work on /home/airflow/.local/lib/python3.12/site-packages/airflow/example_dags/tutorial_taskflow_api.py
[2026-03-29T21:33:04.808+0000] {processor.py:830} INFO - Processing file /home/airflow/.local/lib/python3.12/site-packages/airflow/example_dags/tutorial_taskflow_api.py for tasks to queue
[2026-03-29T21:33:04.811+0000] {logging_mixin.py:188} INFO - [2026-03-29T21:33:04.811+0000] {dagbag.py:545} INFO - Filling up the DagBag from /home/airflow/.local/lib/python3.12/site-packages/airflow/example_dags/tutorial_taskflow_api.py
[2026-03-29T21:33:04.817+0000] {processor.py:840} INFO - DAG(s) 'tutorial_taskflow_api' retrieved from /home/airflow/.local/lib/python3.12/site-packages/airflow/example_dags/tutorial_taskflow_api.py
[2026-03-29T21:33:04.837+0000] {logging_mixin.py:188} INFO - [2026-03-29T21:33:04.837+0000] {dag.py:3089} INFO - Sync 1 DAGs
[2026-03-29T21:33:04.849+0000] {logging_mixin.py:188} INFO - [2026-03-29T21:33:04.849+0000] {dag.py:3947} INFO - Setting next_dagrun for tutorial_taskflow_api to None, run_after=None
[2026-03-29T21:33:04.865+0000] {processor.py:183} INFO - Processing /home/airflow/.local/lib/python3.12/site-packages/airflow/example_dags/tutorial_taskflow_api.py took 0.064 seconds
[2026-03-29T21:33:35.331+0000] {processor.py:161} INFO - Started process (PID=350) to work on /home/airflow/.local/lib/python3.12/site-packages/airflow/example_dags/tutorial_taskflow_api.py
[2026-03-29T21:33:35.332+0000] {processor.py:830} INFO - Processing file /home/airflow/.local/lib/python3.12/site-packages/airflow/example_dags/tutorial_taskflow_api.py for tasks to queue
[2026-03-29T21:33:35.334+0000] {logging_mixin.py:188} INFO - [2026-03-29T21:33:35.334+0000] {dagbag.py:545} INFO - Filling up the DagBag from /home/airflow/.local/lib/python3.12/site-packages/airflow/example_dags/tutorial_taskflow_api.py
[2026-03-29T21:33:35.341+0000] {processor.py:840} INFO - DAG(s) 'tutorial_taskflow_api' retrieved from /home/airflow/.local/lib/python3.12/site-packages/airflow/example_dags/tutorial_taskflow_api.py
[2026-03-29T21:33:35.372+0000] {logging_mixin.py:188} INFO - [2026-03-29T21:33:35.372+0000] {dag.py:3089} INFO - Sync 1 DAGs
[2026-03-29T21:33:35.385+0000] {logging_mixin.py:188} INFO - [2026-03-29T21:33:35.385+0000] {dag.py:3947} INFO - Setting next_dagrun for tutorial_taskflow_api to None, run_after=None
[2026-03-29T21:33:35.408+0000] {processor.py:183} INFO - Processing /home/airflow/.local/lib/python3.12/site-packages/airflow/example_dags/tutorial_taskflow_api.py took 0.081 seconds
[2026-03-29T21:34:06.062+0000] {processor.py:161} INFO - Started process (PID=402) to work on /home/airflow/.local/lib/python3.12/site-packages/airflow/example_dags/tutorial_taskflow_api.py
[2026-03-29T21:34:06.063+0000] {processor.py:830} INFO - Processing file /home/airflow/.local/lib/python3.12/site-packages/airflow/example_dags/tutorial_taskflow_api.py for tasks to queue
[2026-03-29T21:34:06.065+0000] {logging_mixin.py:188} INFO - [2026-03-29T21:34:06.065+0000] {dagbag.py:545} INFO - Filling up the DagBag from /home/airflow/.local/lib/python3.12/site-packages/airflow/example_dags/tutorial_taskflow_api.py
[2026-03-29T21:34:06.072+0000] {processor.py:840} INFO - DAG(s) 'tutorial_taskflow_api' retrieved from /home/airflow/.local/lib/python3.12/site-packages/airflow/example_dags/tutorial_taskflow_api.py
[2026-03-29T21:34:06.091+0000] {logging_mixin.py:188} INFO - [2026-03-29T21:34:06.091+0000] {dag.py:3089} INFO - Sync 1 DAGs
[2026-03-29T21:34:06.104+0000] {logging_mixin.py:188} INFO - [2026-03-29T21:34:06.103+0000] {dag.py:3947} INFO - Setting next_dagrun for tutorial_taskflow_api to None, run_after=None
[2026-03-29T21:34:06.121+0000] {processor.py:183} INFO - Processing /home/airflow/.local/lib/python3.12/site-packages/airflow/example_dags/tutorial_taskflow_api.py took 0.070 seconds
[2026-03-29T21:34:36.493+0000] {processor.py:161} INFO - Started process (PID=454) to work on /home/airflow/.local/lib/python3.12/site-packages/airflow/example_dags/tutorial_taskflow_api.py
[2026-03-29T21:34:36.495+0000] {processor.py:830} INFO - Processing file /home/airflow/.local/lib/python3.12/site-packages/airflow/example_dags/tutorial_taskflow_api.py for tasks to queue
[2026-03-29T21:34:36.497+0000] {logging_mixin.py:188} INFO - [2026-03-29T21:34:36.496+0000] {dagbag.py:545} INFO - Filling up the DagBag from /home/airflow/.local/lib/python3.12/site-packages/airflow/example_dags/tutorial_taskflow_api.py
[2026-03-29T21:34:36.518+0000] {processor.py:840} INFO - DAG(s) 'tutorial_taskflow_api' retrieved from /home/airflow/.local/lib/python3.12/site-packages/airflow/example_dags/tutorial_taskflow_api.py
[2026-03-29T21:34:36.558+0000] {logging_mixin.py:188} INFO - [2026-03-29T21:34:36.558+0000] {dag.py:3089} INFO - Sync 1 DAGs
[2026-03-29T21:34:36.574+0000] {logging_mixin.py:188} INFO - [2026-03-29T21:34:36.574+0000] {dag.py:3947} INFO - Setting next_dagrun for tutorial_taskflow_api to None, run_after=None
[2026-03-29T21:34:36.600+0000] {processor.py:183} INFO - Processing /home/airflow/.local/lib/python3.12/site-packages/airflow/example_dags/tutorial_taskflow_api.py took 0.115 seconds
[2026-03-29T21:35:07.528+0000] {processor.py:161} INFO - Started process (PID=506) to work on /home/airflow/.local/lib/python3.12/site-packages/airflow/example_dags/tutorial_taskflow_api.py
[2026-03-29T21:35:07.530+0000] {processor.py:830} INFO - Processing file /home/airflow/.local/lib/python3.12/site-packages/airflow/example_dags/tutorial_taskflow_api.py for tasks to queue
[2026-03-29T21:35:07.531+0000] {logging_mixin.py:188} INFO - [2026-03-29T21:35:07.531+0000] {dagbag.py:545} INFO - Filling up the DagBag from /home/airflow/.local/lib/python3.12/site-packages/airflow/example_dags/tutorial_taskflow_api.py
[2026-03-29T21:35:07.543+0000] {processor.py:840} INFO - DAG(s) 'tutorial_taskflow_api' retrieved from /home/airflow/.local/lib/python3.12/site-packages/airflow/example_dags/tutorial_taskflow_api.py
[2026-03-29T21:35:07.563+0000] {logging_mixin.py:188} INFO - [2026-03-29T21:35:07.563+0000] {dag.py:3089} INFO - Sync 1 DAGs
[2026-03-29T21:35:07.578+0000] {logging_mixin.py:188} INFO - [2026-03-29T21:35:07.578+0000] {dag.py:3947} INFO - Setting next_dagrun for tutorial_taskflow_api to None, run_after=None
[2026-03-29T21:35:07.596+0000] {processor.py:183} INFO - Processing /home/airflow/.local/lib/python3.12/site-packages/airflow/example_dags/tutorial_taskflow_api.py took 0.077 seconds
[2026-03-29T21:35:38.480+0000] {processor.py:161} INFO - Started process (PID=558) to work on /home/airflow/.local/lib/python3.12/site-packages/airflow/example_dags/tutorial_taskflow_api.py
[2026-03-29T21:35:38.481+0000] {processor.py:830} INFO - Processing file /home/airflow/.local/lib/python3.12/site-packages/airflow/example_dags/tutorial_taskflow_api.py for tasks to queue
[2026-03-29T21:35:38.483+0000] {logging_mixin.py:188} INFO - [2026-03-29T21:35:38.483+0000] {dagbag.py:545} INFO - Filling up the DagBag from /home/airflow/.local/lib/python3.12/site-packages/airflow/example_dags/tutorial_taskflow_api.py
[2026-03-29T21:35:38.491+0000] {processor.py:840} INFO - DAG(s) 'tutorial_taskflow_api' retrieved from /home/airflow/.local/lib/python3.12/site-packages/airflow/example_dags/tutorial_taskflow_api.py
[2026-03-29T21:35:38.511+0000] {logging_mixin.py:188} INFO - [2026-03-29T21:35:38.511+0000] {dag.py:3089} INFO - Sync 1 DAGs
[2026-03-29T21:35:38.520+0000] {logging_mixin.py:188} INFO - [2026-03-29T21:35:38.520+0000] {dag.py:3947} INFO - Setting next_dagrun for tutorial_taskflow_api to None, run_after=None
[2026-03-29T21:35:38.543+0000] {processor.py:183} INFO - Processing /home/airflow/.local/lib/python3.12/site-packages/airflow/example_dags/tutorial_taskflow_api.py took 0.068 seconds
[2026-03-29T21:36:09.010+0000] {processor.py:161} INFO - Started process (PID=610) to work on /home/airflow/.local/lib/python3.12/site-packages/airflow/example_dags/tutorial_taskflow_api.py
[2026-03-29T21:36:09.011+0000] {processor.py:830} INFO - Processing file /home/airflow/.local/lib/python3.12/site-packages/airflow/example_dags/tutorial_taskflow_api.py for tasks to queue
[2026-03-29T21:36:09.013+0000] {logging_mixin.py:188} INFO - [2026-03-29T21:36:09.013+0000] {dagbag.py:545} INFO - Filling up the DagBag from /home/airflow/.local/lib/python3.12/site-packages/airflow/example_dags/tutorial_taskflow_api.py
[2026-03-29T21:36:09.024+0000] {processor.py:840} INFO - DAG(s) 'tutorial_taskflow_api' retrieved from /home/airflow/.local/lib/python3.12/site-packages/airflow/example_dags/tutorial_taskflow_api.py
[2026-03-29T21:36:09.044+0000] {logging_mixin.py:188} INFO - [2026-03-29T21:36:09.044+0000] {dag.py:3089} INFO - Sync 1 DAGs
[2026-03-29T21:36:09.056+0000] {logging_mixin.py:188} INFO - [2026-03-29T21:36:09.056+0000] {dag.py:3947} INFO - Setting next_dagrun for tutorial_taskflow_api to None, run_after=None
[2026-03-29T21:36:09.076+0000] {processor.py:183} INFO - Processing /home/airflow/.local/lib/python3.12/site-packages/airflow/example_dags/tutorial_taskflow_api.py took 0.074 seconds
[2026-03-29T21:36:39.328+0000] {processor.py:161} INFO - Started process (PID=661) to work on /home/airflow/.local/lib/python3.12/site-packages/airflow/example_dags/tutorial_taskflow_api.py
[2026-03-29T21:36:39.331+0000] {processor.py:830} INFO - Processing file /home/airflow/.local/lib/python3.12/site-packages/airflow/example_dags/tutorial_taskflow_api.py for tasks to queue
[2026-03-29T21:36:39.333+0000] {logging_mixin.py:188} INFO - [2026-03-29T21:36:39.332+0000] {dagbag.py:545} INFO - Filling up the DagBag from /home/airflow/.local/lib/python3.12/site-packages/airflow/example_dags/tutorial_taskflow_api.py
[2026-03-29T21:36:39.340+0000] {processor.py:840} INFO - DAG(s) 'tutorial_taskflow_api' retrieved from /home/airflow/.local/lib/python3.12/site-packages/airflow/example_dags/tutorial_taskflow_api.py
[2026-03-29T21:36:39.359+0000] {logging_mixin.py:188} INFO - [2026-03-29T21:36:39.359+0000] {dag.py:3089} INFO - Sync 1 DAGs
[2026-03-29T21:36:39.371+0000] {logging_mixin.py:188} INFO - [2026-03-29T21:36:39.370+0000] {dag.py:3947} INFO - Setting next_dagrun for tutorial_taskflow_api to None, run_after=None
[2026-03-29T21:36:39.384+0000] {processor.py:183} INFO - Processing /home/airflow/.local/lib/python3.12/site-packages/airflow/example_dags/tutorial_taskflow_api.py took 0.066 seconds
[2026-03-29T21:37:10.094+0000] {processor.py:161} INFO - Started process (PID=714) to work on /home/airflow/.local/lib/python3.12/site-packages/airflow/example_dags/tutorial_taskflow_api.py
[2026-03-29T21:37:10.095+0000] {processor.py:830} INFO - Processing file /home/airflow/.local/lib/python3.12/site-packages/airflow/example_dags/tutorial_taskflow_api.py for tasks to queue
[2026-03-29T21:37:10.097+0000] {logging_mixin.py:188} INFO - [2026-03-29T21:37:10.096+0000] {dagbag.py:545} INFO - Filling up the DagBag from /home/airflow/.local/lib/python3.12/site-packages/airflow/example_dags/tutorial_taskflow_api.py
[2026-03-29T21:37:10.105+0000] {processor.py:840} INFO - DAG(s) 'tutorial_taskflow_api' retrieved from /home/airflow/.local/lib/python3.12/site-packages/airflow/example_dags/tutorial_taskflow_api.py
[2026-03-29T21:37:10.125+0000] {logging_mixin.py:188} INFO - [2026-03-29T21:37:10.125+0000] {dag.py:3089} INFO - Sync 1 DAGs
[2026-03-29T21:37:10.141+0000] {logging_mixin.py:188} INFO - [2026-03-29T21:37:10.141+0000] {dag.py:3947} INFO - Setting next_dagrun for tutorial_taskflow_api to None, run_after=None
[2026-03-29T21:37:10.160+0000] {processor.py:183} INFO - Processing /home/airflow/.local/lib/python3.12/site-packages/airflow/example_dags/tutorial_taskflow_api.py took 0.073 seconds
[2026-03-29T21:37:40.241+0000] {processor.py:161} INFO - Started process (PID=765) to work on /home/airflow/.local/lib/python3.12/site-packages/airflow/example_dags/tutorial_taskflow_api.py
[2026-03-29T21:37:40.242+0000] {processor.py:830} INFO - Processing file /home/airflow/.local/lib/python3.12/site-packages/airflow/example_dags/tutorial_taskflow_api.py for tasks to queue
[2026-03-29T21:37:40.245+0000] {logging_mixin.py:188} INFO - [2026-03-29T21:37:40.244+0000] {dagbag.py:545} INFO - Filling up the DagBag from /home/airflow/.local/lib/python3.12/site-packages/airflow/example_dags/tutorial_taskflow_api.py
[2026-03-29T21:37:40.251+0000] {processor.py:840} INFO - DAG(s) 'tutorial_taskflow_api' retrieved from /home/airflow/.local/lib/python3.12/site-packages/airflow/example_dags/tutorial_taskflow_api.py
[2026-03-29T21:37:40.273+0000] {logging_mixin.py:188} INFO - [2026-03-29T21:37:40.273+0000] {dag.py:3089} INFO - Sync 1 DAGs
[2026-03-29T21:37:40.284+0000] {logging_mixin.py:188} INFO - [2026-03-29T21:37:40.284+0000] {dag.py:3947} INFO - Setting next_dagrun for tutorial_taskflow_api to None, run_after=None
[2026-03-29T21:37:40.298+0000] {processor.py:183} INFO - Processing /home/airflow/.local/lib/python3.12/site-packages/airflow/example_dags/tutorial_taskflow_api.py took 0.065 seconds
[2026-03-29T21:38:10.866+0000] {processor.py:161} INFO - Started process (PID=818) to work on /home/airflow/.local/lib/python3.12/site-packages/airflow/example_dags/tutorial_taskflow_api.py
[2026-03-29T21:38:10.867+0000] {processor.py:830} INFO - Processing file /home/airflow/.local/lib/python3.12/site-packages/airflow/example_dags/tutorial_taskflow_api.py for tasks to queue
[2026-03-29T21:38:10.869+0000] {logging_mixin.py:188} INFO - [2026-03-29T21:38:10.868+0000] {dagbag.py:545} INFO - Filling up the DagBag from /home/airflow/.local/lib/python3.12/site-packages/airflow/example_dags/tutorial_taskflow_api.py
[2026-03-29T21:38:10.877+0000] {processor.py:840} INFO - DAG(s) 'tutorial_taskflow_api' retrieved from /home/airflow/.local/lib/python3.12/site-packages/airflow/example_dags/tutorial_taskflow_api.py
[2026-03-29T21:38:10.896+0000] {logging_mixin.py:188} INFO - [2026-03-29T21:38:10.896+0000] {dag.py:3089} INFO - Sync 1 DAGs
[2026-03-29T21:38:10.909+0000] {logging_mixin.py:188} INFO - [2026-03-29T21:38:10.908+0000] {dag.py:3947} INFO - Setting next_dagrun for tutorial_taskflow_api to None, run_after=None
[2026-03-29T21:38:10.923+0000] {processor.py:183} INFO - Processing /home/airflow/.local/lib/python3.12/site-packages/airflow/example_dags/tutorial_taskflow_api.py took 0.066 seconds
[2026-03-29T21:38:41.480+0000] {processor.py:161} INFO - Started process (PID=870) to work on /home/airflow/.local/lib/python3.12/site-packages/airflow/example_dags/tutorial_taskflow_api.py
[2026-03-29T21:38:41.481+0000] {processor.py:830} INFO - Processing file /home/airflow/.local/lib/python3.12/site-packages/airflow/example_dags/tutorial_taskflow_api.py for tasks to queue
[2026-03-29T21:38:41.482+0000] {logging_mixin.py:188} INFO - [2026-03-29T21:38:41.482+0000] {dagbag.py:545} INFO - Filling up the DagBag from /home/airflow/.local/lib/python3.12/site-packages/airflow/example_dags/tutorial_taskflow_api.py
[2026-03-29T21:38:41.488+0000] {processor.py:840} INFO - DAG(s) 'tutorial_taskflow_api' retrieved from /home/airflow/.local/lib/python3.12/site-packages/airflow/example_dags/tutorial_taskflow_api.py
[2026-03-29T21:38:41.509+0000] {logging_mixin.py:188} INFO - [2026-03-29T21:38:41.509+0000] {dag.py:3089} INFO - Sync 1 DAGs
[2026-03-29T21:38:41.519+0000] {logging_mixin.py:188} INFO - [2026-03-29T21:38:41.519+0000] {dag.py:3947} INFO - Setting next_dagrun for tutorial_taskflow_api to None, run_after=None
[2026-03-29T21:38:41.534+0000] {processor.py:183} INFO - Processing /home/airflow/.local/lib/python3.12/site-packages/airflow/example_dags/tutorial_taskflow_api.py took 0.059 seconds
[2026-03-29T21:39:11.869+0000] {processor.py:161} INFO - Started process (PID=922) to work on /home/airflow/.local/lib/python3.12/site-packages/airflow/example_dags/tutorial_taskflow_api.py
[2026-03-29T21:39:11.870+0000] {processor.py:830} INFO - Processing file /home/airflow/.local/lib/python3.12/site-packages/airflow/example_dags/tutorial_taskflow_api.py for tasks to queue
[2026-03-29T21:39:11.872+0000] {logging_mixin.py:188} INFO - [2026-03-29T21:39:11.872+0000] {dagbag.py:545} INFO - Filling up the DagBag from /home/airflow/.local/lib/python3.12/site-packages/airflow/example_dags/tutorial_taskflow_api.py
[2026-03-29T21:39:11.880+0000] {processor.py:840} INFO - DAG(s) 'tutorial_taskflow_api' retrieved from /home/airflow/.local/lib/python3.12/site-packages/airflow/example_dags/tutorial_taskflow_api.py
[2026-03-29T21:39:11.900+0000] {logging_mixin.py:188} INFO - [2026-03-29T21:39:11.900+0000] {dag.py:3089} INFO - Sync 1 DAGs
[2026-03-29T21:39:11.912+0000] {logging_mixin.py:188} INFO - [2026-03-29T21:39:11.912+0000] {dag.py:3947} INFO - Setting next_dagrun for tutorial_taskflow_api to None, run_after=None
[2026-03-29T21:39:11.927+0000] {processor.py:183} INFO - Processing /home/airflow/.local/lib/python3.12/site-packages/airflow/example_dags/tutorial_taskflow_api.py took 0.065 seconds
[2026-03-29T21:39:42.054+0000] {processor.py:161} INFO - Started process (PID=973) to work on /home/airflow/.local/lib/python3.12/site-packages/airflow/example_dags/tutorial_taskflow_api.py
[2026-03-29T21:39:42.056+0000] {processor.py:830} INFO - Processing file /home/airflow/.local/lib/python3.12/site-packages/airflow/example_dags/tutorial_taskflow_api.py for tasks to queue
[2026-03-29T21:39:42.058+0000] {logging_mixin.py:188} INFO - [2026-03-29T21:39:42.058+0000] {dagbag.py:545} INFO - Filling up the DagBag from /home/airflow/.local/lib/python3.12/site-packages/airflow/example_dags/tutorial_taskflow_api.py
[2026-03-29T21:39:42.065+0000] {processor.py:840} INFO - DAG(s) 'tutorial_taskflow_api' retrieved from /home/airflow/.local/lib/python3.12/site-packages/airflow/example_dags/tutorial_taskflow_api.py
[2026-03-29T21:39:42.081+0000] {logging_mixin.py:188} INFO - [2026-03-29T21:39:42.081+0000] {dag.py:3089} INFO - Sync 1 DAGs
[2026-03-29T21:39:42.091+0000] {logging_mixin.py:188} INFO - [2026-03-29T21:39:42.091+0000] {dag.py:3947} INFO - Setting next_dagrun for tutorial_taskflow_api to None, run_after=None
[2026-03-29T21:39:42.113+0000] {processor.py:183} INFO - Processing /home/airflow/.local/lib/python3.12/site-packages/airflow/example_dags/tutorial_taskflow_api.py took 0.066 seconds
[2026-03-29T21:40:13.264+0000] {processor.py:161} INFO - Started process (PID=1025) to work on /home/airflow/.local/lib/python3.12/site-packages/airflow/example_dags/tutorial_taskflow_api.py
[2026-03-29T21:40:13.267+0000] {processor.py:830} INFO - Processing file /home/airflow/.local/lib/python3.12/site-packages/airflow/example_dags/tutorial_taskflow_api.py for tasks to queue
[2026-03-29T21:40:13.271+0000] {logging_mixin.py:188} INFO - [2026-03-29T21:40:13.270+0000] {dagbag.py:545} INFO - Filling up the DagBag from /home/airflow/.local/lib/python3.12/site-packages/airflow/example_dags/tutorial_taskflow_api.py
[2026-03-29T21:40:13.296+0000] {processor.py:840} INFO - DAG(s) 'tutorial_taskflow_api' retrieved from /home/airflow/.local/lib/python3.12/site-packages/airflow/example_dags/tutorial_taskflow_api.py
[2026-03-29T21:40:13.347+0000] {logging_mixin.py:188} INFO - [2026-03-29T21:40:13.347+0000] {dag.py:3089} INFO - Sync 1 DAGs
[2026-03-29T21:40:13.366+0000] {logging_mixin.py:188} INFO - [2026-03-29T21:40:13.365+0000] {dag.py:3947} INFO - Setting next_dagrun for tutorial_taskflow_api to None, run_after=None
[2026-03-29T21:40:13.392+0000] {processor.py:183} INFO - Processing /home/airflow/.local/lib/python3.12/site-packages/airflow/example_dags/tutorial_taskflow_api.py took 0.158 seconds
[2026-03-29T21:40:44.197+0000] {processor.py:161} INFO - Started process (PID=1077) to work on /home/airflow/.local/lib/python3.12/site-packages/airflow/example_dags/tutorial_taskflow_api.py
[2026-03-29T21:40:44.200+0000] {processor.py:830} INFO - Processing file /home/airflow/.local/lib/python3.12/site-packages/airflow/example_dags/tutorial_taskflow_api.py for tasks to queue
[2026-03-29T21:40:44.202+0000] {logging_mixin.py:188} INFO - [2026-03-29T21:40:44.202+0000] {dagbag.py:545} INFO - Filling up the DagBag from /home/airflow/.local/lib/python3.12/site-packages/airflow/example_dags/tutorial_taskflow_api.py
[2026-03-29T21:40:44.208+0000] {processor.py:840} INFO - DAG(s) 'tutorial_taskflow_api' retrieved from /home/airflow/.local/lib/python3.12/site-packages/airflow/example_dags/tutorial_taskflow_api.py
[2026-03-29T21:40:44.227+0000] {logging_mixin.py:188} INFO - [2026-03-29T21:40:44.226+0000] {dag.py:3089} INFO - Sync 1 DAGs
[2026-03-29T21:40:44.239+0000] {logging_mixin.py:188} INFO - [2026-03-29T21:40:44.239+0000] {dag.py:3947} INFO - Setting next_dagrun for tutorial_taskflow_api to None, run_after=None
[2026-03-29T21:40:44.254+0000] {processor.py:183} INFO - Processing /home/airflow/.local/lib/python3.12/site-packages/airflow/example_dags/tutorial_taskflow_api.py took 0.063 seconds
[2026-03-29T21:41:15.003+0000] {processor.py:161} INFO - Started process (PID=1129) to work on /home/airflow/.local/lib/python3.12/site-packages/airflow/example_dags/tutorial_taskflow_api.py
[2026-03-29T21:41:15.005+0000] {processor.py:830} INFO - Processing file /home/airflow/.local/lib/python3.12/site-packages/airflow/example_dags/tutorial_taskflow_api.py for tasks to queue
[2026-03-29T21:41:15.008+0000] {logging_mixin.py:188} INFO - [2026-03-29T21:41:15.007+0000] {dagbag.py:545} INFO - Filling up the DagBag from /home/airflow/.local/lib/python3.12/site-packages/airflow/example_dags/tutorial_taskflow_api.py
[2026-03-29T21:41:15.021+0000] {processor.py:840} INFO - DAG(s) 'tutorial_taskflow_api' retrieved from /home/airflow/.local/lib/python3.12/site-packages/airflow/example_dags/tutorial_taskflow_api.py
[2026-03-29T21:41:15.049+0000] {logging_mixin.py:188} INFO - [2026-03-29T21:41:15.049+0000] {dag.py:3089} INFO - Sync 1 DAGs
[2026-03-29T21:41:15.066+0000] {logging_mixin.py:188} INFO - [2026-03-29T21:41:15.066+0000] {dag.py:3947} INFO - Setting next_dagrun for tutorial_taskflow_api to None, run_after=None
[2026-03-29T21:41:15.086+0000] {processor.py:183} INFO - Processing /home/airflow/.local/lib/python3.12/site-packages/airflow/example_dags/tutorial_taskflow_api.py took 0.091 seconds
[2026-03-29T21:41:45.716+0000] {processor.py:161} INFO - Started process (PID=1181) to work on /home/airflow/.local/lib/python3.12/site-packages/airflow/example_dags/tutorial_taskflow_api.py
[2026-03-29T21:41:45.725+0000] {processor.py:830} INFO - Processing file /home/airflow/.local/lib/python3.12/site-packages/airflow/example_dags/tutorial_taskflow_api.py for tasks to queue
[2026-03-29T21:41:45.736+0000] {logging_mixin.py:188} INFO - [2026-03-29T21:41:45.735+0000] {dagbag.py:545} INFO - Filling up the DagBag from /home/airflow/.local/lib/python3.12/site-packages/airflow/example_dags/tutorial_taskflow_api.py
[2026-03-29T21:41:45.748+0000] {processor.py:840} INFO - DAG(s) 'tutorial_taskflow_api' retrieved from /home/airflow/.local/lib/python3.12/site-packages/airflow/example_dags/tutorial_taskflow_api.py
[2026-03-29T21:41:45.781+0000] {logging_mixin.py:188} INFO - [2026-03-29T21:41:45.781+0000] {dag.py:3089} INFO - Sync 1 DAGs
[2026-03-29T21:41:45.804+0000] {logging_mixin.py:188} INFO - [2026-03-29T21:41:45.803+0000] {dag.py:3947} INFO - Setting next_dagrun for tutorial_taskflow_api to None, run_after=None
[2026-03-29T21:41:45.827+0000] {processor.py:183} INFO - Processing /home/airflow/.local/lib/python3.12/site-packages/airflow/example_dags/tutorial_taskflow_api.py took 0.130 seconds
[2026-03-29T21:42:15.935+0000] {processor.py:161} INFO - Started process (PID=1233) to work on /home/airflow/.local/lib/python3.12/site-packages/airflow/example_dags/tutorial_taskflow_api.py
[2026-03-29T21:42:15.937+0000] {processor.py:830} INFO - Processing file /home/airflow/.local/lib/python3.12/site-packages/airflow/example_dags/tutorial_taskflow_api.py for tasks to queue
[2026-03-29T21:42:15.939+0000] {logging_mixin.py:188} INFO - [2026-03-29T21:42:15.939+0000] {dagbag.py:545} INFO - Filling up the DagBag from /home/airflow/.local/lib/python3.12/site-packages/airflow/example_dags/tutorial_taskflow_api.py
[2026-03-29T21:42:15.952+0000] {processor.py:840} INFO - DAG(s) 'tutorial_taskflow_api' retrieved from /home/airflow/.local/lib/python3.12/site-packages/airflow/example_dags/tutorial_taskflow_api.py
[2026-03-29T21:42:15.986+0000] {logging_mixin.py:188} INFO - [2026-03-29T21:42:15.985+0000] {dag.py:3089} INFO - Sync 1 DAGs
[2026-03-29T21:42:16.013+0000] {logging_mixin.py:188} INFO - [2026-03-29T21:42:16.011+0000] {dag.py:3947} INFO - Setting next_dagrun for tutorial_taskflow_api to None, run_after=None
[2026-03-29T21:42:16.079+0000] {processor.py:183} INFO - Processing /home/airflow/.local/lib/python3.12/site-packages/airflow/example_dags/tutorial_taskflow_api.py took 0.152 seconds
[2026-03-29T21:42:46.330+0000] {processor.py:161} INFO - Started process (PID=1285) to work on /home/airflow/.local/lib/python3.12/site-packages/airflow/example_dags/tutorial_taskflow_api.py
[2026-03-29T21:42:46.332+0000] {processor.py:830} INFO - Processing file /home/airflow/.local/lib/python3.12/site-packages/airflow/example_dags/tutorial_taskflow_api.py for tasks to queue
[2026-03-29T21:42:46.334+0000] {logging_mixin.py:188} INFO - [2026-03-29T21:42:46.334+0000] {dagbag.py:545} INFO - Filling up the DagBag from /home/airflow/.local/lib/python3.12/site-packages/airflow/example_dags/tutorial_taskflow_api.py
[2026-03-29T21:42:46.342+0000] {processor.py:840} INFO - DAG(s) 'tutorial_taskflow_api' retrieved from /home/airflow/.local/lib/python3.12/site-packages/airflow/example_dags/tutorial_taskflow_api.py
[2026-03-29T21:42:46.366+0000] {logging_mixin.py:188} INFO - [2026-03-29T21:42:46.365+0000] {dag.py:3089} INFO - Sync 1 DAGs
[2026-03-29T21:42:46.377+0000] {logging_mixin.py:188} INFO - [2026-03-29T21:42:46.377+0000] {dag.py:3947} INFO - Setting next_dagrun for tutorial_taskflow_api to None, run_after=None
[2026-03-29T21:42:46.403+0000] {processor.py:183} INFO - Processing /home/airflow/.local/lib/python3.12/site-packages/airflow/example_dags/tutorial_taskflow_api.py took 0.081 seconds
[2026-03-29T21:43:16.563+0000] {processor.py:161} INFO - Started process (PID=1337) to work on /home/airflow/.local/lib/python3.12/site-packages/airflow/example_dags/tutorial_taskflow_api.py
[2026-03-29T21:43:16.567+0000] {processor.py:830} INFO - Processing file /home/airflow/.local/lib/python3.12/site-packages/airflow/example_dags/tutorial_taskflow_api.py for tasks to queue
[2026-03-29T21:43:16.570+0000] {logging_mixin.py:188} INFO - [2026-03-29T21:43:16.570+0000] {dagbag.py:545} INFO - Filling up the DagBag from /home/airflow/.local/lib/python3.12/site-packages/airflow/example_dags/tutorial_taskflow_api.py
[2026-03-29T21:43:16.578+0000] {processor.py:840} INFO - DAG(s) 'tutorial_taskflow_api' retrieved from /home/airflow/.local/lib/python3.12/site-packages/airflow/example_dags/tutorial_taskflow_api.py
[2026-03-29T21:43:16.599+0000] {logging_mixin.py:188} INFO - [2026-03-29T21:43:16.599+0000] {dag.py:3089} INFO - Sync 1 DAGs
[2026-03-29T21:43:16.611+0000] {logging_mixin.py:188} INFO - [2026-03-29T21:43:16.610+0000] {dag.py:3947} INFO - Setting next_dagrun for tutorial_taskflow_api to None, run_after=None
[2026-03-29T21:43:16.628+0000] {processor.py:183} INFO - Processing /home/airflow/.local/lib/python3.12/site-packages/airflow/example_dags/tutorial_taskflow_api.py took 0.077 seconds
[2026-03-29T21:43:46.682+0000] {processor.py:161} INFO - Started process (PID=1389) to work on /home/airflow/.local/lib/python3.12/site-packages/airflow/example_dags/tutorial_taskflow_api.py
[2026-03-29T21:43:46.683+0000] {processor.py:830} INFO - Processing file /home/airflow/.local/lib/python3.12/site-packages/airflow/example_dags/tutorial_taskflow_api.py for tasks to queue
[2026-03-29T21:43:46.686+0000] {logging_mixin.py:188} INFO - [2026-03-29T21:43:46.686+0000] {dagbag.py:545} INFO - Filling up the DagBag from /home/airflow/.local/lib/python3.12/site-packages/airflow/example_dags/tutorial_taskflow_api.py
[2026-03-29T21:43:46.693+0000] {processor.py:840} INFO - DAG(s) 'tutorial_taskflow_api' retrieved from /home/airflow/.local/lib/python3.12/site-packages/airflow/example_dags/tutorial_taskflow_api.py
[2026-03-29T21:43:46.714+0000] {logging_mixin.py:188} INFO - [2026-03-29T21:43:46.714+0000] {dag.py:3089} INFO - Sync 1 DAGs
[2026-03-29T21:43:46.725+0000] {logging_mixin.py:188} INFO - [2026-03-29T21:43:46.725+0000] {dag.py:3947} INFO - Setting next_dagrun for tutorial_taskflow_api to None, run_after=None
[2026-03-29T21:43:46.742+0000] {processor.py:183} INFO - Processing /home/airflow/.local/lib/python3.12/site-packages/airflow/example_dags/tutorial_taskflow_api.py took 0.066 seconds
[2026-03-29T21:44:17.371+0000] {processor.py:161} INFO - Started process (PID=1439) to work on /home/airflow/.local/lib/python3.12/site-packages/airflow/example_dags/tutorial_taskflow_api.py
[2026-03-29T21:44:17.373+0000] {processor.py:830} INFO - Processing file /home/airflow/.local/lib/python3.12/site-packages/airflow/example_dags/tutorial_taskflow_api.py for tasks to queue
[2026-03-29T21:44:17.377+0000] {logging_mixin.py:188} INFO - [2026-03-29T21:44:17.376+0000] {dagbag.py:545} INFO - Filling up the DagBag from /home/airflow/.local/lib/python3.12/site-packages/airflow/example_dags/tutorial_taskflow_api.py
[2026-03-29T21:44:17.383+0000] {processor.py:840} INFO - DAG(s) 'tutorial_taskflow_api' retrieved from /home/airflow/.local/lib/python3.12/site-packages/airflow/example_dags/tutorial_taskflow_api.py
[2026-03-29T21:44:17.401+0000] {logging_mixin.py:188} INFO - [2026-03-29T21:44:17.401+0000] {dag.py:3089} INFO - Sync 1 DAGs
[2026-03-29T21:44:17.415+0000] {logging_mixin.py:188} INFO - [2026-03-29T21:44:17.415+0000] {dag.py:3947} INFO - Setting next_dagrun for tutorial_taskflow_api to None, run_after=None
[2026-03-29T21:44:17.435+0000] {processor.py:183} INFO - Processing /home/airflow/.local/lib/python3.12/site-packages/airflow/example_dags/tutorial_taskflow_api.py took 0.070 seconds
[2026-03-29T21:44:47.752+0000] {processor.py:161} INFO - Started process (PID=1491) to work on /home/airflow/.local/lib/python3.12/site-packages/airflow/example_dags/tutorial_taskflow_api.py
[2026-03-29T21:44:47.755+0000] {processor.py:830} INFO - Processing file /home/airflow/.local/lib/python3.12/site-packages/airflow/example_dags/tutorial_taskflow_api.py for tasks to queue
[2026-03-29T21:44:47.758+0000] {logging_mixin.py:188} INFO - [2026-03-29T21:44:47.757+0000] {dagbag.py:545} INFO - Filling up the DagBag from /home/airflow/.local/lib/python3.12/site-packages/airflow/example_dags/tutorial_taskflow_api.py
[2026-03-29T21:44:47.764+0000] {processor.py:840} INFO - DAG(s) 'tutorial_taskflow_api' retrieved from /home/airflow/.local/lib/python3.12/site-packages/airflow/example_dags/tutorial_taskflow_api.py
[2026-03-29T21:44:47.783+0000] {logging_mixin.py:188} INFO - [2026-03-29T21:44:47.783+0000] {dag.py:3089} INFO - Sync 1 DAGs
[2026-03-29T21:44:47.794+0000] {logging_mixin.py:188} INFO - [2026-03-29T21:44:47.794+0000] {dag.py:3947} INFO - Setting next_dagrun for tutorial_taskflow_api to None, run_after=None
[2026-03-29T21:44:47.815+0000] {processor.py:183} INFO - Processing /home/airflow/.local/lib/python3.12/site-packages/airflow/example_dags/tutorial_taskflow_api.py took 0.067 seconds
[2026-03-29T21:45:18.958+0000] {processor.py:161} INFO - Started process (PID=1543) to work on /home/airflow/.local/lib/python3.12/site-packages/airflow/example_dags/tutorial_taskflow_api.py
[2026-03-29T21:45:18.960+0000] {processor.py:830} INFO - Processing file /home/airflow/.local/lib/python3.12/site-packages/airflow/example_dags/tutorial_taskflow_api.py for tasks to queue
[2026-03-29T21:45:18.962+0000] {logging_mixin.py:188} INFO - [2026-03-29T21:45:18.961+0000] {dagbag.py:545} INFO - Filling up the DagBag from /home/airflow/.local/lib/python3.12/site-packages/airflow/example_dags/tutorial_taskflow_api.py
[2026-03-29T21:45:18.971+0000] {processor.py:840} INFO - DAG(s) 'tutorial_taskflow_api' retrieved from /home/airflow/.local/lib/python3.12/site-packages/airflow/example_dags/tutorial_taskflow_api.py
[2026-03-29T21:45:18.997+0000] {logging_mixin.py:188} INFO - [2026-03-29T21:45:18.997+0000] {dag.py:3089} INFO - Sync 1 DAGs
[2026-03-29T21:45:19.007+0000] {logging_mixin.py:188} INFO - [2026-03-29T21:45:19.007+0000] {dag.py:3947} INFO - Setting next_dagrun for tutorial_taskflow_api to None, run_after=None
[2026-03-29T21:45:19.027+0000] {processor.py:183} INFO - Processing /home/airflow/.local/lib/python3.12/site-packages/airflow/example_dags/tutorial_taskflow_api.py took 0.078 seconds
[2026-03-29T21:45:50.057+0000] {processor.py:161} INFO - Started process (PID=1595) to work on /home/airflow/.local/lib/python3.12/site-packages/airflow/example_dags/tutorial_taskflow_api.py
[2026-03-29T21:45:50.059+0000] {processor.py:830} INFO - Processing file /home/airflow/.local/lib/python3.12/site-packages/airflow/example_dags/tutorial_taskflow_api.py for tasks to queue
[2026-03-29T21:45:50.063+0000] {logging_mixin.py:188} INFO - [2026-03-29T21:45:50.062+0000] {dagbag.py:545} INFO - Filling up the DagBag from /home/airflow/.local/lib/python3.12/site-packages/airflow/example_dags/tutorial_taskflow_api.py
[2026-03-29T21:45:50.073+0000] {processor.py:840} INFO - DAG(s) 'tutorial_taskflow_api' retrieved from /home/airflow/.local/lib/python3.12/site-packages/airflow/example_dags/tutorial_taskflow_api.py
[2026-03-29T21:45:50.105+0000] {logging_mixin.py:188} INFO - [2026-03-29T21:45:50.105+0000] {dag.py:3089} INFO - Sync 1 DAGs
[2026-03-29T21:45:50.128+0000] {logging_mixin.py:188} INFO - [2026-03-29T21:45:50.128+0000] {dag.py:3947} INFO - Setting next_dagrun for tutorial_taskflow_api to None, run_after=None
[2026-03-29T21:45:50.159+0000] {processor.py:183} INFO - Processing /home/airflow/.local/lib/python3.12/site-packages/airflow/example_dags/tutorial_taskflow_api.py took 0.121 seconds
[2026-03-29T21:46:21.238+0000] {processor.py:161} INFO - Started process (PID=1647) to work on /home/airflow/.local/lib/python3.12/site-packages/airflow/example_dags/tutorial_taskflow_api.py
[2026-03-29T21:46:21.239+0000] {processor.py:830} INFO - Processing file /home/airflow/.local/lib/python3.12/site-packages/airflow/example_dags/tutorial_taskflow_api.py for tasks to queue
[2026-03-29T21:46:21.240+0000] {logging_mixin.py:188} INFO - [2026-03-29T21:46:21.240+0000] {dagbag.py:545} INFO - Filling up the DagBag from /home/airflow/.local/lib/python3.12/site-packages/airflow/example_dags/tutorial_taskflow_api.py
[2026-03-29T21:46:21.253+0000] {processor.py:840} INFO - DAG(s) 'tutorial_taskflow_api' retrieved from /home/airflow/.local/lib/python3.12/site-packages/airflow/example_dags/tutorial_taskflow_api.py
[2026-03-29T21:46:21.284+0000] {logging_mixin.py:188} INFO - [2026-03-29T21:46:21.283+0000] {dag.py:3089} INFO - Sync 1 DAGs
[2026-03-29T21:46:21.296+0000] {logging_mixin.py:188} INFO - [2026-03-29T21:46:21.296+0000] {dag.py:3947} INFO - Setting next_dagrun for tutorial_taskflow_api to None, run_after=None
[2026-03-29T21:46:21.320+0000] {processor.py:183} INFO - Processing /home/airflow/.local/lib/python3.12/site-packages/airflow/example_dags/tutorial_taskflow_api.py took 0.088 seconds
[2026-03-29T21:46:52.858+0000] {processor.py:161} INFO - Started process (PID=1699) to work on /home/airflow/.local/lib/python3.12/site-packages/airflow/example_dags/tutorial_taskflow_api.py
[2026-03-29T21:46:52.860+0000] {processor.py:830} INFO - Processing file /home/airflow/.local/lib/python3.12/site-packages/airflow/example_dags/tutorial_taskflow_api.py for tasks to queue
[2026-03-29T21:46:52.861+0000] {logging_mixin.py:188} INFO - [2026-03-29T21:46:52.861+0000] {dagbag.py:545} INFO - Filling up the DagBag from /home/airflow/.local/lib/python3.12/site-packages/airflow/example_dags/tutorial_taskflow_api.py
[2026-03-29T21:46:52.868+0000] {processor.py:840} INFO - DAG(s) 'tutorial_taskflow_api' retrieved from /home/airflow/.local/lib/python3.12/site-packages/airflow/example_dags/tutorial_taskflow_api.py
[2026-03-29T21:46:52.890+0000] {logging_mixin.py:188} INFO - [2026-03-29T21:46:52.890+0000] {dag.py:3089} INFO - Sync 1 DAGs
[2026-03-29T21:46:52.908+0000] {logging_mixin.py:188} INFO - [2026-03-29T21:46:52.908+0000] {dag.py:3947} INFO - Setting next_dagrun for tutorial_taskflow_api to None, run_after=None
[2026-03-29T21:46:52.926+0000] {processor.py:183} INFO - Processing /home/airflow/.local/lib/python3.12/site-packages/airflow/example_dags/tutorial_taskflow_api.py took 0.072 seconds
[2026-03-29T21:47:23.431+0000] {processor.py:161} INFO - Started process (PID=1751) to work on /home/airflow/.local/lib/python3.12/site-packages/airflow/example_dags/tutorial_taskflow_api.py
[2026-03-29T21:47:23.433+0000] {processor.py:830} INFO - Processing file /home/airflow/.local/lib/python3.12/site-packages/airflow/example_dags/tutorial_taskflow_api.py for tasks to queue
[2026-03-29T21:47:23.434+0000] {logging_mixin.py:188} INFO - [2026-03-29T21:47:23.434+0000] {dagbag.py:545} INFO - Filling up the DagBag from /home/airflow/.local/lib/python3.12/site-packages/airflow/example_dags/tutorial_taskflow_api.py
[2026-03-29T21:47:23.439+0000] {processor.py:840} INFO - DAG(s) 'tutorial_taskflow_api' retrieved from /home/airflow/.local/lib/python3.12/site-packages/airflow/example_dags/tutorial_taskflow_api.py
[2026-03-29T21:47:23.465+0000] {logging_mixin.py:188} INFO - [2026-03-29T21:47:23.465+0000] {dag.py:3089} INFO - Sync 1 DAGs
[2026-03-29T21:47:23.474+0000] {logging_mixin.py:188} INFO - [2026-03-29T21:47:23.474+0000] {dag.py:3947} INFO - Setting next_dagrun for tutorial_taskflow_api to None, run_after=None
[2026-03-29T21:47:23.493+0000] {processor.py:183} INFO - Processing /home/airflow/.local/lib/python3.12/site-packages/airflow/example_dags/tutorial_taskflow_api.py took 0.067 seconds
[2026-03-29T21:47:54.504+0000] {processor.py:161} INFO - Started process (PID=1803) to work on /home/airflow/.local/lib/python3.12/site-packages/airflow/example_dags/tutorial_taskflow_api.py
[2026-03-29T21:47:54.505+0000] {processor.py:830} INFO - Processing file /home/airflow/.local/lib/python3.12/site-packages/airflow/example_dags/tutorial_taskflow_api.py for tasks to queue
[2026-03-29T21:47:54.506+0000] {logging_mixin.py:188} INFO - [2026-03-29T21:47:54.506+0000] {dagbag.py:545} INFO - Filling up the DagBag from /home/airflow/.local/lib/python3.12/site-packages/airflow/example_dags/tutorial_taskflow_api.py
[2026-03-29T21:47:54.514+0000] {processor.py:840} INFO - DAG(s) 'tutorial_taskflow_api' retrieved from /home/airflow/.local/lib/python3.12/site-packages/airflow/example_dags/tutorial_taskflow_api.py
[2026-03-29T21:47:54.536+0000] {logging_mixin.py:188} INFO - [2026-03-29T21:47:54.536+0000] {dag.py:3089} INFO - Sync 1 DAGs
[2026-03-29T21:47:54.547+0000] {logging_mixin.py:188} INFO - [2026-03-29T21:47:54.547+0000] {dag.py:3947} INFO - Setting next_dagrun for tutorial_taskflow_api to None, run_after=None
[2026-03-29T21:47:54.567+0000] {processor.py:183} INFO - Processing /home/airflow/.local/lib/python3.12/site-packages/airflow/example_dags/tutorial_taskflow_api.py took 0.067 seconds
[2026-03-29T21:48:25.365+0000] {processor.py:161} INFO - Started process (PID=1855) to work on /home/airflow/.local/lib/python3.12/site-packages/airflow/example_dags/tutorial_taskflow_api.py
[2026-03-29T21:48:25.367+0000] {processor.py:830} INFO - Processing file /home/airflow/.local/lib/python3.12/site-packages/airflow/example_dags/tutorial_taskflow_api.py for tasks to queue
[2026-03-29T21:48:25.370+0000] {logging_mixin.py:188} INFO - [2026-03-29T21:48:25.369+0000] {dagbag.py:545} INFO - Filling up the DagBag from /home/airflow/.local/lib/python3.12/site-packages/airflow/example_dags/tutorial_taskflow_api.py
[2026-03-29T21:48:25.376+0000] {processor.py:840} INFO - DAG(s) 'tutorial_taskflow_api' retrieved from /home/airflow/.local/lib/python3.12/site-packages/airflow/example_dags/tutorial_taskflow_api.py
[2026-03-29T21:48:25.399+0000] {logging_mixin.py:188} INFO - [2026-03-29T21:48:25.398+0000] {dag.py:3089} INFO - Sync 1 DAGs
[2026-03-29T21:48:25.411+0000] {logging_mixin.py:188} INFO - [2026-03-29T21:48:25.411+0000] {dag.py:3947} INFO - Setting next_dagrun for tutorial_taskflow_api to None, run_after=None
[2026-03-29T21:48:25.438+0000] {processor.py:183} INFO - Processing /home/airflow/.local/lib/python3.12/site-packages/airflow/example_dags/tutorial_taskflow_api.py took 0.078 seconds
[2026-03-29T21:48:58.075+0000] {processor.py:161} INFO - Started process (PID=1907) to work on /home/airflow/.local/lib/python3.12/site-packages/airflow/example_dags/tutorial_taskflow_api.py
[2026-03-29T21:48:58.076+0000] {processor.py:830} INFO - Processing file /home/airflow/.local/lib/python3.12/site-packages/airflow/example_dags/tutorial_taskflow_api.py for tasks to queue
[2026-03-29T21:48:58.080+0000] {logging_mixin.py:188} INFO - [2026-03-29T21:48:58.079+0000] {dagbag.py:545} INFO - Filling up the DagBag from /home/airflow/.local/lib/python3.12/site-packages/airflow/example_dags/tutorial_taskflow_api.py
[2026-03-29T21:48:58.088+0000] {processor.py:840} INFO - DAG(s) 'tutorial_taskflow_api' retrieved from /home/airflow/.local/lib/python3.12/site-packages/airflow/example_dags/tutorial_taskflow_api.py
[2026-03-29T21:48:58.109+0000] {logging_mixin.py:188} INFO - [2026-03-29T21:48:58.109+0000] {dag.py:3089} INFO - Sync 1 DAGs
[2026-03-29T21:48:58.269+0000] {logging_mixin.py:188} INFO - [2026-03-29T21:48:58.269+0000] {dag.py:3947} INFO - Setting next_dagrun for tutorial_taskflow_api to None, run_after=None
[2026-03-29T21:48:58.295+0000] {processor.py:183} INFO - Processing /home/airflow/.local/lib/python3.12/site-packages/airflow/example_dags/tutorial_taskflow_api.py took 0.226 seconds
[2026-03-29T21:49:28.691+0000] {processor.py:161} INFO - Started process (PID=1959) to work on /home/airflow/.local/lib/python3.12/site-packages/airflow/example_dags/tutorial_taskflow_api.py
[2026-03-29T21:49:28.693+0000] {processor.py:830} INFO - Processing file /home/airflow/.local/lib/python3.12/site-packages/airflow/example_dags/tutorial_taskflow_api.py for tasks to queue
[2026-03-29T21:49:28.696+0000] {logging_mixin.py:188} INFO - [2026-03-29T21:49:28.696+0000] {dagbag.py:545} INFO - Filling up the DagBag from /home/airflow/.local/lib/python3.12/site-packages/airflow/example_dags/tutorial_taskflow_api.py
[2026-03-29T21:49:28.716+0000] {processor.py:840} INFO - DAG(s) 'tutorial_taskflow_api' retrieved from /home/airflow/.local/lib/python3.12/site-packages/airflow/example_dags/tutorial_taskflow_api.py
[2026-03-29T21:49:28.758+0000] {logging_mixin.py:188} INFO - [2026-03-29T21:49:28.757+0000] {dag.py:3089} INFO - Sync 1 DAGs
[2026-03-29T21:49:28.784+0000] {logging_mixin.py:188} INFO - [2026-03-29T21:49:28.784+0000] {dag.py:3947} INFO - Setting next_dagrun for tutorial_taskflow_api to None, run_after=None
[2026-03-29T21:49:29.100+0000] {processor.py:183} INFO - Processing /home/airflow/.local/lib/python3.12/site-packages/airflow/example_dags/tutorial_taskflow_api.py took 0.421 seconds
