[2026-03-29T21:30:33.704+0000] {processor.py:161} INFO - Started process (PID=60) to work on /home/airflow/.local/lib/python3.12/site-packages/airflow/example_dags/tutorial_dag.py
[2026-03-29T21:30:33.724+0000] {processor.py:830} INFO - Processing file /home/airflow/.local/lib/python3.12/site-packages/airflow/example_dags/tutorial_dag.py for tasks to queue
[2026-03-29T21:30:33.739+0000] {logging_mixin.py:188} INFO - [2026-03-29T21:30:33.737+0000] {dagbag.py:545} INFO - Filling up the DagBag from /home/airflow/.local/lib/python3.12/site-packages/airflow/example_dags/tutorial_dag.py
[2026-03-29T21:30:33.783+0000] {processor.py:840} INFO - DAG(s) 'tutorial_dag' retrieved from /home/airflow/.local/lib/python3.12/site-packages/airflow/example_dags/tutorial_dag.py
[2026-03-29T21:30:33.820+0000] {logging_mixin.py:188} INFO - [2026-03-29T21:30:33.819+0000] {dag.py:3089} INFO - Sync 1 DAGs
[2026-03-29T21:30:33.858+0000] {logging_mixin.py:188} INFO - [2026-03-29T21:30:33.857+0000] {dag.py:3947} INFO - Setting next_dagrun for tutorial_dag to None, run_after=None
[2026-03-29T21:30:33.945+0000] {processor.py:183} INFO - Processing /home/airflow/.local/lib/python3.12/site-packages/airflow/example_dags/tutorial_dag.py took 0.281 seconds
[2026-03-29T21:31:04.885+0000] {processor.py:161} INFO - Started process (PID=112) to work on /home/airflow/.local/lib/python3.12/site-packages/airflow/example_dags/tutorial_dag.py
[2026-03-29T21:31:04.887+0000] {processor.py:830} INFO - Processing file /home/airflow/.local/lib/python3.12/site-packages/airflow/example_dags/tutorial_dag.py for tasks to queue
[2026-03-29T21:31:04.892+0000] {logging_mixin.py:188} INFO - [2026-03-29T21:31:04.891+0000] {dagbag.py:545} INFO - Filling up the DagBag from /home/airflow/.local/lib/python3.12/site-packages/airflow/example_dags/tutorial_dag.py
[2026-03-29T21:31:04.898+0000] {processor.py:840} INFO - DAG(s) 'tutorial_dag' retrieved from /home/airflow/.local/lib/python3.12/site-packages/airflow/example_dags/tutorial_dag.py
[2026-03-29T21:31:05.048+0000] {logging_mixin.py:188} INFO - [2026-03-29T21:31:05.048+0000] {dag.py:3089} INFO - Sync 1 DAGs
[2026-03-29T21:31:05.062+0000] {logging_mixin.py:188} INFO - [2026-03-29T21:31:05.062+0000] {dag.py:3947} INFO - Setting next_dagrun for tutorial_dag to None, run_after=None
[2026-03-29T21:31:05.092+0000] {processor.py:183} INFO - Processing /home/airflow/.local/lib/python3.12/site-packages/airflow/example_dags/tutorial_dag.py took 0.213 seconds
[2026-03-29T21:31:35.696+0000] {processor.py:161} INFO - Started process (PID=164) to work on /home/airflow/.local/lib/python3.12/site-packages/airflow/example_dags/tutorial_dag.py
[2026-03-29T21:31:35.698+0000] {processor.py:830} INFO - Processing file /home/airflow/.local/lib/python3.12/site-packages/airflow/example_dags/tutorial_dag.py for tasks to queue
[2026-03-29T21:31:35.700+0000] {logging_mixin.py:188} INFO - [2026-03-29T21:31:35.699+0000] {dagbag.py:545} INFO - Filling up the DagBag from /home/airflow/.local/lib/python3.12/site-packages/airflow/example_dags/tutorial_dag.py
[2026-03-29T21:31:35.705+0000] {processor.py:840} INFO - DAG(s) 'tutorial_dag' retrieved from /home/airflow/.local/lib/python3.12/site-packages/airflow/example_dags/tutorial_dag.py
[2026-03-29T21:31:35.725+0000] {logging_mixin.py:188} INFO - [2026-03-29T21:31:35.725+0000] {dag.py:3089} INFO - Sync 1 DAGs
[2026-03-29T21:31:35.735+0000] {logging_mixin.py:188} INFO - [2026-03-29T21:31:35.734+0000] {dag.py:3947} INFO - Setting next_dagrun for tutorial_dag to None, run_after=None
[2026-03-29T21:31:35.752+0000] {processor.py:183} INFO - Processing /home/airflow/.local/lib/python3.12/site-packages/airflow/example_dags/tutorial_dag.py took 0.061 seconds
[2026-03-29T21:32:06.409+0000] {processor.py:161} INFO - Started process (PID=216) to work on /home/airflow/.local/lib/python3.12/site-packages/airflow/example_dags/tutorial_dag.py
[2026-03-29T21:32:06.410+0000] {processor.py:830} INFO - Processing file /home/airflow/.local/lib/python3.12/site-packages/airflow/example_dags/tutorial_dag.py for tasks to queue
[2026-03-29T21:32:06.413+0000] {logging_mixin.py:188} INFO - [2026-03-29T21:32:06.413+0000] {dagbag.py:545} INFO - Filling up the DagBag from /home/airflow/.local/lib/python3.12/site-packages/airflow/example_dags/tutorial_dag.py
[2026-03-29T21:32:06.425+0000] {processor.py:840} INFO - DAG(s) 'tutorial_dag' retrieved from /home/airflow/.local/lib/python3.12/site-packages/airflow/example_dags/tutorial_dag.py
[2026-03-29T21:32:06.467+0000] {logging_mixin.py:188} INFO - [2026-03-29T21:32:06.467+0000] {dag.py:3089} INFO - Sync 1 DAGs
[2026-03-29T21:32:06.496+0000] {logging_mixin.py:188} INFO - [2026-03-29T21:32:06.495+0000] {dag.py:3947} INFO - Setting next_dagrun for tutorial_dag to None, run_after=None
[2026-03-29T21:32:06.547+0000] {processor.py:183} INFO - Processing /home/airflow/.local/lib/python3.12/site-packages/airflow/example_dags/tutorial_dag.py took 0.149 seconds
[2026-03-29T21:32:37.434+0000] {processor.py:161} INFO - Started process (PID=268) to work on /home/airflow/.local/lib/python3.12/site-packages/airflow/example_dags/tutorial_dag.py
[2026-03-29T21:32:37.435+0000] {processor.py:830} INFO - Processing file /home/airflow/.local/lib/python3.12/site-packages/airflow/example_dags/tutorial_dag.py for tasks to queue
[2026-03-29T21:32:37.437+0000] {logging_mixin.py:188} INFO - [2026-03-29T21:32:37.436+0000] {dagbag.py:545} INFO - Filling up the DagBag from /home/airflow/.local/lib/python3.12/site-packages/airflow/example_dags/tutorial_dag.py
[2026-03-29T21:32:37.444+0000] {processor.py:840} INFO - DAG(s) 'tutorial_dag' retrieved from /home/airflow/.local/lib/python3.12/site-packages/airflow/example_dags/tutorial_dag.py
[2026-03-29T21:32:37.460+0000] {logging_mixin.py:188} INFO - [2026-03-29T21:32:37.460+0000] {dag.py:3089} INFO - Sync 1 DAGs
[2026-03-29T21:32:37.471+0000] {logging_mixin.py:188} INFO - [2026-03-29T21:32:37.471+0000] {dag.py:3947} INFO - Setting next_dagrun for tutorial_dag to None, run_after=None
[2026-03-29T21:32:37.490+0000] {processor.py:183} INFO - Processing /home/airflow/.local/lib/python3.12/site-packages/airflow/example_dags/tutorial_dag.py took 0.061 seconds
[2026-03-29T21:33:08.023+0000] {processor.py:161} INFO - Started process (PID=320) to work on /home/airflow/.local/lib/python3.12/site-packages/airflow/example_dags/tutorial_dag.py
[2026-03-29T21:33:08.024+0000] {processor.py:830} INFO - Processing file /home/airflow/.local/lib/python3.12/site-packages/airflow/example_dags/tutorial_dag.py for tasks to queue
[2026-03-29T21:33:08.026+0000] {logging_mixin.py:188} INFO - [2026-03-29T21:33:08.026+0000] {dagbag.py:545} INFO - Filling up the DagBag from /home/airflow/.local/lib/python3.12/site-packages/airflow/example_dags/tutorial_dag.py
[2026-03-29T21:33:08.035+0000] {processor.py:840} INFO - DAG(s) 'tutorial_dag' retrieved from /home/airflow/.local/lib/python3.12/site-packages/airflow/example_dags/tutorial_dag.py
[2026-03-29T21:33:08.059+0000] {logging_mixin.py:188} INFO - [2026-03-29T21:33:08.059+0000] {dag.py:3089} INFO - Sync 1 DAGs
[2026-03-29T21:33:08.071+0000] {logging_mixin.py:188} INFO - [2026-03-29T21:33:08.071+0000] {dag.py:3947} INFO - Setting next_dagrun for tutorial_dag to None, run_after=None
[2026-03-29T21:33:08.095+0000] {processor.py:183} INFO - Processing /home/airflow/.local/lib/python3.12/site-packages/airflow/example_dags/tutorial_dag.py took 0.077 seconds
[2026-03-29T21:33:38.647+0000] {processor.py:161} INFO - Started process (PID=372) to work on /home/airflow/.local/lib/python3.12/site-packages/airflow/example_dags/tutorial_dag.py
[2026-03-29T21:33:38.648+0000] {processor.py:830} INFO - Processing file /home/airflow/.local/lib/python3.12/site-packages/airflow/example_dags/tutorial_dag.py for tasks to queue
[2026-03-29T21:33:38.651+0000] {logging_mixin.py:188} INFO - [2026-03-29T21:33:38.651+0000] {dagbag.py:545} INFO - Filling up the DagBag from /home/airflow/.local/lib/python3.12/site-packages/airflow/example_dags/tutorial_dag.py
[2026-03-29T21:33:38.659+0000] {processor.py:840} INFO - DAG(s) 'tutorial_dag' retrieved from /home/airflow/.local/lib/python3.12/site-packages/airflow/example_dags/tutorial_dag.py
[2026-03-29T21:33:38.681+0000] {logging_mixin.py:188} INFO - [2026-03-29T21:33:38.681+0000] {dag.py:3089} INFO - Sync 1 DAGs
[2026-03-29T21:33:38.708+0000] {logging_mixin.py:188} INFO - [2026-03-29T21:33:38.706+0000] {dag.py:3947} INFO - Setting next_dagrun for tutorial_dag to None, run_after=None
[2026-03-29T21:33:38.744+0000] {processor.py:183} INFO - Processing /home/airflow/.local/lib/python3.12/site-packages/airflow/example_dags/tutorial_dag.py took 0.103 seconds
[2026-03-29T21:34:09.356+0000] {processor.py:161} INFO - Started process (PID=424) to work on /home/airflow/.local/lib/python3.12/site-packages/airflow/example_dags/tutorial_dag.py
[2026-03-29T21:34:09.357+0000] {processor.py:830} INFO - Processing file /home/airflow/.local/lib/python3.12/site-packages/airflow/example_dags/tutorial_dag.py for tasks to queue
[2026-03-29T21:34:09.362+0000] {logging_mixin.py:188} INFO - [2026-03-29T21:34:09.362+0000] {dagbag.py:545} INFO - Filling up the DagBag from /home/airflow/.local/lib/python3.12/site-packages/airflow/example_dags/tutorial_dag.py
[2026-03-29T21:34:09.367+0000] {processor.py:840} INFO - DAG(s) 'tutorial_dag' retrieved from /home/airflow/.local/lib/python3.12/site-packages/airflow/example_dags/tutorial_dag.py
[2026-03-29T21:34:09.390+0000] {logging_mixin.py:188} INFO - [2026-03-29T21:34:09.390+0000] {dag.py:3089} INFO - Sync 1 DAGs
[2026-03-29T21:34:09.405+0000] {logging_mixin.py:188} INFO - [2026-03-29T21:34:09.401+0000] {dag.py:3947} INFO - Setting next_dagrun for tutorial_dag to None, run_after=None
[2026-03-29T21:34:09.428+0000] {processor.py:183} INFO - Processing /home/airflow/.local/lib/python3.12/site-packages/airflow/example_dags/tutorial_dag.py took 0.090 seconds
[2026-03-29T21:34:39.961+0000] {processor.py:161} INFO - Started process (PID=476) to work on /home/airflow/.local/lib/python3.12/site-packages/airflow/example_dags/tutorial_dag.py
[2026-03-29T21:34:39.963+0000] {processor.py:830} INFO - Processing file /home/airflow/.local/lib/python3.12/site-packages/airflow/example_dags/tutorial_dag.py for tasks to queue
[2026-03-29T21:34:39.964+0000] {logging_mixin.py:188} INFO - [2026-03-29T21:34:39.964+0000] {dagbag.py:545} INFO - Filling up the DagBag from /home/airflow/.local/lib/python3.12/site-packages/airflow/example_dags/tutorial_dag.py
[2026-03-29T21:34:39.970+0000] {processor.py:840} INFO - DAG(s) 'tutorial_dag' retrieved from /home/airflow/.local/lib/python3.12/site-packages/airflow/example_dags/tutorial_dag.py
[2026-03-29T21:34:40.001+0000] {logging_mixin.py:188} INFO - [2026-03-29T21:34:40.001+0000] {dag.py:3089} INFO - Sync 1 DAGs
[2026-03-29T21:34:40.015+0000] {logging_mixin.py:188} INFO - [2026-03-29T21:34:40.014+0000] {dag.py:3947} INFO - Setting next_dagrun for tutorial_dag to None, run_after=None
[2026-03-29T21:34:40.042+0000] {processor.py:183} INFO - Processing /home/airflow/.local/lib/python3.12/site-packages/airflow/example_dags/tutorial_dag.py took 0.088 seconds
[2026-03-29T21:35:10.894+0000] {processor.py:161} INFO - Started process (PID=528) to work on /home/airflow/.local/lib/python3.12/site-packages/airflow/example_dags/tutorial_dag.py
[2026-03-29T21:35:10.895+0000] {processor.py:830} INFO - Processing file /home/airflow/.local/lib/python3.12/site-packages/airflow/example_dags/tutorial_dag.py for tasks to queue
[2026-03-29T21:35:10.898+0000] {logging_mixin.py:188} INFO - [2026-03-29T21:35:10.898+0000] {dagbag.py:545} INFO - Filling up the DagBag from /home/airflow/.local/lib/python3.12/site-packages/airflow/example_dags/tutorial_dag.py
[2026-03-29T21:35:10.910+0000] {processor.py:840} INFO - DAG(s) 'tutorial_dag' retrieved from /home/airflow/.local/lib/python3.12/site-packages/airflow/example_dags/tutorial_dag.py
[2026-03-29T21:35:10.931+0000] {logging_mixin.py:188} INFO - [2026-03-29T21:35:10.931+0000] {dag.py:3089} INFO - Sync 1 DAGs
[2026-03-29T21:35:10.964+0000] {logging_mixin.py:188} INFO - [2026-03-29T21:35:10.963+0000] {dag.py:3947} INFO - Setting next_dagrun for tutorial_dag to None, run_after=None
[2026-03-29T21:35:10.992+0000] {processor.py:183} INFO - Processing /home/airflow/.local/lib/python3.12/site-packages/airflow/example_dags/tutorial_dag.py took 0.106 seconds
[2026-03-29T21:35:41.620+0000] {processor.py:161} INFO - Started process (PID=580) to work on /home/airflow/.local/lib/python3.12/site-packages/airflow/example_dags/tutorial_dag.py
[2026-03-29T21:35:41.621+0000] {processor.py:830} INFO - Processing file /home/airflow/.local/lib/python3.12/site-packages/airflow/example_dags/tutorial_dag.py for tasks to queue
[2026-03-29T21:35:41.622+0000] {logging_mixin.py:188} INFO - [2026-03-29T21:35:41.622+0000] {dagbag.py:545} INFO - Filling up the DagBag from /home/airflow/.local/lib/python3.12/site-packages/airflow/example_dags/tutorial_dag.py
[2026-03-29T21:35:41.626+0000] {processor.py:840} INFO - DAG(s) 'tutorial_dag' retrieved from /home/airflow/.local/lib/python3.12/site-packages/airflow/example_dags/tutorial_dag.py
[2026-03-29T21:35:41.642+0000] {logging_mixin.py:188} INFO - [2026-03-29T21:35:41.642+0000] {dag.py:3089} INFO - Sync 1 DAGs
[2026-03-29T21:35:41.652+0000] {logging_mixin.py:188} INFO - [2026-03-29T21:35:41.652+0000] {dag.py:3947} INFO - Setting next_dagrun for tutorial_dag to None, run_after=None
[2026-03-29T21:35:41.665+0000] {processor.py:183} INFO - Processing /home/airflow/.local/lib/python3.12/site-packages/airflow/example_dags/tutorial_dag.py took 0.049 seconds
[2026-03-29T21:36:12.313+0000] {processor.py:161} INFO - Started process (PID=632) to work on /home/airflow/.local/lib/python3.12/site-packages/airflow/example_dags/tutorial_dag.py
[2026-03-29T21:36:12.314+0000] {processor.py:830} INFO - Processing file /home/airflow/.local/lib/python3.12/site-packages/airflow/example_dags/tutorial_dag.py for tasks to queue
[2026-03-29T21:36:12.316+0000] {logging_mixin.py:188} INFO - [2026-03-29T21:36:12.315+0000] {dagbag.py:545} INFO - Filling up the DagBag from /home/airflow/.local/lib/python3.12/site-packages/airflow/example_dags/tutorial_dag.py
[2026-03-29T21:36:12.331+0000] {processor.py:840} INFO - DAG(s) 'tutorial_dag' retrieved from /home/airflow/.local/lib/python3.12/site-packages/airflow/example_dags/tutorial_dag.py
[2026-03-29T21:36:12.352+0000] {logging_mixin.py:188} INFO - [2026-03-29T21:36:12.352+0000] {dag.py:3089} INFO - Sync 1 DAGs
[2026-03-29T21:36:12.369+0000] {logging_mixin.py:188} INFO - [2026-03-29T21:36:12.368+0000] {dag.py:3947} INFO - Setting next_dagrun for tutorial_dag to None, run_after=None
[2026-03-29T21:36:12.390+0000] {processor.py:183} INFO - Processing /home/airflow/.local/lib/python3.12/site-packages/airflow/example_dags/tutorial_dag.py took 0.083 seconds
[2026-03-29T21:36:42.413+0000] {processor.py:161} INFO - Started process (PID=684) to work on /home/airflow/.local/lib/python3.12/site-packages/airflow/example_dags/tutorial_dag.py
[2026-03-29T21:36:42.414+0000] {processor.py:830} INFO - Processing file /home/airflow/.local/lib/python3.12/site-packages/airflow/example_dags/tutorial_dag.py for tasks to queue
[2026-03-29T21:36:42.416+0000] {logging_mixin.py:188} INFO - [2026-03-29T21:36:42.415+0000] {dagbag.py:545} INFO - Filling up the DagBag from /home/airflow/.local/lib/python3.12/site-packages/airflow/example_dags/tutorial_dag.py
[2026-03-29T21:36:42.420+0000] {processor.py:840} INFO - DAG(s) 'tutorial_dag' retrieved from /home/airflow/.local/lib/python3.12/site-packages/airflow/example_dags/tutorial_dag.py
[2026-03-29T21:36:42.436+0000] {logging_mixin.py:188} INFO - [2026-03-29T21:36:42.436+0000] {dag.py:3089} INFO - Sync 1 DAGs
[2026-03-29T21:36:42.445+0000] {logging_mixin.py:188} INFO - [2026-03-29T21:36:42.445+0000] {dag.py:3947} INFO - Setting next_dagrun for tutorial_dag to None, run_after=None
[2026-03-29T21:36:42.458+0000] {processor.py:183} INFO - Processing /home/airflow/.local/lib/python3.12/site-packages/airflow/example_dags/tutorial_dag.py took 0.050 seconds
[2026-03-29T21:37:13.193+0000] {processor.py:161} INFO - Started process (PID=736) to work on /home/airflow/.local/lib/python3.12/site-packages/airflow/example_dags/tutorial_dag.py
[2026-03-29T21:37:13.194+0000] {processor.py:830} INFO - Processing file /home/airflow/.local/lib/python3.12/site-packages/airflow/example_dags/tutorial_dag.py for tasks to queue
[2026-03-29T21:37:13.195+0000] {logging_mixin.py:188} INFO - [2026-03-29T21:37:13.195+0000] {dagbag.py:545} INFO - Filling up the DagBag from /home/airflow/.local/lib/python3.12/site-packages/airflow/example_dags/tutorial_dag.py
[2026-03-29T21:37:13.199+0000] {processor.py:840} INFO - DAG(s) 'tutorial_dag' retrieved from /home/airflow/.local/lib/python3.12/site-packages/airflow/example_dags/tutorial_dag.py
[2026-03-29T21:37:13.214+0000] {logging_mixin.py:188} INFO - [2026-03-29T21:37:13.214+0000] {dag.py:3089} INFO - Sync 1 DAGs
[2026-03-29T21:37:13.224+0000] {logging_mixin.py:188} INFO - [2026-03-29T21:37:13.224+0000] {dag.py:3947} INFO - Setting next_dagrun for tutorial_dag to None, run_after=None
[2026-03-29T21:37:13.237+0000] {processor.py:183} INFO - Processing /home/airflow/.local/lib/python3.12/site-packages/airflow/example_dags/tutorial_dag.py took 0.048 seconds
[2026-03-29T21:37:43.693+0000] {processor.py:161} INFO - Started process (PID=788) to work on /home/airflow/.local/lib/python3.12/site-packages/airflow/example_dags/tutorial_dag.py
[2026-03-29T21:37:43.695+0000] {processor.py:830} INFO - Processing file /home/airflow/.local/lib/python3.12/site-packages/airflow/example_dags/tutorial_dag.py for tasks to queue
[2026-03-29T21:37:43.697+0000] {logging_mixin.py:188} INFO - [2026-03-29T21:37:43.696+0000] {dagbag.py:545} INFO - Filling up the DagBag from /home/airflow/.local/lib/python3.12/site-packages/airflow/example_dags/tutorial_dag.py
[2026-03-29T21:37:43.702+0000] {processor.py:840} INFO - DAG(s) 'tutorial_dag' retrieved from /home/airflow/.local/lib/python3.12/site-packages/airflow/example_dags/tutorial_dag.py
[2026-03-29T21:37:43.722+0000] {logging_mixin.py:188} INFO - [2026-03-29T21:37:43.722+0000] {dag.py:3089} INFO - Sync 1 DAGs
[2026-03-29T21:37:43.733+0000] {logging_mixin.py:188} INFO - [2026-03-29T21:37:43.733+0000] {dag.py:3947} INFO - Setting next_dagrun for tutorial_dag to None, run_after=None
[2026-03-29T21:37:43.746+0000] {processor.py:183} INFO - Processing /home/airflow/.local/lib/python3.12/site-packages/airflow/example_dags/tutorial_dag.py took 0.059 seconds
[2026-03-29T21:38:13.924+0000] {processor.py:161} INFO - Started process (PID=840) to work on /home/airflow/.local/lib/python3.12/site-packages/airflow/example_dags/tutorial_dag.py
[2026-03-29T21:38:13.925+0000] {processor.py:830} INFO - Processing file /home/airflow/.local/lib/python3.12/site-packages/airflow/example_dags/tutorial_dag.py for tasks to queue
[2026-03-29T21:38:13.926+0000] {logging_mixin.py:188} INFO - [2026-03-29T21:38:13.926+0000] {dagbag.py:545} INFO - Filling up the DagBag from /home/airflow/.local/lib/python3.12/site-packages/airflow/example_dags/tutorial_dag.py
[2026-03-29T21:38:13.931+0000] {processor.py:840} INFO - DAG(s) 'tutorial_dag' retrieved from /home/airflow/.local/lib/python3.12/site-packages/airflow/example_dags/tutorial_dag.py
[2026-03-29T21:38:13.947+0000] {logging_mixin.py:188} INFO - [2026-03-29T21:38:13.946+0000] {dag.py:3089} INFO - Sync 1 DAGs
[2026-03-29T21:38:13.957+0000] {logging_mixin.py:188} INFO - [2026-03-29T21:38:13.957+0000] {dag.py:3947} INFO - Setting next_dagrun for tutorial_dag to None, run_after=None
[2026-03-29T21:38:13.973+0000] {processor.py:183} INFO - Processing /home/airflow/.local/lib/python3.12/site-packages/airflow/example_dags/tutorial_dag.py took 0.055 seconds
[2026-03-29T21:38:44.496+0000] {processor.py:161} INFO - Started process (PID=892) to work on /home/airflow/.local/lib/python3.12/site-packages/airflow/example_dags/tutorial_dag.py
[2026-03-29T21:38:44.498+0000] {processor.py:830} INFO - Processing file /home/airflow/.local/lib/python3.12/site-packages/airflow/example_dags/tutorial_dag.py for tasks to queue
[2026-03-29T21:38:44.501+0000] {logging_mixin.py:188} INFO - [2026-03-29T21:38:44.501+0000] {dagbag.py:545} INFO - Filling up the DagBag from /home/airflow/.local/lib/python3.12/site-packages/airflow/example_dags/tutorial_dag.py
[2026-03-29T21:38:44.507+0000] {processor.py:840} INFO - DAG(s) 'tutorial_dag' retrieved from /home/airflow/.local/lib/python3.12/site-packages/airflow/example_dags/tutorial_dag.py
[2026-03-29T21:38:44.527+0000] {logging_mixin.py:188} INFO - [2026-03-29T21:38:44.527+0000] {dag.py:3089} INFO - Sync 1 DAGs
[2026-03-29T21:38:44.539+0000] {logging_mixin.py:188} INFO - [2026-03-29T21:38:44.538+0000] {dag.py:3947} INFO - Setting next_dagrun for tutorial_dag to None, run_after=None
[2026-03-29T21:38:44.556+0000] {processor.py:183} INFO - Processing /home/airflow/.local/lib/python3.12/site-packages/airflow/example_dags/tutorial_dag.py took 0.068 seconds
[2026-03-29T21:39:14.910+0000] {processor.py:161} INFO - Started process (PID=944) to work on /home/airflow/.local/lib/python3.12/site-packages/airflow/example_dags/tutorial_dag.py
[2026-03-29T21:39:14.911+0000] {processor.py:830} INFO - Processing file /home/airflow/.local/lib/python3.12/site-packages/airflow/example_dags/tutorial_dag.py for tasks to queue
[2026-03-29T21:39:14.913+0000] {logging_mixin.py:188} INFO - [2026-03-29T21:39:14.913+0000] {dagbag.py:545} INFO - Filling up the DagBag from /home/airflow/.local/lib/python3.12/site-packages/airflow/example_dags/tutorial_dag.py
[2026-03-29T21:39:14.922+0000] {processor.py:840} INFO - DAG(s) 'tutorial_dag' retrieved from /home/airflow/.local/lib/python3.12/site-packages/airflow/example_dags/tutorial_dag.py
[2026-03-29T21:39:14.944+0000] {logging_mixin.py:188} INFO - [2026-03-29T21:39:14.944+0000] {dag.py:3089} INFO - Sync 1 DAGs
[2026-03-29T21:39:14.962+0000] {logging_mixin.py:188} INFO - [2026-03-29T21:39:14.962+0000] {dag.py:3947} INFO - Setting next_dagrun for tutorial_dag to None, run_after=None
[2026-03-29T21:39:14.984+0000] {processor.py:183} INFO - Processing /home/airflow/.local/lib/python3.12/site-packages/airflow/example_dags/tutorial_dag.py took 0.079 seconds
[2026-03-29T21:39:46.411+0000] {processor.py:161} INFO - Started process (PID=996) to work on /home/airflow/.local/lib/python3.12/site-packages/airflow/example_dags/tutorial_dag.py
[2026-03-29T21:39:46.412+0000] {processor.py:830} INFO - Processing file /home/airflow/.local/lib/python3.12/site-packages/airflow/example_dags/tutorial_dag.py for tasks to queue
[2026-03-29T21:39:46.414+0000] {logging_mixin.py:188} INFO - [2026-03-29T21:39:46.414+0000] {dagbag.py:545} INFO - Filling up the DagBag from /home/airflow/.local/lib/python3.12/site-packages/airflow/example_dags/tutorial_dag.py
[2026-03-29T21:39:46.421+0000] {processor.py:840} INFO - DAG(s) 'tutorial_dag' retrieved from /home/airflow/.local/lib/python3.12/site-packages/airflow/example_dags/tutorial_dag.py
[2026-03-29T21:39:46.447+0000] {logging_mixin.py:188} INFO - [2026-03-29T21:39:46.446+0000] {dag.py:3089} INFO - Sync 1 DAGs
[2026-03-29T21:39:46.515+0000] {logging_mixin.py:188} INFO - [2026-03-29T21:39:46.515+0000] {dag.py:3947} INFO - Setting next_dagrun for tutorial_dag to None, run_after=None
[2026-03-29T21:39:46.541+0000] {processor.py:183} INFO - Processing /home/airflow/.local/lib/python3.12/site-packages/airflow/example_dags/tutorial_dag.py took 0.140 seconds
[2026-03-29T21:40:17.023+0000] {processor.py:161} INFO - Started process (PID=1048) to work on /home/airflow/.local/lib/python3.12/site-packages/airflow/example_dags/tutorial_dag.py
[2026-03-29T21:40:17.025+0000] {processor.py:830} INFO - Processing file /home/airflow/.local/lib/python3.12/site-packages/airflow/example_dags/tutorial_dag.py for tasks to queue
[2026-03-29T21:40:17.026+0000] {logging_mixin.py:188} INFO - [2026-03-29T21:40:17.026+0000] {dagbag.py:545} INFO - Filling up the DagBag from /home/airflow/.local/lib/python3.12/site-packages/airflow/example_dags/tutorial_dag.py
[2026-03-29T21:40:17.032+0000] {processor.py:840} INFO - DAG(s) 'tutorial_dag' retrieved from /home/airflow/.local/lib/python3.12/site-packages/airflow/example_dags/tutorial_dag.py
[2026-03-29T21:40:17.064+0000] {logging_mixin.py:188} INFO - [2026-03-29T21:40:17.064+0000] {dag.py:3089} INFO - Sync 1 DAGs
[2026-03-29T21:40:17.091+0000] {logging_mixin.py:188} INFO - [2026-03-29T21:40:17.090+0000] {dag.py:3947} INFO - Setting next_dagrun for tutorial_dag to None, run_after=None
[2026-03-29T21:40:17.124+0000] {processor.py:183} INFO - Processing /home/airflow/.local/lib/python3.12/site-packages/airflow/example_dags/tutorial_dag.py took 0.107 seconds
[2026-03-29T21:40:47.445+0000] {processor.py:161} INFO - Started process (PID=1100) to work on /home/airflow/.local/lib/python3.12/site-packages/airflow/example_dags/tutorial_dag.py
[2026-03-29T21:40:47.449+0000] {processor.py:830} INFO - Processing file /home/airflow/.local/lib/python3.12/site-packages/airflow/example_dags/tutorial_dag.py for tasks to queue
[2026-03-29T21:40:47.456+0000] {logging_mixin.py:188} INFO - [2026-03-29T21:40:47.455+0000] {dagbag.py:545} INFO - Filling up the DagBag from /home/airflow/.local/lib/python3.12/site-packages/airflow/example_dags/tutorial_dag.py
[2026-03-29T21:40:47.478+0000] {processor.py:840} INFO - DAG(s) 'tutorial_dag' retrieved from /home/airflow/.local/lib/python3.12/site-packages/airflow/example_dags/tutorial_dag.py
[2026-03-29T21:40:47.523+0000] {logging_mixin.py:188} INFO - [2026-03-29T21:40:47.523+0000] {dag.py:3089} INFO - Sync 1 DAGs
[2026-03-29T21:40:47.543+0000] {logging_mixin.py:188} INFO - [2026-03-29T21:40:47.543+0000] {dag.py:3947} INFO - Setting next_dagrun for tutorial_dag to None, run_after=None
[2026-03-29T21:40:47.574+0000] {processor.py:183} INFO - Processing /home/airflow/.local/lib/python3.12/site-packages/airflow/example_dags/tutorial_dag.py took 0.149 seconds
[2026-03-29T21:41:18.304+0000] {processor.py:161} INFO - Started process (PID=1152) to work on /home/airflow/.local/lib/python3.12/site-packages/airflow/example_dags/tutorial_dag.py
[2026-03-29T21:41:18.306+0000] {processor.py:830} INFO - Processing file /home/airflow/.local/lib/python3.12/site-packages/airflow/example_dags/tutorial_dag.py for tasks to queue
[2026-03-29T21:41:18.310+0000] {logging_mixin.py:188} INFO - [2026-03-29T21:41:18.309+0000] {dagbag.py:545} INFO - Filling up the DagBag from /home/airflow/.local/lib/python3.12/site-packages/airflow/example_dags/tutorial_dag.py
[2026-03-29T21:41:18.317+0000] {processor.py:840} INFO - DAG(s) 'tutorial_dag' retrieved from /home/airflow/.local/lib/python3.12/site-packages/airflow/example_dags/tutorial_dag.py
[2026-03-29T21:41:18.346+0000] {logging_mixin.py:188} INFO - [2026-03-29T21:41:18.345+0000] {dag.py:3089} INFO - Sync 1 DAGs
[2026-03-29T21:41:18.362+0000] {logging_mixin.py:188} INFO - [2026-03-29T21:41:18.362+0000] {dag.py:3947} INFO - Setting next_dagrun for tutorial_dag to None, run_after=None
[2026-03-29T21:41:18.382+0000] {processor.py:183} INFO - Processing /home/airflow/.local/lib/python3.12/site-packages/airflow/example_dags/tutorial_dag.py took 0.085 seconds
[2026-03-29T21:41:49.297+0000] {processor.py:161} INFO - Started process (PID=1204) to work on /home/airflow/.local/lib/python3.12/site-packages/airflow/example_dags/tutorial_dag.py
[2026-03-29T21:41:49.299+0000] {processor.py:830} INFO - Processing file /home/airflow/.local/lib/python3.12/site-packages/airflow/example_dags/tutorial_dag.py for tasks to queue
[2026-03-29T21:41:49.301+0000] {logging_mixin.py:188} INFO - [2026-03-29T21:41:49.300+0000] {dagbag.py:545} INFO - Filling up the DagBag from /home/airflow/.local/lib/python3.12/site-packages/airflow/example_dags/tutorial_dag.py
[2026-03-29T21:41:49.307+0000] {processor.py:840} INFO - DAG(s) 'tutorial_dag' retrieved from /home/airflow/.local/lib/python3.12/site-packages/airflow/example_dags/tutorial_dag.py
[2026-03-29T21:41:49.325+0000] {logging_mixin.py:188} INFO - [2026-03-29T21:41:49.325+0000] {dag.py:3089} INFO - Sync 1 DAGs
[2026-03-29T21:41:49.336+0000] {logging_mixin.py:188} INFO - [2026-03-29T21:41:49.335+0000] {dag.py:3947} INFO - Setting next_dagrun for tutorial_dag to None, run_after=None
[2026-03-29T21:41:49.355+0000] {processor.py:183} INFO - Processing /home/airflow/.local/lib/python3.12/site-packages/airflow/example_dags/tutorial_dag.py took 0.065 seconds
[2026-03-29T21:42:19.374+0000] {processor.py:161} INFO - Started process (PID=1256) to work on /home/airflow/.local/lib/python3.12/site-packages/airflow/example_dags/tutorial_dag.py
[2026-03-29T21:42:19.375+0000] {processor.py:830} INFO - Processing file /home/airflow/.local/lib/python3.12/site-packages/airflow/example_dags/tutorial_dag.py for tasks to queue
[2026-03-29T21:42:19.376+0000] {logging_mixin.py:188} INFO - [2026-03-29T21:42:19.376+0000] {dagbag.py:545} INFO - Filling up the DagBag from /home/airflow/.local/lib/python3.12/site-packages/airflow/example_dags/tutorial_dag.py
[2026-03-29T21:42:19.380+0000] {processor.py:840} INFO - DAG(s) 'tutorial_dag' retrieved from /home/airflow/.local/lib/python3.12/site-packages/airflow/example_dags/tutorial_dag.py
[2026-03-29T21:42:19.397+0000] {logging_mixin.py:188} INFO - [2026-03-29T21:42:19.397+0000] {dag.py:3089} INFO - Sync 1 DAGs
[2026-03-29T21:42:19.406+0000] {logging_mixin.py:188} INFO - [2026-03-29T21:42:19.406+0000] {dag.py:3947} INFO - Setting next_dagrun for tutorial_dag to None, run_after=None
[2026-03-29T21:42:19.418+0000] {processor.py:183} INFO - Processing /home/airflow/.local/lib/python3.12/site-packages/airflow/example_dags/tutorial_dag.py took 0.049 seconds
[2026-03-29T21:42:50.867+0000] {processor.py:161} INFO - Started process (PID=1308) to work on /home/airflow/.local/lib/python3.12/site-packages/airflow/example_dags/tutorial_dag.py
[2026-03-29T21:42:50.869+0000] {processor.py:830} INFO - Processing file /home/airflow/.local/lib/python3.12/site-packages/airflow/example_dags/tutorial_dag.py for tasks to queue
[2026-03-29T21:42:50.877+0000] {logging_mixin.py:188} INFO - [2026-03-29T21:42:50.876+0000] {dagbag.py:545} INFO - Filling up the DagBag from /home/airflow/.local/lib/python3.12/site-packages/airflow/example_dags/tutorial_dag.py
[2026-03-29T21:42:50.888+0000] {processor.py:840} INFO - DAG(s) 'tutorial_dag' retrieved from /home/airflow/.local/lib/python3.12/site-packages/airflow/example_dags/tutorial_dag.py
[2026-03-29T21:42:50.929+0000] {logging_mixin.py:188} INFO - [2026-03-29T21:42:50.929+0000] {dag.py:3089} INFO - Sync 1 DAGs
[2026-03-29T21:42:50.943+0000] {logging_mixin.py:188} INFO - [2026-03-29T21:42:50.943+0000] {dag.py:3947} INFO - Setting next_dagrun for tutorial_dag to None, run_after=None
[2026-03-29T21:42:50.968+0000] {processor.py:183} INFO - Processing /home/airflow/.local/lib/python3.12/site-packages/airflow/example_dags/tutorial_dag.py took 0.108 seconds
[2026-03-29T21:43:22.439+0000] {processor.py:161} INFO - Started process (PID=1360) to work on /home/airflow/.local/lib/python3.12/site-packages/airflow/example_dags/tutorial_dag.py
[2026-03-29T21:43:22.441+0000] {processor.py:830} INFO - Processing file /home/airflow/.local/lib/python3.12/site-packages/airflow/example_dags/tutorial_dag.py for tasks to queue
[2026-03-29T21:43:22.442+0000] {logging_mixin.py:188} INFO - [2026-03-29T21:43:22.442+0000] {dagbag.py:545} INFO - Filling up the DagBag from /home/airflow/.local/lib/python3.12/site-packages/airflow/example_dags/tutorial_dag.py
[2026-03-29T21:43:22.446+0000] {processor.py:840} INFO - DAG(s) 'tutorial_dag' retrieved from /home/airflow/.local/lib/python3.12/site-packages/airflow/example_dags/tutorial_dag.py
[2026-03-29T21:43:22.463+0000] {logging_mixin.py:188} INFO - [2026-03-29T21:43:22.463+0000] {dag.py:3089} INFO - Sync 1 DAGs
[2026-03-29T21:43:22.473+0000] {logging_mixin.py:188} INFO - [2026-03-29T21:43:22.473+0000] {dag.py:3947} INFO - Setting next_dagrun for tutorial_dag to None, run_after=None
[2026-03-29T21:43:22.494+0000] {processor.py:183} INFO - Processing /home/airflow/.local/lib/python3.12/site-packages/airflow/example_dags/tutorial_dag.py took 0.059 seconds
[2026-03-29T21:43:53.458+0000] {processor.py:161} INFO - Started process (PID=1412) to work on /home/airflow/.local/lib/python3.12/site-packages/airflow/example_dags/tutorial_dag.py
[2026-03-29T21:43:53.462+0000] {processor.py:830} INFO - Processing file /home/airflow/.local/lib/python3.12/site-packages/airflow/example_dags/tutorial_dag.py for tasks to queue
[2026-03-29T21:43:53.467+0000] {logging_mixin.py:188} INFO - [2026-03-29T21:43:53.466+0000] {dagbag.py:545} INFO - Filling up the DagBag from /home/airflow/.local/lib/python3.12/site-packages/airflow/example_dags/tutorial_dag.py
[2026-03-29T21:43:53.493+0000] {processor.py:840} INFO - DAG(s) 'tutorial_dag' retrieved from /home/airflow/.local/lib/python3.12/site-packages/airflow/example_dags/tutorial_dag.py
[2026-03-29T21:43:53.554+0000] {logging_mixin.py:188} INFO - [2026-03-29T21:43:53.553+0000] {dag.py:3089} INFO - Sync 1 DAGs
[2026-03-29T21:43:53.581+0000] {logging_mixin.py:188} INFO - [2026-03-29T21:43:53.581+0000] {dag.py:3947} INFO - Setting next_dagrun for tutorial_dag to None, run_after=None
[2026-03-29T21:43:53.627+0000] {processor.py:183} INFO - Processing /home/airflow/.local/lib/python3.12/site-packages/airflow/example_dags/tutorial_dag.py took 0.192 seconds
[2026-03-29T21:44:24.391+0000] {processor.py:161} INFO - Started process (PID=1464) to work on /home/airflow/.local/lib/python3.12/site-packages/airflow/example_dags/tutorial_dag.py
[2026-03-29T21:44:24.392+0000] {processor.py:830} INFO - Processing file /home/airflow/.local/lib/python3.12/site-packages/airflow/example_dags/tutorial_dag.py for tasks to queue
[2026-03-29T21:44:24.394+0000] {logging_mixin.py:188} INFO - [2026-03-29T21:44:24.393+0000] {dagbag.py:545} INFO - Filling up the DagBag from /home/airflow/.local/lib/python3.12/site-packages/airflow/example_dags/tutorial_dag.py
[2026-03-29T21:44:24.398+0000] {processor.py:840} INFO - DAG(s) 'tutorial_dag' retrieved from /home/airflow/.local/lib/python3.12/site-packages/airflow/example_dags/tutorial_dag.py
[2026-03-29T21:44:24.415+0000] {logging_mixin.py:188} INFO - [2026-03-29T21:44:24.415+0000] {dag.py:3089} INFO - Sync 1 DAGs
[2026-03-29T21:44:24.426+0000] {logging_mixin.py:188} INFO - [2026-03-29T21:44:24.425+0000] {dag.py:3947} INFO - Setting next_dagrun for tutorial_dag to None, run_after=None
[2026-03-29T21:44:24.439+0000] {processor.py:183} INFO - Processing /home/airflow/.local/lib/python3.12/site-packages/airflow/example_dags/tutorial_dag.py took 0.055 seconds
[2026-03-29T21:44:55.019+0000] {processor.py:161} INFO - Started process (PID=1516) to work on /home/airflow/.local/lib/python3.12/site-packages/airflow/example_dags/tutorial_dag.py
[2026-03-29T21:44:55.020+0000] {processor.py:830} INFO - Processing file /home/airflow/.local/lib/python3.12/site-packages/airflow/example_dags/tutorial_dag.py for tasks to queue
[2026-03-29T21:44:55.022+0000] {logging_mixin.py:188} INFO - [2026-03-29T21:44:55.022+0000] {dagbag.py:545} INFO - Filling up the DagBag from /home/airflow/.local/lib/python3.12/site-packages/airflow/example_dags/tutorial_dag.py
[2026-03-29T21:44:55.028+0000] {processor.py:840} INFO - DAG(s) 'tutorial_dag' retrieved from /home/airflow/.local/lib/python3.12/site-packages/airflow/example_dags/tutorial_dag.py
[2026-03-29T21:44:55.045+0000] {logging_mixin.py:188} INFO - [2026-03-29T21:44:55.045+0000] {dag.py:3089} INFO - Sync 1 DAGs
[2026-03-29T21:44:55.056+0000] {logging_mixin.py:188} INFO - [2026-03-29T21:44:55.056+0000] {dag.py:3947} INFO - Setting next_dagrun for tutorial_dag to None, run_after=None
[2026-03-29T21:44:55.078+0000] {processor.py:183} INFO - Processing /home/airflow/.local/lib/python3.12/site-packages/airflow/example_dags/tutorial_dag.py took 0.066 seconds
[2026-03-29T21:45:26.220+0000] {processor.py:161} INFO - Started process (PID=1568) to work on /home/airflow/.local/lib/python3.12/site-packages/airflow/example_dags/tutorial_dag.py
[2026-03-29T21:45:26.222+0000] {processor.py:830} INFO - Processing file /home/airflow/.local/lib/python3.12/site-packages/airflow/example_dags/tutorial_dag.py for tasks to queue
[2026-03-29T21:45:26.225+0000] {logging_mixin.py:188} INFO - [2026-03-29T21:45:26.225+0000] {dagbag.py:545} INFO - Filling up the DagBag from /home/airflow/.local/lib/python3.12/site-packages/airflow/example_dags/tutorial_dag.py
[2026-03-29T21:45:26.231+0000] {processor.py:840} INFO - DAG(s) 'tutorial_dag' retrieved from /home/airflow/.local/lib/python3.12/site-packages/airflow/example_dags/tutorial_dag.py
[2026-03-29T21:45:26.254+0000] {logging_mixin.py:188} INFO - [2026-03-29T21:45:26.254+0000] {dag.py:3089} INFO - Sync 1 DAGs
[2026-03-29T21:45:26.264+0000] {logging_mixin.py:188} INFO - [2026-03-29T21:45:26.264+0000] {dag.py:3947} INFO - Setting next_dagrun for tutorial_dag to None, run_after=None
[2026-03-29T21:45:26.285+0000] {processor.py:183} INFO - Processing /home/airflow/.local/lib/python3.12/site-packages/airflow/example_dags/tutorial_dag.py took 0.070 seconds
[2026-03-29T21:45:57.379+0000] {processor.py:161} INFO - Started process (PID=1620) to work on /home/airflow/.local/lib/python3.12/site-packages/airflow/example_dags/tutorial_dag.py
[2026-03-29T21:45:57.380+0000] {processor.py:830} INFO - Processing file /home/airflow/.local/lib/python3.12/site-packages/airflow/example_dags/tutorial_dag.py for tasks to queue
[2026-03-29T21:45:57.382+0000] {logging_mixin.py:188} INFO - [2026-03-29T21:45:57.381+0000] {dagbag.py:545} INFO - Filling up the DagBag from /home/airflow/.local/lib/python3.12/site-packages/airflow/example_dags/tutorial_dag.py
[2026-03-29T21:45:57.386+0000] {processor.py:840} INFO - DAG(s) 'tutorial_dag' retrieved from /home/airflow/.local/lib/python3.12/site-packages/airflow/example_dags/tutorial_dag.py
[2026-03-29T21:45:57.401+0000] {logging_mixin.py:188} INFO - [2026-03-29T21:45:57.401+0000] {dag.py:3089} INFO - Sync 1 DAGs
[2026-03-29T21:45:57.411+0000] {logging_mixin.py:188} INFO - [2026-03-29T21:45:57.410+0000] {dag.py:3947} INFO - Setting next_dagrun for tutorial_dag to None, run_after=None
[2026-03-29T21:45:57.424+0000] {processor.py:183} INFO - Processing /home/airflow/.local/lib/python3.12/site-packages/airflow/example_dags/tutorial_dag.py took 0.050 seconds
[2026-03-29T21:46:28.479+0000] {processor.py:161} INFO - Started process (PID=1672) to work on /home/airflow/.local/lib/python3.12/site-packages/airflow/example_dags/tutorial_dag.py
[2026-03-29T21:46:28.480+0000] {processor.py:830} INFO - Processing file /home/airflow/.local/lib/python3.12/site-packages/airflow/example_dags/tutorial_dag.py for tasks to queue
[2026-03-29T21:46:28.481+0000] {logging_mixin.py:188} INFO - [2026-03-29T21:46:28.481+0000] {dagbag.py:545} INFO - Filling up the DagBag from /home/airflow/.local/lib/python3.12/site-packages/airflow/example_dags/tutorial_dag.py
[2026-03-29T21:46:28.489+0000] {processor.py:840} INFO - DAG(s) 'tutorial_dag' retrieved from /home/airflow/.local/lib/python3.12/site-packages/airflow/example_dags/tutorial_dag.py
[2026-03-29T21:46:28.511+0000] {logging_mixin.py:188} INFO - [2026-03-29T21:46:28.511+0000] {dag.py:3089} INFO - Sync 1 DAGs
[2026-03-29T21:46:28.521+0000] {logging_mixin.py:188} INFO - [2026-03-29T21:46:28.520+0000] {dag.py:3947} INFO - Setting next_dagrun for tutorial_dag to None, run_after=None
[2026-03-29T21:46:28.533+0000] {processor.py:183} INFO - Processing /home/airflow/.local/lib/python3.12/site-packages/airflow/example_dags/tutorial_dag.py took 0.059 seconds
[2026-03-29T21:46:59.402+0000] {processor.py:161} INFO - Started process (PID=1724) to work on /home/airflow/.local/lib/python3.12/site-packages/airflow/example_dags/tutorial_dag.py
[2026-03-29T21:46:59.404+0000] {processor.py:830} INFO - Processing file /home/airflow/.local/lib/python3.12/site-packages/airflow/example_dags/tutorial_dag.py for tasks to queue
[2026-03-29T21:46:59.405+0000] {logging_mixin.py:188} INFO - [2026-03-29T21:46:59.405+0000] {dagbag.py:545} INFO - Filling up the DagBag from /home/airflow/.local/lib/python3.12/site-packages/airflow/example_dags/tutorial_dag.py
[2026-03-29T21:46:59.410+0000] {processor.py:840} INFO - DAG(s) 'tutorial_dag' retrieved from /home/airflow/.local/lib/python3.12/site-packages/airflow/example_dags/tutorial_dag.py
[2026-03-29T21:46:59.430+0000] {logging_mixin.py:188} INFO - [2026-03-29T21:46:59.430+0000] {dag.py:3089} INFO - Sync 1 DAGs
[2026-03-29T21:46:59.440+0000] {logging_mixin.py:188} INFO - [2026-03-29T21:46:59.440+0000] {dag.py:3947} INFO - Setting next_dagrun for tutorial_dag to None, run_after=None
[2026-03-29T21:46:59.456+0000] {processor.py:183} INFO - Processing /home/airflow/.local/lib/python3.12/site-packages/airflow/example_dags/tutorial_dag.py took 0.058 seconds
[2026-03-29T21:47:29.991+0000] {processor.py:161} INFO - Started process (PID=1775) to work on /home/airflow/.local/lib/python3.12/site-packages/airflow/example_dags/tutorial_dag.py
[2026-03-29T21:47:29.996+0000] {processor.py:830} INFO - Processing file /home/airflow/.local/lib/python3.12/site-packages/airflow/example_dags/tutorial_dag.py for tasks to queue
[2026-03-29T21:47:30.001+0000] {logging_mixin.py:188} INFO - [2026-03-29T21:47:30.000+0000] {dagbag.py:545} INFO - Filling up the DagBag from /home/airflow/.local/lib/python3.12/site-packages/airflow/example_dags/tutorial_dag.py
[2026-03-29T21:47:30.012+0000] {processor.py:840} INFO - DAG(s) 'tutorial_dag' retrieved from /home/airflow/.local/lib/python3.12/site-packages/airflow/example_dags/tutorial_dag.py
[2026-03-29T21:47:30.039+0000] {logging_mixin.py:188} INFO - [2026-03-29T21:47:30.039+0000] {dag.py:3089} INFO - Sync 1 DAGs
[2026-03-29T21:47:30.054+0000] {logging_mixin.py:188} INFO - [2026-03-29T21:47:30.054+0000] {dag.py:3947} INFO - Setting next_dagrun for tutorial_dag to None, run_after=None
[2026-03-29T21:47:30.241+0000] {processor.py:183} INFO - Processing /home/airflow/.local/lib/python3.12/site-packages/airflow/example_dags/tutorial_dag.py took 0.263 seconds
[2026-03-29T21:48:00.427+0000] {processor.py:161} INFO - Started process (PID=1827) to work on /home/airflow/.local/lib/python3.12/site-packages/airflow/example_dags/tutorial_dag.py
[2026-03-29T21:48:00.429+0000] {processor.py:830} INFO - Processing file /home/airflow/.local/lib/python3.12/site-packages/airflow/example_dags/tutorial_dag.py for tasks to queue
[2026-03-29T21:48:00.431+0000] {logging_mixin.py:188} INFO - [2026-03-29T21:48:00.430+0000] {dagbag.py:545} INFO - Filling up the DagBag from /home/airflow/.local/lib/python3.12/site-packages/airflow/example_dags/tutorial_dag.py
[2026-03-29T21:48:00.437+0000] {processor.py:840} INFO - DAG(s) 'tutorial_dag' retrieved from /home/airflow/.local/lib/python3.12/site-packages/airflow/example_dags/tutorial_dag.py
[2026-03-29T21:48:00.458+0000] {logging_mixin.py:188} INFO - [2026-03-29T21:48:00.458+0000] {dag.py:3089} INFO - Sync 1 DAGs
[2026-03-29T21:48:00.470+0000] {logging_mixin.py:188} INFO - [2026-03-29T21:48:00.470+0000] {dag.py:3947} INFO - Setting next_dagrun for tutorial_dag to None, run_after=None
[2026-03-29T21:48:00.488+0000] {processor.py:183} INFO - Processing /home/airflow/.local/lib/python3.12/site-packages/airflow/example_dags/tutorial_dag.py took 0.069 seconds
[2026-03-29T21:48:30.533+0000] {processor.py:161} INFO - Started process (PID=1879) to work on /home/airflow/.local/lib/python3.12/site-packages/airflow/example_dags/tutorial_dag.py
[2026-03-29T21:48:30.534+0000] {processor.py:830} INFO - Processing file /home/airflow/.local/lib/python3.12/site-packages/airflow/example_dags/tutorial_dag.py for tasks to queue
[2026-03-29T21:48:30.535+0000] {logging_mixin.py:188} INFO - [2026-03-29T21:48:30.535+0000] {dagbag.py:545} INFO - Filling up the DagBag from /home/airflow/.local/lib/python3.12/site-packages/airflow/example_dags/tutorial_dag.py
[2026-03-29T21:48:30.539+0000] {processor.py:840} INFO - DAG(s) 'tutorial_dag' retrieved from /home/airflow/.local/lib/python3.12/site-packages/airflow/example_dags/tutorial_dag.py
[2026-03-29T21:48:30.552+0000] {logging_mixin.py:188} INFO - [2026-03-29T21:48:30.552+0000] {dag.py:3089} INFO - Sync 1 DAGs
[2026-03-29T21:48:30.560+0000] {logging_mixin.py:188} INFO - [2026-03-29T21:48:30.560+0000] {dag.py:3947} INFO - Setting next_dagrun for tutorial_dag to None, run_after=None
[2026-03-29T21:48:30.572+0000] {processor.py:183} INFO - Processing /home/airflow/.local/lib/python3.12/site-packages/airflow/example_dags/tutorial_dag.py took 0.044 seconds
[2026-03-29T21:49:01.108+0000] {processor.py:161} INFO - Started process (PID=1931) to work on /home/airflow/.local/lib/python3.12/site-packages/airflow/example_dags/tutorial_dag.py
[2026-03-29T21:49:01.110+0000] {processor.py:830} INFO - Processing file /home/airflow/.local/lib/python3.12/site-packages/airflow/example_dags/tutorial_dag.py for tasks to queue
[2026-03-29T21:49:01.111+0000] {logging_mixin.py:188} INFO - [2026-03-29T21:49:01.111+0000] {dagbag.py:545} INFO - Filling up the DagBag from /home/airflow/.local/lib/python3.12/site-packages/airflow/example_dags/tutorial_dag.py
[2026-03-29T21:49:01.115+0000] {processor.py:840} INFO - DAG(s) 'tutorial_dag' retrieved from /home/airflow/.local/lib/python3.12/site-packages/airflow/example_dags/tutorial_dag.py
[2026-03-29T21:49:01.134+0000] {logging_mixin.py:188} INFO - [2026-03-29T21:49:01.133+0000] {dag.py:3089} INFO - Sync 1 DAGs
[2026-03-29T21:49:01.145+0000] {logging_mixin.py:188} INFO - [2026-03-29T21:49:01.144+0000] {dag.py:3947} INFO - Setting next_dagrun for tutorial_dag to None, run_after=None
[2026-03-29T21:49:01.170+0000] {processor.py:183} INFO - Processing /home/airflow/.local/lib/python3.12/site-packages/airflow/example_dags/tutorial_dag.py took 0.068 seconds
[2026-03-29T21:49:31.727+0000] {processor.py:161} INFO - Started process (PID=1983) to work on /home/airflow/.local/lib/python3.12/site-packages/airflow/example_dags/tutorial_dag.py
[2026-03-29T21:49:31.728+0000] {processor.py:830} INFO - Processing file /home/airflow/.local/lib/python3.12/site-packages/airflow/example_dags/tutorial_dag.py for tasks to queue
[2026-03-29T21:49:31.730+0000] {logging_mixin.py:188} INFO - [2026-03-29T21:49:31.729+0000] {dagbag.py:545} INFO - Filling up the DagBag from /home/airflow/.local/lib/python3.12/site-packages/airflow/example_dags/tutorial_dag.py
[2026-03-29T21:49:31.865+0000] {processor.py:840} INFO - DAG(s) 'tutorial_dag' retrieved from /home/airflow/.local/lib/python3.12/site-packages/airflow/example_dags/tutorial_dag.py
[2026-03-29T21:49:31.877+0000] {logging_mixin.py:188} INFO - [2026-03-29T21:49:31.877+0000] {dag.py:3089} INFO - Sync 1 DAGs
[2026-03-29T21:49:31.884+0000] {logging_mixin.py:188} INFO - [2026-03-29T21:49:31.884+0000] {dag.py:3947} INFO - Setting next_dagrun for tutorial_dag to None, run_after=None
[2026-03-29T21:49:31.894+0000] {processor.py:183} INFO - Processing /home/airflow/.local/lib/python3.12/site-packages/airflow/example_dags/tutorial_dag.py took 0.172 seconds
