[2026-03-29T21:30:29.102+0000] {processor.py:161} INFO - Started process (PID=35) to work on /home/airflow/.local/lib/python3.12/site-packages/airflow/example_dags/tutorial.py
[2026-03-29T21:30:29.103+0000] {processor.py:830} INFO - Processing file /home/airflow/.local/lib/python3.12/site-packages/airflow/example_dags/tutorial.py for tasks to queue
[2026-03-29T21:30:29.108+0000] {logging_mixin.py:188} INFO - [2026-03-29T21:30:29.107+0000] {dagbag.py:545} INFO - Filling up the DagBag from /home/airflow/.local/lib/python3.12/site-packages/airflow/example_dags/tutorial.py
[2026-03-29T21:30:29.118+0000] {processor.py:840} INFO - DAG(s) 'tutorial' retrieved from /home/airflow/.local/lib/python3.12/site-packages/airflow/example_dags/tutorial.py
[2026-03-29T21:30:29.138+0000] {logging_mixin.py:188} INFO - [2026-03-29T21:30:29.138+0000] {dag.py:3089} INFO - Sync 1 DAGs
[2026-03-29T21:30:29.200+0000] {logging_mixin.py:188} INFO - [2026-03-29T21:30:29.195+0000] {dag.py:3947} INFO - Setting next_dagrun for tutorial to 2026-03-28 00:00:00+00:00, run_after=2026-03-29 00:00:00+00:00
[2026-03-29T21:30:29.257+0000] {processor.py:183} INFO - Processing /home/airflow/.local/lib/python3.12/site-packages/airflow/example_dags/tutorial.py took 0.164 seconds
[2026-03-29T21:31:00.785+0000] {processor.py:161} INFO - Started process (PID=87) to work on /home/airflow/.local/lib/python3.12/site-packages/airflow/example_dags/tutorial.py
[2026-03-29T21:31:00.787+0000] {processor.py:830} INFO - Processing file /home/airflow/.local/lib/python3.12/site-packages/airflow/example_dags/tutorial.py for tasks to queue
[2026-03-29T21:31:00.792+0000] {logging_mixin.py:188} INFO - [2026-03-29T21:31:00.792+0000] {dagbag.py:545} INFO - Filling up the DagBag from /home/airflow/.local/lib/python3.12/site-packages/airflow/example_dags/tutorial.py
[2026-03-29T21:31:00.802+0000] {processor.py:840} INFO - DAG(s) 'tutorial' retrieved from /home/airflow/.local/lib/python3.12/site-packages/airflow/example_dags/tutorial.py
[2026-03-29T21:31:00.961+0000] {logging_mixin.py:188} INFO - [2026-03-29T21:31:00.961+0000] {dag.py:3089} INFO - Sync 1 DAGs
[2026-03-29T21:31:00.997+0000] {logging_mixin.py:188} INFO - [2026-03-29T21:31:00.996+0000] {dag.py:3947} INFO - Setting next_dagrun for tutorial to 2026-03-28 00:00:00+00:00, run_after=2026-03-29 00:00:00+00:00
[2026-03-29T21:31:01.026+0000] {processor.py:183} INFO - Processing /home/airflow/.local/lib/python3.12/site-packages/airflow/example_dags/tutorial.py took 0.250 seconds
[2026-03-29T21:31:31.314+0000] {processor.py:161} INFO - Started process (PID=139) to work on /home/airflow/.local/lib/python3.12/site-packages/airflow/example_dags/tutorial.py
[2026-03-29T21:31:31.316+0000] {processor.py:830} INFO - Processing file /home/airflow/.local/lib/python3.12/site-packages/airflow/example_dags/tutorial.py for tasks to queue
[2026-03-29T21:31:31.319+0000] {logging_mixin.py:188} INFO - [2026-03-29T21:31:31.319+0000] {dagbag.py:545} INFO - Filling up the DagBag from /home/airflow/.local/lib/python3.12/site-packages/airflow/example_dags/tutorial.py
[2026-03-29T21:31:31.330+0000] {processor.py:840} INFO - DAG(s) 'tutorial' retrieved from /home/airflow/.local/lib/python3.12/site-packages/airflow/example_dags/tutorial.py
[2026-03-29T21:31:31.367+0000] {logging_mixin.py:188} INFO - [2026-03-29T21:31:31.366+0000] {dag.py:3089} INFO - Sync 1 DAGs
[2026-03-29T21:31:31.420+0000] {logging_mixin.py:188} INFO - [2026-03-29T21:31:31.420+0000] {dag.py:3947} INFO - Setting next_dagrun for tutorial to 2026-03-28 00:00:00+00:00, run_after=2026-03-29 00:00:00+00:00
[2026-03-29T21:31:31.454+0000] {processor.py:183} INFO - Processing /home/airflow/.local/lib/python3.12/site-packages/airflow/example_dags/tutorial.py took 0.149 seconds
[2026-03-29T21:32:03.493+0000] {processor.py:161} INFO - Started process (PID=191) to work on /home/airflow/.local/lib/python3.12/site-packages/airflow/example_dags/tutorial.py
[2026-03-29T21:32:03.495+0000] {processor.py:830} INFO - Processing file /home/airflow/.local/lib/python3.12/site-packages/airflow/example_dags/tutorial.py for tasks to queue
[2026-03-29T21:32:03.500+0000] {logging_mixin.py:188} INFO - [2026-03-29T21:32:03.499+0000] {dagbag.py:545} INFO - Filling up the DagBag from /home/airflow/.local/lib/python3.12/site-packages/airflow/example_dags/tutorial.py
[2026-03-29T21:32:03.518+0000] {processor.py:840} INFO - DAG(s) 'tutorial' retrieved from /home/airflow/.local/lib/python3.12/site-packages/airflow/example_dags/tutorial.py
[2026-03-29T21:32:03.559+0000] {logging_mixin.py:188} INFO - [2026-03-29T21:32:03.559+0000] {dag.py:3089} INFO - Sync 1 DAGs
[2026-03-29T21:32:03.610+0000] {logging_mixin.py:188} INFO - [2026-03-29T21:32:03.610+0000] {dag.py:3947} INFO - Setting next_dagrun for tutorial to 2026-03-28 00:00:00+00:00, run_after=2026-03-29 00:00:00+00:00
[2026-03-29T21:32:03.654+0000] {processor.py:183} INFO - Processing /home/airflow/.local/lib/python3.12/site-packages/airflow/example_dags/tutorial.py took 0.178 seconds
[2026-03-29T21:32:34.265+0000] {processor.py:161} INFO - Started process (PID=243) to work on /home/airflow/.local/lib/python3.12/site-packages/airflow/example_dags/tutorial.py
[2026-03-29T21:32:34.268+0000] {processor.py:830} INFO - Processing file /home/airflow/.local/lib/python3.12/site-packages/airflow/example_dags/tutorial.py for tasks to queue
[2026-03-29T21:32:34.270+0000] {logging_mixin.py:188} INFO - [2026-03-29T21:32:34.270+0000] {dagbag.py:545} INFO - Filling up the DagBag from /home/airflow/.local/lib/python3.12/site-packages/airflow/example_dags/tutorial.py
[2026-03-29T21:32:34.278+0000] {processor.py:840} INFO - DAG(s) 'tutorial' retrieved from /home/airflow/.local/lib/python3.12/site-packages/airflow/example_dags/tutorial.py
[2026-03-29T21:32:34.296+0000] {logging_mixin.py:188} INFO - [2026-03-29T21:32:34.296+0000] {dag.py:3089} INFO - Sync 1 DAGs
[2026-03-29T21:32:34.315+0000] {logging_mixin.py:188} INFO - [2026-03-29T21:32:34.314+0000] {dag.py:3947} INFO - Setting next_dagrun for tutorial to 2026-03-28 00:00:00+00:00, run_after=2026-03-29 00:00:00+00:00
[2026-03-29T21:32:34.334+0000] {processor.py:183} INFO - Processing /home/airflow/.local/lib/python3.12/site-packages/airflow/example_dags/tutorial.py took 0.075 seconds
[2026-03-29T21:33:04.581+0000] {processor.py:161} INFO - Started process (PID=295) to work on /home/airflow/.local/lib/python3.12/site-packages/airflow/example_dags/tutorial.py
[2026-03-29T21:33:04.583+0000] {processor.py:830} INFO - Processing file /home/airflow/.local/lib/python3.12/site-packages/airflow/example_dags/tutorial.py for tasks to queue
[2026-03-29T21:33:04.584+0000] {logging_mixin.py:188} INFO - [2026-03-29T21:33:04.584+0000] {dagbag.py:545} INFO - Filling up the DagBag from /home/airflow/.local/lib/python3.12/site-packages/airflow/example_dags/tutorial.py
[2026-03-29T21:33:04.591+0000] {processor.py:840} INFO - DAG(s) 'tutorial' retrieved from /home/airflow/.local/lib/python3.12/site-packages/airflow/example_dags/tutorial.py
[2026-03-29T21:33:04.616+0000] {logging_mixin.py:188} INFO - [2026-03-29T21:33:04.616+0000] {dag.py:3089} INFO - Sync 1 DAGs
[2026-03-29T21:33:04.640+0000] {logging_mixin.py:188} INFO - [2026-03-29T21:33:04.639+0000] {dag.py:3947} INFO - Setting next_dagrun for tutorial to 2026-03-28 00:00:00+00:00, run_after=2026-03-29 00:00:00+00:00
[2026-03-29T21:33:04.658+0000] {processor.py:183} INFO - Processing /home/airflow/.local/lib/python3.12/site-packages/airflow/example_dags/tutorial.py took 0.083 seconds
[2026-03-29T21:33:35.163+0000] {processor.py:161} INFO - Started process (PID=347) to work on /home/airflow/.local/lib/python3.12/site-packages/airflow/example_dags/tutorial.py
[2026-03-29T21:33:35.164+0000] {processor.py:830} INFO - Processing file /home/airflow/.local/lib/python3.12/site-packages/airflow/example_dags/tutorial.py for tasks to queue
[2026-03-29T21:33:35.166+0000] {logging_mixin.py:188} INFO - [2026-03-29T21:33:35.165+0000] {dagbag.py:545} INFO - Filling up the DagBag from /home/airflow/.local/lib/python3.12/site-packages/airflow/example_dags/tutorial.py
[2026-03-29T21:33:35.170+0000] {processor.py:840} INFO - DAG(s) 'tutorial' retrieved from /home/airflow/.local/lib/python3.12/site-packages/airflow/example_dags/tutorial.py
[2026-03-29T21:33:35.187+0000] {logging_mixin.py:188} INFO - [2026-03-29T21:33:35.187+0000] {dag.py:3089} INFO - Sync 1 DAGs
[2026-03-29T21:33:35.210+0000] {logging_mixin.py:188} INFO - [2026-03-29T21:33:35.210+0000] {dag.py:3947} INFO - Setting next_dagrun for tutorial to 2026-03-28 00:00:00+00:00, run_after=2026-03-29 00:00:00+00:00
[2026-03-29T21:33:35.227+0000] {processor.py:183} INFO - Processing /home/airflow/.local/lib/python3.12/site-packages/airflow/example_dags/tutorial.py took 0.069 seconds
[2026-03-29T21:34:05.874+0000] {processor.py:161} INFO - Started process (PID=399) to work on /home/airflow/.local/lib/python3.12/site-packages/airflow/example_dags/tutorial.py
[2026-03-29T21:34:05.875+0000] {processor.py:830} INFO - Processing file /home/airflow/.local/lib/python3.12/site-packages/airflow/example_dags/tutorial.py for tasks to queue
[2026-03-29T21:34:05.876+0000] {logging_mixin.py:188} INFO - [2026-03-29T21:34:05.876+0000] {dagbag.py:545} INFO - Filling up the DagBag from /home/airflow/.local/lib/python3.12/site-packages/airflow/example_dags/tutorial.py
[2026-03-29T21:34:05.881+0000] {processor.py:840} INFO - DAG(s) 'tutorial' retrieved from /home/airflow/.local/lib/python3.12/site-packages/airflow/example_dags/tutorial.py
[2026-03-29T21:34:05.896+0000] {logging_mixin.py:188} INFO - [2026-03-29T21:34:05.896+0000] {dag.py:3089} INFO - Sync 1 DAGs
[2026-03-29T21:34:05.920+0000] {logging_mixin.py:188} INFO - [2026-03-29T21:34:05.919+0000] {dag.py:3947} INFO - Setting next_dagrun for tutorial to 2026-03-28 00:00:00+00:00, run_after=2026-03-29 00:00:00+00:00
[2026-03-29T21:34:05.936+0000] {processor.py:183} INFO - Processing /home/airflow/.local/lib/python3.12/site-packages/airflow/example_dags/tutorial.py took 0.068 seconds
[2026-03-29T21:34:36.100+0000] {processor.py:161} INFO - Started process (PID=450) to work on /home/airflow/.local/lib/python3.12/site-packages/airflow/example_dags/tutorial.py
[2026-03-29T21:34:36.101+0000] {processor.py:830} INFO - Processing file /home/airflow/.local/lib/python3.12/site-packages/airflow/example_dags/tutorial.py for tasks to queue
[2026-03-29T21:34:36.104+0000] {logging_mixin.py:188} INFO - [2026-03-29T21:34:36.103+0000] {dagbag.py:545} INFO - Filling up the DagBag from /home/airflow/.local/lib/python3.12/site-packages/airflow/example_dags/tutorial.py
[2026-03-29T21:34:36.113+0000] {processor.py:840} INFO - DAG(s) 'tutorial' retrieved from /home/airflow/.local/lib/python3.12/site-packages/airflow/example_dags/tutorial.py
[2026-03-29T21:34:36.135+0000] {logging_mixin.py:188} INFO - [2026-03-29T21:34:36.135+0000] {dag.py:3089} INFO - Sync 1 DAGs
[2026-03-29T21:34:36.161+0000] {logging_mixin.py:188} INFO - [2026-03-29T21:34:36.161+0000] {dag.py:3947} INFO - Setting next_dagrun for tutorial to 2026-03-28 00:00:00+00:00, run_after=2026-03-29 00:00:00+00:00
[2026-03-29T21:34:36.185+0000] {processor.py:183} INFO - Processing /home/airflow/.local/lib/python3.12/site-packages/airflow/example_dags/tutorial.py took 0.090 seconds
[2026-03-29T21:35:06.368+0000] {processor.py:161} INFO - Started process (PID=502) to work on /home/airflow/.local/lib/python3.12/site-packages/airflow/example_dags/tutorial.py
[2026-03-29T21:35:06.369+0000] {processor.py:830} INFO - Processing file /home/airflow/.local/lib/python3.12/site-packages/airflow/example_dags/tutorial.py for tasks to queue
[2026-03-29T21:35:06.370+0000] {logging_mixin.py:188} INFO - [2026-03-29T21:35:06.369+0000] {dagbag.py:545} INFO - Filling up the DagBag from /home/airflow/.local/lib/python3.12/site-packages/airflow/example_dags/tutorial.py
[2026-03-29T21:35:06.374+0000] {processor.py:840} INFO - DAG(s) 'tutorial' retrieved from /home/airflow/.local/lib/python3.12/site-packages/airflow/example_dags/tutorial.py
[2026-03-29T21:35:06.387+0000] {logging_mixin.py:188} INFO - [2026-03-29T21:35:06.387+0000] {dag.py:3089} INFO - Sync 1 DAGs
[2026-03-29T21:35:06.401+0000] {logging_mixin.py:188} INFO - [2026-03-29T21:35:06.401+0000] {dag.py:3947} INFO - Setting next_dagrun for tutorial to 2026-03-28 00:00:00+00:00, run_after=2026-03-29 00:00:00+00:00
[2026-03-29T21:35:06.413+0000] {processor.py:183} INFO - Processing /home/airflow/.local/lib/python3.12/site-packages/airflow/example_dags/tutorial.py took 0.049 seconds
[2026-03-29T21:35:37.360+0000] {processor.py:161} INFO - Started process (PID=554) to work on /home/airflow/.local/lib/python3.12/site-packages/airflow/example_dags/tutorial.py
[2026-03-29T21:35:37.362+0000] {processor.py:830} INFO - Processing file /home/airflow/.local/lib/python3.12/site-packages/airflow/example_dags/tutorial.py for tasks to queue
[2026-03-29T21:35:37.364+0000] {logging_mixin.py:188} INFO - [2026-03-29T21:35:37.364+0000] {dagbag.py:545} INFO - Filling up the DagBag from /home/airflow/.local/lib/python3.12/site-packages/airflow/example_dags/tutorial.py
[2026-03-29T21:35:37.368+0000] {processor.py:840} INFO - DAG(s) 'tutorial' retrieved from /home/airflow/.local/lib/python3.12/site-packages/airflow/example_dags/tutorial.py
[2026-03-29T21:35:37.384+0000] {logging_mixin.py:188} INFO - [2026-03-29T21:35:37.384+0000] {dag.py:3089} INFO - Sync 1 DAGs
[2026-03-29T21:35:37.400+0000] {logging_mixin.py:188} INFO - [2026-03-29T21:35:37.400+0000] {dag.py:3947} INFO - Setting next_dagrun for tutorial to 2026-03-28 00:00:00+00:00, run_after=2026-03-29 00:00:00+00:00
[2026-03-29T21:35:37.412+0000] {processor.py:183} INFO - Processing /home/airflow/.local/lib/python3.12/site-packages/airflow/example_dags/tutorial.py took 0.062 seconds
[2026-03-29T21:36:07.870+0000] {processor.py:161} INFO - Started process (PID=606) to work on /home/airflow/.local/lib/python3.12/site-packages/airflow/example_dags/tutorial.py
[2026-03-29T21:36:07.871+0000] {processor.py:830} INFO - Processing file /home/airflow/.local/lib/python3.12/site-packages/airflow/example_dags/tutorial.py for tasks to queue
[2026-03-29T21:36:07.872+0000] {logging_mixin.py:188} INFO - [2026-03-29T21:36:07.872+0000] {dagbag.py:545} INFO - Filling up the DagBag from /home/airflow/.local/lib/python3.12/site-packages/airflow/example_dags/tutorial.py
[2026-03-29T21:36:07.878+0000] {processor.py:840} INFO - DAG(s) 'tutorial' retrieved from /home/airflow/.local/lib/python3.12/site-packages/airflow/example_dags/tutorial.py
[2026-03-29T21:36:07.896+0000] {logging_mixin.py:188} INFO - [2026-03-29T21:36:07.895+0000] {dag.py:3089} INFO - Sync 1 DAGs
[2026-03-29T21:36:07.913+0000] {logging_mixin.py:188} INFO - [2026-03-29T21:36:07.913+0000] {dag.py:3947} INFO - Setting next_dagrun for tutorial to 2026-03-28 00:00:00+00:00, run_after=2026-03-29 00:00:00+00:00
[2026-03-29T21:36:07.927+0000] {processor.py:183} INFO - Processing /home/airflow/.local/lib/python3.12/site-packages/airflow/example_dags/tutorial.py took 0.061 seconds
[2026-03-29T21:36:38.172+0000] {processor.py:161} INFO - Started process (PID=658) to work on /home/airflow/.local/lib/python3.12/site-packages/airflow/example_dags/tutorial.py
[2026-03-29T21:36:38.172+0000] {processor.py:830} INFO - Processing file /home/airflow/.local/lib/python3.12/site-packages/airflow/example_dags/tutorial.py for tasks to queue
[2026-03-29T21:36:38.174+0000] {logging_mixin.py:188} INFO - [2026-03-29T21:36:38.173+0000] {dagbag.py:545} INFO - Filling up the DagBag from /home/airflow/.local/lib/python3.12/site-packages/airflow/example_dags/tutorial.py
[2026-03-29T21:36:38.178+0000] {processor.py:840} INFO - DAG(s) 'tutorial' retrieved from /home/airflow/.local/lib/python3.12/site-packages/airflow/example_dags/tutorial.py
[2026-03-29T21:36:38.192+0000] {logging_mixin.py:188} INFO - [2026-03-29T21:36:38.192+0000] {dag.py:3089} INFO - Sync 1 DAGs
[2026-03-29T21:36:38.207+0000] {logging_mixin.py:188} INFO - [2026-03-29T21:36:38.207+0000] {dag.py:3947} INFO - Setting next_dagrun for tutorial to 2026-03-28 00:00:00+00:00, run_after=2026-03-29 00:00:00+00:00
[2026-03-29T21:36:38.219+0000] {processor.py:183} INFO - Processing /home/airflow/.local/lib/python3.12/site-packages/airflow/example_dags/tutorial.py took 0.051 seconds
[2026-03-29T21:37:08.965+0000] {processor.py:161} INFO - Started process (PID=710) to work on /home/airflow/.local/lib/python3.12/site-packages/airflow/example_dags/tutorial.py
[2026-03-29T21:37:08.966+0000] {processor.py:830} INFO - Processing file /home/airflow/.local/lib/python3.12/site-packages/airflow/example_dags/tutorial.py for tasks to queue
[2026-03-29T21:37:08.967+0000] {logging_mixin.py:188} INFO - [2026-03-29T21:37:08.967+0000] {dagbag.py:545} INFO - Filling up the DagBag from /home/airflow/.local/lib/python3.12/site-packages/airflow/example_dags/tutorial.py
[2026-03-29T21:37:08.972+0000] {processor.py:840} INFO - DAG(s) 'tutorial' retrieved from /home/airflow/.local/lib/python3.12/site-packages/airflow/example_dags/tutorial.py
[2026-03-29T21:37:08.987+0000] {logging_mixin.py:188} INFO - [2026-03-29T21:37:08.987+0000] {dag.py:3089} INFO - Sync 1 DAGs
[2026-03-29T21:37:09.006+0000] {logging_mixin.py:188} INFO - [2026-03-29T21:37:09.006+0000] {dag.py:3947} INFO - Setting next_dagrun for tutorial to 2026-03-28 00:00:00+00:00, run_after=2026-03-29 00:00:00+00:00
[2026-03-29T21:37:09.019+0000] {processor.py:183} INFO - Processing /home/airflow/.local/lib/python3.12/site-packages/airflow/example_dags/tutorial.py took 0.059 seconds
[2026-03-29T21:37:39.086+0000] {processor.py:161} INFO - Started process (PID=762) to work on /home/airflow/.local/lib/python3.12/site-packages/airflow/example_dags/tutorial.py
[2026-03-29T21:37:39.087+0000] {processor.py:830} INFO - Processing file /home/airflow/.local/lib/python3.12/site-packages/airflow/example_dags/tutorial.py for tasks to queue
[2026-03-29T21:37:39.088+0000] {logging_mixin.py:188} INFO - [2026-03-29T21:37:39.088+0000] {dagbag.py:545} INFO - Filling up the DagBag from /home/airflow/.local/lib/python3.12/site-packages/airflow/example_dags/tutorial.py
[2026-03-29T21:37:39.092+0000] {processor.py:840} INFO - DAG(s) 'tutorial' retrieved from /home/airflow/.local/lib/python3.12/site-packages/airflow/example_dags/tutorial.py
[2026-03-29T21:37:39.106+0000] {logging_mixin.py:188} INFO - [2026-03-29T21:37:39.106+0000] {dag.py:3089} INFO - Sync 1 DAGs
[2026-03-29T21:37:39.127+0000] {logging_mixin.py:188} INFO - [2026-03-29T21:37:39.127+0000] {dag.py:3947} INFO - Setting next_dagrun for tutorial to 2026-03-28 00:00:00+00:00, run_after=2026-03-29 00:00:00+00:00
[2026-03-29T21:37:39.140+0000] {processor.py:183} INFO - Processing /home/airflow/.local/lib/python3.12/site-packages/airflow/example_dags/tutorial.py took 0.058 seconds
[2026-03-29T21:38:09.728+0000] {processor.py:161} INFO - Started process (PID=814) to work on /home/airflow/.local/lib/python3.12/site-packages/airflow/example_dags/tutorial.py
[2026-03-29T21:38:09.729+0000] {processor.py:830} INFO - Processing file /home/airflow/.local/lib/python3.12/site-packages/airflow/example_dags/tutorial.py for tasks to queue
[2026-03-29T21:38:09.730+0000] {logging_mixin.py:188} INFO - [2026-03-29T21:38:09.730+0000] {dagbag.py:545} INFO - Filling up the DagBag from /home/airflow/.local/lib/python3.12/site-packages/airflow/example_dags/tutorial.py
[2026-03-29T21:38:09.735+0000] {processor.py:840} INFO - DAG(s) 'tutorial' retrieved from /home/airflow/.local/lib/python3.12/site-packages/airflow/example_dags/tutorial.py
[2026-03-29T21:38:09.753+0000] {logging_mixin.py:188} INFO - [2026-03-29T21:38:09.752+0000] {dag.py:3089} INFO - Sync 1 DAGs
[2026-03-29T21:38:09.795+0000] {logging_mixin.py:188} INFO - [2026-03-29T21:38:09.794+0000] {dag.py:3947} INFO - Setting next_dagrun for tutorial to 2026-03-28 00:00:00+00:00, run_after=2026-03-29 00:00:00+00:00
[2026-03-29T21:38:09.813+0000] {processor.py:183} INFO - Processing /home/airflow/.local/lib/python3.12/site-packages/airflow/example_dags/tutorial.py took 0.089 seconds
[2026-03-29T21:38:40.371+0000] {processor.py:161} INFO - Started process (PID=866) to work on /home/airflow/.local/lib/python3.12/site-packages/airflow/example_dags/tutorial.py
[2026-03-29T21:38:40.372+0000] {processor.py:830} INFO - Processing file /home/airflow/.local/lib/python3.12/site-packages/airflow/example_dags/tutorial.py for tasks to queue
[2026-03-29T21:38:40.373+0000] {logging_mixin.py:188} INFO - [2026-03-29T21:38:40.373+0000] {dagbag.py:545} INFO - Filling up the DagBag from /home/airflow/.local/lib/python3.12/site-packages/airflow/example_dags/tutorial.py
[2026-03-29T21:38:40.378+0000] {processor.py:840} INFO - DAG(s) 'tutorial' retrieved from /home/airflow/.local/lib/python3.12/site-packages/airflow/example_dags/tutorial.py
[2026-03-29T21:38:40.392+0000] {logging_mixin.py:188} INFO - [2026-03-29T21:38:40.392+0000] {dag.py:3089} INFO - Sync 1 DAGs
[2026-03-29T21:38:40.409+0000] {logging_mixin.py:188} INFO - [2026-03-29T21:38:40.409+0000] {dag.py:3947} INFO - Setting next_dagrun for tutorial to 2026-03-28 00:00:00+00:00, run_after=2026-03-29 00:00:00+00:00
[2026-03-29T21:38:40.422+0000] {processor.py:183} INFO - Processing /home/airflow/.local/lib/python3.12/site-packages/airflow/example_dags/tutorial.py took 0.056 seconds
[2026-03-29T21:39:10.771+0000] {processor.py:161} INFO - Started process (PID=918) to work on /home/airflow/.local/lib/python3.12/site-packages/airflow/example_dags/tutorial.py
[2026-03-29T21:39:10.772+0000] {processor.py:830} INFO - Processing file /home/airflow/.local/lib/python3.12/site-packages/airflow/example_dags/tutorial.py for tasks to queue
[2026-03-29T21:39:10.773+0000] {logging_mixin.py:188} INFO - [2026-03-29T21:39:10.773+0000] {dagbag.py:545} INFO - Filling up the DagBag from /home/airflow/.local/lib/python3.12/site-packages/airflow/example_dags/tutorial.py
[2026-03-29T21:39:10.778+0000] {processor.py:840} INFO - DAG(s) 'tutorial' retrieved from /home/airflow/.local/lib/python3.12/site-packages/airflow/example_dags/tutorial.py
[2026-03-29T21:39:10.793+0000] {logging_mixin.py:188} INFO - [2026-03-29T21:39:10.793+0000] {dag.py:3089} INFO - Sync 1 DAGs
[2026-03-29T21:39:10.807+0000] {logging_mixin.py:188} INFO - [2026-03-29T21:39:10.807+0000] {dag.py:3947} INFO - Setting next_dagrun for tutorial to 2026-03-28 00:00:00+00:00, run_after=2026-03-29 00:00:00+00:00
[2026-03-29T21:39:10.820+0000] {processor.py:183} INFO - Processing /home/airflow/.local/lib/python3.12/site-packages/airflow/example_dags/tutorial.py took 0.054 seconds
[2026-03-29T21:39:40.956+0000] {processor.py:161} INFO - Started process (PID=970) to work on /home/airflow/.local/lib/python3.12/site-packages/airflow/example_dags/tutorial.py
[2026-03-29T21:39:40.957+0000] {processor.py:830} INFO - Processing file /home/airflow/.local/lib/python3.12/site-packages/airflow/example_dags/tutorial.py for tasks to queue
[2026-03-29T21:39:40.959+0000] {logging_mixin.py:188} INFO - [2026-03-29T21:39:40.959+0000] {dagbag.py:545} INFO - Filling up the DagBag from /home/airflow/.local/lib/python3.12/site-packages/airflow/example_dags/tutorial.py
[2026-03-29T21:39:40.964+0000] {processor.py:840} INFO - DAG(s) 'tutorial' retrieved from /home/airflow/.local/lib/python3.12/site-packages/airflow/example_dags/tutorial.py
[2026-03-29T21:39:40.979+0000] {logging_mixin.py:188} INFO - [2026-03-29T21:39:40.978+0000] {dag.py:3089} INFO - Sync 1 DAGs
[2026-03-29T21:39:40.995+0000] {logging_mixin.py:188} INFO - [2026-03-29T21:39:40.994+0000] {dag.py:3947} INFO - Setting next_dagrun for tutorial to 2026-03-28 00:00:00+00:00, run_after=2026-03-29 00:00:00+00:00
[2026-03-29T21:39:41.007+0000] {processor.py:183} INFO - Processing /home/airflow/.local/lib/python3.12/site-packages/airflow/example_dags/tutorial.py took 0.057 seconds
[2026-03-29T21:40:11.852+0000] {processor.py:161} INFO - Started process (PID=1022) to work on /home/airflow/.local/lib/python3.12/site-packages/airflow/example_dags/tutorial.py
[2026-03-29T21:40:11.852+0000] {processor.py:830} INFO - Processing file /home/airflow/.local/lib/python3.12/site-packages/airflow/example_dags/tutorial.py for tasks to queue
[2026-03-29T21:40:11.854+0000] {logging_mixin.py:188} INFO - [2026-03-29T21:40:11.853+0000] {dagbag.py:545} INFO - Filling up the DagBag from /home/airflow/.local/lib/python3.12/site-packages/airflow/example_dags/tutorial.py
[2026-03-29T21:40:11.858+0000] {processor.py:840} INFO - DAG(s) 'tutorial' retrieved from /home/airflow/.local/lib/python3.12/site-packages/airflow/example_dags/tutorial.py
[2026-03-29T21:40:11.871+0000] {logging_mixin.py:188} INFO - [2026-03-29T21:40:11.871+0000] {dag.py:3089} INFO - Sync 1 DAGs
[2026-03-29T21:40:11.889+0000] {logging_mixin.py:188} INFO - [2026-03-29T21:40:11.889+0000] {dag.py:3947} INFO - Setting next_dagrun for tutorial to 2026-03-28 00:00:00+00:00, run_after=2026-03-29 00:00:00+00:00
[2026-03-29T21:40:11.903+0000] {processor.py:183} INFO - Processing /home/airflow/.local/lib/python3.12/site-packages/airflow/example_dags/tutorial.py took 0.056 seconds
[2026-03-29T21:40:43.079+0000] {processor.py:161} INFO - Started process (PID=1074) to work on /home/airflow/.local/lib/python3.12/site-packages/airflow/example_dags/tutorial.py
[2026-03-29T21:40:43.080+0000] {processor.py:830} INFO - Processing file /home/airflow/.local/lib/python3.12/site-packages/airflow/example_dags/tutorial.py for tasks to queue
[2026-03-29T21:40:43.082+0000] {logging_mixin.py:188} INFO - [2026-03-29T21:40:43.082+0000] {dagbag.py:545} INFO - Filling up the DagBag from /home/airflow/.local/lib/python3.12/site-packages/airflow/example_dags/tutorial.py
[2026-03-29T21:40:43.088+0000] {processor.py:840} INFO - DAG(s) 'tutorial' retrieved from /home/airflow/.local/lib/python3.12/site-packages/airflow/example_dags/tutorial.py
[2026-03-29T21:40:43.110+0000] {logging_mixin.py:188} INFO - [2026-03-29T21:40:43.110+0000] {dag.py:3089} INFO - Sync 1 DAGs
[2026-03-29T21:40:43.139+0000] {logging_mixin.py:188} INFO - [2026-03-29T21:40:43.138+0000] {dag.py:3947} INFO - Setting next_dagrun for tutorial to 2026-03-28 00:00:00+00:00, run_after=2026-03-29 00:00:00+00:00
[2026-03-29T21:40:43.158+0000] {processor.py:183} INFO - Processing /home/airflow/.local/lib/python3.12/site-packages/airflow/example_dags/tutorial.py took 0.085 seconds
[2026-03-29T21:41:13.903+0000] {processor.py:161} INFO - Started process (PID=1126) to work on /home/airflow/.local/lib/python3.12/site-packages/airflow/example_dags/tutorial.py
[2026-03-29T21:41:13.904+0000] {processor.py:830} INFO - Processing file /home/airflow/.local/lib/python3.12/site-packages/airflow/example_dags/tutorial.py for tasks to queue
[2026-03-29T21:41:13.905+0000] {logging_mixin.py:188} INFO - [2026-03-29T21:41:13.905+0000] {dagbag.py:545} INFO - Filling up the DagBag from /home/airflow/.local/lib/python3.12/site-packages/airflow/example_dags/tutorial.py
[2026-03-29T21:41:13.910+0000] {processor.py:840} INFO - DAG(s) 'tutorial' retrieved from /home/airflow/.local/lib/python3.12/site-packages/airflow/example_dags/tutorial.py
[2026-03-29T21:41:13.932+0000] {logging_mixin.py:188} INFO - [2026-03-29T21:41:13.931+0000] {dag.py:3089} INFO - Sync 1 DAGs
[2026-03-29T21:41:13.949+0000] {logging_mixin.py:188} INFO - [2026-03-29T21:41:13.949+0000] {dag.py:3947} INFO - Setting next_dagrun for tutorial to 2026-03-28 00:00:00+00:00, run_after=2026-03-29 00:00:00+00:00
[2026-03-29T21:41:13.965+0000] {processor.py:183} INFO - Processing /home/airflow/.local/lib/python3.12/site-packages/airflow/example_dags/tutorial.py took 0.068 seconds
[2026-03-29T21:41:44.572+0000] {processor.py:161} INFO - Started process (PID=1178) to work on /home/airflow/.local/lib/python3.12/site-packages/airflow/example_dags/tutorial.py
[2026-03-29T21:41:44.573+0000] {processor.py:830} INFO - Processing file /home/airflow/.local/lib/python3.12/site-packages/airflow/example_dags/tutorial.py for tasks to queue
[2026-03-29T21:41:44.574+0000] {logging_mixin.py:188} INFO - [2026-03-29T21:41:44.574+0000] {dagbag.py:545} INFO - Filling up the DagBag from /home/airflow/.local/lib/python3.12/site-packages/airflow/example_dags/tutorial.py
[2026-03-29T21:41:44.581+0000] {processor.py:840} INFO - DAG(s) 'tutorial' retrieved from /home/airflow/.local/lib/python3.12/site-packages/airflow/example_dags/tutorial.py
[2026-03-29T21:41:44.598+0000] {logging_mixin.py:188} INFO - [2026-03-29T21:41:44.598+0000] {dag.py:3089} INFO - Sync 1 DAGs
[2026-03-29T21:41:44.619+0000] {logging_mixin.py:188} INFO - [2026-03-29T21:41:44.619+0000] {dag.py:3947} INFO - Setting next_dagrun for tutorial to 2026-03-28 00:00:00+00:00, run_after=2026-03-29 00:00:00+00:00
[2026-03-29T21:41:44.638+0000] {processor.py:183} INFO - Processing /home/airflow/.local/lib/python3.12/site-packages/airflow/example_dags/tutorial.py took 0.071 seconds
[2026-03-29T21:42:14.813+0000] {processor.py:161} INFO - Started process (PID=1230) to work on /home/airflow/.local/lib/python3.12/site-packages/airflow/example_dags/tutorial.py
[2026-03-29T21:42:14.814+0000] {processor.py:830} INFO - Processing file /home/airflow/.local/lib/python3.12/site-packages/airflow/example_dags/tutorial.py for tasks to queue
[2026-03-29T21:42:14.815+0000] {logging_mixin.py:188} INFO - [2026-03-29T21:42:14.815+0000] {dagbag.py:545} INFO - Filling up the DagBag from /home/airflow/.local/lib/python3.12/site-packages/airflow/example_dags/tutorial.py
[2026-03-29T21:42:14.823+0000] {processor.py:840} INFO - DAG(s) 'tutorial' retrieved from /home/airflow/.local/lib/python3.12/site-packages/airflow/example_dags/tutorial.py
[2026-03-29T21:42:14.841+0000] {logging_mixin.py:188} INFO - [2026-03-29T21:42:14.841+0000] {dag.py:3089} INFO - Sync 1 DAGs
[2026-03-29T21:42:14.859+0000] {logging_mixin.py:188} INFO - [2026-03-29T21:42:14.859+0000] {dag.py:3947} INFO - Setting next_dagrun for tutorial to 2026-03-28 00:00:00+00:00, run_after=2026-03-29 00:00:00+00:00
[2026-03-29T21:42:14.877+0000] {processor.py:183} INFO - Processing /home/airflow/.local/lib/python3.12/site-packages/airflow/example_dags/tutorial.py took 0.069 seconds
[2026-03-29T21:42:45.209+0000] {processor.py:161} INFO - Started process (PID=1282) to work on /home/airflow/.local/lib/python3.12/site-packages/airflow/example_dags/tutorial.py
[2026-03-29T21:42:45.212+0000] {processor.py:830} INFO - Processing file /home/airflow/.local/lib/python3.12/site-packages/airflow/example_dags/tutorial.py for tasks to queue
[2026-03-29T21:42:45.214+0000] {logging_mixin.py:188} INFO - [2026-03-29T21:42:45.213+0000] {dagbag.py:545} INFO - Filling up the DagBag from /home/airflow/.local/lib/python3.12/site-packages/airflow/example_dags/tutorial.py
[2026-03-29T21:42:45.219+0000] {processor.py:840} INFO - DAG(s) 'tutorial' retrieved from /home/airflow/.local/lib/python3.12/site-packages/airflow/example_dags/tutorial.py
[2026-03-29T21:42:45.244+0000] {logging_mixin.py:188} INFO - [2026-03-29T21:42:45.242+0000] {dag.py:3089} INFO - Sync 1 DAGs
[2026-03-29T21:42:45.265+0000] {logging_mixin.py:188} INFO - [2026-03-29T21:42:45.265+0000] {dag.py:3947} INFO - Setting next_dagrun for tutorial to 2026-03-28 00:00:00+00:00, run_after=2026-03-29 00:00:00+00:00
[2026-03-29T21:42:45.285+0000] {processor.py:183} INFO - Processing /home/airflow/.local/lib/python3.12/site-packages/airflow/example_dags/tutorial.py took 0.081 seconds
[2026-03-29T21:43:15.445+0000] {processor.py:161} INFO - Started process (PID=1334) to work on /home/airflow/.local/lib/python3.12/site-packages/airflow/example_dags/tutorial.py
[2026-03-29T21:43:15.447+0000] {processor.py:830} INFO - Processing file /home/airflow/.local/lib/python3.12/site-packages/airflow/example_dags/tutorial.py for tasks to queue
[2026-03-29T21:43:15.450+0000] {logging_mixin.py:188} INFO - [2026-03-29T21:43:15.450+0000] {dagbag.py:545} INFO - Filling up the DagBag from /home/airflow/.local/lib/python3.12/site-packages/airflow/example_dags/tutorial.py
[2026-03-29T21:43:15.456+0000] {processor.py:840} INFO - DAG(s) 'tutorial' retrieved from /home/airflow/.local/lib/python3.12/site-packages/airflow/example_dags/tutorial.py
[2026-03-29T21:43:15.475+0000] {logging_mixin.py:188} INFO - [2026-03-29T21:43:15.475+0000] {dag.py:3089} INFO - Sync 1 DAGs
[2026-03-29T21:43:15.494+0000] {logging_mixin.py:188} INFO - [2026-03-29T21:43:15.494+0000] {dag.py:3947} INFO - Setting next_dagrun for tutorial to 2026-03-28 00:00:00+00:00, run_after=2026-03-29 00:00:00+00:00
[2026-03-29T21:43:15.512+0000] {processor.py:183} INFO - Processing /home/airflow/.local/lib/python3.12/site-packages/airflow/example_dags/tutorial.py took 0.071 seconds
[2026-03-29T21:43:46.038+0000] {processor.py:161} INFO - Started process (PID=1384) to work on /home/airflow/.local/lib/python3.12/site-packages/airflow/example_dags/tutorial.py
[2026-03-29T21:43:46.041+0000] {processor.py:830} INFO - Processing file /home/airflow/.local/lib/python3.12/site-packages/airflow/example_dags/tutorial.py for tasks to queue
[2026-03-29T21:43:46.043+0000] {logging_mixin.py:188} INFO - [2026-03-29T21:43:46.042+0000] {dagbag.py:545} INFO - Filling up the DagBag from /home/airflow/.local/lib/python3.12/site-packages/airflow/example_dags/tutorial.py
[2026-03-29T21:43:46.048+0000] {processor.py:840} INFO - DAG(s) 'tutorial' retrieved from /home/airflow/.local/lib/python3.12/site-packages/airflow/example_dags/tutorial.py
[2026-03-29T21:43:46.075+0000] {logging_mixin.py:188} INFO - [2026-03-29T21:43:46.074+0000] {dag.py:3089} INFO - Sync 1 DAGs
[2026-03-29T21:43:46.096+0000] {logging_mixin.py:188} INFO - [2026-03-29T21:43:46.096+0000] {dag.py:3947} INFO - Setting next_dagrun for tutorial to 2026-03-28 00:00:00+00:00, run_after=2026-03-29 00:00:00+00:00
[2026-03-29T21:43:46.116+0000] {processor.py:183} INFO - Processing /home/airflow/.local/lib/python3.12/site-packages/airflow/example_dags/tutorial.py took 0.089 seconds
[2026-03-29T21:44:16.254+0000] {processor.py:161} INFO - Started process (PID=1436) to work on /home/airflow/.local/lib/python3.12/site-packages/airflow/example_dags/tutorial.py
[2026-03-29T21:44:16.255+0000] {processor.py:830} INFO - Processing file /home/airflow/.local/lib/python3.12/site-packages/airflow/example_dags/tutorial.py for tasks to queue
[2026-03-29T21:44:16.256+0000] {logging_mixin.py:188} INFO - [2026-03-29T21:44:16.256+0000] {dagbag.py:545} INFO - Filling up the DagBag from /home/airflow/.local/lib/python3.12/site-packages/airflow/example_dags/tutorial.py
[2026-03-29T21:44:16.261+0000] {processor.py:840} INFO - DAG(s) 'tutorial' retrieved from /home/airflow/.local/lib/python3.12/site-packages/airflow/example_dags/tutorial.py
[2026-03-29T21:44:16.278+0000] {logging_mixin.py:188} INFO - [2026-03-29T21:44:16.278+0000] {dag.py:3089} INFO - Sync 1 DAGs
[2026-03-29T21:44:16.308+0000] {logging_mixin.py:188} INFO - [2026-03-29T21:44:16.308+0000] {dag.py:3947} INFO - Setting next_dagrun for tutorial to 2026-03-28 00:00:00+00:00, run_after=2026-03-29 00:00:00+00:00
[2026-03-29T21:44:16.332+0000] {processor.py:183} INFO - Processing /home/airflow/.local/lib/python3.12/site-packages/airflow/example_dags/tutorial.py took 0.084 seconds
[2026-03-29T21:44:47.651+0000] {processor.py:161} INFO - Started process (PID=1488) to work on /home/airflow/.local/lib/python3.12/site-packages/airflow/example_dags/tutorial.py
[2026-03-29T21:44:47.652+0000] {processor.py:830} INFO - Processing file /home/airflow/.local/lib/python3.12/site-packages/airflow/example_dags/tutorial.py for tasks to queue
[2026-03-29T21:44:47.653+0000] {logging_mixin.py:188} INFO - [2026-03-29T21:44:47.653+0000] {dagbag.py:545} INFO - Filling up the DagBag from /home/airflow/.local/lib/python3.12/site-packages/airflow/example_dags/tutorial.py
[2026-03-29T21:44:47.659+0000] {processor.py:840} INFO - DAG(s) 'tutorial' retrieved from /home/airflow/.local/lib/python3.12/site-packages/airflow/example_dags/tutorial.py
[2026-03-29T21:44:47.681+0000] {logging_mixin.py:188} INFO - [2026-03-29T21:44:47.681+0000] {dag.py:3089} INFO - Sync 1 DAGs
[2026-03-29T21:44:47.703+0000] {logging_mixin.py:188} INFO - [2026-03-29T21:44:47.703+0000] {dag.py:3947} INFO - Setting next_dagrun for tutorial to 2026-03-28 00:00:00+00:00, run_after=2026-03-29 00:00:00+00:00
[2026-03-29T21:44:47.723+0000] {processor.py:183} INFO - Processing /home/airflow/.local/lib/python3.12/site-packages/airflow/example_dags/tutorial.py took 0.077 seconds
[2026-03-29T21:45:18.781+0000] {processor.py:161} INFO - Started process (PID=1540) to work on /home/airflow/.local/lib/python3.12/site-packages/airflow/example_dags/tutorial.py
[2026-03-29T21:45:18.783+0000] {processor.py:830} INFO - Processing file /home/airflow/.local/lib/python3.12/site-packages/airflow/example_dags/tutorial.py for tasks to queue
[2026-03-29T21:45:18.784+0000] {logging_mixin.py:188} INFO - [2026-03-29T21:45:18.784+0000] {dagbag.py:545} INFO - Filling up the DagBag from /home/airflow/.local/lib/python3.12/site-packages/airflow/example_dags/tutorial.py
[2026-03-29T21:45:18.792+0000] {processor.py:840} INFO - DAG(s) 'tutorial' retrieved from /home/airflow/.local/lib/python3.12/site-packages/airflow/example_dags/tutorial.py
[2026-03-29T21:45:18.815+0000] {logging_mixin.py:188} INFO - [2026-03-29T21:45:18.815+0000] {dag.py:3089} INFO - Sync 1 DAGs
[2026-03-29T21:45:18.839+0000] {logging_mixin.py:188} INFO - [2026-03-29T21:45:18.839+0000] {dag.py:3947} INFO - Setting next_dagrun for tutorial to 2026-03-28 00:00:00+00:00, run_after=2026-03-29 00:00:00+00:00
[2026-03-29T21:45:18.859+0000] {processor.py:183} INFO - Processing /home/airflow/.local/lib/python3.12/site-packages/airflow/example_dags/tutorial.py took 0.092 seconds
[2026-03-29T21:45:49.859+0000] {processor.py:161} INFO - Started process (PID=1592) to work on /home/airflow/.local/lib/python3.12/site-packages/airflow/example_dags/tutorial.py
[2026-03-29T21:45:49.860+0000] {processor.py:830} INFO - Processing file /home/airflow/.local/lib/python3.12/site-packages/airflow/example_dags/tutorial.py for tasks to queue
[2026-03-29T21:45:49.862+0000] {logging_mixin.py:188} INFO - [2026-03-29T21:45:49.861+0000] {dagbag.py:545} INFO - Filling up the DagBag from /home/airflow/.local/lib/python3.12/site-packages/airflow/example_dags/tutorial.py
[2026-03-29T21:45:49.866+0000] {processor.py:840} INFO - DAG(s) 'tutorial' retrieved from /home/airflow/.local/lib/python3.12/site-packages/airflow/example_dags/tutorial.py
[2026-03-29T21:45:49.885+0000] {logging_mixin.py:188} INFO - [2026-03-29T21:45:49.885+0000] {dag.py:3089} INFO - Sync 1 DAGs
[2026-03-29T21:45:49.905+0000] {logging_mixin.py:188} INFO - [2026-03-29T21:45:49.904+0000] {dag.py:3947} INFO - Setting next_dagrun for tutorial to 2026-03-28 00:00:00+00:00, run_after=2026-03-29 00:00:00+00:00
[2026-03-29T21:45:49.928+0000] {processor.py:183} INFO - Processing /home/airflow/.local/lib/python3.12/site-packages/airflow/example_dags/tutorial.py took 0.074 seconds
[2026-03-29T21:46:21.062+0000] {processor.py:161} INFO - Started process (PID=1644) to work on /home/airflow/.local/lib/python3.12/site-packages/airflow/example_dags/tutorial.py
[2026-03-29T21:46:21.063+0000] {processor.py:830} INFO - Processing file /home/airflow/.local/lib/python3.12/site-packages/airflow/example_dags/tutorial.py for tasks to queue
[2026-03-29T21:46:21.064+0000] {logging_mixin.py:188} INFO - [2026-03-29T21:46:21.064+0000] {dagbag.py:545} INFO - Filling up the DagBag from /home/airflow/.local/lib/python3.12/site-packages/airflow/example_dags/tutorial.py
[2026-03-29T21:46:21.069+0000] {processor.py:840} INFO - DAG(s) 'tutorial' retrieved from /home/airflow/.local/lib/python3.12/site-packages/airflow/example_dags/tutorial.py
[2026-03-29T21:46:21.093+0000] {logging_mixin.py:188} INFO - [2026-03-29T21:46:21.092+0000] {dag.py:3089} INFO - Sync 1 DAGs
[2026-03-29T21:46:21.111+0000] {logging_mixin.py:188} INFO - [2026-03-29T21:46:21.111+0000] {dag.py:3947} INFO - Setting next_dagrun for tutorial to 2026-03-28 00:00:00+00:00, run_after=2026-03-29 00:00:00+00:00
[2026-03-29T21:46:21.139+0000] {processor.py:183} INFO - Processing /home/airflow/.local/lib/python3.12/site-packages/airflow/example_dags/tutorial.py took 0.082 seconds
[2026-03-29T21:46:52.608+0000] {processor.py:161} INFO - Started process (PID=1696) to work on /home/airflow/.local/lib/python3.12/site-packages/airflow/example_dags/tutorial.py
[2026-03-29T21:46:52.610+0000] {processor.py:830} INFO - Processing file /home/airflow/.local/lib/python3.12/site-packages/airflow/example_dags/tutorial.py for tasks to queue
[2026-03-29T21:46:52.611+0000] {logging_mixin.py:188} INFO - [2026-03-29T21:46:52.611+0000] {dagbag.py:545} INFO - Filling up the DagBag from /home/airflow/.local/lib/python3.12/site-packages/airflow/example_dags/tutorial.py
[2026-03-29T21:46:52.616+0000] {processor.py:840} INFO - DAG(s) 'tutorial' retrieved from /home/airflow/.local/lib/python3.12/site-packages/airflow/example_dags/tutorial.py
[2026-03-29T21:46:52.631+0000] {logging_mixin.py:188} INFO - [2026-03-29T21:46:52.631+0000] {dag.py:3089} INFO - Sync 1 DAGs
[2026-03-29T21:46:52.655+0000] {logging_mixin.py:188} INFO - [2026-03-29T21:46:52.655+0000] {dag.py:3947} INFO - Setting next_dagrun for tutorial to 2026-03-28 00:00:00+00:00, run_after=2026-03-29 00:00:00+00:00
[2026-03-29T21:46:52.798+0000] {processor.py:183} INFO - Processing /home/airflow/.local/lib/python3.12/site-packages/airflow/example_dags/tutorial.py took 0.197 seconds
[2026-03-29T21:47:23.288+0000] {processor.py:161} INFO - Started process (PID=1748) to work on /home/airflow/.local/lib/python3.12/site-packages/airflow/example_dags/tutorial.py
[2026-03-29T21:47:23.289+0000] {processor.py:830} INFO - Processing file /home/airflow/.local/lib/python3.12/site-packages/airflow/example_dags/tutorial.py for tasks to queue
[2026-03-29T21:47:23.291+0000] {logging_mixin.py:188} INFO - [2026-03-29T21:47:23.290+0000] {dagbag.py:545} INFO - Filling up the DagBag from /home/airflow/.local/lib/python3.12/site-packages/airflow/example_dags/tutorial.py
[2026-03-29T21:47:23.295+0000] {processor.py:840} INFO - DAG(s) 'tutorial' retrieved from /home/airflow/.local/lib/python3.12/site-packages/airflow/example_dags/tutorial.py
[2026-03-29T21:47:23.308+0000] {logging_mixin.py:188} INFO - [2026-03-29T21:47:23.308+0000] {dag.py:3089} INFO - Sync 1 DAGs
[2026-03-29T21:47:23.321+0000] {logging_mixin.py:188} INFO - [2026-03-29T21:47:23.321+0000] {dag.py:3947} INFO - Setting next_dagrun for tutorial to 2026-03-28 00:00:00+00:00, run_after=2026-03-29 00:00:00+00:00
[2026-03-29T21:47:23.333+0000] {processor.py:183} INFO - Processing /home/airflow/.local/lib/python3.12/site-packages/airflow/example_dags/tutorial.py took 0.049 seconds
[2026-03-29T21:47:54.406+0000] {processor.py:161} INFO - Started process (PID=1800) to work on /home/airflow/.local/lib/python3.12/site-packages/airflow/example_dags/tutorial.py
[2026-03-29T21:47:54.407+0000] {processor.py:830} INFO - Processing file /home/airflow/.local/lib/python3.12/site-packages/airflow/example_dags/tutorial.py for tasks to queue
[2026-03-29T21:47:54.408+0000] {logging_mixin.py:188} INFO - [2026-03-29T21:47:54.408+0000] {dagbag.py:545} INFO - Filling up the DagBag from /home/airflow/.local/lib/python3.12/site-packages/airflow/example_dags/tutorial.py
[2026-03-29T21:47:54.413+0000] {processor.py:840} INFO - DAG(s) 'tutorial' retrieved from /home/airflow/.local/lib/python3.12/site-packages/airflow/example_dags/tutorial.py
[2026-03-29T21:47:54.435+0000] {logging_mixin.py:188} INFO - [2026-03-29T21:47:54.434+0000] {dag.py:3089} INFO - Sync 1 DAGs
[2026-03-29T21:47:54.457+0000] {logging_mixin.py:188} INFO - [2026-03-29T21:47:54.457+0000] {dag.py:3947} INFO - Setting next_dagrun for tutorial to 2026-03-28 00:00:00+00:00, run_after=2026-03-29 00:00:00+00:00
[2026-03-29T21:47:54.476+0000] {processor.py:183} INFO - Processing /home/airflow/.local/lib/python3.12/site-packages/airflow/example_dags/tutorial.py took 0.076 seconds
[2026-03-29T21:48:25.218+0000] {processor.py:161} INFO - Started process (PID=1852) to work on /home/airflow/.local/lib/python3.12/site-packages/airflow/example_dags/tutorial.py
[2026-03-29T21:48:25.220+0000] {processor.py:830} INFO - Processing file /home/airflow/.local/lib/python3.12/site-packages/airflow/example_dags/tutorial.py for tasks to queue
[2026-03-29T21:48:25.222+0000] {logging_mixin.py:188} INFO - [2026-03-29T21:48:25.222+0000] {dagbag.py:545} INFO - Filling up the DagBag from /home/airflow/.local/lib/python3.12/site-packages/airflow/example_dags/tutorial.py
[2026-03-29T21:48:25.228+0000] {processor.py:840} INFO - DAG(s) 'tutorial' retrieved from /home/airflow/.local/lib/python3.12/site-packages/airflow/example_dags/tutorial.py
[2026-03-29T21:48:25.244+0000] {logging_mixin.py:188} INFO - [2026-03-29T21:48:25.243+0000] {dag.py:3089} INFO - Sync 1 DAGs
[2026-03-29T21:48:25.261+0000] {logging_mixin.py:188} INFO - [2026-03-29T21:48:25.261+0000] {dag.py:3947} INFO - Setting next_dagrun for tutorial to 2026-03-28 00:00:00+00:00, run_after=2026-03-29 00:00:00+00:00
[2026-03-29T21:48:25.277+0000] {processor.py:183} INFO - Processing /home/airflow/.local/lib/python3.12/site-packages/airflow/example_dags/tutorial.py took 0.064 seconds
[2026-03-29T21:48:57.557+0000] {processor.py:161} INFO - Started process (PID=1904) to work on /home/airflow/.local/lib/python3.12/site-packages/airflow/example_dags/tutorial.py
[2026-03-29T21:48:57.560+0000] {processor.py:830} INFO - Processing file /home/airflow/.local/lib/python3.12/site-packages/airflow/example_dags/tutorial.py for tasks to queue
[2026-03-29T21:48:57.562+0000] {logging_mixin.py:188} INFO - [2026-03-29T21:48:57.562+0000] {dagbag.py:545} INFO - Filling up the DagBag from /home/airflow/.local/lib/python3.12/site-packages/airflow/example_dags/tutorial.py
[2026-03-29T21:48:57.570+0000] {processor.py:840} INFO - DAG(s) 'tutorial' retrieved from /home/airflow/.local/lib/python3.12/site-packages/airflow/example_dags/tutorial.py
[2026-03-29T21:48:57.601+0000] {logging_mixin.py:188} INFO - [2026-03-29T21:48:57.601+0000] {dag.py:3089} INFO - Sync 1 DAGs
[2026-03-29T21:48:57.749+0000] {logging_mixin.py:188} INFO - [2026-03-29T21:48:57.749+0000] {dag.py:3947} INFO - Setting next_dagrun for tutorial to 2026-03-28 00:00:00+00:00, run_after=2026-03-29 00:00:00+00:00
[2026-03-29T21:48:57.765+0000] {processor.py:183} INFO - Processing /home/airflow/.local/lib/python3.12/site-packages/airflow/example_dags/tutorial.py took 0.218 seconds
[2026-03-29T21:49:28.065+0000] {processor.py:161} INFO - Started process (PID=1956) to work on /home/airflow/.local/lib/python3.12/site-packages/airflow/example_dags/tutorial.py
[2026-03-29T21:49:28.066+0000] {processor.py:830} INFO - Processing file /home/airflow/.local/lib/python3.12/site-packages/airflow/example_dags/tutorial.py for tasks to queue
[2026-03-29T21:49:28.067+0000] {logging_mixin.py:188} INFO - [2026-03-29T21:49:28.067+0000] {dagbag.py:545} INFO - Filling up the DagBag from /home/airflow/.local/lib/python3.12/site-packages/airflow/example_dags/tutorial.py
[2026-03-29T21:49:28.072+0000] {processor.py:840} INFO - DAG(s) 'tutorial' retrieved from /home/airflow/.local/lib/python3.12/site-packages/airflow/example_dags/tutorial.py
[2026-03-29T21:49:28.086+0000] {logging_mixin.py:188} INFO - [2026-03-29T21:49:28.086+0000] {dag.py:3089} INFO - Sync 1 DAGs
[2026-03-29T21:49:28.205+0000] {logging_mixin.py:188} INFO - [2026-03-29T21:49:28.205+0000] {dag.py:3947} INFO - Setting next_dagrun for tutorial to 2026-03-28 00:00:00+00:00, run_after=2026-03-29 00:00:00+00:00
[2026-03-29T21:49:28.216+0000] {processor.py:183} INFO - Processing /home/airflow/.local/lib/python3.12/site-packages/airflow/example_dags/tutorial.py took 0.157 seconds
